
================================================================================
Batch test start (Gurobi)
================================================================================
Test input dir: /root/placement/MPDAP/benchmark/test_input
Output base dir: /root/placement/MPDAP/output_gurobi_EMIB_chiplet_5_6_01_23
Found 1 test file(s)
Files to process: cpu-dram.json
================================================================================


[1/1] Processing: cpu-dram.json
  Core name: cpu-dram_core
  Log dir: /root/placement/MPDAP/output_gurobi_EMIB_chiplet_5_6_01_23/log/cpu-dram_core
  LP dir: /root/placement/MPDAP/output_gurobi_EMIB_chiplet_5_6_01_23/lp/cpu-dram_core
  Fig dir: /root/placement/MPDAP/output_gurobi_EMIB_chiplet_5_6_01_23/fig/cpu-dram_core
  Placement file: /root/placement/MPDAP/output_gurobi_EMIB_chiplet_5_6_01_23/placement/cpu-dram.json
  Removing old output dir: /root/placement/MPDAP/output_gurobi_EMIB_chiplet_5_6_01_23/log/cpu-dram_core
  Removing old output dir: /root/placement/MPDAP/output_gurobi_EMIB_chiplet_5_6_01_23/lp/cpu-dram_core
  Removing old output dir: /root/placement/MPDAP/output_gurobi_EMIB_chiplet_5_6_01_23/fig/cpu-dram_core
2026-07-01 15:59:22 - INFO - Calling EMIB solver (Gurobi)...
node 0 w: 8.25, h: 9.0
node 1 w: 8.25, h: 9.0
node 2 w: 8.25, h: 9.0
node 3 w: 8.25, h: 9.0
node 4 w: 8.75, h: 8.75
node 5 w: 8.75, h: 8.75
node 6 w: 8.75, h: 8.75
node 7 w: 8.75, h: 8.75
  (A,B): node1=A, node2=B, wireCount=256, EMIBType=interfaceB, EMIB_length=0.8533, EMIB_max_width=3.0, width=2.0, height=0.8533, bump_width=1.0000
  (A,D): node1=A, node2=D, wireCount=256, EMIBType=interfaceB, EMIB_length=0.8533, EMIB_max_width=3.0, width=2.0, height=0.8533, bump_width=1.0000
  (A,E): node1=A, node2=E, wireCount=1024, EMIBType=interfaceB, EMIB_length=3.4133, EMIB_max_width=3.0, width=2.0, height=3.4133, bump_width=1.0000
  (B,C): node1=B, node2=C, wireCount=256, EMIBType=interfaceB, EMIB_length=0.8533, EMIB_max_width=3.0, width=2.0, height=0.8533, bump_width=1.0000
  (B,F): node1=B, node2=F, wireCount=1024, EMIBType=interfaceB, EMIB_length=3.4133, EMIB_max_width=3.0, width=2.0, height=3.4133, bump_width=1.0000
  (C,D): node1=C, node2=D, wireCount=256, EMIBType=interfaceB, EMIB_length=0.8533, EMIB_max_width=3.0, width=2.0, height=0.8533, bump_width=1.0000
  (C,G): node1=C, node2=G, wireCount=1024, EMIBType=interfaceB, EMIB_length=3.4133, EMIB_max_width=3.0, width=2.0, height=3.4133, bump_width=1.0000
  (D,H): node1=D, node2=H, wireCount=1024, EMIBType=interfaceB, EMIB_length=3.4133, EMIB_max_width=3.0, width=2.0, height=3.4133, bump_width=1.0000
  (0,1): [A, B, 256, interfaceB, 0.8533, 3.0]
  (0,3): [A, D, 256, interfaceB, 0.8533, 3.0]
  (0,4): [A, E, 1024, interfaceB, 3.4133, 3.0]
  (1,2): [B, C, 256, interfaceB, 0.8533, 3.0]
  (1,5): [B, F, 1024, interfaceB, 3.4133, 3.0]
  (2,3): [C, D, 256, interfaceB, 0.8533, 3.0]
  (2,6): [C, G, 1024, interfaceB, 3.4133, 3.0]
  (3,7): [D, H, 1024, interfaceB, 3.4133, 3.0]
Set parameter Username
2026-07-01 15:59:22 - INFO - Set parameter Username
Set parameter LicenseID to value 2840060
2026-07-01 15:59:22 - INFO - Set parameter LicenseID to value 2840060
Academic license - for non-commercial use only - expires 2027-07-01
2026-07-01 15:59:22 - INFO - Academic license - for non-commercial use only - expires 2027-07-01
EMIB_w_var: {(0, 1): <gurobi.Var *Awaiting Model Update*>, (0, 3): <gurobi.Var *Awaiting Model Update*>, (0, 4): <gurobi.Var *Awaiting Model Update*>, (1, 2): <gurobi.Var *Awaiting Model Update*>, (1, 5): <gurobi.Var *Awaiting Model Update*>, (2, 3): <gurobi.Var *Awaiting Model Update*>, (2, 6): <gurobi.Var *Awaiting Model Update*>, (3, 7): <gurobi.Var *Awaiting Model Update*>}
EMIB_h_var: {(0, 1): <gurobi.Var *Awaiting Model Update*>, (0, 3): <gurobi.Var *Awaiting Model Update*>, (0, 4): <gurobi.Var *Awaiting Model Update*>, (1, 2): <gurobi.Var *Awaiting Model Update*>, (1, 5): <gurobi.Var *Awaiting Model Update*>, (2, 3): <gurobi.Var *Awaiting Model Update*>, (2, 6): <gurobi.Var *Awaiting Model Update*>, (3, 7): <gurobi.Var *Awaiting Model Update*>}
EMIB_connected_pairs: {(0, 1): EMIBNode(node1='A', node2='B', wireCount=256, EMIBType='interfaceB', EMIB_length=0.8533, EMIB_bump_width=1.0, EMIB_max_width=3.0, width=2.0, height=0.8533), (0, 3): EMIBNode(node1='A', node2='D', wireCount=256, EMIBType='interfaceB', EMIB_length=0.8533, EMIB_bump_width=1.0, EMIB_max_width=3.0, width=2.0, height=0.8533), (0, 4): EMIBNode(node1='A', node2='E', wireCount=1024, EMIBType='interfaceB', EMIB_length=3.4133, EMIB_bump_width=1.0, EMIB_max_width=3.0, width=2.0, height=3.4133), (1, 2): EMIBNode(node1='B', node2='C', wireCount=256, EMIBType='interfaceB', EMIB_length=0.8533, EMIB_bump_width=1.0, EMIB_max_width=3.0, width=2.0, height=0.8533), (1, 5): EMIBNode(node1='B', node2='F', wireCount=1024, EMIBType='interfaceB', EMIB_length=3.4133, EMIB_bump_width=1.0, EMIB_max_width=3.0, width=2.0, height=3.4133), (2, 3): EMIBNode(node1='C', node2='D', wireCount=256, EMIBType='interfaceB', EMIB_length=0.8533, EMIB_bump_width=1.0, EMIB_max_width=3.0, width=2.0, height=0.8533), (2, 6): EMIBNode(node1='C', node2='G', wireCount=1024, EMIBType='interfaceB', EMIB_length=3.4133, EMIB_bump_width=1.0, EMIB_max_width=3.0, width=2.0, height=3.4133), (3, 7): EMIBNode(node1='D', node2='H', wireCount=1024, EMIBType='interfaceB', EMIB_length=3.4133, EMIB_bump_width=1.0, EMIB_max_width=3.0, width=2.0, height=3.4133)}
[POWER_AWARE] Mutual Distancing: ENABLED
[POWER_AWARE] Central Avoidance: ENABLED
[POWER_AWARE] Power Aware Optimization: ENABLED
[POWER_AWARE] Selected high-power chiplets: 4 (density threshold: 2.0202020202020203)
[POWER_AWARE] High-power chiplet indices: [0, 1, 2, 3]
[POWER_AWARE] Mutual Distancing: Creating constraints for 4 high-power chiplets
[POWER_AWARE] Mutual Distancing: Added distance constraints for all high-power pairs
[POWER_AWARE] Central Avoidance: Creating away-from-center constraints for 4 high-power chiplets
[DEBUG] chiplet 0 in top 30% power density, add away-from-center constraint
[DEBUG] chiplet 1 in top 30% power density, add away-from-center constraint
[DEBUG] chiplet 2 in top 30% power density, add away-from-center constraint
[DEBUG] chiplet 3 in top 30% power density, add away-from-center constraint
[POWER_AWARE] Central Avoidance: Added away-from-center constraints for 4 high-power chiplets
[DEBUG] L_avg: 24.561148181630273
[DEBUG] total_area: 603.25
[POWER_AWARE] Normalization factor calculation:
[POWER_AWARE]   - High-power chiplets: 4
[POWER_AWARE]   - Mutual Distancing enabled: True
[POWER_AWARE]   - Central Avoidance enabled: True
[POWER_AWARE]   - pair_sum (MD): 1.350000e+05
[POWER_AWARE]   - self_sum (CA): 9.000000e+04
[POWER_AWARE]   - total_sum (pair + self): 2.250000e+05
[POWER_AWARE]   - ref_power: 2.763129e+06
[DEBUG] ref_wirelength: 62876.5393449735
[DEBUG] ref_t: 49.122296363260546
[DEBUG] ref_power: 2763129.170433406
[DEBUG] ref_aspect: 3.0

================================================================================
[OBJECTIVE FUNCTION DETAILS]
================================================================================

[Normalization Reference Values]
  ref_wirelength: 6.287654e+04
  ref_t (area proxy): 4.912230e+01
  ref_power: 2.763129e+06
  ref_aspect: 3.000000e+00

[Beta Weights]
  beta_wire: 5.000000e+00
  beta_area: 6.000000e+00
  beta_aspect: 1.000000e-01
  beta_power: 2.300000e+00

[Objective Function Components]
  1. Wirelength term:
     norm_wirelength = wirelength / ref_wirelength
     contribution = beta_wire * norm_wirelength = 5.0 * norm_wirelength
  2. Area term:
     norm_t = t / ref_t
     contribution = beta_area * norm_t = 6.0 * norm_t
  3. Aspect Ratio term:
     norm_aspect = aspect_ratio_penalty / ref_aspect
     contribution = beta_aspect * norm_aspect = 0.1 * norm_aspect
  4. Power Awareness term:
     norm_power = power_aware_penalty / ref_power
     contribution = - beta_power * norm_power = - 2.3 * norm_power

[Objective Function Formula]
  minimize: 5.0 * wirelength/ref_wirelength
          + 6.0 * t/ref_t
          + 0.1 * aspect_ratio_penalty/ref_aspect
          - 2.3 * power_aware_penalty/ref_power
================================================================================


[EMIB] ILP Model construction completed. Analyzing model structure...
================================================================================
ILP MODEL ANALYSIS REPORT - Chiplet Placement ILP (Construction Complete)
Generated: 2026-07-01 15:59:22
================================================================================

[MODEL STRUCTURE]
  Constraints (rows):                      0
  Variables (columns):                     0
  Non-zero elements:                       0
  Objective coefficients:                  0

[VARIABLE TYPES]
  Continuous:                              0
  Integer:                                 0
  Binary:                                  0

[CONSTRAINT TYPES]

[COEFFICIENT STATISTICS]

[SOLVE STATISTICS]
  Status:                    Unknown(1)
  Solve time (s):                       0.00
  Solutions found:                         0
  Nodes explored:            (not available)
  Simplex iterations:        (not available)

[MEMORY USAGE]
  Initial memory:                     93.55 MB
  Peak memory:                        93.55 MB
  Final memory:                        0.00 MB
  Peak increase:                       0.00 MB
  Final increase:                    -93.55 MB

================================================================================
Set parameter TimeLimit to value 300
2026-07-01 15:59:22 - INFO - Set parameter TimeLimit to value 300
Set parameter MIPGap to value 0
2026-07-01 15:59:22 - INFO - Set parameter MIPGap to value 0
Set parameter MIPFocus to value 3
2026-07-01 15:59:22 - INFO - Set parameter MIPFocus to value 3
Set parameter Heuristics to value 0.5
2026-07-01 15:59:22 - INFO - Set parameter Heuristics to value 0.5
Set parameter LogToConsole to value 1
2026-07-01 15:59:22 - INFO - Set parameter LogToConsole to value 1
Gurobi Optimizer version 13.0.1 build v13.0.1rc0 (linux64 - "Ubuntu 20.04.6 LTS")
2026-07-01 15:59:22 - INFO - Gurobi Optimizer version 13.0.1 build v13.0.1rc0 (linux64 - "Ubuntu 20.04.6 LTS")

2026-07-01 15:59:22 - INFO - 
CPU model: AMD Ryzen 9 9950X3D 16-Core Processor, instruction set [SSE2|AVX|AVX2|AVX512]
2026-07-01 15:59:22 - INFO - CPU model: AMD Ryzen 9 9950X3D 16-Core Processor, instruction set [SSE2|AVX|AVX2|AVX512]
Thread count: 14 physical cores, 28 logical processors, using up to 28 threads
2026-07-01 15:59:22 - INFO - Thread count: 14 physical cores, 28 logical processors, using up to 28 threads

2026-07-01 15:59:22 - INFO - 
Non-default parameters:
2026-07-01 15:59:22 - INFO - Non-default parameters:
TimeLimit  300
2026-07-01 15:59:22 - INFO - TimeLimit  300
MIPGap  0
2026-07-01 15:59:22 - INFO - MIPGap  0
Heuristics  0.5
2026-07-01 15:59:22 - INFO - Heuristics  0.5
MIPFocus  3
2026-07-01 15:59:22 - INFO - MIPFocus  3

2026-07-01 15:59:22 - INFO - 
Optimize a model with 1063 rows, 498 columns and 3539 nonzeros (Min)
2026-07-01 15:59:22 - INFO - Optimize a model with 1063 rows, 498 columns and 3539 nonzeros (Min)
Model fingerprint: 0x53a488c1
2026-07-01 15:59:22 - INFO - Model fingerprint: 0x53a488c1
Model has 4 linear objective coefficients
2026-07-01 15:59:22 - INFO - Model has 4 linear objective coefficients
Variable types: 222 continuous, 276 integer (276 binary)
2026-07-01 15:59:22 - INFO - Variable types: 222 continuous, 276 integer (276 binary)
Coefficient statistics:
2026-07-01 15:59:22 - INFO - Coefficient statistics:
  Matrix range     [5e-01, 2e+04]
2026-07-01 15:59:22 - INFO -   Matrix range     [5e-01, 2e+04]
  Objective range  [8e-07, 1e-01]
2026-07-01 15:59:22 - INFO -   Objective range  [8e-07, 1e-01]
  Bounds range     [9e-01, 7e+06]
2026-07-01 15:59:22 - INFO -   Bounds range     [9e-01, 7e+06]
  RHS range        [9e-01, 2e+02]
2026-07-01 15:59:22 - INFO -   RHS range        [9e-01, 2e+02]

2026-07-01 15:59:22 - INFO - 
Presolve removed 101 rows and 89 columns
2026-07-01 15:59:22 - INFO - Presolve removed 101 rows and 89 columns
Presolve time: 0.01s
2026-07-01 15:59:22 - INFO - Presolve time: 0.01s
Presolved: 962 rows, 409 columns, 3126 nonzeros
2026-07-01 15:59:22 - INFO - Presolved: 962 rows, 409 columns, 3126 nonzeros
Variable types: 153 continuous, 256 integer (256 binary)
2026-07-01 15:59:22 - INFO - Variable types: 153 continuous, 256 integer (256 binary)
Root relaxation presolve removed 218 rows and 78 columns
2026-07-01 15:59:22 - INFO - Root relaxation presolve removed 218 rows and 78 columns
Root relaxation presolved: 744 rows, 343 columns, 2608 nonzeros
2026-07-01 15:59:22 - INFO - Root relaxation presolved: 744 rows, 343 columns, 2608 nonzeros

2026-07-01 15:59:22 - INFO - 

2026-07-01 15:59:22 - INFO - 
Root relaxation: objective -3.449269e+01, 195 iterations, 0.00 seconds (0.00 work units)
2026-07-01 15:59:22 - INFO - Root relaxation: objective -3.449269e+01, 195 iterations, 0.00 seconds (0.00 work units)

2026-07-01 15:59:22 - INFO - 
    Nodes    |    Current Node    |     Objective Bounds      |     Work
2026-07-01 15:59:22 - INFO -     Nodes    |    Current Node    |     Objective Bounds      |     Work
 Expl Unexpl |  Obj  Depth IntInf | Incumbent    BestBd   Gap | It/Node Time
2026-07-01 15:59:22 - INFO -  Expl Unexpl |  Obj  Depth IntInf | Incumbent    BestBd   Gap | It/Node Time

2026-07-01 15:59:22 - INFO - 
     0     0  -34.49269    0  120          -  -34.49269      -     -    0s
2026-07-01 15:59:22 - INFO -      0     0  -34.49269    0  120          -  -34.49269      -     -    0s
H    0     0                      12.7239601  -29.06603   328%     -    0s
2026-07-01 15:59:22 - INFO - H    0     0                      12.7239601  -29.06603   328%     -    0s
     0     0  -27.25870    0  156   12.72396  -27.25870   314%     -    0s
2026-07-01 15:59:22 - INFO -      0     0  -27.25870    0  156   12.72396  -27.25870   314%     -    0s
     0     0  -27.25870    0  156   12.72396  -27.25870   314%     -    0s
2026-07-01 15:59:22 - INFO -      0     0  -27.25870    0  156   12.72396  -27.25870   314%     -    0s
     0     0  -27.25870    0  131   12.72396  -27.25870   314%     -    0s
2026-07-01 15:59:23 - INFO -      0     0  -27.25870    0  131   12.72396  -27.25870   314%     -    0s
     0     0  -18.27149    0  142   12.72396  -18.27149   244%     -    0s
2026-07-01 15:59:23 - INFO -      0     0  -18.27149    0  142   12.72396  -18.27149   244%     -    0s
     0     0  -12.86625    0   88   12.72396  -12.86625   201%     -    0s
2026-07-01 15:59:23 - INFO -      0     0  -12.86625    0   88   12.72396  -12.86625   201%     -    0s
     0     0  -12.86625    0   68   12.72396  -12.86625   201%     -    0s
2026-07-01 15:59:23 - INFO -      0     0  -12.86625    0   68   12.72396  -12.86625   201%     -    0s
     0     0  -11.76691    0   85   12.72396  -11.76691   192%     -    0s
2026-07-01 15:59:23 - INFO -      0     0  -11.76691    0   85   12.72396  -11.76691   192%     -    0s
     0     0  -11.68271    0   82   12.72396  -11.68271   192%     -    0s
2026-07-01 15:59:23 - INFO -      0     0  -11.68271    0   82   12.72396  -11.68271   192%     -    0s
     0     0  -11.68271    0   84   12.72396  -11.68271   192%     -    0s
2026-07-01 15:59:23 - INFO -      0     0  -11.68271    0   84   12.72396  -11.68271   192%     -    0s
     0     0   -8.01275    0   92   12.72396   -8.01275   163%     -    0s
2026-07-01 15:59:23 - INFO -      0     0   -8.01275    0   92   12.72396   -8.01275   163%     -    0s
     0     0   -8.01275    0   89   12.72396   -8.01275   163%     -    0s
2026-07-01 15:59:23 - INFO -      0     0   -8.01275    0   89   12.72396   -8.01275   163%     -    0s
     0     0   -8.01275    0   77   12.72396   -8.01275   163%     -    0s
2026-07-01 15:59:23 - INFO -      0     0   -8.01275    0   77   12.72396   -8.01275   163%     -    0s
     0     0   -7.83826    0   95   12.72396   -7.83826   162%     -    0s
2026-07-01 15:59:23 - INFO -      0     0   -7.83826    0   95   12.72396   -7.83826   162%     -    0s
     0     0   -7.81826    0  106   12.72396   -7.81826   161%     -    0s
2026-07-01 15:59:23 - INFO -      0     0   -7.81826    0  106   12.72396   -7.81826   161%     -    0s
     0     0   -7.81734    0  112   12.72396   -7.81734   161%     -    0s
2026-07-01 15:59:23 - INFO -      0     0   -7.81734    0  112   12.72396   -7.81734   161%     -    0s
     0     0   -6.28651    0   88   12.72396   -6.28651   149%     -    0s
2026-07-01 15:59:23 - INFO -      0     0   -6.28651    0   88   12.72396   -6.28651   149%     -    0s
     0     0   -6.28651    0   84   12.72396   -6.28651   149%     -    0s
2026-07-01 15:59:23 - INFO -      0     0   -6.28651    0   84   12.72396   -6.28651   149%     -    0s
     0     0   -6.28651    0   84   12.72396   -6.28651   149%     -    0s
2026-07-01 15:59:23 - INFO -      0     0   -6.28651    0   84   12.72396   -6.28651   149%     -    0s
H    0     0                       9.6495000   -6.28264   165%     -    0s
2026-07-01 15:59:23 - INFO - H    0     0                       9.6495000   -6.28264   165%     -    0s
H    0     0                       9.5626434   -6.28264   166%     -    0s
2026-07-01 15:59:23 - INFO - H    0     0                       9.5626434   -6.28264   166%     -    0s
     0     0   -6.17340    0   88    9.56264   -6.17340   165%     -    0s
2026-07-01 15:59:23 - INFO -      0     0   -6.17340    0   88    9.56264   -6.17340   165%     -    0s
     0     0   -5.99990    0   93    9.56264   -5.99990   163%     -    0s
2026-07-01 15:59:23 - INFO -      0     0   -5.99990    0   93    9.56264   -5.99990   163%     -    0s
     0     0   -5.98515    0   91    9.56264   -5.98515   163%     -    0s
2026-07-01 15:59:23 - INFO -      0     0   -5.98515    0   91    9.56264   -5.98515   163%     -    0s
     0     0   -5.98499    0   93    9.56264   -5.98499   163%     -    0s
2026-07-01 15:59:23 - INFO -      0     0   -5.98499    0   93    9.56264   -5.98499   163%     -    0s
     0     0   -5.49538    0   95    9.56264   -5.49538   157%     -    0s
2026-07-01 15:59:23 - INFO -      0     0   -5.49538    0   95    9.56264   -5.49538   157%     -    0s
     0     0   -5.49538    0   86    9.56264   -5.49538   157%     -    0s
2026-07-01 15:59:23 - INFO -      0     0   -5.49538    0   86    9.56264   -5.49538   157%     -    0s
     0     0   -5.18134    0  111    9.56264   -5.18134   154%     -    0s
2026-07-01 15:59:23 - INFO -      0     0   -5.18134    0  111    9.56264   -5.18134   154%     -    0s
     0     0   -5.18134    0  116    9.56264   -5.18134   154%     -    0s
2026-07-01 15:59:23 - INFO -      0     0   -5.18134    0  116    9.56264   -5.18134   154%     -    0s
     0     0   -5.18134    0  118    9.56264   -5.18134   154%     -    0s
2026-07-01 15:59:23 - INFO -      0     0   -5.18134    0  118    9.56264   -5.18134   154%     -    0s
     0     0   -5.08820    0  120    9.56264   -5.08820   153%     -    0s
2026-07-01 15:59:23 - INFO -      0     0   -5.08820    0  120    9.56264   -5.08820   153%     -    0s
     0     0   -5.08820    0  112    9.56264   -5.08820   153%     -    0s
2026-07-01 15:59:23 - INFO -      0     0   -5.08820    0  112    9.56264   -5.08820   153%     -    0s
     0     0   -5.08820    0  101    9.56264   -5.08820   153%     -    0s
2026-07-01 15:59:23 - INFO -      0     0   -5.08820    0  101    9.56264   -5.08820   153%     -    0s
H    0     0                       9.3453612   -5.08052   154%     -    0s
2026-07-01 15:59:23 - INFO - H    0     0                       9.3453612   -5.08052   154%     -    0s
     0     0   -5.06778    0  121    9.34536   -5.06778   154%     -    0s
2026-07-01 15:59:23 - INFO -      0     0   -5.06778    0  121    9.34536   -5.06778   154%     -    0s
     0     0   -5.01796    0  116    9.34536   -5.01796   154%     -    0s
2026-07-01 15:59:23 - INFO -      0     0   -5.01796    0  116    9.34536   -5.01796   154%     -    0s
     0     0   -5.01383    0  123    9.34536   -5.01383   154%     -    0s
2026-07-01 15:59:23 - INFO -      0     0   -5.01383    0  123    9.34536   -5.01383   154%     -    0s
     0     0   -4.83184    0  107    9.34536   -4.83184   152%     -    0s
2026-07-01 15:59:23 - INFO -      0     0   -4.83184    0  107    9.34536   -4.83184   152%     -    0s
     0     0   -4.83184    0  106    9.34536   -4.83184   152%     -    0s
2026-07-01 15:59:23 - INFO -      0     0   -4.83184    0  106    9.34536   -4.83184   152%     -    0s
     0     0   -4.83184    0   99    9.34536   -4.83184   152%     -    1s
2026-07-01 15:59:23 - INFO -      0     0   -4.83184    0   99    9.34536   -4.83184   152%     -    1s
     0     0   -4.82028    0  109    9.34536   -4.82028   152%     -    1s
2026-07-01 15:59:24 - INFO -      0     0   -4.82028    0  109    9.34536   -4.82028   152%     -    1s
     0     0   -4.37347    0  125    9.34536   -4.37347   147%     -    1s
2026-07-01 15:59:24 - INFO -      0     0   -4.37347    0  125    9.34536   -4.37347   147%     -    1s
     0     0   -4.37347    0  123    9.34536   -4.37347   147%     -    1s
2026-07-01 15:59:24 - INFO -      0     0   -4.37347    0  123    9.34536   -4.37347   147%     -    1s
     0     0   -4.37347    0  116    9.34536   -4.37347   147%     -    1s
2026-07-01 15:59:24 - INFO -      0     0   -4.37347    0  116    9.34536   -4.37347   147%     -    1s
     0     0   -4.32804    0  132    9.34536   -4.32804   146%     -    1s
2026-07-01 15:59:24 - INFO -      0     0   -4.32804    0  132    9.34536   -4.32804   146%     -    1s
     0     0   -4.32007    0  142    9.34536   -4.32007   146%     -    1s
2026-07-01 15:59:24 - INFO -      0     0   -4.32007    0  142    9.34536   -4.32007   146%     -    1s
     0     0   -3.89178    0  108    9.34536   -3.89178   142%     -    1s
2026-07-01 15:59:24 - INFO -      0     0   -3.89178    0  108    9.34536   -3.89178   142%     -    1s
     0     0   -3.89178    0   94    9.34536   -3.89178   142%     -    1s
2026-07-01 15:59:24 - INFO -      0     0   -3.89178    0   94    9.34536   -3.89178   142%     -    1s
     0     0   -3.83268    0  115    9.34536   -3.83268   141%     -    1s
2026-07-01 15:59:24 - INFO -      0     0   -3.83268    0  115    9.34536   -3.83268   141%     -    1s
     0     0   -3.72513    0  121    9.34536   -3.72513   140%     -    1s
2026-07-01 15:59:24 - INFO -      0     0   -3.72513    0  121    9.34536   -3.72513   140%     -    1s
     0     0   -3.71717    0  111    9.34536   -3.71717   140%     -    1s
2026-07-01 15:59:24 - INFO -      0     0   -3.71717    0  111    9.34536   -3.71717   140%     -    1s
     0     0   -3.68802    0  122    9.34536   -3.68802   139%     -    1s
2026-07-01 15:59:24 - INFO -      0     0   -3.68802    0  122    9.34536   -3.68802   139%     -    1s
     0     0   -3.68802    0  112    9.34536   -3.68802   139%     -    1s
2026-07-01 15:59:24 - INFO -      0     0   -3.68802    0  112    9.34536   -3.68802   139%     -    1s
H    0     0                       9.1938178   -3.67145   140%     -    1s
2026-07-01 15:59:24 - INFO - H    0     0                       9.1938178   -3.67145   140%     -    1s
     0     0   -3.67145    0  121    9.19382   -3.67145   140%     -    1s
2026-07-01 15:59:24 - INFO -      0     0   -3.67145    0  121    9.19382   -3.67145   140%     -    1s
     0     0   -3.66150    0  115    9.19382   -3.66150   140%     -    1s
2026-07-01 15:59:24 - INFO -      0     0   -3.66150    0  115    9.19382   -3.66150   140%     -    1s
     0     0   -3.66150    0  106    9.19382   -3.66150   140%     -    1s
2026-07-01 15:59:24 - INFO -      0     0   -3.66150    0  106    9.19382   -3.66150   140%     -    1s
     0     0   -3.65205    0  119    9.19382   -3.65205   140%     -    1s
2026-07-01 15:59:24 - INFO -      0     0   -3.65205    0  119    9.19382   -3.65205   140%     -    1s
     0     0   -3.60581    0  114    9.19382   -3.60581   139%     -    1s
2026-07-01 15:59:24 - INFO -      0     0   -3.60581    0  114    9.19382   -3.60581   139%     -    1s
     0     0   -3.60581    0  105    9.19382   -3.60581   139%     -    1s
2026-07-01 15:59:24 - INFO -      0     0   -3.60581    0  105    9.19382   -3.60581   139%     -    1s
     0     0   -3.58522    0  105    9.19382   -3.58522   139%     -    1s
2026-07-01 15:59:24 - INFO -      0     0   -3.58522    0  105    9.19382   -3.58522   139%     -    1s
     0     0   -3.58522    0  102    9.19382   -3.58522   139%     -    1s
2026-07-01 15:59:24 - INFO -      0     0   -3.58522    0  102    9.19382   -3.58522   139%     -    1s
H    0     2                       9.1404792   -3.58522   139%     -    1s
2026-07-01 15:59:24 - INFO - H    0     2                       9.1404792   -3.58522   139%     -    1s
     0     2   -3.58522    0  102    9.14048   -3.58522   139%     -    1s
2026-07-01 15:59:24 - INFO -      0     2   -3.58522    0  102    9.14048   -3.58522   139%     -    1s
H   11    16                       9.0507195   -2.02835   122%   174    2s
2026-07-01 15:59:24 - INFO - H   11    16                       9.0507195   -2.02835   122%   174    2s
H   13    16                       9.0348948   -1.75052   119%   175    2s
2026-07-01 15:59:24 - INFO - H   13    16                       9.0348948   -1.75052   119%   175    2s
H   29    44                       8.1082559   -0.93413   112%   239    2s
2026-07-01 15:59:25 - INFO - H   29    44                       8.1082559   -0.93413   112%   239    2s
H   44    79                       8.0504238   -0.61176   108%   242    2s
2026-07-01 15:59:25 - INFO - H   44    79                       8.0504238   -0.61176   108%   242    2s
H   49    79                       8.0156563   -0.55612   107%   242    2s
2026-07-01 15:59:25 - INFO - H   49    79                       8.0156563   -0.55612   107%   242    2s
H   58    79                       7.9541323   -0.53761   107%   234    2s
2026-07-01 15:59:25 - INFO - H   58    79                       7.9541323   -0.53761   107%   234    2s
H   93   107                       7.7893402   -0.08197   101%   249    2s
2026-07-01 15:59:25 - INFO - H   93   107                       7.7893402   -0.08197   101%   249    2s
H  101   107                       7.7131566    0.00492   100%   261    2s
2026-07-01 15:59:25 - INFO - H  101   107                       7.7131566    0.00492   100%   261    2s
H  123   135                       7.7130817    0.15044  98.0%   273    2s
2026-07-01 15:59:25 - INFO - H  123   135                       7.7130817    0.15044  98.0%   273    2s
H  127   135                       7.7029634    0.15889  97.9%   274    2s
2026-07-01 15:59:25 - INFO - H  127   135                       7.7029634    0.15889  97.9%   274    2s
H  189   203                       7.7029030    0.36323  95.3%   253    2s
2026-07-01 15:59:25 - INFO - H  189   203                       7.7029030    0.36323  95.3%   253    2s
H  225   259                       6.9371561    0.51950  92.5%   251    3s
2026-07-01 15:59:26 - INFO - H  225   259                       6.9371561    0.51950  92.5%   251    3s
H  392   398                       6.9369787    0.96752  86.1%   271    4s
2026-07-01 15:59:27 - INFO - H  392   398                       6.9369787    0.96752  86.1%   271    4s
H  461   468                       6.8677637    1.36534  80.1%   270    4s
2026-07-01 15:59:27 - INFO - H  461   468                       6.8677637    1.36534  80.1%   270    4s
   890   993    2.31220    9  132    6.86776    1.65161  76.0%   211    5s
2026-07-01 15:59:27 - INFO -    890   993    2.31220    9  132    6.86776    1.65161  76.0%   211    5s
H 1944  1822                       6.8677637    2.38004  65.3%   200    7s
2026-07-01 15:59:30 - INFO - H 1944  1822                       6.8677637    2.38004  65.3%   200    7s
H 1947  1732                       6.8677637    2.38004  65.3%   200    8s
2026-07-01 15:59:30 - INFO - H 1947  1732                       6.8677637    2.38004  65.3%   200    8s
H 1952  1649                       6.8677636    2.38004  65.3%   199    8s
2026-07-01 15:59:31 - INFO - H 1952  1649                       6.8677636    2.38004  65.3%   199    8s
H 2022  1635                       6.8677636    3.24305  52.8%   203    9s
2026-07-01 15:59:32 - INFO - H 2022  1635                       6.8677636    3.24305  52.8%   203    9s
H 2117  1632                       6.8677635    3.61623  47.3%   206    9s
2026-07-01 15:59:32 - INFO - H 2117  1632                       6.8677635    3.61623  47.3%   206    9s
  2193  1676    4.04078   18  171    6.86776    3.76181  45.2%   208   10s
2026-07-01 15:59:32 - INFO -   2193  1676    4.04078   18  171    6.86776    3.76181  45.2%   208   10s
H 2380  1697                       6.8677635    4.05494  41.0%   218   10s
2026-07-01 15:59:33 - INFO - H 2380  1697                       6.8677635    4.05494  41.0%   218   10s
H 2520  1731                       6.8677635    4.14866  39.6%   221   11s
2026-07-01 15:59:34 - INFO - H 2520  1731                       6.8677635    4.14866  39.6%   221   11s
H 2721  1770                       6.8677635    4.24734  38.2%   225   11s
2026-07-01 15:59:34 - INFO - H 2721  1770                       6.8677635    4.24734  38.2%   225   11s
H 2911  1803                       6.8677634    4.30975  37.2%   223   12s
2026-07-01 15:59:35 - INFO - H 2911  1803                       6.8677634    4.30975  37.2%   223   12s
H 2984  1838                       6.8677634    4.33808  36.8%   222   12s
2026-07-01 15:59:35 - INFO - H 2984  1838                       6.8677634    4.33808  36.8%   222   12s
H 3304  1912                       6.8416375    4.41903  35.4%   221   13s
2026-07-01 15:59:36 - INFO - H 3304  1912                       6.8416375    4.41903  35.4%   221   13s
H 3307  1856                       6.8415333    4.41990  35.4%   221   13s
2026-07-01 15:59:36 - INFO - H 3307  1856                       6.8415333    4.41990  35.4%   221   13s
H 3352  1896                       6.7822282    4.42736  34.7%   220   13s
2026-07-01 15:59:36 - INFO - H 3352  1896                       6.7822282    4.42736  34.7%   220   13s
H 3465  1808                       6.7822282    4.44232  34.5%   219   13s
2026-07-01 15:59:36 - INFO - H 3465  1808                       6.7822282    4.44232  34.5%   219   13s
H 3840  2151                       6.7822196    4.47774  34.0%   212   13s
2026-07-01 15:59:36 - INFO - H 3840  2151                       6.7822196    4.47774  34.0%   212   13s
  6386  3718    5.37062   24  137    6.78222    4.76373  29.8%   183   15s
2026-07-01 15:59:38 - INFO -   6386  3718    5.37062   24  137    6.78222    4.76373  29.8%   183   15s
 13635  7093 infeasible   28         6.78222    5.33696  21.3%   169   20s
2026-07-01 15:59:42 - INFO -  13635  7093 infeasible   28         6.78222    5.33696  21.3%   169   20s
H18796  7700                       6.7822117    5.73201  15.5%   156   22s
2026-07-01 15:59:45 - INFO - H18796  7700                       6.7822117    5.73201  15.5%   156   22s
 20762  8722 infeasible   29         6.78221    5.79423  14.6%   150   25s
2026-07-01 15:59:48 - INFO -  20762  8722 infeasible   29         6.78221    5.79423  14.6%   150   25s
 33628 14968    6.32695   32   77    6.78221    6.06803  10.5%   122   30s
2026-07-01 15:59:53 - INFO -  33628 14968    6.32695   32   77    6.78221    6.06803  10.5%   122   30s
 46951 20255    6.50330   28   63    6.78221    6.25143  7.83%   104   35s
2026-07-01 15:59:57 - INFO -  46951 20255    6.50330   28   63    6.78221    6.25143  7.83%   104   35s
 64031 24144    6.40116   35   34    6.78221    6.40116  5.62%  90.6   40s
2026-07-01 16:00:03 - INFO -  64031 24144    6.40116   35   34    6.78221    6.40116  5.62%  90.6   40s
 76279 24345    6.68130   35   39    6.78221    6.51661  3.92%  83.6   45s
2026-07-01 16:00:08 - INFO -  76279 24345    6.68130   35   39    6.78221    6.51661  3.92%  83.6   45s
 91978 23720    6.60747   32   40    6.78221    6.57899  3.00%  76.3   50s
2026-07-01 16:00:13 - INFO -  91978 23720    6.60747   32   40    6.78221    6.57899  3.00%  76.3   50s
 108598 19320     cutoff   36         6.78221    6.66278  1.76%  69.5   55s
2026-07-01 16:00:18 - INFO -  108598 19320     cutoff   36         6.78221    6.66278  1.76%  69.5   55s
 124969 14783    6.77826   38   20    6.78221    6.71903  0.93%  63.9   60s
2026-07-01 16:00:22 - INFO -  124969 14783    6.77826   38   20    6.78221    6.71903  0.93%  63.9   60s
 145413  3452     cutoff   32         6.78221    6.77116  0.16%  57.6   65s
2026-07-01 16:00:27 - INFO -  145413  3452     cutoff   32         6.78221    6.77116  0.16%  57.6   65s

2026-07-01 16:00:29 - INFO - 
Cutting planes:
2026-07-01 16:00:29 - INFO - Cutting planes:
  Learned: 171
2026-07-01 16:00:29 - INFO -   Learned: 171
  Gomory: 233
2026-07-01 16:00:29 - INFO -   Gomory: 233
  Lift-and-project: 261
2026-07-01 16:00:29 - INFO -   Lift-and-project: 261
  Cover: 555
2026-07-01 16:00:29 - INFO -   Cover: 555
  Implied bound: 13
2026-07-01 16:00:29 - INFO -   Implied bound: 13
  MIR: 293
2026-07-01 16:00:29 - INFO -   MIR: 293
  StrongCG: 1
2026-07-01 16:00:29 - INFO -   StrongCG: 1
  Flow cover: 1174
2026-07-01 16:00:29 - INFO -   Flow cover: 1174
  Inf proof: 516
2026-07-01 16:00:29 - INFO -   Inf proof: 516
  Zero half: 159
2026-07-01 16:00:29 - INFO -   Zero half: 159
  Network: 1
2026-07-01 16:00:29 - INFO -   Network: 1
  RLT: 37
2026-07-01 16:00:29 - INFO -   RLT: 37
  Relax-and-lift: 175
2026-07-01 16:00:29 - INFO -   Relax-and-lift: 175

2026-07-01 16:00:29 - INFO - 
Explored 150374 nodes (8440709 simplex iterations) in 67.00 seconds (106.78 work units)
2026-07-01 16:00:29 - INFO - Explored 150374 nodes (8440709 simplex iterations) in 67.00 seconds (106.78 work units)
Thread count was 28 (of 28 available processors)
2026-07-01 16:00:29 - INFO - Thread count was 28 (of 28 available processors)

2026-07-01 16:00:29 - INFO - 
Solution count 10: 6.78221 6.78222 6.78223 ... 6.93698
2026-07-01 16:00:29 - INFO - Solution count 10: 6.78221 6.78222 6.78223 ... 6.93698

2026-07-01 16:00:29 - INFO - 
Optimal solution found (tolerance 0.00e+00)
2026-07-01 16:00:29 - INFO - Optimal solution found (tolerance 0.00e+00)
Best objective 6.782211655549e+00, best bound 6.782211655549e+00, gap 0.0000%
2026-07-01 16:00:29 - INFO - Best objective 6.782211655549e+00, best bound 6.782211655549e+00, gap 0.0000%
[EMIB] Solve done: MIPGap=0.0, status=Optimal, Obj=6.782212, time=67.02s, SolCount=10


================================================================================
ILP MODEL ANALYSIS REPORT - Chiplet Placement ILP (Gap=0.0)
Generated: 2026-07-01 16:00:29
================================================================================

[MODEL STRUCTURE]
  Constraints (rows):                   1063
  Variables (columns):                   498
  Non-zero elements:                    3539
  Objective coefficients:                  4

[VARIABLE TYPES]
  Continuous:                            222
  Integer:                                 0
  Binary:                                276

[CONSTRAINT TYPES]
  <= constraints:                              556
  == constraints:                              164
  >= constraints:                              343

[COEFFICIENT STATISTICS]
  Matrix range:              [5.00e-01, 2.25e+04]
  Objective range:           [8.32e-07, 1.22e-01]
  Bounds range:              [-2.10e+02, 6.88e+06]

[SOLVE STATISTICS]
  Status:                    Optimal
  Objective value:                  6.782212
  Best bound:                       6.782212
  MIP gap:                           0.0000%
  Solve time (s):                      67.02
  Solutions found:                        10
  Nodes explored:                   150374.0
  Simplex iterations:              8440709.0

[MEMORY USAGE]
  Initial memory:                     94.35 MB
  Peak memory:                       642.40 MB
  Final memory:                      642.40 MB
  Peak increase:                     548.05 MB
  Final increase:                    548.05 MB

================================================================================

================================================================================
[OBJECTIVE FUNCTION BREAKDOWN - SOLUTION VALUES]
================================================================================

[Actual Variable Values]
  wirelength: 5.160623e+04
  bbox_area_proxy_t: 4.256528e+01
  aspect_ratio_penalty: 0.000000e+00
  power_aware_penalty: 3.028224e+06

[Normalized Values]
  norm_wirelength = 5.160623e+04 / 6.287654e+04 = 8.207549e-01
  norm_t = 4.256528e+01 / 4.912230e+01 = 8.665165e-01
  norm_aspect = 0.000000e+00 / 3.000000e+00 = 0.000000e+00
  norm_power = 3.028224e+06 / 2.763129e+06 = 1.095940e+00

[Weighted Contributions]
  1. Wirelength: 5.000000e+00 * 8.207549e-01 = 4.103775e+00
  2. Area: 6.000000e+00 * 8.665165e-01 = 5.199099e+00
  3. Aspect Ratio: 1.000000e-01 * 0.000000e+00 = 0.000000e+00
  4. Power Awareness: -2.300000e+00 * 1.095940e+00 = -2.520662e+00

[Total Objective Value]
  4.103775e+00 + 5.199099e+00 + 0.000000e+00 - 2.520662e+00
  = 6.782212e+00
================================================================================

[EMIB] Solve succeeded (Optimal)
[EMIB] placement JSON saved: /root/placement/MPDAP/output_gurobi_EMIB_chiplet_5_6_01_23/placement/cpu-dram.json
[EMIB] Layout figure saved: /root/placement/MPDAP/output_gurobi_EMIB_chiplet_5_6_01_23/fig/cpu-dram_core/solution_1_layout_gurobi.png
2026-07-01 16:00:32 - INFO - 
EMIB returned 1 solution(s) (max 1).
  ✓ EMIB: 1 solution(s)

================================================================================
Batch test done (Gurobi)
  Total time: 69.81 s
================================================================================
File summary:
  Success: 1/1
  Failed: 0/1
Solution count:
  Found: 1/1

Details:
  ✓ cpu-dram.json -> cpu-dram_core: 1 solution(s)
    Log dir: /root/placement/MPDAP/output_gurobi_EMIB_chiplet_5_6_01_23/log/cpu-dram_core
    LP dir: /root/placement/MPDAP/output_gurobi_EMIB_chiplet_5_6_01_23/lp/cpu-dram_core
    Fig dir: /root/placement/MPDAP/output_gurobi_EMIB_chiplet_5_6_01_23/fig/cpu-dram_core
    Placement: /root/placement/MPDAP/output_gurobi_EMIB_chiplet_5_6_01_23/placement/cpu-dram.json
================================================================================

