
================================================================================
Batch test start (Gurobi)
================================================================================
Test input dir: /root/placement/MPDAP/benchmark/test_input
Output base dir: /root/placement/MPDAP/output_gurobi_EMIB_chiplet_5_6_01_23
Found 1 test file(s)
Files to process: syn1.json
================================================================================


[1/1] Processing: syn1.json
  Core name: syn1_core
  Log dir: /root/placement/MPDAP/output_gurobi_EMIB_chiplet_5_6_01_23/log/syn1_core
  LP dir: /root/placement/MPDAP/output_gurobi_EMIB_chiplet_5_6_01_23/lp/syn1_core
  Fig dir: /root/placement/MPDAP/output_gurobi_EMIB_chiplet_5_6_01_23/fig/syn1_core
  Placement file: /root/placement/MPDAP/output_gurobi_EMIB_chiplet_5_6_01_23/placement/syn1.json
  Removing old output dir: /root/placement/MPDAP/output_gurobi_EMIB_chiplet_5_6_01_23/log/syn1_core
  Removing old output dir: /root/placement/MPDAP/output_gurobi_EMIB_chiplet_5_6_01_23/lp/syn1_core
  Removing old output dir: /root/placement/MPDAP/output_gurobi_EMIB_chiplet_5_6_01_23/fig/syn1_core
2026-07-01 16:07:21 - INFO - Calling EMIB solver (Gurobi)...
node 0 w: 11.0, h: 10.0
node 1 w: 12.0, h: 10.0
node 2 w: 6.0, h: 15.0
node 3 w: 13.0, h: 6.0
node 4 w: 11.0, h: 5.0
node 5 w: 15.0, h: 6.0
node 6 w: 5.0, h: 5.0
node 7 w: 6.0, h: 14.0
node 8 w: 6.0, h: 12.0
node 9 w: 13.0, h: 6.0
  (A,E): node1=A, node2=E, wireCount=128, EMIBType=interfaceC, EMIB_length=3.2, EMIB_max_width=99.0, width=1.0, height=3.2, bump_width=0.5000
  (A,H): node1=A, node2=H, wireCount=256, EMIBType=interfaceB, EMIB_length=0.8533, EMIB_max_width=3.0, width=2.0, height=0.8533, bump_width=1.0000
  (B,E): node1=B, node2=E, wireCount=512, EMIBType=interfaceB, EMIB_length=1.7067, EMIB_max_width=3.0, width=2.0, height=1.7067, bump_width=1.0000
  (B,H): node1=B, node2=H, wireCount=128, EMIBType=interfaceC, EMIB_length=3.2, EMIB_max_width=99.0, width=1.0, height=3.2, bump_width=0.5000
  (B,I): node1=B, node2=I, wireCount=256, EMIBType=interfaceB, EMIB_length=0.8533, EMIB_max_width=3.0, width=2.0, height=0.8533, bump_width=1.0000
  (B,J): node1=B, node2=J, wireCount=512, EMIBType=interfaceB, EMIB_length=1.7067, EMIB_max_width=3.0, width=2.0, height=1.7067, bump_width=1.0000
  (C,D): node1=C, node2=D, wireCount=128, EMIBType=interfaceC, EMIB_length=3.2, EMIB_max_width=99.0, width=1.0, height=3.2, bump_width=0.5000
  (C,E): node1=C, node2=E, wireCount=128, EMIBType=interfaceC, EMIB_length=3.2, EMIB_max_width=99.0, width=1.0, height=3.2, bump_width=0.5000
  (C,G): node1=C, node2=G, wireCount=512, EMIBType=interfaceB, EMIB_length=1.7067, EMIB_max_width=3.0, width=2.0, height=1.7067, bump_width=1.0000
  (E,F): node1=E, node2=F, wireCount=128, EMIBType=interfaceC, EMIB_length=3.2, EMIB_max_width=99.0, width=1.0, height=3.2, bump_width=0.5000
  (E,G): node1=E, node2=G, wireCount=256, EMIBType=interfaceB, EMIB_length=0.8533, EMIB_max_width=3.0, width=2.0, height=0.8533, bump_width=1.0000
  (E,H): node1=E, node2=H, wireCount=128, EMIBType=interfaceC, EMIB_length=3.2, EMIB_max_width=99.0, width=1.0, height=3.2, bump_width=0.5000
  (F,I): node1=F, node2=I, wireCount=128, EMIBType=interfaceC, EMIB_length=3.2, EMIB_max_width=99.0, width=1.0, height=3.2, bump_width=0.5000
  (G,H): node1=G, node2=H, wireCount=128, EMIBType=interfaceC, EMIB_length=3.2, EMIB_max_width=99.0, width=1.0, height=3.2, bump_width=0.5000
  (G,I): node1=G, node2=I, wireCount=128, EMIBType=interfaceC, EMIB_length=3.2, EMIB_max_width=99.0, width=1.0, height=3.2, bump_width=0.5000
  (G,J): node1=G, node2=J, wireCount=128, EMIBType=interfaceC, EMIB_length=3.2, EMIB_max_width=99.0, width=1.0, height=3.2, bump_width=0.5000
  (I,J): node1=I, node2=J, wireCount=256, EMIBType=interfaceB, EMIB_length=0.8533, EMIB_max_width=3.0, width=2.0, height=0.8533, bump_width=1.0000
  (0,4): [A, E, 128, interfaceC, 3.2, 99.0]
  (0,7): [A, H, 256, interfaceB, 0.8533, 3.0]
  (1,4): [B, E, 512, interfaceB, 1.7067, 3.0]
  (1,7): [B, H, 128, interfaceC, 3.2, 99.0]
  (1,8): [B, I, 256, interfaceB, 0.8533, 3.0]
  (1,9): [B, J, 512, interfaceB, 1.7067, 3.0]
  (2,3): [C, D, 128, interfaceC, 3.2, 99.0]
  (2,4): [C, E, 128, interfaceC, 3.2, 99.0]
  (2,6): [C, G, 512, interfaceB, 1.7067, 3.0]
  (4,5): [E, F, 128, interfaceC, 3.2, 99.0]
  (4,6): [E, G, 256, interfaceB, 0.8533, 3.0]
  (4,7): [E, H, 128, interfaceC, 3.2, 99.0]
  (5,8): [F, I, 128, interfaceC, 3.2, 99.0]
  (6,7): [G, H, 128, interfaceC, 3.2, 99.0]
  (6,8): [G, I, 128, interfaceC, 3.2, 99.0]
  (6,9): [G, J, 128, interfaceC, 3.2, 99.0]
  (8,9): [I, J, 256, interfaceB, 0.8533, 3.0]
Set parameter Username
2026-07-01 16:07:21 - INFO - Set parameter Username
Set parameter LicenseID to value 2840060
2026-07-01 16:07:21 - INFO - Set parameter LicenseID to value 2840060
Academic license - for non-commercial use only - expires 2027-07-01
2026-07-01 16:07:21 - INFO - Academic license - for non-commercial use only - expires 2027-07-01
EMIB_w_var: {(0, 7): <gurobi.Var *Awaiting Model Update*>, (1, 4): <gurobi.Var *Awaiting Model Update*>, (1, 8): <gurobi.Var *Awaiting Model Update*>, (1, 9): <gurobi.Var *Awaiting Model Update*>, (2, 6): <gurobi.Var *Awaiting Model Update*>, (4, 6): <gurobi.Var *Awaiting Model Update*>, (8, 9): <gurobi.Var *Awaiting Model Update*>}
EMIB_h_var: {(0, 7): <gurobi.Var *Awaiting Model Update*>, (1, 4): <gurobi.Var *Awaiting Model Update*>, (1, 8): <gurobi.Var *Awaiting Model Update*>, (1, 9): <gurobi.Var *Awaiting Model Update*>, (2, 6): <gurobi.Var *Awaiting Model Update*>, (4, 6): <gurobi.Var *Awaiting Model Update*>, (8, 9): <gurobi.Var *Awaiting Model Update*>}
EMIB_connected_pairs: {(0, 7): EMIBNode(node1='A', node2='H', wireCount=256, EMIBType='interfaceB', EMIB_length=0.8533, EMIB_bump_width=1.0, EMIB_max_width=3.0, width=2.0, height=0.8533), (1, 4): EMIBNode(node1='B', node2='E', wireCount=512, EMIBType='interfaceB', EMIB_length=1.7067, EMIB_bump_width=1.0, EMIB_max_width=3.0, width=2.0, height=1.7067), (1, 8): EMIBNode(node1='B', node2='I', wireCount=256, EMIBType='interfaceB', EMIB_length=0.8533, EMIB_bump_width=1.0, EMIB_max_width=3.0, width=2.0, height=0.8533), (1, 9): EMIBNode(node1='B', node2='J', wireCount=512, EMIBType='interfaceB', EMIB_length=1.7067, EMIB_bump_width=1.0, EMIB_max_width=3.0, width=2.0, height=1.7067), (2, 6): EMIBNode(node1='C', node2='G', wireCount=512, EMIBType='interfaceB', EMIB_length=1.7067, EMIB_bump_width=1.0, EMIB_max_width=3.0, width=2.0, height=1.7067), (4, 6): EMIBNode(node1='E', node2='G', wireCount=256, EMIBType='interfaceB', EMIB_length=0.8533, EMIB_bump_width=1.0, EMIB_max_width=3.0, width=2.0, height=0.8533), (8, 9): EMIBNode(node1='I', node2='J', wireCount=256, EMIBType='interfaceB', EMIB_length=0.8533, EMIB_bump_width=1.0, EMIB_max_width=3.0, width=2.0, height=0.8533)}
[POWER_AWARE] Mutual Distancing: ENABLED
[POWER_AWARE] Central Avoidance: ENABLED
[POWER_AWARE] Power Aware Optimization: ENABLED
[POWER_AWARE] Selected high-power chiplets: 3 (density threshold: 0.8452380952380952)
[POWER_AWARE] High-power chiplet indices: [6, 7, 9]
[POWER_AWARE] Mutual Distancing: Creating constraints for 3 high-power chiplets
[POWER_AWARE] Mutual Distancing: Added distance constraints for all high-power pairs
[POWER_AWARE] Central Avoidance: Creating away-from-center constraints for 3 high-power chiplets
[DEBUG] chiplet 6 in top 30% power density, add away-from-center constraint
[DEBUG] chiplet 7 in top 30% power density, add away-from-center constraint
[DEBUG] chiplet 9 in top 30% power density, add away-from-center constraint
[POWER_AWARE] Central Avoidance: Added away-from-center constraints for 3 high-power chiplets
[DEBUG] L_avg: 28.319604517012593
[DEBUG] total_area: 802.0
[POWER_AWARE] Normalization factor calculation:
[POWER_AWARE]   - High-power chiplets: 3
[POWER_AWARE]   - Mutual Distancing enabled: True
[POWER_AWARE]   - Central Avoidance enabled: True
[POWER_AWARE]   - pair_sum (MD): 1.183100e+04
[POWER_AWARE]   - self_sum (CA): 1.281900e+04
[POWER_AWARE]   - total_sum (pair + self): 2.465000e+04
[POWER_AWARE]   - ref_power: 3.490391e+05
[DEBUG] ref_wirelength: 54373.64067266418
[DEBUG] ref_t: 56.639209034025185
[DEBUG] ref_power: 349039.1256721802
[DEBUG] ref_aspect: 55.0

================================================================================
[OBJECTIVE FUNCTION DETAILS]
================================================================================

[Normalization Reference Values]
  ref_wirelength: 5.437364e+04
  ref_t (area proxy): 5.663921e+01
  ref_power: 3.490391e+05
  ref_aspect: 5.500000e+01

[Beta Weights]
  beta_wire: 5.000000e+00
  beta_area: 6.000000e+00
  beta_aspect: 1.000000e-01
  beta_power: 2.300000e+00

[Objective Function Components]
  1. Wirelength term:
     norm_wirelength = wirelength / ref_wirelength
     contribution = beta_wire * norm_wirelength = 5.0 * norm_wirelength
  2. Area term:
     norm_t = t / ref_t
     contribution = beta_area * norm_t = 6.0 * norm_t
  3. Aspect Ratio term:
     norm_aspect = aspect_ratio_penalty / ref_aspect
     contribution = beta_aspect * norm_aspect = 0.1 * norm_aspect
  4. Power Awareness term:
     norm_power = power_aware_penalty / ref_power
     contribution = - beta_power * norm_power = - 2.3 * norm_power

[Objective Function Formula]
  minimize: 5.0 * wirelength/ref_wirelength
          + 6.0 * t/ref_t
          + 0.1 * aspect_ratio_penalty/ref_aspect
          - 2.3 * power_aware_penalty/ref_power
================================================================================


[EMIB] ILP Model construction completed. Analyzing model structure...
================================================================================
ILP MODEL ANALYSIS REPORT - Chiplet Placement ILP (Construction Complete)
Generated: 2026-07-01 16:07:21
================================================================================

[MODEL STRUCTURE]
  Constraints (rows):                      0
  Variables (columns):                     0
  Non-zero elements:                       0
  Objective coefficients:                  0

[VARIABLE TYPES]
  Continuous:                              0
  Integer:                                 0
  Binary:                                  0

[CONSTRAINT TYPES]

[COEFFICIENT STATISTICS]

[SOLVE STATISTICS]
  Status:                    Unknown(1)
  Solve time (s):                       0.00
  Solutions found:                         0
  Nodes explored:            (not available)
  Simplex iterations:        (not available)

[MEMORY USAGE]
  Initial memory:                     93.56 MB
  Peak memory:                        93.56 MB
  Final memory:                        0.00 MB
  Peak increase:                       0.00 MB
  Final increase:                    -93.56 MB

================================================================================
Set parameter TimeLimit to value 300
2026-07-01 16:07:21 - INFO - Set parameter TimeLimit to value 300
Set parameter MIPGap to value 0
2026-07-01 16:07:21 - INFO - Set parameter MIPGap to value 0
Set parameter MIPFocus to value 3
2026-07-01 16:07:21 - INFO - Set parameter MIPFocus to value 3
Set parameter Heuristics to value 0.5
2026-07-01 16:07:21 - INFO - Set parameter Heuristics to value 0.5
Set parameter LogToConsole to value 1
2026-07-01 16:07:21 - INFO - Set parameter LogToConsole to value 1
Gurobi Optimizer version 13.0.1 build v13.0.1rc0 (linux64 - "Ubuntu 20.04.6 LTS")
2026-07-01 16:07:21 - INFO - Gurobi Optimizer version 13.0.1 build v13.0.1rc0 (linux64 - "Ubuntu 20.04.6 LTS")

2026-07-01 16:07:21 - INFO - 
CPU model: AMD Ryzen 9 9950X3D 16-Core Processor, instruction set [SSE2|AVX|AVX2|AVX512]
2026-07-01 16:07:21 - INFO - CPU model: AMD Ryzen 9 9950X3D 16-Core Processor, instruction set [SSE2|AVX|AVX2|AVX512]
Thread count: 14 physical cores, 28 logical processors, using up to 28 threads
2026-07-01 16:07:21 - INFO - Thread count: 14 physical cores, 28 logical processors, using up to 28 threads

2026-07-01 16:07:21 - INFO - 
Non-default parameters:
2026-07-01 16:07:21 - INFO - Non-default parameters:
TimeLimit  300
2026-07-01 16:07:21 - INFO - TimeLimit  300
MIPGap  0
2026-07-01 16:07:21 - INFO - MIPGap  0
Heuristics  0.5
2026-07-01 16:07:21 - INFO - Heuristics  0.5
MIPFocus  3
2026-07-01 16:07:21 - INFO - MIPFocus  3

2026-07-01 16:07:21 - INFO - 
Optimize a model with 1213 rows, 567 columns and 4073 nonzeros (Min)
2026-07-01 16:07:21 - INFO - Optimize a model with 1213 rows, 567 columns and 4073 nonzeros (Min)
Model fingerprint: 0xee1c0d44
2026-07-01 16:07:21 - INFO - Model fingerprint: 0xee1c0d44
Model has 4 linear objective coefficients
2026-07-01 16:07:21 - INFO - Model has 4 linear objective coefficients
Variable types: 240 continuous, 327 integer (327 binary)
2026-07-01 16:07:21 - INFO - Variable types: 240 continuous, 327 integer (327 binary)
Coefficient statistics:
2026-07-01 16:07:21 - INFO - Coefficient statistics:
  Matrix range     [3e-01, 6e+03]
2026-07-01 16:07:21 - INFO -   Matrix range     [3e-01, 6e+03]
  Objective range  [7e-06, 1e-01]
2026-07-01 16:07:21 - INFO -   Objective range  [7e-06, 1e-01]
  Bounds range     [9e-01, 2e+07]
2026-07-01 16:07:21 - INFO -   Bounds range     [9e-01, 2e+07]
  RHS range        [9e-01, 2e+02]
2026-07-01 16:07:21 - INFO -   RHS range        [9e-01, 2e+02]

2026-07-01 16:07:21 - INFO - 
Presolve removed 107 rows and 88 columns
2026-07-01 16:07:21 - INFO - Presolve removed 107 rows and 88 columns
Presolve time: 0.01s
2026-07-01 16:07:21 - INFO - Presolve time: 0.01s
Presolved: 1106 rows, 479 columns, 3714 nonzeros
2026-07-01 16:07:21 - INFO - Presolved: 1106 rows, 479 columns, 3714 nonzeros
Variable types: 167 continuous, 312 integer (312 binary)
2026-07-01 16:07:21 - INFO - Variable types: 167 continuous, 312 integer (312 binary)
Root relaxation presolve removed 204 rows and 60 columns
2026-07-01 16:07:21 - INFO - Root relaxation presolve removed 204 rows and 60 columns
Root relaxation presolved: 902 rows, 431 columns, 3224 nonzeros
2026-07-01 16:07:21 - INFO - Root relaxation presolved: 902 rows, 431 columns, 3224 nonzeros

2026-07-01 16:07:21 - INFO - 

2026-07-01 16:07:21 - INFO - 
Root relaxation: objective -3.586081e+01, 244 iterations, 0.00 seconds (0.01 work units)
2026-07-01 16:07:21 - INFO - Root relaxation: objective -3.586081e+01, 244 iterations, 0.00 seconds (0.01 work units)

2026-07-01 16:07:21 - INFO - 
    Nodes    |    Current Node    |     Objective Bounds      |     Work
2026-07-01 16:07:21 - INFO -     Nodes    |    Current Node    |     Objective Bounds      |     Work
 Expl Unexpl |  Obj  Depth IntInf | Incumbent    BestBd   Gap | It/Node Time
2026-07-01 16:07:21 - INFO -  Expl Unexpl |  Obj  Depth IntInf | Incumbent    BestBd   Gap | It/Node Time

2026-07-01 16:07:21 - INFO - 
     0     0  -35.86081    0  137          -  -35.86081      -     -    0s
2026-07-01 16:07:21 - INFO -      0     0  -35.86081    0  137          -  -35.86081      -     -    0s
H    0     0                      15.0248829  -35.86081   339%     -    0s
2026-07-01 16:07:21 - INFO - H    0     0                      15.0248829  -35.86081   339%     -    0s
     0     0  -30.15757    0  146   15.02488  -30.15757   301%     -    0s
2026-07-01 16:07:21 - INFO -      0     0  -30.15757    0  146   15.02488  -30.15757   301%     -    0s
     0     0  -30.15757    0  145   15.02488  -30.15757   301%     -    0s
2026-07-01 16:07:21 - INFO -      0     0  -30.15757    0  145   15.02488  -30.15757   301%     -    0s
     0     0  -20.52824    0  154   15.02488  -20.52824   237%     -    0s
2026-07-01 16:07:22 - INFO -      0     0  -20.52824    0  154   15.02488  -20.52824   237%     -    0s
     0     0  -20.52824    0  169   15.02488  -20.52824   237%     -    0s
2026-07-01 16:07:22 - INFO -      0     0  -20.52824    0  169   15.02488  -20.52824   237%     -    0s
     0     0  -16.35105    0  164   15.02488  -16.35105   209%     -    0s
2026-07-01 16:07:22 - INFO -      0     0  -16.35105    0  164   15.02488  -16.35105   209%     -    0s
     0     0  -16.35105    0  151   15.02488  -16.35105   209%     -    0s
2026-07-01 16:07:22 - INFO -      0     0  -16.35105    0  151   15.02488  -16.35105   209%     -    0s
     0     0  -15.19393    0  150   15.02488  -15.19393   201%     -    0s
2026-07-01 16:07:22 - INFO -      0     0  -15.19393    0  150   15.02488  -15.19393   201%     -    0s
     0     0  -14.93154    0  158   15.02488  -14.93154   199%     -    0s
2026-07-01 16:07:22 - INFO -      0     0  -14.93154    0  158   15.02488  -14.93154   199%     -    0s
     0     0  -14.93154    0  167   15.02488  -14.93154   199%     -    0s
2026-07-01 16:07:22 - INFO -      0     0  -14.93154    0  167   15.02488  -14.93154   199%     -    0s
     0     0  -14.93154    0  169   15.02488  -14.93154   199%     -    0s
2026-07-01 16:07:22 - INFO -      0     0  -14.93154    0  169   15.02488  -14.93154   199%     -    0s
     0     0  -13.97153    0  167   15.02488  -13.97153   193%     -    0s
2026-07-01 16:07:22 - INFO -      0     0  -13.97153    0  167   15.02488  -13.97153   193%     -    0s
     0     0   -3.87112    0  154   15.02488   -3.87112   126%     -    0s
2026-07-01 16:07:22 - INFO -      0     0   -3.87112    0  154   15.02488   -3.87112   126%     -    0s
     0     0   -3.87112    0  146   15.02488   -3.87112   126%     -    0s
2026-07-01 16:07:22 - INFO -      0     0   -3.87112    0  146   15.02488   -3.87112   126%     -    0s
     0     0   -1.67907    0  150   15.02488   -1.67907   111%     -    0s
2026-07-01 16:07:22 - INFO -      0     0   -1.67907    0  150   15.02488   -1.67907   111%     -    0s
     0     0   -1.18020    0  149   15.02488   -1.18020   108%     -    0s
2026-07-01 16:07:22 - INFO -      0     0   -1.18020    0  149   15.02488   -1.18020   108%     -    0s
     0     0   -1.18020    0  133   15.02488   -1.18020   108%     -    0s
2026-07-01 16:07:22 - INFO -      0     0   -1.18020    0  133   15.02488   -1.18020   108%     -    0s
H    0     0                      14.9012465   -1.18020   108%     -    0s
2026-07-01 16:07:22 - INFO - H    0     0                      14.9012465   -1.18020   108%     -    0s
H    0     0                      14.8659353   -1.18020   108%     -    0s
2026-07-01 16:07:22 - INFO - H    0     0                      14.8659353   -1.18020   108%     -    0s
     0     0   -0.45400    0  144   14.86594   -0.45400   103%     -    0s
2026-07-01 16:07:22 - INFO -      0     0   -0.45400    0  144   14.86594   -0.45400   103%     -    0s
     0     0   -0.44015    0  144   14.86594   -0.44015   103%     -    0s
2026-07-01 16:07:22 - INFO -      0     0   -0.44015    0  144   14.86594   -0.44015   103%     -    0s
     0     0   -0.27078    0  147   14.86594   -0.27078   102%     -    0s
2026-07-01 16:07:22 - INFO -      0     0   -0.27078    0  147   14.86594   -0.27078   102%     -    0s
     0     0   -0.27078    0  147   14.86594   -0.27078   102%     -    0s
2026-07-01 16:07:22 - INFO -      0     0   -0.27078    0  147   14.86594   -0.27078   102%     -    0s
     0     0   -0.27078    0  141   14.86594   -0.27078   102%     -    1s
2026-07-01 16:07:22 - INFO -      0     0   -0.27078    0  141   14.86594   -0.27078   102%     -    1s
H    0     0                      13.3955971   -0.08426   101%     -    1s
2026-07-01 16:07:22 - INFO - H    0     0                      13.3955971   -0.08426   101%     -    1s
H    0     0                      11.8160511   -0.08426   101%     -    1s
2026-07-01 16:07:22 - INFO - H    0     0                      11.8160511   -0.08426   101%     -    1s
     0     0   -0.08426    0  155   11.81605   -0.08426   101%     -    1s
2026-07-01 16:07:22 - INFO -      0     0   -0.08426    0  155   11.81605   -0.08426   101%     -    1s
     0     0    0.09412    0  133   11.81605    0.09412  99.2%     -    1s
2026-07-01 16:07:22 - INFO -      0     0    0.09412    0  133   11.81605    0.09412  99.2%     -    1s
     0     0    0.09412    0  115   11.81605    0.09412  99.2%     -    1s
2026-07-01 16:07:23 - INFO -      0     0    0.09412    0  115   11.81605    0.09412  99.2%     -    1s
H    0     0                      11.7420223    0.09412  99.2%     -    1s
2026-07-01 16:07:23 - INFO - H    0     0                      11.7420223    0.09412  99.2%     -    1s
H    0     0                      11.7372964    0.09412  99.2%     -    1s
2026-07-01 16:07:23 - INFO - H    0     0                      11.7372964    0.09412  99.2%     -    1s
H    0     0                      11.4830733    0.09412  99.2%     -    1s
2026-07-01 16:07:23 - INFO - H    0     0                      11.4830733    0.09412  99.2%     -    1s
H    0     0                       8.8776486    0.40102  95.5%     -    1s
2026-07-01 16:07:23 - INFO - H    0     0                       8.8776486    0.40102  95.5%     -    1s
H    0     0                       8.7481741    0.40102  95.4%     -    1s
2026-07-01 16:07:23 - INFO - H    0     0                       8.7481741    0.40102  95.4%     -    1s
     0     0    0.40102    0  138    8.74817    0.40102  95.4%     -    1s
2026-07-01 16:07:23 - INFO -      0     0    0.40102    0  138    8.74817    0.40102  95.4%     -    1s
     0     0    0.40156    0  143    8.74817    0.40156  95.4%     -    1s
2026-07-01 16:07:23 - INFO -      0     0    0.40156    0  143    8.74817    0.40156  95.4%     -    1s
H    0     0                       8.3051632    0.42409  94.9%     -    1s
2026-07-01 16:07:23 - INFO - H    0     0                       8.3051632    0.42409  94.9%     -    1s
     0     0    0.43526    0  149    8.30516    0.43526  94.8%     -    1s
2026-07-01 16:07:23 - INFO -      0     0    0.43526    0  149    8.30516    0.43526  94.8%     -    1s
     0     0    0.43526    0  147    8.30516    0.43526  94.8%     -    1s
2026-07-01 16:07:23 - INFO -      0     0    0.43526    0  147    8.30516    0.43526  94.8%     -    1s
     0     0    0.43526    0  142    8.30516    0.43526  94.8%     -    1s
2026-07-01 16:07:23 - INFO -      0     0    0.43526    0  142    8.30516    0.43526  94.8%     -    1s
H    0     0                       8.2110000    0.53380  93.5%     -    1s
2026-07-01 16:07:23 - INFO - H    0     0                       8.2110000    0.53380  93.5%     -    1s
H    0     0                       7.6831417    0.53380  93.1%     -    1s
2026-07-01 16:07:23 - INFO - H    0     0                       7.6831417    0.53380  93.1%     -    1s
H    0     0                       7.6771421    0.53380  93.0%     -    1s
2026-07-01 16:07:23 - INFO - H    0     0                       7.6771421    0.53380  93.0%     -    1s
     0     0    0.53380    0  150    7.67714    0.53380  93.0%     -    1s
2026-07-01 16:07:23 - INFO -      0     0    0.53380    0  150    7.67714    0.53380  93.0%     -    1s
     0     0    0.53380    0  160    7.67714    0.53380  93.0%     -    1s
2026-07-01 16:07:23 - INFO -      0     0    0.53380    0  160    7.67714    0.53380  93.0%     -    1s
     0     0    0.60876    0  149    7.67714    0.60876  92.1%     -    1s
2026-07-01 16:07:23 - INFO -      0     0    0.60876    0  149    7.67714    0.60876  92.1%     -    1s
     0     0    0.60876    0  149    7.67714    0.60876  92.1%     -    1s
2026-07-01 16:07:23 - INFO -      0     0    0.60876    0  149    7.67714    0.60876  92.1%     -    1s
     0     0    0.60876    0  141    7.67714    0.60876  92.1%     -    1s
2026-07-01 16:07:23 - INFO -      0     0    0.60876    0  141    7.67714    0.60876  92.1%     -    1s
H    0     0                       7.6395392    0.62075  91.9%     -    1s
2026-07-01 16:07:23 - INFO - H    0     0                       7.6395392    0.62075  91.9%     -    1s
     0     0    0.62075    0  138    7.63954    0.62075  91.9%     -    1s
2026-07-01 16:07:23 - INFO -      0     0    0.62075    0  138    7.63954    0.62075  91.9%     -    1s
     0     0    0.62075    0  131    7.63954    0.62075  91.9%     -    1s
2026-07-01 16:07:23 - INFO -      0     0    0.62075    0  131    7.63954    0.62075  91.9%     -    1s
     0     2    0.62075    0  130    7.63954    0.62075  91.9%     -    1s
2026-07-01 16:07:23 - INFO -      0     2    0.62075    0  130    7.63954    0.62075  91.9%     -    1s
H   80    90                       7.3505930    0.62075  91.6%   417    2s
2026-07-01 16:07:24 - INFO - H   80    90                       7.3505930    0.62075  91.6%   417    2s
H  100   105                       7.3110247    0.62075  91.5%   470    2s
2026-07-01 16:07:24 - INFO - H  100   105                       7.3110247    0.62075  91.5%   470    2s
H  134   148                       7.1595910    0.62075  91.3%   461    2s
2026-07-01 16:07:24 - INFO - H  134   148                       7.1595910    0.62075  91.3%   461    2s
H  145   148                       6.7615165    0.62075  90.8%   486    2s
2026-07-01 16:07:24 - INFO - H  145   148                       6.7615165    0.62075  90.8%   486    2s
H  162   177                       6.7280719    0.62075  90.8%   502    3s
2026-07-01 16:07:24 - INFO - H  162   177                       6.7280719    0.62075  90.8%   502    3s
H  176   194                       6.6951621    0.62075  90.7%   514    3s
2026-07-01 16:07:25 - INFO - H  176   194                       6.6951621    0.62075  90.7%   514    3s
H  207   219                       6.6389982    0.62075  90.7%   517    3s
2026-07-01 16:07:25 - INFO - H  207   219                       6.6389982    0.62075  90.7%   517    3s
H  222   233                       6.6093101    0.72288  89.1%   519    3s
2026-07-01 16:07:25 - INFO - H  222   233                       6.6093101    0.72288  89.1%   519    3s
   344   359    2.42863    9  194    6.60931    2.09930  68.2%   505    5s
2026-07-01 16:07:26 - INFO -    344   359    2.42863    9  194    6.60931    2.09930  68.2%   505    5s
H  398   401                       6.5845514    2.16422  67.1%   511    5s
2026-07-01 16:07:27 - INFO - H  398   401                       6.5845514    2.16422  67.1%   511    5s
H  400   416                       6.1349803    2.16591  64.7%   511    5s
2026-07-01 16:07:27 - INFO - H  400   416                       6.1349803    2.16591  64.7%   511    5s
H  403   416                       6.1253236    2.16736  64.6%   513    5s
2026-07-01 16:07:27 - INFO - H  403   416                       6.1253236    2.16736  64.6%   513    5s
H  415   448                       6.1125477    2.17245  64.5%   512    5s
2026-07-01 16:07:27 - INFO - H  415   448                       6.1125477    2.17245  64.5%   512    5s
H  489   551                       6.0883612    2.20366  63.8%   489    6s
2026-07-01 16:07:28 - INFO - H  489   551                       6.0883612    2.20366  63.8%   489    6s
H  550   586                       5.9588308    2.21788  62.8%   462    6s
2026-07-01 16:07:28 - INFO - H  550   586                       5.9588308    2.21788  62.8%   462    6s
H  555   586                       5.9040652    2.21805  62.4%   461    6s
2026-07-01 16:07:28 - INFO - H  555   586                       5.9040652    2.21805  62.4%   461    6s
H  644   663                       5.8750893    2.25774  61.6%   449    6s
2026-07-01 16:07:28 - INFO - H  644   663                       5.8750893    2.25774  61.6%   449    6s
H  658   663                       5.8539634    2.26964  61.2%   450    6s
2026-07-01 16:07:28 - INFO - H  658   663                       5.8539634    2.26964  61.2%   450    6s
H 1395  1407                       5.8327009    2.39782  58.9%   335    8s
2026-07-01 16:07:29 - INFO - H 1395  1407                       5.8327009    2.39782  58.9%   335    8s
  2002  1985    2.56734   10  131    5.83270    2.51805  56.8%   302   11s
2026-07-01 16:07:33 - INFO -   2002  1985    2.56734   10  131    5.83270    2.51805  56.8%   302   11s
H 2015  1894                       5.8327008    2.51805  56.8%   300   12s
2026-07-01 16:07:34 - INFO - H 2015  1894                       5.8327008    2.51805  56.8%   300   12s
H 2016  1799                       5.8327008    2.51805  56.8%   300   12s
2026-07-01 16:07:34 - INFO - H 2016  1799                       5.8327008    2.51805  56.8%   300   12s
H 2016  1708                       5.8327008    2.51805  56.8%   300   12s
2026-07-01 16:07:34 - INFO - H 2016  1708                       5.8327008    2.51805  56.8%   300   12s
H 2018  1625                       5.8327008    2.51805  56.8%   299   13s
2026-07-01 16:07:34 - INFO - H 2018  1625                       5.8327008    2.51805  56.8%   299   13s
H 2018  1543                       5.8327007    2.51805  56.8%   299   13s
2026-07-01 16:07:35 - INFO - H 2018  1543                       5.8327007    2.51805  56.8%   299   13s
H 2019  1466                       5.8327007    2.51805  56.8%   299   13s
2026-07-01 16:07:35 - INFO - H 2019  1466                       5.8327007    2.51805  56.8%   299   13s
  2212  1628    3.28309   22  212    5.83270    3.01716  48.3%   305   15s
2026-07-01 16:07:36 - INFO -   2212  1628    3.28309   22  212    5.83270    3.01716  48.3%   305   15s
H 2214  1553                       5.8327007    3.06471  47.5%   305   15s
2026-07-01 16:07:36 - INFO - H 2214  1553                       5.8327007    3.06471  47.5%   305   15s
H 2343  1554                       5.8327007    3.20803  45.0%   317   16s
2026-07-01 16:07:37 - INFO - H 2343  1554                       5.8327007    3.20803  45.0%   317   16s
H 2391  1529                       5.8327007    3.24180  44.4%   323   16s
2026-07-01 16:07:38 - INFO - H 2391  1529                       5.8327007    3.24180  44.4%   323   16s
H 2555  1559                       5.8327007    3.33699  42.8%   337   17s
2026-07-01 16:07:39 - INFO - H 2555  1559                       5.8327007    3.33699  42.8%   337   17s
H 2570  1538                       5.8327007    3.34517  42.6%   338   17s
2026-07-01 16:07:39 - INFO - H 2570  1538                       5.8327007    3.34517  42.6%   338   17s
H 2632  1494                       5.8327007    3.37630  42.1%   341   17s
2026-07-01 16:07:39 - INFO - H 2632  1494                       5.8327007    3.37630  42.1%   341   17s
H 2823  1606                       5.8327006    3.43522  41.1%   345   18s
2026-07-01 16:07:40 - INFO - H 2823  1606                       5.8327006    3.43522  41.1%   345   18s
  3214  1989    3.70838   23  228    5.83270    3.48036  40.3%   339   20s
2026-07-01 16:07:41 - INFO -   3214  1989    3.70838   23  228    5.83270    3.48036  40.3%   339   20s
H 3325  1900                       5.8327006    3.48355  40.3%   333   20s
2026-07-01 16:07:41 - INFO - H 3325  1900                       5.8327006    3.48355  40.3%   333   20s
H 3352  1842                       5.8327006    3.48473  40.3%   332   20s
2026-07-01 16:07:41 - INFO - H 3352  1842                       5.8327006    3.48473  40.3%   332   20s
H 3535  1892                       5.8327006    3.51222  39.8%   338   21s
2026-07-01 16:07:43 - INFO - H 3535  1892                       5.8327006    3.51222  39.8%   338   21s
H 3985  2131                       5.8327006    3.55371  39.1%   338   23s
2026-07-01 16:07:45 - INFO - H 3985  2131                       5.8327006    3.55371  39.1%   338   23s
H 4056  2129                       5.8327006    3.55980  39.0%   338   24s
2026-07-01 16:07:45 - INFO - H 4056  2129                       5.8327006    3.55980  39.0%   338   24s
  4226  2293    3.67351   22  227    5.83270    3.57255  38.7%   336   25s
2026-07-01 16:07:47 - INFO -   4226  2293    3.67351   22  227    5.83270    3.57255  38.7%   336   25s
H 5616  3621                       5.8327006    3.62514  37.8%   305   28s
2026-07-01 16:07:50 - INFO - H 5616  3621                       5.8327006    3.62514  37.8%   305   28s
  8059  6651    3.76502   24  195    5.83270    3.69370  36.7%   265   30s
2026-07-01 16:07:52 - INFO -   8059  6651    3.76502   24  195    5.83270    3.69370  36.7%   265   30s
H 9369  7143                       5.8327005    3.73003  36.0%   255   30s
2026-07-01 16:07:52 - INFO - H 9369  7143                       5.8327005    3.73003  36.0%   255   30s
H10461  8429                       5.8327005    3.76823  35.4%   248   31s
2026-07-01 16:07:53 - INFO - H10461  8429                       5.8327005    3.76823  35.4%   248   31s
H13165 11184                       5.7638455    3.86703  32.9%   238   33s
2026-07-01 16:07:55 - INFO - H13165 11184                       5.7638455    3.86703  32.9%   238   33s
H13725 11761                       5.7437385    3.88578  32.3%   236   33s
2026-07-01 16:07:55 - INFO - H13725 11761                       5.7437385    3.88578  32.3%   236   33s
 16197 14185    4.10460   24  176    5.74374    3.98520  30.6%   228   35s
2026-07-01 16:07:57 - INFO -  16197 14185    4.10460   24  176    5.74374    3.98520  30.6%   228   35s
H16991 14195                       5.6469049    4.02177  28.8%   227   36s
2026-07-01 16:07:58 - INFO - H16991 14195                       5.6469049    4.02177  28.8%   227   36s
H17576 15189                       5.5917320    4.02589  28.0%   225   37s
2026-07-01 16:07:59 - INFO - H17576 15189                       5.5917320    4.02589  28.0%   225   37s
H18411 16006                       5.5915379    4.05010  27.6%   223   37s
2026-07-01 16:07:59 - INFO - H18411 16006                       5.5915379    4.05010  27.6%   223   37s
H19113 16824                       5.5797675    4.07398  27.0%   222   38s
2026-07-01 16:08:00 - INFO - H19113 16824                       5.5797675    4.07398  27.0%   222   38s
 21274 18102 infeasible   33         5.57977    4.11054  26.3%   217   40s
2026-07-01 16:08:02 - INFO -  21274 18102 infeasible   33         5.57977    4.11054  26.3%   217   40s
H21276 18063                       5.5326859    4.11068  25.7%   217   40s
2026-07-01 16:08:02 - INFO - H21276 18063                       5.5326859    4.11068  25.7%   217   40s
H21281 17994                       5.4738339    4.11147  24.9%   218   40s
2026-07-01 16:08:02 - INFO - H21281 17994                       5.4738339    4.11147  24.9%   218   40s
H21295 17956                       5.4502930    4.11239  24.5%   218   40s
2026-07-01 16:08:02 - INFO - H21295 17956                       5.4502930    4.11239  24.5%   218   40s
H21304 18893                       5.4398091    4.11289  24.4%   218   40s
2026-07-01 16:08:02 - INFO - H21304 18893                       5.4398091    4.11289  24.4%   218   40s
H24358 20914                       5.4284191    4.15883  23.4%   217   44s
2026-07-01 16:08:06 - INFO - H24358 20914                       5.4284191    4.15883  23.4%   217   44s
 24589 22164    4.43895   27  126    5.42842    4.15978  23.4%   217   45s
2026-07-01 16:08:07 - INFO -  24589 22164    4.43895   27  126    5.42842    4.15978  23.4%   217   45s
H26582 23393                       5.4284191    4.17766  23.0%   216   46s
2026-07-01 16:08:07 - INFO - H26582 23393                       5.4284191    4.17766  23.0%   216   46s
H27354 25441                       5.4284190    4.19284  22.8%   216   46s
2026-07-01 16:08:08 - INFO - H27354 25441                       5.4284190    4.19284  22.8%   216   46s
H27653 25441                       5.4284190    4.19517  22.7%   216   47s
2026-07-01 16:08:08 - INFO - H27653 25441                       5.4284190    4.19517  22.7%   216   47s
H28622 25441                       5.4284189    4.19656  22.7%   215   47s
2026-07-01 16:08:08 - INFO - H28622 25441                       5.4284189    4.19656  22.7%   215   47s
H29894 26479                       5.4284189    4.21922  22.3%   213   47s
2026-07-01 16:08:09 - INFO - H29894 26479                       5.4284189    4.21922  22.3%   213   47s
H30692 26527                       5.4284189    4.23193  22.0%   213   48s
2026-07-01 16:08:10 - INFO - H30692 26527                       5.4284189    4.23193  22.0%   213   48s
 31363 27802    4.43284   31  144    5.42842    4.23699  21.9%   213   50s
2026-07-01 16:08:12 - INFO -  31363 27802    4.43284   31  144    5.42842    4.23699  21.9%   213   50s
H31617 27802                       5.4284189    4.23763  21.9%   212   50s
2026-07-01 16:08:12 - INFO - H31617 27802                       5.4284189    4.23763  21.9%   212   50s
H33737 30463                       5.4284189    4.24784  21.7%   211   52s
2026-07-01 16:08:13 - INFO - H33737 30463                       5.4284189    4.24784  21.7%   211   52s
H35398 31913                       5.4284188    4.26926  21.4%   210   52s
2026-07-01 16:08:14 - INFO - H35398 31913                       5.4284188    4.26926  21.4%   210   52s
H37481 33798                       5.4284188    4.29986  20.8%   209   54s
2026-07-01 16:08:15 - INFO - H37481 33798                       5.4284188    4.29986  20.8%   209   54s
H37534 33798                       5.4284188    4.30015  20.8%   209   54s
2026-07-01 16:08:15 - INFO - H37534 33798                       5.4284188    4.30015  20.8%   209   54s
H38772 35493                       5.4284188    4.32165  20.4%   208   54s
2026-07-01 16:08:16 - INFO - H38772 35493                       5.4284188    4.32165  20.4%   208   54s
H39875 35493                       5.4284188    4.32349  20.4%   207   54s
2026-07-01 16:08:16 - INFO - H39875 35493                       5.4284188    4.32349  20.4%   207   54s
 40715 35559    4.59447   36  108    5.42842    4.33841  20.1%   206   56s
2026-07-01 16:08:17 - INFO -  40715 35559    4.59447   36  108    5.42842    4.33841  20.1%   206   56s
H40784 35559                       5.4284187    4.34219  20.0%   206   56s
2026-07-01 16:08:17 - INFO - H40784 35559                       5.4284187    4.34219  20.0%   206   56s
 44753 40873    4.66810   35   93    5.42842    4.35328  19.8%   203   60s
2026-07-01 16:08:21 - INFO -  44753 40873    4.66810   35   93    5.42842    4.35328  19.8%   203   60s
 52705 47117    4.55763   33  133    5.42842    4.42447  18.5%   197   65s
2026-07-01 16:08:27 - INFO -  52705 47117    4.55763   33  133    5.42842    4.42447  18.5%   197   65s
 60403 54842    5.06882   37   71    5.42842    4.46557  17.7%   192   70s
2026-07-01 16:08:32 - INFO -  60403 54842    5.06882   37   71    5.42842    4.46557  17.7%   192   70s
H62677 54870                       5.4284187    4.47792  17.5%   191   71s
2026-07-01 16:08:33 - INFO - H62677 54870                       5.4284187    4.47792  17.5%   191   71s
H62679 54870                       5.4284187    4.47814  17.5%   191   71s
2026-07-01 16:08:33 - INFO - H62679 54870                       5.4284187    4.47814  17.5%   191   71s
 62784 55091    4.70395   34  152    5.42842    4.47937  17.5%   191   75s
2026-07-01 16:08:37 - INFO -  62784 55091    4.70395   34  152    5.42842    4.47937  17.5%   191   75s
H62788 54833                       5.3903822    4.47942  16.9%   191   75s
2026-07-01 16:08:37 - INFO - H62788 54833                       5.3903822    4.47942  16.9%   191   75s
 64508 57161    4.64609   34   91    5.39038    4.48194  16.9%   191   80s
2026-07-01 16:08:42 - INFO -  64508 57161    4.64609   34   91    5.39038    4.48194  16.9%   191   80s
H65133 57161                       5.3903822    4.48276  16.8%   190   80s
2026-07-01 16:08:42 - INFO - H65133 57161                       5.3903822    4.48276  16.8%   190   80s
H66978 59629                       5.3903822    4.48454  16.8%   190   82s
2026-07-01 16:08:43 - INFO - H66978 59629                       5.3903822    4.48454  16.8%   190   82s
H67405 59629                       5.3903822    4.48506  16.8%   189   82s
2026-07-01 16:08:43 - INFO - H67405 59629                       5.3903822    4.48506  16.8%   189   82s
H67520 59629                       5.3903766    4.48521  16.8%   189   82s
2026-07-01 16:08:43 - INFO - H67520 59629                       5.3903766    4.48521  16.8%   189   82s
 72555 63139    5.33777   25  161    5.39038    4.52319  16.1%   188   85s
2026-07-01 16:08:47 - INFO -  72555 63139    5.33777   25  161    5.39038    4.52319  16.1%   188   85s
H76859 67916                       5.3903743    4.52648  16.0%   187   89s
2026-07-01 16:08:51 - INFO - H76859 67916                       5.3903743    4.52648  16.0%   187   89s
 78612 71116     cutoff   34         5.39037    4.53932  15.8%   186   91s
2026-07-01 16:08:53 - INFO -  78612 71116     cutoff   34         5.39037    4.53932  15.8%   186   91s
 85387 76960    4.83199   26  138    5.39037    4.57107  15.2%   185   97s
2026-07-01 16:08:59 - INFO -  85387 76960    4.83199   26  138    5.39037    4.57107  15.2%   185   97s
 90041 77820    4.89417   39   85    5.39037    4.59910  14.7%   185  100s
2026-07-01 16:09:02 - INFO -  90041 77820    4.89417   39   85    5.39037    4.59910  14.7%   185  100s
 98271 83573    4.89766   29  144    5.39037    4.62811  14.1%   183  105s
2026-07-01 16:09:07 - INFO -  98271 83573    4.89766   29  144    5.39037    4.62811  14.1%   183  105s
 104762 88516    4.90534   35  125    5.39037    4.65016  13.7%   182  111s
2026-07-01 16:09:13 - INFO -  104762 88516    4.90534   35  125    5.39037    4.65016  13.7%   182  111s
 106100 92038    5.14629   40   64    5.39037    4.65281  13.7%   182  115s
2026-07-01 16:09:17 - INFO -  106100 92038    5.14629   40   64    5.39037    4.65281  13.7%   182  115s
 113302 98490    5.19743   33  153    5.39037    4.67008  13.4%   180  121s
2026-07-01 16:09:23 - INFO -  113302 98490    5.19743   33  153    5.39037    4.67008  13.4%   180  121s
 120071 101697    5.33939   31  119    5.39037    4.69027  13.0%   179  126s
2026-07-01 16:09:27 - INFO -  120071 101697    5.33939   31  119    5.39037    4.69027  13.0%   179  126s
 125036 105335    4.88482   33  131    5.39037    4.70464  12.7%   178  131s
2026-07-01 16:09:33 - INFO -  125036 105335    4.88482   33  131    5.39037    4.70464  12.7%   178  131s
 132639 108770    4.79683   32   93    5.39037    4.72219  12.4%   177  135s
2026-07-01 16:09:37 - INFO -  132639 108770    4.79683   32   93    5.39037    4.72219  12.4%   177  135s
 140338 114211    4.75675   34  147    5.39037    4.74336  12.0%   175  142s
2026-07-01 16:09:44 - INFO -  140338 114211    4.75675   34  147    5.39037    4.74336  12.0%   175  142s
 141972 118178     cutoff   32         5.39037    4.74407  12.0%   175  145s
2026-07-01 16:09:47 - INFO -  141972 118178     cutoff   32         5.39037    4.74407  12.0%   175  145s
 148982 121762    5.14178   25  165    5.39037    4.76316  11.6%   174  151s
2026-07-01 16:09:53 - INFO -  148982 121762    5.14178   25  165    5.39037    4.76316  11.6%   174  151s
 154029 123847    5.30966   33  106    5.39037    4.77325  11.4%   173  155s
2026-07-01 16:09:57 - INFO -  154029 123847    5.30966   33  106    5.39037    4.77325  11.4%   173  155s
 161976 128900     cutoff   30         5.39037    4.79250  11.1%   172  161s
2026-07-01 16:10:03 - INFO -  161976 128900     cutoff   30         5.39037    4.79250  11.1%   172  161s
 169048 131744    4.95278   36   91    5.39037    4.80301  10.9%   171  165s
2026-07-01 16:10:07 - INFO -  169048 131744    4.95278   36   91    5.39037    4.80301  10.9%   171  165s
 176354 137288 infeasible   30         5.39037    4.82651  10.5%   170  170s
2026-07-01 16:10:12 - INFO -  176354 137288 infeasible   30         5.39037    4.82651  10.5%   170  170s
 181933 140004     cutoff   39         5.39037    4.83507  10.3%   170  176s
2026-07-01 16:10:18 - INFO -  181933 140004     cutoff   39         5.39037    4.83507  10.3%   170  176s
 186611 141982    4.96234   35   82    5.39037    4.84398  10.1%   169  180s
2026-07-01 16:10:22 - INFO -  186611 141982    4.96234   35   82    5.39037    4.84398  10.1%   169  180s
 194481 145218    5.29108   43   31    5.39037    4.85457  9.94%   168  185s
2026-07-01 16:10:27 - INFO -  194481 145218    5.29108   43   31    5.39037    4.85457  9.94%   168  185s
 203324 149089    4.93289   37  100    5.39037    4.87570  9.55%   167  191s
2026-07-01 16:10:33 - INFO -  203324 149089    4.93289   37  100    5.39037    4.87570  9.55%   167  191s
 205878 149965    5.09861   39   94    5.39037    4.87835  9.50%   166  195s
2026-07-01 16:10:36 - INFO -  205878 149965    5.09861   39   94    5.39037    4.87835  9.50%   166  195s
 211689 153378    4.97625   35  152    5.39037    4.88276  9.42%   166  200s
2026-07-01 16:10:42 - INFO -  211689 153378    4.97625   35  152    5.39037    4.88276  9.42%   166  200s
 219661 156789    5.17977   36  123    5.39037    4.89721  9.15%   165  206s
2026-07-01 16:10:48 - INFO -  219661 156789    5.17977   36  123    5.39037    4.89721  9.15%   165  206s
 229422 159010     cutoff   35         5.39037    4.91907  8.74%   163  211s
2026-07-01 16:10:52 - INFO -  229422 159010     cutoff   35         5.39037    4.91907  8.74%   163  211s
 233174 161470    5.33902   35   78    5.39037    4.92249  8.68%   163  216s
2026-07-01 16:10:57 - INFO -  233174 161470    5.33902   35   78    5.39037    4.92249  8.68%   163  216s
 242222 163989     cutoff   36         5.39037    4.93954  8.36%   161  221s
2026-07-01 16:11:03 - INFO -  242222 163989     cutoff   36         5.39037    4.93954  8.36%   161  221s
 245749 166872    5.26877   28  136    5.39037    4.94170  8.32%   161  225s
2026-07-01 16:11:06 - INFO -  245749 166872    5.26877   28  136    5.39037    4.94170  8.32%   161  225s
 255663 168222    5.10695   27  142    5.39037    4.95324  8.11%   159  230s
2026-07-01 16:11:12 - INFO -  255663 168222    5.10695   27  142    5.39037    4.95324  8.11%   159  230s
 261481 170236    5.22139   30  143    5.39037    4.96537  7.88%   159  236s
2026-07-01 16:11:18 - INFO -  261481 170236    5.22139   30  143    5.39037    4.96537  7.88%   159  236s
 266120 172907    5.18662   36   37    5.39037    4.96807  7.83%   158  241s
2026-07-01 16:11:23 - INFO -  266120 172907    5.18662   36   37    5.39037    4.96807  7.83%   158  241s
 271993 174530     cutoff   32         5.39037    4.98114  7.59%   157  245s
2026-07-01 16:11:27 - INFO -  271993 174530     cutoff   32         5.39037    4.98114  7.59%   157  245s
 281628 177923    5.08266   35   77    5.39037    4.98907  7.44%   156  252s
2026-07-01 16:11:34 - INFO -  281628 177923    5.08266   35   77    5.39037    4.98907  7.44%   156  252s
 292504 179082    5.01892   37   80    5.39037    5.00746  7.10%   154  255s
2026-07-01 16:11:37 - INFO -  292504 179082    5.01892   37   80    5.39037    5.00746  7.10%   154  255s
 296825 181193    5.01957   43   47    5.39037    5.01079  7.04%   154  260s
2026-07-01 16:11:42 - INFO -  296825 181193    5.01957   43   47    5.39037    5.01079  7.04%   154  260s
 305151 182367     cutoff   37         5.39037    5.01865  6.90%   152  265s
2026-07-01 16:11:47 - INFO -  305151 182367     cutoff   37         5.39037    5.01865  6.90%   152  265s
 311288 184020     cutoff   33         5.39037    5.02837  6.72%   152  272s
2026-07-01 16:11:54 - INFO -  311288 184020     cutoff   33         5.39037    5.02837  6.72%   152  272s
H317708 185503                       5.3903743    5.03151  6.66%   151  274s
2026-07-01 16:11:56 - INFO - H317708 185503                       5.3903743    5.03151  6.66%   151  274s
 319986 185680    5.27526   35  138    5.39037    5.03785  6.54%   150  276s
2026-07-01 16:11:58 - INFO -  319986 185680    5.27526   35  138    5.39037    5.03785  6.54%   150  276s
 324408 187284    5.12864   43   34    5.39037    5.04118  6.48%   150  280s
2026-07-01 16:12:02 - INFO -  324408 187284    5.12864   43   34    5.39037    5.04118  6.48%   150  280s
 332818 189291     cutoff   34         5.39037    5.05107  6.29%   149  285s
2026-07-01 16:12:07 - INFO -  332818 189291     cutoff   34         5.39037    5.05107  6.29%   149  285s
 338528 190442    5.08028   38   70    5.39037    5.06057  6.12%   148  291s
2026-07-01 16:12:13 - INFO -  338528 190442    5.08028   38   70    5.39037    5.06057  6.12%   148  291s
 350529 191236    5.13063   33   93    5.39037    5.07404  5.87%   146  295s
2026-07-01 16:12:17 - INFO -  350529 191236    5.13063   33   93    5.39037    5.07404  5.87%   146  295s
 355711 192151     cutoff   34         5.39037    5.07742  5.81%   146  300s
2026-07-01 16:12:21 - INFO -  355711 192151     cutoff   34         5.39037    5.07742  5.81%   146  300s

2026-07-01 16:12:21 - INFO - 
Cutting planes:
2026-07-01 16:12:21 - INFO - Cutting planes:
  Learned: 196
2026-07-01 16:12:21 - INFO -   Learned: 196
  Gomory: 347
2026-07-01 16:12:21 - INFO -   Gomory: 347
  Lift-and-project: 450
2026-07-01 16:12:21 - INFO -   Lift-and-project: 450
  Cover: 567
2026-07-01 16:12:21 - INFO -   Cover: 567
  Implied bound: 13
2026-07-01 16:12:21 - INFO -   Implied bound: 13
  MIR: 544
2026-07-01 16:12:21 - INFO -   MIR: 544
  Mixing: 16
2026-07-01 16:12:21 - INFO -   Mixing: 16
  StrongCG: 2
2026-07-01 16:12:21 - INFO -   StrongCG: 2
  Flow cover: 1829
2026-07-01 16:12:21 - INFO -   Flow cover: 1829
  Inf proof: 545
2026-07-01 16:12:21 - INFO -   Inf proof: 545
  Zero half: 50
2026-07-01 16:12:21 - INFO -   Zero half: 50
  Network: 1
2026-07-01 16:12:21 - INFO -   Network: 1
  RLT: 42
2026-07-01 16:12:21 - INFO -   RLT: 42
  Relax-and-lift: 275
2026-07-01 16:12:21 - INFO -   Relax-and-lift: 275

2026-07-01 16:12:21 - INFO - 
Explored 355937 nodes (51792435 simplex iterations) in 300.03 seconds (557.15 work units)
2026-07-01 16:12:21 - INFO - Explored 355937 nodes (51792435 simplex iterations) in 300.03 seconds (557.15 work units)
Thread count was 28 (of 28 available processors)
2026-07-01 16:12:21 - INFO - Thread count was 28 (of 28 available processors)

2026-07-01 16:12:21 - INFO - 
Solution count 10: 5.39037 5.39037 5.39038 ... 5.42842
2026-07-01 16:12:21 - INFO - Solution count 10: 5.39037 5.39037 5.39038 ... 5.42842

2026-07-01 16:12:21 - INFO - 
Time limit reached
2026-07-01 16:12:21 - INFO - Time limit reached
Best objective 5.390374288999e+00, best bound 5.078090089647e+00, gap 5.7934%
2026-07-01 16:12:21 - INFO - Best objective 5.390374288999e+00, best bound 5.078090089647e+00, gap 5.7934%
[EMIB] Solve done: MIPGap=0.0, status=Feasible, Obj=5.390374, time=300.03s, SolCount=10


================================================================================
ILP MODEL ANALYSIS REPORT - Chiplet Placement ILP (Gap=0.0)
Generated: 2026-07-01 16:12:21
================================================================================

[MODEL STRUCTURE]
  Constraints (rows):                   1213
  Variables (columns):                   567
  Non-zero elements:                    4073
  Objective coefficients:                  4

[VARIABLE TYPES]
  Continuous:                            240
  Integer:                                 0
  Binary:                                327

[CONSTRAINT TYPES]
  <= constraints:                              678
  == constraints:                              168
  >= constraints:                              367

[COEFFICIENT STATISTICS]
  Matrix range:              [2.93e-01, 5.93e+03]
  Objective range:           [6.59e-06, 1.06e-01]
  Bounds range:              [-2.46e+02, 1.71e+07]

[SOLVE STATISTICS]
  Status:                    Time Limit
  Objective value:                  5.390374
  Best bound:                       5.078090
  MIP gap:                           5.7934%
  Solve time (s):                     300.03
  Solutions found:                        10
  Nodes explored:                   355937.0
  Simplex iterations:             51792435.0

[MEMORY USAGE]
  Initial memory:                     94.39 MB
  Peak memory:                      1723.62 MB
  Final memory:                     1723.62 MB
  Peak increase:                    1629.23 MB
  Final increase:                   1629.23 MB

================================================================================

================================================================================
[OBJECTIVE FUNCTION BREAKDOWN - SOLUTION VALUES]
================================================================================

[Actual Variable Values]
  wirelength: 4.537549e+04
  bbox_area_proxy_t: 5.039840e+01
  aspect_ratio_penalty: 3.002000e+00
  power_aware_penalty: 6.262270e+05

[Normalized Values]
  norm_wirelength = 4.537549e+04 / 5.437364e+04 = 8.345126e-01
  norm_t = 5.039840e+01 / 5.663921e+01 = 8.898147e-01
  norm_aspect = 3.002000e+00 / 5.500000e+01 = 5.458182e-02
  norm_power = 6.262270e+05 / 3.490391e+05 = 1.794146e+00

[Weighted Contributions]
  1. Wirelength: 5.000000e+00 * 8.345126e-01 = 4.172563e+00
  2. Area: 6.000000e+00 * 8.898147e-01 = 5.338888e+00
  3. Aspect Ratio: 1.000000e-01 * 5.458182e-02 = 5.458182e-03
  4. Power Awareness: -2.300000e+00 * 1.794146e+00 = -4.126535e+00

[Total Objective Value]
  4.172563e+00 + 5.338888e+00 + 5.458182e-03 - 4.126535e+00
  = 5.390374e+00
================================================================================

[EMIB] Solve succeeded (Feasible)
[EMIB] placement JSON saved: /root/placement/MPDAP/output_gurobi_EMIB_chiplet_5_6_01_23/placement/syn1.json
[EMIB] Layout figure saved: /root/placement/MPDAP/output_gurobi_EMIB_chiplet_5_6_01_23/fig/syn1_core/solution_1_layout_gurobi.png
2026-07-01 16:12:23 - INFO - 
EMIB returned 1 solution(s) (max 1).
  ✓ EMIB: 1 solution(s)

================================================================================
Batch test done (Gurobi)
  Total time: 301.74 s
================================================================================
File summary:
  Success: 1/1
  Failed: 0/1
Solution count:
  Found: 1/1

Details:
  ✓ syn1.json -> syn1_core: 1 solution(s)
    Log dir: /root/placement/MPDAP/output_gurobi_EMIB_chiplet_5_6_01_23/log/syn1_core
    LP dir: /root/placement/MPDAP/output_gurobi_EMIB_chiplet_5_6_01_23/lp/syn1_core
    Fig dir: /root/placement/MPDAP/output_gurobi_EMIB_chiplet_5_6_01_23/fig/syn1_core
    Placement: /root/placement/MPDAP/output_gurobi_EMIB_chiplet_5_6_01_23/placement/syn1.json
================================================================================

