node 0 w: 7.0, h: 5.0
node 1 w: 5.0, h: 5.0
node 2 w: 6.0, h:2026-06-21 21:10:09 - INFO - Set parameter WLSAccessID
2026-06-21 21:10:09 - INFO - Set parameter WLSSecret
2026-06-21 21:10:09 - INFO - Set parameter LicenseID to value 2756663
2026-06-21 21:10:09 - INFO - Academic license 2756663 - for non-commercial use only - registered to hu___@sjtu.edu.cn
2026-06-21 21:10:09 - INFO - Set parameter TimeLimit to value 300
2026-06-21 21:10:09 - INFO - Set parameter MIPGap to value 0
2026-06-21 21:10:09 - INFO - Set parameter MIPFocus to value 3
2026-06-21 21:10:09 - INFO - Set parameter Heuristics to value 0.5
2026-06-21 21:10:09 - INFO - Set parameter LogToConsole to value 1
2026-06-21 21:10:09 - INFO - Gurobi Optimizer version 13.0.1 build v13.0.1rc0 (linux64 - "Ubuntu 20.04.6 LTS")
2026-06-21 21:10:09 - INFO - 
2026-06-21 21:10:09 - INFO - CPU model: AMD Ryzen 9 9950X3D 16-Core Processor, instruction set [SSE2|AVX|AVX2|AVX512]
2026-06-21 21:10:09 - INFO - Thread count: 14 physical cores, 28 logical processors, using up to 28 threads
2026-06-21 21:10:09 - INFO - 
2026-06-21 21:10:09 - INFO - Non-default parameters:
2026-06-21 21:10:09 - INFO - TimeLimit  300
2026-06-21 21:10:09 - INFO - MIPGap  0
2026-06-21 21:10:09 - INFO - Heuristics  0.5
2026-06-21 21:10:09 - INFO - MIPFocus  3
2026-06-21 21:10:09 - INFO - 
2026-06-21 21:10:09 - INFO - Academic license 2756663 - for non-commercial use only - registered to hu___@sjtu.edu.cn
2026-06-21 21:10:09 - INFO - Optimize a model with 2249 rows, 1033 columns and 7687 nonzeros (Min)
2026-06-21 21:10:09 - INFO - Model fingerprint: 0xfd5e7d1b
2026-06-21 21:10:09 - INFO - Model has 4 linear objective coefficients
2026-06-21 21:10:09 - INFO - Variable types: 392 continuous, 641 integer (641 binary)
2026-06-21 21:10:09 - INFO - Coefficient statistics:
2026-06-21 21:10:09 - INFO -   Matrix range     [3e-01, 2e+03]
2026-06-21 21:10:09 - INFO -   Objective range  [2e-06, 1e-01]
2026-06-21 21:10:09 - INFO -   Bounds range     [9e-01, 3e+07]
2026-06-21 21:10:09 - INFO -   RHS range        [9e-01, 2e+02]
2026-06-21 21:10:09 - INFO - 
2026-06-21 21:10:09 - INFO - Presolve removed 167 rows and 145 columns
2026-06-21 21:10:09 - INFO - Presolve time: 0.01s
2026-06-21 21:10:09 - INFO - Presolved: 2082 rows, 888 columns, 6802 nonzeros
2026-06-21 21:10:09 - INFO - Variable types: 279 continuous, 609 integer (609 binary)
2026-06-21 21:10:09 - INFO - Root relaxation presolve removed 276 rows and 80 columns
2026-06-21 21:10:09 - INFO - Root relaxation presolved: 1806 rows, 840 columns, 6166 nonzeros
2026-06-21 21:10:09 - INFO - 
2026-06-21 21:10:09 - INFO - 
2026-06-21 21:10:09 - INFO - Root relaxation: objective -4.719028e+00, 455 iterations, 0.01 seconds (0.01 work units)
2026-06-21 21:10:09 - INFO - 
2026-06-21 21:10:09 - INFO -     Nodes    |    Current Node    |     Objective Bounds      |     Work
2026-06-21 21:10:09 - INFO -  Expl Unexpl |  Obj  Depth IntInf | Incumbent    BestBd   Gap | It/Node Time
2026-06-21 21:10:09 - INFO - 
2026-06-21 21:10:09 - INFO -      0     0   -4.71903    0  269          -   -4.71903      -     -    0s
2026-06-21 21:10:10 - INFO -      0     0   -3.86912    0  322          -   -3.86912      -     -    0s
2026-06-21 21:10:10 - INFO -      0     0   -3.86912    0  322          -   -3.86912      -     -    0s
2026-06-21 21:10:10 - INFO -      0     0   -3.86912    0  276          -   -3.86912      -     -    0s
2026-06-21 21:10:10 - INFO -      0     0   -2.20656    0  296          -   -2.20656      -     -    0s
2026-06-21 21:10:10 - INFO -      0     0   -2.20656    0  305          -   -2.20656      -     -    0s
2026-06-21 21:10:10 - INFO -      0     0   -2.20656    0  303          -   -2.20656      -     -    0s
2026-06-21 21:10:10 - INFO -      0     0   -2.20656    0  318          -   -2.20656      -     -    0s
2026-06-21 21:10:10 - INFO -      0     0   -2.20656    0  317          -   -2.20656      -     -    0s
2026-06-21 21:10:10 - INFO -      0     0   -2.20656    0  325          -   -2.20656      -     -    0s
2026-06-21 21:10:10 - INFO -      0     0   -2.20656    0  323          -   -2.20656      -     -    0s
2026-06-21 21:10:10 - INFO -      0     0   -2.20656    0  333          -   -2.20656      -     -    0s
2026-06-21 21:10:10 - INFO -      0     0   -2.20656    0  332          -   -2.20656      -     -    0s
2026-06-21 21:10:10 - INFO -      0     0   -0.37685    0  319          -   -0.37685      -     -    0s
2026-06-21 21:10:10 - INFO -      0     0   -0.37685    0  319          -   -0.37685      -     -    0s
2026-06-21 21:10:10 - INFO -      0     0   -0.37685    0  306          -   -0.37685      -     -    0s
2026-06-21 21:10:10 - INFO -      0     0   -0.30034    0  303          -   -0.30034      -     -    0s
2026-06-21 21:10:10 - INFO -      0     0   -0.28969    0  323          -   -0.28969      -     -    0s
2026-06-21 21:10:10 - INFO -      0     0   -0.23082    0  325          -   -0.23082      -     -    0s
2026-06-21 21:10:10 - INFO -      0     0   -0.23073    0  327          -   -0.23073      -     -    0s
2026-06-21 21:10:10 - INFO -      0     0    2.01534    0  327          -    2.01534      -     -    0s
2026-06-21 21:10:10 - INFO -      0     0    2.01534    0  327          -    2.01534      -     -    0s
2026-06-21 21:10:11 - INFO -      0     0    2.01534    0  327          -    2.01534      -     -    1s
2026-06-21 21:10:11 - INFO -      0     0    2.04532    0  336          -    2.04532      -     -    1s
2026-06-21 21:10:11 - INFO -      0     0    2.05279    0  343          -    2.05279      -     -    1s
2026-06-21 21:10:11 - INFO -      0     0    2.05803    0  351          -    2.05803      -     -    1s
2026-06-21 21:10:11 - INFO -      0     0    2.05806    0  354          -    2.05806      -     -    1s
2026-06-21 21:10:11 - INFO -      0     0    2.49452    0  338          -    2.49452      -     -    1s
2026-06-21 21:10:11 - INFO -      0     0    2.49452    0  338          -    2.49452      -     -    1s
2026-06-21 21:10:11 - INFO -      0     0    2.49452    0  319          -    2.49452      -     -    1s
2026-06-21 21:10:11 - INFO -      0     0    2.52858    0  349          -    2.52858      -     -    1s
2026-06-21 21:10:11 - INFO -      0     0    2.58991    0  366          -    2.58991      -     -    1s
2026-06-21 21:10:11 - INFO -      0     0    2.59643    0  360          -    2.59643      -     -    1s
2026-06-21 21:10:11 - INFO -      0     0    2.59914    0  366          -    2.59914      -     -    1s
2026-06-21 21:10:11 - INFO -      0     0    2.75658    0  357          -    2.75658      -     -    2s
2026-06-21 21:10:11 - INFO -      0     0    2.75658    0  357          -    2.75658      -     -    2s
2026-06-21 21:10:12 - INFO -      0     0    2.75658    0  323          -    2.75658      -     -    2s
2026-06-21 21:10:12 - INFO -      0     0    2.79143    0  341          -    2.79143      -     -    2s
2026-06-21 21:10:12 - INFO -      0     0    2.81723    0  352          -    2.81723      -     -    2s
2026-06-21 21:10:12 - INFO -      0     0    2.82525    0  374          -    2.82525      -     -    2s
2026-06-21 21:10:12 - INFO -      0     0    2.82944    0  382          -    2.82944      -     -    2s
2026-06-21 21:10:12 - INFO -      0     0    2.83006    0  381          -    2.83006      -     -    2s
2026-06-21 21:10:12 - INFO -      0     0    3.02798    0  333          -    3.02798      -     -    2s
2026-06-21 21:10:12 - INFO -      0     0    3.02798    0  330          -    3.02798      -     -    2s
2026-06-21 21:10:12 - INFO -      0     0    3.02798    0  322          -    3.02798      -     -    2s
2026-06-21 21:10:12 - INFO -      0     0    3.07295    0  330          -    3.07295      -     -    2s
2026-06-21 21:10:12 - INFO -      0     0    3.08135    0  354          -    3.08135      -     -    2s
2026-06-21 21:10:12 - INFO -      0     0    3.08538    0  371          -    3.08538      -     -    2s
2026-06-21 21:10:12 - INFO -      0     0    3.08685    0  370          -    3.08685      -     -    2s
2026-06-21 21:10:13 - INFO -      0     0    3.11090    0  379          -    3.11090      -     -    3s
2026-06-21 21:10:13 - INFO -      0     0    3.11090    0  379          -    3.11090      -     -    3s
2026-06-21 21:10:13 - INFO -      0     0    3.11090    0  356          -    3.11090      -     -    3s
2026-06-21 21:10:13 - INFO -      0     0    3.11366    0  371          -    3.11366      -     -    3s
2026-06-21 21:10:13 - INFO -      0     0    3.13692    0  388          -    3.13692      -     -    3s
2026-06-21 21:10:13 - INFO -      0     0    3.13692    0  388          -    3.13692      -     -    3s
2026-06-21 21:10:13 - INFO -      0     0    3.13692    0  354          -    3.13692      -     -    3s
2026-06-21 21:10:13 - INFO -      0     0    3.13692    0  352          -    3.13692      -     -    3s
2026-06-21 21:10:13 - INFO -      0     0    3.13692    0  337          -    3.13692      -     -    3s
2026-06-21 21:10:15 - INFO -      0     2    3.13692    0  337          -    3.13692      -     -    5s
2026-06-21 21:10:19 - INFO -   2147  2048    3.52344   13  376          -    3.45030      -  83.9   10s
2026-06-21 21:10:24 - INFO -   2182  2072    3.78461   10  426          -    3.78461      -  82.6   15s
2026-06-21 21:10:29 - INFO - H 2190  1972                      25.9487574    3.79787  85.4%  82.3   19s
2026-06-21 21:10:29 - INFO - H 2194  1880                      15.3441443    3.79792  75.2%  95.0   19s
2026-06-21 21:10:29 - INFO - H 2195  1784                      15.3418492    3.80715  75.2%  95.2   19s
2026-06-21 21:10:30 - INFO -   2198  1791    3.87559   12  449   15.34185    3.83600  75.0%  96.3   20s
2026-06-21 21:10:30 - INFO - H 2202  1700                      15.3326561    3.87612  74.7%  97.5   20s
2026-06-21 21:10:30 - INFO - H 2204  1614                      14.6675791    3.87612  73.6%  98.1   20s
2026-06-21 21:10:31 - INFO - H 2210  1547                      13.8489240    3.92772  71.6%   100   21s
2026-06-21 21:10:31 - INFO - H 2217  1468                      13.4802922    3.92772  70.9%   102   21s
2026-06-21 21:10:32 - INFO - H 2223  1418                      12.5678322    3.92776  68.7%   103   22s
2026-06-21 21:10:32 - INFO - H 2225  1348                      12.1960685    3.93844  67.7%   104   22s
2026-06-21 21:10:32 - INFO - H 2229  1281                      11.8161252    3.93844  66.7%   106   22s
2026-06-21 21:10:32 - INFO - H 2230  1218                      11.6165992    3.93844  66.1%   106   22s
2026-06-21 21:10:32 - INFO - H 2238  1155                      10.7955382    3.93844  63.5%   109   22s
2026-06-21 21:10:32 - INFO - H 2250  1132                      10.6583409    3.93844  63.0%   112   22s
2026-06-21 21:10:32 - INFO - H 2266  1073                      10.2909567    3.96644  61.5%   117   22s
2026-06-21 21:10:32 - INFO - H 2270  1020                      10.0094209    3.96644  60.4%   117   22s
2026-06-21 21:10:33 - INFO - H 2318  1050                      10.0014904    4.10993  58.9%   134   23s
2026-06-21 21:10:33 - INFO - H 2318  1004                      10.0002437    4.10993  58.9%   134   23s
2026-06-21 21:10:33 - INFO - H 2319   960                       9.9922973    4.11185  58.8%   135   23s
2026-06-21 21:10:33 - INFO - H 2330   914                       9.9260728    4.13874  58.3%   137   23s
2026-06-21 21:10:33 - INFO - H 2371   862                       9.9248261    4.19440  57.7%   144   23s
2026-06-21 21:10:33 - INFO - H 2391   871                       9.8995070    4.19440  57.6%   148   24s
2026-06-21 21:10:33 - INFO - H 2399   832                       9.8915037    4.23457  57.2%   151   24s
2026-06-21 21:10:34 - INFO - H 2458   806                       9.6555922    4.27668  55.7%   162   24s
2026-06-21 21:10:35 - INFO -   2506   849    4.47858   17  402    9.65559    4.30856  55.4%   181   25s
2026-06-21 21:10:35 - INFO - H 2507   816                       9.5652517    4.30856  55.0%   181   25s
2026-06-21 21:10:35 - INFO - H 2510   784                       9.5491540    4.31311  54.8%   182   25s
2026-06-21 21:10:35 - INFO - H 2519   752                       9.5254508    4.31587  54.7%   184   25s
2026-06-21 21:10:35 - INFO - H 2543   801                       9.5175203    4.33074  54.5%   188   25s
2026-06-21 21:10:35 - INFO - H 2596   757                       9.4321039    4.33748  54.0%   192   25s
2026-06-21 21:10:35 - INFO - H 2625   759                       9.4003818    4.34056  53.8%   194   25s
2026-06-21 21:10:35 - INFO - H 2629   734                       9.3776147    4.34286  53.7%   195   25s
2026-06-21 21:10:36 - INFO - H 2700   741                       9.3696841    4.37547  53.3%   210   26s
2026-06-21 21:10:36 - INFO - H 2701   720                       9.3427787    4.37547  53.2%   210   26s
2026-06-21 21:10:36 - INFO - H 2711   696                       9.1681322    4.37890  52.2%   212   26s
2026-06-21 21:10:36 - INFO - H 2746   694                       9.1340516    4.39258  51.9%   223   26s
2026-06-21 21:10:37 - INFO - H 2793   719                       9.0895080    4.40552  51.5%   234   27s
2026-06-21 21:10:39 - INFO - H 2972   770                       9.0895080    4.44939  51.0%   270   29s
2026-06-21 21:10:40 - INFO -   2986   814    4.54208   19  382    9.08951    4.45162  51.0%   273   30s
2026-06-21 21:10:45 - INFO -   3758  1423    4.60140   20  404    9.08951    4.51117  50.4%   316   35s
2026-06-21 21:10:45 - INFO - H 3781  1423                       9.0895080    4.51200  50.4%   316   35s
2026-06-21 21:10:46 - INFO - H 3882  1473                       9.0895080    4.52162  50.3%   322   36s
2026-06-21 21:10:46 - INFO - H 3938  1648                       9.0895080    4.52278  50.2%   321   36s
2026-06-21 21:10:47 - INFO - H 4109  1732                       9.0895080    4.52933  50.2%   318   37s
2026-06-21 21:10:48 - INFO - H 4540  2086                       9.0895079    4.53996  50.1%   313   38s
2026-06-21 21:10:48 - INFO - H 4673  2269                       9.0895079    4.54483  50.0%   311   38s
2026-06-21 21:10:48 - INFO - H 4719  2269                       9.0895079    4.54642  50.0%   311   38s
2026-06-21 21:10:49 - INFO - H 4839  2431                       9.0895079    4.54990  49.9%   309   39s
2026-06-21 21:10:49 - INFO - H 4846  2431                       9.0895076    4.54999  49.9%   309   39s
2026-06-21 21:10:50 - INFO -   5086  2945    4.62148   21  385    9.08951    4.55685  49.9%   309   40s
2026-06-21 21:10:55 - INFO -   7387  4558 infeasible   20         9.08951    4.60246  49.4%   289   45s
2026-06-21 21:11:00 - INFO -   7509  4660    4.72525   20  378    9.08951    4.62077  49.2%   300   50s
2026-06-21 21:11:06 - INFO -   7664  4788 infeasible   24         9.08951    4.63870  49.0%   313   56s
2026-06-21 21:11:10 - INFO -   7783  4894    4.81789   20  358    9.08951    4.65112  48.8%   324   60s
2026-06-21 21:11:15 - INFO -   8046  5128    4.69409   19  369    9.08951    4.66562  48.7%   333   65s
2026-06-21 21:11:21 - INFO -   8258  5349    4.93045   24  354    9.08951    4.67673  48.5%   342   71s
2026-06-21 21:11:25 - INFO -   8592  5703    4.77081   24  362    9.08951    4.68487  48.5%   342   75s
2026-06-21 21:11:31 - INFO -   9103  6232    5.09076   24  376    9.08951    4.69226  48.4%   340   81s
2026-06-21 21:11:33 - INFO - H 9465  6496                       9.0895076    4.69721  48.3%   338   83s
2026-06-21 21:11:36 - INFO -   9843  7281    4.74644   25  357    9.08951    4.70227  48.3%   334   86s
2026-06-21 21:11:40 - INFO -  11202  8574    5.07422   19  334    9.08951    4.70998  48.2%   317   90s
2026-06-21 21:11:45 - INFO -  13648 11134    5.48701   24  313    9.08951    4.72305  48.0%   296   95s
2026-06-21 21:11:50 - INFO -  18421 15427    5.09034   24  325    9.08951    4.75072  47.7%   270  101s
2026-06-21 21:11:53 - INFO - H21290 17566                       9.0895076    4.77157  47.5%   261  103s
2026-06-21 21:11:55 - INFO -  22400 18607 infeasible   22         9.08951    4.77977  47.4%   258  105s
2026-06-21 21:11:59 - INFO -  26747 21809    4.92768   25  353    9.08951    4.81305  47.0%   250  110s
2026-06-21 21:12:05 - INFO -  32738 27162    5.64999   30  282    9.08951    4.85753  46.6%   242  116s
2026-06-21 21:12:05 - INFO - H33366 27162                       9.0895076    4.86022  46.5%   241  116s
2026-06-21 21:12:07 - INFO - H35057 28045                       9.0895076    4.87082  46.4%   239  117s
2026-06-21 21:12:10 - INFO -  36380 30289    4.99239   25  344    9.08951    4.88093  46.3%   238  120s
2026-06-21 21:12:14 - INFO - H41236 34439                       9.0895076    4.90787  46.0%   233  124s
2026-06-21 21:12:16 - INFO -  42579 35940    5.28052   26  321    9.08951    4.91559  45.9%   232  126s
2026-06-21 21:12:19 - INFO -  46129 38788    5.05525   23  334    9.08951    4.93228  45.7%   229  130s
2026-06-21 21:12:25 - INFO -  51622 43898    5.27642   20  302    9.08951    4.96000  45.4%   225  136s
2026-06-21 21:12:32 - INFO -  56219 49061    5.17143   24  297    9.08951    4.98165  45.2%   222  142s
2026-06-21 21:12:35 - INFO -  60134 50351    5.63706   28  303    9.08951    4.99601  45.0%   220  145s
2026-06-21 21:12:35 - INFO - H61140 50351                       9.0895076    4.99831  45.0%   219  145s
2026-06-21 21:12:35 - INFO - H61140 50351                       9.0623490    4.99831  44.8%   219  145s
2026-06-21 21:12:38 - INFO - H61792 50790                       9.0520773    5.00466  44.7%   219  149s
2026-06-21 21:12:38 - INFO - H61797 50790                       8.9354610    5.00466  44.0%   219  149s
2026-06-21 21:12:38 - INFO - H62314 50790                       8.9331195    5.00750  43.9%   219  149s
2026-06-21 21:12:42 - INFO -  62320 51342    5.34101   30  328    8.93312    5.00794  43.9%   219  152s
2026-06-21 21:12:42 - INFO - H62479 51342                       8.9321493    5.00852  43.9%   219  152s
2026-06-21 21:12:47 - INFO -  63002 51511    5.23548   26  332    8.93215    5.01104  43.9%   219  157s
2026-06-21 21:12:47 - INFO - H63015 51511                       8.9125938    5.01116  43.8%   219  157s
2026-06-21 21:12:51 - INFO -  63223 54458    5.78947   29  275    8.91259    5.01342  43.7%   219  161s
2026-06-21 21:12:55 - INFO -  66810 57247    5.09627   29  313    8.91259    5.02792  43.6%   218  165s
2026-06-21 21:13:02 - INFO -  74030 63076    5.72745   29  279    8.91259    5.05433  43.3%   214  172s
2026-06-21 21:13:06 - INFO -  77006 66112    5.12989   23  313    8.91259    5.06550  43.2%   213  176s
2026-06-21 21:13:06 - INFO - H78590 66112                       8.9046633    5.06787  43.1%   213  176s
2026-06-21 21:13:09 - INFO -  80543 69230    5.41395   37  310    8.90466    5.07855  43.0%   212  180s
2026-06-21 21:13:17 - INFO -  89099 75143    5.21539   25  335    8.90466    5.10683  42.6%   208  187s
2026-06-21 21:13:20 - INFO -  91548 77857    5.27172   29  283    8.90466    5.11574  42.5%   207  190s
2026-06-21 21:13:24 - INFO -  94812 77877 infeasible   28         8.90466    5.12564  42.4%   206  195s
2026-06-21 21:13:31 - INFO -  94970 78741    5.21882   22  375    8.90466    5.13154  42.4%   206  202s
2026-06-21 21:13:35 - INFO -  95888 81290    5.22339   25  297    8.90466    5.13332  42.4%   206  205s
2026-06-21 21:13:40 - INFO -  99052 81309    5.34343   23  320    8.90466    5.13862  42.3%   206  210s
2026-06-21 21:13:48 - INFO -  99325 82098    5.20900   30  317    8.90466    5.14790  42.2%   206  218s
2026-06-21 21:13:52 - INFO -  100027 85063    5.23404   29  314    8.90466    5.15019  42.2%   206  222s
2026-06-21 21:13:56 - INFO -  103683 87765    5.25170   23  333    8.90466    5.15351  42.1%   205  226s
2026-06-21 21:13:59 - INFO -  107558 90520    6.47648   29  216    8.90466    5.17167  41.9%   204  230s
2026-06-21 21:14:08 - INFO -  111784 96065    5.58436   23  261    8.90466    5.19139  41.7%   203  238s
2026-06-21 21:14:11 - INFO -  117127 96136    5.21215   31  343    8.90466    5.20589  41.5%   201  242s
2026-06-21 21:14:15 - INFO -  117243 96512    5.36357   27  304    8.90466    5.20927  41.5%   201  245s
2026-06-21 21:14:22 - INFO -  119037 100436    5.59729   39  309    8.90466    5.21300  41.5%   201  252s
2026-06-21 21:14:26 - INFO -  122516 102069    5.33708   25  315    8.90466    5.21897  41.4%   201  257s
2026-06-21 21:14:31 - INFO -  124492 102090    5.33829   26  293    8.90466    5.22934  41.3%   200  261s
2026-06-21 21:14:31 - INFO - H124501 102090                       8.9046633    5.22970  41.3%   200  261s
2026-06-21 21:14:36 - INFO -  124529 102995    5.34849   32  333    8.90466    5.23293  41.2%   200  266s
2026-06-21 21:14:40 - INFO -  125664 106210    5.30705   28  287    8.90466    5.23518  41.2%   200  270s
2026-06-21 21:14:48 - INFO -  134099 113129    5.30317   22  318    8.90466    5.25361  41.0%   198  278s
2026-06-21 21:14:51 - INFO -  138085 116164    5.33980   29  320    8.90466    5.27077  40.8%   197  281s
2026-06-21 21:14:56 - INFO -  141805 119429    5.48882   26  322    8.90466    5.28185  40.7%   196  286s
2026-06-21 21:15:01 - INFO -  145797 120979 infeasible   32         8.90466    5.29171  40.6%   196  291s
2026-06-21 21:15:01 - INFO - H146889 120979                       8.9046633    5.29396  40.5%   195  291s
2026-06-21 21:15:05 - INFO - H147701 121702                       8.9046633    5.29816  40.5%   195  295s
2026-06-21 21:15:05 - INFO - H147740 121702                       8.9046633    5.29917  40.5%   195  295s
2026-06-21 21:15:05 - INFO - H147801 121702                       8.9046633    5.29972  40.5%   195  295s
2026-06-21 21:15:05 - INFO - H147961 121702                       8.9046632    5.29999  40.5%   195  295s
2026-06-21 21:15:09 - INFO -  148642 121766    5.44413   25  319    8.90466    5.30082  40.5%   195  300s
2026-06-21 21:15:09 - INFO - H148647 121766                       8.9046632    5.30170  40.5%   195  300s
2026-06-21 21:15:09 - INFO - H148653 121766                       8.9046632    5.30200  40.5%   195  300s
2026-06-21 21:15:09 - INFO - 
2026-06-21 21:15:09 - INFO - Cutting planes:
2026-06-21 21:15:09 - INFO -   Learned: 294
2026-06-21 21:15:09 - INFO -   Gomory: 361
2026-06-21 21:15:09 - INFO -   Lift-and-project: 382
2026-06-21 21:15:09 - INFO -   Cover: 929
2026-06-21 21:15:09 - INFO -   Implied bound: 8
2026-06-21 21:15:09 - INFO -   MIR: 1375
2026-06-21 21:15:09 - INFO -   Mixing: 5
2026-06-21 21:15:09 - INFO -   StrongCG: 2
2026-06-21 21:15:09 - INFO -   Flow cover: 4560
2026-06-21 21:15:09 - INFO -   GUB cover: 1
2026-06-21 21:15:09 - INFO -   Inf proof: 393
2026-06-21 21:15:09 - INFO -   Zero half: 83
2026-06-21 21:15:09 - INFO -   RLT: 44
2026-06-21 21:15:09 - INFO -   Relax-and-lift: 58
2026-06-21 21:15:09 - INFO - 
2026-06-21 21:15:09 - INFO - Explored 148732 nodes (29037120 simplex iterations) in 300.07 seconds (526.26 work units)
2026-06-21 21:15:09 - INFO - Thread count was 28 (of 28 available processors)
2026-06-21 21:15:09 - INFO - 
2026-06-21 21:15:09 - INFO - Solution count 10: 8.90466 8.90466 8.90466 ... 8.93312
2026-06-21 21:15:09 - INFO - 
2026-06-21 21:15:09 - INFO - Time limit reached
2026-06-21 21:15:09 - INFO - Best objective 8.904663201702e+00, best bound 5.303007827329e+00, gap 40.4468%
2026-06-21 21:15:09 - DEBUG - Loaded backend Agg version v2.2.
2026-06-21 21:15:09 - DEBUG - findfont: Matching sans\-serif:style=normal:variant=normal:weight=normal:stretch=normal:size=10.0.
2026-06-21 21:15:09 - DEBUG - findfont: score(FontEntry(fname='/root/anaconda3/lib/python3.12/site-packages/matplotlib/mpl-data/fonts/ttf/STIXSizTwoSymReg.ttf', name='STIXSizeTwoSym', style='normal', variant='normal', weight=400, stretch='normal', size='scalable')) = 10.05
2026-06-21 21:15:09 - DEBUG - findfont: score(FontEntry(fname='/root/anaconda3/lib/python3.12/site-packages/matplotlib/mpl-data/fonts/ttf/cmex10.ttf', name='cmex10', style='normal', variant='normal', weight=400, stretch='normal', size='scalable')) = 10.05
2026-06-21 21:15:09 - DEBUG - findfont: score(FontEntry(fname='/root/anaconda3/lib/python3.12/site-packages/matplotlib/mpl-data/fonts/ttf/STIXSizThreeSymBol.ttf', name='STIXSizeThreeSym', style='normal', variant='normal', weight=700, stretch='normal', size='scalable')) = 10.335
2026-06-21 21:15:09 - DEBUG - findfont: score(FontEntry(fname='/root/anaconda3/lib/python3.12/site-packages/matplotlib/mpl-data/fonts/ttf/STIXSizOneSymBol.ttf', name='STIXSizeOneSym', style='normal', variant='normal', weight=700, stretch='normal', size='scalable')) = 10.335
2026-06-21 21:15:09 - DEBUG - findfont: score(FontEntry(fname='/root/anaconda3/lib/python3.12/site-packages/matplotlib/mpl-data/fonts/ttf/DejaVuSansMono-Bold.ttf', name='DejaVu Sans Mono', style='normal', variant='normal', weight=700, stretch='normal', size='scalable')) = 10.335
2026-06-21 21:15:09 - DEBUG - findfont: score(FontEntry(fname='/root/anaconda3/lib/python3.12/site-packages/matplotlib/mpl-data/fonts/ttf/cmss10.ttf', name='cmss10', style='normal', variant='normal', weight=400, stretch='normal', size='scalable')) = 10.05
2026-06-21 21:15:09 - DEBUG - findfont: score(FontEntry(fname='/root/anaconda3/lib/python3.12/site-packages/matplotlib/mpl-data/fonts/ttf/DejaVuSerif-Italic.ttf', name='DejaVu Serif', style='italic', variant='normal', weight=400, stretch='normal', size='scalable')) = 11.05
2026-06-21 21:15:09 - DEBUG - findfont: score(FontEntry(fname='/root/anaconda3/lib/python3.12/site-packages/matplotlib/mpl-data/fonts/ttf/cmb10.ttf', name='cmb10', style='normal', variant='normal', weight=400, stretch='normal', size='scalable')) = 10.05
2026-06-21 21:15:09 - DEBUG - findfont: score(FontEntry(fname='/root/anaconda3/lib/python3.12/site-packages/matplotlib/mpl-data/fonts/ttf/STIXSizTwoSymBol.ttf', name='STIXSizeTwoSym', style='normal', variant='normal', weight=700, stretch='normal', size='scalable')) = 10.335
2026-06-21 21:15:09 - DEBUG - findfont: score(FontEntry(fname='/root/anaconda3/lib/python3.12/site-packages/matplotlib/mpl-data/fonts/ttf/DejaVuSans.ttf', name='DejaVu Sans', style='normal', variant='normal', weight=400, stretch='normal', size='scalable')) = 0.05
2026-06-21 21:15:09 - DEBUG - findfont: score(FontEntry(fname='/root/anaconda3/lib/python3.12/site-packages/matplotlib/mpl-data/fonts/ttf/STIXGeneralItalic.ttf', name='STIXGeneral', style='italic', variant='normal', weight=400, stretch='normal', size='scalable')) = 11.05
2026-06-21 21:15:09 - DEBUG - findfont: score(FontEntry(fname='/root/anaconda3/lib/python3.12/site-packages/matplotlib/mpl-data/fonts/ttf/DejaVuSerif-Bold.ttf', name='DejaVu Serif', style='normal', variant='normal', weight=700, stretch='normal', size='scalable')) = 10.335
2026-06-21 21:15:09 - DEBUG - findfont: score(FontEntry(fname='/root/anaconda3/lib/python3.12/site-packages/matplotlib/mpl-data/fonts/ttf/STIXNonUni.ttf', name='STIXNonUnicode', style='normal', variant='normal', weight=400, stretch='normal', size='scalable')) = 10.05
2026-06-21 21:15:09 - DEBUG - findfont: score(FontEntry(fname='/root/anaconda3/lib/python3.12/site-packages/matplotlib/mpl-data/fonts/ttf/DejaVuSansDisplay.ttf', name='DejaVu Sans Display', style='normal', variant='normal', weight=400, stretch='normal', size='scalable')) = 10.05
2026-06-21 21:15:09 - DEBUG - findfont: score(FontEntry(fname='/root/anaconda3/lib/python3.12/site-packages/matplotlib/mpl-data/fonts/ttf/STIXSizThreeSymReg.ttf', name='STIXSizeThreeSym', style='normal', variant='normal', weight=400, stretch='normal', size='scalable')) = 10.05
2026-06-21 21:15:09 - DEBUG - findfont: score(FontEntry(fname='/root/anaconda3/lib/python3.12/site-packages/matplotlib/mpl-data/fonts/ttf/STIXSizFiveSymReg.ttf', name='STIXSizeFiveSym', style='normal', variant='normal', weight=400, stretch='normal', size='scalable')) = 10.05
2026-06-21 21:15:09 - DEBUG - findfont: score(FontEntry(fname='/root/anaconda3/lib/python3.12/site-packages/matplotlib/mpl-data/fonts/ttf/STIXNonUniIta.ttf', name='STIXNonUnicode', style='italic', variant='normal', weight=400, stretch='normal', size='scalable')) = 11.05
2026-06-21 21:15:09 - DEBUG - findfont: score(FontEntry(fname='/root/anaconda3/lib/python3.12/site-packages/matplotlib/mpl-data/fonts/ttf/cmsy10.ttf', name='cmsy10', style='normal', variant='normal', weight=400, stretch='normal', size='scalable')) = 10.05
2026-06-21 21:15:09 - DEBUG - findfont: score(FontEntry(fname='/root/anaconda3/lib/python3.12/site-packages/matplotlib/mpl-data/fonts/ttf/cmr10.ttf', name='cmr10', style='normal', variant='normal', weight=400, stretch='normal', size='scalable')) = 10.05
2026-06-21 21:15:09 - DEBUG - findfont: score(FontEntry(fname='/root/anaconda3/lib/python3.12/site-packages/matplotlib/mpl-data/fonts/ttf/STIXGeneral.ttf', name='STIXGeneral', style='normal', variant='normal', weight=400, stretch='normal', size='scalable')) = 10.05
2026-06-21 21:15:09 - DEBUG - findfont: score(FontEntry(fname='/root/anaconda3/lib/python3.12/site-packages/matplotlib/mpl-data/fonts/ttf/STIXNonUniBol.ttf', name='STIXNonUnicode', style='normal', variant='normal', weight=700, stretch='normal', size='scalable')) = 10.335
2026-06-21 21:15:09 - DEBUG - findfont: score(FontEntry(fname='/root/anaconda3/lib/python3.12/site-packages/matplotlib/mpl-data/fonts/ttf/STIXSizFourSymBol.ttf', name='STIXSizeFourSym', style='normal', variant='normal', weight=700, stretch='normal', size='scalable')) = 10.335
2026-06-21 21:15:09 - DEBUG - findfont: score(FontEntry(fname='/root/anaconda3/lib/python3.12/site-packages/matplotlib/mpl-data/fonts/ttf/STIXSizOneSymReg.ttf', name='STIXSizeOneSym', style='normal', variant='normal', weight=400, stretch='normal', size='scalable')) = 10.05
2026-06-21 21:15:09 - DEBUG - findfont: score(FontEntry(fname='/root/anaconda3/lib/python3.12/site-packages/matplotlib/mpl-data/fonts/ttf/STIXGeneralBolIta.ttf', name='STIXGeneral', style='italic', variant='normal', weight=700, stretch='normal', size='scalable')) = 11.335
2026-06-21 21:15:09 - DEBUG - findfont: score(FontEntry(fname='/root/anaconda3/lib/python3.12/site-packages/matplotlib/mpl-data/fonts/ttf/DejaVuSerifDisplay.ttf', name='DejaVu Serif Display', style='normal', variant='normal', weight=400, stretch='normal', size='scalable')) = 10.05
2026-06-21 21:15:09 - DEBUG - findfont: score(FontEntry(fname='/root/anaconda3/lib/python3.12/site-packages/matplotlib/mpl-data/fonts/ttf/DejaVuSans-Bold.ttf', name='DejaVu Sans', style='normal', variant='normal', weight=700, stretch='normal', size='scalable')) = 0.33499999999999996
2026-06-21 21:15:09 - DEBUG - findfont: score(FontEntry(fname='/root/anaconda3/lib/python3.12/site-packages/matplotlib/mpl-data/fonts/ttf/cmmi10.ttf', name='cmmi10', style='normal', variant='normal', weight=400, stretch='normal', size='scalable')) = 10.05
2026-06-21 21:15:09 - DEBUG - findfont: score(FontEntry(fname='/root/anaconda3/lib/python3.12/site-packages/matplotlib/mpl-data/fonts/ttf/cmtt10.ttf', name='cmtt10', style='normal', variant='normal', weight=400, stretch='normal', size='scalable')) = 10.05
2026-06-21 21:15:09 - DEBUG - findfont: score(FontEntry(fname='/root/anaconda3/lib/python3.12/site-packages/matplotlib/mpl-data/fonts/ttf/DejaVuSerif-BoldItalic.ttf', name='DejaVu Serif', style='italic', variant='normal', weight=700, stretch='normal', size='scalable')) = 11.335
2026-06-21 21:15:09 - DEBUG - findfont: score(FontEntry(fname='/root/anaconda3/lib/python3.12/site-packages/matplotlib/mpl-data/fonts/ttf/DejaVuSansMono.ttf', name='DejaVu Sans Mono', style='normal', variant='normal', weight=400, stretch='normal', size='scalable')) = 10.05
2026-06-21 21:15:09 - DEBUG - findfont: score(FontEntry(fname='/root/anaconda3/lib/python3.12/site-packages/matplotlib/mpl-data/fonts/ttf/DejaVuSansMono-BoldOblique.ttf', name='DejaVu Sans Mono', style='oblique', variant='normal', weight=700, stretch='normal', size='scalable')) = 11.335
2026-06-21 21:15:09 - DEBUG - findfont: score(FontEntry(fname='/root/anaconda3/lib/python3.12/site-packages/matplotlib/mpl-data/fonts/ttf/STIXGeneralBol.ttf', name='STIXGeneral', style='normal', variant='normal', weight=700, stretch='normal', size='scalable')) = 10.335
2026-06-21 21:15:09 - DEBUG - findfont: score(FontEntry(fname='/root/anaconda3/lib/python3.12/site-packages/matplotlib/mpl-data/fonts/ttf[EMIB] Layout figure saved: /root/placement/MPDAP/output_gurobi_EMIB_chiplet_5_6_01_04/fig/syn5_core/solution_1_layout_gurobi.png
  ✓ EMIB: 1 solution(s)
G - findfont: score(FontEntry(fname='/root/anaconda3/lib/python3.12/site-packages/matplotlib/mpl-data/fonts/ttf/DejaVuSans-Oblique.ttf', name='DejaVu Sans', style='oblique', variant='normal', weight=400, stretch='normal', size='scalable')) = 1.05
2026-06-21 21:15:09 - DEBUG - findfont: score(FontEntry(fname='/root/anaconda3/lib/python3.12/site-packages/matplotlib/mpl-data/fonts/ttf/DejaVuSans-BoldOblique.ttf', name='DejaVu Sans', style='oblique', variant='normal', weight=700, stretch='normal', size='scalable')) = 1.335
2026-06-21 21:15:09 - DEBUG - findfont: score(FontEntry(fname='/root/anaconda3/lib/python3.12/site-packages/matplotlib/mpl-data/fonts/ttf/DejaVuSansMono-Oblique.ttf', name='DejaVu Sans Mono', style='oblique', variant='normal', weight=400, stretch='normal', size='scalable')) = 11.05
2026-06-21 21:15:09 - DEBUG - findfont: score(FontEntry(fname='/root/anaconda3/lib/python3.12/site-packages/matplotlib/mpl-data/fonts/ttf/STIXNonUniBolIta.ttf', name='STIXNonUnicode', style='italic', variant='normal', weight=700, stretch='normal', size='scalable')) = 11.335
2026-06-21 21:15:09 - DEBUG - findfont: score(FontEntry(fname='/root/anaconda3/lib/python3.12/site-packages/matplotlib/mpl-data/fonts/ttf/STIXSizFourSymReg.ttf', name='STIXSizeFourSym', style='normal', variant='normal', weight=400, stretch='normal', size='scalable')) = 10.05
2026-06-21 21:15:09 - DEBUG - findfont: score(FontEntry(fname='/usr/share/fonts/truetype/dejavu/DejaVuSans-Bold.ttf', name='DejaVu Sans', style='normal', variant='normal', weight=700, stretch='normal', size='scalable')) = 0.33499999999999996
2026-06-21 21:15:09 - DEBUG - findfont: score(FontEntry(fname='/usr/share/fonts/truetype/dejavu/DejaVuSansMono-Bold.ttf', name='DejaVu Sans Mono', style='normal', variant='normal', weight=700, stretch='normal', size='scalable')) = 10.335
2026-06-21 21:15:09 - DEBUG - findfont: score(FontEntry(fname='/usr/share/fonts/truetype/dejavu/DejaVuSerif.ttf', name='DejaVu Serif', style='normal', variant='normal', weight=400, stretch='normal', size='scalable')) = 10.05
2026-06-21 21:15:09 - DEBUG - findfont: score(FontEntry(fname='/usr/share/fonts/truetype/dejavu/DejaVuSans.ttf', name='DejaVu Sans', style='normal', variant='normal', weight=400, stretch='normal', size='scalable')) = 0.05
2026-06-21 21:15:09 - DEBUG - findfont: score(FontEntry(fname='/usr/share/fonts/truetype/dejavu/DejaVuSansMono.ttf', name='DejaVu Sans Mono', style='normal', variant='normal', weight=400, stretch='normal', size='scalable')) = 10.05
2026-06-21 21:15:09 - DEBUG - findfont: score(FontEntry(fname='/usr/share/fonts/truetype/dejavu/DejaVuSerif-Bold.ttf', name='DejaVu Serif', style='normal', variant='normal', weight=700, stretch='normal', size='scalable')) = 10.335
2026-06-21 21:15:09 - DEBUG - findfont: Matching sans\-serif:style=normal:variant=normal:weight=normal:stretch=normal:size=10.0 to DejaVu Sans ('/root/anaconda3/lib/python3.12/site-packages/matplotlib/mpl-data/fonts/ttf/DejaVuSans.ttf') with score of 0.050000.
2026-06-21 21:15:11 - DEBUG - findfont: Matching sans\-serif:style=normal:variant=normal:weight=normal:stretch=normal:size=12.0.
2026-06-21 21:15:11 - DEBUG - findfont: score(FontEntry(fname='/root/anaconda3/lib/python3.12/site-packages/matplotlib/mpl-data/fonts/ttf/STIXSizTwoSymReg.ttf', name='STIXSizeTwoSym', style='normal', variant='normal', weight=400, stretch='normal', size='scalable')) = 10.05
2026-06-21 21:15:11 - DEBUG - findfont: score(FontEntry(fname='/root/anaconda3/lib/python3.12/site-packages/matplotlib/mpl-data/fonts/ttf/cmex10.ttf', name='cmex10', style='normal', variant='normal', weight=400, stretch='normal', size='scalable')) = 10.05
2026-06-21 21:15:11 - DEBUG - findfont: score(FontEntry(fname='/root/anaconda3/lib/python3.12/site-packages/matplotlib/mpl-data/fonts/ttf/STIXSizThreeSymBol.ttf', name='STIXSizeThreeSym', style='normal', variant='normal', weight=700, stretch='normal', size='scalable')) = 10.335
2026-06-21 21:15:11 - DEBUG - findfont: score(FontEntry(fname='/root/anaconda3/lib/python3.12/site-packages/matplotlib/mpl-data/fonts/ttf/STIXSizOneSymBol.ttf', name='STIXSizeOneSym', style='normal', variant='normal', weight=700, stretch='normal', size='scalable')) = 10.335
2026-06-21 21:15:11 - DEBUG - findfont: score(FontEntry(fname='/root/anaconda3/lib/python3.12/site-packages/matplotlib/mpl-data/fonts/ttf/DejaVuSansMono-Bold.ttf', name='DejaVu Sans Mono', style='normal', variant='normal', weight=700, stretch='normal', size='scalable')) = 10.335
2026-06-21 21:15:11 - DEBUG - findfont: score(FontEntry(fname='/root/anaconda3/lib/python3.12/site-packages/matplotlib/mpl-data/fonts/ttf/cmss10.ttf', name='cmss10', style='normal', variant='normal', weight=400, stretch='normal', size='scalable')) = 10.05
2026-06-21 21:15:11 - DEBUG - findfont: score(FontEntry(fname='/root/anaconda3/lib/python3.12/site-packages/matplotlib/mpl-data/fonts/ttf/DejaVuSerif-Italic.ttf', name='DejaVu Serif', style='italic', variant='normal', weight=400, stretch='normal', size='scalable')) = 11.05
2026-06-21 21:15:11 - DEBUG - findfont: score(FontEntry(fname='/root/anaconda3/lib/python3.12/site-packages/matplotlib/mpl-data/fonts/ttf/cmb10.ttf', name='cmb10', style='normal', variant='normal', weight=400, stretch='normal', size='scalable')) = 10.05
2026-06-21 21:15:11 - DEBUG - findfont: score(FontEntry(fname='/root/anaconda3/lib/python3.12/site-packages/matplotlib/mpl-data/fonts/ttf/STIXSizTwoSymBol.ttf', name='STIXSizeTwoSym', style='normal', variant='normal', weight=700, stretch='normal', size='scalable')) = 10.335
2026-06-21 21:15:11 - DEBUG - findfont: score(FontEntry(fname='/root/anaconda3/lib/python3.12/site-packages/matplotlib/mpl-data/fonts/ttf/DejaVuSans.ttf', name='DejaVu Sans', style='normal', variant='normal', weight=400, stretch='normal', size='scalable')) = 0.05
2026-06-21 21:15:11 - DEBUG - findfont: score(FontEntry(fname='/root/anaconda3/lib/python3.12/site-packages/matplotlib/mpl-data/fonts/ttf/STIXGeneralItalic.ttf', name='STIXGeneral', style='italic', variant='normal', weight=400, stretch='normal', size='scalable')) = 11.05
2026-06-21 21:15:11 - DEBUG - findfont: score(FontEntry(fname='/root/anaconda3/lib/python3.12/site-packages/matplotlib/mpl-data/fonts/ttf/DejaVuSerif-Bold.ttf', name='DejaVu Serif', style='normal', variant='normal', weight=700, stretch='normal', size='scalable')) = 10.335
2026-06-21 21:15:11 - DEBUG - findfont: score(FontEntry(fname='/root/anaconda3/lib/python3.12/site-packages/matplotlib/mpl-data/fonts/ttf/STIXNonUni.ttf', name='STIXNonUnicode', style='normal', variant='normal', weight=400, stretch='normal', size='scalable')) = 10.05
2026-06-21 21:15:11 - DEBUG - findfont: score(FontEntry(fname='/root/anaconda3/lib/python3.12/site-packages/matplotlib/mpl-data/fonts/ttf/DejaVuSansDisplay.ttf', name='DejaVu Sans Display', style='normal', variant='normal', weight=400, stretch='normal', size='scalable')) = 10.05
2026-06-21 21:15:11 - DEBUG - findfont: score(FontEntry(fname='/root/anaconda3/lib/python3.12/site-packages/matplotlib/mpl-data/fonts/ttf/STIXSizThreeSymReg.ttf', name='STIXSizeThreeSym', style='normal', variant='normal', weight=400, stretch='normal', size='scalable')) = 10.05
2026-06-21 21:15:11 - DEBUG - findfont: score(FontEntry(fname='/root/anaconda3/lib/python3.12/site-packages/matplotlib/mpl-data/fonts/ttf/STIXSizFiveSymReg.ttf', name='STIXSizeFiveSym', style='normal', variant='normal', weight=400, stretch='normal', size='scalable')) = 10.05
2026-06-21 21:15:11 - DEBUG - findfont: score(FontEntry(fname='/root/anaconda3/lib/python3.12/site-packages/matplotlib/mpl-data/fonts/ttf/STIXNonUniIta.ttf', name='STIXNonUnicode', style='italic', variant='normal', weight=400, stretch='normal', size='scalable')) = 11.05
2026-06-21 21:15:11 - DEBUG - findfont: score(FontEntry(fname='/root/anaconda3/lib/python3.12/site-packages/matplotlib/mpl-data/fonts/ttf/cmsy10.ttf', name='cmsy10', style='normal', variant='normal', weight=400, stretch='normal', size='scalable')) = 10.05
2026-06-21 21:15:11 - DEBUG - findfont: score(FontEntry(fname='/root/anaconda3/lib/python3.12/site-packages/matplotlib/mpl-data/fonts/ttf/cmr10.ttf', name='cmr10', style='normal', variant='normal', weight=400, stretch='normal', size='scalable')) = 10.05
2026-06-21 21:15:11 - DEBUG - findfont: score(FontEntry(fname='/root/anaconda3/lib/python3.12/site-packages/matplotlib/mpl-data/fonts/ttf/STIXGeneral.ttf', name='STIXGeneral', style='normal', variant='normal', weight=400, stretch='normal', size='scalable')) = 10.05
2026-06-21 21:15:11 - DEBUG - findfont: score(FontEntry(fname='/root/anaconda3/lib/python3.12/site-packages/matplotlib/mpl-data/fonts/ttf/STIXNonUniBol.ttf', name='STIXNonUnicode', style='normal', variant='normal', weight=700, stretch='normal', size='scalable')) = 10.335
2026-06-21 21:15:11 - DEBUG - findfont: score(FontEntry(fname='/root/anaconda3/lib/python3.12/site-packages/matplotlib/mpl-data/fonts/ttf/STIXSizFourSymBol.ttf', name='STIXSizeFourSym', style='normal', variant='normal', weight=700, stretch='normal', size='scalable')) = 10.335
2026-06-21 21:15:11 - DEBUG - findfont: score(FontEntry(fname='/root/anaconda3/lib/python3.12/site-packages/matplotlib/mpl-data/fonts/ttf/STIXSizOneSymReg.ttf', name='STIXSizeOneSym', style='normal', variant='normal', weight=400, stretch='normal', size='scalable')) = 10.05
2026-06-21 21:15:11 - DEBUG - findfont: score(FontEntry(fname='/root/anaconda3/lib/python3.12/site-packages/matplotlib/mpl-data/fonts/ttf/STIXGeneralBolIta.ttf', name='STIXGeneral', style='italic', variant='normal', weight=700, stretch='normal', size='scalable')) = 11.335
2026-06-21 21:15:11 - DEBUG - findfont: score(FontEntry(fname='/root/anaconda3/lib/python3.12/site-packages/matplotlib/mpl-data/fonts/ttf/DejaVuSerifDisplay.ttf', name='DejaVu Serif Display', style='normal', variant='normal', weight=400, stretch='normal', size='scalable')) = 10.05
2026-06-21 21:15:11 - DEBUG - findfont: score(FontEntry(fname='/root/anaconda3/lib/python3.12/site-packages/matplotlib/mpl-data/fonts/ttf/DejaVuSans-Bold.ttf', name='DejaVu Sans', style='normal', variant='normal', weight=700, stretch='normal', size='scalable')) = 0.33499999999999996
2026-06-21 21:15:11 - DEBUG - findfont: score(FontEntry(fname='/root/anaconda3/lib/python3.12/site-packages/matplotlib/mpl-data/fonts/ttf/cmmi10.ttf', name='cmmi10', style='normal', variant='normal', weight=400, stretch='normal', size='scalable')) = 10.05
2026-06-21 21:15:11 - DEBUG - findfont: score(FontEntry(fname='/root/anaconda3/lib/python3.12/site-packages/matplotlib/mpl-data/fonts/ttf/cmtt10.ttf', name='cmtt10', style='normal', variant='normal', weight=400, stretch='normal', size='scalable')) = 10.05
2026-06-21 21:15:11 - DEBUG - findfont: score(FontEntry(fname='/root/anaconda3/lib/python3.12/site-packages/matplotlib/mpl-data/fonts/ttf/DejaVuSerif-BoldItalic.ttf', name='DejaVu Serif', style='italic', variant='normal', weight=700, stretch='normal', size='scalable')) = 11.335
2026-06-21 21:15:11 - DEBUG - findfont: score(FontEntry(fname='/root/anaconda3/lib/python3.12/site-packages/matplotlib/mpl-data/fonts/ttf/DejaVuSansMono.ttf', name='DejaVu Sans Mono', style='normal', variant='normal', weight=400, stretch='normal', size='scalable')) = 10.05
2026-06-21 21:15:11 - DEBUG - findfont: score(FontEntry(fname='/root/anaconda3/lib/python3.12/site-packages/matplotlib/mpl-data/fonts/ttf/DejaVuSansMono-BoldOblique.ttf', name='DejaVu Sans Mono', style='oblique', variant='normal', weight=700, stretch='normal', size='scalable')) = 11.335
2026-06-21 21:15:11 - DEBUG - findfont: score(FontEntry(fname='/root/anaconda3/lib/python3.12/site-packages/matplotlib/mpl-data/fonts/ttf/STIXGeneralBol.ttf', name='STIXGeneral', style='normal', variant='normal', weight=700, stretch='normal', size='scalable')) = 10.335
2026-06-21 21:15:11 - DEBUG - findfont: score(FontEntry(fname='/root/anaconda3/lib/python3.12/site-packages/matplotlib/mpl-data/fonts/ttf/DejaVuSerif.ttf', name='DejaVu Serif', style='normal', variant='normal', weight=400, stretch='normal', size='scalable')) = 10.05
2026-06-21 21:15:11 - DEBUG - findfont: score(FontEntry(fname='/root/anaconda3/lib/python3.12/site-packages/matplotlib/mpl-data/fonts/ttf/DejaVuSans-Oblique.ttf', name='DejaVu Sans', style='oblique', variant='normal', weight=400, stretch='normal', size='scalable')) = 1.05
2026-06-21 21:15:11 - DEBUG - findfont: score(FontEntry(fname='/root/anaconda3/lib/python3.12/site-packages/matplotlib/mpl-data/fonts/ttf/DejaVuSans-BoldOblique.ttf', name='DejaVu Sans', style='oblique', variant='normal', weight=700, stretch='normal', size='scalable')) = 1.335
2026-06-21 21:15:11 - DEBUG - findfont: score(FontEntry(fname='/root/anaconda3/lib/python3.12/site-packages/matplotlib/mpl-data/fonts/ttf/DejaVuSansMono-Oblique.ttf', name='DejaVu Sans Mono', style='oblique', variant='normal', weight=400, stretch='normal', size='scalable')) = 11.05
2026-06-21 21:15:11 - DEBUG - findfont: score(FontEntry(fname='/root/anaconda3/lib/python3.12/site-packages/matplotlib/mpl-data/fonts/ttf/STIXNonUniBolIta.ttf', name='STIXNonUnicode', style='italic', variant='normal', weight=700, stretch='normal', size='scalable')) = 11.335
2026-06-21 21:15:11 - DEBUG - findfont: score(FontEntry(fname='/root/anaconda3/lib/python3.12/site-packages/matplotlib/mpl-data/fonts/ttf/STIXSizFourSymReg.ttf', name='STIXSizeFourSym', style='normal', variant='normal', weight=400, stretch='normal', size='scalable')) = 10.05
2026-06-21 21:15:11 - DEBUG - findfont: score(FontEntry(fname='/usr/share/fonts/truetype/dejavu/DejaVuSans-Bold.ttf', name='DejaVu Sans', style='normal', variant='normal', weight=700, stretch='normal', size='scalable')) = 0.33499999999999996
2026-06-21 21:15:11 - DEBUG - findfont: score(FontEntry(fname='/usr/share/fonts/truetype/dejavu/DejaVuSansMono-Bold.ttf', name='DejaVu Sans Mono', style='normal', variant='normal', weight=700, stretch='normal', size='scalable')) = 10.335
2026-06-21 21:15:11 - DEBUG - findfont: score(FontEntry(fname='/usr/share/fonts/truetype/dejavu/DejaVuSerif.ttf', name='DejaVu Serif', style='normal', variant='normal', weight=400, stretch='normal', size='scalable')) = 10.05
2026-06-21 21:15:11 - DEBUG - findfont: score(FontEntry(fname='/usr/share/fonts/truetype/dejavu/DejaVuSans.ttf', name='DejaVu Sans', style='normal', variant='normal', weight=400, stretch='normal', size='scalable')) = 0.05
2026-06-21 21:15:11 - DEBUG - findfont: score(FontEntry(fname='/usr/share/fonts/truetype/dejavu/DejaVuSansMono.ttf', name='DejaVu Sans Mono', style='normal', variant='normal', weight=400, stretch='normal', size='scalable')) = 10.05
2026-06-21 21:15:11 - DEBUG - findfont: score(FontEntry(fname='/usr/share/fonts/truetype/dejavu/DejaVuSerif-Bold.ttf', name='DejaVu Serif', style='normal', variant='normal', weight=700, stretch='normal', size='scalable')) = 10.335
2026-06-21 21:15:11 - DEBUG - findfont: Matching sans\-serif:style=normal:variant=normal:weight=normal:stretch=normal:size=12.0 to DejaVu Sans ('/root/anaconda3/lib/python3.12/site-packages/matplotlib/mpl-data/fonts/ttf/DejaVuSans.ttf') with score of 0.050000.
2026-06-21 21:15:11 - DEBUG - findfont: Matching sans\-serif:style=normal:variant=normal:weight=bold:stretch=normal:size=9.0.
2026-06-21 21:15:11 - DEBUG - findfont: score(FontEntry(fname='/root/anaconda3/lib/python3.12/site-packages/matplotlib/mpl-data/fonts/ttf/STIXSizTwoSymReg.ttf', name='STIXSizeTwoSym', style='normal', variant='normal', weight=400, stretch='normal', size='scalable')) = 10.335
2026-06-21 21:15:11 - DEBUG - findfont: score(FontEntry(fname='/root/anaconda3/lib/python3.12/site-packages/matplotlib/mpl-data/fonts/ttf/cmex10.ttf', name='cmex10', style='normal', variant='normal', weight=400, stretch='normal', size='scalable')) = 10.335
2026-06-21 21:15:11 - DEBUG - findfont: score(FontEntry(fname='/root/anaconda3/lib/python3.12/site-packages/matplotlib/mpl-data/fonts/ttf/STIXSizThreeSymBol.ttf', name='STIXSizeThreeSym', style='normal', variant='normal', weight=700, stretch='normal', size='scalable')) = 10.05
2026-06-21 21:15:11 - DEBUG - findfont: score(FontEntry(fname='/root/anaconda3/lib/python3.12/site-packages/matplotlib/mpl-data/fonts/ttf/STIXSizOneSymBol.ttf', name='STIXSizeOneSym', style='normal', variant='normal', weight=700, stretch='normal', size='scalable')) = 10.05
2026-06-21 21:15:11 - DEBUG - findfont: score(FontEntry(fname='/root/anaconda3/lib/python3.12/site-packages/matplotlib/mpl-data/fonts/ttf/DejaVuSansMono-Bold.ttf', name='DejaVu Sans Mono', style='normal', variant='normal', weight=700, stretch='normal', size='scalable')) = 10.05
2026-06-21 21:15:11 - DEBUG - findfont: score(FontEntry(fname='/root/anaconda3/lib/python3.12/site-packages/matplotlib/mpl-data/fonts/ttf/cmss10.ttf', name='cmss10', style='normal', variant='normal', weight=400, stretch='normal', size='scalable')) = 10.335
2026-06-21 21:15:11 - DEBUG - findfont: score(FontEntry(fname='/root/anaconda3/lib/python3.12/site-packages/matplotlib/mpl-data/fonts/ttf/DejaVuSerif-Italic.ttf', name='DejaVu Serif', style='italic', variant='normal', weight=400, stretch='normal', size='scalable')) = 11.335
2026-06-21 21:15:11 - DEBUG - findfont: score(FontEntry(fname='/root/anaconda3/lib/python3.12/site-packages/matplotlib/mpl-data/fonts/ttf/cmb10.ttf', name='cmb10', style='normal', variant='normal', weight=400, stretch='normal', size='scalable')) = 10.335
2026-06-21 21:15:11 - DEBUG - findfont: score(FontEntry(fname='/root/anaconda3/lib/python3.12/site-packages/matplotlib/mpl-data/fonts/ttf/STIXSizTwoSymBol.ttf', name='STIXSizeTwoSym', style='normal', variant='normal', weight=700, stretch='normal', size='scalable')) = 10.05
2026-06-21 21:15:11 - DEBUG - findfont: score(FontEntry(fname='/root/anaconda3/lib/python3.12/site-packages/matplotlib/mpl-data/fonts/ttf/DejaVuSans.ttf', name='DejaVu Sans', style='normal', variant='normal', weight=400, stretch='normal', size='scalable')) = 0.33499999999999996
2026-06-21 21:15:11 - DEBUG - findfont: score(FontEntry(fname='/root/anaconda3/lib/python3.12/site-packages/matplotlib/mpl-data/fonts/ttf/STIXGeneralItalic.ttf', name='STIXGeneral', style='italic', variant='normal', weight=400, stretch='normal', size='scalable')) = 11.335
2026-06-21 21:15:11 - DEBUG - findfont: score(FontEntry(fname='/root/anaconda3/lib/python3.12/site-packages/matplotlib/mpl-data/fonts/ttf/DejaVuSerif-Bold.ttf', name='DejaVu Serif', style='normal', variant='normal', weight=700, stretch='normal', size='scalable')) = 10.05
2026-06-21 21:15:11 - DEBUG - findfont: score(FontEntry(fname='/root/anaconda3/lib/python3.12/site-packages/matplotlib/mpl-data/fonts/ttf/STIXNonUni.ttf', name='STIXNonUnicode', style='normal', variant='normal', weight=400, stretch='normal', size='scalable')) = 10.335
2026-06-21 21:15:11 - DEBUG - findfont: score(FontEntry(fname='/root/anaconda3/lib/python3.12/site-packages/matplotlib/mpl-data/fonts/ttf/DejaVuSansDisplay.ttf', name='DejaVu Sans Display', style='normal', variant='normal', weight=400, stretch='normal', size='scalable')) = 10.335
2026-06-21 21:15:11 - DEBUG - findfont: score(FontEntry(fname='/root/anaconda3/lib/python3.12/site-packages/matplotlib/mpl-data/fonts/ttf/STIXSizThreeSymReg.ttf', name='STIXSizeThreeSym', style='normal', variant='normal', weight=400, stretch='normal', size='scalable')) = 10.335
2026-06-21 21:15:11 - DEBUG - findfont: score(FontEntry(fname='/root/anaconda3/lib/python3.12/site-packages/matplotlib/mpl-data/fonts/ttf/STIXSizFiveSymReg.ttf', name='STIXSizeFiveSym', style='normal', variant='normal', weight=400, stretch='normal', size='scalable')) = 10.335
2026-06-21 21:15:11 - DEBUG - findfont: score(FontEntry(fname='/root/anaconda3/lib/python3.12/site-packages/matplotlib/mpl-data/fonts/ttf/STIXNonUniIta.ttf', name='STIXNonUnicode', style='italic', variant='normal', weight=400, stretch='normal', size='scalable')) = 11.335
2026-06-21 21:15:11 - DEBUG - findfont: score(FontEntry(fname='/root/anaconda3/lib/python3.12/site-packages/matplotlib/mpl-data/fonts/ttf/cmsy10.ttf', name='cmsy10', style='normal', variant='normal', weight=400, stretch='normal', size='scalable')) = 10.335
2026-06-21 21:15:11 - DEBUG - findfont: score(FontEntry(fname='/root/anaconda3/lib/python3.12/site-packages/matplotlib/mpl-data/fonts/ttf/cmr10.ttf', name='cmr10', style='normal', variant='normal', weight=400, stretch='normal', size='scalable')) = 10.335
2026-06-21 21:15:11 - DEBUG - findfont: score(FontEntry(fname='/root/anaconda3/lib/python3.12/site-packages/matplotlib/mpl-data/fonts/ttf/STIXGeneral.ttf', name='STIXGeneral', style='normal', variant='normal', weight=400, stretch='normal', size='scalable')) = 10.335
2026-06-21 21:15:11 - DEBUG - findfont: score(FontEntry(fname='/root/anaconda3/lib/python3.12/site-packages/matplotlib/mpl-data/fonts/ttf/STIXNonUniBol.ttf', name='STIXNonUnicode', style='normal', variant='normal', weight=700, stretch='normal', size='scalable')) = 10.05
2026-06-21 21:15:11 - DEBUG - findfont: score(FontEntry(fname='/root/anaconda3/lib/python3.12/site-packages/matplotlib/mpl-data/fonts/ttf/STIXSizFourSymBol.ttf', name='STIXSizeFourSym', style='normal', variant='normal', weight=700, stretch='normal', size='scalable')) = 10.05
2026-06-21 21:15:11 - DEBUG - findfont: score(FontEntry(fname='/root/anaconda3/lib/python3.12/site-packages/matplotlib/mpl-data/fonts/ttf/STIXSizOneSymReg.ttf', name='STIXSizeOneSym', style='normal', variant='normal', weight=400, stretch='normal', size='scalable')) = 10.335
2026-06-21 21:15:11 - DEBUG - findfont: score(FontEntry(fname='/root/anaconda3/lib/python3.12/site-packages/matplotlib/mpl-data/fonts/ttf/STIXGeneralBolIta.ttf', name='STIXGeneral', style='italic', variant='normal', weight=700, stretch='normal', size='scalable')) = 11.05
2026-06-21 21:15:11 - DEBUG - findfont: score(FontEntry(fname='/root/anaconda3/lib/python3.12/site-packages/matplotlib/mpl-data/fonts/ttf/DejaVuSerifDisplay.ttf', name='DejaVu Serif Display', style='normal', variant='normal', weight=400, stretch='normal', size='scalable')) = 10.335
2026-06-21 21:15:11 - DEBUG - findfont: score(FontEntry(fname='/root/anaconda3/lib/python3.12/site-packages/matplotlib/mpl-data/fonts/ttf/DejaVuSans-Bold.ttf', name='DejaVu Sans', style='normal', variant='normal', weight=700, stretch='normal', size='scalable')) = 0.05
2026-06-21 21:15:11 - DEBUG - findfont: score(FontEntry(fname='/root/anaconda3/lib/python3.12/site-packages/matplotlib/mpl-data/fonts/ttf/cmmi10.ttf', name='cmmi10', style='normal', variant='normal', weight=400, stretch='normal', size='scalable')) = 10.335
2026-06-21 21:15:11 - DEBUG - findfont: score(FontEntry(fname='/root/anaconda3/lib/python3.12/site-packages/matplotlib/mpl-data/fonts/ttf/cmtt10.ttf', name='cmtt10', style='normal', variant='normal', weight=400, stretch='normal', size='scalable')) = 10.335
2026-06-21 21:15:11 - DEBUG - findfont: score(FontEntry(fname='/root/anaconda3/lib/python3.12/site-packages/matplotlib/mpl-data/fonts/ttf/DejaVuSerif-BoldItalic.ttf', name='DejaVu Serif', style='italic', variant='normal', weight=700, stretch='normal', size='scalable')) = 11.05
2026-06-21 21:15:11 - DEBUG - findfont: score(FontEntry(fname='/root/anaconda3/lib/python3.12/site-packages/matplotlib/mpl-data/fonts/ttf/DejaVuSansMono.ttf', name='DejaVu Sans Mono', style='normal', variant='normal', weight=400, stretch='normal', size='scalable')) = 10.335
2026-06-21 21:15:11 - DEBUG - findfont: score(FontEntry(fname='/root/anaconda3/lib/python3.12/site-packages/matplotlib/mpl-data/fonts/ttf/DejaVuSansMono-BoldOblique.ttf', name='DejaVu Sans Mono', style='oblique', variant='normal', weight=700, stretch='normal', size='scalable')) = 11.05
2026-06-21 21:15:11 - DEBUG - findfont: score(FontEntry(fname='/root/anaconda3/lib/python3.12/site-packages/matplotlib/mpl-data/fonts/ttf/STIXGeneralBol.ttf', name='STIXGeneral', style='normal', variant='normal', weight=700, stretch='normal', size='scalable')) = 10.05
2026-06-21 21:15:11 - DEBUG - findfont: score(FontEntry(fname='/root/anaconda3/lib/python3.12/site-packages/matplotlib/mpl-data/fonts/ttf/DejaVuSerif.ttf', name='DejaVu Serif', style='normal', variant='normal', weight=400, stretch='normal', size='scalable')) = 10.335
2026-06-21 21:15:11 - DEBUG - findfont: score(FontEntry(fname='/root/anaconda3/lib/python3.12/site-packages/matplotlib/mpl-data/fonts/ttf/DejaVuSans-Oblique.ttf', name='DejaVu Sans', style='oblique', variant='normal', weight=400, stretch='normal', size='scalable')) = 1.335
2026-06-21 21:15:11 - DEBUG - findfont: score(FontEntry(fname='/root/anaconda3/lib/python3.12/site-packages/matplotlib/mpl-data/fonts/ttf/DejaVuSans-BoldOblique.ttf', name='DejaVu Sans', style='oblique', variant='normal', weight=700, stretch='normal', size='scalable')) = 1.05
2026-06-21 21:15:11 - DEBUG - findfont: score(FontEntry(fname='/root/anaconda3/lib/python3.12/site-packages/matplotlib/mpl-data/fonts/ttf/DejaVuSansMono-Oblique.ttf', name='DejaVu Sans Mono', style='oblique', variant='normal', weight=400, stretch='normal', size='scalable')) = 11.335
2026-06-21 21:15:11 - DEBUG - findfont: score(FontEntry(fname='/root/anaconda3/lib/python3.12/site-packages/matplotlib/mpl-data/fonts/ttf/STIXNonUniBolIta.ttf', name='STIXNonUnicode', style='italic', variant='normal', weight=700, stretch='normal', size='scalable')) = 11.05
2026-06-21 21:15:11 - DEBUG - findfont: score(FontEntry(fname='/root/anaconda3/lib/python3.12/site-packages/matplotlib/mpl-data/fonts/ttf/STIXSizFourSymReg.ttf', name='STIXSizeFourSym', style='normal', variant='normal', weight=400, stretch='normal', size='scalable')) = 10.335
2026-06-21 21:15:11 - DEBUG - findfont: score(FontEntry(fname='/usr/share/fonts/truetype/dejavu/DejaVuSans-Bold.ttf', name='DejaVu Sans', style='normal', variant='normal', weight=700, stretch='normal', size='scalable')) = 0.05
2026-06-21 21:15:11 - DEBUG - findfont: score(FontEntry(fname='/usr/share/fonts/truetype/dejavu/DejaVuSansMono-Bold.ttf', name='DejaVu Sans Mono', style='normal', variant='normal', weight=700, stretch='normal', size='scalable')) = 10.05
2026-06-21 21:15:11 - DEBUG - findfont: score(FontEntry(fname='/usr/share/fonts/truetype/dejavu/DejaVuSerif.ttf', name='DejaVu Serif', style='normal', variant='normal', weight=400, stretch='normal', size='scalable')) = 10.335
2026-06-21 21:15:11 - DEBUG - findfont: score(FontEntry(fname='/usr/share/fonts/truetype/dejavu/DejaVuSans.ttf', name='DejaVu Sans', style='normal', variant='normal', weight=400, stretch='normal', size='scalable')) = 0.33499999999999996
2026-06-21 21:15:11 - DEBUG - findfont: score(FontEntry(fname='/usr/share/fonts/truetype/dejavu/DejaVuSansMono.ttf', name='DejaVu Sans Mono', style='normal', variant='normal', weight=400, stretch='normal', size='scalable')) = 10.335
2026-06-21 21:15:11 - DEBUG - findfont: score(FontEntry(fname='/usr/share/fonts/truetype/dejavu/DejaVuSerif-Bold.ttf', name='DejaVu Serif', style='normal', variant='normal', weight=700, stretch='normal', size='scalable')) = 10.05
2026-06-21 21:15:11 - DEBUG - findfont: Matching sans\-serif:style=normal:variant=normal:weight=bold:stretch=normal:size=9.0 to DejaVu Sans ('/root/anaconda3/lib/python3.12/site-packages/matplotlib/mpl-data/fonts/ttf/DejaVuSans-Bold.ttf') with score of 0.050000.
2026-06-21 21:15:12 - INFO - 
EMIB returned 1 solution(s) (max 1).
