
================================================================================
Batch test start (Gurobi)
================================================================================
Test input dir: /root/placement/MPDAP/benchmark/test_input
Output base dir: /root/placement/MPDAP/output_gurobi_EMIB_chiplet_5_6_01_09
Found 1 test file(s)
Files to process: sys_micro150.json
================================================================================


[1/1] Processing: sys_micro150.json
  Core name: sys_micro150_core
  Log dir: /root/placement/MPDAP/output_gurobi_EMIB_chiplet_5_6_01_09/log/sys_micro150_core
  LP dir: /root/placement/MPDAP/output_gurobi_EMIB_chiplet_5_6_01_09/lp/sys_micro150_core
  Fig dir: /root/placement/MPDAP/output_gurobi_EMIB_chiplet_5_6_01_09/fig/sys_micro150_core
  Placement file: /root/placement/MPDAP/output_gurobi_EMIB_chiplet_5_6_01_09/placement/sys_micro150.json
2026-06-21 19:34:29 - INFO - Calling EMIB solver (Gurobi)...
node 0 w: 8.25, h: 9.0
node 1 w: 8.25, h: 9.0
node 2 w: 8.25, h: 9.0
node 3 w: 8.25, h: 9.0
node 4 w: 8.75, h: 8.75
node 5 w: 8.75, h: 8.75
node 6 w: 8.75, h: 8.75
node 7 w: 8.75, h: 8.75
  (A,B): node1=A, node2=B, wireCount=256, EMIBType=interfaceB, EMIB_length=0.8533, EMIB_max_width=3.0, width=2.0, height=0.8533, bump_width=1.0000
  (A,D): node1=A, node2=D, wireCount=256, EMIBType=interfaceB, EMIB_length=0.8533, EMIB_max_width=3.0, width=2.0, height=0.8533, bump_width=1.0000
  (A,E): node1=A, node2=E, wireCount=1024, EMIBType=interfaceB, EMIB_length=3.4133, EMIB_max_width=3.0, width=2.0, height=3.4133, bump_width=1.0000
  (B,C): node1=B, node2=C, wireCount=256, EMIBType=interfaceB, EMIB_length=0.8533, EMIB_max_width=3.0, width=2.0, height=0.8533, bump_width=1.0000
  (B,F): node1=B, node2=F, wireCount=1024, EMIBType=interfaceB, EMIB_length=3.4133, EMIB_max_width=3.0, width=2.0, height=3.4133, bump_width=1.0000
  (C,D): node1=C, node2=D, wireCount=256, EMIBType=interfaceB, EMIB_length=0.8533, EMIB_max_width=3.0, width=2.0, height=0.8533, bump_width=1.0000
  (C,G): node1=C, node2=G, wireCount=1024, EMIBType=interfaceB, EMIB_length=3.4133, EMIB_max_width=3.0, width=2.0, height=3.4133, bump_width=1.0000
  (D,H): node1=D, node2=H, wireCount=1024, EMIBType=interfaceB, EMIB_length=3.4133, EMIB_max_width=3.0, width=2.0, height=3.4133, bump_width=1.0000
  (0,1): [A, B, 256, interfaceB, 0.8533, 3.0]
  (0,3): [A, D, 256, interfaceB, 0.8533, 3.0]
  (0,4): [A, E, 1024, interfaceB, 3.4133, 3.0]
  (1,2): [B, C, 256, interfaceB, 0.8533, 3.0]
  (1,5): [B, F, 1024, interfaceB, 3.4133, 3.0]
  (2,3): [C, D, 256, interfaceB, 0.8533, 3.0]
  (2,6): [C, G, 1024, interfaceB, 3.4133, 3.0]
  (3,7): [D, H, 1024, interfaceB, 3.4133, 3.0]
Set parameter WLSAccessID
2026-06-21 19:34:29 - INFO - Set parameter WLSAccessID
Set parameter WLSSecret
2026-06-21 19:34:29 - INFO - Set parameter WLSSecret
Set parameter LicenseID to value 2756663
2026-06-21 19:34:29 - INFO - Set parameter LicenseID to value 2756663
Academic license 2756663 - for non-commercial use only - registered to hu___@sjtu.edu.cn
2026-06-21 19:34:29 - INFO - Academic license 2756663 - for non-commercial use only - registered to hu___@sjtu.edu.cn
EMIB_w_var: {(0, 1): <gurobi.Var *Awaiting Model Update*>, (0, 3): <gurobi.Var *Awaiting Model Update*>, (0, 4): <gurobi.Var *Awaiting Model Update*>, (1, 2): <gurobi.Var *Awaiting Model Update*>, (1, 5): <gurobi.Var *Awaiting Model Update*>, (2, 3): <gurobi.Var *Awaiting Model Update*>, (2, 6): <gurobi.Var *Awaiting Model Update*>, (3, 7): <gurobi.Var *Awaiting Model Update*>}
EMIB_h_var: {(0, 1): <gurobi.Var *Awaiting Model Update*>, (0, 3): <gurobi.Var *Awaiting Model Update*>, (0, 4): <gurobi.Var *Awaiting Model Update*>, (1, 2): <gurobi.Var *Awaiting Model Update*>, (1, 5): <gurobi.Var *Awaiting Model Update*>, (2, 3): <gurobi.Var *Awaiting Model Update*>, (2, 6): <gurobi.Var *Awaiting Model Update*>, (3, 7): <gurobi.Var *Awaiting Model Update*>}
EMIB_connected_pairs: {(0, 1): EMIBNode(node1='A', node2='B', wireCount=256, EMIBType='interfaceB', EMIB_length=0.8533, EMIB_bump_width=1.0, EMIB_max_width=3.0, width=2.0, height=0.8533), (0, 3): EMIBNode(node1='A', node2='D', wireCount=256, EMIBType='interfaceB', EMIB_length=0.8533, EMIB_bump_width=1.0, EMIB_max_width=3.0, width=2.0, height=0.8533), (0, 4): EMIBNode(node1='A', node2='E', wireCount=1024, EMIBType='interfaceB', EMIB_length=3.4133, EMIB_bump_width=1.0, EMIB_max_width=3.0, width=2.0, height=3.4133), (1, 2): EMIBNode(node1='B', node2='C', wireCount=256, EMIBType='interfaceB', EMIB_length=0.8533, EMIB_bump_width=1.0, EMIB_max_width=3.0, width=2.0, height=0.8533), (1, 5): EMIBNode(node1='B', node2='F', wireCount=1024, EMIBType='interfaceB', EMIB_length=3.4133, EMIB_bump_width=1.0, EMIB_max_width=3.0, width=2.0, height=3.4133), (2, 3): EMIBNode(node1='C', node2='D', wireCount=256, EMIBType='interfaceB', EMIB_length=0.8533, EMIB_bump_width=1.0, EMIB_max_width=3.0, width=2.0, height=0.8533), (2, 6): EMIBNode(node1='C', node2='G', wireCount=1024, EMIBType='interfaceB', EMIB_length=3.4133, EMIB_bump_width=1.0, EMIB_max_width=3.0, width=2.0, height=3.4133), (3, 7): EMIBNode(node1='D', node2='H', wireCount=1024, EMIBType='interfaceB', EMIB_length=3.4133, EMIB_bump_width=1.0, EMIB_max_width=3.0, width=2.0, height=3.4133)}
[POWER_AWARE] Mutual Distancing: ENABLED
[POWER_AWARE] Central Avoidance: ENABLED
[POWER_AWARE] Power Aware Optimization: ENABLED
[POWER_AWARE] Selected high-power chiplets: 4 (density threshold: 2.0202020202020203)
[POWER_AWARE] High-power chiplet indices: [0, 1, 2, 3]
[POWER_AWARE] Mutual Distancing: Creating constraints for 4 high-power chiplets
[POWER_AWARE] Mutual Distancing: Added distance constraints for all high-power pairs
[POWER_AWARE] Central Avoidance: Creating away-from-center constraints for 4 high-power chiplets
[DEBUG] chiplet 0 in top 30% power density, add away-from-center constraint
[DEBUG] chiplet 1 in top 30% power density, add away-from-center constraint
[DEBUG] chiplet 2 in top 30% power density, add away-from-center constraint
[DEBUG] chiplet 3 in top 30% power density, add away-from-center constraint
[POWER_AWARE] Central Avoidance: Added away-from-center constraints for 4 high-power chiplets
[DEBUG] L_avg: 24.561148181630273
[DEBUG] total_area: 603.25
[POWER_AWARE] Normalization factor calculation:
[POWER_AWARE]   - High-power chiplets: 4
[POWER_AWARE]   - Mutual Distancing enabled: True
[POWER_AWARE]   - Central Avoidance enabled: True
[POWER_AWARE]   - pair_sum (MD): 1.350000e+05
[POWER_AWARE]   - self_sum (CA): 9.000000e+04
[POWER_AWARE]   - total_sum (pair + self): 2.250000e+05
[POWER_AWARE]   - ref_power: 2.763129e+06
[DEBUG] ref_wirelength: 62876.5393449735
[DEBUG] ref_t: 49.122296363260546
[DEBUG] ref_power: 2763129.170433406
[DEBUG] ref_aspect: 3.0

================================================================================
[OBJECTIVE FUNCTION DETAILS]
================================================================================

[Normalization Reference Values]
  ref_wirelength: 6.287654e+04
  ref_t (area proxy): 4.912230e+01
  ref_power: 2.763129e+06
  ref_aspect: 3.000000e+00

[Beta Weights]
  beta_wire: 5.000000e+00
  beta_area: 6.000000e+00
  beta_aspect: 1.000000e-01
  beta_power: 9.000000e-01

[Objective Function Components]
  1. Wirelength term:
     norm_wirelength = wirelength / ref_wirelength
     contribution = beta_wire * norm_wirelength = 5.0 * norm_wirelength
  2. Area term:
     norm_t = t / ref_t
     contribution = beta_area * norm_t = 6.0 * norm_t
  3. Aspect Ratio term:
     norm_aspect = aspect_ratio_penalty / ref_aspect
     contribution = beta_aspect * norm_aspect = 0.1 * norm_aspect
  4. Power Awareness term:
     norm_power = power_aware_penalty / ref_power
     contribution = - beta_power * norm_power = - 0.9 * norm_power

[Objective Function Formula]
  minimize: 5.0 * wirelength/ref_wirelength
          + 6.0 * t/ref_t
          + 0.1 * aspect_ratio_penalty/ref_aspect
          - 0.9 * power_aware_penalty/ref_power
================================================================================


[EMIB] ILP Model construction completed. Analyzing model structure...
================================================================================
ILP MODEL ANALYSIS REPORT - Chiplet Placement ILP (Construction Complete)
Generated: 2026-06-21 19:34:29
================================================================================

[MODEL STRUCTURE]
  Constraints (rows):                      0
  Variables (columns):                     0
  Non-zero elements:                       0
  Objective coefficients:                  0

[VARIABLE TYPES]
  Continuous:                              0
  Integer:                                 0
  Binary:                                  0

[CONSTRAINT TYPES]

[COEFFICIENT STATISTICS]

[SOLVE STATISTICS]
  Status:                    Unknown(1)
  Solve time (s):                       0.00
  Solutions found:                         0
  Nodes explored:            (not available)
  Simplex iterations:        (not available)

[MEMORY USAGE]
  Initial memory:                     96.39 MB
  Peak memory:                         0.00 MB
  Final memory:                        0.00 MB
  Peak increase:                     -96.39 MB
  Final increase:                    -96.39 MB

================================================================================
Set parameter TimeLimit to value 300
2026-06-21 19:34:29 - INFO - Set parameter TimeLimit to value 300
Set parameter MIPGap to value 0
2026-06-21 19:34:29 - INFO - Set parameter MIPGap to value 0
Set parameter MIPFocus to value 3
2026-06-21 19:34:29 - INFO - Set parameter MIPFocus to value 3
Set parameter Heuristics to value 0.5
2026-06-21 19:34:29 - INFO - Set parameter Heuristics to value 0.5
Set parameter LogToConsole to value 1
2026-06-21 19:34:29 - INFO - Set parameter LogToConsole to value 1
Gurobi Optimizer version 13.0.1 build v13.0.1rc0 (linux64 - "Ubuntu 20.04.6 LTS")
2026-06-21 19:34:29 - INFO - Gurobi Optimizer version 13.0.1 build v13.0.1rc0 (linux64 - "Ubuntu 20.04.6 LTS")

2026-06-21 19:34:29 - INFO - 
CPU model: AMD Ryzen 9 9950X3D 16-Core Processor, instruction set [SSE2|AVX|AVX2|AVX512]
2026-06-21 19:34:29 - INFO - CPU model: AMD Ryzen 9 9950X3D 16-Core Processor, instruction set [SSE2|AVX|AVX2|AVX512]
Thread count: 14 physical cores, 28 logical processors, using up to 28 threads
2026-06-21 19:34:29 - INFO - Thread count: 14 physical cores, 28 logical processors, using up to 28 threads

2026-06-21 19:34:29 - INFO - 
Non-default parameters:
2026-06-21 19:34:29 - INFO - Non-default parameters:
TimeLimit  300
2026-06-21 19:34:29 - INFO - TimeLimit  300
MIPGap  0
2026-06-21 19:34:29 - INFO - MIPGap  0
Heuristics  0.5
2026-06-21 19:34:29 - INFO - Heuristics  0.5
MIPFocus  3
2026-06-21 19:34:29 - INFO - MIPFocus  3

2026-06-21 19:34:29 - INFO - 
Academic license 2756663 - for non-commercial use only - registered to hu___@sjtu.edu.cn
2026-06-21 19:34:29 - INFO - Academic license 2756663 - for non-commercial use only - registered to hu___@sjtu.edu.cn
Optimize a model with 1063 rows, 498 columns and 3539 nonzeros (Min)
2026-06-21 19:34:29 - INFO - Optimize a model with 1063 rows, 498 columns and 3539 nonzeros (Min)
Model fingerprint: 0x70b8008b
2026-06-21 19:34:29 - INFO - Model fingerprint: 0x70b8008b
Model has 4 linear objective coefficients
2026-06-21 19:34:29 - INFO - Model has 4 linear objective coefficients
Variable types: 222 continuous, 276 integer (276 binary)
2026-06-21 19:34:29 - INFO - Variable types: 222 continuous, 276 integer (276 binary)
Coefficient statistics:
2026-06-21 19:34:29 - INFO - Coefficient statistics:
  Matrix range     [5e-01, 2e+04]
2026-06-21 19:34:29 - INFO -   Matrix range     [5e-01, 2e+04]
  Objective range  [3e-07, 1e-01]
2026-06-21 19:34:29 - INFO -   Objective range  [3e-07, 1e-01]
  Bounds range     [9e-01, 7e+06]
2026-06-21 19:34:29 - INFO -   Bounds range     [9e-01, 7e+06]
  RHS range        [9e-01, 2e+02]
2026-06-21 19:34:29 - INFO -   RHS range        [9e-01, 2e+02]

2026-06-21 19:34:29 - INFO - 
Presolve removed 101 rows and 89 columns
2026-06-21 19:34:29 - INFO - Presolve removed 101 rows and 89 columns
Presolve time: 0.01s
2026-06-21 19:34:29 - INFO - Presolve time: 0.01s
Presolved: 962 rows, 409 columns, 3126 nonzeros
2026-06-21 19:34:29 - INFO - Presolved: 962 rows, 409 columns, 3126 nonzeros
Variable types: 153 continuous, 256 integer (256 binary)
2026-06-21 19:34:29 - INFO - Variable types: 153 continuous, 256 integer (256 binary)
Root relaxation presolve removed 218 rows and 78 columns
2026-06-21 19:34:29 - INFO - Root relaxation presolve removed 218 rows and 78 columns
Root relaxation presolved: 744 rows, 343 columns, 2608 nonzeros
2026-06-21 19:34:29 - INFO - Root relaxation presolved: 744 rows, 343 columns, 2608 nonzeros

2026-06-21 19:34:29 - INFO - 

2026-06-21 19:34:29 - INFO - 
Root relaxation: objective -1.245626e+01, 195 iterations, 0.00 seconds (0.00 work units)
2026-06-21 19:34:29 - INFO - Root relaxation: objective -1.245626e+01, 195 iterations, 0.00 seconds (0.00 work units)

2026-06-21 19:34:29 - INFO - 
    Nodes    |    Current Node    |     Objective Bounds      |     Work
2026-06-21 19:34:29 - INFO -     Nodes    |    Current Node    |     Objective Bounds      |     Work
 Expl Unexpl |  Obj  Depth IntInf | Incumbent    BestBd   Gap | It/Node Time
2026-06-21 19:34:29 - INFO -  Expl Unexpl |  Obj  Depth IntInf | Incumbent    BestBd   Gap | It/Node Time

2026-06-21 19:34:29 - INFO - 
     0     0  -12.45626    0  120          -  -12.45626      -     -    0s
2026-06-21 19:34:29 - INFO -      0     0  -12.45626    0  120          -  -12.45626      -     -    0s
H    0     0                      14.1674317  -10.33278   173%     -    0s
2026-06-21 19:34:29 - INFO - H    0     0                      14.1674317  -10.33278   173%     -    0s
     0     0   -9.62557    0  151   14.16743   -9.62557   168%     -    0s
2026-06-21 19:34:29 - INFO -      0     0   -9.62557    0  151   14.16743   -9.62557   168%     -    0s
     0     0   -9.62557    0  151   14.16743   -9.62557   168%     -    0s
2026-06-21 19:34:29 - INFO -      0     0   -9.62557    0  151   14.16743   -9.62557   168%     -    0s
     0     0   -9.62557    0  131   14.16743   -9.62557   168%     -    0s
2026-06-21 19:34:29 - INFO -      0     0   -9.62557    0  131   14.16743   -9.62557   168%     -    0s
     0     0   -6.14455    0  141   14.16743   -6.14455   143%     -    0s
2026-06-21 19:34:29 - INFO -      0     0   -6.14455    0  141   14.16743   -6.14455   143%     -    0s
     0     0   -3.33960    0  116   14.16743   -3.33960   124%     -    0s
2026-06-21 19:34:29 - INFO -      0     0   -3.33960    0  116   14.16743   -3.33960   124%     -    0s
     0     0   -3.33960    0  110   14.16743   -3.33960   124%     -    0s
2026-06-21 19:34:29 - INFO -      0     0   -3.33960    0  110   14.16743   -3.33960   124%     -    0s
     0     0   -3.33960    0  110   14.16743   -3.33960   124%     -    0s
2026-06-21 19:34:30 - INFO -      0     0   -3.33960    0  110   14.16743   -3.33960   124%     -    0s
     0     0   -0.68176    0  112   14.16743   -0.68176   105%     -    0s
2026-06-21 19:34:30 - INFO -      0     0   -0.68176    0  112   14.16743   -0.68176   105%     -    0s
     0     0    1.07317    0  125   14.16743    1.07317  92.4%     -    0s
2026-06-21 19:34:30 - INFO -      0     0    1.07317    0  125   14.16743    1.07317  92.4%     -    0s
     0     0    1.07317    0  120   14.16743    1.07317  92.4%     -    0s
2026-06-21 19:34:30 - INFO -      0     0    1.07317    0  120   14.16743    1.07317  92.4%     -    0s
     0     0    1.07317    0  113   14.16743    1.07317  92.4%     -    0s
2026-06-21 19:34:30 - INFO -      0     0    1.07317    0  113   14.16743    1.07317  92.4%     -    0s
     0     0    1.07659    0  112   14.16743    1.07659  92.4%     -    0s
2026-06-21 19:34:30 - INFO -      0     0    1.07659    0  112   14.16743    1.07659  92.4%     -    0s
     0     0    2.05738    0  131   14.16743    2.05738  85.5%     -    0s
2026-06-21 19:34:30 - INFO -      0     0    2.05738    0  131   14.16743    2.05738  85.5%     -    0s
     0     0    2.05738    0  130   14.16743    2.05738  85.5%     -    0s
2026-06-21 19:34:30 - INFO -      0     0    2.05738    0  130   14.16743    2.05738  85.5%     -    0s
     0     0    2.05738    0  117   14.16743    2.05738  85.5%     -    0s
2026-06-21 19:34:30 - INFO -      0     0    2.05738    0  117   14.16743    2.05738  85.5%     -    0s
H    0     0                       9.9418563    2.06253  79.3%     -    0s
2026-06-21 19:34:30 - INFO - H    0     0                       9.9418563    2.06253  79.3%     -    0s
H    0     0                       9.8549996    2.06253  79.1%     -    0s
2026-06-21 19:34:30 - INFO - H    0     0                       9.8549996    2.06253  79.1%     -    0s
     0     0    2.10792    0  130    9.85500    2.10792  78.6%     -    0s
2026-06-21 19:34:30 - INFO -      0     0    2.10792    0  130    9.85500    2.10792  78.6%     -    0s
     0     0    2.13319    0  138    9.85500    2.13319  78.4%     -    0s
2026-06-21 19:34:30 - INFO -      0     0    2.13319    0  138    9.85500    2.13319  78.4%     -    0s
     0     0    2.17063    0  143    9.85500    2.17063  78.0%     -    0s
2026-06-21 19:34:30 - INFO -      0     0    2.17063    0  143    9.85500    2.17063  78.0%     -    0s
     0     0    2.17754    0  143    9.85500    2.17754  77.9%     -    0s
2026-06-21 19:34:30 - INFO -      0     0    2.17754    0  143    9.85500    2.17754  77.9%     -    0s
     0     0    2.17754    0  145    9.85500    2.17754  77.9%     -    0s
2026-06-21 19:34:30 - INFO -      0     0    2.17754    0  145    9.85500    2.17754  77.9%     -    0s
     0     0    2.41387    0  135    9.85500    2.41387  75.5%     -    0s
2026-06-21 19:34:30 - INFO -      0     0    2.41387    0  135    9.85500    2.41387  75.5%     -    0s
     0     0    2.41387    0  134    9.85500    2.41387  75.5%     -    0s
2026-06-21 19:34:30 - INFO -      0     0    2.41387    0  134    9.85500    2.41387  75.5%     -    0s
     0     0    2.41387    0  123    9.85500    2.41387  75.5%     -    0s
2026-06-21 19:34:30 - INFO -      0     0    2.41387    0  123    9.85500    2.41387  75.5%     -    0s
     0     0    2.48885    0  138    9.85500    2.48885  74.7%     -    0s
2026-06-21 19:34:30 - INFO -      0     0    2.48885    0  138    9.85500    2.48885  74.7%     -    0s
     0     0    2.57001    0  138    9.85500    2.57001  73.9%     -    0s
2026-06-21 19:34:30 - INFO -      0     0    2.57001    0  138    9.85500    2.57001  73.9%     -    0s
     0     0    2.57310    0  141    9.85500    2.57310  73.9%     -    0s
2026-06-21 19:34:30 - INFO -      0     0    2.57310    0  141    9.85500    2.57310  73.9%     -    0s
     0     0    2.77381    0  134    9.85500    2.77381  71.9%     -    0s
2026-06-21 19:34:30 - INFO -      0     0    2.77381    0  134    9.85500    2.77381  71.9%     -    0s
     0     0    2.77381    0  134    9.85500    2.77381  71.9%     -    0s
2026-06-21 19:34:30 - INFO -      0     0    2.77381    0  134    9.85500    2.77381  71.9%     -    0s
     0     0    2.77381    0  134    9.85500    2.77381  71.9%     -    1s
2026-06-21 19:34:30 - INFO -      0     0    2.77381    0  134    9.85500    2.77381  71.9%     -    1s
     0     0    2.78789    0  136    9.85500    2.78789  71.7%     -    1s
2026-06-21 19:34:30 - INFO -      0     0    2.78789    0  136    9.85500    2.78789  71.7%     -    1s
     0     0    2.79485    0  138    9.85500    2.79485  71.6%     -    1s
2026-06-21 19:34:30 - INFO -      0     0    2.79485    0  138    9.85500    2.79485  71.6%     -    1s
     0     0    2.82163    0  131    9.85500    2.82163  71.4%     -    1s
2026-06-21 19:34:30 - INFO -      0     0    2.82163    0  131    9.85500    2.82163  71.4%     -    1s
     0     0    2.82163    0  131    9.85500    2.82163  71.4%     -    1s
2026-06-21 19:34:30 - INFO -      0     0    2.82163    0  131    9.85500    2.82163  71.4%     -    1s
     0     0    2.82163    0  131    9.85500    2.82163  71.4%     -    1s
2026-06-21 19:34:30 - INFO -      0     0    2.82163    0  131    9.85500    2.82163  71.4%     -    1s
     0     0    2.82572    0  130    9.85500    2.82572  71.3%     -    1s
2026-06-21 19:34:30 - INFO -      0     0    2.82572    0  130    9.85500    2.82572  71.3%     -    1s
     0     0    2.82572    0  125    9.85500    2.82572  71.3%     -    1s
2026-06-21 19:34:31 - INFO -      0     0    2.82572    0  125    9.85500    2.82572  71.3%     -    1s
     0     2    2.82572    0  125    9.85500    2.82572  71.3%     -    1s
2026-06-21 19:34:31 - INFO -      0     2    2.82572    0  125    9.85500    2.82572  71.3%     -    1s
H   29    47                       9.6223377    3.36232  65.1%   187    1s
2026-06-21 19:34:31 - INFO - H   29    47                       9.6223377    3.36232  65.1%   187    1s
H  115   129                       9.5352948    3.50873  63.2%   128    2s
2026-06-21 19:34:31 - INFO - H  115   129                       9.5352948    3.50873  63.2%   128    2s
H  120   129                       9.3926359    3.53573  62.4%   131    2s
2026-06-21 19:34:31 - INFO - H  120   129                       9.3926359    3.53573  62.4%   131    2s
H  200   206                       9.2879034    3.60968  61.1%   123    2s
2026-06-21 19:34:31 - INFO - H  200   206                       9.2879034    3.60968  61.1%   123    2s
H  222   239                       9.2178040    3.63575  60.6%   129    2s
2026-06-21 19:34:32 - INFO - H  222   239                       9.2178040    3.63575  60.6%   129    2s
H  263   271                       9.1540350    3.67937  59.8%   145    2s
2026-06-21 19:34:32 - INFO - H  263   271                       9.1540350    3.67937  59.8%   145    2s
H  347   355                       9.1459873    3.77847  58.7%   166    3s
2026-06-21 19:34:32 - INFO - H  347   355                       9.1459873    3.77847  58.7%   166    3s
H  374   382                       9.1397424    3.78892  58.5%   165    3s
2026-06-21 19:34:33 - INFO - H  374   382                       9.1397424    3.78892  58.5%   165    3s
H  423   446                       9.1346530    3.82998  58.1%   172    3s
2026-06-21 19:34:33 - INFO - H  423   446                       9.1346530    3.82998  58.1%   172    3s
H  561   593                       8.2393458    3.86137  53.1%   153    3s
2026-06-21 19:34:33 - INFO - H  561   593                       8.2393458    3.86137  53.1%   153    3s
H  691   752                       8.2393051    3.88758  52.8%   142    3s
2026-06-21 19:34:33 - INFO - H  691   752                       8.2393051    3.88758  52.8%   142    3s
  1858  1873    4.40403   10  144    8.23931    4.07691  50.5%   109    5s
2026-06-21 19:34:34 - INFO -   1858  1873    4.40403   10  144    8.23931    4.07691  50.5%   109    5s
H 1923  1824                       8.2393051    4.11160  50.1%   111    7s
2026-06-21 19:34:36 - INFO - H 1923  1824                       8.2393051    4.11160  50.1%   111    7s
  1954  1845    5.75864   16  208    8.23931    5.48016  33.5%   109   10s
2026-06-21 19:34:39 - INFO -   1954  1845    5.75864   16  208    8.23931    5.48016  33.5%   109   10s
H 1968  1763                       8.2393051    5.66470  31.2%   113   11s
2026-06-21 19:34:41 - INFO - H 1968  1763                       8.2393051    5.66470  31.2%   113   11s
H 1978  1680                       8.2393051    5.85135  29.0%   113   12s
2026-06-21 19:34:41 - INFO - H 1978  1680                       8.2393051    5.85135  29.0%   113   12s
H 2644  2040                       8.2393051    6.20253  24.7%   122   13s
2026-06-21 19:34:43 - INFO - H 2644  2040                       8.2393051    6.20253  24.7%   122   13s
H 2720  2044                       8.2393051    6.23641  24.3%   122   14s
2026-06-21 19:34:43 - INFO - H 2720  2044                       8.2393051    6.23641  24.3%   122   14s
H 2727  1966                       8.2393049    6.23826  24.3%   122   14s
2026-06-21 19:34:43 - INFO - H 2727  1966                       8.2393049    6.23826  24.3%   122   14s
H 2949  2063                       8.2393049    6.28282  23.7%   122   14s
2026-06-21 19:34:44 - INFO - H 2949  2063                       8.2393049    6.28282  23.7%   122   14s
H 2973  1986                       8.2393049    6.28282  23.7%   122   14s
2026-06-21 19:34:44 - INFO - H 2973  1986                       8.2393049    6.28282  23.7%   122   14s
H 2981  1918                       8.2393049    6.28282  23.7%   121   14s
2026-06-21 19:34:44 - INFO - H 2981  1918                       8.2393049    6.28282  23.7%   121   14s
H 3279  2071                       8.2393049    6.32930  23.2%   121   14s
2026-06-21 19:34:44 - INFO - H 3279  2071                       8.2393049    6.32930  23.2%   121   14s
H 3577  2129                       8.2393049    6.38164  22.5%   121   14s
2026-06-21 19:34:44 - INFO - H 3577  2129                       8.2393049    6.38164  22.5%   121   14s
H 3721  2185                       8.2393048    6.40042  22.3%   122   14s
2026-06-21 19:34:44 - INFO - H 3721  2185                       8.2393048    6.40042  22.3%   122   14s
  3898  2377    6.54708   33  106    8.23930    6.41668  22.1%   121   15s
2026-06-21 19:34:44 - INFO -   3898  2377    6.54708   33  106    8.23930    6.41668  22.1%   121   15s
H 4147  2420                       8.2393048    6.43667  21.9%   120   15s
2026-06-21 19:34:44 - INFO - H 4147  2420                       8.2393048    6.43667  21.9%   120   15s
H13010  8702                       8.2393048    7.07660  14.1%   113   19s
2026-06-21 19:34:49 - INFO - H13010  8702                       8.2393048    7.07660  14.1%   113   19s
 13118  9416     cutoff   42         8.23930    7.08582  14.0%   113   20s
2026-06-21 19:34:49 - INFO -  13118  9416     cutoff   42         8.23930    7.08582  14.0%   113   20s
H13916  9416                       8.2393048    7.09248  13.9%   111   20s
2026-06-21 19:34:49 - INFO - H13916  9416                       8.2393048    7.09248  13.9%   111   20s
H14240  9931                       8.2393047    7.11784  13.6%   111   20s
2026-06-21 19:34:50 - INFO - H14240  9931                       8.2393047    7.11784  13.6%   111   20s
H15527 10420                       8.2393047    7.15416  13.2%   109   20s
2026-06-21 19:34:50 - INFO - H15527 10420                       8.2393047    7.15416  13.2%   109   20s
H20602 13947                       8.2393047    7.22496  12.3%   103   24s
2026-06-21 19:34:54 - INFO - H20602 13947                       8.2393047    7.22496  12.3%   103   24s
 22151 14459    7.51159   36   74    8.23930    7.27694  11.7%   102   25s
2026-06-21 19:34:54 - INFO -  22151 14459    7.51159   36   74    8.23930    7.27694  11.7%   102   25s
H23326 15197                       8.2393047    7.28614  11.6%   101   25s
2026-06-21 19:34:55 - INFO - H23326 15197                       8.2393047    7.28614  11.6%   101   25s
H23784 15499                       8.2393047    7.29613  11.4%   100   25s
2026-06-21 19:34:55 - INFO - H23784 15499                       8.2393047    7.29613  11.4%   100   25s
H29009 18199                       8.2393047    7.38927  10.3%  97.5   27s
2026-06-21 19:34:57 - INFO - H29009 18199                       8.2393047    7.38927  10.3%  97.5   27s
H33955 19353                       8.2393047    7.45274  9.55%  95.3   28s
2026-06-21 19:34:58 - INFO - H33955 19353                       8.2393047    7.45274  9.55%  95.3   28s
 39559 21122 infeasible   39         8.23930    7.53257  8.58%  92.6   30s
2026-06-21 19:35:00 - INFO -  39559 21122 infeasible   39         8.23930    7.53257  8.58%  92.6   30s
H43205 21651                       8.2393047    7.58052  8.00%  90.9   31s
2026-06-21 19:35:01 - INFO - H43205 21651                       8.2393047    7.58052  8.00%  90.9   31s
H43343 21651                       8.2393046    7.58149  7.98%  90.8   31s
2026-06-21 19:35:01 - INFO - H43343 21651                       8.2393046    7.58149  7.98%  90.8   31s
H53200 23641                       8.2393045    7.66316  6.99%  85.9   34s
2026-06-21 19:35:03 - INFO - H53200 23641                       8.2393045    7.66316  6.99%  85.9   34s
 56905 24777 infeasible   39         8.23930    7.70255  6.51%  84.4   35s
2026-06-21 19:35:05 - INFO -  56905 24777 infeasible   39         8.23930    7.70255  6.51%  84.4   35s
H64810 25149                       8.2393045    7.75631  5.86%  80.6   36s
2026-06-21 19:35:06 - INFO - H64810 25149                       8.2393045    7.75631  5.86%  80.6   36s
H75979 25936                       8.2393030    7.82729  5.00%  75.9   39s
2026-06-21 19:35:08 - INFO - H75979 25936                       8.2393030    7.82729  5.00%  75.9   39s
 79324 26131    7.86255   40   73    8.23930    7.84523  4.78%  74.6   40s
2026-06-21 19:35:10 - INFO -  79324 26131    7.86255   40   73    8.23930    7.84523  4.78%  74.6   40s
 90701 24592    7.93776   38   14    8.23930    7.91280  3.96%  70.8   45s
2026-06-21 19:35:15 - INFO -  90701 24592    7.93776   38   14    8.23930    7.91280  3.96%  70.8   45s
 108716 23908     cutoff   44         8.23930    7.99835  2.92%  64.8   50s
2026-06-21 19:35:20 - INFO -  108716 23908     cutoff   44         8.23930    7.99835  2.92%  64.8   50s
 123748 25215    8.20940   43   14    8.23930    8.06683  2.09%  60.0   55s
2026-06-21 19:35:25 - INFO -  123748 25215    8.20940   43   14    8.23930    8.06683  2.09%  60.0   55s
 138972 25329     cutoff   51         8.23930    8.11294  1.53%  55.8   60s
2026-06-21 19:35:29 - INFO -  138972 25329     cutoff   51         8.23930    8.11294  1.53%  55.8   60s
 171112 15027     cutoff   49         8.23930    8.18805  0.62%  48.7   65s
2026-06-21 19:35:34 - INFO -  171112 15027     cutoff   49         8.23930    8.18805  0.62%  48.7   65s
 195830  3075     cutoff   53         8.23930    8.22921  0.12%  44.5   70s
2026-06-21 19:35:40 - INFO -  195830  3075     cutoff   53         8.23930    8.22921  0.12%  44.5   70s

2026-06-21 19:35:42 - INFO - 
Cutting planes:
2026-06-21 19:35:42 - INFO - Cutting planes:
  Learned: 194
2026-06-21 19:35:42 - INFO -   Learned: 194
  Gomory: 176
2026-06-21 19:35:42 - INFO -   Gomory: 176
  Lift-and-project: 204
2026-06-21 19:35:42 - INFO -   Lift-and-project: 204
  Cover: 710
2026-06-21 19:35:42 - INFO -   Cover: 710
  Implied bound: 15
2026-06-21 19:35:42 - INFO -   Implied bound: 15
  Projected implied bound: 1
2026-06-21 19:35:42 - INFO -   Projected implied bound: 1
  Clique: 6
2026-06-21 19:35:42 - INFO -   Clique: 6
  MIR: 307
2026-06-21 19:35:42 - INFO -   MIR: 307
  Mixing: 4
2026-06-21 19:35:42 - INFO -   Mixing: 4
  Flow cover: 1187
2026-06-21 19:35:42 - INFO -   Flow cover: 1187
  Inf proof: 709
2026-06-21 19:35:42 - INFO -   Inf proof: 709
  Zero half: 95
2026-06-21 19:35:42 - INFO -   Zero half: 95
  RLT: 20
2026-06-21 19:35:42 - INFO -   RLT: 20
  Relax-and-lift: 188
2026-06-21 19:35:42 - INFO -   Relax-and-lift: 188

2026-06-21 19:35:42 - INFO - 
Explored 200558 nodes (8768586 simplex iterations) in 72.26 seconds (119.09 work units)
2026-06-21 19:35:42 - INFO - Explored 200558 nodes (8768586 simplex iterations) in 72.26 seconds (119.09 work units)
Thread count was 28 (of 28 available processors)
2026-06-21 19:35:42 - INFO - Thread count was 28 (of 28 available processors)

2026-06-21 19:35:42 - INFO - 
Solution count 10: 8.2393 8.2393 8.23931 ... 9.15404
2026-06-21 19:35:42 - INFO - Solution count 10: 8.2393 8.2393 8.23931 ... 9.15404

2026-06-21 19:35:42 - INFO - 
Optimal solution found (tolerance 0.00e+00)
2026-06-21 19:35:42 - INFO - Optimal solution found (tolerance 0.00e+00)
Best objective 8.239303046914e+00, best bound 8.239303046914e+00, gap 0.0000%
2026-06-21 19:35:42 - INFO - Best objective 8.239303046914e+00, best bound 8.239303046914e+00, gap 0.0000%
[EMIB] Solve done: MIPGap=0.0, status=Optimal, Obj=8.239303, time=72.28s, SolCount=10


================================================================================
ILP MODEL ANALYSIS REPORT - Chiplet Placement ILP (Gap=0.0)
Generated: 2026-06-21 19:35:42
================================================================================

[MODEL STRUCTURE]
  Constraints (rows):                   1063
  Variables (columns):                   498
  Non-zero elements:                    3539
  Objective coefficients:                  4

[VARIABLE TYPES]
  Continuous:                            222
  Integer:                                 0
  Binary:                                276

[CONSTRAINT TYPES]
  <= constraints:                              556
  == constraints:                              164
  >= constraints:                              343

[COEFFICIENT STATISTICS]
  Matrix range:              [5.00e-01, 2.25e+04]
  Objective range:           [3.26e-07, 1.22e-01]
  Bounds range:              [-2.10e+02, 6.88e+06]

[SOLVE STATISTICS]
  Status:                    Optimal
  Objective value:                  8.239303
  Best bound:                       8.239303
  MIP gap:                           0.0000%
  Solve time (s):                      72.28
  Solutions found:                        10
  Nodes explored:                   200558.0
  Simplex iterations:              8768586.0

[MEMORY USAGE]
  Initial memory:                     97.14 MB
  Peak memory:                       675.03 MB
  Final memory:                      675.03 MB
  Peak increase:                     577.89 MB
  Final increase:                    577.89 MB

================================================================================

================================================================================
[OBJECTIVE FUNCTION BREAKDOWN - SOLUTION VALUES]
================================================================================

[Actual Variable Values]
  wirelength: 4.907587e+04
  bbox_area_proxy_t: 4.268424e+01
  aspect_ratio_penalty: 1.447000e-01
  power_aware_penalty: 2.706968e+06

[Normalized Values]
  norm_wirelength = 4.907587e+04 / 6.287654e+04 = 7.805116e-01
  norm_t = 4.268424e+01 / 4.912230e+01 = 8.689382e-01
  norm_aspect = 1.447000e-01 / 3.000000e+00 = 4.823333e-02
  norm_power = 2.706968e+06 / 2.763129e+06 = 9.796748e-01

[Weighted Contributions]
  1. Wirelength: 5.000000e+00 * 7.805116e-01 = 3.902558e+00
  2. Area: 6.000000e+00 * 8.689382e-01 = 5.213629e+00
  3. Aspect Ratio: 1.000000e-01 * 4.823333e-02 = 4.823333e-03
  4. Power Awareness: -9.000000e-01 * 9.796748e-01 = -8.817073e-01

[Total Objective Value]
  3.902558e+00 + 5.213629e+00 + 4.823333e-03 - 8.817073e-01
  = 8.239303e+00
================================================================================

[EMIB] Solve succeeded (Optimal)
[EMIB] placement JSON saved: /root/placement/MPDAP/output_gurobi_EMIB_chiplet_5_6_01_09/placement/sys_micro150.json
[EMIB] Layout figure saved: /root/placement/MPDAP/output_gurobi_EMIB_chiplet_5_6_01_09/fig/sys_micro150_core/solution_1_layout_gurobi.png
2026-06-21 19:35:44 - INFO - 
EMIB returned 1 solution(s) (max 1).
  ✓ EMIB: 1 solution(s)

================================================================================
Batch test done (Gurobi)
  Total time: 74.75 s
================================================================================
File summary:
  Success: 1/1
  Failed: 0/1
Solution count:
  Found: 1/1

Details:
  ✓ sys_micro150.json -> sys_micro150_core: 1 solution(s)
    Log dir: /root/placement/MPDAP/output_gurobi_EMIB_chiplet_5_6_01_09/log/sys_micro150_core
    LP dir: /root/placement/MPDAP/output_gurobi_EMIB_chiplet_5_6_01_09/lp/sys_micro150_core
    Fig dir: /root/placement/MPDAP/output_gurobi_EMIB_chiplet_5_6_01_09/fig/sys_micro150_core
    Placement: /root/placement/MPDAP/output_gurobi_EMIB_chiplet_5_6_01_09/placement/sys_micro150.json
================================================================================

