
================================================================================
Batch test start (Gurobi)
================================================================================
Test input dir: /root/placement/MPDAP/benchmark/test_input
Output base dir: /root/placement/MPDAP/output_gurobi_EMIB_chiplet_5_6_01_02
Found 1 test file(s)
Files to process: hp8_m.json
================================================================================


[1/1] Processing: hp8_m.json
  Core name: hp8_m_core
  Log dir: /root/placement/MPDAP/output_gurobi_EMIB_chiplet_5_6_01_02/log/hp8_m_core
  LP dir: /root/placement/MPDAP/output_gurobi_EMIB_chiplet_5_6_01_02/lp/hp8_m_core
  Fig dir: /root/placement/MPDAP/output_gurobi_EMIB_chiplet_5_6_01_02/fig/hp8_m_core
  Placement file: /root/placement/MPDAP/output_gurobi_EMIB_chiplet_5_6_01_02/placement/hp8_m.json
2026-06-21 21:33:42 - INFO - Calling EMIB solver (Gurobi)...
node 0 w: 4.62, h: 10.36
node 1 w: 7.0, h: 3.78
node 2 w: 2.1, h: 9.8
node 3 w: 2.1, h: 9.8
node 4 w: 2.1, h: 9.8
node 5 w: 5.46, h: 33.04
node 6 w: 33.04, h: 5.46
node 7 w: 2.52, h: 20.16
  (A,C): node1=A, node2=C, wireCount=512, EMIBType=interfaceB, EMIB_length=1.7067, EMIB_max_width=3.0, width=2.0, height=1.7067, bump_width=1.0000
  (A,F): node1=A, node2=F, wireCount=256, EMIBType=interfaceB, EMIB_length=0.8533, EMIB_max_width=3.0, width=2.0, height=0.8533, bump_width=1.0000
  (A,H): node1=A, node2=H, wireCount=512, EMIBType=interfaceB, EMIB_length=1.7067, EMIB_max_width=3.0, width=2.0, height=1.7067, bump_width=1.0000
  (B,E): node1=B, node2=E, wireCount=128, EMIBType=interfaceC, EMIB_length=3.2, EMIB_max_width=99.0, width=1.0, height=3.2, bump_width=0.5000
  (B,F): node1=B, node2=F, wireCount=128, EMIBType=interfaceC, EMIB_length=3.2, EMIB_max_width=99.0, width=1.0, height=3.2, bump_width=0.5000
  (C,D): node1=C, node2=D, wireCount=256, EMIBType=interfaceB, EMIB_length=0.8533, EMIB_max_width=3.0, width=2.0, height=0.8533, bump_width=1.0000
  (C,G): node1=C, node2=G, wireCount=128, EMIBType=interfaceC, EMIB_length=3.2, EMIB_max_width=99.0, width=1.0, height=3.2, bump_width=0.5000
  (C,H): node1=C, node2=H, wireCount=128, EMIBType=interfaceC, EMIB_length=3.2, EMIB_max_width=99.0, width=1.0, height=3.2, bump_width=0.5000
  (D,G): node1=D, node2=G, wireCount=128, EMIBType=interfaceC, EMIB_length=3.2, EMIB_max_width=99.0, width=1.0, height=3.2, bump_width=0.5000
  (E,G): node1=E, node2=G, wireCount=256, EMIBType=interfaceB, EMIB_length=0.8533, EMIB_max_width=3.0, width=2.0, height=0.8533, bump_width=1.0000
  (F,H): node1=F, node2=H, wireCount=512, EMIBType=interfaceB, EMIB_length=1.7067, EMIB_max_width=3.0, width=2.0, height=1.7067, bump_width=1.0000
  (G,H): node1=G, node2=H, wireCount=256, EMIBType=interfaceB, EMIB_length=0.8533, EMIB_max_width=3.0, width=2.0, height=0.8533, bump_width=1.0000
  (0,2): [A, C, 512, interfaceB, 1.7067, 3.0]
  (0,5): [A, F, 256, interfaceB, 0.8533, 3.0]
  (0,7): [A, H, 512, interfaceB, 1.7067, 3.0]
  (1,4): [B, E, 128, interfaceC, 3.2, 99.0]
  (1,5): [B, F, 128, interfaceC, 3.2, 99.0]
  (2,3): [C, D, 256, interfaceB, 0.8533, 3.0]
  (2,6): [C, G, 128, interfaceC, 3.2, 99.0]
  (2,7): [C, H, 128, interfaceC, 3.2, 99.0]
  (3,6): [D, G, 128, interfaceC, 3.2, 99.0]
  (4,6): [E, G, 256, interfaceB, 0.8533, 3.0]
  (5,7): [F, H, 512, interfaceB, 1.7067, 3.0]
  (6,7): [G, H, 256, interfaceB, 0.8533, 3.0]
Set parameter WLSAccessID
2026-06-21 21:33:42 - INFO - Set parameter WLSAccessID
Set parameter WLSSecret
2026-06-21 21:33:42 - INFO - Set parameter WLSSecret
Set parameter LicenseID to value 2756663
2026-06-21 21:33:42 - INFO - Set parameter LicenseID to value 2756663
Academic license 2756663 - for non-commercial use only - registered to hu___@sjtu.edu.cn
2026-06-21 21:33:42 - INFO - Academic license 2756663 - for non-commercial use only - registered to hu___@sjtu.edu.cn
EMIB_w_var: {(0, 2): <gurobi.Var *Awaiting Model Update*>, (0, 5): <gurobi.Var *Awaiting Model Update*>, (0, 7): <gurobi.Var *Awaiting Model Update*>, (2, 3): <gurobi.Var *Awaiting Model Update*>, (4, 6): <gurobi.Var *Awaiting Model Update*>, (5, 7): <gurobi.Var *Awaiting Model Update*>, (6, 7): <gurobi.Var *Awaiting Model Update*>}
EMIB_h_var: {(0, 2): <gurobi.Var *Awaiting Model Update*>, (0, 5): <gurobi.Var *Awaiting Model Update*>, (0, 7): <gurobi.Var *Awaiting Model Update*>, (2, 3): <gurobi.Var *Awaiting Model Update*>, (4, 6): <gurobi.Var *Awaiting Model Update*>, (5, 7): <gurobi.Var *Awaiting Model Update*>, (6, 7): <gurobi.Var *Awaiting Model Update*>}
EMIB_connected_pairs: {(0, 2): EMIBNode(node1='A', node2='C', wireCount=512, EMIBType='interfaceB', EMIB_length=1.7067, EMIB_bump_width=1.0, EMIB_max_width=3.0, width=2.0, height=1.7067), (0, 5): EMIBNode(node1='A', node2='F', wireCount=256, EMIBType='interfaceB', EMIB_length=0.8533, EMIB_bump_width=1.0, EMIB_max_width=3.0, width=2.0, height=0.8533), (0, 7): EMIBNode(node1='A', node2='H', wireCount=512, EMIBType='interfaceB', EMIB_length=1.7067, EMIB_bump_width=1.0, EMIB_max_width=3.0, width=2.0, height=1.7067), (2, 3): EMIBNode(node1='C', node2='D', wireCount=256, EMIBType='interfaceB', EMIB_length=0.8533, EMIB_bump_width=1.0, EMIB_max_width=3.0, width=2.0, height=0.8533), (4, 6): EMIBNode(node1='E', node2='G', wireCount=256, EMIBType='interfaceB', EMIB_length=0.8533, EMIB_bump_width=1.0, EMIB_max_width=3.0, width=2.0, height=0.8533), (5, 7): EMIBNode(node1='F', node2='H', wireCount=512, EMIBType='interfaceB', EMIB_length=1.7067, EMIB_bump_width=1.0, EMIB_max_width=3.0, width=2.0, height=1.7067), (6, 7): EMIBNode(node1='G', node2='H', wireCount=256, EMIBType='interfaceB', EMIB_length=0.8533, EMIB_bump_width=1.0, EMIB_max_width=3.0, width=2.0, height=0.8533)}
[POWER_AWARE] Mutual Distancing: ENABLED
[POWER_AWARE] Central Avoidance: ENABLED
[POWER_AWARE] Power Aware Optimization: ENABLED
[POWER_AWARE] Selected high-power chiplets: 2 (density threshold: 2.332361516034985)
[POWER_AWARE] High-power chiplet indices: [2, 3]
[POWER_AWARE] Mutual Distancing: Creating constraints for 2 high-power chiplets
[POWER_AWARE] Mutual Distancing: Added distance constraints for all high-power pairs
[POWER_AWARE] Central Avoidance: Creating away-from-center constraints for 2 high-power chiplets
[DEBUG] chiplet 2 in top 30% power density, add away-from-center constraint
[DEBUG] chiplet 3 in top 30% power density, add away-from-center constraint
[POWER_AWARE] Central Avoidance: Added away-from-center constraints for 2 high-power chiplets
[DEBUG] L_avg: 23.402205024313414
[DEBUG] total_area: 547.6632
[POWER_AWARE] Normalization factor calculation:
[POWER_AWARE]   - High-power chiplets: 2
[POWER_AWARE]   - Mutual Distancing enabled: True
[POWER_AWARE]   - Central Avoidance enabled: True
[POWER_AWARE]   - pair_sum (MD): 2.496000e+03
[POWER_AWARE]   - self_sum (CA): 5.008000e+03
[POWER_AWARE]   - total_sum (pair + self): 7.504000e+03
[POWER_AWARE]   - ref_power: 8.780507e+04
[DEBUG] ref_wirelength: 37443.52803890146
[DEBUG] ref_t: 46.80441004862683
[DEBUG] ref_power: 87805.07325122393
[DEBUG] ref_aspect: 104.86

================================================================================
[OBJECTIVE FUNCTION DETAILS]
================================================================================

[Normalization Reference Values]
  ref_wirelength: 3.744353e+04
  ref_t (area proxy): 4.680441e+01
  ref_power: 8.780507e+04
  ref_aspect: 1.048600e+02

[Beta Weights]
  beta_wire: 5.000000e+00
  beta_area: 6.000000e+00
  beta_aspect: 1.000000e-01
  beta_power: 2.000000e-01

[Objective Function Components]
  1. Wirelength term:
     norm_wirelength = wirelength / ref_wirelength
     contribution = beta_wire * norm_wirelength = 5.0 * norm_wirelength
  2. Area term:
     norm_t = t / ref_t
     contribution = beta_area * norm_t = 6.0 * norm_t
  3. Aspect Ratio term:
     norm_aspect = aspect_ratio_penalty / ref_aspect
     contribution = beta_aspect * norm_aspect = 0.1 * norm_aspect
  4. Power Awareness term:
     norm_power = power_aware_penalty / ref_power
     contribution = - beta_power * norm_power = - 0.2 * norm_power

[Objective Function Formula]
  minimize: 5.0 * wirelength/ref_wirelength
          + 6.0 * t/ref_t
          + 0.1 * aspect_ratio_penalty/ref_aspect
          - 0.2 * power_aware_penalty/ref_power
================================================================================


[EMIB] ILP Model construction completed. Analyzing model structure...
================================================================================
ILP MODEL ANALYSIS REPORT - Chiplet Placement ILP (Construction Complete)
Generated: 2026-06-21 21:33:42
================================================================================

[MODEL STRUCTURE]
  Constraints (rows):                      0
  Variables (columns):                     0
  Non-zero elements:                       0
  Objective coefficients:                  0

[VARIABLE TYPES]
  Continuous:                              0
  Integer:                                 0
  Binary:                                  0

[CONSTRAINT TYPES]

[COEFFICIENT STATISTICS]

[SOLVE STATISTICS]
  Status:                    Unknown(1)
  Solve time (s):                       0.00
  Solutions found:                         0
  Nodes explored:            (not available)
  Simplex iterations:        (not available)

[MEMORY USAGE]
  Initial memory:                     96.36 MB
  Peak memory:                         0.00 MB
  Final memory:                        0.00 MB
  Peak increase:                     -96.36 MB
  Final increase:                    -96.36 MB

================================================================================
Set parameter TimeLimit to value 300
2026-06-21 21:33:42 - INFO - Set parameter TimeLimit to value 300
Set parameter MIPGap to value 0
2026-06-21 21:33:42 - INFO - Set parameter MIPGap to value 0
Set parameter MIPFocus to value 3
2026-06-21 21:33:42 - INFO - Set parameter MIPFocus to value 3
Set parameter Heuristics to value 0.5
2026-06-21 21:33:42 - INFO - Set parameter Heuristics to value 0.5
Set parameter LogToConsole to value 1
2026-06-21 21:33:42 - INFO - Set parameter LogToConsole to value 1
Gurobi Optimizer version 13.0.1 build v13.0.1rc0 (linux64 - "Ubuntu 20.04.6 LTS")
2026-06-21 21:33:42 - INFO - Gurobi Optimizer version 13.0.1 build v13.0.1rc0 (linux64 - "Ubuntu 20.04.6 LTS")

2026-06-21 21:33:42 - INFO - 
CPU model: AMD Ryzen 9 9950X3D 16-Core Processor, instruction set [SSE2|AVX|AVX2|AVX512]
2026-06-21 21:33:42 - INFO - CPU model: AMD Ryzen 9 9950X3D 16-Core Processor, instruction set [SSE2|AVX|AVX2|AVX512]
Thread count: 14 physical cores, 28 logical processors, using up to 28 threads
2026-06-21 21:33:42 - INFO - Thread count: 14 physical cores, 28 logical processors, using up to 28 threads

2026-06-21 21:33:42 - INFO - 
Non-default parameters:
2026-06-21 21:33:42 - INFO - Non-default parameters:
TimeLimit  300
2026-06-21 21:33:42 - INFO - TimeLimit  300
MIPGap  0
2026-06-21 21:33:42 - INFO - MIPGap  0
Heuristics  0.5
2026-06-21 21:33:42 - INFO - Heuristics  0.5
MIPFocus  3
2026-06-21 21:33:42 - INFO - MIPFocus  3

2026-06-21 21:33:42 - INFO - 
Academic license 2756663 - for non-commercial use only - registered to hu___@sjtu.edu.cn
2026-06-21 21:33:42 - INFO - Academic license 2756663 - for non-commercial use only - registered to hu___@sjtu.edu.cn
Optimize a model with 943 rows, 442 columns and 3161 nonzeros (Min)
2026-06-21 21:33:42 - INFO - Optimize a model with 943 rows, 442 columns and 3161 nonzeros (Min)
Model fingerprint: 0xab012027
2026-06-21 21:33:42 - INFO - Model fingerprint: 0xab012027
Model has 4 linear objective coefficients
2026-06-21 21:33:42 - INFO - Model has 4 linear objective coefficients
Variable types: 193 continuous, 249 integer (249 binary)
2026-06-21 21:33:42 - INFO - Variable types: 193 continuous, 249 integer (249 binary)
Coefficient statistics:
2026-06-21 21:33:42 - INFO - Coefficient statistics:
  Matrix range     [3e-01, 3e+03]
2026-06-21 21:33:42 - INFO -   Matrix range     [3e-01, 3e+03]
  Objective range  [2e-06, 1e-01]
2026-06-21 21:33:42 - INFO -   Objective range  [2e-06, 1e-01]
  Bounds range     [9e-01, 1e+07]
2026-06-21 21:33:42 - INFO -   Bounds range     [9e-01, 1e+07]
  RHS range        [9e-01, 2e+02]
2026-06-21 21:33:42 - INFO -   RHS range        [9e-01, 2e+02]

2026-06-21 21:33:42 - INFO - 
Presolve removed 90 rows and 74 columns
2026-06-21 21:33:43 - INFO - Presolve removed 90 rows and 74 columns
Presolve time: 0.01s
2026-06-21 21:33:43 - INFO - Presolve time: 0.01s
Presolved: 853 rows, 368 columns, 2950 nonzeros
2026-06-21 21:33:43 - INFO - Presolved: 853 rows, 368 columns, 2950 nonzeros
Variable types: 133 continuous, 235 integer (235 binary)
2026-06-21 21:33:43 - INFO - Variable types: 133 continuous, 235 integer (235 binary)
Root relaxation presolve removed 146 rows and 42 columns
2026-06-21 21:33:43 - INFO - Root relaxation presolve removed 146 rows and 42 columns
Root relaxation presolved: 707 rows, 334 columns, 2596 nonzeros
2026-06-21 21:33:43 - INFO - Root relaxation presolved: 707 rows, 334 columns, 2596 nonzeros

2026-06-21 21:33:43 - INFO - 

2026-06-21 21:33:43 - INFO - 
Root relaxation: objective 5.716109e-01, 184 iterations, 0.00 seconds (0.00 work units)
2026-06-21 21:33:43 - INFO - Root relaxation: objective 5.716109e-01, 184 iterations, 0.00 seconds (0.00 work units)

2026-06-21 21:33:43 - INFO - 
    Nodes    |    Current Node    |     Objective Bounds      |     Work
2026-06-21 21:33:43 - INFO -     Nodes    |    Current Node    |     Objective Bounds      |     Work
 Expl Unexpl |  Obj  Depth IntInf | Incumbent    BestBd   Gap | It/Node Time
2026-06-21 21:33:43 - INFO -  Expl Unexpl |  Obj  Depth IntInf | Incumbent    BestBd   Gap | It/Node Time

2026-06-21 21:33:43 - INFO - 
     0     0    0.57161    0   97          -    0.57161      -     -    0s
2026-06-21 21:33:43 - INFO -      0     0    0.57161    0   97          -    0.57161      -     -    0s
H    0     0                      27.6919687    0.59791  97.8%     -    0s
2026-06-21 21:33:43 - INFO - H    0     0                      27.6919687    0.59791  97.8%     -    0s
     0     0    1.21954    0  109   27.69197    1.21954  95.6%     -    0s
2026-06-21 21:33:43 - INFO -      0     0    1.21954    0  109   27.69197    1.21954  95.6%     -    0s
     0     0    1.21954    0   98   27.69197    1.21954  95.6%     -    0s
2026-06-21 21:33:43 - INFO -      0     0    1.21954    0   98   27.69197    1.21954  95.6%     -    0s
     0     0    2.49219    0   96   27.69197    2.49219  91.0%     -    0s
2026-06-21 21:33:43 - INFO -      0     0    2.49219    0   96   27.69197    2.49219  91.0%     -    0s
     0     0    2.49219    0   99   27.69197    2.49219  91.0%     -    0s
2026-06-21 21:33:43 - INFO -      0     0    2.49219    0   99   27.69197    2.49219  91.0%     -    0s
     0     0    2.94252    0   99   27.69197    2.94252  89.4%     -    0s
2026-06-21 21:33:43 - INFO -      0     0    2.94252    0   99   27.69197    2.94252  89.4%     -    0s
     0     0    2.94252    0   99   27.69197    2.94252  89.4%     -    0s
2026-06-21 21:33:43 - INFO -      0     0    2.94252    0   99   27.69197    2.94252  89.4%     -    0s
     0     0    2.94252    0   97   27.69197    2.94252  89.4%     -    0s
2026-06-21 21:33:43 - INFO -      0     0    2.94252    0   97   27.69197    2.94252  89.4%     -    0s
H    0     0                      14.2907915    3.81720  73.3%     -    0s
2026-06-21 21:33:43 - INFO - H    0     0                      14.2907915    3.81720  73.3%     -    0s
     0     0    3.81720    0   97   14.29079    3.81720  73.3%     -    0s
2026-06-21 21:33:43 - INFO -      0     0    3.81720    0   97   14.29079    3.81720  73.3%     -    0s
     0     0    3.82987    0  101   14.29079    3.82987  73.2%     -    0s
2026-06-21 21:33:43 - INFO -      0     0    3.82987    0  101   14.29079    3.82987  73.2%     -    0s
     0     0    3.90425    0  104   14.29079    3.90425  72.7%     -    0s
2026-06-21 21:33:43 - INFO -      0     0    3.90425    0  104   14.29079    3.90425  72.7%     -    0s
     0     0    3.90425    0  104   14.29079    3.90425  72.7%     -    0s
2026-06-21 21:33:43 - INFO -      0     0    3.90425    0  104   14.29079    3.90425  72.7%     -    0s
     0     0    4.24625    0  118   14.29079    4.24625  70.3%     -    0s
2026-06-21 21:33:43 - INFO -      0     0    4.24625    0  118   14.29079    4.24625  70.3%     -    0s
     0     0    4.24625    0  118   14.29079    4.24625  70.3%     -    0s
2026-06-21 21:33:43 - INFO -      0     0    4.24625    0  118   14.29079    4.24625  70.3%     -    0s
     0     0    4.24625    0  111   14.29079    4.24625  70.3%     -    0s
2026-06-21 21:33:43 - INFO -      0     0    4.24625    0  111   14.29079    4.24625  70.3%     -    0s
H    0     0                      13.1689057    4.25479  67.7%     -    0s
2026-06-21 21:33:43 - INFO - H    0     0                      13.1689057    4.25479  67.7%     -    0s
     0     0    4.25479    0  108   13.16891    4.25479  67.7%     -    0s
2026-06-21 21:33:43 - INFO -      0     0    4.25479    0  108   13.16891    4.25479  67.7%     -    0s
     0     0    4.25829    0  113   13.16891    4.25829  67.7%     -    0s
2026-06-21 21:33:43 - INFO -      0     0    4.25829    0  113   13.16891    4.25829  67.7%     -    0s
     0     0    4.25830    0  121   13.16891    4.25830  67.7%     -    0s
2026-06-21 21:33:43 - INFO -      0     0    4.25830    0  121   13.16891    4.25830  67.7%     -    0s
     0     0    4.60527    0  135   13.16891    4.60527  65.0%     -    0s
2026-06-21 21:33:43 - INFO -      0     0    4.60527    0  135   13.16891    4.60527  65.0%     -    0s
     0     0    4.60527    0  135   13.16891    4.60527  65.0%     -    0s
2026-06-21 21:33:43 - INFO -      0     0    4.60527    0  135   13.16891    4.60527  65.0%     -    0s
     0     0    4.60527    0  135   13.16891    4.60527  65.0%     -    0s
2026-06-21 21:33:43 - INFO -      0     0    4.60527    0  135   13.16891    4.60527  65.0%     -    0s
H    0     0                      13.0588306    4.60785  64.7%     -    0s
2026-06-21 21:33:43 - INFO - H    0     0                      13.0588306    4.60785  64.7%     -    0s
     0     0    4.76856    0  134   13.05883    4.76856  63.5%     -    0s
2026-06-21 21:33:43 - INFO -      0     0    4.76856    0  134   13.05883    4.76856  63.5%     -    0s
     0     0    4.80461    0  132   13.05883    4.80461  63.2%     -    0s
2026-06-21 21:33:43 - INFO -      0     0    4.80461    0  132   13.05883    4.80461  63.2%     -    0s
     0     0    4.86210    0  128   13.05883    4.86210  62.8%     -    0s
2026-06-21 21:33:43 - INFO -      0     0    4.86210    0  128   13.05883    4.86210  62.8%     -    0s
     0     0    4.86340    0  130   13.05883    4.86340  62.8%     -    0s
2026-06-21 21:33:43 - INFO -      0     0    4.86340    0  130   13.05883    4.86340  62.8%     -    0s
H    0     0                      12.8547610    5.13630  60.0%     -    0s
2026-06-21 21:33:43 - INFO - H    0     0                      12.8547610    5.13630  60.0%     -    0s
     0     0    5.13630    0  138   12.85476    5.13630  60.0%     -    0s
2026-06-21 21:33:43 - INFO -      0     0    5.13630    0  138   12.85476    5.13630  60.0%     -    0s
     0     0    5.13630    0  138   12.85476    5.13630  60.0%     -    0s
2026-06-21 21:33:43 - INFO -      0     0    5.13630    0  138   12.85476    5.13630  60.0%     -    0s
     0     0    5.13630    0  129   12.85476    5.13630  60.0%     -    0s
2026-06-21 21:33:43 - INFO -      0     0    5.13630    0  129   12.85476    5.13630  60.0%     -    0s
H    0     0                      12.8209405    5.13804  59.9%     -    0s
2026-06-21 21:33:43 - INFO - H    0     0                      12.8209405    5.13804  59.9%     -    0s
     0     0    5.13804    0  137   12.82094    5.13804  59.9%     -    0s
2026-06-21 21:33:43 - INFO -      0     0    5.13804    0  137   12.82094    5.13804  59.9%     -    0s
H    0     0                      12.7978388    5.13804  59.9%     -    0s
2026-06-21 21:33:43 - INFO - H    0     0                      12.7978388    5.13804  59.9%     -    0s
     0     0    5.21708    0  138   12.79784    5.21708  59.2%     -    0s
2026-06-21 21:33:43 - INFO -      0     0    5.21708    0  138   12.79784    5.21708  59.2%     -    0s
     0     0    5.21708    0  138   12.79784    5.21708  59.2%     -    0s
2026-06-21 21:33:43 - INFO -      0     0    5.21708    0  138   12.79784    5.21708  59.2%     -    0s
     0     0    5.21708    0  138   12.79784    5.21708  59.2%     -    0s
2026-06-21 21:33:43 - INFO -      0     0    5.21708    0  138   12.79784    5.21708  59.2%     -    0s
H    0     0                      12.4844678    5.23212  58.1%     -    0s
2026-06-21 21:33:43 - INFO - H    0     0                      12.4844678    5.23212  58.1%     -    0s
     0     0    5.23212    0  133   12.48447    5.23212  58.1%     -    0s
2026-06-21 21:33:43 - INFO -      0     0    5.23212    0  133   12.48447    5.23212  58.1%     -    0s
     0     0    5.25173    0  145   12.48447    5.25173  57.9%     -    0s
2026-06-21 21:33:43 - INFO -      0     0    5.25173    0  145   12.48447    5.25173  57.9%     -    0s
     0     0    5.26701    0  148   12.48447    5.26701  57.8%     -    0s
2026-06-21 21:33:43 - INFO -      0     0    5.26701    0  148   12.48447    5.26701  57.8%     -    0s
     0     0    5.26717    0  150   12.48447    5.26717  57.8%     -    0s
2026-06-21 21:33:43 - INFO -      0     0    5.26717    0  150   12.48447    5.26717  57.8%     -    0s
     0     0    5.31759    0  140   12.48447    5.31759  57.4%     -    0s
2026-06-21 21:33:43 - INFO -      0     0    5.31759    0  140   12.48447    5.31759  57.4%     -    0s
     0     0    5.31759    0  140   12.48447    5.31759  57.4%     -    0s
2026-06-21 21:33:43 - INFO -      0     0    5.31759    0  140   12.48447    5.31759  57.4%     -    0s
     0     0    5.31759    0  131   12.48447    5.31759  57.4%     -    1s
2026-06-21 21:33:44 - INFO -      0     0    5.31759    0  131   12.48447    5.31759  57.4%     -    1s
H    0     0                      12.3523971    5.33092  56.8%     -    1s
2026-06-21 21:33:44 - INFO - H    0     0                      12.3523971    5.33092  56.8%     -    1s
     0     0    5.33092    0  153   12.35240    5.33092  56.8%     -    1s
2026-06-21 21:33:44 - INFO -      0     0    5.33092    0  153   12.35240    5.33092  56.8%     -    1s
     0     0    5.33209    0  154   12.35240    5.33209  56.8%     -    1s
2026-06-21 21:33:44 - INFO -      0     0    5.33209    0  154   12.35240    5.33209  56.8%     -    1s
H    0     0                      12.2693766    5.33209  56.5%     -    1s
2026-06-21 21:33:44 - INFO - H    0     0                      12.2693766    5.33209  56.5%     -    1s
     0     0    5.35251    0  138   12.26938    5.35251  56.4%     -    1s
2026-06-21 21:33:44 - INFO -      0     0    5.35251    0  138   12.26938    5.35251  56.4%     -    1s
     0     0    5.35251    0  138   12.26938    5.35251  56.4%     -    1s
2026-06-21 21:33:44 - INFO -      0     0    5.35251    0  138   12.26938    5.35251  56.4%     -    1s
H    0     0                      12.0428112    5.35273  55.6%     -    1s
2026-06-21 21:33:44 - INFO - H    0     0                      12.0428112    5.35273  55.6%     -    1s
H    0     0                      11.7783329    5.36689  54.4%     -    1s
2026-06-21 21:33:44 - INFO - H    0     0                      11.7783329    5.36689  54.4%     -    1s
     0     0    5.36689    0  151   11.77833    5.36689  54.4%     -    1s
2026-06-21 21:33:44 - INFO -      0     0    5.36689    0  151   11.77833    5.36689  54.4%     -    1s
     0     0    5.38850    0  155   11.77833    5.38850  54.3%     -    1s
2026-06-21 21:33:44 - INFO -      0     0    5.38850    0  155   11.77833    5.38850  54.3%     -    1s
     0     0    5.38859    0  156   11.77833    5.38859  54.3%     -    1s
2026-06-21 21:33:44 - INFO -      0     0    5.38859    0  156   11.77833    5.38859  54.3%     -    1s
     0     0    5.42548    0  135   11.77833    5.42548  53.9%     -    1s
2026-06-21 21:33:44 - INFO -      0     0    5.42548    0  135   11.77833    5.42548  53.9%     -    1s
     0     0    5.42548    0  134   11.77833    5.42548  53.9%     -    1s
2026-06-21 21:33:44 - INFO -      0     0    5.42548    0  134   11.77833    5.42548  53.9%     -    1s
H    0     0                      11.3570983    5.43536  52.1%     -    1s
2026-06-21 21:33:44 - INFO - H    0     0                      11.3570983    5.43536  52.1%     -    1s
     0     0    5.43536    0  145   11.35710    5.43536  52.1%     -    1s
2026-06-21 21:33:44 - INFO -      0     0    5.43536    0  145   11.35710    5.43536  52.1%     -    1s
     0     0    5.43991    0  148   11.35710    5.43991  52.1%     -    1s
2026-06-21 21:33:44 - INFO -      0     0    5.43991    0  148   11.35710    5.43991  52.1%     -    1s
     0     0    5.44530    0  144   11.35710    5.44530  52.1%     -    1s
2026-06-21 21:33:44 - INFO -      0     0    5.44530    0  144   11.35710    5.44530  52.1%     -    1s
     0     0    5.44584    0  155   11.35710    5.44584  52.0%     -    1s
2026-06-21 21:33:44 - INFO -      0     0    5.44584    0  155   11.35710    5.44584  52.0%     -    1s
H    0     0                      11.2483472    5.44584  51.6%     -    1s
2026-06-21 21:33:44 - INFO - H    0     0                      11.2483472    5.44584  51.6%     -    1s
H    0     0                      10.7612570    5.44584  49.4%     -    1s
2026-06-21 21:33:44 - INFO - H    0     0                      10.7612570    5.44584  49.4%     -    1s
     0     0    5.45803    0  148   10.76126    5.45803  49.3%     -    1s
2026-06-21 21:33:44 - INFO -      0     0    5.45803    0  148   10.76126    5.45803  49.3%     -    1s
     0     0    5.45803    0  142   10.76126    5.45803  49.3%     -    1s
2026-06-21 21:33:44 - INFO -      0     0    5.45803    0  142   10.76126    5.45803  49.3%     -    1s
H    0     0                      10.7277559    5.46119  49.1%     -    1s
2026-06-21 21:33:44 - INFO - H    0     0                      10.7277559    5.46119  49.1%     -    1s
     0     0    5.47202    0  153   10.72776    5.47202  49.0%     -    1s
2026-06-21 21:33:44 - INFO -      0     0    5.47202    0  153   10.72776    5.47202  49.0%     -    1s
     0     0    5.47755    0  147   10.72776    5.47755  48.9%     -    1s
2026-06-21 21:33:44 - INFO -      0     0    5.47755    0  147   10.72776    5.47755  48.9%     -    1s
     0     0    5.47884    0  163   10.72776    5.47884  48.9%     -    1s
2026-06-21 21:33:44 - INFO -      0     0    5.47884    0  163   10.72776    5.47884  48.9%     -    1s
     0     0    5.49120    0  159   10.72776    5.49120  48.8%     -    1s
2026-06-21 21:33:44 - INFO -      0     0    5.49120    0  159   10.72776    5.49120  48.8%     -    1s
     0     0    5.49120    0  149   10.72776    5.49120  48.8%     -    1s
2026-06-21 21:33:44 - INFO -      0     0    5.49120    0  149   10.72776    5.49120  48.8%     -    1s
     0     0    5.49861    0  161   10.72776    5.49861  48.7%     -    1s
2026-06-21 21:33:44 - INFO -      0     0    5.49861    0  161   10.72776    5.49861  48.7%     -    1s
     0     0    5.49988    0  164   10.72776    5.49988  48.7%     -    1s
2026-06-21 21:33:44 - INFO -      0     0    5.49988    0  164   10.72776    5.49988  48.7%     -    1s
     0     0    5.50895    0  160   10.72776    5.50895  48.6%     -    1s
2026-06-21 21:33:44 - INFO -      0     0    5.50895    0  160   10.72776    5.50895  48.6%     -    1s
     0     0    5.50895    0  152   10.72776    5.50895  48.6%     -    1s
2026-06-21 21:33:44 - INFO -      0     0    5.50895    0  152   10.72776    5.50895  48.6%     -    1s
     0     0    5.50901    0  150   10.72776    5.50901  48.6%     -    2s
2026-06-21 21:33:45 - INFO -      0     0    5.50901    0  150   10.72776    5.50901  48.6%     -    2s
     0     0    5.50901    0  150   10.72776    5.50901  48.6%     -    2s
2026-06-21 21:33:45 - INFO -      0     0    5.50901    0  150   10.72776    5.50901  48.6%     -    2s
     0     2    5.50902    0  150   10.72776    5.50902  48.6%     -    2s
2026-06-21 21:33:45 - INFO -      0     2    5.50902    0  150   10.72776    5.50902  48.6%     -    2s
H  263   268                      10.7277559    5.70343  46.8%   265    3s
2026-06-21 21:33:46 - INFO - H  263   268                      10.7277559    5.70343  46.8%   265    3s
   498   522    7.08119    8  130   10.72776    5.87523  45.2%   270    5s
2026-06-21 21:33:48 - INFO -    498   522    7.08119    8  130   10.72776    5.87523  45.2%   270    5s
H 2179  1986                      10.5549422    6.10389  42.2%   167    6s
2026-06-21 21:33:49 - INFO - H 2179  1986                      10.5549422    6.10389  42.2%   167    6s
H 2279  1894                      10.5504201    6.11439  42.0%   163    8s
2026-06-21 21:33:51 - INFO - H 2279  1894                      10.5504201    6.11439  42.0%   163    8s
  2295  1905    6.99209   16  177   10.55042    6.11439  42.0%   162   10s
2026-06-21 21:33:53 - INFO -   2295  1905    6.99209   16  177   10.55042    6.11439  42.0%   162   10s
  3127  2104    9.34129   47   63   10.55042    9.31307  11.7%   158   15s
2026-06-21 21:33:58 - INFO -   3127  2104    9.34129   47   63   10.55042    9.31307  11.7%   158   15s
* 7555  3123              55      10.4725911   10.10306  3.53%  91.7   17s
2026-06-21 21:34:00 - INFO - * 7555  3123              55      10.4725911   10.10306  3.53%  91.7   17s
H 8351  1802                      10.2759673   10.12788  1.44%  85.7   17s
2026-06-21 21:34:00 - INFO - H 8351  1802                      10.2759673   10.12788  1.44%  85.7   17s
H 9614  1168                      10.2424662   10.21657  0.25%  77.5   17s
2026-06-21 21:34:00 - INFO - H 9614  1168                      10.2424662   10.21657  0.25%  77.5   17s

2026-06-21 21:34:00 - INFO - 
Cutting planes:
2026-06-21 21:34:00 - INFO - Cutting planes:
  Learned: 88
2026-06-21 21:34:00 - INFO -   Learned: 88
  Gomory: 126
2026-06-21 21:34:00 - INFO -   Gomory: 126
  Lift-and-project: 210
2026-06-21 21:34:00 - INFO -   Lift-and-project: 210
  Cover: 10
2026-06-21 21:34:00 - INFO -   Cover: 10
  Implied bound: 5
2026-06-21 21:34:00 - INFO -   Implied bound: 5
  Clique: 1
2026-06-21 21:34:00 - INFO -   Clique: 1
  MIR: 246
2026-06-21 21:34:00 - INFO -   MIR: 246
  Mixing: 9
2026-06-21 21:34:00 - INFO -   Mixing: 9
  StrongCG: 1
2026-06-21 21:34:00 - INFO -   StrongCG: 1
  Flow cover: 1204
2026-06-21 21:34:00 - INFO -   Flow cover: 1204
  Inf proof: 54
2026-06-21 21:34:00 - INFO -   Inf proof: 54
  Zero half: 6
2026-06-21 21:34:00 - INFO -   Zero half: 6
  RLT: 5
2026-06-21 21:34:00 - INFO -   RLT: 5
  Relax-and-lift: 28
2026-06-21 21:34:00 - INFO -   Relax-and-lift: 28

2026-06-21 21:34:00 - INFO - 
Explored 10257 nodes (760923 simplex iterations) in 17.58 seconds (29.72 work units)
2026-06-21 21:34:00 - INFO - Explored 10257 nodes (760923 simplex iterations) in 17.58 seconds (29.72 work units)
Thread count was 28 (of 28 available processors)
2026-06-21 21:34:00 - INFO - Thread count was 28 (of 28 available processors)

2026-06-21 21:34:00 - INFO - 
Solution count 10: 10.2425 10.276 10.4726 ... 11.7783
2026-06-21 21:34:00 - INFO - Solution count 10: 10.2425 10.276 10.4726 ... 11.7783

2026-06-21 21:34:00 - INFO - 
Optimal solution found (tolerance 0.00e+00)
2026-06-21 21:34:00 - INFO - Optimal solution found (tolerance 0.00e+00)
Best objective 1.024246615914e+01, best bound 1.024246615914e+01, gap 0.0000%
2026-06-21 21:34:00 - INFO - Best objective 1.024246615914e+01, best bound 1.024246615914e+01, gap 0.0000%
[EMIB] Solve done: MIPGap=0.0, status=Optimal, Obj=10.242466, time=17.59s, SolCount=10


================================================================================
ILP MODEL ANALYSIS REPORT - Chiplet Placement ILP (Gap=0.0)
Generated: 2026-06-21 21:34:00
================================================================================

[MODEL STRUCTURE]
  Constraints (rows):                    943
  Variables (columns):                   442
  Non-zero elements:                    3161
  Objective coefficients:                  4

[VARIABLE TYPES]
  Continuous:                            193
  Integer:                                 0
  Binary:                                249

[CONSTRAINT TYPES]
  <= constraints:                              502
  == constraints:                              141
  >= constraints:                              300

[COEFFICIENT STATISTICS]
  Matrix range:              [2.93e-01, 2.70e+03]
  Objective range:           [2.28e-06, 1.28e-01]
  Bounds range:              [-2.04e+02, 1.00e+07]

[SOLVE STATISTICS]
  Status:                    Optimal
  Objective value:                 10.242466
  Best bound:                      10.242466
  MIP gap:                           0.0000%
  Solve time (s):                      17.59
  Solutions found:                        10
  Nodes explored:                    10257.0
  Simplex iterations:               760923.0

[MEMORY USAGE]
  Initial memory:                     97.06 MB
  Peak memory:                       455.24 MB
  Final memory:                      455.24 MB
  Peak increase:                     358.18 MB
  Final increase:                    358.18 MB

================================================================================

================================================================================
[OBJECTIVE FUNCTION BREAKDOWN - SOLUTION VALUES]
================================================================================

[Actual Variable Values]
  wirelength: 3.301760e+04
  bbox_area_proxy_t: 4.726400e+01
  aspect_ratio_penalty: 2.464000e+01
  power_aware_penalty: 1.092885e+05

[Normalized Values]
  norm_wirelength = 3.301760e+04 / 3.744353e+04 = 8.817972e-01
  norm_t = 4.726400e+01 / 4.680441e+01 = 1.009819e+00
  norm_aspect = 2.464000e+01 / 1.048600e+02 = 2.349800e-01
  norm_power = 1.092885e+05 / 8.780507e+04 = 1.244672e+00

[Weighted Contributions]
  1. Wirelength: 5.000000e+00 * 8.817972e-01 = 4.408986e+00
  2. Area: 6.000000e+00 * 1.009819e+00 = 6.058916e+00
  3. Aspect Ratio: 1.000000e-01 * 2.349800e-01 = 2.349800e-02
  4. Power Awareness: -2.000000e-01 * 1.244672e+00 = -2.489343e-01

[Total Objective Value]
  4.408986e+00 + 6.058916e+00 + 2.349800e-02 - 2.489343e-01
  = 1.024247e+01
================================================================================

[EMIB] Solve succeeded (Optimal)
[EMIB] placement JSON saved: /root/placement/MPDAP/output_gurobi_EMIB_chiplet_5_6_01_02/placement/hp8_m.json
[EMIB] Layout figure saved: /root/placement/MPDAP/output_gurobi_EMIB_chiplet_5_6_01_02/fig/hp8_m_core/solution_1_layout_gurobi.png
2026-06-21 21:34:01 - INFO - 
EMIB returned 1 solution(s) (max 1).
  ✓ EMIB: 1 solution(s)

================================================================================
Batch test done (Gurobi)
  Total time: 18.93 s
================================================================================
File summary:
  Success: 1/1
  Failed: 0/1
Solution count:
  Found: 1/1

Details:
  ✓ hp8_m.json -> hp8_m_core: 1 solution(s)
    Log dir: /root/placement/MPDAP/output_gurobi_EMIB_chiplet_5_6_01_02/log/hp8_m_core
    LP dir: /root/placement/MPDAP/output_gurobi_EMIB_chiplet_5_6_01_02/lp/hp8_m_core
    Fig dir: /root/placement/MPDAP/output_gurobi_EMIB_chiplet_5_6_01_02/fig/hp8_m_core
    Placement: /root/placement/MPDAP/output_gurobi_EMIB_chiplet_5_6_01_02/placement/hp8_m.json
================================================================================

