
================================================================================
Batch test start (Gurobi)
================================================================================
Test input dir: /root/placement/MPDAP/benchmark/test_input
Output base dir: /root/placement/MPDAP/output_gurobi_EMIB_chiplet_5_6_01_02
Found 1 test file(s)
Files to process: sys_micro150.json
================================================================================


[1/1] Processing: sys_micro150.json
  Core name: sys_micro150_core
  Log dir: /root/placement/MPDAP/output_gurobi_EMIB_chiplet_5_6_01_02/log/sys_micro150_core
  LP dir: /root/placement/MPDAP/output_gurobi_EMIB_chiplet_5_6_01_02/lp/sys_micro150_core
  Fig dir: /root/placement/MPDAP/output_gurobi_EMIB_chiplet_5_6_01_02/fig/sys_micro150_core
  Placement file: /root/placement/MPDAP/output_gurobi_EMIB_chiplet_5_6_01_02/placement/sys_micro150.json
2026-06-21 21:39:12 - INFO - Calling EMIB solver (Gurobi)...
node 0 w: 8.25, h: 9.0
node 1 w: 8.25, h: 9.0
node 2 w: 8.25, h: 9.0
node 3 w: 8.25, h: 9.0
node 4 w: 8.75, h: 8.75
node 5 w: 8.75, h: 8.75
node 6 w: 8.75, h: 8.75
node 7 w: 8.75, h: 8.75
  (A,B): node1=A, node2=B, wireCount=256, EMIBType=interfaceB, EMIB_length=0.8533, EMIB_max_width=3.0, width=2.0, height=0.8533, bump_width=1.0000
  (A,D): node1=A, node2=D, wireCount=256, EMIBType=interfaceB, EMIB_length=0.8533, EMIB_max_width=3.0, width=2.0, height=0.8533, bump_width=1.0000
  (A,E): node1=A, node2=E, wireCount=1024, EMIBType=interfaceB, EMIB_length=3.4133, EMIB_max_width=3.0, width=2.0, height=3.4133, bump_width=1.0000
  (B,C): node1=B, node2=C, wireCount=256, EMIBType=interfaceB, EMIB_length=0.8533, EMIB_max_width=3.0, width=2.0, height=0.8533, bump_width=1.0000
  (B,F): node1=B, node2=F, wireCount=1024, EMIBType=interfaceB, EMIB_length=3.4133, EMIB_max_width=3.0, width=2.0, height=3.4133, bump_width=1.0000
  (C,D): node1=C, node2=D, wireCount=256, EMIBType=interfaceB, EMIB_length=0.8533, EMIB_max_width=3.0, width=2.0, height=0.8533, bump_width=1.0000
  (C,G): node1=C, node2=G, wireCount=1024, EMIBType=interfaceB, EMIB_length=3.4133, EMIB_max_width=3.0, width=2.0, height=3.4133, bump_width=1.0000
  (D,H): node1=D, node2=H, wireCount=1024, EMIBType=interfaceB, EMIB_length=3.4133, EMIB_max_width=3.0, width=2.0, height=3.4133, bump_width=1.0000
  (0,1): [A, B, 256, interfaceB, 0.8533, 3.0]
  (0,3): [A, D, 256, interfaceB, 0.8533, 3.0]
  (0,4): [A, E, 1024, interfaceB, 3.4133, 3.0]
  (1,2): [B, C, 256, interfaceB, 0.8533, 3.0]
  (1,5): [B, F, 1024, interfaceB, 3.4133, 3.0]
  (2,3): [C, D, 256, interfaceB, 0.8533, 3.0]
  (2,6): [C, G, 1024, interfaceB, 3.4133, 3.0]
  (3,7): [D, H, 1024, interfaceB, 3.4133, 3.0]
Set parameter WLSAccessID
2026-06-21 21:39:12 - INFO - Set parameter WLSAccessID
Set parameter WLSSecret
2026-06-21 21:39:12 - INFO - Set parameter WLSSecret
Set parameter LicenseID to value 2756663
2026-06-21 21:39:12 - INFO - Set parameter LicenseID to value 2756663
Academic license 2756663 - for non-commercial use only - registered to hu___@sjtu.edu.cn
2026-06-21 21:39:12 - INFO - Academic license 2756663 - for non-commercial use only - registered to hu___@sjtu.edu.cn
EMIB_w_var: {(0, 1): <gurobi.Var *Awaiting Model Update*>, (0, 3): <gurobi.Var *Awaiting Model Update*>, (0, 4): <gurobi.Var *Awaiting Model Update*>, (1, 2): <gurobi.Var *Awaiting Model Update*>, (1, 5): <gurobi.Var *Awaiting Model Update*>, (2, 3): <gurobi.Var *Awaiting Model Update*>, (2, 6): <gurobi.Var *Awaiting Model Update*>, (3, 7): <gurobi.Var *Awaiting Model Update*>}
EMIB_h_var: {(0, 1): <gurobi.Var *Awaiting Model Update*>, (0, 3): <gurobi.Var *Awaiting Model Update*>, (0, 4): <gurobi.Var *Awaiting Model Update*>, (1, 2): <gurobi.Var *Awaiting Model Update*>, (1, 5): <gurobi.Var *Awaiting Model Update*>, (2, 3): <gurobi.Var *Awaiting Model Update*>, (2, 6): <gurobi.Var *Awaiting Model Update*>, (3, 7): <gurobi.Var *Awaiting Model Update*>}
EMIB_connected_pairs: {(0, 1): EMIBNode(node1='A', node2='B', wireCount=256, EMIBType='interfaceB', EMIB_length=0.8533, EMIB_bump_width=1.0, EMIB_max_width=3.0, width=2.0, height=0.8533), (0, 3): EMIBNode(node1='A', node2='D', wireCount=256, EMIBType='interfaceB', EMIB_length=0.8533, EMIB_bump_width=1.0, EMIB_max_width=3.0, width=2.0, height=0.8533), (0, 4): EMIBNode(node1='A', node2='E', wireCount=1024, EMIBType='interfaceB', EMIB_length=3.4133, EMIB_bump_width=1.0, EMIB_max_width=3.0, width=2.0, height=3.4133), (1, 2): EMIBNode(node1='B', node2='C', wireCount=256, EMIBType='interfaceB', EMIB_length=0.8533, EMIB_bump_width=1.0, EMIB_max_width=3.0, width=2.0, height=0.8533), (1, 5): EMIBNode(node1='B', node2='F', wireCount=1024, EMIBType='interfaceB', EMIB_length=3.4133, EMIB_bump_width=1.0, EMIB_max_width=3.0, width=2.0, height=3.4133), (2, 3): EMIBNode(node1='C', node2='D', wireCount=256, EMIBType='interfaceB', EMIB_length=0.8533, EMIB_bump_width=1.0, EMIB_max_width=3.0, width=2.0, height=0.8533), (2, 6): EMIBNode(node1='C', node2='G', wireCount=1024, EMIBType='interfaceB', EMIB_length=3.4133, EMIB_bump_width=1.0, EMIB_max_width=3.0, width=2.0, height=3.4133), (3, 7): EMIBNode(node1='D', node2='H', wireCount=1024, EMIBType='interfaceB', EMIB_length=3.4133, EMIB_bump_width=1.0, EMIB_max_width=3.0, width=2.0, height=3.4133)}
[POWER_AWARE] Mutual Distancing: ENABLED
[POWER_AWARE] Central Avoidance: ENABLED
[POWER_AWARE] Power Aware Optimization: ENABLED
[POWER_AWARE] Selected high-power chiplets: 4 (density threshold: 2.0202020202020203)
[POWER_AWARE] High-power chiplet indices: [0, 1, 2, 3]
[POWER_AWARE] Mutual Distancing: Creating constraints for 4 high-power chiplets
[POWER_AWARE] Mutual Distancing: Added distance constraints for all high-power pairs
[POWER_AWARE] Central Avoidance: Creating away-from-center constraints for 4 high-power chiplets
[DEBUG] chiplet 0 in top 30% power density, add away-from-center constraint
[DEBUG] chiplet 1 in top 30% power density, add away-from-center constraint
[DEBUG] chiplet 2 in top 30% power density, add away-from-center constraint
[DEBUG] chiplet 3 in top 30% power density, add away-from-center constraint
[POWER_AWARE] Central Avoidance: Added away-from-center constraints for 4 high-power chiplets
[DEBUG] L_avg: 24.561148181630273
[DEBUG] total_area: 603.25
[POWER_AWARE] Normalization factor calculation:
[POWER_AWARE]   - High-power chiplets: 4
[POWER_AWARE]   - Mutual Distancing enabled: True
[POWER_AWARE]   - Central Avoidance enabled: True
[POWER_AWARE]   - pair_sum (MD): 1.350000e+05
[POWER_AWARE]   - self_sum (CA): 9.000000e+04
[POWER_AWARE]   - total_sum (pair + self): 2.250000e+05
[POWER_AWARE]   - ref_power: 2.763129e+06
[DEBUG] ref_wirelength: 62876.5393449735
[DEBUG] ref_t: 49.122296363260546
[DEBUG] ref_power: 2763129.170433406
[DEBUG] ref_aspect: 3.0

================================================================================
[OBJECTIVE FUNCTION DETAILS]
================================================================================

[Normalization Reference Values]
  ref_wirelength: 6.287654e+04
  ref_t (area proxy): 4.912230e+01
  ref_power: 2.763129e+06
  ref_aspect: 3.000000e+00

[Beta Weights]
  beta_wire: 5.000000e+00
  beta_area: 6.000000e+00
  beta_aspect: 1.000000e-01
  beta_power: 2.000000e-01

[Objective Function Components]
  1. Wirelength term:
     norm_wirelength = wirelength / ref_wirelength
     contribution = beta_wire * norm_wirelength = 5.0 * norm_wirelength
  2. Area term:
     norm_t = t / ref_t
     contribution = beta_area * norm_t = 6.0 * norm_t
  3. Aspect Ratio term:
     norm_aspect = aspect_ratio_penalty / ref_aspect
     contribution = beta_aspect * norm_aspect = 0.1 * norm_aspect
  4. Power Awareness term:
     norm_power = power_aware_penalty / ref_power
     contribution = - beta_power * norm_power = - 0.2 * norm_power

[Objective Function Formula]
  minimize: 5.0 * wirelength/ref_wirelength
          + 6.0 * t/ref_t
          + 0.1 * aspect_ratio_penalty/ref_aspect
          - 0.2 * power_aware_penalty/ref_power
================================================================================


[EMIB] ILP Model construction completed. Analyzing model structure...
================================================================================
ILP MODEL ANALYSIS REPORT - Chiplet Placement ILP (Construction Complete)
Generated: 2026-06-21 21:39:12
================================================================================

[MODEL STRUCTURE]
  Constraints (rows):                      0
  Variables (columns):                     0
  Non-zero elements:                       0
  Objective coefficients:                  0

[VARIABLE TYPES]
  Continuous:                              0
  Integer:                                 0
  Binary:                                  0

[CONSTRAINT TYPES]

[COEFFICIENT STATISTICS]

[SOLVE STATISTICS]
  Status:                    Unknown(1)
  Solve time (s):                       0.00
  Solutions found:                         0
  Nodes explored:            (not available)
  Simplex iterations:        (not available)

[MEMORY USAGE]
  Initial memory:                     96.44 MB
  Peak memory:                         0.00 MB
  Final memory:                        0.00 MB
  Peak increase:                     -96.44 MB
  Final increase:                    -96.44 MB

================================================================================
Set parameter TimeLimit to value 300
2026-06-21 21:39:12 - INFO - Set parameter TimeLimit to value 300
Set parameter MIPGap to value 0
2026-06-21 21:39:12 - INFO - Set parameter MIPGap to value 0
Set parameter MIPFocus to value 3
2026-06-21 21:39:12 - INFO - Set parameter MIPFocus to value 3
Set parameter Heuristics to value 0.5
2026-06-21 21:39:12 - INFO - Set parameter Heuristics to value 0.5
Set parameter LogToConsole to value 1
2026-06-21 21:39:12 - INFO - Set parameter LogToConsole to value 1
Gurobi Optimizer version 13.0.1 build v13.0.1rc0 (linux64 - "Ubuntu 20.04.6 LTS")
2026-06-21 21:39:12 - INFO - Gurobi Optimizer version 13.0.1 build v13.0.1rc0 (linux64 - "Ubuntu 20.04.6 LTS")

2026-06-21 21:39:12 - INFO - 
CPU model: AMD Ryzen 9 9950X3D 16-Core Processor, instruction set [SSE2|AVX|AVX2|AVX512]
2026-06-21 21:39:12 - INFO - CPU model: AMD Ryzen 9 9950X3D 16-Core Processor, instruction set [SSE2|AVX|AVX2|AVX512]
Thread count: 14 physical cores, 28 logical processors, using up to 28 threads
2026-06-21 21:39:12 - INFO - Thread count: 14 physical cores, 28 logical processors, using up to 28 threads

2026-06-21 21:39:12 - INFO - 
Non-default parameters:
2026-06-21 21:39:12 - INFO - Non-default parameters:
TimeLimit  300
2026-06-21 21:39:12 - INFO - TimeLimit  300
MIPGap  0
2026-06-21 21:39:12 - INFO - MIPGap  0
Heuristics  0.5
2026-06-21 21:39:12 - INFO - Heuristics  0.5
MIPFocus  3
2026-06-21 21:39:12 - INFO - MIPFocus  3

2026-06-21 21:39:12 - INFO - 
Academic license 2756663 - for non-commercial use only - registered to hu___@sjtu.edu.cn
2026-06-21 21:39:12 - INFO - Academic license 2756663 - for non-commercial use only - registered to hu___@sjtu.edu.cn
Optimize a model with 1063 rows, 498 columns and 3539 nonzeros (Min)
2026-06-21 21:39:12 - INFO - Optimize a model with 1063 rows, 498 columns and 3539 nonzeros (Min)
Model fingerprint: 0x5214cfee
2026-06-21 21:39:12 - INFO - Model fingerprint: 0x5214cfee
Model has 4 linear objective coefficients
2026-06-21 21:39:12 - INFO - Model has 4 linear objective coefficients
Variable types: 222 continuous, 276 integer (276 binary)
2026-06-21 21:39:12 - INFO - Variable types: 222 continuous, 276 integer (276 binary)
Coefficient statistics:
2026-06-21 21:39:12 - INFO - Coefficient statistics:
  Matrix range     [5e-01, 2e+04]
2026-06-21 21:39:12 - INFO -   Matrix range     [5e-01, 2e+04]
  Objective range  [7e-08, 1e-01]
2026-06-21 21:39:12 - INFO -   Objective range  [7e-08, 1e-01]
  Bounds range     [9e-01, 7e+06]
2026-06-21 21:39:12 - INFO -   Bounds range     [9e-01, 7e+06]
  RHS range        [9e-01, 2e+02]
2026-06-21 21:39:12 - INFO -   RHS range        [9e-01, 2e+02]

2026-06-21 21:39:12 - INFO - 
Presolve removed 101 rows and 89 columns
2026-06-21 21:39:12 - INFO - Presolve removed 101 rows and 89 columns
Presolve time: 0.01s
2026-06-21 21:39:12 - INFO - Presolve time: 0.01s
Presolved: 962 rows, 409 columns, 3126 nonzeros
2026-06-21 21:39:12 - INFO - Presolved: 962 rows, 409 columns, 3126 nonzeros
Variable types: 153 continuous, 256 integer (256 binary)
2026-06-21 21:39:12 - INFO - Variable types: 153 continuous, 256 integer (256 binary)
Root relaxation presolve removed 218 rows and 78 columns
2026-06-21 21:39:12 - INFO - Root relaxation presolve removed 218 rows and 78 columns
Root relaxation presolved: 744 rows, 343 columns, 2608 nonzeros
2026-06-21 21:39:12 - INFO - Root relaxation presolved: 744 rows, 343 columns, 2608 nonzeros

2026-06-21 21:39:12 - INFO - 

2026-06-21 21:39:12 - INFO - 
Root relaxation: objective -1.438044e+00, 195 iterations, 0.00 seconds (0.00 work units)
2026-06-21 21:39:12 - INFO - Root relaxation: objective -1.438044e+00, 195 iterations, 0.00 seconds (0.00 work units)

2026-06-21 21:39:12 - INFO - 
    Nodes    |    Current Node    |     Objective Bounds      |     Work
2026-06-21 21:39:12 - INFO -     Nodes    |    Current Node    |     Objective Bounds      |     Work
 Expl Unexpl |  Obj  Depth IntInf | Incumbent    BestBd   Gap | It/Node Time
2026-06-21 21:39:12 - INFO -  Expl Unexpl |  Obj  Depth IntInf | Incumbent    BestBd   Gap | It/Node Time

2026-06-21 21:39:12 - INFO - 
     0     0   -1.43804    0  120          -   -1.43804      -     -    0s
2026-06-21 21:39:12 - INFO -      0     0   -1.43804    0  120          -   -1.43804      -     -    0s
H    0     0                      14.8891675   -0.96616   106%     -    0s
2026-06-21 21:39:12 - INFO - H    0     0                      14.8891675   -0.96616   106%     -    0s
     0     0   -0.80900    0  151   14.88917   -0.80900   105%     -    0s
2026-06-21 21:39:12 - INFO -      0     0   -0.80900    0  151   14.88917   -0.80900   105%     -    0s
     0     0   -0.80900    0  151   14.88917   -0.80900   105%     -    0s
2026-06-21 21:39:12 - INFO -      0     0   -0.80900    0  151   14.88917   -0.80900   105%     -    0s
     0     0   -0.80900    0  131   14.88917   -0.80900   105%     -    0s
2026-06-21 21:39:12 - INFO -      0     0   -0.80900    0  131   14.88917   -0.80900   105%     -    0s
     0     0    1.57057    0  141   14.88917    1.57057  89.5%     -    0s
2026-06-21 21:39:12 - INFO -      0     0    1.57057    0  141   14.88917    1.57057  89.5%     -    0s
     0     0    1.74826    0  155   14.88917    1.74826  88.3%     -    0s
2026-06-21 21:39:13 - INFO -      0     0    1.74826    0  155   14.88917    1.74826  88.3%     -    0s
     0     0    1.74826    0  155   14.88917    1.74826  88.3%     -    0s
2026-06-21 21:39:13 - INFO -      0     0    1.74826    0  155   14.88917    1.74826  88.3%     -    0s
     0     0    1.74826    0  136   14.88917    1.74826  88.3%     -    0s
2026-06-21 21:39:13 - INFO -      0     0    1.74826    0  136   14.88917    1.74826  88.3%     -    0s
     0     0    2.92369    0  142   14.88917    2.92369  80.4%     -    0s
2026-06-21 21:39:13 - INFO -      0     0    2.92369    0  142   14.88917    2.92369  80.4%     -    0s
     0     0    3.09747    0  150   14.88917    3.09747  79.2%     -    0s
2026-06-21 21:39:13 - INFO -      0     0    3.09747    0  150   14.88917    3.09747  79.2%     -    0s
     0     0    3.09747    0  149   14.88917    3.09747  79.2%     -    0s
2026-06-21 21:39:13 - INFO -      0     0    3.09747    0  149   14.88917    3.09747  79.2%     -    0s
     0     0    3.09747    0  137   14.88917    3.09747  79.2%     -    0s
2026-06-21 21:39:13 - INFO -      0     0    3.09747    0  137   14.88917    3.09747  79.2%     -    0s
     0     0    3.15337    0  140   14.88917    3.15337  78.8%     -    0s
2026-06-21 21:39:13 - INFO -      0     0    3.15337    0  140   14.88917    3.15337  78.8%     -    0s
     0     0    3.15337    0  149   14.88917    3.15337  78.8%     -    0s
2026-06-21 21:39:13 - INFO -      0     0    3.15337    0  149   14.88917    3.15337  78.8%     -    0s
     0     0    3.15337    0  154   14.88917    3.15337  78.8%     -    0s
2026-06-21 21:39:13 - INFO -      0     0    3.15337    0  154   14.88917    3.15337  78.8%     -    0s
     0     0    3.15337    0  154   14.88917    3.15337  78.8%     -    0s
2026-06-21 21:39:13 - INFO -      0     0    3.15337    0  154   14.88917    3.15337  78.8%     -    0s
     0     0    3.15337    0  157   14.88917    3.15337  78.8%     -    0s
2026-06-21 21:39:13 - INFO -      0     0    3.15337    0  157   14.88917    3.15337  78.8%     -    0s
     0     0    3.16505    0  167   14.88917    3.16505  78.7%     -    0s
2026-06-21 21:39:13 - INFO -      0     0    3.16505    0  167   14.88917    3.16505  78.7%     -    0s
     0     0    3.16505    0  167   14.88917    3.16505  78.7%     -    0s
2026-06-21 21:39:13 - INFO -      0     0    3.16505    0  167   14.88917    3.16505  78.7%     -    0s
     0     0    3.16505    0  151   14.88917    3.16505  78.7%     -    0s
2026-06-21 21:39:13 - INFO -      0     0    3.16505    0  151   14.88917    3.16505  78.7%     -    0s
H    0     0                      11.9015641    3.16505  73.4%     -    0s
2026-06-21 21:39:13 - INFO - H    0     0                      11.9015641    3.16505  73.4%     -    0s
H    0     0                      11.8147075    3.16505  73.2%     -    0s
2026-06-21 21:39:13 - INFO - H    0     0                      11.8147075    3.16505  73.2%     -    0s
     0     0    3.25809    0  143   11.81471    3.25809  72.4%     -    0s
2026-06-21 21:39:13 - INFO -      0     0    3.25809    0  143   11.81471    3.25809  72.4%     -    0s
     0     0    3.30075    0  160   11.81471    3.30075  72.1%     -    0s
2026-06-21 21:39:13 - INFO -      0     0    3.30075    0  160   11.81471    3.30075  72.1%     -    0s
     0     0    3.31267    0  165   11.81471    3.31267  72.0%     -    0s
2026-06-21 21:39:13 - INFO -      0     0    3.31267    0  165   11.81471    3.31267  72.0%     -    0s
     0     0    3.31511    0  164   11.81471    3.31511  71.9%     -    0s
2026-06-21 21:39:13 - INFO -      0     0    3.31511    0  164   11.81471    3.31511  71.9%     -    0s
     0     0    3.31812    0  163   11.81471    3.31812  71.9%     -    0s
2026-06-21 21:39:13 - INFO -      0     0    3.31812    0  163   11.81471    3.31812  71.9%     -    0s
     0     0    3.31888    0  167   11.81471    3.31888  71.9%     -    0s
2026-06-21 21:39:13 - INFO -      0     0    3.31888    0  167   11.81471    3.31888  71.9%     -    0s
     0     0    3.60895    0  155   11.81471    3.60895  69.5%     -    0s
2026-06-21 21:39:13 - INFO -      0     0    3.60895    0  155   11.81471    3.60895  69.5%     -    0s
     0     0    3.60895    0  152   11.81471    3.60895  69.5%     -    0s
2026-06-21 21:39:13 - INFO -      0     0    3.60895    0  152   11.81471    3.60895  69.5%     -    0s
     0     0    3.60895    0  137   11.81471    3.60895  69.5%     -    0s
2026-06-21 21:39:13 - INFO -      0     0    3.60895    0  137   11.81471    3.60895  69.5%     -    0s
     0     0    3.72276    0  152   11.81471    3.72276  68.5%     -    1s
2026-06-21 21:39:13 - INFO -      0     0    3.72276    0  152   11.81471    3.72276  68.5%     -    1s
     0     0    3.74691    0  165   11.81471    3.74691  68.3%     -    1s
2026-06-21 21:39:13 - INFO -      0     0    3.74691    0  165   11.81471    3.74691  68.3%     -    1s
     0     0    3.76002    0  177   11.81471    3.76002  68.2%     -    1s
2026-06-21 21:39:13 - INFO -      0     0    3.76002    0  177   11.81471    3.76002  68.2%     -    1s
     0     0    3.76077    0  180   11.81471    3.76077  68.2%     -    1s
2026-06-21 21:39:13 - INFO -      0     0    3.76077    0  180   11.81471    3.76077  68.2%     -    1s
     0     0    3.83613    0  175   11.81471    3.83613  67.5%     -    1s
2026-06-21 21:39:13 - INFO -      0     0    3.83613    0  175   11.81471    3.83613  67.5%     -    1s
     0     0    3.83613    0  140   11.81471    3.83613  67.5%     -    1s
2026-06-21 21:39:14 - INFO -      0     0    3.83613    0  140   11.81471    3.83613  67.5%     -    1s
H    0     0                      11.5620292    3.84943  66.7%     -    1s
2026-06-21 21:39:14 - INFO - H    0     0                      11.5620292    3.84943  66.7%     -    1s
     0     0    3.85068    0  162   11.56203    3.85068  66.7%     -    1s
2026-06-21 21:39:14 - INFO -      0     0    3.85068    0  162   11.56203    3.85068  66.7%     -    1s
     0     0    3.89232    0  170   11.56203    3.89232  66.3%     -    1s
2026-06-21 21:39:14 - INFO -      0     0    3.89232    0  170   11.56203    3.89232  66.3%     -    1s
     0     0    3.90069    0  170   11.56203    3.90069  66.3%     -    1s
2026-06-21 21:39:14 - INFO -      0     0    3.90069    0  170   11.56203    3.90069  66.3%     -    1s
     0     0    3.92377    0  181   11.56203    3.92377  66.1%     -    1s
2026-06-21 21:39:14 - INFO -      0     0    3.92377    0  181   11.56203    3.92377  66.1%     -    1s
     0     0    3.92807    0  183   11.56203    3.92807  66.0%     -    1s
2026-06-21 21:39:14 - INFO -      0     0    3.92807    0  183   11.56203    3.92807  66.0%     -    1s
     0     0    3.93472    0  177   11.56203    3.93472  66.0%     -    1s
2026-06-21 21:39:14 - INFO -      0     0    3.93472    0  177   11.56203    3.93472  66.0%     -    1s
     0     0    3.93564    0  180   11.56203    3.93564  66.0%     -    1s
2026-06-21 21:39:14 - INFO -      0     0    3.93564    0  180   11.56203    3.93564  66.0%     -    1s
     0     0    3.96666    0  167   11.56203    3.96666  65.7%     -    1s
2026-06-21 21:39:14 - INFO -      0     0    3.96666    0  167   11.56203    3.96666  65.7%     -    1s
     0     0    3.96666    0  161   11.56203    3.96666  65.7%     -    1s
2026-06-21 21:39:14 - INFO -      0     0    3.96666    0  161   11.56203    3.96666  65.7%     -    1s
     0     0    3.98242    0  169   11.56203    3.98242  65.6%     -    1s
2026-06-21 21:39:14 - INFO -      0     0    3.98242    0  169   11.56203    3.98242  65.6%     -    1s
     0     0    3.98661    0  187   11.56203    3.98661  65.5%     -    1s
2026-06-21 21:39:14 - INFO -      0     0    3.98661    0  187   11.56203    3.98661  65.5%     -    1s
     0     0    3.98785    0  196   11.56203    3.98785  65.5%     -    1s
2026-06-21 21:39:14 - INFO -      0     0    3.98785    0  196   11.56203    3.98785  65.5%     -    1s
     0     0    4.05676    0  181   11.56203    4.05676  64.9%     -    1s
2026-06-21 21:39:14 - INFO -      0     0    4.05676    0  181   11.56203    4.05676  64.9%     -    1s
     0     0    4.05676    0  181   11.56203    4.05676  64.9%     -    1s
2026-06-21 21:39:14 - INFO -      0     0    4.05676    0  181   11.56203    4.05676  64.9%     -    1s
     0     0    4.05676    0  172   11.56203    4.05676  64.9%     -    1s
2026-06-21 21:39:14 - INFO -      0     0    4.05676    0  172   11.56203    4.05676  64.9%     -    1s
H    0     0                      11.3651044    4.05676  64.3%     -    1s
2026-06-21 21:39:14 - INFO - H    0     0                      11.3651044    4.05676  64.3%     -    1s
     0     0    4.08805    0  185   11.36510    4.08805  64.0%     -    1s
2026-06-21 21:39:14 - INFO -      0     0    4.08805    0  185   11.36510    4.08805  64.0%     -    1s
     0     0    4.10329    0  190   11.36510    4.10329  63.9%     -    1s
2026-06-21 21:39:14 - INFO -      0     0    4.10329    0  190   11.36510    4.10329  63.9%     -    1s
     0     0    4.10675    0  197   11.36510    4.10675  63.9%     -    1s
2026-06-21 21:39:14 - INFO -      0     0    4.10675    0  197   11.36510    4.10675  63.9%     -    1s
     0     0    4.10737    0  201   11.36510    4.10737  63.9%     -    1s
2026-06-21 21:39:14 - INFO -      0     0    4.10737    0  201   11.36510    4.10737  63.9%     -    1s
     0     0    4.21036    0  189   11.36510    4.21036  63.0%     -    1s
2026-06-21 21:39:14 - INFO -      0     0    4.21036    0  189   11.36510    4.21036  63.0%     -    1s
     0     0    4.21036    0  189   11.36510    4.21036  63.0%     -    1s
2026-06-21 21:39:14 - INFO -      0     0    4.21036    0  189   11.36510    4.21036  63.0%     -    1s
     0     0    4.21036    0  174   11.36510    4.21036  63.0%     -    1s
2026-06-21 21:39:14 - INFO -      0     0    4.21036    0  174   11.36510    4.21036  63.0%     -    1s
     0     0    4.22351    0  179   11.36510    4.22351  62.8%     -    1s
2026-06-21 21:39:14 - INFO -      0     0    4.22351    0  179   11.36510    4.22351  62.8%     -    1s
     0     0    4.22351    0  184   11.36510    4.22351  62.8%     -    1s
2026-06-21 21:39:14 - INFO -      0     0    4.22351    0  184   11.36510    4.22351  62.8%     -    1s
     0     0    4.79939    0  175   11.36510    4.79939  57.8%     -    1s
2026-06-21 21:39:14 - INFO -      0     0    4.79939    0  175   11.36510    4.79939  57.8%     -    1s
     0     0    4.79939    0  158   11.36510    4.79939  57.8%     -    2s
2026-06-21 21:39:14 - INFO -      0     0    4.79939    0  158   11.36510    4.79939  57.8%     -    2s
H    0     0                      10.2973890    4.81083  53.3%     -    2s
2026-06-21 21:39:14 - INFO - H    0     0                      10.2973890    4.81083  53.3%     -    2s
     0     0    4.98222    0  162   10.29739    4.98222  51.6%     -    2s
2026-06-21 21:39:14 - INFO -      0     0    4.98222    0  162   10.29739    4.98222  51.6%     -    2s
     0     0    4.99579    0  182   10.29739    4.99579  51.5%     -    2s
2026-06-21 21:39:14 - INFO -      0     0    4.99579    0  182   10.29739    4.99579  51.5%     -    2s
     0     0    5.01612    0  181   10.29739    5.01612  51.3%     -    2s
2026-06-21 21:39:14 - INFO -      0     0    5.01612    0  181   10.29739    5.01612  51.3%     -    2s
     0     0    5.02094    0  183   10.29739    5.02094  51.2%     -    2s
2026-06-21 21:39:14 - INFO -      0     0    5.02094    0  183   10.29739    5.02094  51.2%     -    2s
     0     0    5.02257    0  195   10.29739    5.02257  51.2%     -    2s
2026-06-21 21:39:14 - INFO -      0     0    5.02257    0  195   10.29739    5.02257  51.2%     -    2s
     0     0    5.16814    0  179   10.29739    5.16814  49.8%     -    2s
2026-06-21 21:39:14 - INFO -      0     0    5.16814    0  179   10.29739    5.16814  49.8%     -    2s
     0     0    5.16814    0  179   10.29739    5.16814  49.8%     -    2s
2026-06-21 21:39:14 - INFO -      0     0    5.16814    0  179   10.29739    5.16814  49.8%     -    2s
     0     0    5.16814    0  170   10.29739    5.16814  49.8%     -    2s
2026-06-21 21:39:15 - INFO -      0     0    5.16814    0  170   10.29739    5.16814  49.8%     -    2s
     0     0    5.18135    0  187   10.29739    5.18135  49.7%     -    2s
2026-06-21 21:39:15 - INFO -      0     0    5.18135    0  187   10.29739    5.18135  49.7%     -    2s
     0     0    5.18437    0  194   10.29739    5.18437  49.7%     -    2s
2026-06-21 21:39:15 - INFO -      0     0    5.18437    0  194   10.29739    5.18437  49.7%     -    2s
     0     0    5.19682    0  179   10.29739    5.19682  49.5%     -    2s
2026-06-21 21:39:15 - INFO -      0     0    5.19682    0  179   10.29739    5.19682  49.5%     -    2s
     0     0    5.19682    0  169   10.29739    5.19682  49.5%     -    2s
2026-06-21 21:39:15 - INFO -      0     0    5.19682    0  169   10.29739    5.19682  49.5%     -    2s
     0     0    5.20721    0  168   10.29739    5.20721  49.4%     -    2s
2026-06-21 21:39:15 - INFO -      0     0    5.20721    0  168   10.29739    5.20721  49.4%     -    2s
     0     0    5.20721    0  168   10.29739    5.20721  49.4%     -    2s
2026-06-21 21:39:15 - INFO -      0     0    5.20721    0  168   10.29739    5.20721  49.4%     -    2s
H    0     2                      10.0927727    5.20721  48.4%     -    2s
2026-06-21 21:39:15 - INFO - H    0     2                      10.0927727    5.20721  48.4%     -    2s
     0     2    5.20721    0  168   10.09277    5.20721  48.4%     -    2s
2026-06-21 21:39:15 - INFO -      0     2    5.20721    0  168   10.09277    5.20721  48.4%     -    2s
H   12    16                      10.0013373    5.52789  44.7%   233    2s
2026-06-21 21:39:15 - INFO - H   12    16                      10.0013373    5.52789  44.7%   233    2s
H   31    44                       9.9782907    5.65709  43.3%   255    3s
2026-06-21 21:39:15 - INFO - H   31    44                       9.9782907    5.65709  43.3%   255    3s
H   57    80                       9.8966048    5.79312  41.5%   230    3s
2026-06-21 21:39:16 - INFO - H   57    80                       9.8966048    5.79312  41.5%   230    3s
H   79   117                       9.8825915    5.91509  40.1%   212    3s
2026-06-21 21:39:16 - INFO - H   79   117                       9.8825915    5.91509  40.1%   212    3s
H   82   117                       9.8724063    5.92535  40.0%   208    3s
2026-06-21 21:39:16 - INFO - H   82   117                       9.8724063    5.92535  40.0%   208    3s
H  187   182                       9.8228256    6.04497  38.5%   181    3s
2026-06-21 21:39:16 - INFO - H  187   182                       9.8228256    6.04497  38.5%   181    3s
H  190   182                       9.8058676    6.04497  38.4%   180    3s
2026-06-21 21:39:16 - INFO - H  190   182                       9.8058676    6.04497  38.4%   180    3s
H  217   219                       9.8057732    6.04517  38.4%   168    3s
2026-06-21 21:39:16 - INFO - H  217   219                       9.8057732    6.04517  38.4%   168    3s
H  228   281                       9.7815736    6.04517  38.2%   167    3s
2026-06-21 21:39:16 - INFO - H  228   281                       9.7815736    6.04517  38.2%   167    3s
H  238   281                       9.6806833    6.06129  37.4%   162    3s
2026-06-21 21:39:16 - INFO - H  238   281                       9.6806833    6.06129  37.4%   162    3s
H  309   329                       9.6568974    6.08029  37.0%   141    3s
2026-06-21 21:39:16 - INFO - H  309   329                       9.6568974    6.08029  37.0%   141    3s
H  388   380                       9.5708615    6.10755  36.2%   132    3s
2026-06-21 21:39:16 - INFO - H  388   380                       9.5708615    6.10755  36.2%   132    3s
H  554   509                       9.5154955    6.21603  34.7%   129    4s
2026-06-21 21:39:17 - INFO - H  554   509                       9.5154955    6.21603  34.7%   129    4s
H  566   542                       9.4951381    6.22380  34.5%   128    4s
2026-06-21 21:39:17 - INFO - H  566   542                       9.4951381    6.22380  34.5%   128    4s
H  574   542                       9.4765374    6.22583  34.3%   127    4s
2026-06-21 21:39:17 - INFO - H  574   542                       9.4765374    6.22583  34.3%   127    4s
H  585   542                       9.4744065    6.22971  34.2%   127    4s
2026-06-21 21:39:17 - INFO - H  585   542                       9.4744065    6.22971  34.2%   127    4s
H  593   542                       9.4460014    6.22971  34.0%   127    4s
2026-06-21 21:39:17 - INFO - H  593   542                       9.4460014    6.22971  34.0%   127    4s
H  731   754                       8.9168991    6.26594  29.7%   121    4s
2026-06-21 21:39:17 - INFO - H  731   754                       8.9168991    6.26594  29.7%   121    4s
  1728  1578    7.27115   12  115    8.91690    6.36946  28.6%  93.4    5s
2026-06-21 21:39:17 - INFO -   1728  1578    7.27115   12  115    8.91690    6.36946  28.6%  93.4    5s
  2071  1876    6.66367   14  166    8.91690    6.43966  27.8%  92.2   10s
2026-06-21 21:39:22 - INFO -   2071  1876    6.66367   14  166    8.91690    6.43966  27.8%  92.2   10s
  4708  3271    7.46572   48   98    8.91690    7.43008  16.7%   123   15s
2026-06-21 21:39:27 - INFO -   4708  3271    7.46572   48   98    8.91690    7.43008  16.7%   123   15s
 17334  9610 infeasible   50         8.91690    8.11979  8.94%  96.3   20s
2026-06-21 21:39:32 - INFO -  17334  9610 infeasible   50         8.91690    8.11979  8.94%  96.3   20s
 35196 14355    8.43580   56   38    8.91690    8.43580  5.40%  77.6   25s
2026-06-21 21:39:37 - INFO -  35196 14355    8.43580   56   38    8.91690    8.43580  5.40%  77.6   25s
 57053 11440     cutoff   61         8.91690    8.69840  2.45%  64.3   30s
2026-06-21 21:39:43 - INFO -  57053 11440     cutoff   61         8.91690    8.69840  2.45%  64.3   30s
H73116 10064                       8.9168990    8.77792  1.56%  55.3   33s
2026-06-21 21:39:46 - INFO - H73116 10064                       8.9168990    8.77792  1.56%  55.3   33s
H76734  8647                       8.9168990    8.79857  1.33%  53.6   34s
2026-06-21 21:39:47 - INFO - H76734  8647                       8.9168990    8.79857  1.33%  53.6   34s
 77880  7713     cutoff   61         8.91690    8.81552  1.14%  53.1   35s
2026-06-21 21:39:48 - INFO -  77880  7713     cutoff   61         8.91690    8.81552  1.14%  53.1   35s
H80342  7713                       8.9168989    8.81744  1.12%  52.0   35s
2026-06-21 21:39:48 - INFO - H80342  7713                       8.9168989    8.81744  1.12%  52.0   35s
 91873  2756     cutoff   58         8.91690    8.89485  0.25%  47.2   40s
2026-06-21 21:39:53 - INFO -  91873  2756     cutoff   58         8.91690    8.89485  0.25%  47.2   40s

2026-06-21 21:39:56 - INFO - 
Cutting planes:
2026-06-21 21:39:56 - INFO - Cutting planes:
  Learned: 158
2026-06-21 21:39:56 - INFO -   Learned: 158
  Gomory: 168
2026-06-21 21:39:56 - INFO -   Gomory: 168
  Lift-and-project: 118
2026-06-21 21:39:56 - INFO -   Lift-and-project: 118
  Cover: 569
2026-06-21 21:39:56 - INFO -   Cover: 569
  Implied bound: 25
2026-06-21 21:39:56 - INFO -   Implied bound: 25
  MIR: 285
2026-06-21 21:39:56 - INFO -   MIR: 285
  Mixing: 21
2026-06-21 21:39:56 - INFO -   Mixing: 21
  StrongCG: 1
2026-06-21 21:39:56 - INFO -   StrongCG: 1
  Flow cover: 1136
2026-06-21 21:39:56 - INFO -   Flow cover: 1136
  Inf proof: 592
2026-06-21 21:39:56 - INFO -   Inf proof: 592
  Zero half: 79
2026-06-21 21:39:56 - INFO -   Zero half: 79
  RLT: 9
2026-06-21 21:39:56 - INFO -   RLT: 9
  Relax-and-lift: 162
2026-06-21 21:39:56 - INFO -   Relax-and-lift: 162

2026-06-21 21:39:56 - INFO - 
Explored 97071 nodes (4401133 simplex iterations) in 43.49 seconds (66.95 work units)
2026-06-21 21:39:56 - INFO - Explored 97071 nodes (4401133 simplex iterations) in 43.49 seconds (66.95 work units)
Thread count was 28 (of 28 available processors)
2026-06-21 21:39:56 - INFO - Thread count was 28 (of 28 available processors)

2026-06-21 21:39:56 - INFO - 
Solution count 10: 8.9169 8.9169 8.9169 ... 9.5155
2026-06-21 21:39:56 - INFO - Solution count 10: 8.9169 8.9169 8.9169 ... 9.5155

2026-06-21 21:39:56 - INFO - 
Optimal solution found (tolerance 0.00e+00)
2026-06-21 21:39:56 - INFO - Optimal solution found (tolerance 0.00e+00)
Best objective 8.916899055802e+00, best bound 8.916899055802e+00, gap 0.0000%
2026-06-21 21:39:56 - INFO - Best objective 8.916899055802e+00, best bound 8.916899055802e+00, gap 0.0000%
[EMIB] Solve done: MIPGap=0.0, status=Optimal, Obj=8.916899, time=43.50s, SolCount=10


================================================================================
ILP MODEL ANALYSIS REPORT - Chiplet Placement ILP (Gap=0.0)
Generated: 2026-06-21 21:39:56
================================================================================

[MODEL STRUCTURE]
  Constraints (rows):                   1063
  Variables (columns):                   498
  Non-zero elements:                    3539
  Objective coefficients:                  4

[VARIABLE TYPES]
  Continuous:                            222
  Integer:                                 0
  Binary:                                276

[CONSTRAINT TYPES]
  <= constraints:                              556
  == constraints:                              164
  >= constraints:                              343

[COEFFICIENT STATISTICS]
  Matrix range:              [5.00e-01, 2.25e+04]
  Objective range:           [7.24e-08, 1.22e-01]
  Bounds range:              [-2.10e+02, 6.88e+06]

[SOLVE STATISTICS]
  Status:                    Optimal
  Objective value:                  8.916899
  Best bound:                       8.916899
  MIP gap:                           0.0000%
  Solve time (s):                      43.50
  Solutions found:                        10
  Nodes explored:                    97071.0
  Simplex iterations:              4401133.0

[MEMORY USAGE]
  Initial memory:                     97.19 MB
  Peak memory:                       480.43 MB
  Final memory:                      480.43 MB
  Peak increase:                     383.24 MB
  Final increase:                    383.24 MB

================================================================================

================================================================================
[OBJECTIVE FUNCTION BREAKDOWN - SOLUTION VALUES]
================================================================================

[Actual Variable Values]
  wirelength: 4.364800e+04
  bbox_area_proxy_t: 4.160000e+01
  aspect_ratio_penalty: 1.600000e+01
  power_aware_penalty: 2.328750e+06

[Normalized Values]
  norm_wirelength = 4.364800e+04 / 6.287654e+04 = 6.941858e-01
  norm_t = 4.160000e+01 / 4.912230e+01 = 8.468659e-01
  norm_aspect = 1.600000e+01 / 3.000000e+00 = 5.333333e+00
  norm_power = 2.328750e+06 / 2.763129e+06 = 8.427945e-01

[Weighted Contributions]
  1. Wirelength: 5.000000e+00 * 6.941858e-01 = 3.470929e+00
  2. Area: 6.000000e+00 * 8.468659e-01 = 5.081196e+00
  3. Aspect Ratio: 1.000000e-01 * 5.333333e+00 = 5.333333e-01
  4. Power Awareness: -2.000000e-01 * 8.427945e-01 = -1.685589e-01

[Total Objective Value]
  3.470929e+00 + 5.081196e+00 + 5.333333e-01 - 1.685589e-01
  = 8.916899e+00
================================================================================

[EMIB] Solve succeeded (Optimal)
[EMIB] placement JSON saved: /root/placement/MPDAP/output_gurobi_EMIB_chiplet_5_6_01_02/placement/sys_micro150.json
[EMIB] Layout figure saved: /root/placement/MPDAP/output_gurobi_EMIB_chiplet_5_6_01_02/fig/sys_micro150_core/solution_1_layout_gurobi.png
2026-06-21 21:39:58 - INFO - 
EMIB returned 1 solution(s) (max 1).
  ✓ EMIB: 1 solution(s)

================================================================================
Batch test done (Gurobi)
  Total time: 46.15 s
================================================================================
File summary:
  Success: 1/1
  Failed: 0/1
Solution count:
  Found: 1/1

Details:
  ✓ sys_micro150.json -> sys_micro150_core: 1 solution(s)
    Log dir: /root/placement/MPDAP/output_gurobi_EMIB_chiplet_5_6_01_02/log/sys_micro150_core
    LP dir: /root/placement/MPDAP/output_gurobi_EMIB_chiplet_5_6_01_02/lp/sys_micro150_core
    Fig dir: /root/placement/MPDAP/output_gurobi_EMIB_chiplet_5_6_01_02/fig/sys_micro150_core
    Placement: /root/placement/MPDAP/output_gurobi_EMIB_chiplet_5_6_01_02/placement/sys_micro150.json
================================================================================

