
================================================================================
Batch test start (Gurobi)
================================================================================
Test input dir: /root/placement/MPDAP/benchmark/test_input
Output base dir: /root/placement/MPDAP/output_gurobi_EMIB_chiplet_5_6_01_0
Found 1 test file(s)
Files to process: hp11_m.json
================================================================================


[1/1] Processing: hp11_m.json
  Core name: hp11_m_core
  Log dir: /root/placement/MPDAP/output_gurobi_EMIB_chiplet_5_6_01_0/log/hp11_m_core
  LP dir: /root/placement/MPDAP/output_gurobi_EMIB_chiplet_5_6_01_0/lp/hp11_m_core
  Fig dir: /root/placement/MPDAP/output_gurobi_EMIB_chiplet_5_6_01_0/fig/hp11_m_core
  Placement file: /root/placement/MPDAP/output_gurobi_EMIB_chiplet_5_6_01_0/placement/hp11_m.json
2026-07-01 20:05:08 - INFO - Calling EMIB solver (Gurobi)...
node 0 w: 4.62, h: 10.36
node 1 w: 7.0, h: 3.78
node 2 w: 2.1, h: 9.8
node 3 w: 2.1, h: 9.8
node 4 w: 2.1, h: 9.8
node 5 w: 5.46, h: 33.04
node 6 w: 33.04, h: 5.46
node 7 w: 2.52, h: 20.16
node 8 w: 4.62, h: 30.8
node 9 w: 2.52, h: 20.16
node 10 w: 4.62, h: 30.8
  (A,C): node1=A, node2=C, wireCount=512, EMIBType=interfaceB, EMIB_length=1.7067, EMIB_max_width=3.0, width=2.0, height=1.7067, bump_width=1.0000
  (A,F): node1=A, node2=F, wireCount=256, EMIBType=interfaceB, EMIB_length=0.8533, EMIB_max_width=3.0, width=2.0, height=0.8533, bump_width=1.0000
  (A,H): node1=A, node2=H, wireCount=512, EMIBType=interfaceB, EMIB_length=1.7067, EMIB_max_width=3.0, width=2.0, height=1.7067, bump_width=1.0000
  (A,I): node1=A, node2=I, wireCount=128, EMIBType=interfaceC, EMIB_length=3.2, EMIB_max_width=99.0, width=1.0, height=3.2, bump_width=0.5000
  (B,E): node1=B, node2=E, wireCount=128, EMIBType=interfaceC, EMIB_length=3.2, EMIB_max_width=99.0, width=1.0, height=3.2, bump_width=0.5000
  (B,F): node1=B, node2=F, wireCount=128, EMIBType=interfaceC, EMIB_length=3.2, EMIB_max_width=99.0, width=1.0, height=3.2, bump_width=0.5000
  (B,K): node1=B, node2=K, wireCount=512, EMIBType=interfaceB, EMIB_length=1.7067, EMIB_max_width=3.0, width=2.0, height=1.7067, bump_width=1.0000
  (C,D): node1=C, node2=D, wireCount=256, EMIBType=interfaceB, EMIB_length=0.8533, EMIB_max_width=3.0, width=2.0, height=0.8533, bump_width=1.0000
  (C,G): node1=C, node2=G, wireCount=128, EMIBType=interfaceC, EMIB_length=3.2, EMIB_max_width=99.0, width=1.0, height=3.2, bump_width=0.5000
  (C,H): node1=C, node2=H, wireCount=128, EMIBType=interfaceC, EMIB_length=3.2, EMIB_max_width=99.0, width=1.0, height=3.2, bump_width=0.5000
  (C,K): node1=C, node2=K, wireCount=256, EMIBType=interfaceB, EMIB_length=0.8533, EMIB_max_width=3.0, width=2.0, height=0.8533, bump_width=1.0000
  (D,G): node1=D, node2=G, wireCount=128, EMIBType=interfaceC, EMIB_length=3.2, EMIB_max_width=99.0, width=1.0, height=3.2, bump_width=0.5000
  (D,K): node1=D, node2=K, wireCount=128, EMIBType=interfaceC, EMIB_length=3.2, EMIB_max_width=99.0, width=1.0, height=3.2, bump_width=0.5000
  (E,G): node1=E, node2=G, wireCount=256, EMIBType=interfaceB, EMIB_length=0.8533, EMIB_max_width=3.0, width=2.0, height=0.8533, bump_width=1.0000
  (E,I): node1=E, node2=I, wireCount=512, EMIBType=interfaceB, EMIB_length=1.7067, EMIB_max_width=3.0, width=2.0, height=1.7067, bump_width=1.0000
  (E,K): node1=E, node2=K, wireCount=256, EMIBType=interfaceB, EMIB_length=0.8533, EMIB_max_width=3.0, width=2.0, height=0.8533, bump_width=1.0000
  (F,H): node1=F, node2=H, wireCount=512, EMIBType=interfaceB, EMIB_length=1.7067, EMIB_max_width=3.0, width=2.0, height=1.7067, bump_width=1.0000
  (G,H): node1=G, node2=H, wireCount=256, EMIBType=interfaceB, EMIB_length=0.8533, EMIB_max_width=3.0, width=2.0, height=0.8533, bump_width=1.0000
  (G,I): node1=G, node2=I, wireCount=128, EMIBType=interfaceC, EMIB_length=3.2, EMIB_max_width=99.0, width=1.0, height=3.2, bump_width=0.5000
  (G,J): node1=G, node2=J, wireCount=128, EMIBType=interfaceC, EMIB_length=3.2, EMIB_max_width=99.0, width=1.0, height=3.2, bump_width=0.5000
  (G,K): node1=G, node2=K, wireCount=256, EMIBType=interfaceB, EMIB_length=0.8533, EMIB_max_width=3.0, width=2.0, height=0.8533, bump_width=1.0000
  (H,K): node1=H, node2=K, wireCount=256, EMIBType=interfaceB, EMIB_length=0.8533, EMIB_max_width=3.0, width=2.0, height=0.8533, bump_width=1.0000
  (0,2): [A, C, 512, interfaceB, 1.7067, 3.0]
  (0,5): [A, F, 256, interfaceB, 0.8533, 3.0]
  (0,7): [A, H, 512, interfaceB, 1.7067, 3.0]
  (0,8): [A, I, 128, interfaceC, 3.2, 99.0]
  (1,4): [B, E, 128, interfaceC, 3.2, 99.0]
  (1,5): [B, F, 128, interfaceC, 3.2, 99.0]
  (1,10): [B, K, 512, interfaceB, 1.7067, 3.0]
  (2,3): [C, D, 256, interfaceB, 0.8533, 3.0]
  (2,6): [C, G, 128, interfaceC, 3.2, 99.0]
  (2,7): [C, H, 128, interfaceC, 3.2, 99.0]
  (2,10): [C, K, 256, interfaceB, 0.8533, 3.0]
  (3,6): [D, G, 128, interfaceC, 3.2, 99.0]
  (3,10): [D, K, 128, interfaceC, 3.2, 99.0]
  (4,6): [E, G, 256, interfaceB, 0.8533, 3.0]
  (4,8): [E, I, 512, interfaceB, 1.7067, 3.0]
  (4,10): [E, K, 256, interfaceB, 0.8533, 3.0]
  (5,7): [F, H, 512, interfaceB, 1.7067, 3.0]
  (6,7): [G, H, 256, interfaceB, 0.8533, 3.0]
  (6,8): [G, I, 128, interfaceC, 3.2, 99.0]
  (6,9): [G, J, 128, interfaceC, 3.2, 99.0]
  (6,10): [G, K, 256, interfaceB, 0.8533, 3.0]
  (7,10): [H, K, 256, interfaceB, 0.8533, 3.0]
Set parameter Username
2026-07-01 20:05:08 - INFO - Set parameter Username
Set parameter LicenseID to value 2840060
2026-07-01 20:05:08 - INFO - Set parameter LicenseID to value 2840060
Academic license - for non-commercial use only - expires 2027-07-01
2026-07-01 20:05:08 - INFO - Academic license - for non-commercial use only - expires 2027-07-01
EMIB_w_var: {(0, 2): <gurobi.Var *Awaiting Model Update*>, (0, 5): <gurobi.Var *Awaiting Model Update*>, (0, 7): <gurobi.Var *Awaiting Model Update*>, (1, 10): <gurobi.Var *Awaiting Model Update*>, (2, 3): <gurobi.Var *Awaiting Model Update*>, (2, 10): <gurobi.Var *Awaiting Model Update*>, (4, 6): <gurobi.Var *Awaiting Model Update*>, (4, 8): <gurobi.Var *Awaiting Model Update*>, (4, 10): <gurobi.Var *Awaiting Model Update*>, (5, 7): <gurobi.Var *Awaiting Model Update*>, (6, 7): <gurobi.Var *Awaiting Model Update*>, (6, 10): <gurobi.Var *Awaiting Model Update*>, (7, 10): <gurobi.Var *Awaiting Model Update*>}
EMIB_h_var: {(0, 2): <gurobi.Var *Awaiting Model Update*>, (0, 5): <gurobi.Var *Awaiting Model Update*>, (0, 7): <gurobi.Var *Awaiting Model Update*>, (1, 10): <gurobi.Var *Awaiting Model Update*>, (2, 3): <gurobi.Var *Awaiting Model Update*>, (2, 10): <gurobi.Var *Awaiting Model Update*>, (4, 6): <gurobi.Var *Awaiting Model Update*>, (4, 8): <gurobi.Var *Awaiting Model Update*>, (4, 10): <gurobi.Var *Awaiting Model Update*>, (5, 7): <gurobi.Var *Awaiting Model Update*>, (6, 7): <gurobi.Var *Awaiting Model Update*>, (6, 10): <gurobi.Var *Awaiting Model Update*>, (7, 10): <gurobi.Var *Awaiting Model Update*>}
EMIB_connected_pairs: {(0, 2): EMIBNode(node1='A', node2='C', wireCount=512, EMIBType='interfaceB', EMIB_length=1.7067, EMIB_bump_width=1.0, EMIB_max_width=3.0, width=2.0, height=1.7067), (0, 5): EMIBNode(node1='A', node2='F', wireCount=256, EMIBType='interfaceB', EMIB_length=0.8533, EMIB_bump_width=1.0, EMIB_max_width=3.0, width=2.0, height=0.8533), (0, 7): EMIBNode(node1='A', node2='H', wireCount=512, EMIBType='interfaceB', EMIB_length=1.7067, EMIB_bump_width=1.0, EMIB_max_width=3.0, width=2.0, height=1.7067), (1, 10): EMIBNode(node1='B', node2='K', wireCount=512, EMIBType='interfaceB', EMIB_length=1.7067, EMIB_bump_width=1.0, EMIB_max_width=3.0, width=2.0, height=1.7067), (2, 3): EMIBNode(node1='C', node2='D', wireCount=256, EMIBType='interfaceB', EMIB_length=0.8533, EMIB_bump_width=1.0, EMIB_max_width=3.0, width=2.0, height=0.8533), (2, 10): EMIBNode(node1='C', node2='K', wireCount=256, EMIBType='interfaceB', EMIB_length=0.8533, EMIB_bump_width=1.0, EMIB_max_width=3.0, width=2.0, height=0.8533), (4, 6): EMIBNode(node1='E', node2='G', wireCount=256, EMIBType='interfaceB', EMIB_length=0.8533, EMIB_bump_width=1.0, EMIB_max_width=3.0, width=2.0, height=0.8533), (4, 8): EMIBNode(node1='E', node2='I', wireCount=512, EMIBType='interfaceB', EMIB_length=1.7067, EMIB_bump_width=1.0, EMIB_max_width=3.0, width=2.0, height=1.7067), (4, 10): EMIBNode(node1='E', node2='K', wireCount=256, EMIBType='interfaceB', EMIB_length=0.8533, EMIB_bump_width=1.0, EMIB_max_width=3.0, width=2.0, height=0.8533), (5, 7): EMIBNode(node1='F', node2='H', wireCount=512, EMIBType='interfaceB', EMIB_length=1.7067, EMIB_bump_width=1.0, EMIB_max_width=3.0, width=2.0, height=1.7067), (6, 7): EMIBNode(node1='G', node2='H', wireCount=256, EMIBType='interfaceB', EMIB_length=0.8533, EMIB_bump_width=1.0, EMIB_max_width=3.0, width=2.0, height=0.8533), (6, 10): EMIBNode(node1='G', node2='K', wireCount=256, EMIBType='interfaceB', EMIB_length=0.8533, EMIB_bump_width=1.0, EMIB_max_width=3.0, width=2.0, height=0.8533), (7, 10): EMIBNode(node1='H', node2='K', wireCount=256, EMIBType='interfaceB', EMIB_length=0.8533, EMIB_bump_width=1.0, EMIB_max_width=3.0, width=2.0, height=0.8533)}
[POWER_AWARE] Mutual Distancing: DISABLED
[POWER_AWARE] Central Avoidance: ENABLED
[POWER_AWARE] Power Aware Optimization: ENABLED
[POWER_AWARE] Selected high-power chiplets: 3 (density threshold: 2.305366591080877)
[POWER_AWARE] High-power chiplet indices: [1, 2, 3]
[POWER_AWARE] Central Avoidance: Creating away-from-center constraints for 3 high-power chiplets
[DEBUG] chiplet 1 in top 30% power density, add away-from-center constraint
[DEBUG] chiplet 2 in top 30% power density, add away-from-center constraint
[DEBUG] chiplet 3 in top 30% power density, add away-from-center constraint
[POWER_AWARE] Central Avoidance: Added away-from-center constraints for 3 high-power chiplets
[DEBUG] L_avg: 29.716298558198663
[DEBUG] total_area: 883.0584
[POWER_AWARE] Normalization factor calculation:
[POWER_AWARE]   - High-power chiplets: 3
[POWER_AWARE]   - Mutual Distancing enabled: False
[POWER_AWARE]   - Central Avoidance enabled: True
[POWER_AWARE]   - pair_sum (MD): 0.000000e+00
[POWER_AWARE]   - self_sum (CA): 8.729000e+03
[POWER_AWARE]   - total_sum (pair + self): 8.729000e+03
[POWER_AWARE]   - ref_power: 1.296968e+05
[DEBUG] ref_wirelength: 85582.93984761214
[DEBUG] ref_t: 59.432597116397325
[DEBUG] ref_power: 129696.78505725806
[DEBUG] ref_aspect: 174.86

================================================================================
[OBJECTIVE FUNCTION DETAILS]
================================================================================

[Normalization Reference Values]
  ref_wirelength: 8.558294e+04
  ref_t (area proxy): 5.943260e+01
  ref_power: 1.296968e+05
  ref_aspect: 1.748600e+02

[Beta Weights]
  beta_wire: 5.000000e+00
  beta_area: 6.000000e+00
  beta_aspect: 1.000000e-01
  beta_power: 0.000000e+00

[Objective Function Components]
  1. Wirelength term:
     norm_wirelength = wirelength / ref_wirelength
     contribution = beta_wire * norm_wirelength = 5.0 * norm_wirelength
  2. Area term:
     norm_t = t / ref_t
     contribution = beta_area * norm_t = 6.0 * norm_t
  3. Aspect Ratio term:
     norm_aspect = aspect_ratio_penalty / ref_aspect
     contribution = beta_aspect * norm_aspect = 0.1 * norm_aspect
  4. Power Awareness term:
     norm_power = power_aware_penalty / ref_power
     contribution = - beta_power * norm_power = - 0.0 * norm_power

[Objective Function Formula]
  minimize: 5.0 * wirelength/ref_wirelength
          + 6.0 * t/ref_t
          + 0.1 * aspect_ratio_penalty/ref_aspect
          - 0.0 * power_aware_penalty/ref_power
================================================================================


[EMIB] ILP Model construction completed. Analyzing model structure...
================================================================================
ILP MODEL ANALYSIS REPORT - Chiplet Placement ILP (Construction Complete)
Generated: 2026-07-01 20:05:08
================================================================================

[MODEL STRUCTURE]
  Constraints (rows):                      0
  Variables (columns):                     0
  Non-zero elements:                       0
  Objective coefficients:                  0

[VARIABLE TYPES]
  Continuous:                              0
  Integer:                                 0
  Binary:                                  0

[CONSTRAINT TYPES]

[COEFFICIENT STATISTICS]

[SOLVE STATISTICS]
  Status:                    Unknown(1)
  Solve time (s):                       0.00
  Solutions found:                         0
  Nodes explored:            (not available)
  Simplex iterations:        (not available)

[MEMORY USAGE]
  Initial memory:                     90.38 MB
  Peak memory:                        94.23 MB
  Final memory:                       94.23 MB
  Peak increase:                       3.85 MB
  Final increase:                      3.85 MB
  Gurobi memory:                       0.00 MB
  Gurobi peak memory:                  0.00 MB

================================================================================
Set parameter TimeLimit to value 300
2026-07-01 20:05:08 - INFO - Set parameter TimeLimit to value 300
Set parameter MIPGap to value 0
2026-07-01 20:05:08 - INFO - Set parameter MIPGap to value 0
Set parameter MIPFocus to value 3
2026-07-01 20:05:08 - INFO - Set parameter MIPFocus to value 3
Set parameter Heuristics to value 0.5
2026-07-01 20:05:08 - INFO - Set parameter Heuristics to value 0.5
Set parameter LogToConsole to value 1
2026-07-01 20:05:08 - INFO - Set parameter LogToConsole to value 1
Gurobi Optimizer version 13.0.1 build v13.0.1rc0 (linux64 - "Ubuntu 20.04.6 LTS")
2026-07-01 20:05:08 - INFO - Gurobi Optimizer version 13.0.1 build v13.0.1rc0 (linux64 - "Ubuntu 20.04.6 LTS")

2026-07-01 20:05:08 - INFO - 
CPU model: AMD Ryzen 9 9950X3D 16-Core Processor, instruction set [SSE2|AVX|AVX2|AVX512]
2026-07-01 20:05:08 - INFO - CPU model: AMD Ryzen 9 9950X3D 16-Core Processor, instruction set [SSE2|AVX|AVX2|AVX512]
Thread count: 14 physical cores, 28 logical processors, using up to 28 threads
2026-07-01 20:05:08 - INFO - Thread count: 14 physical cores, 28 logical processors, using up to 28 threads

2026-07-01 20:05:08 - INFO - 
Non-default parameters:
2026-07-01 20:05:08 - INFO - Non-default parameters:
TimeLimit  300
2026-07-01 20:05:08 - INFO - TimeLimit  300
MIPGap  0
2026-07-01 20:05:08 - INFO - MIPGap  0
Heuristics  0.5
2026-07-01 20:05:08 - INFO - Heuristics  0.5
MIPFocus  3
2026-07-01 20:05:08 - INFO - MIPFocus  3

2026-07-01 20:05:08 - INFO - 
Optimize a model with 1800 rows, 825 columns and 6189 nonzeros (Min)
2026-07-01 20:05:08 - INFO - Optimize a model with 1800 rows, 825 columns and 6189 nonzeros (Min)
Model fingerprint: 0x3dd0bebe
2026-07-01 20:05:08 - INFO - Model fingerprint: 0x3dd0bebe
Model has 3 linear objective coefficients
2026-07-01 20:05:08 - INFO - Model has 3 linear objective coefficients
Variable types: 311 continuous, 514 integer (514 binary)
2026-07-01 20:05:08 - INFO - Variable types: 311 continuous, 514 integer (514 binary)
Coefficient statistics:
2026-07-01 20:05:08 - INFO - Coefficient statistics:
  Matrix range     [3e-01, 4e+03]
2026-07-01 20:05:08 - INFO -   Matrix range     [3e-01, 4e+03]
  Objective range  [6e-05, 1e-01]
2026-07-01 20:05:08 - INFO -   Objective range  [6e-05, 1e-01]
  Bounds range     [9e-01, 2e+07]
2026-07-01 20:05:08 - INFO -   Bounds range     [9e-01, 2e+07]
  RHS range        [9e-01, 3e+02]
2026-07-01 20:05:08 - INFO -   RHS range        [9e-01, 3e+02]

2026-07-01 20:05:08 - INFO - 
Presolve removed 136 rows and 114 columns
2026-07-01 20:05:08 - INFO - Presolve removed 136 rows and 114 columns
Presolve time: 0.01s
2026-07-01 20:05:08 - INFO - Presolve time: 0.01s
Presolved: 1664 rows, 711 columns, 5858 nonzeros
2026-07-01 20:05:08 - INFO - Presolved: 1664 rows, 711 columns, 5858 nonzeros
Variable types: 223 continuous, 488 integer (488 binary)
2026-07-01 20:05:08 - INFO - Variable types: 223 continuous, 488 integer (488 binary)
Root relaxation presolve removed 224 rows and 58 columns
2026-07-01 20:05:08 - INFO - Root relaxation presolve removed 224 rows and 58 columns
Root relaxation presolved: 1440 rows, 675 columns, 5328 nonzeros
2026-07-01 20:05:08 - INFO - Root relaxation presolved: 1440 rows, 675 columns, 5328 nonzeros

2026-07-01 20:05:08 - INFO - 

2026-07-01 20:05:08 - INFO - 
Root relaxation: objective 3.109405e+00, 345 iterations, 0.00 seconds (0.01 work units)
2026-07-01 20:05:08 - INFO - Root relaxation: objective 3.109405e+00, 345 iterations, 0.00 seconds (0.01 work units)

2026-07-01 20:05:08 - INFO - 
    Nodes    |    Current Node    |     Objective Bounds      |     Work
2026-07-01 20:05:08 - INFO -     Nodes    |    Current Node    |     Objective Bounds      |     Work
 Expl Unexpl |  Obj  Depth IntInf | Incumbent    BestBd   Gap | It/Node Time
2026-07-01 20:05:08 - INFO -  Expl Unexpl |  Obj  Depth IntInf | Incumbent    BestBd   Gap | It/Node Time

2026-07-01 20:05:08 - INFO - 
     0     0    3.10940    0  200          -    3.10940      -     -    0s
2026-07-01 20:05:08 - INFO -      0     0    3.10940    0  200          -    3.10940      -     -    0s
     0     0    3.12518    0  211          -    3.12518      -     -    0s
2026-07-01 20:05:08 - INFO -      0     0    3.12518    0  211          -    3.12518      -     -    0s
     0     0    3.12518    0  199          -    3.12518      -     -    0s
2026-07-01 20:05:08 - INFO -      0     0    3.12518    0  199          -    3.12518      -     -    0s
     0     0    3.12747    0  199          -    3.12747      -     -    0s
2026-07-01 20:05:08 - INFO -      0     0    3.12747    0  199          -    3.12747      -     -    0s
     0     0    3.47321    0  235          -    3.47321      -     -    0s
2026-07-01 20:05:08 - INFO -      0     0    3.47321    0  235          -    3.47321      -     -    0s
     0     0    3.47321    0  203          -    3.47321      -     -    0s
2026-07-01 20:05:08 - INFO -      0     0    3.47321    0  203          -    3.47321      -     -    0s
     0     0    3.88512    0  224          -    3.88512      -     -    0s
2026-07-01 20:05:08 - INFO -      0     0    3.88512    0  224          -    3.88512      -     -    0s
     0     0    4.12610    0  241          -    4.12610      -     -    0s
2026-07-01 20:05:09 - INFO -      0     0    4.12610    0  241          -    4.12610      -     -    0s
     0     0    4.12610    0  241          -    4.12610      -     -    0s
2026-07-01 20:05:09 - INFO -      0     0    4.12610    0  241          -    4.12610      -     -    0s
     0     0    4.12610    0  219          -    4.12610      -     -    1s
2026-07-01 20:05:09 - INFO -      0     0    4.12610    0  219          -    4.12610      -     -    1s
     0     0    4.23368    0  219          -    4.23368      -     -    1s
2026-07-01 20:05:09 - INFO -      0     0    4.23368    0  219          -    4.23368      -     -    1s
     0     0    4.23368    0  219          -    4.23368      -     -    1s
2026-07-01 20:05:09 - INFO -      0     0    4.23368    0  219          -    4.23368      -     -    1s
H    0     0                      14.6474290    4.23368  71.1%     -    1s
2026-07-01 20:05:09 - INFO - H    0     0                      14.6474290    4.23368  71.1%     -    1s
     0     2    4.23368    0  218   14.64743    4.23368  71.1%     -    1s
2026-07-01 20:05:09 - INFO -      0     2    4.23368    0  218   14.64743    4.23368  71.1%     -    1s
H   13    16                      14.4259269    4.23368  70.7%   336    1s
2026-07-01 20:05:09 - INFO - H   13    16                      14.4259269    4.23368  70.7%   336    1s
H   29    46                      12.8224917    4.23368  67.0%   469    1s
2026-07-01 20:05:10 - INFO - H   29    46                      12.8224917    4.23368  67.0%   469    1s
H   30    46                      12.7979049    4.23368  66.9%   464    1s
2026-07-01 20:05:10 - INFO - H   30    46                      12.7979049    4.23368  66.9%   464    1s
H   46    60                      12.7821858    4.23368  66.9%   472    1s
2026-07-01 20:05:10 - INFO - H   46    60                      12.7821858    4.23368  66.9%   472    1s
H   76   101                      12.6709906    4.37340  65.5%   522    2s
2026-07-01 20:05:10 - INFO - H   76   101                      12.6709906    4.37340  65.5%   522    2s
H   87   101                      12.6385505    4.40853  65.1%   520    2s
2026-07-01 20:05:10 - INFO - H   87   101                      12.6385505    4.40853  65.1%   520    2s
H  164   174                      12.3925650    4.67685  62.3%   552    3s
2026-07-01 20:05:11 - INFO - H  164   174                      12.3925650    4.67685  62.3%   552    3s
H  191   210                      11.9925576    4.68760  60.9%   558    3s
2026-07-01 20:05:12 - INFO - H  191   210                      11.9925576    4.68760  60.9%   558    3s
   357   400    4.99995   21  210   11.99256    4.75035  60.4%   473    5s
2026-07-01 20:05:13 - INFO -    357   400    4.99995   21  210   11.99256    4.75035  60.4%   473    5s
  1416  1217    5.30180    9  264   11.99256    5.24431  56.3%   311   10s
2026-07-01 20:05:18 - INFO -   1416  1217    5.30180    9  264   11.99256    5.24431  56.3%   311   10s
H 1586  1359                      11.4786988    5.33690  53.5%   320   12s
2026-07-01 20:05:20 - INFO - H 1586  1359                      11.4786988    5.33690  53.5%   320   12s
H 1616  1369                      11.3398913    5.34408  52.9%   319   12s
2026-07-01 20:05:21 - INFO - H 1616  1369                      11.3398913    5.34408  52.9%   319   12s
H 1635  1503                      11.3294220    5.35634  52.7%   319   12s
2026-07-01 20:05:21 - INFO - H 1635  1503                      11.3294220    5.35634  52.7%   319   12s
H 1727  1501                      11.3009206    5.36128  52.6%   314   12s
2026-07-01 20:05:21 - INFO - H 1727  1501                      11.3009206    5.36128  52.6%   314   12s
H 2057  1644                      11.3008907    5.39490  52.3%   293   13s
2026-07-01 20:05:21 - INFO - H 2057  1644                      11.3008907    5.39490  52.3%   293   13s
H 2108  1882                      11.3008608    5.43750  51.9%   293   13s
2026-07-01 20:05:21 - INFO - H 2108  1882                      11.3008608    5.43750  51.9%   293   13s
  2419  1883    6.69615   25  219   11.30086    5.46651  51.6%   273   17s
2026-07-01 20:05:25 - INFO -   2419  1883    6.69615   25  219   11.30086    5.46651  51.6%   273   17s
  2431  1891    5.79475   33  269   11.30086    5.46651  51.6%   272   20s
2026-07-01 20:05:28 - INFO -   2431  1891    5.79475   33  269   11.30086    5.46651  51.6%   272   20s
  2653  2056    5.97325   36  232   11.30086    5.46651  51.6%   289   25s
2026-07-01 20:05:33 - INFO -   2653  2056    5.97325   36  232   11.30086    5.46651  51.6%   289   25s
  3290  2372    6.97979   43  187   11.30086    5.57801  50.6%   344   30s
2026-07-01 20:05:38 - INFO -   3290  2372    6.97979   43  187   11.30086    5.57801  50.6%   344   30s
H 4024  2548                      11.2783893    5.80351  48.5%   361   34s
2026-07-01 20:05:43 - INFO - H 4024  2548                      11.2783893    5.80351  48.5%   361   34s
H 4064  2622                      11.2710607    5.85073  48.1%   363   35s
2026-07-01 20:05:43 - INFO - H 4064  2622                      11.2710607    5.85073  48.1%   363   35s
H 4079  2531                      11.2073516    5.85322  47.8%   363   35s
2026-07-01 20:05:43 - INFO - H 4079  2531                      11.2073516    5.85322  47.8%   363   35s
  4830  2657 infeasible   44        11.20735    6.12509  45.3%   368   40s
2026-07-01 20:05:48 - INFO -   4830  2657 infeasible   44        11.20735    6.12509  45.3%   368   40s
  5159  2755    7.68660   54  165   11.20735    6.30585  43.7%   378   45s
2026-07-01 20:05:53 - INFO -   5159  2755    7.68660   54  165   11.20735    6.30585  43.7%   378   45s
  6524  3412    7.42358   39  162   11.20735    6.71671  40.1%   380   51s
2026-07-01 20:05:59 - INFO -   6524  3412    7.42358   39  162   11.20735    6.71671  40.1%   380   51s
  9320  5544    7.80806   44  150   11.20735    7.43479  33.7%   347   55s
2026-07-01 20:06:03 - INFO -   9320  5544    7.80806   44  150   11.20735    7.43479  33.7%   347   55s
H12972  7597                      11.2073516    7.77667  30.6%   312   58s
2026-07-01 20:06:06 - INFO - H12972  7597                      11.2073516    7.77667  30.6%   312   58s
H14378  9068                      11.2073516    7.88746  29.6%   303   59s
2026-07-01 20:06:08 - INFO - H14378  9068                      11.2073516    7.88746  29.6%   303   59s
 15282 10035    8.07228   41  217   11.20735    7.95149  29.1%   299   60s
2026-07-01 20:06:08 - INFO -  15282 10035    8.07228   41  217   11.20735    7.95149  29.1%   299   60s
H18592 11738                      11.2073516    8.15523  27.2%   282   62s
2026-07-01 20:06:10 - INFO - H18592 11738                      11.2073516    8.15523  27.2%   282   62s
 21526 13264    9.83603   41  179   11.20735    8.31269  25.8%   270   65s
2026-07-01 20:06:14 - INFO -  21526 13264    9.83603   41  179   11.20735    8.31269  25.8%   270   65s
H21604 13238                      11.1878004    8.31897  25.6%   270   65s
2026-07-01 20:06:14 - INFO - H21604 13238                      11.1878004    8.31897  25.6%   270   65s
H22595 13957                      11.1865616    8.32849  25.5%   266   66s
2026-07-01 20:06:15 - INFO - H22595 13957                      11.1865616    8.32849  25.5%   266   66s
H23075 14556                      11.0928844    8.36560  24.6%   265   67s
2026-07-01 20:06:15 - INFO - H23075 14556                      11.0928844    8.36560  24.6%   265   67s
 25847 15756 infeasible   51        11.09288    8.48010  23.6%   261   70s
2026-07-01 20:06:18 - INFO -  25847 15756 infeasible   51        11.09288    8.48010  23.6%   261   70s
 29797 17512 infeasible   50        11.09288    8.67048  21.8%   260   76s
2026-07-01 20:06:24 - INFO -  29797 17512 infeasible   50        11.09288    8.67048  21.8%   260   76s
 33908 19382    9.11711   41  199   11.09288    8.84620  20.3%   258   80s
2026-07-01 20:06:28 - INFO -  33908 19382    9.11711   41  199   11.09288    8.84620  20.3%   258   80s
 37207 19933   10.13651   51  115   11.09288    8.98347  19.0%   257   85s
2026-07-01 20:06:33 - INFO -  37207 19933   10.13651   51  115   11.09288    8.98347  19.0%   257   85s
H37558 19967                      11.0928844    9.00301  18.8%   257   87s
2026-07-01 20:06:35 - INFO - H37558 19967                      11.0928844    9.00301  18.8%   257   87s
H37802 20260                      11.0928844    9.01443  18.7%   257   89s
2026-07-01 20:06:37 - INFO - H37802 20260                      11.0928844    9.01443  18.7%   257   89s
H38187 20260                      11.0928844    9.02051  18.7%   257   89s
2026-07-01 20:06:37 - INFO - H38187 20260                      11.0928844    9.02051  18.7%   257   89s
H38330 20260                      11.0928844    9.02102  18.7%   257   89s
2026-07-01 20:06:37 - INFO - H38330 20260                      11.0928844    9.02102  18.7%   257   89s
 39032 20801     cutoff   44        11.09288    9.05281  18.4%   257   91s
2026-07-01 20:06:39 - INFO -  39032 20801     cutoff   44        11.09288    9.05281  18.4%   257   91s
H39434 20801                      11.0928844    9.06050  18.3%   257   91s
2026-07-01 20:06:39 - INFO - H39434 20801                      11.0928844    9.06050  18.3%   257   91s
H39695 20801                      11.0928844    9.06344  18.3%   257   91s
2026-07-01 20:06:39 - INFO - H39695 20801                      11.0928844    9.06344  18.3%   257   91s
H39822 20801                      11.0928844    9.06431  18.3%   256   91s
2026-07-01 20:06:39 - INFO - H39822 20801                      11.0928844    9.06431  18.3%   256   91s
H40973 20876                      11.0928844    9.14504  17.6%   256   93s
2026-07-01 20:06:42 - INFO - H40973 20876                      11.0928844    9.14504  17.6%   256   93s
 41300 21332 infeasible   43        11.09288    9.15777  17.4%   256   96s
2026-07-01 20:06:44 - INFO -  41300 21332 infeasible   43        11.09288    9.15777  17.4%   256   96s
H41305 21332                      11.0928844    9.15777  17.4%   256   96s
2026-07-01 20:06:44 - INFO - H41305 21332                      11.0928844    9.15777  17.4%   256   96s
H42302 21332                      11.0928844    9.16459  17.4%   256   96s
2026-07-01 20:06:44 - INFO - H42302 21332                      11.0928844    9.16459  17.4%   256   96s
H42645 21811                      11.0928844    9.17149  17.3%   255   99s
2026-07-01 20:06:47 - INFO - H42645 21811                      11.0928844    9.17149  17.3%   255   99s
H42731 21811                      11.0928844    9.17229  17.3%   255   99s
2026-07-01 20:06:47 - INFO - H42731 21811                      11.0928844    9.17229  17.3%   255   99s
H42760 21811                      11.0928844    9.17229  17.3%   255   99s
2026-07-01 20:06:47 - INFO - H42760 21811                      11.0928844    9.17229  17.3%   255   99s
H42999 21811                      11.0928844    9.17546  17.3%   255   99s
2026-07-01 20:06:47 - INFO - H42999 21811                      11.0928844    9.17546  17.3%   255   99s
H43298 21811                      11.0928844    9.18056  17.2%   255   99s
2026-07-01 20:06:47 - INFO - H43298 21811                      11.0928844    9.18056  17.2%   255   99s
H43722 21811                      11.0928844    9.18661  17.2%   255   99s
2026-07-01 20:06:47 - INFO - H43722 21811                      11.0928844    9.18661  17.2%   255   99s
 44464 22321     cutoff   44        11.09288    9.20167  17.0%   255  101s
2026-07-01 20:06:49 - INFO -  44464 22321     cutoff   44        11.09288    9.20167  17.0%   255  101s
 49016 23172 infeasible   46        11.09288    9.43465  14.9%   254  106s
2026-07-01 20:06:54 - INFO -  49016 23172 infeasible   46        11.09288    9.43465  14.9%   254  106s
H51325 23655                      11.0928844    9.48680  14.5%   252  108s
2026-07-01 20:06:57 - INFO - H51325 23655                      11.0928844    9.48680  14.5%   252  108s
H52387 23655                      11.0928843    9.49228  14.4%   251  108s
2026-07-01 20:06:57 - INFO - H52387 23655                      11.0928843    9.49228  14.4%   251  108s
H53252 23655                      11.0928843    9.49511  14.4%   251  108s
2026-07-01 20:06:57 - INFO - H53252 23655                      11.0928843    9.49511  14.4%   251  108s
 53594 24317    9.84569   45  136   11.09288    9.57891  13.6%   250  111s
2026-07-01 20:06:59 - INFO -  53594 24317    9.84569   45  136   11.09288    9.57891  13.6%   250  111s
H56163 24317                      11.0928843    9.59112  13.5%   248  111s
2026-07-01 20:06:59 - INFO - H56163 24317                      11.0928843    9.59112  13.5%   248  111s
 61204 25482     cutoff   47        11.09288    9.77257  11.9%   243  116s
2026-07-01 20:07:04 - INFO -  61204 25482     cutoff   47        11.09288    9.77257  11.9%   243  116s
H62706 25482                      11.0928843    9.79290  11.7%   241  116s
2026-07-01 20:07:04 - INFO - H62706 25482                      11.0928843    9.79290  11.7%   241  116s
H64151 21989                      10.7728371    9.82902  8.76%   239  121s
2026-07-01 20:07:09 - INFO - H64151 21989                      10.7728371    9.82902  8.76%   239  121s
H64775 20121                      10.6461331    9.83858  7.59%   238  123s
2026-07-01 20:07:12 - INFO - H64775 20121                      10.6461331    9.83858  7.59%   238  123s
H65177 15828                      10.4195729    9.84028  5.56%   237  123s
2026-07-01 20:07:12 - INFO - H65177 15828                      10.4195729    9.84028  5.56%   237  123s
H66578 12436                      10.2928689    9.84373  4.36%   235  123s
2026-07-01 20:07:12 - INFO - H66578 12436                      10.2928689    9.84373  4.36%   235  123s
 68625 11111   10.25516   47  108   10.29287    9.93484  3.48%   232  125s
2026-07-01 20:07:13 - INFO -  68625 11111   10.25516   47  108   10.29287    9.93484  3.48%   232  125s
 72464 10473   10.27810   44  125   10.29287   10.01030  2.75%   224  131s
2026-07-01 20:07:19 - INFO -  72464 10473   10.27810   44  125   10.29287   10.01030  2.75%   224  131s
 79442  8492   10.18951   62   15   10.29287   10.11615  1.72%   209  135s
2026-07-01 20:07:24 - INFO -  79442  8492   10.18951   62   15   10.29287   10.11615  1.72%   209  135s
 86302  7149     cutoff   41        10.29287   10.17220  1.17%   195  140s
2026-07-01 20:07:28 - INFO -  86302  7149     cutoff   41        10.29287   10.17220  1.17%   195  140s
 95312  4246     cutoff   45        10.29287   10.24497  0.47%   179  146s
2026-07-01 20:07:34 - INFO -  95312  4246     cutoff   45        10.29287   10.24497  0.47%   179  146s
 99568  2324     cutoff   46        10.29287   10.26968  0.23%   173  150s
2026-07-01 20:07:38 - INFO -  99568  2324     cutoff   46        10.29287   10.26968  0.23%   173  150s
 102726   525     cutoff   43        10.29287   10.28828  0.04%   168  155s
2026-07-01 20:07:43 - INFO -  102726   525     cutoff   43        10.29287   10.28828  0.04%   168  155s

2026-07-01 20:07:48 - INFO - 
Cutting planes:
2026-07-01 20:07:48 - INFO - Cutting planes:
  Learned: 346
2026-07-01 20:07:48 - INFO -   Learned: 346
  Gomory: 334
2026-07-01 20:07:48 - INFO -   Gomory: 334
  Lift-and-project: 433
2026-07-01 20:07:48 - INFO -   Lift-and-project: 433
  Cover: 388
2026-07-01 20:07:48 - INFO -   Cover: 388
  Implied bound: 33
2026-07-01 20:07:48 - INFO -   Implied bound: 33
  Clique: 1
2026-07-01 20:07:48 - INFO -   Clique: 1
  MIR: 793
2026-07-01 20:07:48 - INFO -   MIR: 793
  Mixing: 62
2026-07-01 20:07:48 - INFO -   Mixing: 62
  Flow cover: 3448
2026-07-01 20:07:48 - INFO -   Flow cover: 3448
  Inf proof: 1273
2026-07-01 20:07:48 - INFO -   Inf proof: 1273
  Zero half: 541
2026-07-01 20:07:48 - INFO -   Zero half: 541
  RLT: 48
2026-07-01 20:07:48 - INFO -   RLT: 48
  Relax-and-lift: 228
2026-07-01 20:07:48 - INFO -   Relax-and-lift: 228

2026-07-01 20:07:48 - INFO - 
Explored 103614 nodes (17236971 simplex iterations) in 159.70 seconds (278.37 work units)
2026-07-01 20:07:48 - INFO - Explored 103614 nodes (17236971 simplex iterations) in 159.70 seconds (278.37 work units)
Thread count was 28 (of 28 available processors)
2026-07-01 20:07:48 - INFO - Thread count was 28 (of 28 available processors)

2026-07-01 20:07:48 - INFO - 
Solution count 10: 10.2929 10.2929 10.4196 ... 11.0929
2026-07-01 20:07:48 - INFO - Solution count 10: 10.2929 10.2929 10.4196 ... 11.0929

2026-07-01 20:07:48 - INFO - 
Optimal solution found (tolerance 0.00e+00)
2026-07-01 20:07:48 - INFO - Optimal solution found (tolerance 0.00e+00)
Best objective 1.029286890600e+01, best bound 1.029286890600e+01, gap 0.0000%
2026-07-01 20:07:48 - INFO - Best objective 1.029286890600e+01, best bound 1.029286890600e+01, gap 0.0000%
[EMIB] Solve done: MIPGap=0.0, status=Optimal, Obj=10.292869, time=159.71s, SolCount=10


================================================================================
ILP MODEL ANALYSIS REPORT - Chiplet Placement ILP (Gap=0.0)
Generated: 2026-07-01 20:07:48
================================================================================

[MODEL STRUCTURE]
  Constraints (rows):                   1800
  Variables (columns):                   825
  Non-zero elements:                    6189
  Objective coefficients:                  3

[VARIABLE TYPES]
  Continuous:                            311
  Integer:                                 0
  Binary:                                514

[CONSTRAINT TYPES]
  <= constraints:                             1022
  == constraints:                              233
  >= constraints:                              545

[COEFFICIENT STATISTICS]
  Matrix range:              [2.93e-01, 3.72e+03]
  Objective range:           [5.84e-05, 1.01e-01]
  Bounds range:              [-2.58e+02, 2.32e+07]

[SOLVE STATISTICS]
  Status:                    Optimal
  Objective value:                 10.292869
  Best bound:                      10.292869
  MIP gap:                           0.0000%
  Solve time (s):                     159.71
  Solutions found:                        10
  Nodes explored:                   103614.0
  Simplex iterations:             17236971.0

[MEMORY USAGE]
  Initial memory:                     95.09 MB
  Peak memory:                       981.30 MB
  Final memory:                      981.30 MB
  Peak increase:                     886.21 MB
  Final increase:                    886.21 MB
  Gurobi memory:                      33.94 MB
  Gurobi peak memory:               1338.44 MB

================================================================================

================================================================================
[OBJECTIVE FUNCTION BREAKDOWN - SOLUTION VALUES]
================================================================================

[Actual Variable Values]
  wirelength: 8.516480e+04
  bbox_area_proxy_t: 5.264000e+01
  aspect_ratio_penalty: 5.320000e+00
  power_aware_penalty: 4.471971e+04

[Normalized Values]
  norm_wirelength = 8.516480e+04 / 8.558294e+04 = 9.951142e-01
  norm_t = 5.264000e+01 / 5.943260e+01 = 8.857092e-01
  norm_aspect = 5.320000e+00 / 1.748600e+02 = 3.042434e-02
  norm_power = 4.471971e+04 / 1.296968e+05 = 3.448020e-01

[Weighted Contributions]
  1. Wirelength: 5.000000e+00 * 9.951142e-01 = 4.975571e+00
  2. Area: 6.000000e+00 * 8.857092e-01 = 5.314255e+00
  3. Aspect Ratio: 1.000000e-01 * 3.042434e-02 = 3.042434e-03
  4. Power Awareness: -0.000000e+00 * 3.448020e-01 = -0.000000e+00

[Total Objective Value]
  4.975571e+00 + 5.314255e+00 + 3.042434e-03 - 0.000000e+00
  = 1.029287e+01
================================================================================

[EMIB] Solve succeeded (Optimal)
[EMIB] placement JSON saved: /root/placement/MPDAP/output_gurobi_EMIB_chiplet_5_6_01_0/placement/hp11_m.json
[EMIB] Layout figure saved: /root/placement/MPDAP/output_gurobi_EMIB_chiplet_5_6_01_0/fig/hp11_m_core/solution_1_layout_gurobi.png
2026-07-01 20:07:50 - INFO - 
EMIB returned 1 solution(s) (max 1).
  ✓ EMIB: 1 solution(s)

================================================================================
Batch test done (Gurobi)
  Total time: 162.12 s
================================================================================
File summary:
  Success: 1/1
  Failed: 0/1
Solution count:
  Found: 1/1

Details:
  ✓ hp11_m.json -> hp11_m_core: 1 solution(s)
    Log dir: /root/placement/MPDAP/output_gurobi_EMIB_chiplet_5_6_01_0/log/hp11_m_core
    LP dir: /root/placement/MPDAP/output_gurobi_EMIB_chiplet_5_6_01_0/lp/hp11_m_core
    Fig dir: /root/placement/MPDAP/output_gurobi_EMIB_chiplet_5_6_01_0/fig/hp11_m_core
    Placement: /root/placement/MPDAP/output_gurobi_EMIB_chiplet_5_6_01_0/placement/hp11_m.json
================================================================================

