
================================================================================
Batch test start (Gurobi)
================================================================================
Test input dir: /root/placement/MPDAP/benchmark/test_input
Output base dir: /root/placement/MPDAP/output_gurobi_EMIB_chiplet_5_6_01_03
Found 1 test file(s)
Files to process: hp6_m.json
================================================================================


[1/1] Processing: hp6_m.json
  Core name: hp6_m_core
  Log dir: /root/placement/MPDAP/output_gurobi_EMIB_chiplet_5_6_01_03/log/hp6_m_core
  LP dir: /root/placement/MPDAP/output_gurobi_EMIB_chiplet_5_6_01_03/lp/hp6_m_core
  Fig dir: /root/placement/MPDAP/output_gurobi_EMIB_chiplet_5_6_01_03/fig/hp6_m_core
  Placement file: /root/placement/MPDAP/output_gurobi_EMIB_chiplet_5_6_01_03/placement/hp6_m.json
2026-06-21 21:16:05 - INFO - Calling EMIB solver (Gurobi)...
node 0 w: 4.62, h: 10.36
node 1 w: 7.0, h: 3.78
node 2 w: 2.1, h: 9.8
node 3 w: 2.1, h: 9.8
node 4 w: 2.1, h: 9.8
node 5 w: 5.46, h: 33.04
  (A,C): node1=A, node2=C, wireCount=512, EMIBType=interfaceB, EMIB_length=1.7067, EMIB_max_width=3.0, width=2.0, height=1.7067, bump_width=1.0000
  (A,F): node1=A, node2=F, wireCount=256, EMIBType=interfaceB, EMIB_length=0.8533, EMIB_max_width=3.0, width=2.0, height=0.8533, bump_width=1.0000
  (B,E): node1=B, node2=E, wireCount=128, EMIBType=interfaceC, EMIB_length=3.2, EMIB_max_width=99.0, width=1.0, height=3.2, bump_width=0.5000
  (B,F): node1=B, node2=F, wireCount=128, EMIBType=interfaceC, EMIB_length=3.2, EMIB_max_width=99.0, width=1.0, height=3.2, bump_width=0.5000
  (C,D): node1=C, node2=D, wireCount=256, EMIBType=interfaceB, EMIB_length=0.8533, EMIB_max_width=3.0, width=2.0, height=0.8533, bump_width=1.0000
  (0,2): [A, C, 512, interfaceB, 1.7067, 3.0]
  (0,5): [A, F, 256, interfaceB, 0.8533, 3.0]
  (1,4): [B, E, 128, interfaceC, 3.2, 99.0]
  (1,5): [B, F, 128, interfaceC, 3.2, 99.0]
  (2,3): [C, D, 256, interfaceB, 0.8533, 3.0]
Set parameter WLSAccessID
2026-06-21 21:16:05 - INFO - Set parameter WLSAccessID
Set parameter WLSSecret
2026-06-21 21:16:05 - INFO - Set parameter WLSSecret
Set parameter LicenseID to value 2756663
2026-06-21 21:16:05 - INFO - Set parameter LicenseID to value 2756663
Academic license 2756663 - for non-commercial use only - registered to hu___@sjtu.edu.cn
2026-06-21 21:16:05 - INFO - Academic license 2756663 - for non-commercial use only - registered to hu___@sjtu.edu.cn
EMIB_w_var: {(0, 2): <gurobi.Var *Awaiting Model Update*>, (0, 5): <gurobi.Var *Awaiting Model Update*>, (2, 3): <gurobi.Var *Awaiting Model Update*>}
EMIB_h_var: {(0, 2): <gurobi.Var *Awaiting Model Update*>, (0, 5): <gurobi.Var *Awaiting Model Update*>, (2, 3): <gurobi.Var *Awaiting Model Update*>}
EMIB_connected_pairs: {(0, 2): EMIBNode(node1='A', node2='C', wireCount=512, EMIBType='interfaceB', EMIB_length=1.7067, EMIB_bump_width=1.0, EMIB_max_width=3.0, width=2.0, height=1.7067), (0, 5): EMIBNode(node1='A', node2='F', wireCount=256, EMIBType='interfaceB', EMIB_length=0.8533, EMIB_bump_width=1.0, EMIB_max_width=3.0, width=2.0, height=0.8533), (2, 3): EMIBNode(node1='C', node2='D', wireCount=256, EMIBType='interfaceB', EMIB_length=0.8533, EMIB_bump_width=1.0, EMIB_max_width=3.0, width=2.0, height=0.8533)}
[POWER_AWARE] Mutual Distancing: ENABLED
[POWER_AWARE] Central Avoidance: ENABLED
[POWER_AWARE] Power Aware Optimization: ENABLED
[POWER_AWARE] Selected high-power chiplets: 1 (density threshold: 2.526724975704567)
[POWER_AWARE] High-power chiplet indices: [2]
[POWER_AWARE] Mutual Distancing: NOT ADDED - Insufficient high-power chiplet pairs (found 1, need at least 2)
[POWER_AWARE] Central Avoidance: Creating away-from-center constraints for 1 high-power chiplets
[DEBUG] chiplet 2 in top 30% power density, add away-from-center constraint
[POWER_AWARE] Central Avoidance: Added away-from-center constraints for 1 high-power chiplets
[DEBUG] L_avg: 17.78936761101979
[DEBUG] total_area: 316.4616
[POWER_AWARE] Normalization factor calculation:
[POWER_AWARE]   - High-power chiplets: 1
[POWER_AWARE]   - Mutual Distancing enabled: True
[POWER_AWARE]   - Central Avoidance enabled: True
[POWER_AWARE]   - pair_sum (MD): 0.000000e+00
[POWER_AWARE]   - self_sum (CA): 2.704000e+03
[POWER_AWARE]   - total_sum (pair + self): 2.704000e+03
[POWER_AWARE]   - ref_power: 2.405123e+04
[DEBUG] ref_wirelength: 11385.195271052668
[DEBUG] ref_t: 35.57873522203958
[DEBUG] ref_power: 24051.22501009876
[DEBUG] ref_aspect: 59.640000000000015

================================================================================
[OBJECTIVE FUNCTION DETAILS]
================================================================================

[Normalization Reference Values]
  ref_wirelength: 1.138520e+04
  ref_t (area proxy): 3.557874e+01
  ref_power: 2.405123e+04
  ref_aspect: 5.964000e+01

[Beta Weights]
  beta_wire: 5.000000e+00
  beta_area: 6.000000e+00
  beta_aspect: 1.000000e-01
  beta_power: 3.000000e-01

[Objective Function Components]
  1. Wirelength term:
     norm_wirelength = wirelength / ref_wirelength
     contribution = beta_wire * norm_wirelength = 5.0 * norm_wirelength
  2. Area term:
     norm_t = t / ref_t
     contribution = beta_area * norm_t = 6.0 * norm_t
  3. Aspect Ratio term:
     norm_aspect = aspect_ratio_penalty / ref_aspect
     contribution = beta_aspect * norm_aspect = 0.1 * norm_aspect
  4. Power Awareness term:
     norm_power = power_aware_penalty / ref_power
     contribution = - beta_power * norm_power = - 0.3 * norm_power

[Objective Function Formula]
  minimize: 5.0 * wirelength/ref_wirelength
          + 6.0 * t/ref_t
          + 0.1 * aspect_ratio_penalty/ref_aspect
          - 0.3 * power_aware_penalty/ref_power
================================================================================


[EMIB] ILP Model construction completed. Analyzing model structure...
================================================================================
ILP MODEL ANALYSIS REPORT - Chiplet Placement ILP (Construction Complete)
Generated: 2026-06-21 21:16:05
================================================================================

[MODEL STRUCTURE]
  Constraints (rows):                      0
  Variables (columns):                     0
  Non-zero elements:                       0
  Objective coefficients:                  0

[VARIABLE TYPES]
  Continuous:                              0
  Integer:                                 0
  Binary:                                  0

[CONSTRAINT TYPES]

[COEFFICIENT STATISTICS]

[SOLVE STATISTICS]
  Status:                    Unknown(1)
  Solve time (s):                       0.00
  Solutions found:                         0
  Nodes explored:            (not available)
  Simplex iterations:        (not available)

[MEMORY USAGE]
  Initial memory:                     95.99 MB
  Peak memory:                         0.00 MB
  Final memory:                        0.00 MB
  Peak increase:                     -95.99 MB
  Final increase:                    -95.99 MB

================================================================================
Set parameter TimeLimit to value 300
2026-06-21 21:16:05 - INFO - Set parameter TimeLimit to value 300
Set parameter MIPGap to value 0
2026-06-21 21:16:05 - INFO - Set parameter MIPGap to value 0
Set parameter MIPFocus to value 3
2026-06-21 21:16:05 - INFO - Set parameter MIPFocus to value 3
Set parameter Heuristics to value 0.5
2026-06-21 21:16:05 - INFO - Set parameter Heuristics to value 0.5
Set parameter LogToConsole to value 1
2026-06-21 21:16:05 - INFO - Set parameter LogToConsole to value 1
Gurobi Optimizer version 13.0.1 build v13.0.1rc0 (linux64 - "Ubuntu 20.04.6 LTS")
2026-06-21 21:16:05 - INFO - Gurobi Optimizer version 13.0.1 build v13.0.1rc0 (linux64 - "Ubuntu 20.04.6 LTS")

2026-06-21 21:16:05 - INFO - 
CPU model: AMD Ryzen 9 9950X3D 16-Core Processor, instruction set [SSE2|AVX|AVX2|AVX512]
2026-06-21 21:16:05 - INFO - CPU model: AMD Ryzen 9 9950X3D 16-Core Processor, instruction set [SSE2|AVX|AVX2|AVX512]
Thread count: 14 physical cores, 28 logical processors, using up to 28 threads
2026-06-21 21:16:05 - INFO - Thread count: 14 physical cores, 28 logical processors, using up to 28 threads

2026-06-21 21:16:05 - INFO - 
Non-default parameters:
2026-06-21 21:16:05 - INFO - Non-default parameters:
TimeLimit  300
2026-06-21 21:16:05 - INFO - TimeLimit  300
MIPGap  0
2026-06-21 21:16:05 - INFO - MIPGap  0
Heuristics  0.5
2026-06-21 21:16:05 - INFO - Heuristics  0.5
MIPFocus  3
2026-06-21 21:16:05 - INFO - MIPFocus  3

2026-06-21 21:16:05 - INFO - 
Academic license 2756663 - for non-commercial use only - registered to hu___@sjtu.edu.cn
2026-06-21 21:16:05 - INFO - Academic license 2756663 - for non-commercial use only - registered to hu___@sjtu.edu.cn
Optimize a model with 439 rows, 216 columns and 1453 nonzeros (Min)
2026-06-21 21:16:05 - INFO - Optimize a model with 439 rows, 216 columns and 1453 nonzeros (Min)
Model fingerprint: 0x8cd7166d
2026-06-21 21:16:05 - INFO - Model fingerprint: 0x8cd7166d
Model has 4 linear objective coefficients
2026-06-21 21:16:05 - INFO - Model has 4 linear objective coefficients
Variable types: 103 continuous, 113 integer (113 binary)
2026-06-21 21:16:05 - INFO - Variable types: 103 continuous, 113 integer (113 binary)
Coefficient statistics:
2026-06-21 21:16:05 - INFO - Coefficient statistics:
  Matrix range     [3e-01, 3e+03]
2026-06-21 21:16:05 - INFO -   Matrix range     [3e-01, 3e+03]
  Objective range  [1e-05, 2e-01]
2026-06-21 21:16:05 - INFO -   Objective range  [1e-05, 2e-01]
  Bounds range     [9e-01, 3e+06]
2026-06-21 21:16:05 - INFO -   Bounds range     [9e-01, 3e+06]
  RHS range        [9e-01, 2e+02]
2026-06-21 21:16:05 - INFO -   RHS range        [9e-01, 2e+02]

2026-06-21 21:16:05 - INFO - 
Presolve removed 58 rows and 48 columns
2026-06-21 21:16:05 - INFO - Presolve removed 58 rows and 48 columns
Presolve time: 0.00s
2026-06-21 21:16:05 - INFO - Presolve time: 0.00s
Presolved: 381 rows, 168 columns, 1332 nonzeros
2026-06-21 21:16:05 - INFO - Presolved: 381 rows, 168 columns, 1332 nonzeros
Variable types: 61 continuous, 107 integer (107 binary)
2026-06-21 21:16:05 - INFO - Variable types: 61 continuous, 107 integer (107 binary)
Root relaxation presolve removed 64 rows and 18 columns
2026-06-21 21:16:05 - INFO - Root relaxation presolve removed 64 rows and 18 columns
Root relaxation presolved: 317 rows, 150 columns, 1170 nonzeros
2026-06-21 21:16:05 - INFO - Root relaxation presolved: 317 rows, 150 columns, 1170 nonzeros

2026-06-21 21:16:05 - INFO - 

2026-06-21 21:16:05 - INFO - 
Root relaxation: objective 1.875277e-01, 89 iterations, 0.00 seconds (0.00 work units)
2026-06-21 21:16:05 - INFO - Root relaxation: objective 1.875277e-01, 89 iterations, 0.00 seconds (0.00 work units)

2026-06-21 21:16:05 - INFO - 
    Nodes    |    Current Node    |     Objective Bounds      |     Work
2026-06-21 21:16:05 - INFO -     Nodes    |    Current Node    |     Objective Bounds      |     Work
 Expl Unexpl |  Obj  Depth IntInf | Incumbent    BestBd   Gap | It/Node Time
2026-06-21 21:16:05 - INFO -  Expl Unexpl |  Obj  Depth IntInf | Incumbent    BestBd   Gap | It/Node Time

2026-06-21 21:16:05 - INFO - 
     0     0    0.18753    0   43          -    0.18753      -     -    0s
2026-06-21 21:16:05 - INFO -      0     0    0.18753    0   43          -    0.18753      -     -    0s
H    0     0                      11.0711006    1.41084  87.3%     -    0s
2026-06-21 21:16:05 - INFO - H    0     0                      11.0711006    1.41084  87.3%     -    0s
     0     0    3.96038    0   44   11.07110    3.96038  64.2%     -    0s
2026-06-21 21:16:05 - INFO -      0     0    3.96038    0   44   11.07110    3.96038  64.2%     -    0s
     0     0    3.96038    0   44   11.07110    3.96038  64.2%     -    0s
2026-06-21 21:16:05 - INFO -      0     0    3.96038    0   44   11.07110    3.96038  64.2%     -    0s
     0     0    3.96038    0   44   11.07110    3.96038  64.2%     -    0s
2026-06-21 21:16:05 - INFO -      0     0    3.96038    0   44   11.07110    3.96038  64.2%     -    0s
     0     0    5.08521    0   44   11.07110    5.08521  54.1%     -    0s
2026-06-21 21:16:05 - INFO -      0     0    5.08521    0   44   11.07110    5.08521  54.1%     -    0s
     0     0    5.08521    0   46   11.07110    5.08521  54.1%     -    0s
2026-06-21 21:16:05 - INFO -      0     0    5.08521    0   46   11.07110    5.08521  54.1%     -    0s
     0     0    5.24036    0   55   11.07110    5.24036  52.7%     -    0s
2026-06-21 21:16:05 - INFO -      0     0    5.24036    0   55   11.07110    5.24036  52.7%     -    0s
     0     0    5.24036    0   53   11.07110    5.24036  52.7%     -    0s
2026-06-21 21:16:05 - INFO -      0     0    5.24036    0   53   11.07110    5.24036  52.7%     -    0s
     0     0    5.24036    0   49   11.07110    5.24036  52.7%     -    0s
2026-06-21 21:16:05 - INFO -      0     0    5.24036    0   49   11.07110    5.24036  52.7%     -    0s
     0     0    5.67888    0   48   11.07110    5.67888  48.7%     -    0s
2026-06-21 21:16:05 - INFO -      0     0    5.67888    0   48   11.07110    5.67888  48.7%     -    0s
     0     0    5.67888    0   44   11.07110    5.67888  48.7%     -    0s
2026-06-21 21:16:05 - INFO -      0     0    5.67888    0   44   11.07110    5.67888  48.7%     -    0s
     0     0    5.67888    0   46   11.07110    5.67888  48.7%     -    0s
2026-06-21 21:16:05 - INFO -      0     0    5.67888    0   46   11.07110    5.67888  48.7%     -    0s
     0     0    5.67888    0   42   11.07110    5.67888  48.7%     -    0s
2026-06-21 21:16:05 - INFO -      0     0    5.67888    0   42   11.07110    5.67888  48.7%     -    0s
     0     0    5.67888    0   41   11.07110    5.67888  48.7%     -    0s
2026-06-21 21:16:05 - INFO -      0     0    5.67888    0   41   11.07110    5.67888  48.7%     -    0s
     0     0    6.02413    0   48   11.07110    6.02413  45.6%     -    0s
2026-06-21 21:16:05 - INFO -      0     0    6.02413    0   48   11.07110    6.02413  45.6%     -    0s
     0     0    6.02413    0   48   11.07110    6.02413  45.6%     -    0s
2026-06-21 21:16:05 - INFO -      0     0    6.02413    0   48   11.07110    6.02413  45.6%     -    0s
     0     0    6.02413    0   48   11.07110    6.02413  45.6%     -    0s
2026-06-21 21:16:05 - INFO -      0     0    6.02413    0   48   11.07110    6.02413  45.6%     -    0s
H    0     0                      10.9416078    6.28315  42.6%     -    0s
2026-06-21 21:16:05 - INFO - H    0     0                      10.9416078    6.28315  42.6%     -    0s
     0     0    6.28315    0   52   10.94161    6.28315  42.6%     -    0s
2026-06-21 21:16:05 - INFO -      0     0    6.28315    0   52   10.94161    6.28315  42.6%     -    0s
     0     0    6.28315    0   49   10.94161    6.28315  42.6%     -    0s
2026-06-21 21:16:05 - INFO -      0     0    6.28315    0   49   10.94161    6.28315  42.6%     -    0s
     0     0    6.28315    0   57   10.94161    6.28315  42.6%     -    0s
2026-06-21 21:16:05 - INFO -      0     0    6.28315    0   57   10.94161    6.28315  42.6%     -    0s
     0     0    6.60276    0   46   10.94161    6.60276  39.7%     -    0s
2026-06-21 21:16:05 - INFO -      0     0    6.60276    0   46   10.94161    6.60276  39.7%     -    0s
     0     0    6.60276    0   46   10.94161    6.60276  39.7%     -    0s
2026-06-21 21:16:05 - INFO -      0     0    6.60276    0   46   10.94161    6.60276  39.7%     -    0s
     0     0    6.60276    0   42   10.94161    6.60276  39.7%     -    0s
2026-06-21 21:16:05 - INFO -      0     0    6.60276    0   42   10.94161    6.60276  39.7%     -    0s
H    0     0                      10.4787873    6.64211  36.6%     -    0s
2026-06-21 21:16:05 - INFO - H    0     0                      10.4787873    6.64211  36.6%     -    0s
     0     0    6.64211    0   36   10.47879    6.64211  36.6%     -    0s
2026-06-21 21:16:05 - INFO -      0     0    6.64211    0   36   10.47879    6.64211  36.6%     -    0s
H    0     0                      10.4776123    6.64211  36.6%     -    0s
2026-06-21 21:16:05 - INFO - H    0     0                      10.4776123    6.64211  36.6%     -    0s
     0     0    6.70867    0   48   10.47761    6.70867  36.0%     -    0s
2026-06-21 21:16:05 - INFO -      0     0    6.70867    0   48   10.47761    6.70867  36.0%     -    0s
     0     0    6.70867    0   48   10.47761    6.70867  36.0%     -    0s
2026-06-21 21:16:05 - INFO -      0     0    6.70867    0   48   10.47761    6.70867  36.0%     -    0s
     0     0    6.70867    0   45   10.47761    6.70867  36.0%     -    0s
2026-06-21 21:16:05 - INFO -      0     0    6.70867    0   45   10.47761    6.70867  36.0%     -    0s
H    0     0                      10.1392079    6.75320  33.4%     -    0s
2026-06-21 21:16:05 - INFO - H    0     0                      10.1392079    6.75320  33.4%     -    0s
H    0     0                       9.7173436    6.75320  30.5%     -    0s
2026-06-21 21:16:05 - INFO - H    0     0                       9.7173436    6.75320  30.5%     -    0s
H    0     0                       8.9314907    6.75320  24.4%     -    0s
2026-06-21 21:16:05 - INFO - H    0     0                       8.9314907    6.75320  24.4%     -    0s
H    0     0                       8.8622359    6.75320  23.8%     -    0s
2026-06-21 21:16:05 - INFO - H    0     0                       8.8622359    6.75320  23.8%     -    0s
     0     0    6.75320    0   52    8.86224    6.75320  23.8%     -    0s
2026-06-21 21:16:05 - INFO -      0     0    6.75320    0   52    8.86224    6.75320  23.8%     -    0s
     0     0    6.75653    0   56    8.86224    6.75653  23.8%     -    0s
2026-06-21 21:16:05 - INFO -      0     0    6.75653    0   56    8.86224    6.75653  23.8%     -    0s
     0     0    6.75653    0   60    8.86224    6.75653  23.8%     -    0s
2026-06-21 21:16:05 - INFO -      0     0    6.75653    0   60    8.86224    6.75653  23.8%     -    0s
H    0     0                       8.8307564    6.75653  23.5%     -    0s
2026-06-21 21:16:05 - INFO - H    0     0                       8.8307564    6.75653  23.5%     -    0s
     0     0    6.82033    0   49    8.83076    6.82033  22.8%     -    0s
2026-06-21 21:16:05 - INFO -      0     0    6.82033    0   49    8.83076    6.82033  22.8%     -    0s
     0     0    6.82033    0   49    8.83076    6.82033  22.8%     -    0s
2026-06-21 21:16:05 - INFO -      0     0    6.82033    0   49    8.83076    6.82033  22.8%     -    0s
     0     0    6.82033    0   49    8.83076    6.82033  22.8%     -    0s
2026-06-21 21:16:05 - INFO -      0     0    6.82033    0   49    8.83076    6.82033  22.8%     -    0s
     0     0    7.05267    0   53    8.83076    7.05267  20.1%     -    0s
2026-06-21 21:16:06 - INFO -      0     0    7.05267    0   53    8.83076    7.05267  20.1%     -    0s
     0     0    7.05267    0   46    8.83076    7.05267  20.1%     -    0s
2026-06-21 21:16:06 - INFO -      0     0    7.05267    0   46    8.83076    7.05267  20.1%     -    0s
     0     0    7.06851    0   42    8.83076    7.06851  20.0%     -    0s
2026-06-21 21:16:06 - INFO -      0     0    7.06851    0   42    8.83076    7.06851  20.0%     -    0s
     0     0    7.06851    0   42    8.83076    7.06851  20.0%     -    0s
2026-06-21 21:16:06 - INFO -      0     0    7.06851    0   42    8.83076    7.06851  20.0%     -    0s
     0     0    7.06851    0   33    8.83076    7.06851  20.0%     -    0s
2026-06-21 21:16:06 - INFO -      0     0    7.06851    0   33    8.83076    7.06851  20.0%     -    0s
     0     0    7.06851    0   49    8.83076    7.06851  20.0%     -    0s
2026-06-21 21:16:06 - INFO -      0     0    7.06851    0   49    8.83076    7.06851  20.0%     -    0s
     0     0    7.10692    0   57    8.83076    7.10692  19.5%     -    0s
2026-06-21 21:16:06 - INFO -      0     0    7.10692    0   57    8.83076    7.10692  19.5%     -    0s
     0     0    7.10692    0   57    8.83076    7.10692  19.5%     -    0s
2026-06-21 21:16:06 - INFO -      0     0    7.10692    0   57    8.83076    7.10692  19.5%     -    0s
     0     0    7.10692    0   57    8.83076    7.10692  19.5%     -    0s
2026-06-21 21:16:06 - INFO -      0     0    7.10692    0   57    8.83076    7.10692  19.5%     -    0s
     0     0    7.11272    0   56    8.83076    7.11272  19.5%     -    0s
2026-06-21 21:16:06 - INFO -      0     0    7.11272    0   56    8.83076    7.11272  19.5%     -    0s
     0     0    7.11462    0   63    8.83076    7.11462  19.4%     -    0s
2026-06-21 21:16:06 - INFO -      0     0    7.11462    0   63    8.83076    7.11462  19.4%     -    0s
     0     0    7.11661    0   65    8.83076    7.11661  19.4%     -    0s
2026-06-21 21:16:06 - INFO -      0     0    7.11661    0   65    8.83076    7.11661  19.4%     -    0s
     0     0    7.11661    0   65    8.83076    7.11661  19.4%     -    0s
2026-06-21 21:16:06 - INFO -      0     0    7.11661    0   65    8.83076    7.11661  19.4%     -    0s
     0     0    7.11661    0   59    8.83076    7.11661  19.4%     -    0s
2026-06-21 21:16:06 - INFO -      0     0    7.11661    0   59    8.83076    7.11661  19.4%     -    0s
     0     0    7.12772    0   59    8.83076    7.12772  19.3%     -    0s
2026-06-21 21:16:06 - INFO -      0     0    7.12772    0   59    8.83076    7.12772  19.3%     -    0s
     0     0    7.12872    0   64    8.83076    7.12872  19.3%     -    0s
2026-06-21 21:16:06 - INFO -      0     0    7.12872    0   64    8.83076    7.12872  19.3%     -    0s
     0     0    7.16690    0   40    8.83076    7.16690  18.8%     -    0s
2026-06-21 21:16:06 - INFO -      0     0    7.16690    0   40    8.83076    7.16690  18.8%     -    0s
     0     0    7.16690    0   39    8.83076    7.16690  18.8%     -    0s
2026-06-21 21:16:06 - INFO -      0     0    7.16690    0   39    8.83076    7.16690  18.8%     -    0s
     0     0    7.16690    0   39    8.83076    7.16690  18.8%     -    0s
2026-06-21 21:16:06 - INFO -      0     0    7.16690    0   39    8.83076    7.16690  18.8%     -    0s
     0     0    7.21188    0   56    8.83076    7.21188  18.3%     -    0s
2026-06-21 21:16:06 - INFO -      0     0    7.21188    0   56    8.83076    7.21188  18.3%     -    0s
     0     0    7.28252    0   52    8.83076    7.28252  17.5%     -    0s
2026-06-21 21:16:06 - INFO -      0     0    7.28252    0   52    8.83076    7.28252  17.5%     -    0s
     0     0    7.28252    0   49    8.83076    7.28252  17.5%     -    0s
2026-06-21 21:16:06 - INFO -      0     0    7.28252    0   49    8.83076    7.28252  17.5%     -    0s
     0     0    7.28252    0   37    8.83076    7.28252  17.5%     -    0s
2026-06-21 21:16:06 - INFO -      0     0    7.28252    0   37    8.83076    7.28252  17.5%     -    0s
     0     0    7.28785    0   37    8.83076    7.28785  17.5%     -    0s
2026-06-21 21:16:06 - INFO -      0     0    7.28785    0   37    8.83076    7.28785  17.5%     -    0s
     0     0    7.28785    0   37    8.83076    7.28785  17.5%     -    0s
2026-06-21 21:16:06 - INFO -      0     0    7.28785    0   37    8.83076    7.28785  17.5%     -    0s
     0     0    7.28785    0   37    8.83076    7.28785  17.5%     -    0s
2026-06-21 21:16:06 - INFO -      0     0    7.28785    0   37    8.83076    7.28785  17.5%     -    0s
     0     2    7.28785    0   37    8.83076    7.28785  17.5%     -    0s
2026-06-21 21:16:06 - INFO -      0     2    7.28785    0   37    8.83076    7.28785  17.5%     -    0s
*  990   180              16       8.8307563    8.75206  0.89%  38.0    2s
2026-06-21 21:16:07 - INFO - *  990   180              16       8.8307563    8.75206  0.89%  38.0    2s

2026-06-21 21:16:07 - INFO - 
Cutting planes:
2026-06-21 21:16:07 - INFO - Cutting planes:
  Learned: 14
2026-06-21 21:16:07 - INFO -   Learned: 14
  Gomory: 110
2026-06-21 21:16:07 - INFO -   Gomory: 110
  Lift-and-project: 62
2026-06-21 21:16:07 - INFO -   Lift-and-project: 62
  Cover: 1
2026-06-21 21:16:07 - INFO -   Cover: 1
  Implied bound: 27
2026-06-21 21:16:07 - INFO -   Implied bound: 27
  Clique: 10
2026-06-21 21:16:07 - INFO -   Clique: 10
  MIR: 248
2026-06-21 21:16:07 - INFO -   MIR: 248
  Mixing: 19
2026-06-21 21:16:07 - INFO -   Mixing: 19
  StrongCG: 3
2026-06-21 21:16:07 - INFO -   StrongCG: 3
  Flow cover: 853
2026-06-21 21:16:07 - INFO -   Flow cover: 853
  Inf proof: 1
2026-06-21 21:16:07 - INFO -   Inf proof: 1
  RLT: 30
2026-06-21 21:16:07 - INFO -   RLT: 30
  Relax-and-lift: 51
2026-06-21 21:16:07 - INFO -   Relax-and-lift: 51
  PSD: 1
2026-06-21 21:16:07 - INFO -   PSD: 1

2026-06-21 21:16:07 - INFO - 
Explored 1390 nodes (45148 simplex iterations) in 2.28 seconds (3.00 work units)
2026-06-21 21:16:07 - INFO - Explored 1390 nodes (45148 simplex iterations) in 2.28 seconds (3.00 work units)
Thread count was 28 (of 28 available processors)
2026-06-21 21:16:07 - INFO - Thread count was 28 (of 28 available processors)

2026-06-21 21:16:07 - INFO - 
Solution count 9: 8.83076 8.83076 8.86224 ... 11.0711
2026-06-21 21:16:07 - INFO - Solution count 9: 8.83076 8.83076 8.86224 ... 11.0711

2026-06-21 21:16:07 - INFO - 
Optimal solution found (tolerance 0.00e+00)
2026-06-21 21:16:07 - INFO - Optimal solution found (tolerance 0.00e+00)
Best objective 8.830756285095e+00, best bound 8.830756285095e+00, gap 0.0000%
2026-06-21 21:16:07 - INFO - Best objective 8.830756285095e+00, best bound 8.830756285095e+00, gap 0.0000%
[EMIB] Solve done: MIPGap=0.0, status=Optimal, Obj=8.830756, time=2.29s, SolCount=9


================================================================================
ILP MODEL ANALYSIS REPORT - Chiplet Placement ILP (Gap=0.0)
Generated: 2026-06-21 21:16:07
================================================================================

[MODEL STRUCTURE]
  Constraints (rows):                    439
  Variables (columns):                   216
  Non-zero elements:                    1453
  Objective coefficients:                  4

[VARIABLE TYPES]
  Continuous:                            103
  Integer:                                 0
  Binary:                                113

[CONSTRAINT TYPES]
  <= constraints:                              232
  == constraints:                               73
  >= constraints:                              134

[COEFFICIENT STATISTICS]
  Matrix range:              [2.93e-01, 2.70e+03]
  Objective range:           [1.25e-05, 1.69e-01]
  Bounds range:              [-1.56e+02, 3.19e+06]

[SOLVE STATISTICS]
  Status:                    Optimal
  Objective value:                  8.830756
  Best bound:                       8.830756
  MIP gap:                           0.0000%
  Solve time (s):                       2.28
  Solutions found:                         9
  Nodes explored:                     1390.0
  Simplex iterations:                45148.0

[MEMORY USAGE]
  Initial memory:                     96.62 MB
  Peak memory:                       197.86 MB
  Final memory:                      197.86 MB
  Peak increase:                     101.24 MB
  Final increase:                    101.24 MB

================================================================================

================================================================================
[OBJECTIVE FUNCTION BREAKDOWN - SOLUTION VALUES]
================================================================================

[Actual Variable Values]
  wirelength: 5.806080e+03
  bbox_area_proxy_t: 3.785600e+01
  aspect_ratio_penalty: 1.876000e+01
  power_aware_penalty: 1.078896e+04

[Normalized Values]
  norm_wirelength = 5.806080e+03 / 1.138520e+04 = 5.099675e-01
  norm_t = 3.785600e+01 / 3.557874e+01 = 1.064006e+00
  norm_aspect = 1.876000e+01 / 5.964000e+01 = 3.145540e-01
  norm_power = 1.078896e+04 / 2.405123e+04 = 4.485826e-01

[Weighted Contributions]
  1. Wirelength: 5.000000e+00 * 5.099675e-01 = 2.549838e+00
  2. Area: 6.000000e+00 * 1.064006e+00 = 6.384038e+00
  3. Aspect Ratio: 1.000000e-01 * 3.145540e-01 = 3.145540e-02
  4. Power Awareness: -3.000000e-01 * 4.485826e-01 = -1.345748e-01

[Total Objective Value]
  2.549838e+00 + 6.384038e+00 + 3.145540e-02 - 1.345748e-01
  = 8.830756e+00
================================================================================

[EMIB] Solve succeeded (Optimal)
[EMIB] placement JSON saved: /root/placement/MPDAP/output_gurobi_EMIB_chiplet_5_6_01_03/placement/hp6_m.json
[EMIB] Layout figure saved: /root/placement/MPDAP/output_gurobi_EMIB_chiplet_5_6_01_03/fig/hp6_m_core/solution_1_layout_gurobi.png
2026-06-21 21:16:08 - INFO - 
EMIB returned 1 solution(s) (max 1).
  ✓ EMIB: 1 solution(s)

================================================================================
Batch test done (Gurobi)
  Total time: 2.82 s
================================================================================
File summary:
  Success: 1/1
  Failed: 0/1
Solution count:
  Found: 1/1

Details:
  ✓ hp6_m.json -> hp6_m_core: 1 solution(s)
    Log dir: /root/placement/MPDAP/output_gurobi_EMIB_chiplet_5_6_01_03/log/hp6_m_core
    LP dir: /root/placement/MPDAP/output_gurobi_EMIB_chiplet_5_6_01_03/lp/hp6_m_core
    Fig dir: /root/placement/MPDAP/output_gurobi_EMIB_chiplet_5_6_01_03/fig/hp6_m_core
    Placement: /root/placement/MPDAP/output_gurobi_EMIB_chiplet_5_6_01_03/placement/hp6_m.json
================================================================================

