
================================================================================
Batch test start (Gurobi)
================================================================================
Test input dir: /root/placement/MPDAP/benchmark/test_input
Output base dir: /root/placement/MPDAP/output_gurobi_EMIB_chiplet_5_6_01_03
Found 1 test file(s)
Files to process: sys_micro150.json
================================================================================


[1/1] Processing: sys_micro150.json
  Core name: sys_micro150_core
  Log dir: /root/placement/MPDAP/output_gurobi_EMIB_chiplet_5_6_01_03/log/sys_micro150_core
  LP dir: /root/placement/MPDAP/output_gurobi_EMIB_chiplet_5_6_01_03/lp/sys_micro150_core
  Fig dir: /root/placement/MPDAP/output_gurobi_EMIB_chiplet_5_6_01_03/fig/sys_micro150_core
  Placement file: /root/placement/MPDAP/output_gurobi_EMIB_chiplet_5_6_01_03/placement/sys_micro150.json
2026-06-21 21:21:40 - INFO - Calling EMIB solver (Gurobi)...
node 0 w: 8.25, h: 9.0
node 1 w: 8.25, h: 9.0
node 2 w: 8.25, h: 9.0
node 3 w: 8.25, h: 9.0
node 4 w: 8.75, h: 8.75
node 5 w: 8.75, h: 8.75
node 6 w: 8.75, h: 8.75
node 7 w: 8.75, h: 8.75
  (A,B): node1=A, node2=B, wireCount=256, EMIBType=interfaceB, EMIB_length=0.8533, EMIB_max_width=3.0, width=2.0, height=0.8533, bump_width=1.0000
  (A,D): node1=A, node2=D, wireCount=256, EMIBType=interfaceB, EMIB_length=0.8533, EMIB_max_width=3.0, width=2.0, height=0.8533, bump_width=1.0000
  (A,E): node1=A, node2=E, wireCount=1024, EMIBType=interfaceB, EMIB_length=3.4133, EMIB_max_width=3.0, width=2.0, height=3.4133, bump_width=1.0000
  (B,C): node1=B, node2=C, wireCount=256, EMIBType=interfaceB, EMIB_length=0.8533, EMIB_max_width=3.0, width=2.0, height=0.8533, bump_width=1.0000
  (B,F): node1=B, node2=F, wireCount=1024, EMIBType=interfaceB, EMIB_length=3.4133, EMIB_max_width=3.0, width=2.0, height=3.4133, bump_width=1.0000
  (C,D): node1=C, node2=D, wireCount=256, EMIBType=interfaceB, EMIB_length=0.8533, EMIB_max_width=3.0, width=2.0, height=0.8533, bump_width=1.0000
  (C,G): node1=C, node2=G, wireCount=1024, EMIBType=interfaceB, EMIB_length=3.4133, EMIB_max_width=3.0, width=2.0, height=3.4133, bump_width=1.0000
  (D,H): node1=D, node2=H, wireCount=1024, EMIBType=interfaceB, EMIB_length=3.4133, EMIB_max_width=3.0, width=2.0, height=3.4133, bump_width=1.0000
  (0,1): [A, B, 256, interfaceB, 0.8533, 3.0]
  (0,3): [A, D, 256, interfaceB, 0.8533, 3.0]
  (0,4): [A, E, 1024, interfaceB, 3.4133, 3.0]
  (1,2): [B, C, 256, interfaceB, 0.8533, 3.0]
  (1,5): [B, F, 1024, interfaceB, 3.4133, 3.0]
  (2,3): [C, D, 256, interfaceB, 0.8533, 3.0]
  (2,6): [C, G, 1024, interfaceB, 3.4133, 3.0]
  (3,7): [D, H, 1024, interfaceB, 3.4133, 3.0]
Set parameter WLSAccessID
2026-06-21 21:21:40 - INFO - Set parameter WLSAccessID
Set parameter WLSSecret
2026-06-21 21:21:40 - INFO - Set parameter WLSSecret
Set parameter LicenseID to value 2756663
2026-06-21 21:21:40 - INFO - Set parameter LicenseID to value 2756663
Academic license 2756663 - for non-commercial use only - registered to hu___@sjtu.edu.cn
2026-06-21 21:21:40 - INFO - Academic license 2756663 - for non-commercial use only - registered to hu___@sjtu.edu.cn
EMIB_w_var: {(0, 1): <gurobi.Var *Awaiting Model Update*>, (0, 3): <gurobi.Var *Awaiting Model Update*>, (0, 4): <gurobi.Var *Awaiting Model Update*>, (1, 2): <gurobi.Var *Awaiting Model Update*>, (1, 5): <gurobi.Var *Awaiting Model Update*>, (2, 3): <gurobi.Var *Awaiting Model Update*>, (2, 6): <gurobi.Var *Awaiting Model Update*>, (3, 7): <gurobi.Var *Awaiting Model Update*>}
EMIB_h_var: {(0, 1): <gurobi.Var *Awaiting Model Update*>, (0, 3): <gurobi.Var *Awaiting Model Update*>, (0, 4): <gurobi.Var *Awaiting Model Update*>, (1, 2): <gurobi.Var *Awaiting Model Update*>, (1, 5): <gurobi.Var *Awaiting Model Update*>, (2, 3): <gurobi.Var *Awaiting Model Update*>, (2, 6): <gurobi.Var *Awaiting Model Update*>, (3, 7): <gurobi.Var *Awaiting Model Update*>}
EMIB_connected_pairs: {(0, 1): EMIBNode(node1='A', node2='B', wireCount=256, EMIBType='interfaceB', EMIB_length=0.8533, EMIB_bump_width=1.0, EMIB_max_width=3.0, width=2.0, height=0.8533), (0, 3): EMIBNode(node1='A', node2='D', wireCount=256, EMIBType='interfaceB', EMIB_length=0.8533, EMIB_bump_width=1.0, EMIB_max_width=3.0, width=2.0, height=0.8533), (0, 4): EMIBNode(node1='A', node2='E', wireCount=1024, EMIBType='interfaceB', EMIB_length=3.4133, EMIB_bump_width=1.0, EMIB_max_width=3.0, width=2.0, height=3.4133), (1, 2): EMIBNode(node1='B', node2='C', wireCount=256, EMIBType='interfaceB', EMIB_length=0.8533, EMIB_bump_width=1.0, EMIB_max_width=3.0, width=2.0, height=0.8533), (1, 5): EMIBNode(node1='B', node2='F', wireCount=1024, EMIBType='interfaceB', EMIB_length=3.4133, EMIB_bump_width=1.0, EMIB_max_width=3.0, width=2.0, height=3.4133), (2, 3): EMIBNode(node1='C', node2='D', wireCount=256, EMIBType='interfaceB', EMIB_length=0.8533, EMIB_bump_width=1.0, EMIB_max_width=3.0, width=2.0, height=0.8533), (2, 6): EMIBNode(node1='C', node2='G', wireCount=1024, EMIBType='interfaceB', EMIB_length=3.4133, EMIB_bump_width=1.0, EMIB_max_width=3.0, width=2.0, height=3.4133), (3, 7): EMIBNode(node1='D', node2='H', wireCount=1024, EMIBType='interfaceB', EMIB_length=3.4133, EMIB_bump_width=1.0, EMIB_max_width=3.0, width=2.0, height=3.4133)}
[POWER_AWARE] Mutual Distancing: ENABLED
[POWER_AWARE] Central Avoidance: ENABLED
[POWER_AWARE] Power Aware Optimization: ENABLED
[POWER_AWARE] Selected high-power chiplets: 4 (density threshold: 2.0202020202020203)
[POWER_AWARE] High-power chiplet indices: [0, 1, 2, 3]
[POWER_AWARE] Mutual Distancing: Creating constraints for 4 high-power chiplets
[POWER_AWARE] Mutual Distancing: Added distance constraints for all high-power pairs
[POWER_AWARE] Central Avoidance: Creating away-from-center constraints for 4 high-power chiplets
[DEBUG] chiplet 0 in top 30% power density, add away-from-center constraint
[DEBUG] chiplet 1 in top 30% power density, add away-from-center constraint
[DEBUG] chiplet 2 in top 30% power density, add away-from-center constraint
[DEBUG] chiplet 3 in top 30% power density, add away-from-center constraint
[POWER_AWARE] Central Avoidance: Added away-from-center constraints for 4 high-power chiplets
[DEBUG] L_avg: 24.561148181630273
[DEBUG] total_area: 603.25
[POWER_AWARE] Normalization factor calculation:
[POWER_AWARE]   - High-power chiplets: 4
[POWER_AWARE]   - Mutual Distancing enabled: True
[POWER_AWARE]   - Central Avoidance enabled: True
[POWER_AWARE]   - pair_sum (MD): 1.350000e+05
[POWER_AWARE]   - self_sum (CA): 9.000000e+04
[POWER_AWARE]   - total_sum (pair + self): 2.250000e+05
[POWER_AWARE]   - ref_power: 2.763129e+06
[DEBUG] ref_wirelength: 62876.5393449735
[DEBUG] ref_t: 49.122296363260546
[DEBUG] ref_power: 2763129.170433406
[DEBUG] ref_aspect: 3.0

================================================================================
[OBJECTIVE FUNCTION DETAILS]
================================================================================

[Normalization Reference Values]
  ref_wirelength: 6.287654e+04
  ref_t (area proxy): 4.912230e+01
  ref_power: 2.763129e+06
  ref_aspect: 3.000000e+00

[Beta Weights]
  beta_wire: 5.000000e+00
  beta_area: 6.000000e+00
  beta_aspect: 1.000000e-01
  beta_power: 3.000000e-01

[Objective Function Components]
  1. Wirelength term:
     norm_wirelength = wirelength / ref_wirelength
     contribution = beta_wire * norm_wirelength = 5.0 * norm_wirelength
  2. Area term:
     norm_t = t / ref_t
     contribution = beta_area * norm_t = 6.0 * norm_t
  3. Aspect Ratio term:
     norm_aspect = aspect_ratio_penalty / ref_aspect
     contribution = beta_aspect * norm_aspect = 0.1 * norm_aspect
  4. Power Awareness term:
     norm_power = power_aware_penalty / ref_power
     contribution = - beta_power * norm_power = - 0.3 * norm_power

[Objective Function Formula]
  minimize: 5.0 * wirelength/ref_wirelength
          + 6.0 * t/ref_t
          + 0.1 * aspect_ratio_penalty/ref_aspect
          - 0.3 * power_aware_penalty/ref_power
================================================================================


[EMIB] ILP Model construction completed. Analyzing model structure...
================================================================================
ILP MODEL ANALYSIS REPORT - Chiplet Placement ILP (Construction Complete)
Generated: 2026-06-21 21:21:40
================================================================================

[MODEL STRUCTURE]
  Constraints (rows):                      0
  Variables (columns):                     0
  Non-zero elements:                       0
  Objective coefficients:                  0

[VARIABLE TYPES]
  Continuous:                              0
  Integer:                                 0
  Binary:                                  0

[CONSTRAINT TYPES]

[COEFFICIENT STATISTICS]

[SOLVE STATISTICS]
  Status:                    Unknown(1)
  Solve time (s):                       0.00
  Solutions found:                         0
  Nodes explored:            (not available)
  Simplex iterations:        (not available)

[MEMORY USAGE]
  Initial memory:                     96.40 MB
  Peak memory:                         0.00 MB
  Final memory:                        0.00 MB
  Peak increase:                     -96.40 MB
  Final increase:                    -96.40 MB

================================================================================
Set parameter TimeLimit to value 300
2026-06-21 21:21:40 - INFO - Set parameter TimeLimit to value 300
Set parameter MIPGap to value 0
2026-06-21 21:21:40 - INFO - Set parameter MIPGap to value 0
Set parameter MIPFocus to value 3
2026-06-21 21:21:40 - INFO - Set parameter MIPFocus to value 3
Set parameter Heuristics to value 0.5
2026-06-21 21:21:40 - INFO - Set parameter Heuristics to value 0.5
Set parameter LogToConsole to value 1
2026-06-21 21:21:40 - INFO - Set parameter LogToConsole to value 1
Gurobi Optimizer version 13.0.1 build v13.0.1rc0 (linux64 - "Ubuntu 20.04.6 LTS")
2026-06-21 21:21:40 - INFO - Gurobi Optimizer version 13.0.1 build v13.0.1rc0 (linux64 - "Ubuntu 20.04.6 LTS")

2026-06-21 21:21:40 - INFO - 
CPU model: AMD Ryzen 9 9950X3D 16-Core Processor, instruction set [SSE2|AVX|AVX2|AVX512]
2026-06-21 21:21:40 - INFO - CPU model: AMD Ryzen 9 9950X3D 16-Core Processor, instruction set [SSE2|AVX|AVX2|AVX512]
Thread count: 14 physical cores, 28 logical processors, using up to 28 threads
2026-06-21 21:21:40 - INFO - Thread count: 14 physical cores, 28 logical processors, using up to 28 threads

2026-06-21 21:21:40 - INFO - 
Non-default parameters:
2026-06-21 21:21:40 - INFO - Non-default parameters:
TimeLimit  300
2026-06-21 21:21:40 - INFO - TimeLimit  300
MIPGap  0
2026-06-21 21:21:40 - INFO - MIPGap  0
Heuristics  0.5
2026-06-21 21:21:40 - INFO - Heuristics  0.5
MIPFocus  3
2026-06-21 21:21:40 - INFO - MIPFocus  3

2026-06-21 21:21:40 - INFO - 
Academic license 2756663 - for non-commercial use only - registered to hu___@sjtu.edu.cn
2026-06-21 21:21:40 - INFO - Academic license 2756663 - for non-commercial use only - registered to hu___@sjtu.edu.cn
Optimize a model with 1063 rows, 498 columns and 3539 nonzeros (Min)
2026-06-21 21:21:40 - INFO - Optimize a model with 1063 rows, 498 columns and 3539 nonzeros (Min)
Model fingerprint: 0xfd012f87
2026-06-21 21:21:40 - INFO - Model fingerprint: 0xfd012f87
Model has 4 linear objective coefficients
2026-06-21 21:21:40 - INFO - Model has 4 linear objective coefficients
Variable types: 222 continuous, 276 integer (276 binary)
2026-06-21 21:21:40 - INFO - Variable types: 222 continuous, 276 integer (276 binary)
Coefficient statistics:
2026-06-21 21:21:40 - INFO - Coefficient statistics:
  Matrix range     [5e-01, 2e+04]
2026-06-21 21:21:40 - INFO -   Matrix range     [5e-01, 2e+04]
  Objective range  [1e-07, 1e-01]
2026-06-21 21:21:40 - INFO -   Objective range  [1e-07, 1e-01]
  Bounds range     [9e-01, 7e+06]
2026-06-21 21:21:40 - INFO -   Bounds range     [9e-01, 7e+06]
  RHS range        [9e-01, 2e+02]
2026-06-21 21:21:40 - INFO -   RHS range        [9e-01, 2e+02]

2026-06-21 21:21:40 - INFO - 
Presolve removed 101 rows and 89 columns
2026-06-21 21:21:40 - INFO - Presolve removed 101 rows and 89 columns
Presolve time: 0.01s
2026-06-21 21:21:40 - INFO - Presolve time: 0.01s
Presolved: 962 rows, 409 columns, 3126 nonzeros
2026-06-21 21:21:40 - INFO - Presolved: 962 rows, 409 columns, 3126 nonzeros
Variable types: 153 continuous, 256 integer (256 binary)
2026-06-21 21:21:40 - INFO - Variable types: 153 continuous, 256 integer (256 binary)
Root relaxation presolve removed 218 rows and 78 columns
2026-06-21 21:21:40 - INFO - Root relaxation presolve removed 218 rows and 78 columns
Root relaxation presolved: 744 rows, 343 columns, 2608 nonzeros
2026-06-21 21:21:40 - INFO - Root relaxation presolved: 744 rows, 343 columns, 2608 nonzeros

2026-06-21 21:21:40 - INFO - 

2026-06-21 21:21:40 - INFO - 
Root relaxation: objective -3.012074e+00, 195 iterations, 0.00 seconds (0.00 work units)
2026-06-21 21:21:40 - INFO - Root relaxation: objective -3.012074e+00, 195 iterations, 0.00 seconds (0.00 work units)

2026-06-21 21:21:40 - INFO - 
    Nodes    |    Current Node    |     Objective Bounds      |     Work
2026-06-21 21:21:40 - INFO -     Nodes    |    Current Node    |     Objective Bounds      |     Work
 Expl Unexpl |  Obj  Depth IntInf | Incumbent    BestBd   Gap | It/Node Time
2026-06-21 21:21:40 - INFO -  Expl Unexpl |  Obj  Depth IntInf | Incumbent    BestBd   Gap | It/Node Time

2026-06-21 21:21:40 - INFO - 
     0     0   -3.01207    0  120          -   -3.01207      -     -    0s
2026-06-21 21:21:40 - INFO -      0     0   -3.01207    0  120          -   -3.01207      -     -    0s
H    0     0                      14.7860624   -2.30425   116%     -    0s
2026-06-21 21:21:40 - INFO - H    0     0                      14.7860624   -2.30425   116%     -    0s
     0     0   -2.06851    0  151   14.78606   -2.06851   114%     -    0s
2026-06-21 21:21:40 - INFO -      0     0   -2.06851    0  151   14.78606   -2.06851   114%     -    0s
     0     0   -2.06851    0  151   14.78606   -2.06851   114%     -    0s
2026-06-21 21:21:40 - INFO -      0     0   -2.06851    0  151   14.78606   -2.06851   114%     -    0s
     0     0   -2.06851    0  131   14.78606   -2.06851   114%     -    0s
2026-06-21 21:21:40 - INFO -      0     0   -2.06851    0  131   14.78606   -2.06851   114%     -    0s
     0     0    0.77542    0  141   14.78606    0.77542  94.8%     -    0s
2026-06-21 21:21:40 - INFO -      0     0    0.77542    0  141   14.78606    0.77542  94.8%     -    0s
     0     0    1.40660    0  138   14.78606    1.40660  90.5%     -    0s
2026-06-21 21:21:40 - INFO -      0     0    1.40660    0  138   14.78606    1.40660  90.5%     -    0s
     0     0    1.40660    0  137   14.78606    1.40660  90.5%     -    0s
2026-06-21 21:21:40 - INFO -      0     0    1.40660    0  137   14.78606    1.40660  90.5%     -    0s
     0     0    1.40660    0  119   14.78606    1.40660  90.5%     -    0s
2026-06-21 21:21:40 - INFO -      0     0    1.40660    0  119   14.78606    1.40660  90.5%     -    0s
H    0     0                      11.5286226    1.63418  85.8%     -    0s
2026-06-21 21:21:40 - INFO - H    0     0                      11.5286226    1.63418  85.8%     -    0s
H    0     0                      10.1052872    1.63418  83.8%     -    0s
2026-06-21 21:21:40 - INFO - H    0     0                      10.1052872    1.63418  83.8%     -    0s
H    0     0                      10.0593376    1.63418  83.8%     -    0s
2026-06-21 21:21:40 - INFO - H    0     0                      10.0593376    1.63418  83.8%     -    0s
H    0     0                      10.0556784    1.63418  83.7%     -    0s
2026-06-21 21:21:40 - INFO - H    0     0                      10.0556784    1.63418  83.7%     -    0s
H    0     0                      10.0524346    1.63418  83.7%     -    0s
2026-06-21 21:21:40 - INFO - H    0     0                      10.0524346    1.63418  83.7%     -    0s
     0     0    1.63418    0  126   10.05243    1.63418  83.7%     -    0s
2026-06-21 21:21:40 - INFO -      0     0    1.63418    0  126   10.05243    1.63418  83.7%     -    0s
     0     0    2.61120    0  143   10.05243    2.61120  74.0%     -    0s
2026-06-21 21:21:40 - INFO -      0     0    2.61120    0  143   10.05243    2.61120  74.0%     -    0s
     0     0    2.61120    0  143   10.05243    2.61120  74.0%     -    0s
2026-06-21 21:21:40 - INFO -      0     0    2.61120    0  143   10.05243    2.61120  74.0%     -    0s
     0     0    2.61120    0  133   10.05243    2.61120  74.0%     -    0s
2026-06-21 21:21:41 - INFO -      0     0    2.61120    0  133   10.05243    2.61120  74.0%     -    0s
H    0     0                       9.9758424    2.97324  70.2%     -    0s
2026-06-21 21:21:41 - INFO - H    0     0                       9.9758424    2.97324  70.2%     -    0s
     0     0    2.97324    0  135    9.97584    2.97324  70.2%     -    0s
2026-06-21 21:21:41 - INFO -      0     0    2.97324    0  135    9.97584    2.97324  70.2%     -    0s
     0     0    2.97344    0  154    9.97584    2.97344  70.2%     -    0s
2026-06-21 21:21:41 - INFO -      0     0    2.97344    0  154    9.97584    2.97344  70.2%     -    0s
     0     0    2.97344    0  154    9.97584    2.97344  70.2%     -    0s
2026-06-21 21:21:41 - INFO -      0     0    2.97344    0  154    9.97584    2.97344  70.2%     -    0s
     0     0    2.97344    0  136    9.97584    2.97344  70.2%     -    0s
2026-06-21 21:21:41 - INFO -      0     0    2.97344    0  136    9.97584    2.97344  70.2%     -    0s
H    0     0                       9.9572521    3.00328  69.8%     -    0s
2026-06-21 21:21:41 - INFO - H    0     0                       9.9572521    3.00328  69.8%     -    0s
H    0     0                       9.9470734    3.00328  69.8%     -    0s
2026-06-21 21:21:41 - INFO - H    0     0                       9.9470734    3.00328  69.8%     -    0s
     0     0    3.00328    0  146    9.94707    3.00328  69.8%     -    0s
2026-06-21 21:21:41 - INFO -      0     0    3.00328    0  146    9.94707    3.00328  69.8%     -    0s
     0     0    3.00446    0  143    9.94707    3.00446  69.8%     -    0s
2026-06-21 21:21:41 - INFO -      0     0    3.00446    0  143    9.94707    3.00446  69.8%     -    0s
     0     0    3.00455    0  156    9.94707    3.00455  69.8%     -    0s
2026-06-21 21:21:41 - INFO -      0     0    3.00455    0  156    9.94707    3.00455  69.8%     -    0s
     0     0    3.02232    0  166    9.94707    3.02232  69.6%     -    0s
2026-06-21 21:21:41 - INFO -      0     0    3.02232    0  166    9.94707    3.02232  69.6%     -    0s
     0     0    3.02505    0  166    9.94707    3.02505  69.6%     -    0s
2026-06-21 21:21:41 - INFO -      0     0    3.02505    0  166    9.94707    3.02505  69.6%     -    0s
     0     0    3.02513    0  168    9.94707    3.02513  69.6%     -    0s
2026-06-21 21:21:41 - INFO -      0     0    3.02513    0  168    9.94707    3.02513  69.6%     -    0s
     0     0    3.65339    0  152    9.94707    3.65339  63.3%     -    0s
2026-06-21 21:21:41 - INFO -      0     0    3.65339    0  152    9.94707    3.65339  63.3%     -    0s
     0     0    3.65339    0  148    9.94707    3.65339  63.3%     -    0s
2026-06-21 21:21:41 - INFO -      0     0    3.65339    0  148    9.94707    3.65339  63.3%     -    0s
     0     0    3.65339    0  130    9.94707    3.65339  63.3%     -    0s
2026-06-21 21:21:41 - INFO -      0     0    3.65339    0  130    9.94707    3.65339  63.3%     -    0s
H    0     0                       9.9452412    3.70401  62.8%     -    1s
2026-06-21 21:21:41 - INFO - H    0     0                       9.9452412    3.70401  62.8%     -    1s
     0     0    3.70401    0  136    9.94524    3.70401  62.8%     -    1s
2026-06-21 21:21:41 - INFO -      0     0    3.70401    0  136    9.94524    3.70401  62.8%     -    1s
     0     0    3.74909    0  146    9.94524    3.74909  62.3%     -    1s
2026-06-21 21:21:41 - INFO -      0     0    3.74909    0  146    9.94524    3.74909  62.3%     -    1s
     0     0    3.77416    0  158    9.94524    3.77416  62.1%     -    1s
2026-06-21 21:21:41 - INFO -      0     0    3.77416    0  158    9.94524    3.77416  62.1%     -    1s
     0     0    3.81177    0  165    9.94524    3.81177  61.7%     -    1s
2026-06-21 21:21:41 - INFO -      0     0    3.81177    0  165    9.94524    3.81177  61.7%     -    1s
     0     0    3.83555    0  165    9.94524    3.83555  61.4%     -    1s
2026-06-21 21:21:41 - INFO -      0     0    3.83555    0  165    9.94524    3.83555  61.4%     -    1s
     0     0    3.83866    0  164    9.94524    3.83866  61.4%     -    1s
2026-06-21 21:21:41 - INFO -      0     0    3.83866    0  164    9.94524    3.83866  61.4%     -    1s
     0     0    3.83883    0  162    9.94524    3.83883  61.4%     -    1s
2026-06-21 21:21:41 - INFO -      0     0    3.83883    0  162    9.94524    3.83883  61.4%     -    1s
     0     0    3.93460    0  171    9.94524    3.93460  60.4%     -    1s
2026-06-21 21:21:41 - INFO -      0     0    3.93460    0  171    9.94524    3.93460  60.4%     -    1s
     0     0    3.93460    0  169    9.94524    3.93460  60.4%     -    1s
2026-06-21 21:21:41 - INFO -      0     0    3.93460    0  169    9.94524    3.93460  60.4%     -    1s
     0     0    3.93460    0  160    9.94524    3.93460  60.4%     -    1s
2026-06-21 21:21:41 - INFO -      0     0    3.93460    0  160    9.94524    3.93460  60.4%     -    1s
H    0     0                       9.9417638    3.96450  60.1%     -    1s
2026-06-21 21:21:41 - INFO - H    0     0                       9.9417638    3.96450  60.1%     -    1s
H    0     0                       9.9355100    3.96450  60.1%     -    1s
2026-06-21 21:21:41 - INFO - H    0     0                       9.9355100    3.96450  60.1%     -    1s
     0     0    3.96450    0  164    9.93551    3.96450  60.1%     -    1s
2026-06-21 21:21:41 - INFO -      0     0    3.96450    0  164    9.93551    3.96450  60.1%     -    1s
     0     0    3.98857    0  168    9.93551    3.98857  59.9%     -    1s
2026-06-21 21:21:41 - INFO -      0     0    3.98857    0  168    9.93551    3.98857  59.9%     -    1s
     0     0    3.99580    0  180    9.93551    3.99580  59.8%     -    1s
2026-06-21 21:21:41 - INFO -      0     0    3.99580    0  180    9.93551    3.99580  59.8%     -    1s
     0     0    4.00112    0  191    9.93551    4.00112  59.7%     -    1s
2026-06-21 21:21:41 - INFO -      0     0    4.00112    0  191    9.93551    4.00112  59.7%     -    1s
     0     0    4.00894    0  178    9.93551    4.00894  59.7%     -    1s
2026-06-21 21:21:41 - INFO -      0     0    4.00894    0  178    9.93551    4.00894  59.7%     -    1s
     0     0    4.01497    0  196    9.93551    4.01497  59.6%     -    1s
2026-06-21 21:21:41 - INFO -      0     0    4.01497    0  196    9.93551    4.01497  59.6%     -    1s
     0     0    4.01536    0  194    9.93551    4.01536  59.6%     -    1s
2026-06-21 21:21:41 - INFO -      0     0    4.01536    0  194    9.93551    4.01536  59.6%     -    1s
     0     0    4.05754    0  181    9.93551    4.05754  59.2%     -    1s
2026-06-21 21:21:41 - INFO -      0     0    4.05754    0  181    9.93551    4.05754  59.2%     -    1s
     0     0    4.05754    0  161    9.93551    4.05754  59.2%     -    1s
2026-06-21 21:21:41 - INFO -      0     0    4.05754    0  161    9.93551    4.05754  59.2%     -    1s
H    0     0                       9.8633205    4.09515  58.5%     -    1s
2026-06-21 21:21:41 - INFO - H    0     0                       9.8633205    4.09515  58.5%     -    1s
     0     0    4.09515    0  165    9.86332    4.09515  58.5%     -    1s
2026-06-21 21:21:41 - INFO -      0     0    4.09515    0  165    9.86332    4.09515  58.5%     -    1s
     0     0    4.10288    0  178    9.86332    4.10288  58.4%     -    1s
2026-06-21 21:21:41 - INFO -      0     0    4.10288    0  178    9.86332    4.10288  58.4%     -    1s
     0     0    4.10518    0  177    9.86332    4.10518  58.4%     -    1s
2026-06-21 21:21:41 - INFO -      0     0    4.10518    0  177    9.86332    4.10518  58.4%     -    1s
     0     0    4.14473    0  174    9.86332    4.14473  58.0%     -    1s
2026-06-21 21:21:42 - INFO -      0     0    4.14473    0  174    9.86332    4.14473  58.0%     -    1s
     0     0    4.14473    0  174    9.86332    4.14473  58.0%     -    1s
2026-06-21 21:21:42 - INFO -      0     0    4.14473    0  174    9.86332    4.14473  58.0%     -    1s
     0     0    4.14897    0  174    9.86332    4.14897  57.9%     -    1s
2026-06-21 21:21:42 - INFO -      0     0    4.14897    0  174    9.86332    4.14897  57.9%     -    1s
     0     0    4.28853    0  176    9.86332    4.28853  56.5%     -    1s
2026-06-21 21:21:42 - INFO -      0     0    4.28853    0  176    9.86332    4.28853  56.5%     -    1s
     0     0    4.28853    0  175    9.86332    4.28853  56.5%     -    1s
2026-06-21 21:21:42 - INFO -      0     0    4.28853    0  175    9.86332    4.28853  56.5%     -    1s
     0     0    4.32187    0  187    9.86332    4.32187  56.2%     -    1s
2026-06-21 21:21:42 - INFO -      0     0    4.32187    0  187    9.86332    4.32187  56.2%     -    1s
     0     0    4.35312    0  181    9.86332    4.35312  55.9%     -    1s
2026-06-21 21:21:42 - INFO -      0     0    4.35312    0  181    9.86332    4.35312  55.9%     -    1s
     0     0    4.36014    0  183    9.86332    4.36014  55.8%     -    1s
2026-06-21 21:21:42 - INFO -      0     0    4.36014    0  183    9.86332    4.36014  55.8%     -    1s
     0     0    4.36124    0  187    9.86332    4.36124  55.8%     -    1s
2026-06-21 21:21:42 - INFO -      0     0    4.36124    0  187    9.86332    4.36124  55.8%     -    1s
     0     0    4.46570    0  195    9.86332    4.46570  54.7%     -    2s
2026-06-21 21:21:42 - INFO -      0     0    4.46570    0  195    9.86332    4.46570  54.7%     -    2s
     0     0    4.46570    0  182    9.86332    4.46570  54.7%     -    2s
2026-06-21 21:21:42 - INFO -      0     0    4.46570    0  182    9.86332    4.46570  54.7%     -    2s
     0     0    4.48268    0  191    9.86332    4.48268  54.6%     -    2s
2026-06-21 21:21:42 - INFO -      0     0    4.48268    0  191    9.86332    4.48268  54.6%     -    2s
     0     0    4.48820    0  195    9.86332    4.48820  54.5%     -    2s
2026-06-21 21:21:42 - INFO -      0     0    4.48820    0  195    9.86332    4.48820  54.5%     -    2s
     0     0    4.48934    0  201    9.86332    4.48934  54.5%     -    2s
2026-06-21 21:21:42 - INFO -      0     0    4.48934    0  201    9.86332    4.48934  54.5%     -    2s
     0     0    4.50236    0  197    9.86332    4.50236  54.4%     -    2s
2026-06-21 21:21:42 - INFO -      0     0    4.50236    0  197    9.86332    4.50236  54.4%     -    2s
     0     0    4.50236    0  197    9.86332    4.50236  54.4%     -    2s
2026-06-21 21:21:42 - INFO -      0     0    4.50236    0  197    9.86332    4.50236  54.4%     -    2s
     0     0    4.50236    0  178    9.86332    4.50236  54.4%     -    2s
2026-06-21 21:21:42 - INFO -      0     0    4.50236    0  178    9.86332    4.50236  54.4%     -    2s
     0     0    4.50236    0  173    9.86332    4.50236  54.4%     -    2s
2026-06-21 21:21:42 - INFO -      0     0    4.50236    0  173    9.86332    4.50236  54.4%     -    2s
     0     0    4.50236    0  173    9.86332    4.50236  54.4%     -    2s
2026-06-21 21:21:42 - INFO -      0     0    4.50236    0  173    9.86332    4.50236  54.4%     -    2s
     0     2    4.50236    0  167    9.86332    4.50236  54.4%     -    2s
2026-06-21 21:21:43 - INFO -      0     2    4.50236    0  167    9.86332    4.50236  54.4%     -    2s
H  250   265                       8.9792786    5.32828  40.7%   120    3s
2026-06-21 21:21:43 - INFO - H  250   265                       8.9792786    5.32828  40.7%   120    3s
H  302   308                       8.9791776    5.38894  40.0%   135    3s
2026-06-21 21:21:43 - INFO - H  302   308                       8.9791776    5.38894  40.0%   135    3s
H  316   322                       8.9791678    5.41111  39.7%   138    3s
2026-06-21 21:21:44 - INFO - H  316   322                       8.9791678    5.41111  39.7%   138    3s
H  379   392                       8.9298102    5.48193  38.6%   152    3s
2026-06-21 21:21:44 - INFO - H  379   392                       8.9298102    5.48193  38.6%   152    3s
H  473   485                       8.9182677    5.57867  37.4%   159    4s
2026-06-21 21:21:44 - INFO - H  473   485                       8.9182677    5.57867  37.4%   159    4s
  1929  1898    6.01029    9  141    8.91827    5.74035  35.6%  96.1    5s
2026-06-21 21:21:45 - INFO -   1929  1898    6.01029    9  141    8.91827    5.74035  35.6%  96.1    5s
H 1956  1912                       8.8625142    5.75753  35.0%  97.4    5s
2026-06-21 21:21:45 - INFO - H 1956  1912                       8.8625142    5.75753  35.0%  97.4    5s
H 1966  1821                       8.8625142    5.75771  35.0%  97.0    5s
2026-06-21 21:21:46 - INFO - H 1966  1821                       8.8625142    5.75771  35.0%  97.0    5s
H 1968  1732                       8.8625142    5.75771  35.0%  96.9    6s
2026-06-21 21:21:46 - INFO - H 1968  1732                       8.8625142    5.75771  35.0%  96.9    6s
H 1972  1647                       8.8372693    5.75771  34.8%  96.7    6s
2026-06-21 21:21:47 - INFO - H 1972  1647                       8.8372693    5.75771  34.8%  96.7    6s
H 1972  1564                       8.8270906    5.75771  34.8%  96.7    6s
2026-06-21 21:21:47 - INFO - H 1972  1564                       8.8270906    5.75771  34.8%  96.7    6s
  2007  1589    6.69846    9  166    8.82709    6.22041  29.5%   100   10s
2026-06-21 21:21:50 - INFO -   2007  1589    6.69846    9  166    8.82709    6.22041  29.5%   100   10s
H 2659  1945                       8.8270905    6.72952  23.8%   116   12s
2026-06-21 21:21:52 - INFO - H 2659  1945                       8.8270905    6.72952  23.8%   116   12s
H 3418  2350                       8.8270890    6.87028  22.2%   119   12s
2026-06-21 21:21:53 - INFO - H 3418  2350                       8.8270890    6.87028  22.2%   119   12s
  4557  2957    7.62251   32   86    8.82709    7.05591  20.1%   126   15s
2026-06-21 21:21:55 - INFO -   4557  2957    7.62251   32   86    8.82709    7.05591  20.1%   126   15s
 15022  8166    7.86932   35   63    8.82709    7.86850  10.9%   108   20s
2026-06-21 21:22:00 - INFO -  15022  8166    7.86932   35   63    8.82709    7.86850  10.9%   108   20s
H19951  8879                       8.8270876    8.04518  8.86%  99.4   24s
2026-06-21 21:22:05 - INFO - H19951  8879                       8.8270876    8.04518  8.86%  99.4   24s
 22060  9221    8.19729   39   55    8.82709    8.14725  7.70%  96.8   25s
2026-06-21 21:22:05 - INFO -  22060  9221    8.19729   39   55    8.82709    8.14725  7.70%  96.8   25s
 41103  9749 infeasible   40         8.82709    8.44930  4.28%  71.1   30s
2026-06-21 21:22:10 - INFO -  41103  9749 infeasible   40         8.82709    8.44930  4.28%  71.1   30s
 59519  9909    8.65728   41   27    8.82709    8.63583  2.17%  57.1   35s
2026-06-21 21:22:15 - INFO -  59519  9909    8.65728   41   27    8.82709    8.63583  2.17%  57.1   35s
 85393  5061     cutoff   41         8.82709    8.79412  0.37%  44.9   40s
2026-06-21 21:22:20 - INFO -  85393  5061     cutoff   41         8.82709    8.79412  0.37%  44.9   40s

2026-06-21 21:22:24 - INFO - 
Cutting planes:
2026-06-21 21:22:24 - INFO - Cutting planes:
  Learned: 136
2026-06-21 21:22:24 - INFO -   Learned: 136
  Gomory: 144
2026-06-21 21:22:24 - INFO -   Gomory: 144
  Lift-and-project: 56
2026-06-21 21:22:24 - INFO -   Lift-and-project: 56
  Cover: 606
2026-06-21 21:22:24 - INFO -   Cover: 606
  Implied bound: 26
2026-06-21 21:22:24 - INFO -   Implied bound: 26
  Clique: 5
2026-06-21 21:22:24 - INFO -   Clique: 5
  MIR: 265
2026-06-21 21:22:24 - INFO -   MIR: 265
  Mixing: 29
2026-06-21 21:22:24 - INFO -   Mixing: 29
  Flow cover: 1206
2026-06-21 21:22:24 - INFO -   Flow cover: 1206
  Inf proof: 614
2026-06-21 21:22:24 - INFO -   Inf proof: 614
  Zero half: 70
2026-06-21 21:22:24 - INFO -   Zero half: 70
  RLT: 23
2026-06-21 21:22:24 - INFO -   RLT: 23
  Relax-and-lift: 168
2026-06-21 21:22:24 - INFO -   Relax-and-lift: 168

2026-06-21 21:22:24 - INFO - 
Explored 93614 nodes (3918646 simplex iterations) in 44.53 seconds (66.82 work units)
2026-06-21 21:22:24 - INFO - Explored 93614 nodes (3918646 simplex iterations) in 44.53 seconds (66.82 work units)
Thread count was 28 (of 28 available processors)
2026-06-21 21:22:24 - INFO - Thread count was 28 (of 28 available processors)

2026-06-21 21:22:24 - INFO - 
Solution count 10: 8.82709 8.82709 8.82709 ... 8.97917
2026-06-21 21:22:24 - INFO - Solution count 10: 8.82709 8.82709 8.82709 ... 8.97917

2026-06-21 21:22:24 - INFO - 
Optimal solution found (tolerance 0.00e+00)
2026-06-21 21:22:24 - INFO - Optimal solution found (tolerance 0.00e+00)
Best objective 8.827087648324e+00, best bound 8.827087648324e+00, gap 0.0000%
2026-06-21 21:22:24 - INFO - Best objective 8.827087648324e+00, best bound 8.827087648324e+00, gap 0.0000%
[EMIB] Solve done: MIPGap=0.0, status=Optimal, Obj=8.827088, time=44.54s, SolCount=10


================================================================================
ILP MODEL ANALYSIS REPORT - Chiplet Placement ILP (Gap=0.0)
Generated: 2026-06-21 21:22:25
================================================================================

[MODEL STRUCTURE]
  Constraints (rows):                   1063
  Variables (columns):                   498
  Non-zero elements:                    3539
  Objective coefficients:                  4

[VARIABLE TYPES]
  Continuous:                            222
  Integer:                                 0
  Binary:                                276

[CONSTRAINT TYPES]
  <= constraints:                              556
  == constraints:                              164
  >= constraints:                              343

[COEFFICIENT STATISTICS]
  Matrix range:              [5.00e-01, 2.25e+04]
  Objective range:           [1.09e-07, 1.22e-01]
  Bounds range:              [-2.10e+02, 6.88e+06]

[SOLVE STATISTICS]
  Status:                    Optimal
  Objective value:                  8.827088
  Best bound:                       8.827088
  MIP gap:                           0.0000%
  Solve time (s):                      44.54
  Solutions found:                        10
  Nodes explored:                    93614.0
  Simplex iterations:              3918646.0

[MEMORY USAGE]
  Initial memory:                     97.15 MB
  Peak memory:                       517.89 MB
  Final memory:                      517.89 MB
  Peak increase:                     420.73 MB
  Final increase:                    420.73 MB

================================================================================

================================================================================
[OBJECTIVE FUNCTION BREAKDOWN - SOLUTION VALUES]
================================================================================

[Actual Variable Values]
  wirelength: 4.907689e+04
  bbox_area_proxy_t: 4.268264e+01
  aspect_ratio_penalty: 1.467000e-01
  power_aware_penalty: 2.706719e+06

[Normalized Values]
  norm_wirelength = 4.907689e+04 / 6.287654e+04 = 7.805278e-01
  norm_t = 4.268264e+01 / 4.912230e+01 = 8.689056e-01
  norm_aspect = 1.467000e-01 / 3.000000e+00 = 4.890000e-02
  norm_power = 2.706719e+06 / 2.763129e+06 = 9.795845e-01

[Weighted Contributions]
  1. Wirelength: 5.000000e+00 * 7.805278e-01 = 3.902639e+00
  2. Area: 6.000000e+00 * 8.689056e-01 = 5.213434e+00
  3. Aspect Ratio: 1.000000e-01 * 4.890000e-02 = 4.890000e-03
  4. Power Awareness: -3.000000e-01 * 9.795845e-01 = -2.938754e-01

[Total Objective Value]
  3.902639e+00 + 5.213434e+00 + 4.890000e-03 - 2.938754e-01
  = 8.827088e+00
================================================================================

[EMIB] Solve succeeded (Optimal)
[EMIB] placement JSON saved: /root/placement/MPDAP/output_gurobi_EMIB_chiplet_5_6_01_03/placement/sys_micro150.json
[EMIB] Layout figure saved: /root/placement/MPDAP/output_gurobi_EMIB_chiplet_5_6_01_03/fig/sys_micro150_core/solution_1_layout_gurobi.png
2026-06-21 21:22:27 - INFO - 
EMIB returned 1 solution(s) (max 1).
  ✓ EMIB: 1 solution(s)

================================================================================
Batch test done (Gurobi)
  Total time: 47.19 s
================================================================================
File summary:
  Success: 1/1
  Failed: 0/1
Solution count:
  Found: 1/1

Details:
  ✓ sys_micro150.json -> sys_micro150_core: 1 solution(s)
    Log dir: /root/placement/MPDAP/output_gurobi_EMIB_chiplet_5_6_01_03/log/sys_micro150_core
    LP dir: /root/placement/MPDAP/output_gurobi_EMIB_chiplet_5_6_01_03/lp/sys_micro150_core
    Fig dir: /root/placement/MPDAP/output_gurobi_EMIB_chiplet_5_6_01_03/fig/sys_micro150_core
    Placement: /root/placement/MPDAP/output_gurobi_EMIB_chiplet_5_6_01_03/placement/sys_micro150.json
================================================================================

