
================================================================================
Batch test start (Gurobi)
================================================================================
Test input dir: /root/placement/MPDAP/benchmark/test_input
Output base dir: /root/placement/MPDAP/output_gurobi_EMIB_chiplet_5_6_01_05
Found 1 test file(s)
Files to process: acend910.json
================================================================================


[1/1] Processing: acend910.json
  Core name: acend910_core
  Log dir: /root/placement/MPDAP/output_gurobi_EMIB_chiplet_5_6_01_05/log/acend910_core
  LP dir: /root/placement/MPDAP/output_gurobi_EMIB_chiplet_5_6_01_05/lp/acend910_core
  Fig dir: /root/placement/MPDAP/output_gurobi_EMIB_chiplet_5_6_01_05/fig/acend910_core
  Placement file: /root/placement/MPDAP/output_gurobi_EMIB_chiplet_5_6_01_05/placement/acend910.json
2026-06-21 20:39:43 - INFO - Calling EMIB solver (Gurobi)...
node 0 w: 14.5, h: 31.4
node 1 w: 10.5, h: 16.0
node 2 w: 7.75, h: 11.87
node 3 w: 7.75, h: 11.87
node 4 w: 7.75, h: 11.87
node 5 w: 7.75, h: 11.87
  (A,B): node1=A, node2=B, wireCount=200, EMIBType=interfaceC, EMIB_length=5.0, EMIB_max_width=99.0, width=1.0, height=5.0, bump_width=0.5000
  (A,C): node1=A, node2=C, wireCount=256, EMIBType=interfaceB, EMIB_length=0.8533, EMIB_max_width=3.0, width=2.0, height=0.8533, bump_width=1.0000
  (A,D): node1=A, node2=D, wireCount=256, EMIBType=interfaceB, EMIB_length=0.8533, EMIB_max_width=3.0, width=2.0, height=0.8533, bump_width=1.0000
  (A,E): node1=A, node2=E, wireCount=256, EMIBType=interfaceB, EMIB_length=0.8533, EMIB_max_width=3.0, width=2.0, height=0.8533, bump_width=1.0000
  (A,F): node1=A, node2=F, wireCount=256, EMIBType=interfaceB, EMIB_length=0.8533, EMIB_max_width=3.0, width=2.0, height=0.8533, bump_width=1.0000
  (0,1): [A, B, 200, interfaceC, 5.0, 99.0]
  (0,2): [A, C, 256, interfaceB, 0.8533, 3.0]
  (0,3): [A, D, 256, interfaceB, 0.8533, 3.0]
  (0,4): [A, E, 256, interfaceB, 0.8533, 3.0]
  (0,5): [A, F, 256, interfaceB, 0.8533, 3.0]
Set parameter WLSAccessID
2026-06-21 20:39:43 - INFO - Set parameter WLSAccessID
Set parameter WLSSecret
2026-06-21 20:39:43 - INFO - Set parameter WLSSecret
Set parameter LicenseID to value 2756663
2026-06-21 20:39:43 - INFO - Set parameter LicenseID to value 2756663
Academic license 2756663 - for non-commercial use only - registered to hu___@sjtu.edu.cn
2026-06-21 20:39:43 - INFO - Academic license 2756663 - for non-commercial use only - registered to hu___@sjtu.edu.cn
EMIB_w_var: {(0, 2): <gurobi.Var *Awaiting Model Update*>, (0, 3): <gurobi.Var *Awaiting Model Update*>, (0, 4): <gurobi.Var *Awaiting Model Update*>, (0, 5): <gurobi.Var *Awaiting Model Update*>}
EMIB_h_var: {(0, 2): <gurobi.Var *Awaiting Model Update*>, (0, 3): <gurobi.Var *Awaiting Model Update*>, (0, 4): <gurobi.Var *Awaiting Model Update*>, (0, 5): <gurobi.Var *Awaiting Model Update*>}
EMIB_connected_pairs: {(0, 2): EMIBNode(node1='A', node2='C', wireCount=256, EMIBType='interfaceB', EMIB_length=0.8533, EMIB_bump_width=1.0, EMIB_max_width=3.0, width=2.0, height=0.8533), (0, 3): EMIBNode(node1='A', node2='D', wireCount=256, EMIBType='interfaceB', EMIB_length=0.8533, EMIB_bump_width=1.0, EMIB_max_width=3.0, width=2.0, height=0.8533), (0, 4): EMIBNode(node1='A', node2='E', wireCount=256, EMIBType='interfaceB', EMIB_length=0.8533, EMIB_bump_width=1.0, EMIB_max_width=3.0, width=2.0, height=0.8533), (0, 5): EMIBNode(node1='A', node2='F', wireCount=256, EMIBType='interfaceB', EMIB_length=0.8533, EMIB_bump_width=1.0, EMIB_max_width=3.0, width=2.0, height=0.8533)}
[POWER_AWARE] Mutual Distancing: ENABLED
[POWER_AWARE] Central Avoidance: ENABLED
[POWER_AWARE] Power Aware Optimization: ENABLED
[POWER_AWARE] Selected high-power chiplets: 1 (density threshold: 0.562266637381946)
[POWER_AWARE] High-power chiplet indices: [0]
[POWER_AWARE] Mutual Distancing: NOT ADDED - Insufficient high-power chiplet pairs (found 1, need at least 2)
[POWER_AWARE] Central Avoidance: Creating away-from-center constraints for 1 high-power chiplets
[DEBUG] chiplet 0 in top 30% power density, add away-from-center constraint
[POWER_AWARE] Central Avoidance: Added away-from-center constraints for 1 high-power chiplets
[DEBUG] L_avg: 31.484440601668627
[DEBUG] total_area: 991.27
[POWER_AWARE] Normalization factor calculation:
[POWER_AWARE]   - High-power chiplets: 1
[POWER_AWARE]   - Mutual Distancing enabled: True
[POWER_AWARE]   - Central Avoidance enabled: True
[POWER_AWARE]   - pair_sum (MD): 0.000000e+00
[POWER_AWARE]   - self_sum (CA): 6.553600e+04
[POWER_AWARE]   - total_sum (pair + self): 6.553600e+04
[POWER_AWARE]   - ref_power: 1.031682e+06
[DEBUG] ref_wirelength: 19268.4776482212
[DEBUG] ref_t: 62.968881203337254
[DEBUG] ref_power: 1031682.1496354776
[DEBUG] ref_aspect: 38.88000000000001

================================================================================
[OBJECTIVE FUNCTION DETAILS]
================================================================================

[Normalization Reference Values]
  ref_wirelength: 1.926848e+04
  ref_t (area proxy): 6.296888e+01
  ref_power: 1.031682e+06
  ref_aspect: 3.888000e+01

[Beta Weights]
  beta_wire: 5.000000e+00
  beta_area: 6.000000e+00
  beta_aspect: 1.000000e-01
  beta_power: 5.000000e-01

[Objective Function Components]
  1. Wirelength term:
     norm_wirelength = wirelength / ref_wirelength
     contribution = beta_wire * norm_wirelength = 5.0 * norm_wirelength
  2. Area term:
     norm_t = t / ref_t
     contribution = beta_area * norm_t = 6.0 * norm_t
  3. Aspect Ratio term:
     norm_aspect = aspect_ratio_penalty / ref_aspect
     contribution = beta_aspect * norm_aspect = 0.1 * norm_aspect
  4. Power Awareness term:
     norm_power = power_aware_penalty / ref_power
     contribution = - beta_power * norm_power = - 0.5 * norm_power

[Objective Function Formula]
  minimize: 5.0 * wirelength/ref_wirelength
          + 6.0 * t/ref_t
          + 0.1 * aspect_ratio_penalty/ref_aspect
          - 0.5 * power_aware_penalty/ref_power
================================================================================


[EMIB] ILP Model construction completed. Analyzing model structure...
================================================================================
ILP MODEL ANALYSIS REPORT - Chiplet Placement ILP (Construction Complete)
Generated: 2026-06-21 20:39:43
================================================================================

[MODEL STRUCTURE]
  Constraints (rows):                      0
  Variables (columns):                     0
  Non-zero elements:                       0
  Objective coefficients:                  0

[VARIABLE TYPES]
  Continuous:                              0
  Integer:                                 0
  Binary:                                  0

[CONSTRAINT TYPES]

[COEFFICIENT STATISTICS]

[SOLVE STATISTICS]
  Status:                    Unknown(1)
  Solve time (s):                       0.00
  Solutions found:                         0
  Nodes explored:            (not available)
  Simplex iterations:        (not available)

[MEMORY USAGE]
  Initial memory:                     95.95 MB
  Peak memory:                         0.00 MB
  Final memory:                        0.00 MB
  Peak increase:                     -95.95 MB
  Final increase:                    -95.95 MB

================================================================================
Set parameter TimeLimit to value 300
2026-06-21 20:39:43 - INFO - Set parameter TimeLimit to value 300
Set parameter MIPGap to value 0
2026-06-21 20:39:43 - INFO - Set parameter MIPGap to value 0
Set parameter MIPFocus to value 3
2026-06-21 20:39:43 - INFO - Set parameter MIPFocus to value 3
Set parameter Heuristics to value 0.5
2026-06-21 20:39:43 - INFO - Set parameter Heuristics to value 0.5
Set parameter LogToConsole to value 1
2026-06-21 20:39:43 - INFO - Set parameter LogToConsole to value 1
Gurobi Optimizer version 13.0.1 build v13.0.1rc0 (linux64 - "Ubuntu 20.04.6 LTS")
2026-06-21 20:39:43 - INFO - Gurobi Optimizer version 13.0.1 build v13.0.1rc0 (linux64 - "Ubuntu 20.04.6 LTS")

2026-06-21 20:39:43 - INFO - 
CPU model: AMD Ryzen 9 9950X3D 16-Core Processor, instruction set [SSE2|AVX|AVX2|AVX512]
2026-06-21 20:39:43 - INFO - CPU model: AMD Ryzen 9 9950X3D 16-Core Processor, instruction set [SSE2|AVX|AVX2|AVX512]
Thread count: 14 physical cores, 28 logical processors, using up to 28 threads
2026-06-21 20:39:43 - INFO - Thread count: 14 physical cores, 28 logical processors, using up to 28 threads

2026-06-21 20:39:43 - INFO - 
Non-default parameters:
2026-06-21 20:39:43 - INFO - Non-default parameters:
TimeLimit  300
2026-06-21 20:39:43 - INFO - TimeLimit  300
MIPGap  0
2026-06-21 20:39:43 - INFO - MIPGap  0
Heuristics  0.5
2026-06-21 20:39:43 - INFO - Heuristics  0.5
MIPFocus  3
2026-06-21 20:39:43 - INFO - MIPFocus  3

2026-06-21 20:39:43 - INFO - 
Academic license 2756663 - for non-commercial use only - registered to hu___@sjtu.edu.cn
2026-06-21 20:39:43 - INFO - Academic license 2756663 - for non-commercial use only - registered to hu___@sjtu.edu.cn
Optimize a model with 519 rows, 251 columns and 1741 nonzeros (Min)
2026-06-21 20:39:43 - INFO - Optimize a model with 519 rows, 251 columns and 1741 nonzeros (Min)
Model fingerprint: 0x2485f302
2026-06-21 20:39:43 - INFO - Model fingerprint: 0x2485f302
Model has 4 linear objective coefficients
2026-06-21 20:39:43 - INFO - Model has 4 linear objective coefficients
Variable types: 113 continuous, 138 integer (138 binary)
2026-06-21 20:39:43 - INFO - Variable types: 113 continuous, 138 integer (138 binary)
Coefficient statistics:
2026-06-21 20:39:43 - INFO - Coefficient statistics:
  Matrix range     [5e-01, 7e+04]
2026-06-21 20:39:43 - INFO -   Matrix range     [5e-01, 7e+04]
  Objective range  [5e-07, 1e-01]
2026-06-21 20:39:43 - INFO -   Objective range  [5e-07, 1e-01]
  Bounds range     [9e-01, 6e+06]
2026-06-21 20:39:43 - INFO -   Bounds range     [9e-01, 6e+06]
  RHS range        [9e-01, 3e+02]
2026-06-21 20:39:43 - INFO -   RHS range        [9e-01, 3e+02]

2026-06-21 20:39:43 - INFO - 
Presolve removed 62 rows and 52 columns
2026-06-21 20:39:43 - INFO - Presolve removed 62 rows and 52 columns
Presolve time: 0.00s
2026-06-21 20:39:43 - INFO - Presolve time: 0.00s
Presolved: 457 rows, 199 columns, 1606 nonzeros
2026-06-21 20:39:43 - INFO - Presolved: 457 rows, 199 columns, 1606 nonzeros
Variable types: 69 continuous, 130 integer (130 binary)
2026-06-21 20:39:43 - INFO - Variable types: 69 continuous, 130 integer (130 binary)
Root relaxation presolve removed 30 rows and 8 columns
2026-06-21 20:39:43 - INFO - Root relaxation presolve removed 30 rows and 8 columns
Root relaxation presolved: 427 rows, 199 columns, 1542 nonzeros
2026-06-21 20:39:43 - INFO - Root relaxation presolved: 427 rows, 199 columns, 1542 nonzeros

2026-06-21 20:39:43 - INFO - 

2026-06-21 20:39:43 - INFO - 
Root relaxation: objective -4.155703e+00, 115 iterations, 0.00 seconds (0.00 work units)
2026-06-21 20:39:43 - INFO - Root relaxation: objective -4.155703e+00, 115 iterations, 0.00 seconds (0.00 work units)

2026-06-21 20:39:43 - INFO - 
    Nodes    |    Current Node    |     Objective Bounds      |     Work
2026-06-21 20:39:43 - INFO -     Nodes    |    Current Node    |     Objective Bounds      |     Work
 Expl Unexpl |  Obj  Depth IntInf | Incumbent    BestBd   Gap | It/Node Time
2026-06-21 20:39:43 - INFO -  Expl Unexpl |  Obj  Depth IntInf | Incumbent    BestBd   Gap | It/Node Time

2026-06-21 20:39:43 - INFO - 
     0     0   -4.15570    0   53          -   -4.15570      -     -    0s
2026-06-21 20:39:43 - INFO -      0     0   -4.15570    0   53          -   -4.15570      -     -    0s
H    0     0                      11.5778013   -4.15570   136%     -    0s
2026-06-21 20:39:43 - INFO - H    0     0                      11.5778013   -4.15570   136%     -    0s
     0     0    4.19107    0   47   11.57780    4.19107  63.8%     -    0s
2026-06-21 20:39:43 - INFO -      0     0    4.19107    0   47   11.57780    4.19107  63.8%     -    0s
     0     0    4.19107    0   47   11.57780    4.19107  63.8%     -    0s
2026-06-21 20:39:43 - INFO -      0     0    4.19107    0   47   11.57780    4.19107  63.8%     -    0s
     0     0    4.19107    0   47   11.57780    4.19107  63.8%     -    0s
2026-06-21 20:39:43 - INFO -      0     0    4.19107    0   47   11.57780    4.19107  63.8%     -    0s
     0     0    4.72913    0   56   11.57780    4.72913  59.2%     -    0s
2026-06-21 20:39:43 - INFO -      0     0    4.72913    0   56   11.57780    4.72913  59.2%     -    0s
     0     0    4.72913    0   57   11.57780    4.72913  59.2%     -    0s
2026-06-21 20:39:43 - INFO -      0     0    4.72913    0   57   11.57780    4.72913  59.2%     -    0s
     0     0    4.72913    0   57   11.57780    4.72913  59.2%     -    0s
2026-06-21 20:39:43 - INFO -      0     0    4.72913    0   57   11.57780    4.72913  59.2%     -    0s
     0     0    4.72913    0   57   11.57780    4.72913  59.2%     -    0s
2026-06-21 20:39:43 - INFO -      0     0    4.72913    0   57   11.57780    4.72913  59.2%     -    0s
     0     0    4.84270    0   56   11.57780    4.84270  58.2%     -    0s
2026-06-21 20:39:43 - INFO -      0     0    4.84270    0   56   11.57780    4.84270  58.2%     -    0s
     0     0    4.84270    0   56   11.57780    4.84270  58.2%     -    0s
2026-06-21 20:39:43 - INFO -      0     0    4.84270    0   56   11.57780    4.84270  58.2%     -    0s
     0     0    4.84270    0   53   11.57780    4.84270  58.2%     -    0s
2026-06-21 20:39:43 - INFO -      0     0    4.84270    0   53   11.57780    4.84270  58.2%     -    0s
H    0     0                      11.5547655    5.33032  53.9%     -    0s
2026-06-21 20:39:43 - INFO - H    0     0                      11.5547655    5.33032  53.9%     -    0s
     0     0    5.33032    0   52   11.55477    5.33032  53.9%     -    0s
2026-06-21 20:39:43 - INFO -      0     0    5.33032    0   52   11.55477    5.33032  53.9%     -    0s
     0     0    5.33032    0   53   11.55477    5.33032  53.9%     -    0s
2026-06-21 20:39:43 - INFO -      0     0    5.33032    0   53   11.55477    5.33032  53.9%     -    0s
     0     0    5.42304    0   72   11.55477    5.42304  53.1%     -    0s
2026-06-21 20:39:43 - INFO -      0     0    5.42304    0   72   11.55477    5.42304  53.1%     -    0s
     0     0    5.42304    0   72   11.55477    5.42304  53.1%     -    0s
2026-06-21 20:39:43 - INFO -      0     0    5.42304    0   72   11.55477    5.42304  53.1%     -    0s
     0     0    5.42304    0   72   11.55477    5.42304  53.1%     -    0s
2026-06-21 20:39:43 - INFO -      0     0    5.42304    0   72   11.55477    5.42304  53.1%     -    0s
H    0     0                      11.4746047    6.06410  47.2%     -    0s
2026-06-21 20:39:43 - INFO - H    0     0                      11.4746047    6.06410  47.2%     -    0s
     0     0    6.06410    0   71   11.47460    6.06410  47.2%     -    0s
2026-06-21 20:39:43 - INFO -      0     0    6.06410    0   71   11.47460    6.06410  47.2%     -    0s
     0     0    6.06410    0   65   11.47460    6.06410  47.2%     -    0s
2026-06-21 20:39:43 - INFO -      0     0    6.06410    0   65   11.47460    6.06410  47.2%     -    0s
H    0     0                      11.3590083    6.06410  46.6%     -    0s
2026-06-21 20:39:43 - INFO - H    0     0                      11.3590083    6.06410  46.6%     -    0s
     0     2    6.06410    0   65   11.35901    6.06410  46.6%     -    0s
2026-06-21 20:39:43 - INFO -      0     2    6.06410    0   65   11.35901    6.06410  46.6%     -    0s
H   12    12                      11.3388258    6.06410  46.5%  85.8    0s
2026-06-21 20:39:44 - INFO - H   12    12                      11.3388258    6.06410  46.5%  85.8    0s
H   39    59                      11.1503504    6.53892  41.4%   100    0s
2026-06-21 20:39:44 - INFO - H   39    59                      11.1503504    6.53892  41.4%   100    0s
H  160   156                      11.1379793    7.02517  36.9%  73.5    0s
2026-06-21 20:39:44 - INFO - H  160   156                      11.1379793    7.02517  36.9%  73.5    0s
H  181   156                      11.0431806    7.10451  35.7%  75.2    0s
2026-06-21 20:39:44 - INFO - H  181   156                      11.0431806    7.10451  35.7%  75.2    0s
H  323   279                      10.9215637    7.45850  31.7%  79.4    1s
2026-06-21 20:39:44 - INFO - H  323   279                      10.9215637    7.45850  31.7%  79.4    1s
H 2003  1562                      10.9215636    8.64052  20.9%  79.4    2s
2026-06-21 20:39:45 - INFO - H 2003  1562                      10.9215636    8.64052  20.9%  79.4    2s
H 2914  1954                      10.9215636    8.93927  18.2%  75.3    4s
2026-06-21 20:39:48 - INFO - H 2914  1954                      10.9215636    8.93927  18.2%  75.3    4s
H 2915  1860                      10.9215635    8.93927  18.2%  75.3    4s
2026-06-21 20:39:48 - INFO - H 2915  1860                      10.9215635    8.93927  18.2%  75.3    4s
  3179  1964    9.03192   40   28   10.92156    8.93927  18.2%  74.8    5s
2026-06-21 20:39:48 - INFO -   3179  1964    9.03192   40   28   10.92156    8.93927  18.2%  74.8    5s

2026-06-21 20:39:53 - INFO - 
Cutting planes:
2026-06-21 20:39:53 - INFO - Cutting planes:
  Learned: 21
2026-06-21 20:39:53 - INFO -   Learned: 21
  Gomory: 116
2026-06-21 20:39:53 - INFO -   Gomory: 116
  Lift-and-project: 99
2026-06-21 20:39:53 - INFO -   Lift-and-project: 99
  Cover: 20
2026-06-21 20:39:53 - INFO -   Cover: 20
  Implied bound: 5
2026-06-21 20:39:53 - INFO -   Implied bound: 5
  Clique: 2
2026-06-21 20:39:53 - INFO -   Clique: 2
  MIR: 118
2026-06-21 20:39:53 - INFO -   MIR: 118
  Mixing: 18
2026-06-21 20:39:53 - INFO -   Mixing: 18
  StrongCG: 1
2026-06-21 20:39:53 - INFO -   StrongCG: 1
  Flow cover: 636
2026-06-21 20:39:53 - INFO -   Flow cover: 636
  Inf proof: 41
2026-06-21 20:39:53 - INFO -   Inf proof: 41
  Zero half: 1
2026-06-21 20:39:53 - INFO -   Zero half: 1
  RLT: 7
2026-06-21 20:39:53 - INFO -   RLT: 7
  Relax-and-lift: 19
2026-06-21 20:39:53 - INFO -   Relax-and-lift: 19

2026-06-21 20:39:53 - INFO - 
Explored 37122 nodes (823711 simplex iterations) in 9.94 seconds (14.42 work units)
2026-06-21 20:39:53 - INFO - Explored 37122 nodes (823711 simplex iterations) in 9.94 seconds (14.42 work units)
Thread count was 28 (of 28 available processors)
2026-06-21 20:39:53 - INFO - Thread count was 28 (of 28 available processors)

2026-06-21 20:39:53 - INFO - 
Solution count 10: 10.9216 10.9216 10.9216 ... 11.5548
2026-06-21 20:39:53 - INFO - Solution count 10: 10.9216 10.9216 10.9216 ... 11.5548

2026-06-21 20:39:53 - INFO - 
Optimal solution found (tolerance 0.00e+00)
2026-06-21 20:39:53 - INFO - Optimal solution found (tolerance 0.00e+00)
Best objective 1.092156367002e+01, best bound 1.092156367002e+01, gap 0.0000%
2026-06-21 20:39:53 - INFO - Best objective 1.092156367002e+01, best bound 1.092156367002e+01, gap 0.0000%
[EMIB] Solve done: MIPGap=0.0, status=Optimal, Obj=10.921564, time=9.94s, SolCount=10


================================================================================
ILP MODEL ANALYSIS REPORT - Chiplet Placement ILP (Gap=0.0)
Generated: 2026-06-21 20:39:53
================================================================================

[MODEL STRUCTURE]
  Constraints (rows):                    519
  Variables (columns):                   251
  Non-zero elements:                    1741
  Objective coefficients:                  4

[VARIABLE TYPES]
  Continuous:                            113
  Integer:                                 0
  Binary:                                138

[CONSTRAINT TYPES]
  <= constraints:                              276
  == constraints:                               83
  >= constraints:                              160

[COEFFICIENT STATISTICS]
  Matrix range:              [5.00e-01, 6.55e+04]
  Objective range:           [4.85e-07, 9.53e-02]
  Bounds range:              [-2.70e+02, 5.53e+06]

[SOLVE STATISTICS]
  Status:                    Optimal
  Objective value:                 10.921564
  Best bound:                      10.921564
  MIP gap:                           0.0000%
  Solve time (s):                       9.94
  Solutions found:                        10
  Nodes explored:                    37122.0
  Simplex iterations:               823711.0

[MEMORY USAGE]
  Initial memory:                     96.60 MB
  Peak memory:                       339.68 MB
  Final memory:                      339.68 MB
  Peak increase:                     243.08 MB
  Final increase:                    243.08 MB

================================================================================

================================================================================
[OBJECTIVE FUNCTION BREAKDOWN - SOLUTION VALUES]
================================================================================

[Actual Variable Values]
  wirelength: 2.151944e+04
  bbox_area_proxy_t: 5.752000e+01
  aspect_ratio_penalty: 9.100000e+00
  power_aware_penalty: 3.440640e+05

[Normalized Values]
  norm_wirelength = 2.151944e+04 / 1.926848e+04 = 1.116821e+00
  norm_t = 5.752000e+01 / 6.296888e+01 = 9.134671e-01
  norm_aspect = 9.100000e+00 / 3.888000e+01 = 2.340535e-01
  norm_power = 3.440640e+05 / 1.031682e+06 = 3.334981e-01

[Weighted Contributions]
  1. Wirelength: 5.000000e+00 * 1.116821e+00 = 5.584105e+00
  2. Area: 6.000000e+00 * 9.134671e-01 = 5.480802e+00
  3. Aspect Ratio: 1.000000e-01 * 2.340535e-01 = 2.340535e-02
  4. Power Awareness: -5.000000e-01 * 3.334981e-01 = -1.667490e-01

[Total Objective Value]
  5.584105e+00 + 5.480802e+00 + 2.340535e-02 - 1.667490e-01
  = 1.092156e+01
================================================================================

[EMIB] Solve succeeded (Optimal)
[EMIB] placement JSON saved: /root/placement/MPDAP/output_gurobi_EMIB_chiplet_5_6_01_05/placement/acend910.json
[EMIB] Layout figure saved: /root/placement/MPDAP/output_gurobi_EMIB_chiplet_5_6_01_05/fig/acend910_core/solution_1_layout_gurobi.png
2026-06-21 20:39:54 - INFO - 
EMIB returned 1 solution(s) (max 1).
  ✓ EMIB: 1 solution(s)

================================================================================
Batch test done (Gurobi)
  Total time: 10.48 s
================================================================================
File summary:
  Success: 1/1
  Failed: 0/1
Solution count:
  Found: 1/1

Details:
  ✓ acend910.json -> acend910_core: 1 solution(s)
    Log dir: /root/placement/MPDAP/output_gurobi_EMIB_chiplet_5_6_01_05/log/acend910_core
    LP dir: /root/placement/MPDAP/output_gurobi_EMIB_chiplet_5_6_01_05/lp/acend910_core
    Fig dir: /root/placement/MPDAP/output_gurobi_EMIB_chiplet_5_6_01_05/fig/acend910_core
    Placement: /root/placement/MPDAP/output_gurobi_EMIB_chiplet_5_6_01_05/placement/acend910.json
================================================================================

