
================================================================================
原始命令行参数:
  sys.argv: ['batch_test_solutions_EMIB_chiplet.py', '--min-shared-length', '1.5', '--files', 'sys_micro150.json']
================================================================================


================================================================================
命令行参数解析结果:
  - min_shared_length: 1.5 (类型: float)
  - fixed_chiplet_idx: 0 (类型: int)
  - min_pair_dist_diff: 7.0 (类型: float)
  - time_limit: 600 (类型: int)
  - files: ['sys_micro150.json']
  - test_input_dir: None
  - output_dir: None
================================================================================

所有解析后的参数:
  min_shared_length: 1.5 (类型: float)
  fixed_chiplet_idx: 0 (类型: int)
  min_pair_dist_diff: 7.0 (类型: float)
  time_limit: 600 (类型: int)
  test_input_dir: None (类型: NoneType)
  output_dir: None (类型: NoneType)
  files: ['sys_micro150.json'] (类型: list)
================================================================================


================================================================================
批量测试开始 (Gurobi版本)
================================================================================
测试输入目录: /root/placement/thermal-placement/benchmark/test_input
输出基础目录: /root/placement/thermal-placement/output_gurobi_EMIB_chiplet_5_6_01_08
找到 1 个测试文件
指定处理的文件: sys_micro150.json

参数配置:
  - min_shared_length: 1.5
  - fixed_chiplet_idx: 0
  - min_pair_dist_diff: 7.0
  - time_limit: 600 秒 (10.0 分钟)
================================================================================


[1/1] 处理文件: sys_micro150.json
  核心名称: sys_micro150_core
  Log目录: /root/placement/thermal-placement/output_gurobi_EMIB_chiplet_5_6_01_08/log/sys_micro150_core
  LP目录: /root/placement/thermal-placement/output_gurobi_EMIB_chiplet_5_6_01_08/lp/sys_micro150_core
  Fig目录: /root/placement/thermal-placement/output_gurobi_EMIB_chiplet_5_6_01_08/fig/sys_micro150_core
  Placement文件: /root/placement/thermal-placement/output_gurobi_EMIB_chiplet_5_6_01_08/placement/sys_micro150.json
  删除旧的输出目录: /root/placement/thermal-placement/output_gurobi_EMIB_chiplet_5_6_01_08/log/sys_micro150_core
  删除旧的输出目录: /root/placement/thermal-placement/output_gurobi_EMIB_chiplet_5_6_01_08/lp/sys_micro150_core
  删除旧的输出目录: /root/placement/thermal-placement/output_gurobi_EMIB_chiplet_5_6_01_08/fig/sys_micro150_core
2026-03-05 14:13:26 - INFO - ================================================================================
2026-03-05 14:13:26 - INFO - 开始处理: sys_micro150.json (Gurobi版本)
2026-03-05 14:13:26 - INFO - 核心名称: sys_micro150_core
2026-03-05 14:13:26 - INFO - Log目录: /root/placement/thermal-placement/output_gurobi_EMIB_chiplet_5_6_01_08/log/sys_micro150_core
2026-03-05 14:13:26 - INFO - LP目录: /root/placement/thermal-placement/output_gurobi_EMIB_chiplet_5_6_01_08/lp/sys_micro150_core
2026-03-05 14:13:26 - INFO - Fig目录: /root/placement/thermal-placement/output_gurobi_EMIB_chiplet_5_6_01_08/fig/sys_micro150_core
2026-03-05 14:13:26 - INFO - 参数配置:
2026-03-05 14:13:26 - INFO -   - min_shared_length: 1.5
2026-03-05 14:13:26 - INFO -   - fixed_chiplet_idx: 0
2026-03-05 14:13:26 - INFO -   - min_pair_dist_diff: 7.0
2026-03-05 14:13:26 - INFO -   - time_limit: 600 秒 (10.0 分钟)
2026-03-05 14:13:26 - INFO - ================================================================================
2026-03-05 14:13:26 - INFO - 调用 EMIB reduce solver (Gurobi版本)...
2026-03-05 14:13:26 - INFO - ================================================================================
2026-03-05 14:13:26 - INFO - 求解参数确认（在调用 EMIB reduce solver 之前）:
2026-03-05 14:13:26 - INFO -   - min_shared_length: 1.5 (类型: float)
2026-03-05 14:13:26 - INFO -   - fixed_chiplet_idx: 0 (类型: int)
2026-03-05 14:13:26 - INFO -   - min_pair_dist_diff: 7.0 (类型: float)
2026-03-05 14:13:26 - INFO -   - time_limit: 600 (类型: int)
2026-03-05 14:13:26 - INFO -   - input_json_path: /root/placement/thermal-placement/benchmark/test_input/sys_micro150.json
2026-03-05 14:13:26 - INFO -   - output_dir: output_gurobi_EMIB_chiplet_5_6_01_08/lp/sys_micro150_core
2026-03-05 14:13:26 - INFO -   - image_output_dir: output_gurobi_EMIB_chiplet_5_6_01_08/fig/sys_micro150_core
2026-03-05 14:13:26 - INFO -   - placement_output_path: output_gurobi_EMIB_chiplet_5_6_01_08/placement/sys_micro150.json
2026-03-05 14:13:26 - INFO - ================================================================================
2026-03-05 14:13:26 - INFO - 开始调用 EMIB reduce solver...
node 0 w: 8.25, h: 9.0
node 1 w: 8.25, h: 9.0
node 2 w: 8.25, h: 9.0
node 3 w: 8.25, h: 9.0
node 4 w: 8.75, h: 8.75
node 5 w: 8.75, h: 8.75
node 6 w: 8.75, h: 8.75
node 7 w: 8.75, h: 8.75
连接统计: 总计 8 对
连接关系（EMIBNode 内容）:
  (A,B): node1=A, node2=B, wireCount=256, EMIBType=interfaceB, EMIB_length=0.8533, EMIB_max_width=3.0, width=2.0, height=0.8533, bump_width=1.0000
  (A,D): node1=A, node2=D, wireCount=256, EMIBType=interfaceB, EMIB_length=0.8533, EMIB_max_width=3.0, width=2.0, height=0.8533, bump_width=1.0000
  (A,E): node1=A, node2=E, wireCount=1024, EMIBType=interfaceB, EMIB_length=3.4133, EMIB_max_width=3.0, width=2.0, height=3.4133, bump_width=1.0000
  (B,C): node1=B, node2=C, wireCount=256, EMIBType=interfaceB, EMIB_length=0.8533, EMIB_max_width=3.0, width=2.0, height=0.8533, bump_width=1.0000
  (B,F): node1=B, node2=F, wireCount=1024, EMIBType=interfaceB, EMIB_length=3.4133, EMIB_max_width=3.0, width=2.0, height=3.4133, bump_width=1.0000
  (C,D): node1=C, node2=D, wireCount=256, EMIBType=interfaceB, EMIB_length=0.8533, EMIB_max_width=3.0, width=2.0, height=0.8533, bump_width=1.0000
  (C,G): node1=C, node2=G, wireCount=1024, EMIBType=interfaceB, EMIB_length=3.4133, EMIB_max_width=3.0, width=2.0, height=3.4133, bump_width=1.0000
  (D,H): node1=D, node2=H, wireCount=1024, EMIBType=interfaceB, EMIB_length=3.4133, EMIB_max_width=3.0, width=2.0, height=3.4133, bump_width=1.0000
连续布局: W=105, H=105
问题规模: 8 个模块, 8 对连接
连接关系 [node1, node2, wireCount, EMIBType, EMIB_length, EMIB_max_width]:
  (0,1): [A, B, 256, interfaceB, 0.8533, 3.0]
  (0,3): [A, D, 256, interfaceB, 0.8533, 3.0]
  (0,4): [A, E, 1024, interfaceB, 3.4133, 3.0]
  (1,2): [B, C, 256, interfaceB, 0.8533, 3.0]
  (1,5): [B, F, 1024, interfaceB, 3.4133, 3.0]
  (2,3): [C, D, 256, interfaceB, 0.8533, 3.0]
  (2,6): [C, G, 1024, interfaceB, 3.4133, 3.0]
  (3,7): [D, H, 1024, interfaceB, 3.4133, 3.0]
Set parameter WLSAccessID
2026-03-05 14:13:26 - INFO - Set parameter WLSAccessID
Set parameter WLSSecret
2026-03-05 14:13:26 - INFO - Set parameter WLSSecret
Set parameter LicenseID to value 2756663
2026-03-05 14:13:26 - INFO - Set parameter LicenseID to value 2756663
Academic license 2756663 - for non-commercial use only - registered to hu___@sjtu.edu.cn
2026-03-05 14:13:26 - INFO - Academic license 2756663 - for non-commercial use only - registered to hu___@sjtu.edu.cn
EMIB_w_var: {(0, 1): <gurobi.Var *Awaiting Model Update*>, (0, 3): <gurobi.Var *Awaiting Model Update*>, (0, 4): <gurobi.Var *Awaiting Model Update*>, (1, 2): <gurobi.Var *Awaiting Model Update*>, (1, 5): <gurobi.Var *Awaiting Model Update*>, (2, 3): <gurobi.Var *Awaiting Model Update*>, (2, 6): <gurobi.Var *Awaiting Model Update*>, (3, 7): <gurobi.Var *Awaiting Model Update*>}
EMIB_h_var: {(0, 1): <gurobi.Var *Awaiting Model Update*>, (0, 3): <gurobi.Var *Awaiting Model Update*>, (0, 4): <gurobi.Var *Awaiting Model Update*>, (1, 2): <gurobi.Var *Awaiting Model Update*>, (1, 5): <gurobi.Var *Awaiting Model Update*>, (2, 3): <gurobi.Var *Awaiting Model Update*>, (2, 6): <gurobi.Var *Awaiting Model Update*>, (3, 7): <gurobi.Var *Awaiting Model Update*>}
EMIB_connected_pairs: {(0, 1): EMIBNode(node1='A', node2='B', wireCount=256, EMIBType='interfaceB', EMIB_length=0.8533, EMIB_bump_width=1.0, EMIB_max_width=3.0, width=2.0, height=0.8533), (0, 3): EMIBNode(node1='A', node2='D', wireCount=256, EMIBType='interfaceB', EMIB_length=0.8533, EMIB_bump_width=1.0, EMIB_max_width=3.0, width=2.0, height=0.8533), (0, 4): EMIBNode(node1='A', node2='E', wireCount=1024, EMIBType='interfaceB', EMIB_length=3.4133, EMIB_bump_width=1.0, EMIB_max_width=3.0, width=2.0, height=3.4133), (1, 2): EMIBNode(node1='B', node2='C', wireCount=256, EMIBType='interfaceB', EMIB_length=0.8533, EMIB_bump_width=1.0, EMIB_max_width=3.0, width=2.0, height=0.8533), (1, 5): EMIBNode(node1='B', node2='F', wireCount=1024, EMIBType='interfaceB', EMIB_length=3.4133, EMIB_bump_width=1.0, EMIB_max_width=3.0, width=2.0, height=3.4133), (2, 3): EMIBNode(node1='C', node2='D', wireCount=256, EMIBType='interfaceB', EMIB_length=0.8533, EMIB_bump_width=1.0, EMIB_max_width=3.0, width=2.0, height=0.8533), (2, 6): EMIBNode(node1='C', node2='G', wireCount=1024, EMIBType='interfaceB', EMIB_length=3.4133, EMIB_bump_width=1.0, EMIB_max_width=3.0, width=2.0, height=3.4133), (3, 7): EMIBNode(node1='D', node2='H', wireCount=1024, EMIBType='interfaceB', EMIB_length=3.4133, EMIB_bump_width=1.0, EMIB_max_width=3.0, width=2.0, height=3.4133)}
[DEBUG] 高功耗芯粒互相远离: 6 对
[DEBUG] 处理 8 个chiplet，用于功耗感知优化（远离中心）
[DEBUG] chiplet 0 属于单位面积功耗前30%，添加远离中心约束
[DEBUG] chiplet 1 属于单位面积功耗前30%，添加远离中心约束
[DEBUG] chiplet 2 属于单位面积功耗前30%，添加远离中心约束
[DEBUG] chiplet 3 属于单位面积功耗前30%，添加远离中心约束
[DEBUG] 共筛选出 4 个高功耗芯粒（前30%），完成远离中心约束添加
[DEBUG] L_avg: 24.561148181630273
[DEBUG] total_area: 603.25
[DEBUG] ref_wirelength: 62876.5393449735
[DEBUG] ref_t: 49.122296363260546
[DEBUG] ref_power: 690782.2926083514
[DEBUG] ref_aspect: 3.0

[Normalization Info]
  Ref Wirelength: 62876.54
  Ref Area Proxy (t): 49.12
  Ref Power Term: 690782.29
  Ref Aspect: 3.00
目标函数: Min beta_wire(5.0)*wirelength/ref + beta_area(6.0)*t/ref + beta_aspect(0.1)*aspect_ratio/ref + - beta_power(0.8)*power/ref
Set parameter TimeLimit to value 300
2026-03-05 14:13:26 - INFO - Set parameter TimeLimit to value 300
Set parameter MIPGap to value 0
2026-03-05 14:13:26 - INFO - Set parameter MIPGap to value 0
Set parameter MIPFocus to value 3
2026-03-05 14:13:26 - INFO - Set parameter MIPFocus to value 3
Set parameter Heuristics to value 0.5
2026-03-05 14:13:26 - INFO - Set parameter Heuristics to value 0.5
Set parameter LogToConsole to value 1
2026-03-05 14:13:26 - INFO - Set parameter LogToConsole to value 1
Gurobi Optimizer version 13.0.0 build v13.0.0rc1 (linux64 - "Ubuntu 20.04.6 LTS")
2026-03-05 14:13:26 - INFO - Gurobi Optimizer version 13.0.0 build v13.0.0rc1 (linux64 - "Ubuntu 20.04.6 LTS")

2026-03-05 14:13:26 - INFO - 
CPU model: AMD Ryzen 9 9950X3D 16-Core Processor, instruction set [SSE2|AVX|AVX2|AVX512]
2026-03-05 14:13:26 - INFO - CPU model: AMD Ryzen 9 9950X3D 16-Core Processor, instruction set [SSE2|AVX|AVX2|AVX512]
Thread count: 6 physical cores, 12 logical processors, using up to 12 threads
2026-03-05 14:13:26 - INFO - Thread count: 6 physical cores, 12 logical processors, using up to 12 threads

2026-03-05 14:13:26 - INFO - 
Non-default parameters:
2026-03-05 14:13:26 - INFO - Non-default parameters:
TimeLimit  300
2026-03-05 14:13:26 - INFO - TimeLimit  300
MIPGap  0
2026-03-05 14:13:26 - INFO - MIPGap  0
Heuristics  0.5
2026-03-05 14:13:26 - INFO - Heuristics  0.5
MIPFocus  3
2026-03-05 14:13:26 - INFO - MIPFocus  3

2026-03-05 14:13:26 - INFO - 
Academic license 2756663 - for non-commercial use only - registered to hu___@sjtu.edu.cn
2026-03-05 14:13:26 - INFO - Academic license 2756663 - for non-commercial use only - registered to hu___@sjtu.edu.cn
Optimize a model with 1063 rows, 498 columns and 3539 nonzeros (Min)
2026-03-05 14:13:26 - INFO - Optimize a model with 1063 rows, 498 columns and 3539 nonzeros (Min)
Model fingerprint: 0x1b84872c
2026-03-05 14:13:26 - INFO - Model fingerprint: 0x1b84872c
Model has 4 linear objective coefficients
2026-03-05 14:13:26 - INFO - Model has 4 linear objective coefficients
Variable types: 222 continuous, 276 integer (276 binary)
2026-03-05 14:13:26 - INFO - Variable types: 222 continuous, 276 integer (276 binary)
Coefficient statistics:
2026-03-05 14:13:26 - INFO - Coefficient statistics:
  Matrix range     [5e-01, 2e+04]
2026-03-05 14:13:26 - INFO -   Matrix range     [5e-01, 2e+04]
  Objective range  [1e-06, 1e-01]
2026-03-05 14:13:26 - INFO -   Objective range  [1e-06, 1e-01]
  Bounds range     [9e-01, 7e+06]
2026-03-05 14:13:26 - INFO -   Bounds range     [9e-01, 7e+06]
  RHS range        [9e-01, 2e+02]
2026-03-05 14:13:26 - INFO -   RHS range        [9e-01, 2e+02]
Presolve removed 101 rows and 89 columns
2026-03-05 14:13:26 - INFO - Presolve removed 101 rows and 89 columns
Presolve time: 0.01s
2026-03-05 14:13:26 - INFO - Presolve time: 0.01s
Presolved: 962 rows, 409 columns, 3126 nonzeros
2026-03-05 14:13:26 - INFO - Presolved: 962 rows, 409 columns, 3126 nonzeros
Variable types: 153 continuous, 256 integer (256 binary)
2026-03-05 14:13:26 - INFO - Variable types: 153 continuous, 256 integer (256 binary)
Root relaxation presolve removed 218 rows and 78 columns
2026-03-05 14:13:26 - INFO - Root relaxation presolve removed 218 rows and 78 columns
Root relaxation presolved: 744 rows, 343 columns, 2608 nonzeros
2026-03-05 14:13:26 - INFO - Root relaxation presolved: 744 rows, 343 columns, 2608 nonzeros

2026-03-05 14:13:26 - INFO - 

2026-03-05 14:13:26 - INFO - 
Root relaxation: objective -4.865896e+01, 195 iterations, 0.00 seconds (0.00 work units)
2026-03-05 14:13:26 - INFO - Root relaxation: objective -4.865896e+01, 195 iterations, 0.00 seconds (0.00 work units)

2026-03-05 14:13:26 - INFO - 
    Nodes    |    Current Node    |     Objective Bounds      |     Work
2026-03-05 14:13:26 - INFO -     Nodes    |    Current Node    |     Objective Bounds      |     Work
 Expl Unexpl |  Obj  Depth IntInf | Incumbent    BestBd   Gap | It/Node Time
2026-03-05 14:13:26 - INFO -  Expl Unexpl |  Obj  Depth IntInf | Incumbent    BestBd   Gap | It/Node Time

2026-03-05 14:13:26 - INFO - 
     0     0  -48.65896    0  120          -  -48.65896      -     -    0s
2026-03-05 14:13:26 - INFO -      0     0  -48.65896    0  120          -  -48.65896      -     -    0s
H    0     0                      11.7960140  -41.10883   448%     -    0s
2026-03-05 14:13:26 - INFO - H    0     0                      11.7960140  -41.10883   448%     -    0s
     0     0  -39.41024    0  158   11.79601  -39.41024   434%     -    0s
2026-03-05 14:13:26 - INFO -      0     0  -39.41024    0  158   11.79601  -39.41024   434%     -    0s
     0     0  -39.41024    0  158   11.79601  -39.41024   434%     -    0s
2026-03-05 14:13:26 - INFO -      0     0  -39.41024    0  158   11.79601  -39.41024   434%     -    0s
     0     0  -39.41024    0  129   11.79601  -39.41024   434%     -    0s
2026-03-05 14:13:26 - INFO -      0     0  -39.41024    0  129   11.79601  -39.41024   434%     -    0s
     0     0  -33.88575    0  140   11.79601  -33.88575   387%     -    0s
2026-03-05 14:13:26 - INFO -      0     0  -33.88575    0  140   11.79601  -33.88575   387%     -    0s
     0     0  -22.42104    0   84   11.79601  -22.42104   290%     -    0s
2026-03-05 14:13:26 - INFO -      0     0  -22.42104    0   84   11.79601  -22.42104   290%     -    0s
     0     0  -22.42104    0   79   11.79601  -22.42104   290%     -    0s
2026-03-05 14:13:26 - INFO -      0     0  -22.42104    0   79   11.79601  -22.42104   290%     -    0s
     0     0  -22.42104    0   68   11.79601  -22.42104   290%     -    0s
2026-03-05 14:13:26 - INFO -      0     0  -22.42104    0   68   11.79601  -22.42104   290%     -    0s
     0     0  -22.09608    0   81   11.79601  -22.09608   287%     -    0s
2026-03-05 14:13:26 - INFO -      0     0  -22.09608    0   81   11.79601  -22.09608   287%     -    0s
     0     0  -21.86952    0   88   11.79601  -21.86952   285%     -    0s
2026-03-05 14:13:26 - INFO -      0     0  -21.86952    0   88   11.79601  -21.86952   285%     -    0s
     0     0  -21.86065    0   90   11.79601  -21.86065   285%     -    0s
2026-03-05 14:13:26 - INFO -      0     0  -21.86065    0   90   11.79601  -21.86065   285%     -    0s
     0     0  -15.65077    0   96   11.79601  -15.65077   233%     -    0s
2026-03-05 14:13:26 - INFO -      0     0  -15.65077    0   96   11.79601  -15.65077   233%     -    0s
     0     0  -15.65077    0   89   11.79601  -15.65077   233%     -    0s
2026-03-05 14:13:26 - INFO -      0     0  -15.65077    0   89   11.79601  -15.65077   233%     -    0s
     0     0  -15.65077    0   75   11.79601  -15.65077   233%     -    0s
2026-03-05 14:13:26 - INFO -      0     0  -15.65077    0   75   11.79601  -15.65077   233%     -    0s
     0     0  -14.52790    0   88   11.79601  -14.52790   223%     -    0s
2026-03-05 14:13:26 - INFO -      0     0  -14.52790    0   88   11.79601  -14.52790   223%     -    0s
     0     0  -14.52790    0   91   11.79601  -14.52790   223%     -    0s
2026-03-05 14:13:26 - INFO -      0     0  -14.52790    0   91   11.79601  -14.52790   223%     -    0s
H    0     0                       9.6505046  -14.09895   246%     -    0s
2026-03-05 14:13:26 - INFO - H    0     0                       9.6505046  -14.09895   246%     -    0s
H    0     0                       9.3687833  -14.09895   250%     -    0s
2026-03-05 14:13:26 - INFO - H    0     0                       9.3687833  -14.09895   250%     -    0s
H    0     0                       9.1376654  -14.09895   254%     -    0s
2026-03-05 14:13:26 - INFO - H    0     0                       9.1376654  -14.09895   254%     -    0s
     0     0  -14.09895    0  105    9.13767  -14.09895   254%     -    0s
2026-03-05 14:13:26 - INFO -      0     0  -14.09895    0  105    9.13767  -14.09895   254%     -    0s
     0     0  -14.09895    0  104    9.13767  -14.09895   254%     -    0s
2026-03-05 14:13:26 - INFO -      0     0  -14.09895    0  104    9.13767  -14.09895   254%     -    0s
     0     0  -14.09895    0  104    9.13767  -14.09895   254%     -    0s
2026-03-05 14:13:26 - INFO -      0     0  -14.09895    0  104    9.13767  -14.09895   254%     -    0s
H    0     0                       8.5099179  -14.09895   266%     -    0s
2026-03-05 14:13:27 - INFO - H    0     0                       8.5099179  -14.09895   266%     -    0s
     0     0  -13.64764    0  109    8.50992  -13.64764   260%     -    0s
2026-03-05 14:13:27 - INFO -      0     0  -13.64764    0  109    8.50992  -13.64764   260%     -    0s
     0     0  -13.63712    0  106    8.50992  -13.63712   260%     -    0s
2026-03-05 14:13:27 - INFO -      0     0  -13.63712    0  106    8.50992  -13.63712   260%     -    0s
     0     0  -13.32070    0  102    8.50992  -13.32070   257%     -    0s
2026-03-05 14:13:27 - INFO -      0     0  -13.32070    0  102    8.50992  -13.32070   257%     -    0s
     0     0  -13.32070    0  101    8.50992  -13.32070   257%     -    0s
2026-03-05 14:13:27 - INFO -      0     0  -13.32070    0  101    8.50992  -13.32070   257%     -    0s
     0     0  -13.32070    0   93    8.50992  -13.32070   257%     -    0s
2026-03-05 14:13:27 - INFO -      0     0  -13.32070    0   93    8.50992  -13.32070   257%     -    0s
H    0     0                       7.0378124  -12.63566   280%     -    0s
2026-03-05 14:13:27 - INFO - H    0     0                       7.0378124  -12.63566   280%     -    0s
     0     0  -12.63566    0  103    7.03781  -12.63566   280%     -    0s
2026-03-05 14:13:27 - INFO -      0     0  -12.63566    0  103    7.03781  -12.63566   280%     -    0s
     0     0  -12.63566    0  119    7.03781  -12.63566   280%     -    0s
2026-03-05 14:13:27 - INFO -      0     0  -12.63566    0  119    7.03781  -12.63566   280%     -    0s
     0     0  -12.63566    0  115    7.03781  -12.63566   280%     -    0s
2026-03-05 14:13:27 - INFO -      0     0  -12.63566    0  115    7.03781  -12.63566   280%     -    0s
     0     0  -12.63566    0  118    7.03781  -12.63566   280%     -    0s
2026-03-05 14:13:27 - INFO -      0     0  -12.63566    0  118    7.03781  -12.63566   280%     -    0s
     0     0  -12.19322    0  100    7.03781  -12.19322   273%     -    0s
2026-03-05 14:13:27 - INFO -      0     0  -12.19322    0  100    7.03781  -12.19322   273%     -    0s
     0     0  -12.19322    0   97    7.03781  -12.19322   273%     -    0s
2026-03-05 14:13:27 - INFO -      0     0  -12.19322    0   97    7.03781  -12.19322   273%     -    0s
     0     0  -12.19322    0   92    7.03781  -12.19322   273%     -    0s
2026-03-05 14:13:27 - INFO -      0     0  -12.19322    0   92    7.03781  -12.19322   273%     -    0s
     0     0  -11.97716    0  101    7.03781  -11.97716   270%     -    0s
2026-03-05 14:13:27 - INFO -      0     0  -11.97716    0  101    7.03781  -11.97716   270%     -    0s
     0     0  -11.97716    0   99    7.03781  -11.97716   270%     -    0s
2026-03-05 14:13:27 - INFO -      0     0  -11.97716    0   99    7.03781  -11.97716   270%     -    0s
     0     0  -11.97716    0  107    7.03781  -11.97716   270%     -    0s
2026-03-05 14:13:27 - INFO -      0     0  -11.97716    0  107    7.03781  -11.97716   270%     -    0s
H    0     0                       6.3545150  -11.77488   285%     -    0s
2026-03-05 14:13:27 - INFO - H    0     0                       6.3545150  -11.77488   285%     -    0s
     0     0  -11.76513    0  106    6.35452  -11.76513   285%     -    1s
2026-03-05 14:13:27 - INFO -      0     0  -11.76513    0  106    6.35452  -11.76513   285%     -    1s
     0     0  -11.76513    0  106    6.35452  -11.76513   285%     -    1s
2026-03-05 14:13:27 - INFO -      0     0  -11.76513    0  106    6.35452  -11.76513   285%     -    1s
     0     0  -11.76513    0  106    6.35452  -11.76513   285%     -    1s
2026-03-05 14:13:27 - INFO -      0     0  -11.76513    0  106    6.35452  -11.76513   285%     -    1s
     0     0  -11.28353    0  106    6.35452  -11.28353   278%     -    1s
2026-03-05 14:13:27 - INFO -      0     0  -11.28353    0  106    6.35452  -11.28353   278%     -    1s
     0     0  -11.24733    0  115    6.35452  -11.24733   277%     -    1s
2026-03-05 14:13:27 - INFO -      0     0  -11.24733    0  115    6.35452  -11.24733   277%     -    1s
     0     0  -11.21123    0  100    6.35452  -11.21123   276%     -    1s
2026-03-05 14:13:27 - INFO -      0     0  -11.21123    0  100    6.35452  -11.21123   276%     -    1s
     0     0  -11.21123    0   99    6.35452  -11.21123   276%     -    1s
2026-03-05 14:13:27 - INFO -      0     0  -11.21123    0   99    6.35452  -11.21123   276%     -    1s
     0     0  -10.99871    0  106    6.35452  -10.99871   273%     -    1s
2026-03-05 14:13:27 - INFO -      0     0  -10.99871    0  106    6.35452  -10.99871   273%     -    1s
     0     0  -10.99478    0  117    6.35452  -10.99478   273%     -    1s
2026-03-05 14:13:27 - INFO -      0     0  -10.99478    0  117    6.35452  -10.99478   273%     -    1s
     0     0  -10.80473    0  116    6.35452  -10.80473   270%     -    1s
2026-03-05 14:13:27 - INFO -      0     0  -10.80473    0  116    6.35452  -10.80473   270%     -    1s
     0     0  -10.80473    0  103    6.35452  -10.80473   270%     -    1s
2026-03-05 14:13:27 - INFO -      0     0  -10.80473    0  103    6.35452  -10.80473   270%     -    1s
     0     0  -10.70972    0  104    6.35452  -10.70972   269%     -    1s
2026-03-05 14:13:27 - INFO -      0     0  -10.70972    0  104    6.35452  -10.70972   269%     -    1s
     0     0  -10.70972    0  103    6.35452  -10.70972   269%     -    1s
2026-03-05 14:13:27 - INFO -      0     0  -10.70972    0  103    6.35452  -10.70972   269%     -    1s
     0     2  -10.70972    0  102    6.35452  -10.70972   269%     -    1s
2026-03-05 14:13:27 - INFO -      0     2  -10.70972    0  102    6.35452  -10.70972   269%     -    1s
H   69    71                       6.1400715   -5.59281   191%   195    2s
2026-03-05 14:13:28 - INFO - H   69    71                       6.1400715   -5.59281   191%   195    2s
H   96   101                       6.0643897   -5.35742   188%   173    2s
2026-03-05 14:13:28 - INFO - H   96   101                       6.0643897   -5.35742   188%   173    2s
H  117   140                       6.0542111   -5.21281   186%   163    2s
2026-03-05 14:13:28 - INFO - H  117   140                       6.0542111   -5.21281   186%   163    2s
H  169   178                       5.9116199   -4.77398   181%   150    2s
2026-03-05 14:13:28 - INFO - H  169   178                       5.9116199   -4.77398   181%   150    2s
H  197   226                       5.7958173   -4.58507   179%   145    2s
2026-03-05 14:13:29 - INFO - H  197   226                       5.7958173   -4.58507   179%   145    2s
H  516   549                       5.7957949   -2.63014   145%   142    4s
2026-03-05 14:13:30 - INFO - H  516   549                       5.7957949   -2.63014   145%   142    4s
  1048  1128   -0.72762   10   96    5.79579   -1.82426   131%   134    5s
2026-03-05 14:13:31 - INFO -   1048  1128   -0.72762   10   96    5.79579   -1.82426   131%   134    5s
  1734  1617    2.20428   19   86    5.79579    1.54068  73.4%   155   10s
2026-03-05 14:13:36 - INFO -   1734  1617    2.20428   19   86    5.79579    1.54068  73.4%   155   10s
  5315  2903    4.27306   24  115    5.79579    3.56534  38.5%   169   15s
2026-03-05 14:13:41 - INFO -   5315  2903    4.27306   24  115    5.79579    3.56534  38.5%   169   15s
 11396  5623    4.37574   35   83    5.79579    4.16211  28.2%   156   20s
2026-03-05 14:13:46 - INFO -  11396  5623    4.37574   35   83    5.79579    4.16211  28.2%   156   20s
 16751  7172 infeasible   25         5.79579    4.55955  21.3%   146   25s
2026-03-05 14:13:51 - INFO -  16751  7172 infeasible   25         5.79579    4.55955  21.3%   146   25s
 22258 10508    5.06332   30   70    5.79579    4.89081  15.6%   133   30s
2026-03-05 14:13:56 - INFO -  22258 10508    5.06332   30   70    5.79579    4.89081  15.6%   133   30s
 28996 14117    5.29332   31   54    5.79579    5.04235  13.0%   121   35s
2026-03-05 14:14:02 - INFO -  28996 14117    5.29332   31   54    5.79579    5.04235  13.0%   121   35s
 34507 17523    5.73012   25   39    5.79579    5.12893  11.5%   114   40s
2026-03-05 14:14:07 - INFO -  34507 17523    5.73012   25   39    5.79579    5.12893  11.5%   114   40s
 41212 20104    5.25040   35   54    5.79579    5.20784  10.1%   107   45s
2026-03-05 14:14:11 - INFO -  41212 20104    5.25040   35   54    5.79579    5.20784  10.1%   107   45s
 48220 22376    5.38044   32   83    5.79579    5.28928  8.74%   102   50s
2026-03-05 14:14:16 - INFO -  48220 22376    5.38044   32   83    5.79579    5.28928  8.74%   102   50s
 55783 23565     cutoff   45         5.79579    5.35682  7.57%  97.1   55s
2026-03-05 14:14:21 - INFO -  55783 23565     cutoff   45         5.79579    5.35682  7.57%  97.1   55s
 62368 24098     cutoff   30         5.79579    5.41064  6.65%  93.4   60s
2026-03-05 14:14:26 - INFO -  62368 24098     cutoff   30         5.79579    5.41064  6.65%  93.4   60s
 69774 24445    5.49003   36   36    5.79579    5.48239  5.41%  89.7   65s
2026-03-05 14:14:31 - INFO -  69774 24445    5.49003   36   36    5.79579    5.48239  5.41%  89.7   65s
 77773 24036 infeasible   31         5.79579    5.53433  4.51%  85.9   70s
2026-03-05 14:14:36 - INFO -  77773 24036 infeasible   31         5.79579    5.53433  4.51%  85.9   70s
 86036 21916 infeasible   44         5.79579    5.59295  3.50%  82.8   75s
2026-03-05 14:14:42 - INFO -  86036 21916 infeasible   44         5.79579    5.59295  3.50%  82.8   75s
 93178 19006 infeasible   30         5.79579    5.63557  2.76%  80.4   80s
2026-03-05 14:14:46 - INFO -  93178 19006 infeasible   30         5.79579    5.63557  2.76%  80.4   80s
 100939 16100    5.79483   29   48    5.79579    5.69899  1.67%  77.9   85s
2026-03-05 14:14:51 - INFO -  100939 16100    5.79483   29   48    5.79579    5.69899  1.67%  77.9   85s
 108587 13172 infeasible   36         5.79579    5.73321  1.08%  75.6   90s
2026-03-05 14:14:56 - INFO -  108587 13172 infeasible   36         5.79579    5.73321  1.08%  75.6   90s
 118041 10524     cutoff   36         5.79579    5.76164  0.59%  72.8   95s
2026-03-05 14:15:01 - INFO -  118041 10524     cutoff   36         5.79579    5.76164  0.59%  72.8   95s
 127636  6988     cutoff   35         5.79579    5.77313  0.39%  69.8  100s
2026-03-05 14:15:06 - INFO -  127636  6988     cutoff   35         5.79579    5.77313  0.39%  69.8  100s

2026-03-05 14:15:11 - INFO - 
Cutting planes:
2026-03-05 14:15:11 - INFO - Cutting planes:
  Learned: 167
2026-03-05 14:15:11 - INFO -   Learned: 167
  Gomory: 217
2026-03-05 14:15:11 - INFO -   Gomory: 217
  Lift-and-project: 465
2026-03-05 14:15:11 - INFO -   Lift-and-project: 465
  Cover: 489
2026-03-05 14:15:11 - INFO -   Cover: 489
  Implied bound: 29
2026-03-05 14:15:11 - INFO -   Implied bound: 29
  MIR: 331
2026-03-05 14:15:11 - INFO -   MIR: 331
  Mixing: 5
2026-03-05 14:15:11 - INFO -   Mixing: 5
  StrongCG: 2
2026-03-05 14:15:11 - INFO -   StrongCG: 2
  Flow cover: 1208
2026-03-05 14:15:11 - INFO -   Flow cover: 1208
  Inf proof: 545
2026-03-05 14:15:11 - INFO -   Inf proof: 545
  Zero half: 154
2026-03-05 14:15:11 - INFO -   Zero half: 154
  RLT: 30
2026-03-05 14:15:11 - INFO -   RLT: 30
  Relax-and-lift: 197
2026-03-05 14:15:11 - INFO -   Relax-and-lift: 197

2026-03-05 14:15:11 - INFO - 
Explored 137022 nodes (9184338 simplex iterations) in 104.97 seconds (239.99 work units)
2026-03-05 14:15:11 - INFO - Explored 137022 nodes (9184338 simplex iterations) in 104.97 seconds (239.99 work units)
Thread count was 12 (of 12 available processors)
2026-03-05 14:15:11 - INFO - Thread count was 12 (of 12 available processors)

2026-03-05 14:15:11 - INFO - 
Solution count 10: 5.79579 6.05421 6.06439 ... 9.6505
2026-03-05 14:15:11 - INFO - Solution count 10: 5.79579 6.05421 6.06439 ... 9.6505

2026-03-05 14:15:11 - INFO - 
Optimal solution found (tolerance 0.00e+00)
2026-03-05 14:15:11 - INFO - Optimal solution found (tolerance 0.00e+00)
Best objective 5.795794888800e+00, best bound 5.795794888800e+00, gap 0.0000%
2026-03-05 14:15:11 - INFO - Best objective 5.795794888800e+00, best bound 5.795794888800e+00, gap 0.0000%
[EMIB] 单次求解完成: MIPGap=0.0, 状态=Optimal, Obj=5.795795, 用时=104.97s, SolCount=10

[未归一化实际值]
  线长(wirelength)=51608.2688, 面积代理(t)=42.5685, 功耗惩罚(power)=3028762.3678, 高宽比惩罚(aspect)=0.0000
[目标函数各项分解]
  线长: raw=51608.27, norm=0.8208, contrib=4.1039
  面积代理t: raw=42.57, norm=0.8666, contrib=5.1995
  长宽比偏差: raw=0.00, norm=0.0000, contrib=0.0000
  功耗惩罚: raw=3028762.37, norm=4.3845, contrib=-3.5076
[EMIB] 求解成功（Optimal）
[EMIB] placement JSON 已保存: /root/placement/thermal-placement/output_gurobi_EMIB_chiplet_5_6_01_08/placement/sys_micro150.json
[EMIB] 布局图片已保存: /root/placement/thermal-placement/output_gurobi_EMIB_chiplet_5_6_01_08/fig/sys_micro150_core/solution_1_layout_gurobi.png
2026-03-05 14:15:13 - INFO - 
EMIB求解返回 1 个解（最多1个）。
  ✓ EMIB求解：返回 1 个解

================================================================================
批量测试完成 (Gurobi版本)
  共花费时间: 107.56 秒
================================================================================
文件处理统计:
  成功: 1/1 个文件
  失败: 0/1 个文件
解的数量统计:
  找到: 1/1 个解

详细结果:
  ✓ sys_micro150.json -> sys_micro150_core: 1 个解
    Log目录: /root/placement/thermal-placement/output_gurobi_EMIB_chiplet_5_6_01_08/log/sys_micro150_core
    LP目录: /root/placement/thermal-placement/output_gurobi_EMIB_chiplet_5_6_01_08/lp/sys_micro150_core
    Fig目录: /root/placement/thermal-placement/output_gurobi_EMIB_chiplet_5_6_01_08/fig/sys_micro150_core
    Placement文件: /root/placement/thermal-placement/output_gurobi_EMIB_chiplet_5_6_01_08/placement/sys_micro150.json
================================================================================

