
================================================================================
Batch test start (Gurobi)
================================================================================
Test input dir: /root/placement/MPDAP/benchmark/test_input
Output base dir: /root/placement/MPDAP/output_gurobi_EMIB_chiplet_5_6_01_1
Found 1 test file(s)
Files to process: multigpu.json
================================================================================


[1/1] Processing: multigpu.json
  Core name: multigpu_core
  Log dir: /root/placement/MPDAP/output_gurobi_EMIB_chiplet_5_6_01_1/log/multigpu_core
  LP dir: /root/placement/MPDAP/output_gurobi_EMIB_chiplet_5_6_01_1/lp/multigpu_core
  Fig dir: /root/placement/MPDAP/output_gurobi_EMIB_chiplet_5_6_01_1/fig/multigpu_core
  Placement file: /root/placement/MPDAP/output_gurobi_EMIB_chiplet_5_6_01_1/placement/multigpu.json
2026-06-21 19:11:04 - INFO - Calling EMIB solver (Gurobi)...
node 0 w: 12.0, h: 12.0
node 1 w: 18.2, h: 18.2
node 2 w: 18.2, h: 18.2
node 3 w: 7.75, h: 11.87
node 4 w: 7.75, h: 11.87
node 5 w: 7.75, h: 11.87
  (A,B): node1=A, node2=B, wireCount=128, EMIBType=interfaceC, EMIB_length=3.2, EMIB_max_width=99.0, width=1.0, height=3.2, bump_width=0.5000
  (A,C): node1=A, node2=C, wireCount=128, EMIBType=interfaceC, EMIB_length=3.2, EMIB_max_width=99.0, width=1.0, height=3.2, bump_width=0.5000
  (A,D): node1=A, node2=D, wireCount=1024, EMIBType=interfaceB, EMIB_length=3.4133, EMIB_max_width=3.0, width=2.0, height=3.4133, bump_width=1.0000
  (B,C): node1=B, node2=C, wireCount=128, EMIBType=interfaceC, EMIB_length=3.2, EMIB_max_width=99.0, width=1.0, height=3.2, bump_width=0.5000
  (B,E): node1=B, node2=E, wireCount=1024, EMIBType=interfaceB, EMIB_length=3.4133, EMIB_max_width=3.0, width=2.0, height=3.4133, bump_width=1.0000
  (C,F): node1=C, node2=F, wireCount=1024, EMIBType=interfaceB, EMIB_length=3.4133, EMIB_max_width=3.0, width=2.0, height=3.4133, bump_width=1.0000
  (0,1): [A, B, 128, interfaceC, 3.2, 99.0]
  (0,2): [A, C, 128, interfaceC, 3.2, 99.0]
  (0,3): [A, D, 1024, interfaceB, 3.4133, 3.0]
  (1,2): [B, C, 128, interfaceC, 3.2, 99.0]
  (1,4): [B, E, 1024, interfaceB, 3.4133, 3.0]
  (2,5): [C, F, 1024, interfaceB, 3.4133, 3.0]
Set parameter WLSAccessID
2026-06-21 19:11:04 - INFO - Set parameter WLSAccessID
Set parameter WLSSecret
2026-06-21 19:11:04 - INFO - Set parameter WLSSecret
Set parameter LicenseID to value 2756663
2026-06-21 19:11:04 - INFO - Set parameter LicenseID to value 2756663
Academic license 2756663 - for non-commercial use only - registered to hu___@sjtu.edu.cn
2026-06-21 19:11:04 - INFO - Academic license 2756663 - for non-commercial use only - registered to hu___@sjtu.edu.cn
EMIB_w_var: {(0, 3): <gurobi.Var *Awaiting Model Update*>, (1, 4): <gurobi.Var *Awaiting Model Update*>, (2, 5): <gurobi.Var *Awaiting Model Update*>}
EMIB_h_var: {(0, 3): <gurobi.Var *Awaiting Model Update*>, (1, 4): <gurobi.Var *Awaiting Model Update*>, (2, 5): <gurobi.Var *Awaiting Model Update*>}
EMIB_connected_pairs: {(0, 3): EMIBNode(node1='A', node2='D', wireCount=1024, EMIBType='interfaceB', EMIB_length=3.4133, EMIB_bump_width=1.0, EMIB_max_width=3.0, width=2.0, height=3.4133), (1, 4): EMIBNode(node1='B', node2='E', wireCount=1024, EMIBType='interfaceB', EMIB_length=3.4133, EMIB_bump_width=1.0, EMIB_max_width=3.0, width=2.0, height=3.4133), (2, 5): EMIBNode(node1='C', node2='F', wireCount=1024, EMIBType='interfaceB', EMIB_length=3.4133, EMIB_bump_width=1.0, EMIB_max_width=3.0, width=2.0, height=3.4133)}
[POWER_AWARE] Mutual Distancing: ENABLED
[POWER_AWARE] Central Avoidance: ENABLED
[POWER_AWARE] Power Aware Optimization: ENABLED
[POWER_AWARE] Selected high-power chiplets: 2 (density threshold: 0.8905929235599567)
[POWER_AWARE] High-power chiplet indices: [1, 2]
[POWER_AWARE] Mutual Distancing: Creating constraints for 2 high-power chiplets
[POWER_AWARE] Mutual Distancing: Added distance constraints for all high-power pairs
[POWER_AWARE] Central Avoidance: Creating away-from-center constraints for 2 high-power chiplets
[DEBUG] chiplet 1 in top 30% power density, add away-from-center constraint
[DEBUG] chiplet 2 in top 30% power density, add away-from-center constraint
[POWER_AWARE] Central Avoidance: Added away-from-center constraints for 2 high-power chiplets
[DEBUG] L_avg: 32.90072187657894
[DEBUG] total_area: 1082.4575
[POWER_AWARE] Normalization factor calculation:
[POWER_AWARE]   - High-power chiplets: 2
[POWER_AWARE]   - Mutual Distancing enabled: True
[POWER_AWARE]   - Central Avoidance enabled: True
[POWER_AWARE]   - pair_sum (MD): 8.702500e+04
[POWER_AWARE]   - self_sum (CA): 1.740500e+05
[POWER_AWARE]   - total_sum (pair + self): 2.610750e+05
[POWER_AWARE]   - ref_power: 4.294778e+06
[DEBUG] ref_wirelength: 56852.44740272841
[DEBUG] ref_t: 65.80144375315788
[DEBUG] ref_power: 4294777.981963923
[DEBUG] ref_aspect: 12.36

================================================================================
[OBJECTIVE FUNCTION DETAILS]
================================================================================

[Normalization Reference Values]
  ref_wirelength: 5.685245e+04
  ref_t (area proxy): 6.580144e+01
  ref_power: 4.294778e+06
  ref_aspect: 1.236000e+01

[Beta Weights]
  beta_wire: 5.000000e+00
  beta_area: 6.000000e+00
  beta_aspect: 1.000000e-01
  beta_power: 1.000000e+00

[Objective Function Components]
  1. Wirelength term:
     norm_wirelength = wirelength / ref_wirelength
     contribution = beta_wire * norm_wirelength = 5.0 * norm_wirelength
  2. Area term:
     norm_t = t / ref_t
     contribution = beta_area * norm_t = 6.0 * norm_t
  3. Aspect Ratio term:
     norm_aspect = aspect_ratio_penalty / ref_aspect
     contribution = beta_aspect * norm_aspect = 0.1 * norm_aspect
  4. Power Awareness term:
     norm_power = power_aware_penalty / ref_power
     contribution = - beta_power * norm_power = - 1.0 * norm_power

[Objective Function Formula]
  minimize: 5.0 * wirelength/ref_wirelength
          + 6.0 * t/ref_t
          + 0.1 * aspect_ratio_penalty/ref_aspect
          - 1.0 * power_aware_penalty/ref_power
================================================================================


[EMIB] ILP Model construction completed. Analyzing model structure...
================================================================================
ILP MODEL ANALYSIS REPORT - Chiplet Placement ILP (Construction Complete)
Generated: 2026-06-21 19:11:04
================================================================================

[MODEL STRUCTURE]
  Constraints (rows):                      0
  Variables (columns):                     0
  Non-zero elements:                       0
  Objective coefficients:                  0

[VARIABLE TYPES]
  Continuous:                              0
  Integer:                                 0
  Binary:                                  0

[CONSTRAINT TYPES]

[COEFFICIENT STATISTICS]

[SOLVE STATISTICS]
  Status:                    Unknown(1)
  Solve time (s):                       0.00
  Solutions found:                         0
  Nodes explored:            (not available)
  Simplex iterations:        (not available)

[MEMORY USAGE]
  Initial memory:                     96.23 MB
  Peak memory:                         0.00 MB
  Final memory:                        0.00 MB
  Peak increase:                     -96.23 MB
  Final increase:                    -96.23 MB

================================================================================
Set parameter TimeLimit to value 300
2026-06-21 19:11:04 - INFO - Set parameter TimeLimit to value 300
Set parameter MIPGap to value 0
2026-06-21 19:11:04 - INFO - Set parameter MIPGap to value 0
Set parameter MIPFocus to value 3
2026-06-21 19:11:04 - INFO - Set parameter MIPFocus to value 3
Set parameter Heuristics to value 0.5
2026-06-21 19:11:04 - INFO - Set parameter Heuristics to value 0.5
Set parameter LogToConsole to value 1
2026-06-21 19:11:04 - INFO - Set parameter LogToConsole to value 1
Gurobi Optimizer version 13.0.1 build v13.0.1rc0 (linux64 - "Ubuntu 20.04.6 LTS")
2026-06-21 19:11:04 - INFO - Gurobi Optimizer version 13.0.1 build v13.0.1rc0 (linux64 - "Ubuntu 20.04.6 LTS")

2026-06-21 19:11:04 - INFO - 
CPU model: AMD Ryzen 9 9950X3D 16-Core Processor, instruction set [SSE2|AVX|AVX2|AVX512]
2026-06-21 19:11:04 - INFO - CPU model: AMD Ryzen 9 9950X3D 16-Core Processor, instruction set [SSE2|AVX|AVX2|AVX512]
Thread count: 14 physical cores, 28 logical processors, using up to 28 threads
2026-06-21 19:11:04 - INFO - Thread count: 14 physical cores, 28 logical processors, using up to 28 threads

2026-06-21 19:11:04 - INFO - 
Non-default parameters:
2026-06-21 19:11:04 - INFO - Non-default parameters:
TimeLimit  300
2026-06-21 19:11:04 - INFO - TimeLimit  300
MIPGap  0
2026-06-21 19:11:04 - INFO - MIPGap  0
Heuristics  0.5
2026-06-21 19:11:04 - INFO - Heuristics  0.5
MIPFocus  3
2026-06-21 19:11:04 - INFO - MIPFocus  3

2026-06-21 19:11:04 - INFO - 
Academic license 2756663 - for non-commercial use only - registered to hu___@sjtu.edu.cn
2026-06-21 19:11:04 - INFO - Academic license 2756663 - for non-commercial use only - registered to hu___@sjtu.edu.cn
Optimize a model with 465 rows, 228 columns and 1499 nonzeros (Min)
2026-06-21 19:11:04 - INFO - Optimize a model with 465 rows, 228 columns and 1499 nonzeros (Min)
Model fingerprint: 0x8e4441bc
2026-06-21 19:11:04 - INFO - Model fingerprint: 0x8e4441bc
Model has 4 linear objective coefficients
2026-06-21 19:11:04 - INFO - Model has 4 linear objective coefficients
Variable types: 117 continuous, 111 integer (111 binary)
2026-06-21 19:11:04 - INFO - Variable types: 117 continuous, 111 integer (111 binary)
Coefficient statistics:
2026-06-21 19:11:04 - INFO - Coefficient statistics:
  Matrix range     [5e-01, 9e+04]
2026-06-21 19:11:04 - INFO -   Matrix range     [5e-01, 9e+04]
  Objective range  [2e-07, 9e-02]
2026-06-21 19:11:04 - INFO -   Objective range  [2e-07, 9e-02]
  Bounds range     [1e+00, 7e+06]
2026-06-21 19:11:04 - INFO -   Bounds range     [1e+00, 7e+06]
  RHS range        [1e+00, 3e+02]
2026-06-21 19:11:04 - INFO -   RHS range        [1e+00, 3e+02]

2026-06-21 19:11:04 - INFO - 
Presolve removed 64 rows and 55 columns
2026-06-21 19:11:04 - INFO - Presolve removed 64 rows and 55 columns
Presolve time: 0.00s
2026-06-21 19:11:04 - INFO - Presolve time: 0.00s
Presolved: 401 rows, 173 columns, 1266 nonzeros
2026-06-21 19:11:04 - INFO - Presolved: 401 rows, 173 columns, 1266 nonzeros
Variable types: 71 continuous, 102 integer (102 binary)
2026-06-21 19:11:04 - INFO - Variable types: 71 continuous, 102 integer (102 binary)
Root relaxation presolve removed 27 rows and 8 columns
2026-06-21 19:11:04 - INFO - Root relaxation presolve removed 27 rows and 8 columns
Root relaxation presolved: 374 rows, 168 columns, 1207 nonzeros
2026-06-21 19:11:04 - INFO - Root relaxation presolved: 374 rows, 168 columns, 1207 nonzeros

2026-06-21 19:11:04 - INFO - 

2026-06-21 19:11:04 - INFO - 
Root relaxation: objective -6.753066e+00, 104 iterations, 0.00 seconds (0.00 work units)
2026-06-21 19:11:04 - INFO - Root relaxation: objective -6.753066e+00, 104 iterations, 0.00 seconds (0.00 work units)

2026-06-21 19:11:04 - INFO - 
    Nodes    |    Current Node    |     Objective Bounds      |     Work
2026-06-21 19:11:04 - INFO -     Nodes    |    Current Node    |     Objective Bounds      |     Work
 Expl Unexpl |  Obj  Depth IntInf | Incumbent    BestBd   Gap | It/Node Time
2026-06-21 19:11:04 - INFO -  Expl Unexpl |  Obj  Depth IntInf | Incumbent    BestBd   Gap | It/Node Time

2026-06-21 19:11:04 - INFO - 
     0     0   -6.75307    0   45          -   -6.75307      -     -    0s
2026-06-21 19:11:04 - INFO -      0     0   -6.75307    0   45          -   -6.75307      -     -    0s
H    0     0                      11.8900968   -6.75307   157%     -    0s
2026-06-21 19:11:04 - INFO - H    0     0                      11.8900968   -6.75307   157%     -    0s
H    0     0                      11.3700133   -6.75307   159%     -    0s
2026-06-21 19:11:04 - INFO - H    0     0                      11.3700133   -6.75307   159%     -    0s
H    0     0                       9.8105802   -3.15868   132%     -    0s
2026-06-21 19:11:04 - INFO - H    0     0                       9.8105802   -3.15868   132%     -    0s
     0     0   -3.15868    0   50    9.81058   -3.15868   132%     -    0s
2026-06-21 19:11:04 - INFO -      0     0   -3.15868    0   50    9.81058   -3.15868   132%     -    0s
     0     0   -3.15868    0   50    9.81058   -3.15868   132%     -    0s
2026-06-21 19:11:04 - INFO -      0     0   -3.15868    0   50    9.81058   -3.15868   132%     -    0s
H    0     0                       9.5677731   -2.11960   122%     -    0s
2026-06-21 19:11:04 - INFO - H    0     0                       9.5677731   -2.11960   122%     -    0s
H    0     0                       8.6506372   -2.11960   125%     -    0s
2026-06-21 19:11:04 - INFO - H    0     0                       8.6506372   -2.11960   125%     -    0s
     0     0    3.03733    0   50    8.65064    3.03733  64.9%     -    0s
2026-06-21 19:11:04 - INFO -      0     0    3.03733    0   50    8.65064    3.03733  64.9%     -    0s
     0     0    3.03733    0   50    8.65064    3.03733  64.9%     -    0s
2026-06-21 19:11:04 - INFO -      0     0    3.03733    0   50    8.65064    3.03733  64.9%     -    0s
     0     0    3.40928    0   45    8.65064    3.40928  60.6%     -    0s
2026-06-21 19:11:04 - INFO -      0     0    3.40928    0   45    8.65064    3.40928  60.6%     -    0s
     0     0    3.40928    0   45    8.65064    3.40928  60.6%     -    0s
2026-06-21 19:11:04 - INFO -      0     0    3.40928    0   45    8.65064    3.40928  60.6%     -    0s
     0     0    3.40928    0   45    8.65064    3.40928  60.6%     -    0s
2026-06-21 19:11:04 - INFO -      0     0    3.40928    0   45    8.65064    3.40928  60.6%     -    0s
     0     0    4.94400    0   46    8.65064    4.94400  42.8%     -    0s
2026-06-21 19:11:04 - INFO -      0     0    4.94400    0   46    8.65064    4.94400  42.8%     -    0s
     0     0    4.99701    0   54    8.65064    4.99701  42.2%     -    0s
2026-06-21 19:11:04 - INFO -      0     0    4.99701    0   54    8.65064    4.99701  42.2%     -    0s
     0     0    4.99701    0   51    8.65064    4.99701  42.2%     -    0s
2026-06-21 19:11:04 - INFO -      0     0    4.99701    0   51    8.65064    4.99701  42.2%     -    0s
     0     0    4.99701    0   52    8.65064    4.99701  42.2%     -    0s
2026-06-21 19:11:04 - INFO -      0     0    4.99701    0   52    8.65064    4.99701  42.2%     -    0s
     0     0    5.47490    0   60    8.65064    5.47490  36.7%     -    0s
2026-06-21 19:11:04 - INFO -      0     0    5.47490    0   60    8.65064    5.47490  36.7%     -    0s
     0     0    5.47490    0   59    8.65064    5.47490  36.7%     -    0s
2026-06-21 19:11:04 - INFO -      0     0    5.47490    0   59    8.65064    5.47490  36.7%     -    0s
     0     0    5.47490    0   48    8.65064    5.47490  36.7%     -    0s
2026-06-21 19:11:04 - INFO -      0     0    5.47490    0   48    8.65064    5.47490  36.7%     -    0s
H    0     0                       8.4155863    5.74094  31.8%     -    0s
2026-06-21 19:11:04 - INFO - H    0     0                       8.4155863    5.74094  31.8%     -    0s
H    0     0                       8.3671803    5.74094  31.4%     -    0s
2026-06-21 19:11:04 - INFO - H    0     0                       8.3671803    5.74094  31.4%     -    0s
H    0     0                       8.1305537    5.74094  29.4%     -    0s
2026-06-21 19:11:04 - INFO - H    0     0                       8.1305537    5.74094  29.4%     -    0s
     0     0    5.74094    0   62    8.13055    5.74094  29.4%     -    0s
2026-06-21 19:11:04 - INFO -      0     0    5.74094    0   62    8.13055    5.74094  29.4%     -    0s
     0     0    5.99052    0   62    8.13055    5.99052  26.3%     -    0s
2026-06-21 19:11:04 - INFO -      0     0    5.99052    0   62    8.13055    5.99052  26.3%     -    0s
     0     0    6.02322    0   71    8.13055    6.02322  25.9%     -    0s
2026-06-21 19:11:04 - INFO -      0     0    6.02322    0   71    8.13055    6.02322  25.9%     -    0s
     0     0    6.02333    0   72    8.13055    6.02333  25.9%     -    0s
2026-06-21 19:11:04 - INFO -      0     0    6.02333    0   72    8.13055    6.02333  25.9%     -    0s
     0     0    6.47331    0   66    8.13055    6.47331  20.4%     -    0s
2026-06-21 19:11:04 - INFO -      0     0    6.47331    0   66    8.13055    6.47331  20.4%     -    0s
     0     0    6.47331    0   66    8.13055    6.47331  20.4%     -    0s
2026-06-21 19:11:04 - INFO -      0     0    6.47331    0   66    8.13055    6.47331  20.4%     -    0s
     0     0    6.47331    0   58    8.13055    6.47331  20.4%     -    0s
2026-06-21 19:11:04 - INFO -      0     0    6.47331    0   58    8.13055    6.47331  20.4%     -    0s
     0     0    6.52815    0   62    8.13055    6.52815  19.7%     -    0s
2026-06-21 19:11:04 - INFO -      0     0    6.52815    0   62    8.13055    6.52815  19.7%     -    0s
     0     0    6.55565    0   68    8.13055    6.55565  19.4%     -    0s
2026-06-21 19:11:04 - INFO -      0     0    6.55565    0   68    8.13055    6.55565  19.4%     -    0s
     0     0    6.56134    0   68    8.13055    6.56134  19.3%     -    0s
2026-06-21 19:11:04 - INFO -      0     0    6.56134    0   68    8.13055    6.56134  19.3%     -    0s
     0     0    6.92453    0   55    8.13055    6.92453  14.8%     -    0s
2026-06-21 19:11:04 - INFO -      0     0    6.92453    0   55    8.13055    6.92453  14.8%     -    0s
     0     0    6.92453    0   55    8.13055    6.92453  14.8%     -    0s
2026-06-21 19:11:04 - INFO -      0     0    6.92453    0   55    8.13055    6.92453  14.8%     -    0s
     0     0    6.92453    0   38    8.13055    6.92453  14.8%     -    0s
2026-06-21 19:11:04 - INFO -      0     0    6.92453    0   38    8.13055    6.92453  14.8%     -    0s
     0     0    6.92944    0   62    8.13055    6.92944  14.8%     -    0s
2026-06-21 19:11:04 - INFO -      0     0    6.92944    0   62    8.13055    6.92944  14.8%     -    0s
H    0     0                       8.0233922    6.92944  13.6%     -    0s
2026-06-21 19:11:04 - INFO - H    0     0                       8.0233922    6.92944  13.6%     -    0s
     0     0    7.08562    0   51    8.02339    7.08562  11.7%     -    0s
2026-06-21 19:11:04 - INFO -      0     0    7.08562    0   51    8.02339    7.08562  11.7%     -    0s
     0     0    7.08562    0   51    8.02339    7.08562  11.7%     -    0s
2026-06-21 19:11:04 - INFO -      0     0    7.08562    0   51    8.02339    7.08562  11.7%     -    0s
     0     0    7.08562    0   42    8.02339    7.08562  11.7%     -    0s
2026-06-21 19:11:05 - INFO -      0     0    7.08562    0   42    8.02339    7.08562  11.7%     -    0s
     0     0    7.10049    0   52    8.02339    7.10049  11.5%     -    0s
2026-06-21 19:11:05 - INFO -      0     0    7.10049    0   52    8.02339    7.10049  11.5%     -    0s
     0     0    7.12858    0   61    8.02339    7.12858  11.2%     -    0s
2026-06-21 19:11:05 - INFO -      0     0    7.12858    0   61    8.02339    7.12858  11.2%     -    0s
     0     0    7.12858    0   60    8.02339    7.12858  11.2%     -    0s
2026-06-21 19:11:05 - INFO -      0     0    7.12858    0   60    8.02339    7.12858  11.2%     -    0s
     0     0    7.12858    0   54    8.02339    7.12858  11.2%     -    0s
2026-06-21 19:11:05 - INFO -      0     0    7.12858    0   54    8.02339    7.12858  11.2%     -    0s
     0     0    7.15983    0   59    8.02339    7.15983  10.8%     -    0s
2026-06-21 19:11:05 - INFO -      0     0    7.15983    0   59    8.02339    7.15983  10.8%     -    0s
     0     0    7.19382    0   43    8.02339    7.19382  10.3%     -    0s
2026-06-21 19:11:05 - INFO -      0     0    7.19382    0   43    8.02339    7.19382  10.3%     -    0s
     0     0    7.19382    0   43    8.02339    7.19382  10.3%     -    0s
2026-06-21 19:11:05 - INFO -      0     0    7.19382    0   43    8.02339    7.19382  10.3%     -    0s
     0     0    7.19382    0   38    8.02339    7.19382  10.3%     -    0s
2026-06-21 19:11:05 - INFO -      0     0    7.19382    0   38    8.02339    7.19382  10.3%     -    0s
     0     0    7.19382    0   38    8.02339    7.19382  10.3%     -    0s
2026-06-21 19:11:05 - INFO -      0     0    7.19382    0   38    8.02339    7.19382  10.3%     -    0s
     0     0    7.19382    0   38    8.02339    7.19382  10.3%     -    0s
2026-06-21 19:11:05 - INFO -      0     0    7.19382    0   38    8.02339    7.19382  10.3%     -    0s
     0     2    7.19382    0   35    8.02339    7.19382  10.3%     -    0s
2026-06-21 19:11:05 - INFO -      0     2    7.19382    0   35    8.02339    7.19382  10.3%     -    0s
H  521   451                       8.0233921    7.52912  6.16%  53.0    1s
2026-06-21 19:11:05 - INFO - H  521   451                       8.0233921    7.52912  6.16%  53.0    1s
H  544   464                       8.0233921    7.53086  6.14%  52.5    1s
2026-06-21 19:11:05 - INFO - H  544   464                       8.0233921    7.53086  6.14%  52.5    1s
H  712   584                       8.0233921    7.59187  5.38%  52.1    1s
2026-06-21 19:11:06 - INFO - H  712   584                       8.0233921    7.59187  5.38%  52.1    1s
H  735   584                       8.0233921    7.59865  5.29%  52.2    1s
2026-06-21 19:11:06 - INFO - H  735   584                       8.0233921    7.59865  5.29%  52.2    1s
H 2293  1006                       8.0233921    7.81854  2.55%  38.7    1s
2026-06-21 19:11:06 - INFO - H 2293  1006                       8.0233921    7.81854  2.55%  38.7    1s

2026-06-21 19:11:06 - INFO - 
Cutting planes:
2026-06-21 19:11:06 - INFO - Cutting planes:
  Learned: 50
2026-06-21 19:11:06 - INFO -   Learned: 50
  Gomory: 94
2026-06-21 19:11:06 - INFO -   Gomory: 94
  Lift-and-project: 30
2026-06-21 19:11:06 - INFO -   Lift-and-project: 30
  Cover: 15
2026-06-21 19:11:06 - INFO -   Cover: 15
  Implied bound: 53
2026-06-21 19:11:06 - INFO -   Implied bound: 53
  Clique: 10
2026-06-21 19:11:06 - INFO -   Clique: 10
  MIR: 337
2026-06-21 19:11:06 - INFO -   MIR: 337
  Mixing: 20
2026-06-21 19:11:06 - INFO -   Mixing: 20
  StrongCG: 1
2026-06-21 19:11:06 - INFO -   StrongCG: 1
  Flow cover: 931
2026-06-21 19:11:06 - INFO -   Flow cover: 931
  Network: 5
2026-06-21 19:11:06 - INFO -   Network: 5
  RLT: 59
2026-06-21 19:11:06 - INFO -   RLT: 59
  Relax-and-lift: 107
2026-06-21 19:11:06 - INFO -   Relax-and-lift: 107
  BQP: 1
2026-06-21 19:11:06 - INFO -   BQP: 1
  PSD: 6
2026-06-21 19:11:06 - INFO -   PSD: 6

2026-06-21 19:11:06 - INFO - 
Explored 5185 nodes (135563 simplex iterations) in 1.91 seconds (3.34 work units)
2026-06-21 19:11:06 - INFO - Explored 5185 nodes (135563 simplex iterations) in 1.91 seconds (3.34 work units)
Thread count was 28 (of 28 available processors)
2026-06-21 19:11:06 - INFO - Thread count was 28 (of 28 available processors)

2026-06-21 19:11:06 - INFO - 
Solution count 10: 8.02339 8.02339 8.13055 ... 11.8901
2026-06-21 19:11:06 - INFO - Solution count 10: 8.02339 8.02339 8.13055 ... 11.8901

2026-06-21 19:11:06 - INFO - 
Optimal solution found (tolerance 0.00e+00)
2026-06-21 19:11:06 - INFO - Optimal solution found (tolerance 0.00e+00)
Best objective 8.023392104117e+00, best bound 8.023392104117e+00, gap 0.0000%
2026-06-21 19:11:06 - INFO - Best objective 8.023392104117e+00, best bound 8.023392104117e+00, gap 0.0000%
[EMIB] Solve done: MIPGap=0.0, status=Optimal, Obj=8.023392, time=1.92s, SolCount=10


================================================================================
ILP MODEL ANALYSIS REPORT - Chiplet Placement ILP (Gap=0.0)
Generated: 2026-06-21 19:11:06
================================================================================

[MODEL STRUCTURE]
  Constraints (rows):                    465
  Variables (columns):                   228
  Non-zero elements:                    1499
  Objective coefficients:                  4

[VARIABLE TYPES]
  Continuous:                            117
  Integer:                                 0
  Binary:                                111

[CONSTRAINT TYPES]
  <= constraints:                              234
  == constraints:                               81
  >= constraints:                              150

[COEFFICIENT STATISTICS]
  Matrix range:              [5.00e-01, 8.70e+04]
  Objective range:           [2.33e-07, 9.12e-02]
  Bounds range:              [-2.82e+02, 6.93e+06]

[SOLVE STATISTICS]
  Status:                    Optimal
  Objective value:                  8.023392
  Best bound:                       8.023392
  MIP gap:                           0.0000%
  Solve time (s):                       1.92
  Solutions found:                        10
  Nodes explored:                     5185.0
  Simplex iterations:               135563.0

[MEMORY USAGE]
  Initial memory:                     96.87 MB
  Peak memory:                       194.01 MB
  Final memory:                      194.01 MB
  Peak increase:                      97.14 MB
  Final increase:                     97.14 MB

================================================================================

================================================================================
[OBJECTIVE FUNCTION BREAKDOWN - SOLUTION VALUES]
================================================================================

[Actual Variable Values]
  wirelength: 4.638336e+04
  bbox_area_proxy_t: 5.937600e+01
  aspect_ratio_penalty: 7.750000e+00
  power_aware_penalty: 6.582571e+06

[Normalized Values]
  norm_wirelength = 4.638336e+04 / 5.685245e+04 = 8.158551e-01
  norm_t = 5.937600e+01 / 6.580144e+01 = 9.023510e-01
  norm_aspect = 7.750000e+00 / 1.236000e+01 = 6.270226e-01
  norm_power = 6.582571e+06 / 4.294778e+06 = 1.532692e+00

[Weighted Contributions]
  1. Wirelength: 5.000000e+00 * 8.158551e-01 = 4.079276e+00
  2. Area: 6.000000e+00 * 9.023510e-01 = 5.414106e+00
  3. Aspect Ratio: 1.000000e-01 * 6.270226e-01 = 6.270226e-02
  4. Power Awareness: -1.000000e+00 * 1.532692e+00 = -1.532692e+00

[Total Objective Value]
  4.079276e+00 + 5.414106e+00 + 6.270226e-02 - 1.532692e+00
  = 8.023392e+00
================================================================================

[EMIB] Solve succeeded (Optimal)
[EMIB] placement JSON saved: /root/placement/MPDAP/output_gurobi_EMIB_chiplet_5_6_01_1/placement/multigpu.json
[EMIB] Layout figure saved: /root/placement/MPDAP/output_gurobi_EMIB_chiplet_5_6_01_1/fig/multigpu_core/solution_1_layout_gurobi.png
2026-06-21 19:11:08 - INFO - 
EMIB returned 1 solution(s) (max 1).
  ✓ EMIB: 1 solution(s)

================================================================================
Batch test done (Gurobi)
  Total time: 3.36 s
================================================================================
File summary:
  Success: 1/1
  Failed: 0/1
Solution count:
  Found: 1/1

Details:
  ✓ multigpu.json -> multigpu_core: 1 solution(s)
    Log dir: /root/placement/MPDAP/output_gurobi_EMIB_chiplet_5_6_01_1/log/multigpu_core
    LP dir: /root/placement/MPDAP/output_gurobi_EMIB_chiplet_5_6_01_1/lp/multigpu_core
    Fig dir: /root/placement/MPDAP/output_gurobi_EMIB_chiplet_5_6_01_1/fig/multigpu_core
    Placement: /root/placement/MPDAP/output_gurobi_EMIB_chiplet_5_6_01_1/placement/multigpu.json
================================================================================

