node 0 w: 7.0, h: 5.0
node 1 w: 5.0, h: 5.0
node 2 w: 6.0, h:2026-06-21 22:01:38 - INFO - Set parameter WLSAccessID
2026-06-21 22:01:38 - INFO - Set parameter WLSSecret
2026-06-21 22:01:38 - INFO - Set parameter LicenseID to value 2756663
2026-06-21 22:01:38 - INFO - Academic license 2756663 - for non-commercial use only - registered to hu___@sjtu.edu.cn
2026-06-21 22:01:38 - INFO - Set parameter TimeLimit to value 300
2026-06-21 22:01:38 - INFO - Set parameter MIPGap to value 0
2026-06-21 22:01:38 - INFO - Set parameter MIPFocus to value 3
2026-06-21 22:01:38 - INFO - Set parameter Heuristics to value 0.5
2026-06-21 22:01:38 - INFO - Set parameter LogToConsole to value 1
2026-06-21 22:01:38 - INFO - Gurobi Optimizer version 13.0.1 build v13.0.1rc0 (linux64 - "Ubuntu 20.04.6 LTS")
2026-06-21 22:01:38 - INFO - 
2026-06-21 22:01:38 - INFO - CPU model: AMD Ryzen 9 9950X3D 16-Core Processor, instruction set [SSE2|AVX|AVX2|AVX512]
2026-06-21 22:01:38 - INFO - Thread count: 14 physical cores, 28 logical processors, using up to 28 threads
2026-06-21 22:01:38 - INFO - 
2026-06-21 22:01:38 - INFO - Non-default parameters:
2026-06-21 22:01:38 - INFO - TimeLimit  300
2026-06-21 22:01:38 - INFO - MIPGap  0
2026-06-21 22:01:38 - INFO - Heuristics  0.5
2026-06-21 22:01:38 - INFO - MIPFocus  3
2026-06-21 22:01:38 - INFO - 
2026-06-21 22:01:38 - INFO - Academic license 2756663 - for non-commercial use only - registered to hu___@sjtu.edu.cn
2026-06-21 22:01:38 - INFO - Optimize a model with 2249 rows, 1033 columns and 7687 nonzeros (Min)
2026-06-21 22:01:38 - INFO - Model fingerprint: 0x1fc0fde5
2026-06-21 22:01:38 - INFO - Model has 4 linear objective coefficients
2026-06-21 22:01:38 - INFO - Variable types: 392 continuous, 641 integer (641 binary)
2026-06-21 22:01:38 - INFO - Coefficient statistics:
2026-06-21 22:01:38 - INFO -   Matrix range     [3e-01, 2e+03]
2026-06-21 22:01:38 - INFO -   Objective range  [5e-07, 1e-01]
2026-06-21 22:01:38 - INFO -   Bounds range     [9e-01, 3e+07]
2026-06-21 22:01:38 - INFO -   RHS range        [9e-01, 2e+02]
2026-06-21 22:01:38 - INFO - 
2026-06-21 22:01:38 - INFO - Presolve removed 167 rows and 145 columns
2026-06-21 22:01:38 - INFO - Presolve time: 0.01s
2026-06-21 22:01:38 - INFO - Presolved: 2082 rows, 888 columns, 6802 nonzeros
2026-06-21 22:01:38 - INFO - Variable types: 279 continuous, 609 integer (609 binary)
2026-06-21 22:01:38 - INFO - Root relaxation presolve removed 276 rows and 80 columns
2026-06-21 22:01:38 - INFO - Root relaxation presolved: 1806 rows, 840 columns, 6166 nonzeros
2026-06-21 22:01:38 - INFO - 
2026-06-21 22:01:38 - INFO - 
2026-06-21 22:01:38 - INFO - Root relaxation: objective 1.406740e-01, 455 iterations, 0.01 seconds (0.01 work units)
2026-06-21 22:01:38 - INFO - 
2026-06-21 22:01:38 - INFO -     Nodes    |    Current Node    |     Objective Bounds      |     Work
2026-06-21 22:01:38 - INFO -  Expl Unexpl |  Obj  Depth IntInf | Incumbent    BestBd   Gap | It/Node Time
2026-06-21 22:01:38 - INFO - 
2026-06-21 22:01:38 - INFO -      0     0    0.14067    0  269          -    0.14067      -     -    0s
2026-06-21 22:01:38 - INFO -      0     0    0.37117    0  322          -    0.37117      -     -    0s
2026-06-21 22:01:38 - INFO -      0     0    0.37117    0  322          -    0.37117      -     -    0s
2026-06-21 22:01:38 - INFO -      0     0    0.37117    0  291          -    0.37117      -     -    0s
2026-06-21 22:01:38 - INFO -      0     0    1.08807    0  298          -    1.08807      -     -    0s
2026-06-21 22:01:38 - INFO -      0     0    1.52554    0  311          -    1.52554      -     -    0s
2026-06-21 22:01:38 - INFO -      0     0    1.52554    0  295          -    1.52554      -     -    0s
2026-06-21 22:01:39 - INFO -      0     0    1.67463    0  316          -    1.67463      -     -    0s
2026-06-21 22:01:39 - INFO -      0     0    1.68968    0  310          -    1.68968      -     -    0s
2026-06-21 22:01:39 - INFO -      0     0    1.71584    0  324          -    1.71584      -     -    0s
2026-06-21 22:01:39 - INFO -      0     0    1.72283    0  333          -    1.72283      -     -    0s
2026-06-21 22:01:39 - INFO -      0     0    1.73097    0  326          -    1.73097      -     -    0s
2026-06-21 22:01:39 - INFO -      0     0    1.73257    0  337          -    1.73257      -     -    0s
2026-06-21 22:01:39 - INFO -      0     0    1.73272    0  342          -    1.73272      -     -    0s
2026-06-21 22:01:39 - INFO -      0     0    2.30594    0  354          -    2.30594      -     -    0s
2026-06-21 22:01:39 - INFO -      0     0    2.30594    0  354          -    2.30594      -     -    0s
2026-06-21 22:01:39 - INFO -      0     0    2.30594    0  337          -    2.30594      -     -    1s
2026-06-21 22:01:39 - INFO -      0     0    2.31683    0  354          -    2.31683      -     -    1s
2026-06-21 22:01:39 - INFO -      0     0    2.33873    0  355          -    2.33873      -     -    1s
2026-06-21 22:01:39 - INFO -      0     0    2.34253    0  363          -    2.34253      -     -    1s
2026-06-21 22:01:39 - INFO -      0     0    2.34653    0  368          -    2.34653      -     -    1s
2026-06-21 22:01:39 - INFO -      0     0    2.34914    0  365          -    2.34914      -     -    1s
2026-06-21 22:01:39 - INFO -      0     0    2.35162    0  361          -    2.35162      -     -    1s
2026-06-21 22:01:39 - INFO -      0     0    2.35209    0  366          -    2.35209      -     -    1s
2026-06-21 22:01:39 - INFO -      0     0    2.98341    0  354          -    2.98341      -     -    1s
2026-06-21 22:01:39 - INFO -      0     0    2.98341    0  354          -    2.98341      -     -    1s
2026-06-21 22:01:40 - INFO -      0     0    2.98341    0  354          -    2.98341      -     -    1s
2026-06-21 22:01:40 - INFO -      0     0    3.04751    0  356          -    3.04751      -     -    1s
2026-06-21 22:01:40 - INFO -      0     0    3.06790    0  368          -    3.06790      -     -    1s
2026-06-21 22:01:40 - INFO -      0     0    3.07793    0  364          -    3.07793      -     -    1s
2026-06-21 22:01:40 - INFO -      0     0    3.08723    0  372          -    3.08723      -     -    1s
2026-06-21 22:01:40 - INFO -      0     0    3.09192    0  376          -    3.09192      -     -    1s
2026-06-21 22:01:40 - INFO -      0     0    3.09263    0  386          -    3.09263      -     -    1s
2026-06-21 22:01:40 - INFO -      0     0    3.29445    0  378          -    3.29445      -     -    1s
2026-06-21 22:01:40 - INFO -      0     0    3.29445    0  377          -    3.29445      -     -    1s
2026-06-21 22:01:40 - INFO -      0     0    3.29445    0  377          -    3.29445      -     -    2s
2026-06-21 22:01:40 - INFO -      0     0    3.31147    0  391          -    3.31147      -     -    2s
2026-06-21 22:01:40 - INFO -      0     0    3.31995    0  378          -    3.31995      -     -    2s
2026-06-21 22:01:40 - INFO -      0     0    3.32717    0  398          -    3.32717      -     -    2s
2026-06-21 22:01:40 - INFO -      0     0    3.32893    0  401          -    3.32893      -     -    2s
2026-06-21 22:01:40 - INFO -      0     0    3.41373    0  407          -    3.41373      -     -    2s
2026-06-21 22:01:40 - INFO -      0     0    3.41373    0  407          -    3.41373      -     -    2s
2026-06-21 22:01:41 - INFO -      0     0    3.41373    0  385          -    3.41373      -     -    2s
2026-06-21 22:01:41 - INFO -      0     0    3.42187    0  392          -    3.42187      -     -    2s
2026-06-21 22:01:41 - INFO -      0     0    3.42362    0  404          -    3.42362      -     -    2s
2026-06-21 22:01:41 - INFO -      0     0    3.42427    0  415          -    3.42427      -     -    2s
2026-06-21 22:01:41 - INFO -      0     0    3.48428    0  408          -    3.48428      -     -    3s
2026-06-21 22:01:41 - INFO -      0     0    3.48428    0  408          -    3.48428      -     -    3s
2026-06-21 22:01:41 - INFO -      0     0    3.48428    0  382          -    3.48428      -     -    3s
2026-06-21 22:01:41 - INFO -      0     0    3.48892    0  399          -    3.48892      -     -    3s
2026-06-21 22:01:41 - INFO -      0     0    3.48892    0  398          -    3.48892      -     -    3s
2026-06-21 22:01:41 - INFO -      0     0    3.49057    0  415          -    3.49057      -     -    3s
2026-06-21 22:01:41 - INFO -      0     0    3.53689    0  381          -    3.53689      -     -    3s
2026-06-21 22:01:42 - INFO -      0     0    3.53689    0  379          -    3.53689      -     -    3s
2026-06-21 22:01:42 - INFO -      0     0    3.55153    0  405          -    3.55153      -     -    3s
2026-06-21 22:01:42 - INFO -      0     0    3.55153    0  405          -    3.55153      -     -    3s
2026-06-21 22:01:42 - INFO -      0     0    3.55153    0  411          -    3.55153      -     -    3s
2026-06-21 22:01:42 - INFO -      0     0    3.55153    0  415          -    3.55153      -     -    3s
2026-06-21 22:01:42 - INFO -      0     0    3.55153    0  418          -    3.55153      -     -    3s
2026-06-21 22:01:42 - INFO -      0     0    3.55310    0  419          -    3.55310      -     -    3s
2026-06-21 22:01:42 - INFO -      0     0    3.55470    0  422          -    3.55470      -     -    3s
2026-06-21 22:01:42 - INFO -      0     0    3.63450    0  402          -    3.63450      -     -    4s
2026-06-21 22:01:42 - INFO -      0     0    3.63450    0  402          -    3.63450      -     -    4s
2026-06-21 22:01:42 - INFO -      0     0    3.63450    0  369          -    3.63450      -     -    4s
2026-06-21 22:01:42 - INFO -      0     0    3.64163    0  392          -    3.64163      -     -    4s
2026-06-21 22:01:42 - INFO -      0     0    3.64948    0  402          -    3.64948      -     -    4s
2026-06-21 22:01:42 - INFO -      0     0    3.65154    0  425          -    3.65154      -     -    4s
2026-06-21 22:01:42 - INFO -      0     0    3.65333    0  436          -    3.65333      -     -    4s
2026-06-21 22:01:42 - INFO -      0     0    3.69803    0  407          -    3.69803      -     -    4s
2026-06-21 22:01:42 - INFO -      0     0    3.69803    0  405          -    3.69803      -     -    4s
2026-06-21 22:01:43 - INFO -      0     0    3.69803    0  379          -    3.69803      -     -    4s
2026-06-21 22:01:43 - INFO -      0     0    3.71875    0  416          -    3.71875      -     -    4s
2026-06-21 22:01:43 - INFO -      0     0    3.72129    0  429          -    3.72129      -     -    4s
2026-06-21 22:01:43 - INFO -      0     0    3.72650    0  436          -    3.72650      -     -    4s
2026-06-21 22:01:43 - INFO -      0     0    3.72755    0  442          -    3.72755      -     -    4s
2026-06-21 22:01:43 - INFO -      0     0    3.76490    0  423          -    3.76490      -     -    5s
2026-06-21 22:01:43 - INFO -      0     0    3.76490    0  423          -    3.76490      -     -    5s
2026-06-21 22:01:43 - INFO -      0     0    3.76490    0  392          -    3.76490      -     -    5s
2026-06-21 22:01:43 - INFO -      0     0    3.76844    0  397          -    3.76844      -     -    5s
2026-06-21 22:01:43 - INFO -      0     0    3.76912    0  417          -    3.76912      -     -    5s
2026-06-21 22:01:43 - INFO -      0     0    3.80555    0  411          -    3.80555      -     -    5s
2026-06-21 22:01:43 - INFO -      0     0    3.80555    0  411          -    3.80555      -     -    5s
2026-06-21 22:01:44 - INFO -      0     0    3.80555    0  411          -    3.80555      -     -    5s
2026-06-21 22:01:44 - INFO -      0     0    3.81115    0  422          -    3.81115      -     -    5s
2026-06-21 22:01:44 - INFO -      0     0    3.81412    0  435          -    3.81412      -     -    5s
2026-06-21 22:01:44 - INFO -      0     0    3.81554    0  437          -    3.81554      -     -    5s
2026-06-21 22:01:44 - INFO -      0     0    3.82856    0  444          -    3.82856      -     -    5s
2026-06-21 22:01:44 - INFO -      0     0    3.82856    0  444          -    3.82856      -     -    5s
2026-06-21 22:01:44 - INFO -      0     0    3.82856    0  402          -    3.82856      -     -    6s
2026-06-21 22:01:44 - INFO -      0     0    3.82999    0  431          -    3.82999      -     -    6s
2026-06-21 22:01:44 - INFO -      0     0    3.84965    0  421          -    3.84965      -     -    6s
2026-06-21 22:01:44 - INFO -      0     0    3.84965    0  392          -    3.84965      -     -    6s
2026-06-21 22:01:44 - INFO -      0     0    3.84980    0  389          -    3.84980      -     -    6s
2026-06-21 22:01:44 - INFO -      0     0    3.84980    0  370          -    3.84980      -     -    6s
2026-06-21 22:01:46 - INFO -      0     2    3.84980    0  366          -    3.84980      -     -    8s
2026-06-21 22:01:48 - INFO -    283   304    4.13749    9  385          -    4.07173      -   493   10s
2026-06-21 22:01:53 - INFO -   2084  1952    4.80620   13  453          -    4.27685      -   224   15s
2026-06-21 22:01:58 - INFO -   2104  1965    4.51440   11  416          -    4.51440      -   222   20s
2026-06-21 22:02:03 - INFO -   2119  1975    4.61205   14  400          -    4.61205      -   220   25s
2026-06-21 22:02:08 - INFO -   4556  3353    5.82499   21  254          -    5.42086      -   198   30s
2026-06-21 22:02:13 - INFO -   7942  5279    5.59049   22  291          -    5.52218      -   173   35s
2026-06-21 22:02:18 - INFO -  14286 11009    5.65884   20  322          -    5.59618      -   138   40s
2026-06-21 22:02:23 - INFO -  17336 12610    6.51172   24  249          -    5.67330      -   131   45s
2026-06-21 22:02:28 - INFO -  19678 15393    6.09451   21  306          -    5.74201      -   128   50s
2026-06-21 22:02:33 - INFO -  42247 32168    6.57191   27  248          -    5.85027      -  88.7   55s
2026-06-21 22:02:35 - INFO - H53339 38448                      11.1679500    5.89900  47.2%  81.4   57s
2026-06-21 22:02:35 - INFO - H53534 38462                      11.0892265    5.90267  46.8%  81.6   57s
2026-06-21 22:02:35 - INFO - H53542 38461                      11.0812960    5.90359  46.7%  81.6   57s
2026-06-21 22:02:38 - INFO -  54374 39133    6.49968   30  254   11.08130    5.92154  46.6%  83.2   60s
2026-06-21 22:02:38 - INFO - H54413 39154                      11.0654350    5.92536  46.5%  83.7   60s
2026-06-21 22:02:38 - INFO - H54419 39130                      10.7726452    5.92702  45.0%  83.7   60s
2026-06-21 22:02:38 - INFO - H54430 39048                      10.3629362    5.92818  42.8%  83.9   60s
2026-06-21 22:02:39 - INFO - H55149 39608                      10.3522035    5.93786  42.6%  85.2   61s
2026-06-21 22:02:41 - INFO - H56561 41225                      10.1265084    5.95368  41.2%  87.5   63s
2026-06-21 22:02:41 - INFO - H56587 41202                      10.0837513    5.95378  41.0%  87.6   63s
2026-06-21 22:02:41 - INFO - H56630 41202                      10.0835120    5.95732  40.9%  87.7   63s
2026-06-21 22:02:41 - INFO - H57011 41159                       9.9841040    5.96158  40.3%  88.4   63s
2026-06-21 22:02:42 - INFO - H57190 41188                       9.9840985    5.96756  40.2%  88.8   63s
2026-06-21 22:02:42 - INFO - H57196 41183                       9.9773369    5.96831  40.2%  88.8   63s
2026-06-21 22:02:42 - INFO - H57207 40963                       9.7546878    5.97085  38.8%  89.0   63s
2026-06-21 22:02:43 - INFO - H57233 40979                       9.7479207    5.97362  38.7%  89.2   64s
2026-06-21 22:02:43 - INFO -  57255 41809    6.86057   29  206    9.74792    5.97595  38.7%  89.5   65s
2026-06-21 22:02:45 - INFO - H58266 43147                       9.6515235    5.98238  38.0%  90.9   66s
2026-06-21 22:02:45 - INFO - H58329 43127                       9.6274588    5.98264  37.9%  91.0   66s
2026-06-21 22:02:45 - INFO - H58859 43120                       9.6181537    5.98427  37.8%  91.7   66s
2026-06-21 22:02:46 - INFO - H60044 43509                       9.6180079    5.99625  37.7%  93.3   68s
2026-06-21 22:02:49 - INFO -  60550 46849    6.15874   25  316    9.61801    6.00984  37.5%  94.3   70s
2026-06-21 22:02:54 - INFO -  64686 47009    6.16851   33  309    9.61801    6.05288  37.1%  99.1   76s
2026-06-21 22:02:59 - INFO -  65853 48587    7.12076   21  235    9.61801    6.06045  37.0%   101   81s
2026-06-21 22:03:03 - INFO -  66826 48844    6.29783   33  253    9.61801    6.06717  36.9%   102   85s
2026-06-21 22:03:09 - INFO -  67954 50230    7.34076   35  198    9.61801    6.07869  36.8%   103   91s
2026-06-21 22:03:16 - INFO -  71415 55993    6.14077   29  283    9.61801    6.08539  36.7%   107   98s
2026-06-21 22:03:16 - INFO - H72275 55981                       9.6046091    6.08829  36.6%   107   98s
2026-06-21 22:03:20 - INFO -  75975 58804 infeasible   40         9.60461    6.12250  36.3%   110  101s
2026-06-21 22:03:23 - INFO -  79427 61901    6.97930   32  307    9.60461    6.16088  35.9%   113  105s
2026-06-21 22:03:26 - INFO - H84168 64801                       9.5697959    6.18382  35.4%   116  108s
2026-06-21 22:03:29 - INFO -  86694 67335 infeasible   32         9.56980    6.20025  35.2%   117  110s
2026-06-21 22:03:29 - INFO - H86819 67280                       9.5261031    6.20025  34.9%   117  110s
2026-06-21 22:03:34 - INFO -  91200 71733 infeasible   25         9.52610    6.22692  34.6%   119  115s
2026-06-21 22:03:39 - INFO -  97879 76270 infeasible   31         9.52610    6.25066  34.4%   122  121s
2026-06-21 22:03:45 - INFO -  102640 78502    6.28080   24  269    9.52610    6.27372  34.1%   123  126s
2026-06-21 22:03:48 - INFO -  103307 78906 infeasible   34         9.52610    6.28018  34.1%   123  130s
2026-06-21 22:03:52 - INFO - H104196 79480                       9.5017497    6.28578  33.8%   124  134s
2026-06-21 22:03:55 - INFO -  104530 82754    6.49116   28  229    9.50175    6.28795  33.8%   124  137s
2026-06-21 22:04:00 - INFO -  108528 84790    6.87859   24  259    9.50175    6.30102  33.7%   125  141s
2026-06-21 22:04:03 - INFO -  110918 85103    6.34805   29  266    9.50175    6.31183  33.6%   125  145s
2026-06-21 22:04:03 - INFO - H111323 85103                       9.5017497    6.31510  33.5%   125  145s
2026-06-21 22:04:11 - INFO -  113259 90800    7.81172   28  262    9.50175    6.31770  33.5%   126  153s
2026-06-21 22:04:14 - INFO -  118141 92959    6.84401   32  236    9.50175    6.33438  33.3%   126  156s
2026-06-21 22:04:20 - INFO -  123531 98120    7.81784   26  300    9.50175    6.35960  33.1%   127  162s
2026-06-21 22:04:24 - INFO -  126980 100898 infeasible   29         9.50175    6.36983  33.0%   127  165s
2026-06-21 22:04:30 - INFO -  132561 104951 infeasible   32         9.50175    6.38668  32.8%   128  171s
2026-06-21 22:04:36 - INFO -  138389 109148 infeasible   38         9.50175    6.40000  32.6%   128  178s
2026-06-21 22:04:40 - INFO -  140423 109170    6.59583   26  265    9.50175    6.40672  32.6%   128  182s
2026-06-21 22:04:43 - INFO -  140457 109343    6.80333   39  246    9.50175    6.40880  32.6%   128  185s
2026-06-21 22:04:51 - INFO -  141057 109676    6.55937   38  202    9.50175    6.41085  32.5%   128  193s
2026-06-21 22:04:55 - INFO -  141110 109723    6.66467   37  218    9.50175    6.41181  32.5%   128  197s
2026-06-21 22:04:59 - INFO -  141178 109813    6.48863   26  234    9.50175    6.41283  32.5%   128  201s
2026-06-21 22:04:59 - INFO - H141187 109813                       9.5017497    6.41293  32.5%   128  201s
2026-06-21 22:05:03 - INFO -  141304 111796 infeasible   38         9.50175    6.41381  32.5%   129  205s
2026-06-21 22:05:03 - INFO - H141883 111796                       9.5017496    6.41427  32.5%   129  205s
2026-06-21 22:05:03 - INFO - H142098 111796                       9.5017496    6.41432  32.5%   129  205s
2026-06-21 22:05:10 - INFO -  146420 117120 infeasible   34         9.50175    6.41720  32.5%   129  212s
2026-06-21 22:05:16 - INFO -  152456 122013    6.94987   37  232    9.50175    6.43803  32.2%   129  217s
2026-06-21 22:05:18 - INFO -  156129 123933    6.59654   30  221    9.50175    6.45193  32.1%   129  220s
2026-06-21 22:05:24 - INFO -  159180 126693    6.48934   27  282    9.50175    6.45945  32.0%   130  226s
2026-06-21 22:05:31 - INFO -  165456 132128    7.21998   32  176    9.50175    6.47187  31.9%   130  232s
2026-06-21 22:05:34 - INFO -  168438 132202    6.73268   25  261    9.50175    6.47855  31.8%   130  236s
2026-06-21 22:05:41 - INFO -  169565 135232    7.17747   33  188    9.50175    6.48213  31.8%   130  242s
2026-06-21 22:05:44 - INFO -  172272 138092 infeasible   40         9.50175    6.48376  31.8%   130  246s
2026-06-21 22:05:50 - INFO -  180046 143404    6.67467   30  230    9.50175    6.50488  31.5%   130  252s
2026-06-21 22:05:56 - INFO -  182484 145549    6.76475   34  262    9.50175    6.51167  31.5%   131  257s
2026-06-21 22:05:59 - INFO -  184978 148109    6.98301   32  199    9.50175    6.51511  31.4%   131  261s
2026-06-21 22:06:06 - INFO -  188173 148705    6.60316   40  222    9.50175    6.52435  31.3%   131  268s
2026-06-21 22:06:10 - INFO -  188953 148744    6.83700   41  211    9.50175    6.52543  31.3%   131  271s
2026-06-21 22:06:13 - INFO -  189008 149851    6.60073   33  250    9.50175    6.52696  31.3%   131  275s
2026-06-21 22:06:13 - INFO - H189397 149851                       9.5017496    6.52728  31.3%   131  275s
2026-06-21 22:06:17 - INFO - H190417 152527                       9.5017496    6.52825  31.3%   131  278s
2026-06-21 22:06:17 - INFO - H191195 152527                       9.5017496    6.52863  31.3%   131  278s
2026-06-21 22:06:17 - INFO - H191947 152527                       9.5017495    6.52917  31.3%   131  278s
2026-06-21 22:06:17 - INFO - H193091 152527                       9.5017495    6.52973  31.3%   131  278s
2026-06-21 22:06:20 - INFO -  193701 155469    6.71188   31  211    9.50175    6.53344  31.2%   131  282s
2026-06-21 22:06:20 - INFO - H196251 155469                       9.5017495    6.53677  31.2%   131  282s
2026-06-21 22:06:20 - INFO - H196930 155469                       9.5017495    6.53715  31.2%   131  282s
2026-06-21 22:06:20 - INFO - H197088 155469                       9.5017495    6.53723  31.2%   131  282s
2026-06-21 22:06:24 - INFO -  197252 158776    6.94028   28  228    9.50175    6.54233  31.1%   131  285s
2026-06-21 22:06:24 - INFO - H197837 158776                       9.5017494    6.54280  31.1%   131  285s
2026-06-21 22:06:27 - INFO - H201403 160266                       9.5017494    6.55051  31.1%   131  288s
2026-06-21 22:06:27 - INFO - H201465 160266                       9.5017493    6.55089  31.1%   131  288s
2026-06-21 22:06:30 - INFO -  203140 163750    6.81348   36  232    9.50175    6.55529  31.0%   131  292s
2026-06-21 22:06:30 - INFO - H203272 163750                       9.5017493    6.55529  31.0%   131  292s
2026-06-21 22:06:33 - INFO -  207350 165215 infeasible   22         9.50175    6.56342  30.9%   131  295s
2026-06-21 22:06:33 - INFO - H207702 165215                       9.5017493    6.56446  30.9%   131  295s
2026-06-21 22:06:33 - INFO - H208536 165215                       9.5017492    6.56521  30.9%   131  295s
2026-06-21 22:06:38 - INFO -  212008 167567 infeasible   34         9.50175    6.57333  30.8%   131  300s
2026-06-21 22:06:38 - INFO - 
2026-06-21 22:06:38 - INFO - Cutting planes:
2026-06-21 22:06:38 - INFO -   Learned: 303
2026-06-21 22:06:38 - INFO -   Gomory: 344
2026-06-21 22:06:38 - INFO -   Lift-and-project: 610
2026-06-21 22:06:38 - INFO -   Cover: 1148
2026-06-21 22:06:38 - INFO -   Implied bound: 12
2026-06-21 22:06:38 - INFO -   MIR: 1089
2026-06-21 22:06:38 - INFO -   Mixing: 6
2026-06-21 22:06:38 - INFO -   StrongCG: 2
2026-06-21 22:06:38 - INFO -   Flow cover: 3785
2026-06-21 22:06:38 - INFO -   GUB cover: 2
2026-06-21 22:06:38 - INFO -   Inf proof: 889
2026-06-21 22:06:38 - INFO -   Zero half: 223
2026-06-21 22:06:38 - INFO -   RLT: 33
2026-06-21 22:06:38 - INFO -   Relax-and-lift: 61
2026-06-21 22:06:38 - INFO - 
2026-06-21 22:06:38 - INFO - Explored 212041 nodes (27860175 simplex iterations) in 300.05 seconds (517.95 work units)
2026-06-21 22:06:38 - INFO - Thread count was 28 (of 28 available processors)
2026-06-21 22:06:38 - INFO - 
2026-06-21 22:06:38 - INFO - Solution count 10: 9.50175 9.50175 9.50175 ... 9.50175
2026-06-21 22:06:38 - INFO - 
2026-06-21 22:06:38 - INFO - Time limit reached
2026-06-21 22:06:38 - INFO - Best objective 9.501749233326e+00, best bound 6.574599616544e+00, gap 30.8064%
2026-06-21 22:06:38 - DEBUG - Loaded backend Agg version v2.2.
2026-06-21 22:06:38 - DEBUG - findfont: Matching sans\-serif:style=normal:variant=normal:weight=normal:stretch=normal:size=10.0.
2026-06-21 22:06:38 - DEBUG - findfont: score(FontEntry(fname='/root/anaconda3/lib/python3.12/site-packages/matplotlib/mpl-data/fonts/ttf/STIXSizTwoSymReg.ttf', name='STIXSizeTwoSym', style='normal', variant='normal', weight=400, stretch='normal', size='scalable')) = 10.05
2026-06-21 22:06:38 - DEBUG - findfont: score(FontEntry(fname='/root/anaconda3/lib/python3.12/site-packages/matplotlib/mpl-data/fonts/ttf/cmex10.ttf', name='cmex10', style='normal', variant='normal', weight=400, stretch='normal', size='scalable')) = 10.05
2026-06-21 22:06:38 - DEBUG - findfont: score(FontEntry(fname='/root/anaconda3/lib/python3.12/site-packages/matplotlib/mpl-data/fonts/ttf/STIXSizThreeSymBol.ttf', name='STIXSizeThreeSym', style='normal', variant='normal', weight=700, stretch='normal', size='scalable')) = 10.335
2026-06-21 22:06:38 - DEBUG - findfont: score(FontEntry(fname='/root/anaconda3/lib/python3.12/site-packages/matplotlib/mpl-data/fonts/ttf/STIXSizOneSymBol.ttf', name='STIXSizeOneSym', style='normal', variant='normal', weight=700, stretch='normal', size='scalable')) = 10.335
2026-06-21 22:06:38 - DEBUG - findfont: score(FontEntry(fname='/root/anaconda3/lib/python3.12/site-packages/matplotlib/mpl-data/fonts/ttf/DejaVuSansMono-Bold.ttf', name='DejaVu Sans Mono', style='normal', variant='normal', weight=700, stretch='normal', size='scalable')) = 10.335
2026-06-21 22:06:38 - DEBUG - findfont: score(FontEntry(fname='/root/anaconda3/lib/python3.12/site-packages/matplotlib/mpl-data/fonts/ttf/cmss10.ttf', name='cmss10', style='normal', variant='normal', weight=400, stretch='normal', size='scalable')) = 10.05
2026-06-21 22:06:38 - DEBUG - findfont: score(FontEntry(fname='/root/anaconda3/lib/python3.12/site-packages/matplotlib/mpl-data/fonts/ttf/DejaVuSerif-Italic.ttf', name='DejaVu Serif', style='italic', variant='normal', weight=400, stretch='normal', size='scalable')) = 11.05
2026-06-21 22:06:38 - DEBUG - findfont: score(FontEntry(fname='/root/anaconda3/lib/python3.12/site-packages/matplotlib/mpl-data/fonts/ttf/cmb10.ttf', name='cmb10', style='normal', variant='normal', weight=400, stretch='normal', size='scalable')) = 10.05
2026-06-21 22:06:38 - DEBUG - findfont: score(FontEntry(fname='/root/anaconda3/lib/python3.12/site-packages/matplotlib/mpl-data/fonts/ttf/STIXSizTwoSymBol.ttf', name='STIXSizeTwoSym', style='normal', variant='normal', weight=700, stretch='normal', size='scalable')) = 10.335
2026-06-21 22:06:38 - DEBUG - findfont: score(FontEntry(fname='/root/anaconda3/lib/python3.12/site-packages/matplotlib/mpl-data/fonts/ttf/DejaVuSans.ttf', name='DejaVu Sans', style='normal', variant='normal', weight=400, stretch='normal', size='scalable')) = 0.05
2026-06-21 22:06:38 - DEBUG - findfont: score(FontEntry(fname='/root/anaconda3/lib/python3.12/site-packages/matplotlib/mpl-data/fonts/ttf/STIXGeneralItalic.ttf', name='STIXGeneral', style='italic', variant='normal', weight=400, stretch='normal', size='scalable')) = 11.05
2026-06-21 22:06:38 - DEBUG - findfont: score(FontEntry(fname='/root/anaconda3/lib/python3.12/site-packages/matplotlib/mpl-data/fonts/ttf/DejaVuSerif-Bold.ttf', name='DejaVu Serif', style='normal', variant='normal', weight=700, stretch='normal', size='scalable')) = 10.335
2026-06-21 22:06:38 - DEBUG - findfont: score(FontEntry(fname='/root/anaconda3/lib/python3.12/site-packages/matplotlib/mpl-data/fonts/ttf/STIXNonUni.ttf', name='STIXNonUnicode', style='normal', variant='normal', weight=400, stretch='normal', size='scalable')) = 10.05
2026-06-21 22:06:38 - DEBUG - findfont: score(FontEntry(fname='/root/anaconda3/lib/python3.12/site-packages/matplotlib/mpl-data/fonts/ttf/DejaVuSansDisplay.ttf', name='DejaVu Sans Display', style='normal', variant='normal', weight=400, stretch='normal', size='scalable')) = 10.05
2026-06-21 22:06:38 - DEBUG - findfont: score(FontEntry(fname='/root/anaconda3/lib/python3.12/site-packages/matplotlib/mpl-data/fonts/ttf/STIXSizThreeSymReg.ttf', name='STIXSizeThreeSym', style='normal', variant='normal', weight=400, stretch='normal', size='scalable')) = 10.05
2026-06-21 22:06:38 - DEBUG - findfont: score(FontEntry(fname='/root/anaconda3/lib/python3.12/site-packages/matplotlib/mpl-data/fonts/ttf/STIXSizFiveSymReg.ttf', name='STIXSizeFiveSym', style='normal', variant='normal', weight=400, stretch='normal', size='scalable')) = 10.05
2026-06-21 22:06:38 - DEBUG - findfont: score(FontEntry(fname='/root/anaconda3/lib/python3.12/site-packages/matplotlib/mpl-data/fonts/ttf/STIXNonUniIta.ttf', name='STIXNonUnicode', style='italic', variant='normal', weight=400, stretch='normal', size='scalable')) = 11.05
2026-06-21 22:06:38 - DEBUG - findfont: score(FontEntry(fname='/root/anaconda3/lib/python3.12/site-packages/matplotlib/mpl-data/fonts/ttf/cmsy10.ttf', name='cmsy10', style='normal', variant='normal', weight=400, stretch='normal', size='scalable')) = 10.05
2026-06-21 22:06:38 - DEBUG - findfont: score(FontEntry(fname='/root/anaconda3/lib/python3.12/site-packages/matplotlib/mpl-data/fonts/ttf/cmr10.ttf', name='cmr10', style='normal', variant='normal', weight=400, stretch='normal', size='scalable')) = 10.05
2026-06-21 22:06:38 - DEBUG - findfont: score(FontEntry(fname='/root/anaconda3/lib/python3.12/site-packages/matplotlib/mpl-data/fonts/ttf/STIXGeneral.ttf', name='STIXGeneral', style='normal', variant='normal', weight=400, stretch='normal', size='scalable')) = 10.05
2026-06-21 22:06:38 - DEBUG - findfont: score(FontEntry(fname='/root/anaconda3/lib/python3.12/site-packages/matplotlib/mpl-data/fonts/ttf/STIXNonUniBol.ttf', name='STIXNonUnicode', style='normal', variant='normal', weight=700, stretch='normal', size='scalable')) = 10.335
2026-06-21 22:06:38 - DEBUG - findfont: score(FontEntry(fname='/root/anaconda3/lib/python3.12/site-packages/matplotlib/mpl-data/fonts/ttf/STIXSizFourSymBol.ttf', name='STIXSizeFourSym', style='normal', variant='normal', weight=700, stretch='normal', size='scalable')) = 10.335
2026-06-21 22:06:38 - DEBUG - findfont: score(FontEntry(fname='/root/anaconda3/lib/python3.12/site-packages/matplotlib/mpl-data/fonts/ttf/STIXSizOneSymReg.ttf', name='STIXSizeOneSym', style='normal', variant='normal', weight=400, stretch='normal', size='scalable')) = 10.05
2026-06-21 22:06:38 - DEBUG - findfont: score(FontEntry(fname='/root/anaconda3/lib/python3.12/site-packages/matplotlib/mpl-data/fonts/ttf/STIXGeneralBolIta.ttf', name='STIXGeneral', style='italic', variant='normal', weight=700, stretch='normal', size='scalable')) = 11.335
2026-06-21 22:06:38 - DEBUG - findfont: score(FontEntry(fname='/root/anaconda3/lib/python3.12/site-packages/matplotlib/mpl-data/fonts/ttf/DejaVuSerifDisplay.ttf', name='DejaVu Serif Display', style='normal', variant='normal', weight=400, stretch='normal', size='scalable')) = 10.05
2026-06-21 22:06:38 - DEBUG - findfont: score(FontEntry(fname='/root/anaconda3/lib/python3.12/site-packages/matplotlib/mpl-data/fonts/ttf/DejaVuSans-Bold.ttf', name='DejaVu Sans', style='normal', variant='normal', weight=700, stretch='normal', size='scalable')) = 0.33499999999999996
2026-06-21 22:06:38 - DEBUG - findfont: score(FontEntry(fname='/root/anaconda3/lib/python3.12/site-packages/matplotlib/mpl-data/fonts/ttf/cmmi10.ttf', name='cmmi10', style='normal', variant='normal', weight=400, stretch='normal', size='scalable')) = 10.05
2026-06-21 22:06:38 - DEBUG - findfont: score(FontEntry(fname='/root/anaconda3/lib/python3.12/site-packages/matplotlib/mpl-data/fonts/ttf/cmtt10.ttf', name='cmtt10', style='normal', variant='normal', weight=400, stretch='normal', size='scalable')) = 10.05
2026-06-21 22:06:38 - DEBUG - findfont: score(FontEntry(fname='/root/anaconda3/lib/python3.12/site-packages/matplotlib/mpl-data/fonts/ttf/DejaVuSerif-BoldItalic.ttf', name='DejaVu Serif', style='italic', variant='normal', weight=700, stretch='normal', size='scalable')) = 11.335
2026-06-21 22:06:38 - DEBUG - findfont: score(FontEntry(fname='/root/anaconda3/lib/python3.12/site-packages/matplotlib/mpl-data/fonts/ttf/DejaVuSansMono.ttf', name='DejaVu Sans Mono', style='normal', variant='normal', weight=400, stretch='normal', size='scalable')) = 10.05
2026-06-21 22:06:38 - DEBUG - findfont: score(FontEntry(fname='/root/anaconda3/lib/python3.12/site-packages/matplotlib/mpl-data/fonts/ttf/DejaVuSansMono-BoldOblique.ttf', name='DejaVu Sans Mono', style='oblique', variant='normal', weight=700, stretch='normal', size='scalable')) = 11.335
2026-06-21 22:06:38 - DEBUG - findfont: score(FontEntry(fna[EMIB] Layout figure saved: /root/placement/MPDAP/output_gurobi_EMIB_chiplet_5_6_01_01/fig/syn5_core/solution_1_layout_gurobi.png
  ✓ EMIB: 1 solution(s)
ight=700, stretch='normal', size='scalable')) = 10.335
2026-06-21 22:06:38 - DEBUG - findfont: score(FontEntry(fname='/root/anaconda3/lib/python3.12/site-packages/matplotlib/mpl-data/fonts/ttf/DejaVuSerif.ttf', name='DejaVu Serif', style='normal', variant='normal', weight=400, stretch='normal', size='scalable')) = 10.05
2026-06-21 22:06:38 - DEBUG - findfont: score(FontEntry(fname='/root/anaconda3/lib/python3.12/site-packages/matplotlib/mpl-data/fonts/ttf/DejaVuSans-Oblique.ttf', name='DejaVu Sans', style='oblique', variant='normal', weight=400, stretch='normal', size='scalable')) = 1.05
2026-06-21 22:06:38 - DEBUG - findfont: score(FontEntry(fname='/root/anaconda3/lib/python3.12/site-packages/matplotlib/mpl-data/fonts/ttf/DejaVuSans-BoldOblique.ttf', name='DejaVu Sans', style='oblique', variant='normal', weight=700, stretch='normal', size='scalable')) = 1.335
2026-06-21 22:06:38 - DEBUG - findfont: score(FontEntry(fname='/root/anaconda3/lib/python3.12/site-packages/matplotlib/mpl-data/fonts/ttf/DejaVuSansMono-Oblique.ttf', name='DejaVu Sans Mono', style='oblique', variant='normal', weight=400, stretch='normal', size='scalable')) = 11.05
2026-06-21 22:06:38 - DEBUG - findfont: score(FontEntry(fname='/root/anaconda3/lib/python3.12/site-packages/matplotlib/mpl-data/fonts/ttf/STIXNonUniBolIta.ttf', name='STIXNonUnicode', style='italic', variant='normal', weight=700, stretch='normal', size='scalable')) = 11.335
2026-06-21 22:06:38 - DEBUG - findfont: score(FontEntry(fname='/root/anaconda3/lib/python3.12/site-packages/matplotlib/mpl-data/fonts/ttf/STIXSizFourSymReg.ttf', name='STIXSizeFourSym', style='normal', variant='normal', weight=400, stretch='normal', size='scalable')) = 10.05
2026-06-21 22:06:38 - DEBUG - findfont: score(FontEntry(fname='/usr/share/fonts/truetype/dejavu/DejaVuSans-Bold.ttf', name='DejaVu Sans', style='normal', variant='normal', weight=700, stretch='normal', size='scalable')) = 0.33499999999999996
2026-06-21 22:06:38 - DEBUG - findfont: score(FontEntry(fname='/usr/share/fonts/truetype/dejavu/DejaVuSansMono-Bold.ttf', name='DejaVu Sans Mono', style='normal', variant='normal', weight=700, stretch='normal', size='scalable')) = 10.335
2026-06-21 22:06:38 - DEBUG - findfont: score(FontEntry(fname='/usr/share/fonts/truetype/dejavu/DejaVuSerif.ttf', name='DejaVu Serif', style='normal', variant='normal', weight=400, stretch='normal', size='scalable')) = 10.05
2026-06-21 22:06:38 - DEBUG - findfont: score(FontEntry(fname='/usr/share/fonts/truetype/dejavu/DejaVuSans.ttf', name='DejaVu Sans', style='normal', variant='normal', weight=400, stretch='normal', size='scalable')) = 0.05
2026-06-21 22:06:38 - DEBUG - findfont: score(FontEntry(fname='/usr/share/fonts/truetype/dejavu/DejaVuSansMono.ttf', name='DejaVu Sans Mono', style='normal', variant='normal', weight=400, stretch='normal', size='scalable')) = 10.05
2026-06-21 22:06:38 - DEBUG - findfont: score(FontEntry(fname='/usr/share/fonts/truetype/dejavu/DejaVuSerif-Bold.ttf', name='DejaVu Serif', style='normal', variant='normal', weight=700, stretch='normal', size='scalable')) = 10.335
2026-06-21 22:06:38 - DEBUG - findfont: Matching sans\-serif:style=normal:variant=normal:weight=normal:stretch=normal:size=10.0 to DejaVu Sans ('/root/anaconda3/lib/python3.12/site-packages/matplotlib/mpl-data/fonts/ttf/DejaVuSans.ttf') with score of 0.050000.
2026-06-21 22:06:39 - DEBUG - findfont: Matching sans\-serif:style=normal:variant=normal:weight=normal:stretch=normal:size=12.0.
2026-06-21 22:06:39 - DEBUG - findfont: score(FontEntry(fname='/root/anaconda3/lib/python3.12/site-packages/matplotlib/mpl-data/fonts/ttf/STIXSizTwoSymReg.ttf', name='STIXSizeTwoSym', style='normal', variant='normal', weight=400, stretch='normal', size='scalable')) = 10.05
2026-06-21 22:06:39 - DEBUG - findfont: score(FontEntry(fname='/root/anaconda3/lib/python3.12/site-packages/matplotlib/mpl-data/fonts/ttf/cmex10.ttf', name='cmex10', style='normal', variant='normal', weight=400, stretch='normal', size='scalable')) = 10.05
2026-06-21 22:06:39 - DEBUG - findfont: score(FontEntry(fname='/root/anaconda3/lib/python3.12/site-packages/matplotlib/mpl-data/fonts/ttf/STIXSizThreeSymBol.ttf', name='STIXSizeThreeSym', style='normal', variant='normal', weight=700, stretch='normal', size='scalable')) = 10.335
2026-06-21 22:06:39 - DEBUG - findfont: score(FontEntry(fname='/root/anaconda3/lib/python3.12/site-packages/matplotlib/mpl-data/fonts/ttf/STIXSizOneSymBol.ttf', name='STIXSizeOneSym', style='normal', variant='normal', weight=700, stretch='normal', size='scalable')) = 10.335
2026-06-21 22:06:39 - DEBUG - findfont: score(FontEntry(fname='/root/anaconda3/lib/python3.12/site-packages/matplotlib/mpl-data/fonts/ttf/DejaVuSansMono-Bold.ttf', name='DejaVu Sans Mono', style='normal', variant='normal', weight=700, stretch='normal', size='scalable')) = 10.335
2026-06-21 22:06:39 - DEBUG - findfont: score(FontEntry(fname='/root/anaconda3/lib/python3.12/site-packages/matplotlib/mpl-data/fonts/ttf/cmss10.ttf', name='cmss10', style='normal', variant='normal', weight=400, stretch='normal', size='scalable')) = 10.05
2026-06-21 22:06:39 - DEBUG - findfont: score(FontEntry(fname='/root/anaconda3/lib/python3.12/site-packages/matplotlib/mpl-data/fonts/ttf/DejaVuSerif-Italic.ttf', name='DejaVu Serif', style='italic', variant='normal', weight=400, stretch='normal', size='scalable')) = 11.05
2026-06-21 22:06:39 - DEBUG - findfont: score(FontEntry(fname='/root/anaconda3/lib/python3.12/site-packages/matplotlib/mpl-data/fonts/ttf/cmb10.ttf', name='cmb10', style='normal', variant='normal', weight=400, stretch='normal', size='scalable')) = 10.05
2026-06-21 22:06:39 - DEBUG - findfont: score(FontEntry(fname='/root/anaconda3/lib/python3.12/site-packages/matplotlib/mpl-data/fonts/ttf/STIXSizTwoSymBol.ttf', name='STIXSizeTwoSym', style='normal', variant='normal', weight=700, stretch='normal', size='scalable')) = 10.335
2026-06-21 22:06:39 - DEBUG - findfont: score(FontEntry(fname='/root/anaconda3/lib/python3.12/site-packages/matplotlib/mpl-data/fonts/ttf/DejaVuSans.ttf', name='DejaVu Sans', style='normal', variant='normal', weight=400, stretch='normal', size='scalable')) = 0.05
2026-06-21 22:06:39 - DEBUG - findfont: score(FontEntry(fname='/root/anaconda3/lib/python3.12/site-packages/matplotlib/mpl-data/fonts/ttf/STIXGeneralItalic.ttf', name='STIXGeneral', style='italic', variant='normal', weight=400, stretch='normal', size='scalable')) = 11.05
2026-06-21 22:06:39 - DEBUG - findfont: score(FontEntry(fname='/root/anaconda3/lib/python3.12/site-packages/matplotlib/mpl-data/fonts/ttf/DejaVuSerif-Bold.ttf', name='DejaVu Serif', style='normal', variant='normal', weight=700, stretch='normal', size='scalable')) = 10.335
2026-06-21 22:06:39 - DEBUG - findfont: score(FontEntry(fname='/root/anaconda3/lib/python3.12/site-packages/matplotlib/mpl-data/fonts/ttf/STIXNonUni.ttf', name='STIXNonUnicode', style='normal', variant='normal', weight=400, stretch='normal', size='scalable')) = 10.05
2026-06-21 22:06:39 - DEBUG - findfont: score(FontEntry(fname='/root/anaconda3/lib/python3.12/site-packages/matplotlib/mpl-data/fonts/ttf/DejaVuSansDisplay.ttf', name='DejaVu Sans Display', style='normal', variant='normal', weight=400, stretch='normal', size='scalable')) = 10.05
2026-06-21 22:06:39 - DEBUG - findfont: score(FontEntry(fname='/root/anaconda3/lib/python3.12/site-packages/matplotlib/mpl-data/fonts/ttf/STIXSizThreeSymReg.ttf', name='STIXSizeThreeSym', style='normal', variant='normal', weight=400, stretch='normal', size='scalable')) = 10.05
2026-06-21 22:06:39 - DEBUG - findfont: score(FontEntry(fname='/root/anaconda3/lib/python3.12/site-packages/matplotlib/mpl-data/fonts/ttf/STIXSizFiveSymReg.ttf', name='STIXSizeFiveSym', style='normal', variant='normal', weight=400, stretch='normal', size='scalable')) = 10.05
2026-06-21 22:06:39 - DEBUG - findfont: score(FontEntry(fname='/root/anaconda3/lib/python3.12/site-packages/matplotlib/mpl-data/fonts/ttf/STIXNonUniIta.ttf', name='STIXNonUnicode', style='italic', variant='normal', weight=400, stretch='normal', size='scalable')) = 11.05
2026-06-21 22:06:39 - DEBUG - findfont: score(FontEntry(fname='/root/anaconda3/lib/python3.12/site-packages/matplotlib/mpl-data/fonts/ttf/cmsy10.ttf', name='cmsy10', style='normal', variant='normal', weight=400, stretch='normal', size='scalable')) = 10.05
2026-06-21 22:06:39 - DEBUG - findfont: score(FontEntry(fname='/root/anaconda3/lib/python3.12/site-packages/matplotlib/mpl-data/fonts/ttf/cmr10.ttf', name='cmr10', style='normal', variant='normal', weight=400, stretch='normal', size='scalable')) = 10.05
2026-06-21 22:06:39 - DEBUG - findfont: score(FontEntry(fname='/root/anaconda3/lib/python3.12/site-packages/matplotlib/mpl-data/fonts/ttf/STIXGeneral.ttf', name='STIXGeneral', style='normal', variant='normal', weight=400, stretch='normal', size='scalable')) = 10.05
2026-06-21 22:06:39 - DEBUG - findfont: score(FontEntry(fname='/root/anaconda3/lib/python3.12/site-packages/matplotlib/mpl-data/fonts/ttf/STIXNonUniBol.ttf', name='STIXNonUnicode', style='normal', variant='normal', weight=700, stretch='normal', size='scalable')) = 10.335
2026-06-21 22:06:39 - DEBUG - findfont: score(FontEntry(fname='/root/anaconda3/lib/python3.12/site-packages/matplotlib/mpl-data/fonts/ttf/STIXSizFourSymBol.ttf', name='STIXSizeFourSym', style='normal', variant='normal', weight=700, stretch='normal', size='scalable')) = 10.335
2026-06-21 22:06:39 - DEBUG - findfont: score(FontEntry(fname='/root/anaconda3/lib/python3.12/site-packages/matplotlib/mpl-data/fonts/ttf/STIXSizOneSymReg.ttf', name='STIXSizeOneSym', style='normal', variant='normal', weight=400, stretch='normal', size='scalable')) = 10.05
2026-06-21 22:06:39 - DEBUG - findfont: score(FontEntry(fname='/root/anaconda3/lib/python3.12/site-packages/matplotlib/mpl-data/fonts/ttf/STIXGeneralBolIta.ttf', name='STIXGeneral', style='italic', variant='normal', weight=700, stretch='normal', size='scalable')) = 11.335
2026-06-21 22:06:39 - DEBUG - findfont: score(FontEntry(fname='/root/anaconda3/lib/python3.12/site-packages/matplotlib/mpl-data/fonts/ttf/DejaVuSerifDisplay.ttf', name='DejaVu Serif Display', style='normal', variant='normal', weight=400, stretch='normal', size='scalable')) = 10.05
2026-06-21 22:06:39 - DEBUG - findfont: score(FontEntry(fname='/root/anaconda3/lib/python3.12/site-packages/matplotlib/mpl-data/fonts/ttf/DejaVuSans-Bold.ttf', name='DejaVu Sans', style='normal', variant='normal', weight=700, stretch='normal', size='scalable')) = 0.33499999999999996
2026-06-21 22:06:39 - DEBUG - findfont: score(FontEntry(fname='/root/anaconda3/lib/python3.12/site-packages/matplotlib/mpl-data/fonts/ttf/cmmi10.ttf', name='cmmi10', style='normal', variant='normal', weight=400, stretch='normal', size='scalable')) = 10.05
2026-06-21 22:06:39 - DEBUG - findfont: score(FontEntry(fname='/root/anaconda3/lib/python3.12/site-packages/matplotlib/mpl-data/fonts/ttf/cmtt10.ttf', name='cmtt10', style='normal', variant='normal', weight=400, stretch='normal', size='scalable')) = 10.05
2026-06-21 22:06:39 - DEBUG - findfont: score(FontEntry(fname='/root/anaconda3/lib/python3.12/site-packages/matplotlib/mpl-data/fonts/ttf/DejaVuSerif-BoldItalic.ttf', name='DejaVu Serif', style='italic', variant='normal', weight=700, stretch='normal', size='scalable')) = 11.335
2026-06-21 22:06:39 - DEBUG - findfont: score(FontEntry(fname='/root/anaconda3/lib/python3.12/site-packages/matplotlib/mpl-data/fonts/ttf/DejaVuSansMono.ttf', name='DejaVu Sans Mono', style='normal', variant='normal', weight=400, stretch='normal', size='scalable')) = 10.05
2026-06-21 22:06:39 - DEBUG - findfont: score(FontEntry(fname='/root/anaconda3/lib/python3.12/site-packages/matplotlib/mpl-data/fonts/ttf/DejaVuSansMono-BoldOblique.ttf', name='DejaVu Sans Mono', style='oblique', variant='normal', weight=700, stretch='normal', size='scalable')) = 11.335
2026-06-21 22:06:39 - DEBUG - findfont: score(FontEntry(fname='/root/anaconda3/lib/python3.12/site-packages/matplotlib/mpl-data/fonts/ttf/STIXGeneralBol.ttf', name='STIXGeneral', style='normal', variant='normal', weight=700, stretch='normal', size='scalable')) = 10.335
2026-06-21 22:06:39 - DEBUG - findfont: score(FontEntry(fname='/root/anaconda3/lib/python3.12/site-packages/matplotlib/mpl-data/fonts/ttf/DejaVuSerif.ttf', name='DejaVu Serif', style='normal', variant='normal', weight=400, stretch='normal', size='scalable')) = 10.05
2026-06-21 22:06:39 - DEBUG - findfont: score(FontEntry(fname='/root/anaconda3/lib/python3.12/site-packages/matplotlib/mpl-data/fonts/ttf/DejaVuSans-Oblique.ttf', name='DejaVu Sans', style='oblique', variant='normal', weight=400, stretch='normal', size='scalable')) = 1.05
2026-06-21 22:06:39 - DEBUG - findfont: score(FontEntry(fname='/root/anaconda3/lib/python3.12/site-packages/matplotlib/mpl-data/fonts/ttf/DejaVuSans-BoldOblique.ttf', name='DejaVu Sans', style='oblique', variant='normal', weight=700, stretch='normal', size='scalable')) = 1.335
2026-06-21 22:06:39 - DEBUG - findfont: score(FontEntry(fname='/root/anaconda3/lib/python3.12/site-packages/matplotlib/mpl-data/fonts/ttf/DejaVuSansMono-Oblique.ttf', name='DejaVu Sans Mono', style='oblique', variant='normal', weight=400, stretch='normal', size='scalable')) = 11.05
2026-06-21 22:06:39 - DEBUG - findfont: score(FontEntry(fname='/root/anaconda3/lib/python3.12/site-packages/matplotlib/mpl-data/fonts/ttf/STIXNonUniBolIta.ttf', name='STIXNonUnicode', style='italic', variant='normal', weight=700, stretch='normal', size='scalable')) = 11.335
2026-06-21 22:06:39 - DEBUG - findfont: score(FontEntry(fname='/root/anaconda3/lib/python3.12/site-packages/matplotlib/mpl-data/fonts/ttf/STIXSizFourSymReg.ttf', name='STIXSizeFourSym', style='normal', variant='normal', weight=400, stretch='normal', size='scalable')) = 10.05
2026-06-21 22:06:39 - DEBUG - findfont: score(FontEntry(fname='/usr/share/fonts/truetype/dejavu/DejaVuSans-Bold.ttf', name='DejaVu Sans', style='normal', variant='normal', weight=700, stretch='normal', size='scalable')) = 0.33499999999999996
2026-06-21 22:06:39 - DEBUG - findfont: score(FontEntry(fname='/usr/share/fonts/truetype/dejavu/DejaVuSansMono-Bold.ttf', name='DejaVu Sans Mono', style='normal', variant='normal', weight=700, stretch='normal', size='scalable')) = 10.335
2026-06-21 22:06:39 - DEBUG - findfont: score(FontEntry(fname='/usr/share/fonts/truetype/dejavu/DejaVuSerif.ttf', name='DejaVu Serif', style='normal', variant='normal', weight=400, stretch='normal', size='scalable')) = 10.05
2026-06-21 22:06:39 - DEBUG - findfont: score(FontEntry(fname='/usr/share/fonts/truetype/dejavu/DejaVuSans.ttf', name='DejaVu Sans', style='normal', variant='normal', weight=400, stretch='normal', size='scalable')) = 0.05
2026-06-21 22:06:39 - DEBUG - findfont: score(FontEntry(fname='/usr/share/fonts/truetype/dejavu/DejaVuSansMono.ttf', name='DejaVu Sans Mono', style='normal', variant='normal', weight=400, stretch='normal', size='scalable')) = 10.05
2026-06-21 22:06:39 - DEBUG - findfont: score(FontEntry(fname='/usr/share/fonts/truetype/dejavu/DejaVuSerif-Bold.ttf', name='DejaVu Serif', style='normal', variant='normal', weight=700, stretch='normal', size='scalable')) = 10.335
2026-06-21 22:06:39 - DEBUG - findfont: Matching sans\-serif:style=normal:variant=normal:weight=normal:stretch=normal:size=12.0 to DejaVu Sans ('/root/anaconda3/lib/python3.12/site-packages/matplotlib/mpl-data/fonts/ttf/DejaVuSans.ttf') with score of 0.050000.
2026-06-21 22:06:39 - DEBUG - findfont: Matching sans\-serif:style=normal:variant=normal:weight=bold:stretch=normal:size=9.0.
2026-06-21 22:06:39 - DEBUG - findfont: score(FontEntry(fname='/root/anaconda3/lib/python3.12/site-packages/matplotlib/mpl-data/fonts/ttf/STIXSizTwoSymReg.ttf', name='STIXSizeTwoSym', style='normal', variant='normal', weight=400, stretch='normal', size='scalable')) = 10.335
2026-06-21 22:06:39 - DEBUG - findfont: score(FontEntry(fname='/root/anaconda3/lib/python3.12/site-packages/matplotlib/mpl-data/fonts/ttf/cmex10.ttf', name='cmex10', style='normal', variant='normal', weight=400, stretch='normal', size='scalable')) = 10.335
2026-06-21 22:06:39 - DEBUG - findfont: score(FontEntry(fname='/root/anaconda3/lib/python3.12/site-packages/matplotlib/mpl-data/fonts/ttf/STIXSizThreeSymBol.ttf', name='STIXSizeThreeSym', style='normal', variant='normal', weight=700, stretch='normal', size='scalable')) = 10.05
2026-06-21 22:06:39 - DEBUG - findfont: score(FontEntry(fname='/root/anaconda3/lib/python3.12/site-packages/matplotlib/mpl-data/fonts/ttf/STIXSizOneSymBol.ttf', name='STIXSizeOneSym', style='normal', variant='normal', weight=700, stretch='normal', size='scalable')) = 10.05
2026-06-21 22:06:39 - DEBUG - findfont: score(FontEntry(fname='/root/anaconda3/lib/python3.12/site-packages/matplotlib/mpl-data/fonts/ttf/DejaVuSansMono-Bold.ttf', name='DejaVu Sans Mono', style='normal', variant='normal', weight=700, stretch='normal', size='scalable')) = 10.05
2026-06-21 22:06:39 - DEBUG - findfont: score(FontEntry(fname='/root/anaconda3/lib/python3.12/site-packages/matplotlib/mpl-data/fonts/ttf/cmss10.ttf', name='cmss10', style='normal', variant='normal', weight=400, stretch='normal', size='scalable')) = 10.335
2026-06-21 22:06:39 - DEBUG - findfont: score(FontEntry(fname='/root/anaconda3/lib/python3.12/site-packages/matplotlib/mpl-data/fonts/ttf/DejaVuSerif-Italic.ttf', name='DejaVu Serif', style='italic', variant='normal', weight=400, stretch='normal', size='scalable')) = 11.335
2026-06-21 22:06:39 - DEBUG - findfont: score(FontEntry(fname='/root/anaconda3/lib/python3.12/site-packages/matplotlib/mpl-data/fonts/ttf/cmb10.ttf', name='cmb10', style='normal', variant='normal', weight=400, stretch='normal', size='scalable')) = 10.335
2026-06-21 22:06:39 - DEBUG - findfont: score(FontEntry(fname='/root/anaconda3/lib/python3.12/site-packages/matplotlib/mpl-data/fonts/ttf/STIXSizTwoSymBol.ttf', name='STIXSizeTwoSym', style='normal', variant='normal', weight=700, stretch='normal', size='scalable')) = 10.05
2026-06-21 22:06:39 - DEBUG - findfont: score(FontEntry(fname='/root/anaconda3/lib/python3.12/site-packages/matplotlib/mpl-data/fonts/ttf/DejaVuSans.ttf', name='DejaVu Sans', style='normal', variant='normal', weight=400, stretch='normal', size='scalable')) = 0.33499999999999996
2026-06-21 22:06:39 - DEBUG - findfont: score(FontEntry(fname='/root/anaconda3/lib/python3.12/site-packages/matplotlib/mpl-data/fonts/ttf/STIXGeneralItalic.ttf', name='STIXGeneral', style='italic', variant='normal', weight=400, stretch='normal', size='scalable')) = 11.335
2026-06-21 22:06:39 - DEBUG - findfont: score(FontEntry(fname='/root/anaconda3/lib/python3.12/site-packages/matplotlib/mpl-data/fonts/ttf/DejaVuSerif-Bold.ttf', name='DejaVu Serif', style='normal', variant='normal', weight=700, stretch='normal', size='scalable')) = 10.05
2026-06-21 22:06:39 - DEBUG - findfont: score(FontEntry(fname='/root/anaconda3/lib/python3.12/site-packages/matplotlib/mpl-data/fonts/ttf/STIXNonUni.ttf', name='STIXNonUnicode', style='normal', variant='normal', weight=400, stretch='normal', size='scalable')) = 10.335
2026-06-21 22:06:39 - DEBUG - findfont: score(FontEntry(fname='/root/anaconda3/lib/python3.12/site-packages/matplotlib/mpl-data/fonts/ttf/DejaVuSansDisplay.ttf', name='DejaVu Sans Display', style='normal', variant='normal', weight=400, stretch='normal', size='scalable')) = 10.335
2026-06-21 22:06:39 - DEBUG - findfont: score(FontEntry(fname='/root/anaconda3/lib/python3.12/site-packages/matplotlib/mpl-data/fonts/ttf/STIXSizThreeSymReg.ttf', name='STIXSizeThreeSym', style='normal', variant='normal', weight=400, stretch='normal', size='scalable')) = 10.335
2026-06-21 22:06:39 - DEBUG - findfont: score(FontEntry(fname='/root/anaconda3/lib/python3.12/site-packages/matplotlib/mpl-data/fonts/ttf/STIXSizFiveSymReg.ttf', name='STIXSizeFiveSym', style='normal', variant='normal', weight=400, stretch='normal', size='scalable')) = 10.335
2026-06-21 22:06:39 - DEBUG - findfont: score(FontEntry(fname='/root/anaconda3/lib/python3.12/site-packages/matplotlib/mpl-data/fonts/ttf/STIXNonUniIta.ttf', name='STIXNonUnicode', style='italic', variant='normal', weight=400, stretch='normal', size='scalable')) = 11.335
2026-06-21 22:06:39 - DEBUG - findfont: score(FontEntry(fname='/root/anaconda3/lib/python3.12/site-packages/matplotlib/mpl-data/fonts/ttf/cmsy10.ttf', name='cmsy10', style='normal', variant='normal', weight=400, stretch='normal', size='scalable')) = 10.335
2026-06-21 22:06:39 - DEBUG - findfont: score(FontEntry(fname='/root/anaconda3/lib/python3.12/site-packages/matplotlib/mpl-data/fonts/ttf/cmr10.ttf', name='cmr10', style='normal', variant='normal', weight=400, stretch='normal', size='scalable')) = 10.335
2026-06-21 22:06:39 - DEBUG - findfont: score(FontEntry(fname='/root/anaconda3/lib/python3.12/site-packages/matplotlib/mpl-data/fonts/ttf/STIXGeneral.ttf', name='STIXGeneral', style='normal', variant='normal', weight=400, stretch='normal', size='scalable')) = 10.335
2026-06-21 22:06:39 - DEBUG - findfont: score(FontEntry(fname='/root/anaconda3/lib/python3.12/site-packages/matplotlib/mpl-data/fonts/ttf/STIXNonUniBol.ttf', name='STIXNonUnicode', style='normal', variant='normal', weight=700, stretch='normal', size='scalable')) = 10.05
2026-06-21 22:06:39 - DEBUG - findfont: score(FontEntry(fname='/root/anaconda3/lib/python3.12/site-packages/matplotlib/mpl-data/fonts/ttf/STIXSizFourSymBol.ttf', name='STIXSizeFourSym', style='normal', variant='normal', weight=700, stretch='normal', size='scalable')) = 10.05
2026-06-21 22:06:39 - DEBUG - findfont: score(FontEntry(fname='/root/anaconda3/lib/python3.12/site-packages/matplotlib/mpl-data/fonts/ttf/STIXSizOneSymReg.ttf', name='STIXSizeOneSym', style='normal', variant='normal', weight=400, stretch='normal', size='scalable')) = 10.335
2026-06-21 22:06:39 - DEBUG - findfont: score(FontEntry(fname='/root/anaconda3/lib/python3.12/site-packages/matplotlib/mpl-data/fonts/ttf/STIXGeneralBolIta.ttf', name='STIXGeneral', style='italic', variant='normal', weight=700, stretch='normal', size='scalable')) = 11.05
2026-06-21 22:06:39 - DEBUG - findfont: score(FontEntry(fname='/root/anaconda3/lib/python3.12/site-packages/matplotlib/mpl-data/fonts/ttf/DejaVuSerifDisplay.ttf', name='DejaVu Serif Display', style='normal', variant='normal', weight=400, stretch='normal', size='scalable')) = 10.335
2026-06-21 22:06:39 - DEBUG - findfont: score(FontEntry(fname='/root/anaconda3/lib/python3.12/site-packages/matplotlib/mpl-data/fonts/ttf/DejaVuSans-Bold.ttf', name='DejaVu Sans', style='normal', variant='normal', weight=700, stretch='normal', size='scalable')) = 0.05
2026-06-21 22:06:39 - DEBUG - findfont: score(FontEntry(fname='/root/anaconda3/lib/python3.12/site-packages/matplotlib/mpl-data/fonts/ttf/cmmi10.ttf', name='cmmi10', style='normal', variant='normal', weight=400, stretch='normal', size='scalable')) = 10.335
2026-06-21 22:06:39 - DEBUG - findfont: score(FontEntry(fname='/root/anaconda3/lib/python3.12/site-packages/matplotlib/mpl-data/fonts/ttf/cmtt10.ttf', name='cmtt10', style='normal', variant='normal', weight=400, stretch='normal', size='scalable')) = 10.335
2026-06-21 22:06:39 - DEBUG - findfont: score(FontEntry(fname='/root/anaconda3/lib/python3.12/site-packages/matplotlib/mpl-data/fonts/ttf/DejaVuSerif-BoldItalic.ttf', name='DejaVu Serif', style='italic', variant='normal', weight=700, stretch='normal', size='scalable')) = 11.05
2026-06-21 22:06:39 - DEBUG - findfont: score(FontEntry(fname='/root/anaconda3/lib/python3.12/site-packages/matplotlib/mpl-data/fonts/ttf/DejaVuSansMono.ttf', name='DejaVu Sans Mono', style='normal', variant='normal', weight=400, stretch='normal', size='scalable')) = 10.335
2026-06-21 22:06:39 - DEBUG - findfont: score(FontEntry(fname='/root/anaconda3/lib/python3.12/site-packages/matplotlib/mpl-data/fonts/ttf/DejaVuSansMono-BoldOblique.ttf', name='DejaVu Sans Mono', style='oblique', variant='normal', weight=700, stretch='normal', size='scalable')) = 11.05
2026-06-21 22:06:39 - DEBUG - findfont: score(FontEntry(fname='/root/anaconda3/lib/python3.12/site-packages/matplotlib/mpl-data/fonts/ttf/STIXGeneralBol.ttf', name='STIXGeneral', style='normal', variant='normal', weight=700, stretch='normal', size='scalable')) = 10.05
2026-06-21 22:06:39 - DEBUG - findfont: score(FontEntry(fname='/root/anaconda3/lib/python3.12/site-packages/matplotlib/mpl-data/fonts/ttf/DejaVuSerif.ttf', name='DejaVu Serif', style='normal', variant='normal', weight=400, stretch='normal', size='scalable')) = 10.335
2026-06-21 22:06:39 - DEBUG - findfont: score(FontEntry(fname='/root/anaconda3/lib/python3.12/site-packages/matplotlib/mpl-data/fonts/ttf/DejaVuSans-Oblique.ttf', name='DejaVu Sans', style='oblique', variant='normal', weight=400, stretch='normal', size='scalable')) = 1.335
2026-06-21 22:06:39 - DEBUG - findfont: score(FontEntry(fname='/root/anaconda3/lib/python3.12/site-packages/matplotlib/mpl-data/fonts/ttf/DejaVuSans-BoldOblique.ttf', name='DejaVu Sans', style='oblique', variant='normal', weight=700, stretch='normal', size='scalable')) = 1.05
2026-06-21 22:06:39 - DEBUG - findfont: score(FontEntry(fname='/root/anaconda3/lib/python3.12/site-packages/matplotlib/mpl-data/fonts/ttf/DejaVuSansMono-Oblique.ttf', name='DejaVu Sans Mono', style='oblique', variant='normal', weight=400, stretch='normal', size='scalable')) = 11.335
2026-06-21 22:06:39 - DEBUG - findfont: score(FontEntry(fname='/root/anaconda3/lib/python3.12/site-packages/matplotlib/mpl-data/fonts/ttf/STIXNonUniBolIta.ttf', name='STIXNonUnicode', style='italic', variant='normal', weight=700, stretch='normal', size='scalable')) = 11.05
2026-06-21 22:06:39 - DEBUG - findfont: score(FontEntry(fname='/root/anaconda3/lib/python3.12/site-packages/matplotlib/mpl-data/fonts/ttf/STIXSizFourSymReg.ttf', name='STIXSizeFourSym', style='normal', variant='normal', weight=400, stretch='normal', size='scalable')) = 10.335
2026-06-21 22:06:39 - DEBUG - findfont: score(FontEntry(fname='/usr/share/fonts/truetype/dejavu/DejaVuSans-Bold.ttf', name='DejaVu Sans', style='normal', variant='normal', weight=700, stretch='normal', size='scalable')) = 0.05
2026-06-21 22:06:39 - DEBUG - findfont: score(FontEntry(fname='/usr/share/fonts/truetype/dejavu/DejaVuSansMono-Bold.ttf', name='DejaVu Sans Mono', style='normal', variant='normal', weight=700, stretch='normal', size='scalable')) = 10.05
2026-06-21 22:06:39 - DEBUG - findfont: score(FontEntry(fname='/usr/share/fonts/truetype/dejavu/DejaVuSerif.ttf', name='DejaVu Serif', style='normal', variant='normal', weight=400, stretch='normal', size='scalable')) = 10.335
2026-06-21 22:06:39 - DEBUG - findfont: score(FontEntry(fname='/usr/share/fonts/truetype/dejavu/DejaVuSans.ttf', name='DejaVu Sans', style='normal', variant='normal', weight=400, stretch='normal', size='scalable')) = 0.33499999999999996
2026-06-21 22:06:39 - DEBUG - findfont: score(FontEntry(fname='/usr/share/fonts/truetype/dejavu/DejaVuSansMono.ttf', name='DejaVu Sans Mono', style='normal', variant='normal', weight=400, stretch='normal', size='scalable')) = 10.335
2026-06-21 22:06:39 - DEBUG - findfont: score(FontEntry(fname='/usr/share/fonts/truetype/dejavu/DejaVuSerif-Bold.ttf', name='DejaVu Serif', style='normal', variant='normal', weight=700, stretch='normal', size='scalable')) = 10.05
2026-06-21 22:06:39 - DEBUG - findfont: Matching sans\-serif:style=normal:variant=normal:weight=bold:stretch=normal:size=9.0 to DejaVu Sans ('/root/anaconda3/lib/python3.12/site-packages/matplotlib/mpl-data/fonts/ttf/DejaVuSans-Bold.ttf') with score of 0.050000.
2026-06-21 22:06:41 - INFO - 
EMIB returned 1 solution(s) (max 1).
