node 0 w: 9.0, h: 7.0
node 1 w: 8.0, h: 7.0
node 2 w: 7.0, h: 6.0
node 3 w: 7.0, h: 7.0
node 4 w: 6.0, h: 8.0
node 5 w: 7.0, h: 7.0
node 6 w: 9.0, h: 5.0
node 7 w: 7.0, h: 5.0
node 8 w: 9.0, h: 5.0
node 9 w: 7.0, h: 7.0
node 10 w: 8.0, h: 7.0
node 11 w: 6.0, h: 5.0
node 12 w: 9.0, h: 8.0
连接统计: 总计 30 对
连接关系（EMIBNode 内容）:
  (A,I): node1=A, node2=I, wireCount=256, EMIBType=interfaceB, EMIB_length=0.8533, EMIB_max_width=3.0, width=2.0, height=0.8533, bump_width=1.0000
  (A,L): node1=A, node2=L, wireCount=128, EMIBType=interfaceC, EMIB_length=3.2, EMIB_max_width=99.0, width=1.0, height=3.2, bump_width=0.5000
  (B,D): node1=B, node2=D, wireCount=128, EMIBType=interfaceC, EMIB_length=3.2, EMIB_max_width=99.0, width=1.0, height=3.2, bump_width=0.5000
  (B,E): node1=B, node2=E, wireCount=256, EMIBType=interfaceB, EMIB_length=0.8533, EMIB_max_width=3.0, width=2.0, height=0.8533, bump_width=1.0000
  (B,G): node1=B, node2=G, wireCount=128, EMIBType=interfaceC, EMIB_length=3.2, EMIB_max_width=99.0, width=1.0, height=3.2, bump_width=0.5000
  (B,I): node1=B, node2=I, wireCount=128, EMIBType=interfaceC, EMIB_length=3.2, EMIB_max_width=99.0, width=1.0, height=3.2, bump_width=0.5000
  (B,M): node1=B, node2=M, wireCount=512, EMIBType=interfaceB, EMIB_length=1.7067, EMIB_max_width=3.0, width=2.0, height=1.7067, bump_width=1.0000
  (C,D): node1=C, node2=D, wireCount=128, EMIBType=interfaceC, EMIB_length=3.2, EMIB_max_width=99.0, width=1.0, height=3.2, bump_width=0.5000
  (C,F): node1=C, node2=F, wireCount=128, EMIBType=interfaceC, EMIB_length=3.2, EMIB_max_width=99.0, width=1.0, height=3.2, bump_width=0.5000
  (C,H): node1=C, node2=H, wireCount=128, EMIBType=interfaceC, EMIB_length=3.2, EMIB_max_width=99.0, width=1.0, height=3.2, bump_width=0.5000
  (C,I): node1=C, node2=I, wireCount=128, EMIBType=interfaceC, EMIB_length=3.2, EMIB_max_width=99.0, width=1.0, height=3.2, bump_width=0.5000
  (C,J): node1=C, node2=J, wireCount=256, EMIBType=interfaceB, EMIB_length=0.8533, EMIB_max_width=3.0, width=2.0, height=0.8533, bump_width=1.0000
  (D,F): node1=D, node2=F, wireCount=128, EMIBType=interf2026-03-05 15:00:51 - INFO - Set parameter WLSAccessID
2026-03-05 15:00:51 - INFO - Set parameter WLSSecret
2026-03-05 15:00:51 - INFO - Set parameter LicenseID to value 2756663
2026-03-05 15:00:51 - INFO - Academic license 2756663 - for non-commercial use only - registered to hu___@sjtu.edu.cn
2026-03-05 15:00:52 - INFO - Set parameter TimeLimit to value 3600
2026-03-05 15:00:52 - INFO - Set parameter MIPGap to value 0.8
2026-03-05 15:00:52 - INFO - Set parameter MIPFocus to value 3
2026-03-05 15:00:52 - INFO - Set parameter Heuristics to value 0.5
2026-03-05 15:00:52 - INFO - Set parameter LogToConsole to value 1
2026-03-05 15:00:52 - INFO - Gurobi Optimizer version 13.0.0 build v13.0.0rc1 (linux64 - "Ubuntu 20.04.6 LTS")
2026-03-05 15:00:52 - INFO - 
2026-03-05 15:00:52 - INFO - CPU model: AMD Ryzen 9 9950X3D 16-Core Processor, instruction set [SSE2|AVX|AVX2|AVX512]
2026-03-05 15:00:52 - INFO - Thread count: 6 physical cores, 12 logical processors, using up to 12 threads
2026-03-05 15:00:52 - INFO - 
2026-03-05 15:00:52 - INFO - Non-default parameters:
2026-03-05 15:00:52 - INFO - TimeLimit  3600
2026-03-05 15:00:52 - INFO - MIPGap  0.8
2026-03-05 15:00:52 - INFO - Heuristics  0.5
2026-03-05 15:00:52 - INFO - MIPFocus  3
2026-03-05 15:00:52 - INFO - 
2026-03-05 15:00:52 - INFO - Academic license 2756663 - for non-commercial use only - registered to hu___@sjtu.edu.cn
2026-03-05 15:00:52 - INFO - Optimize a model with 2172 rows, 991 columns and 7504 nonzeros (Min)
2026-03-05 15:00:52 - INFO - Model fingerprint: 0xb204a348
2026-03-05 15:00:52 - INFO - Model has 3 linear objective coefficients
2026-03-05 15:00:52 - INFO - Variable types: 359 continuous, 632 integer (632 binary)
2026-03-05 15:00:52 - INFO - Coefficient statistics:
2026-03-05 15:00:52 - INFO -   Matrix range     [3e-01, 5e+02]
2026-03-05 15:00:52 - INFO -   Objective range  [6e-05, 1e-01]
2026-03-05 15:00:52 - INFO -   Bounds range     [9e-01, 3e+07]
2026-03-05 15:00:52 - INFO -   RHS range        [9e-01, 2e+02]
2026-03-05 15:00:52 - INFO - Presolve removed 156 rows and 133 columns
2026-03-05 15:00:52 - INFO - Presolve time: 0.01s
2026-03-05 15:00:52 - INFO - Presolved: 2016 rows, 858 columns, 6908 nonzeros
2026-03-05 15:00:52 - INFO - Variable types: 259 continuous, 599 integer (599 binary)
2026-03-05 15:00:52 - INFO - Root relaxation presolve removed 240 rows and 52 columns
2026-03-05 15:00:52 - INFO - Root relaxation presolved: 1776 rows, 838 columns, 6356 nonzeros
2026-03-05 15:00:52 - INFO - 
2026-03-05 15:00:52 - INFO - 
2026-03-05 15:00:52 - INFO - Root relaxation: objective 1.668320e+00, 435 iterations, 0.01 seconds (0.01 work units)
2026-03-05 15:00:52 - INFO - 
2026-03-05 15:00:52 - INFO -     Nodes    |    Current Node    |     Objective Bounds      |     Work
2026-03-05 15:00:52 - INFO -  Expl Unexpl |  Obj  Depth IntInf | Incumbent    BestBd   Gap | It/Node Time
2026-03-05 15:00:52 - INFO - 
2026-03-05 15:00:52 - INFO -      0     0    1.66832    0  247          -    1.66832      -     -    0s
2026-03-05 15:00:52 - INFO -      0     0    1.69722    0  265          -    1.69722      -     -    0s
2026-03-05 15:00:52 - INFO -      0     0    1.69722    0  265          -    1.69722      -     -    0s
2026-03-05 15:00:52 - INFO -      0     0    1.69722    0  255          -    1.69722      -     -    0s
2026-03-05 15:00:52 - INFO -      0     0    2.88808    0  257          -    2.88808      -     -    0s
2026-03-05 15:00:52 - INFO -      0     0    2.88808    0  309          -    2.88808      -     -    0s
2026-03-05 15:00:52 - INFO -      0     0    2.88808    0  277          -    2.88808      -     -    0s
2026-03-05 15:00:52 - INFO -      0     0    3.15568    0  283          -    3.15568      -     -    0s
2026-03-05 15:00:52 - INFO -      0     0    3.27979    0  311          -    3.27979      -     -    0s
2026-03-05 15:00:52 - INFO -      0     0    3.27979    0  310          -    3.27979      -     -    0s
2026-03-05 15:00:53 - INFO -      0     0    3.27979    0  284          -    3.27979      -     -    1s
2026-03-05 15:00:53 - INFO -      0     0    3.39274    0  284          -    3.39274      -     -    1s
2026-03-05 15:00:53 - INFO -      0     0    3.39274    0  261          -    3.39274      -     -    1s
2026-03-05 15:00:54 - INFO -      0     2    3.39274    0  261          -    3.39274      -     -    2s
2026-03-05 15:00:57 - INFO -   1377  1292    4.60018   17  382          -    3.99618      -  68.1    5s
2026-03-05 15:01:02 - INFO -   1650  1484    4.98364   24  306          -    4.53151      -  98.1   10s
2026-03-05 15:01:07 - INFO -   3352  2559    4.87003   28  330          -    4.80814      -   147   15s
2026-03-05 15:01:12 - INFO -   6080  4325    4.91434   24  318          -    4.88631      -   138   20s
2026-03-05 15:01:17 - INFO -   8181  5799    5.13209   28  289          -    4.92316      -   132   25s
2026-03-05 15:01:22 - INFO -  13700 10173    5.45007   25  287          -    4.96285      -   117   30s
2026-03-05 15:01:27 - INFO -  16587 11659    5.23873   30  290          -    4.98843      -   113   35s
2026-03-05 15:01:32 - INFO -  19457 13451    5.95521   31  233          -    5.01082      -   111   40s
2026-03-05 15:01:37 - INFO -  23152 16619    5.14131   25  259          -    5.02964      -   109   45s
2026-03-05 15:01:42 - INFO -  33624 23934    5.32836   28  305          -    5.06380      -  97.7   50s
2026-03-05 15:01:47 - INFO -  43303 28651 infeasible   27               -    5.08801      -  92.0   55s
2026-03-05 15:01:52 - INFO -  45106 29905    5.41250   30  295          -    5.09769      -  92.7   60s
2026-03-05 15:01:57 - INFO -  47702 32130    5.57679   29  286          -    5.10677      -  93.3   65s
2026-03-05 15:02:02 - INFO -  52510 35102    5.14323   30  281          -    5.11884      -  93.2   70s
2026-03-05 15:02:07 - INFO -  61463 40588    5.36626   36  317          -    5.13819      -  90.9   75s
2026-03-05 15:02:12 - INFO -  71586 46606    5.16508   25  294          -    5.15546      -  88.5   80s
2026-03-05 15:02:17 - INFO -  76291 49281    5.62827   27  333          -    5.16113      -  88.1   85s
2026-03-05 15:02:22 - INFO -  84777 54481    5.46146   30  296          -    5.17564      -  86.9   90s
2026-03-05 15:02:27 - INFO -  89208 56919    5.47488   33  254          -    5.18294      -  86.9   95s
2026-03-05 15:02:36 - INFO -  89471 62460    6.77443   33  202          -    5.18417      -  87.0  104s
2026-03-05 15:02:37 - INFO -  99351 62611    6.11540   28  204          -    5.19403      -  87.0  105s
2026-03-05 15:02:42 - INFO -  107603 67492    5.56661   28  283          -    5.20273      -  85.3  110s
2026-03-05 15:02:53 - INFO -  107615 74186    6.07242   28  275          -    5.20392      -  85.3  121s
2026-03-05 15:02:57 - INFO -  121360 75710    6.15429   27  212          -    5.21880      -  85.1  125s
2026-03-05 15:03:13 - INFO -  125438 84282 infeasible   29               -    5.22539      -  85.1  141s
2026-03-05 15:03:17 - INFO -  140889 86538    5.37753   31  252          -    5.23935      -  84.6  145s
2026-03-05 15:03:22 - INFO -  144665 91213    5.34197   28  311          -    5.24517      -  84.2  150s
2026-03-05 15:03:27 - INFO -  154514 94501    5.34213   28  306          -    5.25591      -  83.7  155s
2026-03-05 15:03:32 - INFO -  158169 97018    5.46770   27  272          -    5.26122      -  83.9  160s
2026-03-05 15:03:37 - INFO -  162464 99429    5.33325   31  252          -    5.26502      -  83.8  165s
2026-03-05 15:03:42 - INFO -  167561 103630    5.36584   26  276          -    5.27081      -  84.1  170s
2026-03-05 15:03:47 - INFO -  176965 107758    5.30382   37  318          -    5.27920      -  83.4  175s
2026-03-05 15:03:52 - INFO -  181357 110257    5.52238   32  280          -    5.28239      -  83.6  180s
2026-03-05 15:03:57 - INFO -  184122 111590 infeasible   36               -    5.28531      -  83.9  185s
2026-03-05 15:04:02 - INFO -  184724 112588    5.47119   30  304          -    5.28751      -  84.0  190s
2026-03-05 15:04:07 - INFO -  187482 113507    5.79957   34  274          -    5.29116      -  84.2  195s
2026-03-05 15:04:13 - INFO -  192362 117118    5.63654   34  245          -    5.29576      -  84.5  201s
2026-03-05 15:04:17 - INFO -  196476 119060    5.44713   35  295          -    5.29944      -  84.7  205s
2026-03-05 15:04:22 - INFO -  200934 121771    6.08699   31  251          -    5.30338      -  84.8  210s
2026-03-05 15:04:27 - INFO -  210642 127899    5.41323   30  283          -    5.31179      -  84.4  215s
2026-03-05 15:04:32 - INFO -  221608 133059    5.40374   31  297          -    5.31959      -  83.7  220s
2026-03-05 15:04:37 - INFO -  225840 135696    5.43957   33  281          -    5.32440      -  83.9  225s
2026-03-05 15:04:42 - INFO -  233720 140333 infeasible   27               -    5.33033      -  83.9  230s
2026-03-05 15:04:47 - INFO -  238140 143376    5.35912   33  243          -    5.33399      -  83.9  235s
2026-03-05 15:04:52 - INFO -  246335 147375    6.03612   28  272          -    5.33971      -  83.6  240s
2026-03-05 15:04:57 - INFO -  249774 149961    6.23338   31  231          -    5.34287      -  83.9  245s
2026-03-05 15:05:02 - INFO -  254373 151976    5.86714   35  306          -    5.34645      -  83.9  250s
2026-03-05 15:05:08 - INFO -  256865 154009    5.57549   29  288          -    5.34882      -  84.0  256s
2026-03-05 15:05:12 - INFO -  265280 158422    5.77609   31  261          -    5.35518      -  83.8  260s
2026-03-05 15:05:17 - INFO -  269373 160462    5.75246   29  261          -    5.35828      -  83.9  265s
2026-03-05 15:05:22 - INFO -  274849 163726    5.64483   30  253          -    5.36310      -  84.0  270s
2026-03-05 15:05:27 - INFO -  277341 164906    6.41399   33  261          -    5.36580      -  84.2  275s
2026-03-05 15:05:32 - INFO -  281136 167091    6.03796   35  248          -    5.36804      -  84.3  280s
2026-03-05 15:05:38 - INFO -  288522 171719    5.38888   29  320          -    5.37266      -  84.3  285s
2026-03-05 15:05:42 - INFO -  292206 173170 infeasible   40               -    5.37548      -  84.3  290s
2026-03-05 15:05:47 - INFO -  293427 174029    5.68673   42  263          -    5.37717      -  84.4  295s
2026-03-05 15:05:53 - INFO -  298406 176753 infeasible   41               -    5.38029      -  84.6  301s
2026-03-05 15:05:57 - INFO -  303018 179008    5.89481   32  270          -    5.38255      -  84.5  305s
2026-03-05 15:06:03 - INFO -  307499 183675    5.75303   30  282          -    5.38607      -  84.7  311s
2026-03-05 15:06:07 - INFO -  315389 185704    6.03052   37  266          -    5.39124      -  84.5  315s
2026-03-05 15:06:12 - INFO -  323669 190074    6.39949   31  204          -    5.39632      -  84.5  320s
2026-03-05 15:06:17 - INFO -  327058 192630    6.23369   31  267          -    5.39908      -  84.7  325s
2026-03-05 15:06:22 - INFO -  331348 194789    5.55346   32  303          -    5.40223      -  84.8  330s
2026-03-05 15:06:27 - INFO -  335054 198968    5.80006   32  287          -    5.40449      -  84.8  335s
2026-03-05 15:06:32 - INFO -  341559 200373    5.58309   35  270          -    5.40906      -  84.6  340s
2026-03-05 15:06:37 - INFO -  346676 203662    6.32104   37  226          -    5.41195      -  84.7  345s
2026-03-05 15:06:43 - INFO -  353523 206430    5.47583   31  291          -    5.41603      -  84.7  351s
2026-03-05 15:06:47 - INFO -  354558 206891 infeasible   33               -    5.41725      -  84.7  355s
2026-03-05 15:06:52 - INFO -  355585 207361    5.61102   26  258          -    5.41874      -  84.8  360s
2026-03-05 15:06:57 - INFO -  357499 209045 infeasible   35               -    5.41994      -  84.9  365s
2026-03-05 15:07:02 - INFO -  363923 211761 infeasible   28               -    5.42347      -  85.1  370s
2026-03-05 15:07:07 - INFO -  367992 214314    5.54113   29  269          -    5.42602      -  85.2  375s
2026-03-05 15:07:12 - INFO -  376442 219850    6.03608   27  284          -    5.43030      -  85.0  380s
2026-03-05 15:07:17 - INFO -  386893 224393    6.61631   42  217          -    5.43465      -  84.7  385s
2026-03-05 15:07:22 - INFO -  391856 227284    5.99122   26  265          -    5.43841      -  84.8  390s
2026-03-05 15:07:27 - INFO -  396640 229755    5.66886   37  306          -    5.44118      -  85.0  395s
2026-03-05 15:07:32 - INFO -  400587 231740    5.61179   34  248          -    5.44386      -  85.1  400s
2026-03-05 15:07:37 - INFO -  405793 234405    5.55857   39  274          -    5.44607      -  85.1  405s
2026-03-05 15:07:42 - INFO -  407540 235649    5.56154   29  275          -    5.44821      -  85.2  410s
2026-03-05 15:07:47 - INFO -  410114 237391    6.49535   38  233          -    5.45000      -  85.3  415s
2026-03-05 15:07:52 - INFO -  412524 238874    6.28926   31  251          -    5.45153      -  85.4  420s
2026-03-05 15:07:57 - INFO -  421824 243168 infeasible   28               -    5.45573      -  85.2  425s
2026-03-05 15:08:02 - INFO -  428114 247623    5.51340   28  271          -    5.45992      -  85.3  430s
2026-03-05 15:08:07 - INFO -  432751 249376    5.73155   37  290          -    5.46259      -  85.3  435s
2026-03-05 15:08:12 - INFO -  438239 252067    5.50609   28  310          -    5.46552      -  85.4  440s
2026-03-05 15:08:18 - INFO -  441655 254376    6.55854   38  180          -    5.46782      -  85.4  446s
2026-03-05 15:08:22 - INFO -  447246 257248    6.18219   31  256          -    5.47038      -  85.3  450s
2026-03-05 15:08:27 - INFO -  450018 258297    6.16369   32  253          -    5.47225      -  85.3  455s
2026-03-05 15:08:33 - INFO -  451908 259821 infeasible   34               -    5.47398      -  85.4  461s
2026-03-05 15:08:38 - INFO -  456274 262169    6.71438   33  244          -    5.47703      -  85.5  466s
2026-03-05 15:08:42 - INFO -  464287 265977 infeasible   33               -    5.48076      -  85.4  470s
2026-03-05 15:08:47 - INFO -  471368 269967    5.89317   34  252          -    5.48452      -  85.3  475s
2026-03-05 15:08:52 - INFO -  477881 273389    5.53073   37  292          -    5.48838      -  85.2  480s
2026-03-05 15:08:57 - INFO -  483152 275889 infeasible   35               -    5.49170      -  85.2  485s
2026-03-05 15:09:02 - INFO -  484047 276327    6.45243   41  202          -    5.49324      -  85.3  490s
2026-03-05 15:09:07 - INFO -  485693 277652 infeasible   38               -    5.49478      -  85.5  495s
2026-03-05 15:09:12 - INFO -  488707 278936    5.67060   27  315          -    5.49671      -  85.6  500s
2026-03-05 15:09:17 - INFO -  493727 281828    5.75908   35  286          -    5.49896      -  85.7  505s
2026-03-05 15:09:22 - INFO -  501674 285696    5.62496   38  282          -    5.50232      -  85.6  510s
2026-03-05 15:09:27 - INFO -  508024 291415    5.76021   29  249          -    5.50527      -  85.5  515s
2026-03-05 15:09:32 - INFO -  516264 293503    5.59876   33  276          -    5.50936      -  85.4  520s
2026-03-05 15:09:37 - INFO -  520979 297212    5.72671   35  262          -    5.51194      -  85.4  525s
2026-03-05 15:09:42 - INFO -  526049 299896    5.74124   27  300          -    5.51457      -  85.5  530s
2026-03-05 15:09:47 - INFO -  530631 301663    6.03679   40  226          -    5.51682      -  85.5  535s
2026-03-05 15:09:52 - INFO -  534568 303789    5.63127   31  246          -    5.51825      -  85.5  540s
2026-03-05 15:09:57 - INFO -  536579 305309    5.66305   32  295          -    5.51978      -  85.6  545s
2026-03-05 15:10:03 - INFO -  546323 309999    5.68655   30  266          -    5.52345      -  85.5  551s
2026-03-05 15:10:07 - INFO -  549961 313449    6.59346   34  249          -    5.52535      -  85.5  555s
2026-03-05 15:10:12 - INFO -  556190 314771    5.71015   38  259          -    5.52859      -  85.5  560s
2026-03-05 15:10:17 - INFO -  560847 317170    5.94442   28  262          -    5.53109      -  85.5  565s
2026-03-05 15:10:22 - INFO -  563187 318994    5.99225   34  268          -    5.53303      -  85.6  570s
2026-03-05 15:10:27 - INFO -  568887 321578    6.15837   36  230          -    5.53593      -  85.7  575s
2026-03-05 15:10:33 - INFO -  570856 322445    7.10670   37  227          -    5.53734      -  85.7  580s
2026-03-05 15:10:38 - INFO -  573993 324027    5.82606   34  235          -    5.53869      -  85.8  586s
2026-03-05 15:10:42 - INFO -  576153 325922    5.68317   31  272          -    5.54003      -  85.9  590s
2026-03-05 15:10:47 - INFO -  584222 330026    5.90736   40  236          -    5.54330      -  85.8  595s
2026-03-05 15:10:52 - INFO -  588969 333655    5.75998   32  269          -    5.54545      -  85.8  600s
2026-03-05 15:10:57 - INFO -  595440 335612    5.69211   33  278          -    5.54853      -  85.8  605s
2026-03-05 15:11:02 - INFO -  599714 337660    5.75166   39  267          -    5.55089      -  85.8  610s
2026-03-05 15:11:08 - INFO -  602915 339632    5.69771   23  273          -    5.55228      -  85.9  616s
2026-03-05 15:11:12 - INFO -  612096 343730    5.72068   37  295          -    5.55601      -  85.6  620s
2026-03-05 15:11:17 - INFO -  613646 344931    5.78634   35  262          -    5.55702      -  85.7  625s
2026-03-05 15:11:23 - INFO -  618844 347435    5.96884   31  266          -    5.55966      -  85.9  631s
2026-03-05 15:11:27 - INFO -  623166 350790    5.98829   33  254          -    5.56133      -  85.9  635s
2026-03-05 15:11:32 - INFO -  627750 351727 infeasible   32               -    5.56339      -  85.8  640s
2026-03-05 15:11:37 - INFO -  627833 351786    6.45307   34  185          -    5.56402      -  85.9  645s
2026-03-05 15:11:42 - INFO -  628797 352675    6.46018   31  246          -    5.56461      -  85.9  650s
2026-03-05 15:11:47 - INFO -  632552 354624    6.48007   41  234          -    5.56644      -  86.0  655s
2026-03-05 15:11:53 - INFO -  638132 357437    5.74071   32  228          -    5.56870      -  86.1  661s
2026-03-05 15:11:57 - INFO -  640975 358417    5.62455   34  313          -    5.56968      -  86.2  665s
2026-03-05 15:12:02 - INFO -  645013 360417    5.85416   35  258          -    5.57163      -  86.2  670s
2026-03-05 15:12:07 - INFO -  650049 364296    6.05478   36  213          -    5.57372      -  86.2  675s
2026-03-05 15:12:12 - INFO -  660303 368211    5.64358   37  268          -    5.57744      -  86.0  680s
2026-03-05 15:12:17 - INFO -  662953 369513    6.39928   44  225          -    5.57871      -  86.1  685s
2026-03-05 15:12:22 - INFO -  669593 372529    6.10003   36  240          -    5.58069      -  86.0  690s
2026-03-05 15:12:27 - INFO -  671206 373531 infeasible   38               -    5.58267      -  86.1  695s
2026-03-05 15:12:32 - INFO -  673452 375193    6.42904   36  218          -    5.58409      -  86.1  700s
2026-03-05 15:12:38 - INFO -  678753 377805    5.68912   34  261          -    5.58613      -  86.2  706s
2026-03-05 15:12:42 - INFO -  686474 381115    6.85208   32  203          -    5.58879      -  86.1  710s
2026-03-05 15:12:48 - INFO -  692782 385170    5.83523   32  264          -    5.59148      -  86.1  716s
2026-03-05 15:12:52 - INFO -  701069 389256    5.92512   30  287          -    5.59490      -  86.0  720s
2026-03-05 15:12:57 - INFO -  706826 392023    6.17557   36  274          -    5.59732      -  86.0  725s
2026-03-05 15:13:02 - INFO -  709501 393243    5.71318   42  273          -    5.59889      -  86.0  730s
2026-03-05 15:13:07 - INFO -  709748 393465 infeasible   33               -    5.59979      -  86.1  735s
2026-03-05 15:13:17 - INFO -  711009 397203    5.91078   30  289          -    5.60080      -  86.2  745s
2026-03-05 15:13:22 - INFO -  719780 398338    5.77177   33  243          -    5.60378      -  86.3  750s
2026-03-05 15:13:27 - INFO -  724628 400453    6.21735   40  238          -    5.60598      -  86.3  755s
2026-03-05 15:13:32 - INFO -  728175 402895 infeasible   33               -    5.60768      -  86.4  760s
2026-03-05 15:13:37 - INFO -  737392 407023    5.63071   30  276          -    5.61115      -  86.2  765s
2026-03-05 15:13:42 - INFO -  746107 411769    5.62233   31  300          -    5.61488      -  86.1  770s
2026-03-05 15:13:59 - INFO -  748673 418187    5.62912   23  285          -    5.61591      -  86.1  787s
2026-03-05 15:14:03 - INFO -  761612 419218    7.11882   31  193          -    5.61967      -  86.1  791s
2026-03-05 15:14:07 - INFO -  769187 422974 infeasible   39               -    5.62274      -  86.0  795s
2026-03-05 15:14:12 - INFO -  774545 425250    6.08154   35  277          -    5.62412      -  85.9  800s
2026-03-05 15:14:17 - INFO -  777722 426925    6.12200   35  265          -    5.62566      -  86.0  805s
2026-03-05 15:14:22 - INFO -  781810 429511    5.70525   33  266          -    5.62745      -  86.0  810s
2026-03-05 15:14:27 - INFO -  786212 431174    5.64571   36  270          -    5.62916      -  86.0  815s
2026-03-05 15:14:32 - INFO -  794734 435195    5.78408   40  233          -    5.63242      -  85.9  820s
2026-03-05 15:14:37 - INFO -  796773 436438    5.98841   35  284          -    5.63388      -  86.0  825s
2026-03-05 15:14:42 - INFO -  798204 436749    6.44761   36  216          -    5.63505      -  86.1  830s
2026-03-05 15:14:47 - INFO -  799289 437442    6.25476   36  246          -    5.63595      -  86.1  835s
2026-03-05 15:14:53 - INFO -  802737 439570    6.16947   30  256          -    5.63722      -  86.1  841s
2026-03-05 15:14:57 - INFO -  806363 441430 infeasible   30               -    5.63853      -  86.2  845s
2026-03-05 15:15:02 - INFO -  811902 443766    5.65900   35  297          -    5.64071      -  86.3  850s
2026-03-05 15:15:07 - INFO -  816322 448177    5.71580   38  251          -    5.64239      -  86.3  855s
2026-03-05 15:15:13 - INFO -  822526 449955    5.65673   34  268          -    5.64437      -  86.2  861s
2026-03-05 15:15:17 - INFO -  834165 454346    6.12147   35  270          -    5.64767      -  86.0  865s
2026-03-05 15:15:23 - INFO -  842569 459005    6.04562   34  229          -    5.65082      -  85.9  871s
2026-03-05 15:15:27 - INFO -  849380 461605    6.56970   38  217          -    5.65311      -  85.8  875s
2026-03-05 15:15:32 - INFO -  850445 462089    6.10799   32  281          -    5.65436      -  85.9  880s
2026-03-05 15:15:37 - INFO -  851396 462969 infeasible   39               -    5.65502      -  85.9  885s
2026-03-05 15:15:42 - INFO -  854785 464970    5.86198   30  272          -    5.65630      -  86.0  890s
2026-03-05 15:15:47 - INFO -  859208 466886 infeasible   30               -    5.65820      -  86.0  895s
2026-03-05 15:15:52 - INFO -  863624 468792    6.10234   29  268          -    5.66002      -  86.1  900s
2026-03-05 15:15:57 - INFO -  869975 471961    6.18342   37  210          -    5.66200      -  86.1  905s
2026-03-05 15:16:02 - INFO -  875756 474581    6.66922   32  215          -    5.66420      -  86.1  910s
2026-03-05 15:16:07 - INFO -  878440 476353 infeasible   29               -    5.66547      -  86.1  915s
2026-03-05 15:16:12 - INFO -  880086 476389    6.00838   30  256          -    5.66673      -  86.1  920s
2026-03-05 15:16:18 - INFO -  880778 476792 infeasible   36               -    5.66724      -  86.2  926s
2026-03-05 15:16:22 - INFO -  881405 477826 infeasible   31               -    5.66752      -  86.2  930s
2026-03-05 15:16:27 - INFO -  886544 480250    6.73392   26  218          -    5.66905      -  86.2  935s
2026-03-05 15:16:32 - INFO -  891270 482158 infeasible   34               -    5.67100      -  86.3  940s
2026-03-05 15:16:38 - INFO -  896464 484714    5.76867   40  262          -    5.67292      -  86.3  946s
2026-03-05 15:16:43 - INFO -  898721 485980    5.67450   26  315          -    5.67390      -  86.4  951s
2026-03-05 15:16:47 - INFO -  903835 488145    5.86777   30  267          -    5.67556      -  86.4  955s
2026-03-05 15:16:52 - INFO -  915400 493881    5.93309   38  261          -    5.67925      -  86.2  960s
2026-03-05 15:16:57 - INFO -  924641 497971    5.82639   35  276          -    5.68218      -  86.1  965s
2026-03-05 15:17:02 - INFO -  929543 500279    6.20366   34  219          -    5.68425      -  86.1  970s
2026-03-05 15:17:07 - INFO -  929642 500322 infeasible   39               -    5.68506      -  86.2  975s
2026-03-05 15:17:12 - INFO -  930297 500792    6.17805   35  263          -    5.68601      -  86.2  980s
2026-03-05 15:17:17 - INFO -  933065 502402    6.83080   37  227          -    5.68739      -  86.3  985s
2026-03-05 15:17:23 - INFO -  937253 504236 infeasible   45               -    5.68863      -  86.4  991s
2026-03-05 15:17:28 - INFO -  939835 505978    5.90448   40  223          -    5.68967      -  86.4  996s
2026-03-05 15:17:32 - INFO -  943536 507151    5.97893   37  247          -    5.69147      -  86.4 1000s
2026-03-05 15:17:37 - INFO -  949448 510239    5.82806   34  248          -    5.69337      -  86.5 1005s
2026-03-05 15:17:42 - INFO -  954213 512140    5.81089   44  268          -    5.69525      -  86.5 1010s
2026-03-05 15:17:48 - INFO -  959428 516685    5.99188   40  293          -    5.69700      -  86.6 1016s
2026-03-05 15:17:53 - INFO -  969677 520151    6.12261   39  229          -    5.70005      -  86.4 1021s
2026-03-05 15:17:57 - INFO -  978220 524157    6.08220   33  256          -    5.70279      -  86.3 1025s
2026-03-05 15:18:03 - INFO -  982213 525899    5.85029   30  257          -    5.70458      -  86.3 1031s
2026-03-05 15:18:07 - INFO -  983016 526096    5.86231   36  239          -    5.70523      -  86.4 1035s
2026-03-05 15:18:12 - INFO -  984425 526852 infeasible   39               -    5.70601      -  86.4 1040s
2026-03-05 15:18:17 - INFO -  984937 527129    6.00226   38  196          -    5.70639      -  86.4 1045s
2026-03-05 15:18:22 - INFO -  988819 529293    6.23921   31  243          -    5.70774      -  86.5 1050s
2026-03-05 15:18:27 - INFO -  993275 531069    6.26405   31  225          -    5.70918      -  86.5 1055s
2026-03-05 15:18:32 - INFO -  998639 534002 infeasible   31               -    5.71079      -  86.5 1060s
2026-03-05 15:18:38 - INFO -  1004079 536066 infeasible   32               -    5.71284      -  86.6 1066s
2026-03-05 15:18:43 - INFO -  1011682 539843 infeasible   39               -    5.71482      -  86.5 1071s
2026-03-05 15:18:47 - INFO -  1017525 542451    5.96638   29  256          -    5.71674      -  86.4 1075s
2026-03-05 15:18:52 - INFO -  1020501 544187    5.91440   39  220          -    5.71824      -  86.5 1080s
2026-03-05 15:18:57 - INFO -  1026548 546962    6.37554   34  228          -    5.71989      -  86.4 1085s
2026-03-05 15:19:02 - INFO -  1028895 548270    5.80240   35  292          -    5.72082      -  86.5 1090s
2026-03-05 15:19:07 - INFO -  1032414 549938    5.78050   33  283          -    5.72192      -  86.5 1095s
2026-03-05 15:19:12 - INFO -  1038638 552508    6.13795   34  240          -    5.72381      -  86.5 1100s
2026-03-05 15:19:18 - INFO -  1041258 553500 infeasible   35               -    5.72505      -  86.5 1106s
2026-03-05 15:19:22 - INFO -  1041307 553529    5.88438   32  256          -    5.72542      -  86.6 1110s
2026-03-05 15:19:28 - INFO -  1042297 554581 infeasible   32               -    5.72595      -  86.6 1116s
2026-03-05 15:19:32 - INFO -  1043650 555010    7.49820   37  185          -    5.72648      -  86.6 1120s
2026-03-05 15:19:37 - INFO -  1048969 557857    6.05995   39  285          -    5.72812      -  86.6 1125s
2026-03-05 15:19:43 - INFO -  1052742 559482    6.60613   37  205          -    5.72948      -  86.7 1131s
2026-03-05 15:19:47 - INFO -  1057389 561525    5.82528   35  278          -    5.73113      -  86.7 1135s
2026-03-05 15:19:52 - INFO -  1060592 563042 infeasible   30               -    5.73214      -  86.7 1140s
2026-03-05 15:19:57 - INFO -  1066134 565677 infeasible   33               -    5.73403      -  86.8 1145s
2026-03-05 15:20:02 - INFO -  1071129 567604    6.23282   33  212          -    5.73594      -  86.8 1150s
2026-03-05 15:20:07 - INFO -  1075175 569844    5.90863   36  305          -    5.73725      -  86.8 1155s
2026-03-05 15:20:12 - INFO -  1089705 576618    5.91976   33  281          -    5.74082      -  86.6 1160s
2026-03-05 15:20:17 - INFO -  1093002 578544    6.21000   34  206          -    5.74250      -  86.6 1165s
2026-03-05 15:20:22 - INFO -  1093610 578606    5.95929   35  240          -    5.74325      -  86.7 1170s
2026-03-05 15:20:27 - INFO -  1093841 578806    6.09082   36  241          -    5.74411      -  86.7 1175s
2026-03-05 15:20:32 - INFO -  1095438 579599 infeasible   43               -    5.74509      -  86.8 1180s
2026-03-05 15:20:37 - INFO -  1097251 580445 infeasible   34               -    5.74615      -  86.8 1185s
2026-03-05 15:20:43 - INFO -  1101050 582378    5.87181   38  247          -    5.74757      -  86.9 1191s
2026-03-05 15:20:49 - INFO -  1102854 584943    6.31632   33  209          -    5.74838      -  86. 11090602026-03-05 15:20:52 - INFO -  1109060 586209 infeasible   34           1113643 587889    6.40850   31  235 2026-03-05 15:20:57 - INFO -  1113643 587 1117781 590246    6.13590   34  295          -    5.75326      - 2026-03-05 1 1122720 592513 infeasible   38               -    5.75474      -  87.0 1216s
 1130888 595725 infeasible   39               -    5.75707      -  86.9 1220s
 1134483 598341    6.18076   38  283          -    5.75853      -  87.0 1225s
 1142204 602269    6.05360   40  240          -    5.76048      -  86.9 1230s
 1151168 605520    6.48359   35  233          -    5.76330      -  86.8 1235s
 1151276 605572    5.87421   32  286          -    5.76413      -  86.8 1240s
 1152413 606452 infeasible   38               -    5.76482      -  86.8 1245s
 1154595 607574    5.92434   42  256          -    5.76607      -  86.9 1250s
 1156701 608532    5.95981   33  238          -    5.76716      -  86.9 1255s
 1162416 611165    6.09465   35  250          -    5.76924      -  87.0 1260s
 1165541 612958    5.78853   35  273          -    5.77009      -  87.0 1265s
 1169076 614521    6.34620   39  273          -    5.77128      -  87.0 1270s
 1174765 617146    6.65775   45  236          -    5.77287      -  87.1 1275s
 1177469 619731    5.91926   36  272          -    5.77391      -  87.1 1282s
 1187642 623167    5.81168   38  268          -    5.77700      -  87.0 1285s
 1194328 625989    6.34949   37  260          -    5.77918      -  87.0 1290s
 1195585 628415 infeasible   32               -    5.77996      -  87.0 1296s
 1204107 630474    6.65141   32  214          -    5.78191      -  86.9 1300s
 1208069 632746    6.21289   34  229          -    5.78326      -  86.9 1305s
 1212311 634574    6.17185   34  217          -    5.78471      -  87.0 1310s
 1214111 635080    5.83359   38  247          -    5.78549      -  87.0 1316s
 1214330 635665    5.82233   32  265          -    5.78556      -  87.0 1320s
 1219124 637830    6.28990   36  237          -    5.78609      -  87.0 1326s
 1223246 639383    6.28590   33  226          -    5.78807      -  87.0 1331s
 1225335 640903    6.44960   38  216          -    5.78867      -  87.0 1335s
 1230336 642794    5.97130   39  251          -    5.79018      -  87.1 1340s
 1237440 645627    5.93909   30  269          -    5.79197      -  87.0 1345s
 1240612 647285    6.99551   41  165          -    5.79324      -  87.0 1350s
 1246273 650109    5.89832   26  307          -    5.79457      -  87.0 1355s
 1249874 651817    6.54368   34  225          -    5.79577      -  87.0 1361s
 1251024 651846    6.28672   35  218          -    5.79653      -  87.1 1365s
 1251087 652250    5.92465   35  254          -    5.79686      -  87.1 1370s
 1255504 654551    6.07619   38  225          -    5.79779      -  87.1 1375s
 1259458 655855    6.28992   37  201          -    5.79919      -  87.1 1380s
 1263551 658250 infeasible   38               -    5.80030      -  87.2 1386s
 1265649 658912    6.33471   36  207          -    5.80101      -  87.2 1390s
 1271501 661585    6.39097   30  245          -    5.80276      -  87.2 1395s
 1278218 664286    6.64116   37  220          -    5.80436      -  87.2 1401s
 1281152 666144 infeasible   43               -    5.80568      -  87.2 1405s
 1289358 671573    5.97278   27  297          -    5.80741      -  87.2 1410s
 1298831 674537    6.11755   34  259          -    5.80997      -  87.1 1415s
 1304239 676920 infeasible   41               -    5.81146      -  87.1 1420s
 1310518 679835 infeasible   39               -    5.81283      -  87.0 1425s
 1311547 680685    5.93689   39  287          -    5.81359      -  87.1 1430s
 1315785 682763    5.89132   27  285          -    5.81465      -  87.1 1435s
 1320567 684740    6.17023   40  246          -    5.81608      -  87.2 1440s
 1325474 686852    6.13007   34  247          -    5.81765      -  87.2 1446s
 1327160 687194    6.79107   38  198          -    5.81846      -  87.2 1450s
 1327224 687541 infeasible   36               -    5.81876      -  87.2 1456s
 1329787 689202    7.31943   35  170          -    5.81924      -  87.3 1461s
 1333077 690493    5.96599   28  264          -    5.82038      -  87.3 1465s
 1336922 692371    6.87627   34  232          -    5.82146      -  87.4 1471s
 1342258 693909    5.85898   27  277          -    5.82286      -  87.4 1476s
 1342614 695689    6.53396   34  227          -    5.82309      -  87.4 1480s
 1350588 697677    5.86391   35  277          -    5.82525      -  87.4 1485s
 1353554 699451    6.29284   32  213          -    5.82583      -  87.5 1490s
 1366713 705333    6.25142   41  217          -    5.82868      -  87.3 1495s
 1367111 705562    5.93097   33  268          -    5.82934      -  87.3 1500s
 1368990 706657    6.10293   32  246          -    5.83007      -  87.4 1505s
 1373237 708579 infeasible   49               -    5.83138      -  87.4 1510s
 1375864 709923    6.66248   37  237          -    5.83197      -  87.4 1515s
 1381402 712420 infeasible   33               -    5.83360      -  87.5 1521s
 1385731 715155    6.00309   38  248          -    5.83490      -  87.5 1525s
 1391106 716551    6.00431   31  259          -    5.83624      -  87.5 1530s
 1395247 718545    6.58326   35  247          -    5.83749      -  87.5 1536s
 1398887 720369    6.41851   38  206          -    5.83840      -  87.5 1541s
 1405822 723742    6.71410   41  187          -    5.84015      -  87.5 1545s
 1407596 724410    6.25146   32  253          -    5.84089      -  87.5 1550s
 1411276 726127    6.14160   35  245          -    5.84187      -  87.5 1555s
 1414639 727935 infeasible   37               -    5.84279      -  87.6 1560s
 1418123 729493    5.98516   27  234          -    5.84361      -  87.6 1565s
 1421494 731002    6.24117   33  239          -    5.84455      -  87.6 1570s
 1422829 731027 infeasible   40               -    5.84525      -  87.7 1575s
 1424144 732282    6.13726   27  254          -    5.84580      -  87.7 1581s
 1429128 733880    5.95741   31  266          -    5.84716      -  87.7 1586s
 1429873 734121    6.83573   39  218          -    5.84762      -  87.8 1591s
 1430564 735348    6.44707   38  200          -    5.84789      -  87.8 1595s
 1437836 737994    6.41864   40  220          -    5.84983      -  87.8 1600s
 1442481 740224 infeasible   43               -    5.85095      -  87.9 1605s
 1446948 741872    6.33850   34  215          -    5.85209      -  87.9 1611s
 1449487 743439    6.50680   33  211          -    5.85265      -  87.9 1615s
 1457492 746776 infeasible   37               -    5.85462      -  87.9 1620s
 1465020 750116    6.01762   35  249          -    5.85648      -  87.9 1625s
 1466862 751185    6.42207   37  236          -    5.85715      -  87.9 1630s
 1469187 752458    5.99216   36  266          -    5.85796      -  87.9 1635s
 1472464 754140    5.98830   33  269          -    5.85882      -  88.0 1640s
 1477875 757342    5.95211   28  281          -    5.86009      -  88.0 1645s
 1482342 758587    6.56459   30  199          -    5.86110      -  88.0 1650s
 1486075 760068    5.91086   26  299          -    5.86239      -  88.0 1655s
 1491451 762000    5.93645   36  263          -    5.86392      -  88.0 1660s
 1497186 765236    6.35129   34  253          -    5.86529      -  88.0 1665s
 1500693 766433    6.30550   34  245          -    5.86623      -  88.0 1670s
 1500775 766512    6.26993   33  244          -    5.86669      -  88.0 1675s
 1501143 766827    6.09514   34  296          -    5.86694      -  88.0 1680s
 1503305 767770    5.95896   33  223          -    5.86756      -  88.1 1685s
 1504818 768724    5.87498   34  260          -    5.86809      -  88.1 1690s
 1509536 770896    6.12013   36  261          -    5.86940      -  88.1 1695s
 1515224 773310 infeasible   29               -    5.87082      -  88.2 1701s
 1519589 775408    6.00769   34  233          -    5.87195      -  88.2 1706s
 1522702 776881    6.16458   40  285          -    5.87268      -  88.2 1710s
 1527320 779168    5.97873   32  289          -    5.87388      -  88.2 1715s
 1532431 781490 infeasible   37               -    5.87510      -  88.3 1720s
 1540077 784888    6.53280   33  245          -    5.87659      -  88.2 1725s
 1545711 787406 infeasible   38               -    5.87811      -  88.2 1730s
 1548634 788846 infeasible   42               -    5.87898      -  88.3 1735s
 1552500 790681 infeasible   41               -    5.88007      -  88.3 1741s
 1555568 791673    6.57626   40  214          -    5.88090      -  88.3 1745s
 1556451 792252 infeasible   43               -    5.88120      -  88.3 1750s
 1558198 793013    5.99877   38  246          -    5.88168      -  88.3 1755s
 1560256 794596    6.28072   40  230          -    5.88226      -  88.4 1760s
 1565806 796851    5.96206   31  287          -    5.88351      -  88.4 1765s
 1570279 798985    6.07963   40  249          -    5.88460      -  88.4 1770s
 1574661 800485    6.63810   33  205          -    5.88567      -  88.4 1775s
 1582426 804281    5.98420   36  272          -    5.88714      -  88.4 1780s
 1584235 805107    5.89319   34  295          -    5.88819      -  88.4 1785s
 1585389 805640 infeasible   36               -    5.88888      -  88.5 1790s
 1586293 806023    6.26913   33  259          -    5.88929      -  88.5 1795s
 1588696 807666    6.46553   32  224          -    5.88994      -  88.5 1800s
 1592702 809085    5.96779   30  302          -    5.89110      -  88.5 1805s
 1598555 811639    6.06427   36  254          -    5.89251      -  88.6 1810s
 1602270 813592    6.24802   36  239          -    5.89349      -  88.6 1815s
 1607225 815846    6.46300   36  263          -    5.89456      -  88.6 1820s
 1616161 820202    6.53353   42  258          -    5.89620      -  88.5 1825s
 1620570 822005    7.11084   43  160          -    5.89728      -  88.5 1831s
 1621943 822311 infeasible   38               -    5.89762      -  88.6 1835s
 1624435 823796    6.03699   36  257          -    5.89808      -  88.6 1841s
 1627674 825399    6.11902   36  280          -    5.89899      -  88.6 1846s
 1632181 827242    6.37898   43  235          -    5.89995      -  88.6 1851s
 1635621 828931    6.12100   32  254          -    5.90061      -  88.6 1855s
 1641304 831495    6.43662   37  239          -    5.90156      -  88.6 1860s
 1645452 833401    6.32655   38  245          -    5.90261      -  88.6 1865s
 1648760 834333    6.22823   31  275          -    5.90345      -  88.6 1870s
 1652438 835822    7.00554   42  222          -    5.90429      -  88.6 1875s
 1652451 840980    6.85798   40  204          -    5.90443      -  88.6 1891s
 1665344 841985    6.85991   37  203          -    5.90655      -  88.7 1895s
 1674183 845217    6.07250   33  246          -    5.90818      -  88.6 1900s
 1674312 845501    6.55523   34  276          -    5.90846      -  88.6 1905s
 1679189 847831 infeasible   45               -    5.90931      -  88.7 1911s
 1683145 849761    6.21785   40  192          -    5.91014      -  88.7 1916s
 1687151 853244 infeasible   33               -    5.91106      -  88.7 1920s
 1691794 855671 infeasible   36               -    5.91168      -  88.6 1928s
 1703442 859063    6.74245   33  266          -    5.91349      -  88.5 1930s
 1706843 860602    6.10172   31  243          -    5.91446      -  88.5 1935s
 1708756 861389    6.08530   37  245          -    5.91498      -  88.6 1940s
 1713949 863998    6.18920   32  245          -    5.91596      -  88.6 1946s
 1716621 865465    6.10205   40  283          -    5.91653      -  88.6 1950s
 1722530 867599 infeasible   41               -    5.91771      -  88.5 1955s
 1724157 868200    6.32449   31  270          -    5.91817      -  88.6 1960s
 1727471 870336    6.18993   32  265          -    5.91894      -  88.6 1965s
 1731145 871899    6.10427   26  316          -    5.91980      -  88.6 1971s
 1736009 873775    6.47652   35  233          -    5.92089      -  88.6 1975s
 1742962 876808 infeasible   32               -    5.92236      -  88.6 1980s
 1744075 877211    6.12203   34  253          -    5.92293      -  88.6 1986s
 1744607 877413 infeasible   35               -    5.92336      -  88.6 1990s
 1746699 878813    6.35686   42  236          -    5.92383      -  88.7 1996s
 1750643 880255    6.01471   27  288          -    5.92466      -  88.7 2000s
 1753214 882026 infeasible   35               -    5.92507      -  88.7 2005s
 1759629 884326    6.16888   35  221          -    5.92679      -  88.7 2011s
 1762219 885686 infeasible   39               -    5.92735      -  88.7 2015s
 1767670 887802    7.57759   40  176          -    5.92840      -  88.8 2020s
 1770102 889018    6.06393   35  247          -    5.92903      -  88.8 2025s
 1774182 890860 infeasible   37               -    5.92975      -  88.8 2030s
 1782835 894491    6.74511   44  193          -    5.93152      -  88.7 2035s
 1782908 899459    6.01991   28  252          -    5.93160      -  88.7 2046s
 1795060 899651 infeasible   42               -    5.93383      -  88.8 2050s
 1796429 900264    6.53508   38  228          -    5.93411      -  88.8 2055s
 1799346 902046 infeasible   34               -    5.93483      -  88.8 2061s
 1802886 903623    6.39985   37  228          -    5.93547      -  88.8 2065s
 1805949 904588    6.32212   33  246          -    5.93608      -  88.8 2070s
 1808993 905944 infeasible   35               -    5.93663      -  88.8 2076s
 1813251 908064 infeasible   43               -    5.93753      -  88.9 2080s
 1817495 910100    6.77381   36  262          -    5.93833      -  88.9 2085s
 1820380 912083    6.14064   37  227          -    5.93892      -  88.9 2092s
 1824697 913732    7.03854   31  231          -    5.93991      -  88.9 2095s
 1829863 915928 infeasible   36               -    5.94066      -  88.9 2100s
 1831429 915963    6.34919   31  254          -    5.94126      -  88.9 2106s
 1831543 916204    6.76410   39  217          -    5.94150      -  88.9 2110s
 1832791 916703 infeasible   35               -    5.94179      -  88.9 2115s
 1834882 918208    6.14441   37  255          -    5.94220      -  88.9 2120s
 1838421 919590    6.78224   38  274          -    5.94300      -  89.0 2126s
 1843619 921852 infeasible   40               -    5.94387      -  89.0 2131s
 1849406 924133    6.23501   34  209          -    5.94507      -  89.0 2136s
 1853500 926007    6.12586   34  250          -    5.94601      -  89.0 2140s
 1856723 927567    6.27346   32  278          -    5.94661      -  89.0 2145s
 1861138 929611    6.65682   29  231          -    5.94739      -  89.1 2150s
 1868019 932386    6.51582   36  204          -    5.94878      -  89.1 2155s
 1872842 934935    6.62044   32  206          -    5.94959      -  89.0 2160s
 1876217 935905    6.72930   34  201          -    5.95044      -  89.0 2165s
 1876710 936135    6.47204   30  230          -    5.95086      -  89.1 2171s
 1877742 936633    6.60641   32  217          -    5.95117      -  89.1 2175s
 1881013 938687    6.15510   29  271          -    5.95169      -  89.1 2180s
 1887169 941102    7.44665   37  196          -    5.95321      -  89.1 2186s
 1890791 942779    6.38147   30  247          -    5.95394      -  89.1 2190s
 1895442 944731    6.63773   39  217          -    5.95491      -  89.2 2195s
 1900540 947277    6.94237   43  171          -    5.95582      -  89.2 2201s
 1906547 949852    6.71280   35  201          -    5.95697      -  89.2 2205s
 1912911 952830    6.14122   32  285          -    5.95817      -  89.1 2210s
 1916434 954125 infeasible   41               -    5.95900      -  89.2 2215s
 1919416 955657 infeasible   36               -    5.95975      -  89.2 2220s
 1922860 957188    6.04051   36  235          -    5.96055      -  89.2 2226s
 1925765 958529    6.89847   33  226          -    5.96119      -  89.2 2230s
 1930197 960511    6.46625   41  231          -    5.96197      -  89.3 2235s
 1932577 961757    6.06405   30  263          -    5.96238      -  89.3 2240s
 1937565 963960    6.28159   37  236          -    5.96351      -  89.3 2246s
 1940340 965198    6.14017   34  259          -    5.96401      -  89.3 2251s
 1941571 965284 infeasible   42               -    5.96438      -  89.3 2256s
 1941935 965649    6.49436   34  205          -    5.96461      -  89.3 2261s
 1945861 967400 infeasible   38               -    5.96537      -  89.3 2266s
 1949843 969039    6.31536   44  249          -    5.96612      -  89.3 2270s
 1951144 969848    6.24370   39  226          -    5.96651      -  89.4 2275s
 1955903 972026    6.18287   42  197          -    5.96724      -  89.4 2280s
 1959344 973531    6.21633   31  249          -    5.96814      -  89.4 2286s
 1963944 975715    6.20623   34  217          -    5.96895      -  89.4 2290s
 1969718 978192    6.11982   32  230          -    5.96990      -  89.4 2295s
 1974105 981227    6.07293   31  225          -    5.97083      -  89.4 2300s
 1980605 982932 infeasible   40               -    5.97184      -  89.4 2305s
 1981787 987893    6.16478   29  256          -    5.97221      -  89.4 2320s
 1994846 988794    6.54382   48  192          -    5.97433      -  89.4 2325s
 1996050 989351    6.01955   33  240          -    5.97458      -  89.4 2330s
 1999681 991302    6.51940   35  218          -    5.97546      -  89.4 2335s
 2002466 992340    6.67509   32  230          -    5.97596      -  89.5 2340s
 2006766 994511 infeasible   35               -    5.97692      -  89.5 2345s
 2013362 998025    6.04871   40  253          -    5.97792      -  89.4 2350s
 2018228 999273    6.13214   38  278          -    5.97883      -  89.4 2355s
 2021104 1000940 infeasible   42               -    5.97908      -  89.4 2360s
 2026272 1003556    6.41669   40  271          -    5.98031      -  89.4 2365s
 2031534 1005342    6.60496   40  209          -    5.98105      -  89.4 2370s
 2035527 1006897    6.02128   32  246          -    5.98182      -  89.4 2375s
 2037118 1007354    6.22596   29  264          -    5.98200      -  89.4 2381s
 2037154 1007688    6.21361   37  249          -    5.98223      -  89.4 2388s
 2037959 1009481    6.10259   37  283          -    5.98233      -  89.5 2392s
 2043954 1010851    6.84565   39  218          -    5.98344      -  89.5 2395s
 2048327 1012780    6.11325   40  270          -    5.98427      -  89.5 2400s
 2052236 1014624    6.06264   36  244          -    5.98505      -  89.5 2405s
 2054129 1019486    6.24799   38  268          -    5.98554      -  89.5 2417s
 2070805 1021929    6.73010   32  207          -    5.98806      -  89.5 2421s
 2073044 1023261    6.27602   33  233          -    5.98878      -  89.5 2425s
 2080178 1026292 infeasible   38               -    5.98993      -  89.4 2430s
 2081803 1026732    6.12063   39  251          -    5.99043      -  89.5 2435s
 2083912 1027952 infeasible   35               -    5.99089      -  89.5 2441s
 2086002 1028572    6.54837   45  257          -    5.99139      -  89.5 2445s
 2086075 1028671    6.29939   30  265          -    5.99164      -  89.5 2450s
 2088098 1029708    6.55366   29  250          -    5.99200      -  89.5 2455s
 2090737 1031565 infeasible   37               -    5.99251      -  89.5 2462s
 2094564 1032660    6.17554   39  245          -    5.99332      -  89.6 2465s
 2099726 1034915    6.07324   34  264          -    5.99428      -  89.6 2471s
 2103298 1036190 infeasible   33               -    5.99501      -  89.6 2475s
 2108156 1038650    6.21794   35  279          -    5.99594      -  89.6 2481s
 2112882 1040620    6.19513   33  258          -    5.99689      -  89.6 2485s
 2116418 1041859    6.37178   35  218          -    5.99755      -  89.7 2490s
 2120768 1043544    6.07469   32  289          -    5.99846      -  89.7 2495s
 2124060 1045384    6.25834   34  244          -    5.99903      -  89.7 2501s
 2128918 1047263    6.48442   42  275          -    5.99997      -  89.7 2506s
 2132387 1048904    6.33278   36  259          -    6.00057      -  89.7 2510s
 2134905 1050119    6.52090   40  249          -    6.00104      -  89.7 2515s
 2138311 1052005 infeasible   38               -    6.00162      -  89.7 2520s
 2144058 1054249    6.44674   37  233          -    6.00263      -  89.7 2525s
 2147320 1055785    6.78607   34  233          -    6.00318      -  89.7 2531s
 2150948 1056841    6.89807   28  231          -    6.00386      -  89.8 2535s
 2151966 1057942    6.72504   32  216          -    6.00407      -  89.8 2540s
 2155137 1059510    6.18780   38  221          -    6.00456      -  89.8 2545s
 2159010 1061097    7.25673   32  249          -    6.00526      -  89.8 2550s
 2164279 1063130 infeasible   41               -    6.00629      -  89.8 2555s
 2166776 1064111 infeasible   28               -    6.00669      -  89.8 2560s
 2171664 1066227 infeasible   38               -    6.00745      -  89.8 2565s
 2175942 1068025    6.25055   32  238          -    6.00829      -  89.8 2571s
 2179044 1069100    6.64314   34  222          -    6.00887      -  89.8 2575s
 2182670 1070683    6.30467   31  316          -    6.00967      -  89.9 2580s
 2185814 1072454    6.22868   34  253          -    6.01029      -  89.9 2585s
 2188353 1073496    6.17320   39  249          -    6.01091      -  89.9 2591s
 2193500 1075263    6.23136   28  258          -    6.01179      -  89.9 2596s
 2195876 1076207    6.08573   33  270          -    6.01216      -  89.9 2600s
 2198677 1077675 infeasible   32               -    6.01254      -  89.9 2605s
 2202428 1078824    6.64043   33  231          -    6.01326      -  89.9 2610s
 2202472 1079080 infeasible   36               -    6.01348      -  90.0 2616s
 2202978 1079781    6.58045   35  259          -    6.01352      -  90.0 2620s
 2205005 1080883    6.56962   38  201          -    6.01378      -  90.0 2626s
 2210121 1082882    6.24827   37  256          -    6.01462      -  90.0 2630s
 2214991 1084700 infeasible   43               -    6.01548      -  90.0 2636s
 2218383 1086033    6.47732   40  239          -    6.01612      -  90.0 2641s
 2222433 1087299    6.18270   35  276          -    6.01684      -  90.0 2645s
 2223971 1088654    6.22224   34  245          -    6.01709      -  90.0 2650s
 2230387 1091285    6.31692   42  225          -    6.01810      -  90.1 2655s
 2235218 1092776    6.41194   35  250          -    6.01903      -  90.1 2660s
 2237589 1094400    6.40180   31  244          -    6.01950      -  90.1 2666s
 2242356 1096734    6.13007   38  255          -    6.02044      -  90.1 2670s
 2249538 1099517    6.13277   38  282          -    6.02144      -  90.1 2675s
 2253957 1102191    6.37865   35  249          -    6.02235      -  90.1 2680s
 2255938 1107062    6.48392   35  230          -    6.02280      -  90.1 2700s
 2269720 1108626    6.03916   37  251          -    6.02466      -  90.1 2706s
 2273756 1109796    6.41252   34  225          -    6.02547      -  90.1 2710s
 2278021 1111656    6.59969   37  203          -    6.02612      -  90.1 2715s
 2284557 1114715 infeasible   40               -    6.02704      -  90.1 2720s
 2286798 1115560    6.60971   39  232          -    6.02750      -  90.1 2725s
 2288992 1116830 infeasible   32               -    6.02795      -  90.1 2731s
 2292359 1118470    6.29386   32  246          -    6.02846      -  90.1 2735s
 2297480 1120552    6.95963   41  201          -    6.02928      -  90.2 2740s
 2303846 1123157    6.17481   34  266          -    6.03024      -  90.1 2745s
 2305760 1123991    6.97530   39  186          -    6.03065      -  90.2 2750s
 2308895 1125649 infeasible   38               -    6.03129      -  90.2 2755s
 2313223 1127806    6.12966   35  220          -    6.03202      -  90.2 2761s
 2316012 1128950    6.09664   35  283          -    6.03248      -  90.2 2765s
 2318963 1130263    6.16810   33  261          -    6.03297      -  90.2 2770s
 2322343 1131600    6.87536   43  176          -    6.03356      -  90.2 2775s
 2324045 1132030 infeasible   42               -    6.03388      -  90.2 2780s
 2326010 1133282 infeasible   44               -    6.03415      -  90.2 2786s
 2328994 1134662    6.70812   35  228          -    6.03455      -  90.2 2790s
 2333268 1135756    6.56352   35  215          -    6.03518      -  90.3 2795s
 2336267 1137940    6.36833   37  206          -    6.03576      -  90.3 2801s
 2341289 1139702    7.41160   44  237          -    6.03642      -  90.3 2805s
 2345685 1141757    6.79313   37  243          -    6.03716      -  90.3 2810s
 2352370 1144292    6.20236   42  250          -    6.03789      -  90.3 2815s
 2355447 1145876 infeasible   40               -    6.03860      -  90.3 2820s
 2358443 1147150    6.16434   30  253          -    6.03917      -  90.3 2826s
 2359598 1147655    6.18280   35  263          -    6.03939      -  90.3 2830s
 2359915 1147811    6.19943   34  260          -    6.03964      -  90.3 2835s
 2360954 1148716 infeasible   40               -    6.03981      -  90.3 2841s
 2364661 1150165    6.07376   30  288          -    6.04042      -  90.3 2845s
 2368027 1151910    6.85537   32  190          -    6.04095      -  90.4 2850s
 2371633 1152831    6.74856   38  166          -    6.04143      -  90.4 2855s
 2375145 1154845    6.25547   37  263          -    6.04197      -  90.4 2860s
 2379504 1156533    6.30923   35  261          -    6.04264      -  90.4 2866s
 2383657 1158517    6.73481   40  190          -    6.04319      -  90.4 2871s
 2388243 1160140    6.19352   32  265          -    6.04396      -  90.4 2876s
 2393560 1162345 infeasible   35               -    6.04485      -  90.4 2881s
 2397427 1164224    6.57261   32  237          -    6.04547      -  90.4 2886s
 2400545 1165290    6.34673   43  223          -    6.04607      -  90.5 2890s
 2404014 1167518 infeasible   38               -    6.04665      -  90.5 2897s
 2408433 1168461    6.16751   32  262          -    6.04721      -  90.5 2900s
 2409681 1169365    6.32470   40  225          -    6.04749      -  90.5 2905s
 2413301 1170926    6.33990   36  250          -    6.04802      -  90.5 2910s
 2418452 1173199 infeasible   43               -    6.04900      -  90.5 2915s
 2422447 1174484    6.18455   27  267          -    6.04959      -  90.5 2920s
 2422730 1177217 infeasible   35               -    6.04969      -  90.5 2925s
 2432144 1179018    6.34230   29  263          -    6.05101      -  90.5 2930s
 2436015 1180289 infeasible   34               -    6.05176      -  90.5 2935s
 2437244 1181224    6.19769   33  245          -    6.05208      -  90.5 2940s
 2442268 1183326    6.26874   34  215          -    6.05288      -  90.5 2945s
 2443169 1183468    6.16945   34  237          -    6.05325      -  90.5 2951s
 2443891 1184375    6.85345   35  230          -    6.05341      -  90.5 2957s
 2447255 1185798    6.61984   39  246          -    6.05383      -  90.5 2960s
 2451965 1187716 infeasible   40               -    6.05454      -  90.5 2966s
 2454067 1188207    6.61902   33  253          -    6.05487      -  90.6 2971s
 2455648 1189214    6.44454   32  270          -    6.05519      -  90.6 2975s
 2460258 1190645    6.16577   40  273          -    6.05608      -  90.6 2980s
 2461790 1192206    6.25835   41  242          -    6.05636      -  90.6 2986s
 2467217 1194301    7.10347   44  173          -    6.05729      -  90.6 2990s
 2473340 1196846 infeasible   42               -    6.05826      -  90.6 2995s
 2476166 1197956    6.29425   30  220          -    6.05888      -  90.6 3001s
 2479916 1199509    6.13525   33  288          -    6.05935      -  90.6 3005s
 2484603 1201244 infeasible   34               -    6.06019      -  90.7 3010s
 2487224 1203069    6.52705   36  238          -    6.06067      -  90.7 3016s
 2491561 1205008    6.32060   42  270          -    6.06128      -  90.7 3020s
 2493379 1205033    6.22094   30  236          -    6.06176      -  90.7 3025s
 2493482 1205185 infeasible   34               -    6.06192      -  90.7 3030s
 2497558 1206900    6.28021   31  285          -    6.06254      -  90.7 3036s
 2499662 1208496    6.09480   36  294          -    6.06281      -  90.7 3041s
 2502884 1209682    6.20064   37  219          -    6.06333      -  90.7 3045s
 2506004 1210708    6.15348   40  267          -    6.06384      -  90.7 3050s
 2509879 1212491    6.37760   34  212          -    6.06457      -  90.8 3055s
 2512523 1213390    6.77560   43  212          -    6.06505      -  90.8 3060s
 2517852 1215891    6.43629   39  240          -    6.06582      -  90.8 3065s
 2522387 1217551    6.19232   31  299          -    6.06647      -  90.8 3070s
 2526322 1219234 infeasible   40               -    6.06706      -  90.8 3075s
 2530678 1221068 infeasible   42               -    6.06760      -  90.8 3080s
 2535352 1222910    6.57905   34  268          -    6.06820      -  90.8 3085s
 2537739 1224447    6.19723   38  257          -    6.06849      -  90.8 3090s
 2539801 1224931    6.33844   38  265          -    6.06885      -  90.9 3095s
 2541673 1225615    6.47942   33  240          -    6.06906      -  90.9 3100s
 2544518 1226568    6.30415   31  255          -    6.06958      -  90.9 3105s
 2547372 1228584    6.96886   37  215          -    6.06995      -  90.9 3111s
 2552752 1230376    6.51887   36  229          -    6.07072      -  90.9 3115s
 2556433 1231743    6.13401   30  312          -    6.07151      -  90.9 3120s
 2561595 1234020    6.08572   26  281          -    6.07220      -  90.9 3125s
 2565838 1235643    6.29319   40  250          -    6.07286      -  90.9 3131s
 2566357 1235862    6.67074   37  198          -    6.07300      -  90.9 3135s
 2568364 1236751 infeasible   45               -    6.07327      -  90.9 3141s
 2569110 1237189    6.90454   32  264          -    6.07343      -  91.0 3145s
 2573704 1239217    6.19958   36  226          -    6.07436      -  91.0 3151s
 2576657 1240349    6.73238   39  250          -    6.07477      -  91.0 3155s
 2582411 1242515    6.99446   39  214          -    6.07566      -  91.0 3161s
 2585759 1244090    6.26497   41  245          -    6.07615      -  91.0 3165s
 2590137 1246137 infeasible   39               -    6.07683      -  91.0 3171s
 2594416 1247742    6.45915   35  262          -    6.07756      -  91.0 3175s
 2596821 1248655    6.64940   41  244          -    6.07802      -  91.0 3180s
 2599816 1250311    6.83725   41  228          -    6.07842      -  91.1 3185s
 2601894 1250405    6.23911   38  253          -    6.07882      -  91.1 3190s
 2602160 1250718    6.30990   40  268          -    6.07898      -  91.1 3195s
 2604560 1252208    6.63083   36  245          -    6.07928      -  91.1 3200s
 2610045 1254471    6.39051   40  222          -    6.08008      -  91.1 3206s
 2614069 1256146    6.19789   37  263          -    6.08061      -  91.1 3210s
 2616405 1257117    6.37448   45  255          -    6.08091      -  91.1 3215s
 2621686 1259369 infeasible   38               -    6.08172      -  91.1 3221s
 2625218 1260603 infeasible   45               -    6.08221      -  91.1 3225s
 2630053 1262487    6.78829   38  218          -    6.08272      -  91.1 3231s
 2631427 1263653    6.42794   37  251          -    6.08301      -  91.1 3235s
 2636692 1265642    6.51367   40  213          -    6.08380      -  91.1 3240s
 2639243 1266363    7.22583   34  192          -    6.08419      -  91.2 3245s
 2640301 1267140    7.17940   43  217          -    6.08436      -  91.2 3250s
 2643099 1268472    6.34471   31  230          -    6.08481      -  91.2 3256s
 2646884 1270120    6.70062   39  210          -    6.08538      -  91.2 3261s
 2649502 1271010    6.82043   31  203          -    6.08575      -  91.2 3265s
 2653033 1272908    6.37726   39  265          -    6.08624      -  91.2 3270s
 2657182 1274245    7.01675   47  153          -    6.08684      -  91.2 3275s
 2662200 1276692    6.44272   39  227          -    6.08753      -  91.2 3281s
 2666160 1277918    7.13161   38  264          -    6.08820      -  91.2 3285s
 2669646 1279606    6.22206   33  265          -    6.08876      -  91.3 3291s
 2672703 1280676    6.61771   35  234          -    6.08920      -  91.3 3295s
 2673400 1280745    6.26583   36  255          -    6.08941      -  91.3 3300s
 2673759 1280963    7.36483   32  202          -    6.08954      -  91.3 3305s
 2676247 1282548    6.15289   44  251          -    6.08980      -  91.3 3310s
 2680112 1283905    6.25491   42  260          -    6.09047      -  91.3 3315s
 2684358 1285398    6.42084   32  255          -    6.09113      -  91.3 3320s
 2685021 1285893 infeasible   34               -    6.09130      -  91.3 3326s
 2687233 1287473    6.29554   38  243          -    6.09147      -  91.3 3330s
 2694655 1290385    6.94704   35  211          -    6.09265      -  91.3 3335s
 2700091 1292418    6.92391   33  211          -    6.09339      -  91.3 3341s
 2703479 1294023    6.15885   35  299          -    6.09392      -  91.4 3345s
 2708622 1296005 infeasible   33               -    6.09457      -  91.4 3351s
 2711786 1297636 infeasible   31               -    6.09501      -  91.4 3355s
 2716001 1299496    6.66116   30  209          -    6.09550      -  91.4 3360s
 2717958 1300838 infeasible   34               -    6.09573      -  91.4 3366s
 2720778 1300885    6.26771   32  233          -    6.09603      -  91.4 3370s
 2720909 1301047 infeasible   42               -    6.09623      -  91.4 3375s
 2721957 1301979    6.20867   40  221          -    6.09638      -  91.4 3380s
 2725614 1303727    6.22056   42  257          -    6.09682      -  91.4 3385s
 2731138 1305274 infeasible   30               -    6.09759      -  91.4 3390s
 2734293 1307322    6.44831   34  239          -    6.09799      -  91.4 3396s
 2739900 1309129 infeasible   43               -    6.09889      -  91.4 3401s
 2742753 1310206    6.78649   39  266          -    6.09936      -  91.5 3405s
 2746610 1312194    6.70752   34  221          -    6.09993      -  91.5 3410s
 2751654 1314361    6.67883   33  259          -    6.10050      -  91.5 3415s
 2756342 1316491    6.23718   32  256          -    6.10096      -  91.5 3421s
 2759072 1317258    6.35179   33  237          -    6.10140      -  91.5 3426s
 2761162 1318280    6.23477   38  268          -    6.10156      -  91.5 3430s
 2763938 1319391    6.39958   42  237          -    6.10203      -  91.5 3436s
 2765061 1320340    6.80674   34  260          -    6.10219      -  91.5 3440s
 2770754 1322711 infeasible   33               -    6.10299      -  91.5 3445s
 2776036 1324544    6.52836   39  241          -    6.10361      -  91.5 3451s
 2779412 1326399 infeasible   37               -    6.10411      -  91.5 3455s
 2783956 1328108    6.52120   40  243          -    6.10475      -  91.5 3461s
 2786865 1329313 infeasible   35               -    6.10516      -  91.5 3465s
 2789711 1330158    6.25038   38  232          -    6.10563      -  91.6 3471s
 2792381 1332023    6.34793   35  241          -    6.10598      -  91.6 3475s
 2794237 1332045    6.23964   34  292          -    6.10639      -  91.6 3480s
 2794316 1332129    6.32402   36  231          -    6.10656      -  91.6 3487s
 2795163 1332764    6.15021   35  240          -    6.10665      -  91.6 3490s
 2796710 1333683    6.26695   42  275          -    6.10684      -  91.6 3495s
 2800241 1335065    6.24233   31  261          -    6.10731      -  91.6 3501s
 2803134 1336705    6.55873   39  220          -    6.10768      -  91.6 3505s
 2807292 1338118    6.81107   36  220          -    6.10825      -  91.6 3510s
 2812172 1340101    6.59592   33  262          -    6.10883      -  91.6 3515s
 2816781 1341987    6.42934   35  235          -    6.10946      -  91.6 3520s
 2819245 1343327    6.54629   40  228          -    6.10979      -  91.6 3525s
 2825092 1345696 infeasible   37               -    6.11063      -  91.6 3530s
 2829662 1347808    6.22185   37  268          -    6.11132      -  91.7 3536s
 2833412 1349090    6.39519   32  283          -    6.11183      -  91.7 3540s
 2837797 1350905    6.87506   32  208          -    6.11243      -  91.7 3545s
 2841526 1352319    6.31196   30  212          -    6.11289      -  91.7 3550s
 2844949 1354097    7.00259   38  176          -    6.11337      -  91.7 3556s
 2847781 1359666    6.41974   34  234          -    6.11393      -  91.7 3569s
 2859781 1359771    6.65896   43  221          -    6.11515      -  91.7 3570s
 2863978 1361696    6.35072   35  205          -    6.11573      -  91.7 3575s
 2864766 1362421    7.90745   42  206          -    6.11602      -  91.7 3580s
 2867159 1363761    6.21506   35  281          -    6.11632      -  91.7 3585s
 2869409 1364491    6.52765   36  207          -    6.11659      -  91.7 3590s
 2871785 1365100    6.71643   37  248          -    6.11696      -  91.7 3595s
 2871828 1365139 infeasible   39               -    6.11708      -  91.7 3600s

Cutting planes:
  Learned: 91
  Gomory: 307
  Lift-and-project: 136
  Cover: 76
  Implied bound: 2
  Clique: 1
  MIR: 279
  Mixing: 7
  StrongCG: 2
  Flow cover: 1571
  Inf proof: 168
  Zero half: 2
  RLT: 4
  Relax-and-lift: 17

Explored 2871870 nodes (263369749 simplex iterations) in 3600.02 seconds (9925.06 work units)
Thread count was 12 (of 12 available processors)

Solution count 0

Time limit reached
Best objective -, best bound 6.117131810417e+00, gap -
[EMIB] 单次求解无可行解: MIPGap=0.8, 状态码=9, 用时=3600.03s, SolCount=0
[EMIB] 第一次搜索无合法解，放宽边界框：W=162.00, H=162.00 (因子=1.5)
node 0 w: 9.0, h: 7.0
node 1 w: 8.0, h: 7.0
node 2 w: 7.0, h: 6.0
node 3 w: 7.0, h: 7.0
node 4 w: 6.0, h: 8.0
node 5 w: 7.0, h: 7.0
node 6 w: 9.0, h: 5.0
node 7 w: 7.0, h: 5.0
node 8 w: 9.0, h: 5.0
node 9 w: 7.0, h: 7.0
node 10 w: 8.0, h: 7.0
node 11 w: 6.0, h: 5.0
node 12 w: 9.0, h: 8.0
连接统计: 总计 30 对
连接关系（EMIBNode 内容）:
  (A,I): node1=A, node2=I, wireCount=256, EMIBType=interfaceB, EMIB_length=0.8533, EMIB_max_width=3.0, width=2.0, height=0.8533, bump_width=1.0000
  (A,L): node1=A, node2=L, wireCount=128, EMIBType=interfaceC, EMIB_length=3.2, EMIB_max_width=99.0, width=1.0, height=3.2, bump_width=0.5000
  (B,D): node1=B, node2=D, wireCount=128, EMIBType=interfaceC, EMIB_length=3.2, EMIB_max_width=99.0, width=1.0, height=3.2, bump_width=0.5000
  (B,E): node1=B, node2=E, wireCount=256, EMIBType=interfaceB, EMIB_length=0.8533, EMIB_max_width=3.0, width=2.0, height=0.8533, bump_width=1.0000
  (B,G): node1=B, node2=G, wireCount=128, EMIBType=interfaceC, EMIB_length=3.2, EMIB_max_width=99.0, width=1.0, height=3.2, bump_width=0.5000
  (B,I): node1=B, node2=I, wireCount=128, EMIBType=interfaceC, EMIB_length=3.2, EMIB_max_width=99.0, width=1.0, height=3.2, bump_width=0.5000
  (B,M): node1=B, node2=M, wireCount=512, EMIBType=interfaceB, EMIB_length=1.7067, EMIB_max_width=3.0, width=2.0, height=1.7067, bump_width=1.0000
  (C,D): node1=C, node2=D, wireCount=128, EMIBType=interfaceC, EMIB_length=3.2, EMIB_max_width=99.0, width=1.0, height=3.2, bump_width=0.5000
  (C,F): node1=C, node2=F, wireCount=128, EMIBType=interfaceC, EMIB_length=3.2, EMIB_max_width=99.0, width=1.0, height=3.2, bump_width=0.5000
  (C,H): node1=C, node2=H, wireCount=128, EMIBType=interfaceC, EMIB_length=3.2, EMIB_max_width=99.0, width=1.0, height=3.2, bump_width=0.5000
  (C,I): node1=C, node2=I, wireCount=128, EMIBType=interfaceC, EMIB_length=3.2, EMIB_max_width=99.0, width=1.0, height=3.2, bump_width=0.5000
  (C,J): node1=C, node2=J, wireCount=256, EMIBType=interfaceB, EMIB_length=0.8533, EMIB_max_width=3.0, width=2.0, height=0.8533, bump_width=1.0000
  (D,F): node1=D, node2=F, wireCount=128, EMIBType=interfaceC, EMIB_length=3.2, EMIB_max_width=99.0, width=1.0, height=3.2, bump_width=0.5000
  (D,L): node1=D, node2=L, wireCount=256, EMIBType=interfaceB, EMIB_length=0.8533, EMIB_max_width=3.0, width=2.0, height=0.8533, bump_width=1.0000
  (E,H): node1=E, node2=H, wireCount=256, EMIBType=interfaceB, EMIB_length=0.8533, EMIB_max_width=3.0, width=2.0, height=0.8533, bump_width=1.0000
  (E,I): node1=E, node2=I, wireCount=128, EMIBType=interfaceC, EMIB_length=3.2, EMIB_max_width=99.0, width=1.0, height=3.2, bump_width=0.5000
  (E,J): node1=E, node2=J, wireCount=256, EMIBType=interfaceB, EMIB_length=0.8533, EMIB_max_width=3.0, width=2.0, height=0.8533, bump_width=1.0000
  (F,M): node1=F, node2=M, wireCount=256, EMIBType=interfaceB, EMIB_length=0.8533, EMIB_max_width=3.0, width=2.0, height=0.8533, bump_width=1.0000
  (G,H): node1=G, node2=H, wireCount=256, EMIBType=interfaceB, EMIB_length=0.8533, EMIB_max_width=3.0, width=2.0, height=0.8533, bump_width=1.0000
  (G,I): node1=G, node2=I, wireCount=256, EMIBType=interfaceB, EMIB_length=0.8533, EMIB_max_width=3.0, width=2.0, height=0.8533, bump_width=1.0000
  (G,J): node1=G, node2=J, wireCount=128, EMIBType=interfaceC, EMIB_length=3.2, EMIB_max_width=99.0, width=1.0, height=3.2, bump_width=0.5000
  (G,K): node1=G, node2=K, wireCount=256, EMIBType=interfaceB, EMIB_length=0.8533, EMIB_max_width=3.0, width=2.0, height=0.8533, bump_width=1.0000
  (H,I): node1=H, node2=I, wireCount=512, EMIBType=interfaceB, EMIB_length=1.7067, EMIB_max_width=3.0, width=2.0, height=1.7067, bump_width=1.0000
  (H,J): node1=H, node2=J, wireCount=128, EMIBType=interfaceC, EMIB_length=3.2, EMIB_max_width=99.0, width=1.0, height=3.2, bump_width=0.5000
  (H,L): node1=H, node2=L, wireCount=256, EMIBType=interfaceB, EMIB_length=0.8533, EMIB_max_width=3.0, width=2.0, height=0.8533, bump_width=1.0000
  (I,L): node1=I, node2=L, wireCount=128, EMIBType=interfaceC, EMIB_length=3.2, EMIB_max_width=99.0, width=1.0, height=3.2, bump_width=0.5000
  (J,L): node1=J, node2=L, wireCount=128, EMIBType=interfaceC, EMIB_length=3.2, EMIB_max_width=99.0, width=1.0, height=3.2, bump_width=0.5000
  (J,M): node1=J, node2=M, wireCount=256, EMIBType=interfaceB, EMIB_length=0.8533, EMIB_max_width=3.0, width=2.0, height=0.8533, bump_width=1.0000
  (K,L): node1=K, node2=L, wireCount=128, EMIBType=interfaceC, EMIB_length=3.2, EMIB_max_width=99.0, width=1.0, height=3.2, bump_width=0.5000
  (L,M): node1=L, node2=M, wireCount=512, EMIBType=interfaceB, EMIB_length=1.7067, EMIB_max_width=3.0, width=2.0, height=1.7067, bump_width=1.0000
连续布局: W=162.0, H=162.0
问题规模: 13 个模块, 30 对连接
连接关系 [node1, node2, wireCount, EMIBType, EMIB_length, EMIB_max_width]:
  (0,8): [A, I, 256, interfaceB, 0.8533, 3.0]
  (0,11): [A, L, 128, interfaceC, 3.2, 99.0]
  (1,3): [B, D, 128, interfaceC, 3.2, 99.0]
  (1,4): [B, E, 256, interfaceB, 0.8533, 3.0]
  (1,6): [B, G, 128, interfaceC, 3.2, 99.0]
  (1,8): [B, I, 128, interfaceC, 3.2, 99.0]
  (1,12): [B, M, 512, interfaceB, 1.7067, 3.0]
  (2,3): [C, D, 128, interfaceC, 3.2, 99.0]
  (2,5): [C, F, 128, interfaceC, 3.2, 99.0]
  (2,7): [C, H, 128, interfaceC, 3.2, 99.0]
  (2,8): [C, I, 128, interfaceC, 3.2, 99.0]
  (2,9): [C, J, 256, interfaceB, 0.8533, 3.0]
  (3,5): [D, F, 128, interfaceC, 3.2, 99.0]
  (3,11): [D, L, 256, interfaceB, 0.8533, 3.0]
  (4,7): [E, H, 256, interfaceB, 0.8533, 3.0]
  (4,8): [E, I, 128, interfaceC, 3.2, 99.0]
  (4,9): [E, J, 256, interfaceB, 0.8533, 3.0]
  (5,12): [F, M, 256, interfaceB, 0.8533, 3.0]
  (6,7): [G, H, 256, interfaceB, 0.8533, 3.0]
  (6,8): [G, I, 256, interfaceB, 0.8533, 3.0]
  (6,9): [G, J, 128, interfaceC, 3.2, 99.0]
  (6,10): [G, K, 256, interfaceB, 0.8533, 3.0]
  (7,8): [H, I, 512, interfaceB, 1.7067, 3.0]
  (7,9): [H, J, 128, interfaceC, 3.2, 99.0]
  (7,11): [H, L, 256, interfaceB, 0.8533, 3.0]
  (8,11): [I, L, 128, interfaceC, 3.2, 99.0]
  (9,11): [J, L, 128, interfaceC, 3.2, 99.0]
  (9,12): [J, M, 256, interfaceB, 0.8533, 3.0]
  (10,11): [K, L, 128, interfaceC, 3.2, 99.0]
  (11,12): [L, M, 512, interfaceB, 1.7067, 3.0]
EMIB_w_var: {(0, 8): <gurobi.Var *Awaiting Model Update*>, (1, 4): <gurobi.Var *Awaiting Model Update*>, (1, 12): <gurobi.Var *Awaiting Model Update*>, (2, 9): <gurobi.Var *Awaiting Model Update*>, (3, 11): <gurobi.Var *Awaiting Model Update*>, (4, 7): <gurobi.Var *Awaiting Model Update*>, (4, 9): <gurobi.Var *Awaiting Model Update*>, (5, 12): <gurobi.Var *Awaiting Model Update*>, (6, 7): <gurobi.Var *Awaiting Model Update*>, (6, 8): <gurobi.Var *Awaiting Model Update*>, (6, 10): <gurobi.Var *Awaiting Model Update*>, (7, 8): <gurobi.Var *Awaiting Model Update*>, (7, 11): <gurobi.Var *Awaiting Model Update*>, (9, 12): <gurobi.Var *Awaiting Model Update*>, (11, 12): <gurobi.Var *Awaiting Model Update*>}
EMIB_h_var: {(0, 8): <gurobi.Var *Awaiting Model Update*>, (1, 4): <gurobi.Var *Awaiting Model Update*>, (1, 12): <gurobi.Var *Awaiting Model Update*>, (2, 9): <gurobi.Var *Awaiting Model Update*>, (3, 11): <gurobi.Var *Awaiting Model Update*>, (4, 7): <gurobi.Var *Awaiting Model Update*>, (4, 9): <gurobi.Var *Awaiting Model Update*>, (5, 12): <gurobi.Var *Awaiting Model Update*>, (6, 7): <gurobi.Var *Awaiting Model Update*>, (6, 8): <gurobi.Var *Awaiting Model Update*>, (6, 10): <gurobi.Var *Awaiting Model Update*>, (7, 8): <gurobi.Var *Awaiting Model Update*>, (7, 11): <gurobi.Var *Awaiting Model Update*>, (9, 12): <gurobi.Var *Awaiting Model Update*>, (11, 12): <gurobi.Var *Awaiting Model Update*>}
EMIB_connected_pairs: {(0, 8): EMIBNode(node1='A', node2='I', wireCount=256, EMIBType='interfaceB', EMIB_length=0.8533, EMIB_bump_width=1.0, EMIB_max_width=3.0, width=2.0, height=0.8533), (1, 4): EMIBNode(node1='B', node2='E', wireCount=256, EMIBType='interfaceB', EMIB_length=0.8533, EMIB_bump_width=1.0, EMIB_max_width=3.0, width=2.0, height=0.8533), (1, 12): EMIBNode(node1='B', node2='M', wireCount=512, EMIBType='interfaceB', EMIB_length=1.7067, EMIB_bump_width=1.0, EMIB_max_width=3.0, width=2.0, height=1.7067), (2, 9): EMIBNode(node1='C', node2='J', wireCount=256, EMIBType='interfaceB', EMIB_length=0.8533, EMIB_bump_width=1.0, EMIB_max_width=3.0, width=2.0, height=0.8533), (3, 11): EMIBNode(node1='D', node2='L', wireCount=256, EMIBType='interfaceB', EMIB_length=0.8533, EMIB_bump_width=1.0, EMIB_max_width=3.0, width=2.0, height=0.8533), (4, 7): EMIBNode(node1='E', node2='H', wireCount=256, EMIBType='interfaceB', EMIB_length=0.8533, EMIB_bump_width=1.0, EMIB_max_width=3.0, width=2.0, height=0.8533), (4, 9): EMIBNode(node1='E', node2='J', wireCount=256, EMIBType='interfaceB', EMIB_length=0.8533, EMIB_bump_width=1.0, EMIB_max_width=3.0, width=2.0, height=0.8533), (5, 12): EMIBNode(node1='F', node2='M', wireCount=256, EMIBType='interfaceB', EMIB_length=0.8533, EMIB_bump_width=1.0, EMIB_max_width=3.0, width=2.0, height=0.8533), (6, 7): EMIBNode(node1='G', node2='H', wireCount=256, EMIBType='interfaceB', EMIB_length=0.8533, EMIB_bump_width=1.0, EMIB_max_width=3.0, width=2.0, height=0.8533), (6, 8): EMIBNode(node1='G', node2='I', wireCount=256, EMIBType='interfaceB', EMIB_length=0.8533, EMIB_bump_width=1.0, EMIB_max_width=3.0, width=2.0, height=0.8533), (6, 10): EMIBNode(node1='G', node2='K', wireCount=256, EMIBType='interfaceB', EMIB_length=0.8533, EMIB_bump_width=1.0, EMIB_max_width=3.0, width=2.0, height=0.8533), (7, 8): EMIBNode(node1='H', node2='I', wireCount=512, EMIBType='interfaceB', EMIB_length=1.7067, EMIB_bump_width=1.0, EMIB_max_width=3.0, width=2.0, height=1.7067), (7, 11): EMIBNode(node1='H', node2='L', wireCount=256, EMIBType='interfaceB', EMIB_length=0.8533, EMIB_bump_width=1.0, EMIB_max_width=3.0, width=2.0, height=0.8533), (9, 12): EMIBNode(node1='J', node2='M', wireCount=256, EMIBType='interfaceB', EMIB_length=0.8533, EMIB_bump_width=1.0, EMIB_max_width=3.0, width=2.0, height=0.8533), (11, 12): EMIBNode(node1='L', node2='M', wireCount=512, EMIBType='interfaceB', EMIB_length=1.7067, EMIB_bump_width=1.0, EMIB_max_width=3.0, width=2.0, height=1.7067)}
[DEBUG] L_avg: 25.278449319529077
[DEBUG] total_area: 639.0
[DEBUG] ref_wirelength: 82508.8585789429
[DEBUG] ref_t: 50.556898639058154
[DEBUG] ref_power: 1.0
[DEBUG] ref_aspect: 19.0

[Normalization Info]
  Ref Wirelength: 82508.86
  Ref Area Proxy (t): 50.56
  Ref Power Term: 1.00
  Ref Aspect: 19.00
目标函数: Min beta_wire(5.0)*wirelength/ref + beta_area(6.0)*t/ref + beta_aspect(0.1)*aspect_ratio/ref
Set parameter TimeLimit to value 3600
Set parameter MIPGap to value 0.8
Set parameter MIPFocus to value 3
Set parameter Heuristics to value 0.5
Set parameter LogToConsole to value 1
Gurobi Optimizer version 13.0.0 build v13.0.0rc1 (linux64 - "Ubuntu 20.04.6 LTS")

CPU model: AMD Ryzen 9 9950X3D 16-Core Processor, instruction set [SSE2|AVX|AVX2|AVX512]
Thread count: 6 physical cores, 12 logical processors, using up to 12 threads

Non-default parameters:
TimeLimit  3600
MIPGap  0.8
Heuristics  0.5
MIPFocus  3

Academic license 2756663 - for non-commercial use only - registered to hu___@sjtu.edu.cn
Optimize a model with 2172 rows, 991 columns and 7504 nonzeros (Min)
Model fingerprint: 0xb28cd4ad
Model has 3 linear objective coefficients
Variable types: 359 continuous, 632 integer (632 binary)
Coefficient statistics:
  Matrix range     [3e-01, 5e+02]
  Objective range  [6e-05, 1e-01]
  Bounds range     [9e-01, 4e+07]
  RHS range        [9e-01, 3e+02]
Presolve removed 156 rows and 133 columns
Presolve time: 0.01s
Presolved: 2016 rows, 858 columns, 6908 nonzeros
Variable types: 259 continuous, 599 integer (599 binary)
Root relaxation presolve removed 240 rows and 52 columns
Root relaxation presolved: 1776 rows, 838 columns, 6356 nonzeros


Root relaxation: objective 1.668320e+00, 411 iterations, 0.01 seconds (0.01 work units)

    Nodes    |    Current Node    |     Objective Bounds      |     Work
 Expl Unexpl |  Obj  Depth IntInf | Incumbent    BestBd   Gap | It/Node Time

     0     0    1.66832    0  247          -    1.66832      -     -    0s
     0     0    2.88808    0  280          -    2.88808      -     -    0s
     0     0    2.88808    0  258          -    2.88808      -     -    0s
     0     0    3.08669    0  259          -    3.08669      -     -    0s
     0     0    3.11302    0  281          -    3.11302      -     -    0s
     0     0    3.11302    0  281          -    3.11302      -     -    0s
     0     0    3.11302    0  260          -    3.11302      -     -    0s
     0     0    3.29918    0  271          -    3.29918      -     -    0s
     0     0    3.36900    0  297          -    3.36900      -     -    0s
     0     0    3.36900    0  278          -    3.36900      -     -    1s
     0     0    3.43881    0  278          -    3.43881      -     -    1s
     0     0    3.43881    0  278          -    3.43881      -     -    1s
     0     2    3.43881    0  276          -    3.43881      -     -    2s
  1341  1298    4.04854    9  350          -    3.83622      -   114    5s
  1370  1318    4.66774   19  428          -    4.10709      -   112   10s
  1943  1632    4.95007   23  317          -    4.90935      -   171   15s
  4111  2849    5.06619   23  328          -    5.05177      -   149   20s
  8064  5217    5.77115   31  275          -    5.09728      -   134   25s
 10916  7378    5.63059   28  251          -    5.12627      -   130   30s
 14555  9143    5.44605   31  277          -    5.15835      -   127   35s
 18353 11087    5.46546   31  280          -    5.18324      -   124   40s
 21906 13212    5.27185   28  299          -    5.20149      -   119   45s
 26713 15086 infeasible   34               -    5.22807      -   118   50s
 28692 16502    5.45654   30  307          -    5.24173      -   117   55s
 33731 19358    5.40416   29  304          -    5.26712      -   115   60s
 40644 22721    5.39408   31  266          -    5.29950      -   112   65s
 49952 26649 infeasible   29               -    5.34604      -   107   70s
 55362 29344    5.53659   32  278          -    5.36953      -   106   75s
 60178 31698    5.82109   33  226          -    5.39228      -   106   80s
 62195 32377 infeasible   33               -    5.40237      -   105   86s
 65956 34143    5.58082   29  287          -    5.41525      -   105   90s
 70871 38288 infeasible   33               -    5.43855      -   105   96s
 82467 41537    6.52352   27  253          -    5.48359      -   101  100s
 88702 44024    5.59915   26  318          -    5.51020      -   101  105s
 95388 47052    5.90791   27  270          -    5.53233      -   100  110s
 95403 51956    6.53820   37  206          -    5.53519      -   100  124s
 107403 52249    5.58819   33  319          -    5.57280      -  98.9  126s
 112171 55800    5.73354   29  244          -    5.58033      -  97.7  130s
 115944 60624    6.28525   34  239          -    5.59392      -  96.8  142s
 132306 62934    6.32874   36  219          -    5.64172      -  95.6  145s
 139315 66438    6.31647   31  250          -    5.66617      -  94.2  150s
 149350 71294    5.86896   35  280          -    5.69749      -  92.9  155s
 159584 75615 infeasible   30               -    5.72982      -  91.8  160s
 165469 79032 infeasible   30               -    5.74927      -  91.7  165s
 172717 81872    5.85948   37  260          -    5.77033      -  91.4  171s
 178497 84009    5.88151   37  261          -    5.78272      -  91.1  175s
 181533 85683    7.01683   31  212          -    5.79492      -  91.3  180s
 189025 88520    6.25042   34  255          -    5.81225      -  90.7  185s
 189426 88736 infeasible   33               -    5.81823      -  91.0  190s
 191191 90356    6.10845   41  233          -    5.82331      -  91.2  195s
 196198 91573 infeasible   33               -    5.83581      -  91.4  201s
 200331 93346 infeasible   31               -    5.84513      -  91.5  205s
 205796 95779    6.11655   32  248          -    5.85884      -  91.7  210s
 215247 99777 infeasible   36               -    5.87906      -  91.2  215s
 223683 104373 infeasible   38               -    5.89550      -  90.8  220s
 234749 108878    5.97258   32  252          -    5.91224      -  89.9  225s
 243462 112573    6.17785   29  268          -    5.92660      -  89.5  230s
 246409 113828    6.08454   31  237          -    5.93247      -  89.6  235s
 253333 116892    5.94424   28  266          -    5.94201      -  89.2  240s
 256914 118794    6.14784   32  222          -    5.94863      -  89.3  245s
 268387 122915 infeasible   35               -    5.96397      -  88.6  250s
 272757 125430    6.07333   33  234          -    5.97175      -  88.6  255s
 274681 125528    6.07040   39  263          -    5.97732      -  88.6  260s
 275793 126031    6.47961   36  211          -    5.98013      -  88.7  265s
 278329 127302 infeasible   30               -    5.98413      -  88.8  270s
 283736 129511    6.09681   39  232          -    5.99218      -  88.9  275s
 288859 131521    6.26384   35  210          -    6.00102      -  89.1  280s
 295798 135295    6.38694   31  228          -    6.00855      -  89.0  285s
 306744 138637    6.18232   33  248          -    6.02077      -  88.4  290s
 314262 142598    7.18038   40  186          -    6.02985      -  88.2  295s
 325606 146893    7.63795   33  213          -    6.04051      -  87.6  300s
 331121 149107    6.13778   31  245          -    6.04910      -  87.7  305s
 336788 151533    6.20032   34  236          -    6.05748      -  87.8  311s
 337834 154374    6.35842   28  254          -    6.05842      -  87.7  317s
 346491 155436    6.12255   35  242          -    6.06731      -  87.8  320s
 353877 157693    6.25447   42  210          -    6.07366      -  87.4  325s
 355181 158470    6.16031   31  236          -    6.07660      -  87.5  330s
 361620 161850    6.30150   38  234          -    6.08452      -  87.7  335s
 370608 164048    6.34589   30  250          -    6.09221      -  87.3  340s
 371968 164342    6.15476   31  247          -    6.09571      -  87.5  345s
 372488 164695 infeasible   33               -    6.09747      -  87.6  350s
 374350 166426    6.20748   33  259          -    6.10032      -  87.7  356s
 380019 167404    6.98586   38  216          -    6.10709      -  87.8  360s
 385677 169603    6.83228   35  204          -    6.11432      -  88.0  366s
 388770 170571    6.19375   38  207          -    6.11718      -  88.0  370s
 398890 174104    6.23578   39  240          -    6.12609      -  87.8  375s
 408309 177667    6.88610   34  211          -    6.13442      -  87.6  380s
 414917 180233    6.51383   33  211          -    6.14113      -  87.4  385s
 417511 181161 infeasible   32               -    6.14570      -  87.6  390s
 422312 183055    6.18803   29  252          -    6.15232      -  87.8  395s
 434616 187396    6.48479   36  218          -    6.16253      -  87.3  400s
 436979 188375 infeasible   35               -    6.16564      -  87.4  405s
 441701 190098    6.40884   36  224          -    6.17006      -  87.4  410s
 447307 192035 infeasible   35               -    6.17610      -  87.4  415s
 454508 194317 infeasible   45               -    6.18253      -  87.3  420s
 459457 196044 infeasible   41               -    6.18720      -  87.4  425s
 463546 197273    6.41571   40  198          -    6.19202      -  87.4  430s
 466859 198291    7.16195   36  195          -    6.19591      -  87.5  435s
 474925 201217    6.44495   33  224          -    6.20239      -  87.3  440s
 479088 202741    6.42464   34  218          -    6.20707      -  87.4  445s
 483229 204431    6.33400   39  231          -    6.21100      -  87.4  450s
 490375 206565    6.31222   38  214          -    6.21724      -  87.3  455s
 490836 206690 infeasible   32               -    6.21908      -  87.4  460s
 492825 207427    6.82023   36  212          -    6.22145      -  87.5  465s
 495945 208727    6.54481   32  238          -    6.22555      -  87.6  470s
 500074 209856 infeasible   45               -    6.23063      -  87.7  475s
 503496 210990    6.46293   34  242          -    6.23333      -  87.8  480s
 515019 214688    6.87284   30  234          -    6.24350      -  87.6  485s
 517992 215648    6.36421   38  242          -    6.24633      -  87.7  490s
 526140 218025    6.60346   41  245          -    6.25219      -  87.6  495s
 535239 221623    6.55530   41  262          -    6.26042      -  87.3  500s
 543846 224463    6.37682   40  198          -    6.26643      -  87.1  505s
 544997 224936 infeasible   31               -    6.26904      -  87.2  510s
 548803 226049 infeasible   42               -    6.27275      -  87.3  515s
 551037 226795    6.87639   36  208          -    6.27636      -  87.4  520s
 555733 228426    6.95690   39  196          -    6.28046      -  87.5  525s
 562415 230479 infeasible   39               -    6.28544      -  87.3  530s
 562591 230493 infeasible   40               -    6.28691      -  87.5  535s
 563912 231013 infeasible   40               -    6.28863      -  87.5  540s
 566648 231707 infeasible   34               -    6.29237      -  87.6  545s
 568033 232209    6.35040   32  236          -    6.29378      -  87.7  550s
 573395 234153 infeasible   35               -    6.29801      -  87.8  555s
 578336 235218 infeasible   41               -    6.30306      -  87.8  560s
 582724 236373 infeasible   39               -    6.30733      -  88.0  565s
 588312 238089 infeasible   40               -    6.31221      -  88.0  570s
 592176 241244    6.56807   32  195          -    6.31502      -  88.0  575s
 605990 244023 infeasible   33               -    6.32418      -  87.6  580s
 616818 247704 infeasible   40               -    6.33173      -  87.4  585s
 625121 250551    6.58318   37  194          -    6.33792      -  87.2  590s
 632978 253004    6.46292   36  228          -    6.34415      -  87.1  595s
 634334 253366 infeasible   35               -    6.34626      -  87.2  600s
 635383 253588    6.40072   36  207          -    6.34780      -  87.2  605s
 637067 254314 infeasible   40               -    6.34953      -  87.3  610s
 640965 255536 infeasible   38               -    6.35283      -  87.4  615s
 645806 256737    6.39442   35  231          -    6.35802      -  87.5  620s
 650590 258004 infeasible   31               -    6.36192      -  87.6  625s
 658367 260403    6.60051   40  199          -    6.36776      -  87.5  630s
 infeasible   38               -    5.89550      -  90.8  220s
2026-03-05 16:04:38 - INFO -  234749 108878    5.97258   32  252          -    5.91224      -  89.9  225s
2026-03-05 16:04:44 - INFO -  243462 112573    6.17785   29  268          -    5.92660      -  89.5  230s
2026-03-05 16:04:48 - INFO -  246409 113828    6.08454   31  237          -    5.93247      -  89.6  235s
2026-03-05 16:04:54 - INFO -  253333 116892    5.94424   28  266          -    5.94201      -  89.2  240s
2026-03-05 16:04:59 - INFO -  256914 118794    6.14784   32  222          -    5.94863      -  89.3  245s
2026-03-05 16:05:03 - INFO -  268387 122915 infeasible   35               -    5.96397      -  88.6  250s
2026-03-05 16:05:08 - INFO -  272757 125430    6.07333   33  234          -    5.97175      -  88.6  255s
2026-03-05 16:05:13 - INFO -  274681 125528    6.07040   39  263          -    5.97732      -  88.6  260s
2026-03-05 16:05:19 - INFO -  275793 126031    6.47961   36  211          -    5.98013      -  88.7  265s
2026-03-05 16:05:23 - INFO -  278329 127302 infeasible   30               -    5.98413      -  88.8  270s
2026-03-05 16:05:28 - INFO -  283736 129511    6.09681   39  232          -    5.99218      -  88.9  275s
2026-03-05 16:05:33 - INFO -  288859 131521    6.26384   35  210          -    6.00102      -  89.1  280s
2026-03-05 16:05:39 - INFO -  295798 135295    6.38694   31  228          -    6.00855      -  89.0  285s
2026-03-05 16:05:43 - INFO -  306744 138637    6.18232   33  248          -    6.02077      -  88.4  290s
2026-03-05 16:05:48 - INFO -  314262 142598    7.18038   40  186          -    6.02985      -  88.2  295s
2026-03-05 16:05:53 - INFO -  325606 146893    7.63795   33  213          -    6.04051      -  87.6  300s
2026-03-05 16:05:58 - INFO -  331121 149107    6.13778   31  245          -    6.04910      -  87.7  305s
2026-03-05 16:06:04 - INFO -  336788 151533    6.20032   34  236          -    6.05748      -  87.8  311s
2026-03-05 16:06:11 - INFO -  337834 154374    6.35842   28  254          -    6.05842      -  87.7  317s
2026-03-05 16:06:14 - INFO -  346491 155436    6.12255   35  242          -    6.06731      -  87.8  320s
2026-03-05 16:06:19 - INFO -  353877 157693    6.25447   42  210          -    6.07366      -  87.4  325s
2026-03-05 16:06:23 - INFO -  355181 158470    6.16031   31  236          -    6.07660      -  87.5  330s
2026-03-05 16:06:29 - INFO -  361620 161850    6.30150   38  234          -    6.08452      -  87.7  335s
2026-03-05 16:06:33 - INFO -  370608 164048    6.34589   30  250          -    6.09221      -  87.3  340s
2026-03-05 16:06:39 - INFO -  371968 164342    6.15476   31  247          -    6.09571      -  87.5  345s
2026-03-05 16:06:43 - INFO -  372488 164695 infeasible   33               -    6.09747      -  87.6  350s
2026-03-05 16:06:50 - INFO -  374350 166426    6.20748   33  259          -    6.10032      -  87.7  356s
2026-03-05 16:06:53 - INFO -  380019 167404    6.98586   38  216          -    6.10709      -  87.8  360s
2026-03-05 16:06:59 - INFO -  385677 169603    6.83228   35  204          -    6.11432      -  88.0  366s
2026-03-05 16:07:03 - INFO -  388770 170571    6.19375   38  207          -    6.11718      -  88.0  370s
2026-03-05 16:07:08 - INFO -  398890 174104    6.23578   39  240          -    6.12609      -  87.8  375s
2026-03-05 16:07:13 - INFO -  408309 177667    6.88610   34  211          -    6.13442      -  87.6  380s
2026-03-05 16:07:19 - INFO -  414917 180233    6.51383   33  211          -    6.14113      -  87.4  385s
2026-03-05 16:07:23 - INFO -  417511 181161 infeasible   32               -    6.14570      -  87.6  390s
2026-03-05 16:07:29 - INFO -  422312 183055    6.18803   29  252          -    6.15232      -  87.8  395s
2026-03-05 16:07:34 - INFO -  434616 187396    6.48479   36  218          -    6.16253      -  87.3  400s
2026-03-05 16:07:38 - INFO -  436979 188375 infeasible   35               -    6.16564      -  87.4  405s
2026-03-05 16:07:43 - INFO -  441701 190098    6.40884   36  224          -    6.17006      -  87.4  410s
2026-03-05 16:07:48 - INFO -  447307 192035 infeasible   35               -    6.17610      -  87.4  415s
2026-03-05 16:07:54 - INFO -  454508 194317 infeasible   45               -    6.18253      -  87.3  420s
2026-03-05 16:07:58 - INFO -  459457 196044 infeasible   41               -    6.18720      -  87.4  425s
2026-03-05 16:08:03 - INFO -  463546 197273    6.41571   40  198          -    6.19202      -  87.4  430s
2026-03-05 16:08:08 - INFO -  466859 198291    7.16195   36  195          -    6.19591      -  87.5  435s
2026-03-05 16:08:13 - INFO -  474925 201217    6.44495   33  224          -    6.20239      -  87.3  440s
2026-03-05 16:08:19 - INFO -  479088 202741    6.42464   34  218          -    6.20707      -  87.4  445s
2026-03-05 16:08:24 - INFO -  483229 204431    6.33400   39  231          -    6.21100      -  87.4  450s
2026-03-05 16:08:29 - INFO -  490375 206565    6.31222   38  214          -    6.21724      -  87.3  455s
2026-03-05 16:08:34 - INFO -  490836 206690 infeasible   32               -    6.21908      -  87.4  460s
2026-03-05 16:08:38 - INFO -  492825 207427    6.82023   36  212          -    6.22145      -  87.5  465s
2026-03-05 16:08:44 - INFO -  495945 208727    6.54481   32  238          -    6.22555      -  87.6  470s
2026-03-05 16:08:48 - INFO -  500074 209856 infeasible   45               -    6.23063      -  87.7  475s
2026-03-05 16:08:53 - INFO -  503496 210990    6.46293   34  242          -    6.23333      -  87.8  480s
2026-03-05 16:08:58 - INFO -  515019 214688    6.87284   30  234          -    6.24350      -  87.6  485s
2026-03-05 16:09:03 - INFO -  517992 215648    6.36421   38  242          -    6.24633      -  87.7  490s
2026-03-05 16:09:09 - INFO -  526140 218025    6.60346   41  245          -    6.25219      -  87.6  495s
2026-03-05 16:09:13 - INFO -  535239 221623    6.55530   41  262          -    6.26042      -  87.3  500s
2026-03-05 16:09:18 - INFO -  543846 224463    6.37682   40  198          -    6.26643      -  87.1  505s
2026-03-05 16:09:23 - INFO -  544997 224936 infeasible   31               -    6.26904      -  87.2  510s
2026-03-05 16:09:28 - INFO -  548803 226049 infeasible   42               -    6.27275      -  87.3  515s
2026-03-05 16:09:33 - INFO -  551037 226795    6.87639   36  208          -    6.27636      -  87.4  520s
2026-03-05 16:09:38 - INFO -  555733 228426    6.95690   39  196          -    6.28046      -  87.5  525s
2026-03-05 16:09:43 - INFO -  562415 230479 infeasible   39               -    6.28544      -  87.3  530s
2026-03-05 16:09:48 - INFO -  562591 230493 infeasible   40               -    6.28691      -  87.5  535s
2026-03-05 16:09:53 - INFO -  563912 231013 infeasible   40               -    6.28863      -  87.5  540s
2026-03-05 16:09:59 - INFO -  566648 231707 infeasible   34               -    6.29237      -  87.6  545s
2026-03-05 16:10:03 - INFO -  568033 232209    6.35040   32  236          -    6.29378      -  87.7  550s
2026-03-05 16:10:09 - INFO -  573395 234153 infeasible   35               -    6.29801      -  87.8  555s
2026-03-05 16:10:14 - INFO -  578336 235218 infeasible   41               -    6.30306      -  87.8  560s
2026-03-05 16:10:18 - INFO -  582724 236373 infeasible   39               -    6.30733      -  88.0  565s
2026-03-05 16:10:24 - INFO -  588312 238089 infeasible   40               -    6.31221      -  88.0  570s
2026-03-05 16:10:29 - INFO -  592176 241244    6.56807   32  195          -    6.31502      -  88.0  575s
2026-03-05 16:10:33 - INFO -  605990 244023 infeasible   33               -    6.32418      -  87.6  580s
2026-03-05 16:10:38 - INFO -  616818 247704 infeasible   40               -    6.33173      -  87.4  585s
2026-03-05 16:10:43 - INFO -  625121 250551    6.58318   37  194          -    6.33792      -  87.2  590s
2026-03-05 16:10:48 - INFO -  632978 253004    6.46292   36  228          -    6.34415      -  87.1  595s
2026-03-05 16:10:53 - INFO -  634334 253366 infeasible   35               -    6.34626      -  87.2  600s
2026-03-05 16:10:58 - INFO -  635383 253588    6.40072   36  207          -    6.34780      -  87.2  605s
2026-03-05 16:11:04 - INFO -  637067 254314 infeasible   40               -    6.34953      -  87.3  610s
2026-03-05 16:11:09 - INFO -  640965 255536 infeasible   38               -    6.35283      -  87.4  615s
2026-03-05 16:11:13 - INFO -  645806 256737    6.39442   35  231          -    6.35802      -  87.5  620s
2026-03-05 16:11:18 - INFO -  650590 258004 infeasible   31               -    6.36192      -  87.6  625s
2026-03-05 16:11:24 - INFO -  658367 260403    6.60051   40  199          -    6.36776      -  87.5  630s
