
================================================================================
Batch test start (Gurobi)
================================================================================
Test input dir: /root/placement/MPDAP/benchmark/test_input
Output base dir: /root/placement/MPDAP/output_gurobi_EMIB_chiplet_5_6_01_22
Found 1 test file(s)
Files to process: acend910.json
================================================================================


[1/1] Processing: acend910.json
  Core name: acend910_core
  Log dir: /root/placement/MPDAP/output_gurobi_EMIB_chiplet_5_6_01_22/log/acend910_core
  LP dir: /root/placement/MPDAP/output_gurobi_EMIB_chiplet_5_6_01_22/lp/acend910_core
  Fig dir: /root/placement/MPDAP/output_gurobi_EMIB_chiplet_5_6_01_22/fig/acend910_core
  Placement file: /root/placement/MPDAP/output_gurobi_EMIB_chiplet_5_6_01_22/placement/acend910.json
  Removing old output dir: /root/placement/MPDAP/output_gurobi_EMIB_chiplet_5_6_01_22/log/acend910_core
  Removing old output dir: /root/placement/MPDAP/output_gurobi_EMIB_chiplet_5_6_01_22/lp/acend910_core
  Removing old output dir: /root/placement/MPDAP/output_gurobi_EMIB_chiplet_5_6_01_22/fig/acend910_core
2026-07-01 16:17:27 - INFO - Calling EMIB solver (Gurobi)...
node 0 w: 14.5, h: 31.4
node 1 w: 10.5, h: 16.0
node 2 w: 7.75, h: 11.87
node 3 w: 7.75, h: 11.87
node 4 w: 7.75, h: 11.87
node 5 w: 7.75, h: 11.87
  (A,B): node1=A, node2=B, wireCount=200, EMIBType=interfaceC, EMIB_length=5.0, EMIB_max_width=99.0, width=1.0, height=5.0, bump_width=0.5000
  (A,C): node1=A, node2=C, wireCount=256, EMIBType=interfaceB, EMIB_length=0.8533, EMIB_max_width=3.0, width=2.0, height=0.8533, bump_width=1.0000
  (A,D): node1=A, node2=D, wireCount=256, EMIBType=interfaceB, EMIB_length=0.8533, EMIB_max_width=3.0, width=2.0, height=0.8533, bump_width=1.0000
  (A,E): node1=A, node2=E, wireCount=256, EMIBType=interfaceB, EMIB_length=0.8533, EMIB_max_width=3.0, width=2.0, height=0.8533, bump_width=1.0000
  (A,F): node1=A, node2=F, wireCount=256, EMIBType=interfaceB, EMIB_length=0.8533, EMIB_max_width=3.0, width=2.0, height=0.8533, bump_width=1.0000
  (0,1): [A, B, 200, interfaceC, 5.0, 99.0]
  (0,2): [A, C, 256, interfaceB, 0.8533, 3.0]
  (0,3): [A, D, 256, interfaceB, 0.8533, 3.0]
  (0,4): [A, E, 256, interfaceB, 0.8533, 3.0]
  (0,5): [A, F, 256, interfaceB, 0.8533, 3.0]
Set parameter Username
2026-07-01 16:17:27 - INFO - Set parameter Username
Set parameter LicenseID to value 2840060
2026-07-01 16:17:27 - INFO - Set parameter LicenseID to value 2840060
Academic license - for non-commercial use only - expires 2027-07-01
2026-07-01 16:17:27 - INFO - Academic license - for non-commercial use only - expires 2027-07-01
EMIB_w_var: {(0, 2): <gurobi.Var *Awaiting Model Update*>, (0, 3): <gurobi.Var *Awaiting Model Update*>, (0, 4): <gurobi.Var *Awaiting Model Update*>, (0, 5): <gurobi.Var *Awaiting Model Update*>}
EMIB_h_var: {(0, 2): <gurobi.Var *Awaiting Model Update*>, (0, 3): <gurobi.Var *Awaiting Model Update*>, (0, 4): <gurobi.Var *Awaiting Model Update*>, (0, 5): <gurobi.Var *Awaiting Model Update*>}
EMIB_connected_pairs: {(0, 2): EMIBNode(node1='A', node2='C', wireCount=256, EMIBType='interfaceB', EMIB_length=0.8533, EMIB_bump_width=1.0, EMIB_max_width=3.0, width=2.0, height=0.8533), (0, 3): EMIBNode(node1='A', node2='D', wireCount=256, EMIBType='interfaceB', EMIB_length=0.8533, EMIB_bump_width=1.0, EMIB_max_width=3.0, width=2.0, height=0.8533), (0, 4): EMIBNode(node1='A', node2='E', wireCount=256, EMIBType='interfaceB', EMIB_length=0.8533, EMIB_bump_width=1.0, EMIB_max_width=3.0, width=2.0, height=0.8533), (0, 5): EMIBNode(node1='A', node2='F', wireCount=256, EMIBType='interfaceB', EMIB_length=0.8533, EMIB_bump_width=1.0, EMIB_max_width=3.0, width=2.0, height=0.8533)}
[POWER_AWARE] Mutual Distancing: ENABLED
[POWER_AWARE] Central Avoidance: ENABLED
[POWER_AWARE] Power Aware Optimization: ENABLED
[POWER_AWARE] Selected high-power chiplets: 1 (density threshold: 0.562266637381946)
[POWER_AWARE] High-power chiplet indices: [0]
[POWER_AWARE] Mutual Distancing: NOT ADDED - Insufficient high-power chiplet pairs (found 1, need at least 2)
[POWER_AWARE] Central Avoidance: Creating away-from-center constraints for 1 high-power chiplets
[DEBUG] chiplet 0 in top 30% power density, add away-from-center constraint
[POWER_AWARE] Central Avoidance: Added away-from-center constraints for 1 high-power chiplets
[DEBUG] L_avg: 31.484440601668627
[DEBUG] total_area: 991.27
[POWER_AWARE] Normalization factor calculation:
[POWER_AWARE]   - High-power chiplets: 1
[POWER_AWARE]   - Mutual Distancing enabled: True
[POWER_AWARE]   - Central Avoidance enabled: True
[POWER_AWARE]   - pair_sum (MD): 0.000000e+00
[POWER_AWARE]   - self_sum (CA): 6.553600e+04
[POWER_AWARE]   - total_sum (pair + self): 6.553600e+04
[POWER_AWARE]   - ref_power: 1.031682e+06
[DEBUG] ref_wirelength: 19268.4776482212
[DEBUG] ref_t: 62.968881203337254
[DEBUG] ref_power: 1031682.1496354776
[DEBUG] ref_aspect: 38.88000000000001

================================================================================
[OBJECTIVE FUNCTION DETAILS]
================================================================================

[Normalization Reference Values]
  ref_wirelength: 1.926848e+04
  ref_t (area proxy): 6.296888e+01
  ref_power: 1.031682e+06
  ref_aspect: 3.888000e+01

[Beta Weights]
  beta_wire: 5.000000e+00
  beta_area: 6.000000e+00
  beta_aspect: 1.000000e-01
  beta_power: 2.200000e+00

[Objective Function Components]
  1. Wirelength term:
     norm_wirelength = wirelength / ref_wirelength
     contribution = beta_wire * norm_wirelength = 5.0 * norm_wirelength
  2. Area term:
     norm_t = t / ref_t
     contribution = beta_area * norm_t = 6.0 * norm_t
  3. Aspect Ratio term:
     norm_aspect = aspect_ratio_penalty / ref_aspect
     contribution = beta_aspect * norm_aspect = 0.1 * norm_aspect
  4. Power Awareness term:
     norm_power = power_aware_penalty / ref_power
     contribution = - beta_power * norm_power = - 2.2 * norm_power

[Objective Function Formula]
  minimize: 5.0 * wirelength/ref_wirelength
          + 6.0 * t/ref_t
          + 0.1 * aspect_ratio_penalty/ref_aspect
          - 2.2 * power_aware_penalty/ref_power
================================================================================


[EMIB] ILP Model construction completed. Analyzing model structure...
================================================================================
ILP MODEL ANALYSIS REPORT - Chiplet Placement ILP (Construction Complete)
Generated: 2026-07-01 16:17:27
================================================================================

[MODEL STRUCTURE]
  Constraints (rows):                      0
  Variables (columns):                     0
  Non-zero elements:                       0
  Objective coefficients:                  0

[VARIABLE TYPES]
  Continuous:                              0
  Integer:                                 0
  Binary:                                  0

[CONSTRAINT TYPES]

[COEFFICIENT STATISTICS]

[SOLVE STATISTICS]
  Status:                    Unknown(1)
  Solve time (s):                       0.00
  Solutions found:                         0
  Nodes explored:            (not available)
  Simplex iterations:        (not available)

[MEMORY USAGE]
  Initial memory:                     93.24 MB
  Peak memory:                        93.24 MB
  Final memory:                        0.00 MB
  Peak increase:                       0.00 MB
  Final increase:                    -93.24 MB

================================================================================
Set parameter TimeLimit to value 300
2026-07-01 16:17:27 - INFO - Set parameter TimeLimit to value 300
Set parameter MIPGap to value 0
2026-07-01 16:17:27 - INFO - Set parameter MIPGap to value 0
Set parameter MIPFocus to value 3
2026-07-01 16:17:27 - INFO - Set parameter MIPFocus to value 3
Set parameter Heuristics to value 0.5
2026-07-01 16:17:27 - INFO - Set parameter Heuristics to value 0.5
Set parameter LogToConsole to value 1
2026-07-01 16:17:27 - INFO - Set parameter LogToConsole to value 1
Gurobi Optimizer version 13.0.1 build v13.0.1rc0 (linux64 - "Ubuntu 20.04.6 LTS")
2026-07-01 16:17:27 - INFO - Gurobi Optimizer version 13.0.1 build v13.0.1rc0 (linux64 - "Ubuntu 20.04.6 LTS")

2026-07-01 16:17:27 - INFO - 
CPU model: AMD Ryzen 9 9950X3D 16-Core Processor, instruction set [SSE2|AVX|AVX2|AVX512]
2026-07-01 16:17:27 - INFO - CPU model: AMD Ryzen 9 9950X3D 16-Core Processor, instruction set [SSE2|AVX|AVX2|AVX512]
Thread count: 14 physical cores, 28 logical processors, using up to 28 threads
2026-07-01 16:17:27 - INFO - Thread count: 14 physical cores, 28 logical processors, using up to 28 threads

2026-07-01 16:17:27 - INFO - 
Non-default parameters:
2026-07-01 16:17:27 - INFO - Non-default parameters:
TimeLimit  300
2026-07-01 16:17:27 - INFO - TimeLimit  300
MIPGap  0
2026-07-01 16:17:27 - INFO - MIPGap  0
Heuristics  0.5
2026-07-01 16:17:27 - INFO - Heuristics  0.5
MIPFocus  3
2026-07-01 16:17:27 - INFO - MIPFocus  3

2026-07-01 16:17:27 - INFO - 
Optimize a model with 519 rows, 251 columns and 1741 nonzeros (Min)
2026-07-01 16:17:27 - INFO - Optimize a model with 519 rows, 251 columns and 1741 nonzeros (Min)
Model fingerprint: 0x3f91c48c
2026-07-01 16:17:27 - INFO - Model fingerprint: 0x3f91c48c
Model has 4 linear objective coefficients
2026-07-01 16:17:27 - INFO - Model has 4 linear objective coefficients
Variable types: 113 continuous, 138 integer (138 binary)
2026-07-01 16:17:27 - INFO - Variable types: 113 continuous, 138 integer (138 binary)
Coefficient statistics:
2026-07-01 16:17:27 - INFO - Coefficient statistics:
  Matrix range     [5e-01, 7e+04]
2026-07-01 16:17:27 - INFO -   Matrix range     [5e-01, 7e+04]
  Objective range  [2e-06, 1e-01]
2026-07-01 16:17:27 - INFO -   Objective range  [2e-06, 1e-01]
  Bounds range     [9e-01, 6e+06]
2026-07-01 16:17:27 - INFO -   Bounds range     [9e-01, 6e+06]
  RHS range        [9e-01, 3e+02]
2026-07-01 16:17:27 - INFO -   RHS range        [9e-01, 3e+02]

2026-07-01 16:17:27 - INFO - 
Presolve removed 62 rows and 52 columns
2026-07-01 16:17:27 - INFO - Presolve removed 62 rows and 52 columns
Presolve time: 0.00s
2026-07-01 16:17:27 - INFO - Presolve time: 0.00s
Presolved: 457 rows, 199 columns, 1606 nonzeros
2026-07-01 16:17:27 - INFO - Presolved: 457 rows, 199 columns, 1606 nonzeros
Variable types: 69 continuous, 130 integer (130 binary)
2026-07-01 16:17:27 - INFO - Variable types: 69 continuous, 130 integer (130 binary)
Root relaxation presolve removed 30 rows and 8 columns
2026-07-01 16:17:27 - INFO - Root relaxation presolve removed 30 rows and 8 columns
Root relaxation presolved: 427 rows, 199 columns, 1542 nonzeros
2026-07-01 16:17:27 - INFO - Root relaxation presolved: 427 rows, 199 columns, 1542 nonzeros

2026-07-01 16:17:27 - INFO - 

2026-07-01 16:17:27 - INFO - 
Root relaxation: objective -3.018126e+01, 115 iterations, 0.00 seconds (0.00 work units)
2026-07-01 16:17:27 - INFO - Root relaxation: objective -3.018126e+01, 115 iterations, 0.00 seconds (0.00 work units)

2026-07-01 16:17:27 - INFO - 
    Nodes    |    Current Node    |     Objective Bounds      |     Work
2026-07-01 16:17:27 - INFO -     Nodes    |    Current Node    |     Objective Bounds      |     Work
 Expl Unexpl |  Obj  Depth IntInf | Incumbent    BestBd   Gap | It/Node Time
2026-07-01 16:17:27 - INFO -  Expl Unexpl |  Obj  Depth IntInf | Incumbent    BestBd   Gap | It/Node Time

2026-07-01 16:17:27 - INFO - 
     0     0  -30.18126    0   53          -  -30.18126      -     -    0s
2026-07-01 16:17:27 - INFO -      0     0  -30.18126    0   53          -  -30.18126      -     -    0s
H    0     0                      10.3699348  -30.18126   391%     -    0s
2026-07-01 16:17:27 - INFO - H    0     0                      10.3699348  -30.18126   391%     -    0s
     0     0    3.93628    0   55   10.36993    3.93628  62.0%     -    0s
2026-07-01 16:17:27 - INFO -      0     0    3.93628    0   55   10.36993    3.93628  62.0%     -    0s
     0     0    3.93628    0   55   10.36993    3.93628  62.0%     -    0s
2026-07-01 16:17:27 - INFO -      0     0    3.93628    0   55   10.36993    3.93628  62.0%     -    0s
     0     0    3.93628    0   52   10.36993    3.93628  62.0%     -    0s
2026-07-01 16:17:27 - INFO -      0     0    3.93628    0   52   10.36993    3.93628  62.0%     -    0s
     0     0    4.31067    0   53   10.36993    4.31067  58.4%     -    0s
2026-07-01 16:17:27 - INFO -      0     0    4.31067    0   53   10.36993    4.31067  58.4%     -    0s
     0     0    4.31067    0   60   10.36993    4.31067  58.4%     -    0s
2026-07-01 16:17:27 - INFO -      0     0    4.31067    0   60   10.36993    4.31067  58.4%     -    0s
     0     0    4.31067    0   60   10.36993    4.31067  58.4%     -    0s
2026-07-01 16:17:27 - INFO -      0     0    4.31067    0   60   10.36993    4.31067  58.4%     -    0s
     0     0    4.31067    0   51   10.36993    4.31067  58.4%     -    0s
2026-07-01 16:17:27 - INFO -      0     0    4.31067    0   51   10.36993    4.31067  58.4%     -    0s
     0     0    4.91186    0   60   10.36993    4.91186  52.6%     -    0s
2026-07-01 16:17:27 - INFO -      0     0    4.91186    0   60   10.36993    4.91186  52.6%     -    0s
     0     0    5.04970    0   64   10.36993    5.04970  51.3%     -    0s
2026-07-01 16:17:27 - INFO -      0     0    5.04970    0   64   10.36993    5.04970  51.3%     -    0s
     0     0    5.04970    0   64   10.36993    5.04970  51.3%     -    0s
2026-07-01 16:17:27 - INFO -      0     0    5.04970    0   64   10.36993    5.04970  51.3%     -    0s
     0     0    5.04970    0   54   10.36993    5.04970  51.3%     -    0s
2026-07-01 16:17:27 - INFO -      0     0    5.04970    0   54   10.36993    5.04970  51.3%     -    0s
H    0     0                      10.3546170    5.68019  45.1%     -    0s
2026-07-01 16:17:27 - INFO - H    0     0                      10.3546170    5.68019  45.1%     -    0s
     0     0    5.68019    0   54   10.35462    5.68019  45.1%     -    0s
2026-07-01 16:17:27 - INFO -      0     0    5.68019    0   54   10.35462    5.68019  45.1%     -    0s
     0     0    5.68019    0   54   10.35462    5.68019  45.1%     -    0s
2026-07-01 16:17:27 - INFO -      0     0    5.68019    0   54   10.35462    5.68019  45.1%     -    0s
     0     2    5.68019    0   54   10.35462    5.68019  45.1%     -    0s
2026-07-01 16:17:27 - INFO -      0     2    5.68019    0   54   10.35462    5.68019  45.1%     -    0s
H  487   344                      10.1567248    8.12687  20.0%  65.4    0s
2026-07-01 16:17:28 - INFO - H  487   344                      10.1567248    8.12687  20.0%  65.4    0s
* 2553   925              20       9.9330990    9.46310  4.73%  28.5    1s
2026-07-01 16:17:29 - INFO - * 2553   925              20       9.9330990    9.46310  4.73%  28.5    1s
* 3089   699              15       9.9214689    9.64253  2.81%  25.5    1s
2026-07-01 16:17:29 - INFO - * 3089   699              15       9.9214689    9.64253  2.81%  25.5    1s
H 3618   477                       9.9184796    9.79921  1.20%  23.2    1s
2026-07-01 16:17:29 - INFO - H 3618   477                       9.9184796    9.79921  1.20%  23.2    1s

2026-07-01 16:17:29 - INFO - 
Cutting planes:
2026-07-01 16:17:29 - INFO - Cutting planes:
  Learned: 8
2026-07-01 16:17:29 - INFO -   Learned: 8
  Gomory: 261
2026-07-01 16:17:29 - INFO -   Gomory: 261
  Lift-and-project: 99
2026-07-01 16:17:29 - INFO -   Lift-and-project: 99
  Cover: 4
2026-07-01 16:17:29 - INFO -   Cover: 4
  Implied bound: 35
2026-07-01 16:17:29 - INFO -   Implied bound: 35
  Clique: 6
2026-07-01 16:17:29 - INFO -   Clique: 6
  MIR: 223
2026-07-01 16:17:29 - INFO -   MIR: 223
  Mixing: 14
2026-07-01 16:17:29 - INFO -   Mixing: 14
  StrongCG: 1
2026-07-01 16:17:29 - INFO -   StrongCG: 1
  Flow cover: 834
2026-07-01 16:17:29 - INFO -   Flow cover: 834
  Inf proof: 3
2026-07-01 16:17:29 - INFO -   Inf proof: 3
  Zero half: 3
2026-07-01 16:17:29 - INFO -   Zero half: 3
  RLT: 39
2026-07-01 16:17:29 - INFO -   RLT: 39
  Relax-and-lift: 40
2026-07-01 16:17:29 - INFO -   Relax-and-lift: 40
  BQP: 3
2026-07-01 16:17:29 - INFO -   BQP: 3
  PSD: 6
2026-07-01 16:17:29 - INFO -   PSD: 6

2026-07-01 16:17:29 - INFO - 
Explored 4401 nodes (90497 simplex iterations) in 1.77 seconds (3.11 work units)
2026-07-01 16:17:29 - INFO - Explored 4401 nodes (90497 simplex iterations) in 1.77 seconds (3.11 work units)
Thread count was 28 (of 28 available processors)
2026-07-01 16:17:29 - INFO - Thread count was 28 (of 28 available processors)

2026-07-01 16:17:29 - INFO - 
Solution count 6: 9.91848 9.92147 9.9331 ... 10.3699
2026-07-01 16:17:29 - INFO - Solution count 6: 9.91848 9.92147 9.9331 ... 10.3699

2026-07-01 16:17:29 - INFO - 
Optimal solution found (tolerance 0.00e+00)
2026-07-01 16:17:29 - INFO - Optimal solution found (tolerance 0.00e+00)
Best objective 9.918479583502e+00, best bound 9.918479583502e+00, gap 0.0000%
2026-07-01 16:17:29 - INFO - Best objective 9.918479583502e+00, best bound 9.918479583502e+00, gap 0.0000%
[EMIB] Solve done: MIPGap=0.0, status=Optimal, Obj=9.918480, time=1.77s, SolCount=6


================================================================================
ILP MODEL ANALYSIS REPORT - Chiplet Placement ILP (Gap=0.0)
Generated: 2026-07-01 16:17:29
================================================================================

[MODEL STRUCTURE]
  Constraints (rows):                    519
  Variables (columns):                   251
  Non-zero elements:                    1741
  Objective coefficients:                  4

[VARIABLE TYPES]
  Continuous:                            113
  Integer:                                 0
  Binary:                                138

[CONSTRAINT TYPES]
  <= constraints:                              276
  == constraints:                               83
  >= constraints:                              160

[COEFFICIENT STATISTICS]
  Matrix range:              [5.00e-01, 6.55e+04]
  Objective range:           [2.13e-06, 9.53e-02]
  Bounds range:              [-2.70e+02, 5.53e+06]

[SOLVE STATISTICS]
  Status:                    Optimal
  Objective value:                  9.918480
  Best bound:                       9.918480
  MIP gap:                           0.0000%
  Solve time (s):                       1.77
  Solutions found:                         6
  Nodes explored:                     4401.0
  Simplex iterations:                90497.0

[MEMORY USAGE]
  Initial memory:                     93.95 MB
  Peak memory:                       190.53 MB
  Final memory:                      190.53 MB
  Peak increase:                      96.59 MB
  Final increase:                     96.59 MB

================================================================================

================================================================================
[OBJECTIVE FUNCTION BREAKDOWN - SOLUTION VALUES]
================================================================================

[Actual Variable Values]
  wirelength: 2.397928e+04
  bbox_area_proxy_t: 6.081600e+01
  aspect_ratio_penalty: 2.280000e+00
  power_aware_penalty: 9.869722e+05

[Normalized Values]
  norm_wirelength = 2.397928e+04 / 1.926848e+04 = 1.244482e+00
  norm_t = 6.081600e+01 / 6.296888e+01 = 9.658104e-01
  norm_aspect = 2.280000e+00 / 3.888000e+01 = 5.864198e-02
  norm_power = 9.869722e+05 / 1.031682e+06 = 9.566630e-01

[Weighted Contributions]
  1. Wirelength: 5.000000e+00 * 1.244482e+00 = 6.222412e+00
  2. Area: 6.000000e+00 * 9.658104e-01 = 5.794862e+00
  3. Aspect Ratio: 1.000000e-01 * 5.864198e-02 = 5.864198e-03
  4. Power Awareness: -2.200000e+00 * 9.566630e-01 = -2.104659e+00

[Total Objective Value]
  6.222412e+00 + 5.794862e+00 + 5.864198e-03 - 2.104659e+00
  = 9.918480e+00
================================================================================

[EMIB] Solve succeeded (Optimal)
[EMIB] placement JSON saved: /root/placement/MPDAP/output_gurobi_EMIB_chiplet_5_6_01_22/placement/acend910.json
[EMIB] Layout figure saved: /root/placement/MPDAP/output_gurobi_EMIB_chiplet_5_6_01_22/fig/acend910_core/solution_1_layout_gurobi.png
2026-07-01 16:17:30 - INFO - 
EMIB returned 1 solution(s) (max 1).
  ✓ EMIB: 1 solution(s)

================================================================================
Batch test done (Gurobi)
  Total time: 2.36 s
================================================================================
File summary:
  Success: 1/1
  Failed: 0/1
Solution count:
  Found: 1/1

Details:
  ✓ acend910.json -> acend910_core: 1 solution(s)
    Log dir: /root/placement/MPDAP/output_gurobi_EMIB_chiplet_5_6_01_22/log/acend910_core
    LP dir: /root/placement/MPDAP/output_gurobi_EMIB_chiplet_5_6_01_22/lp/acend910_core
    Fig dir: /root/placement/MPDAP/output_gurobi_EMIB_chiplet_5_6_01_22/fig/acend910_core
    Placement: /root/placement/MPDAP/output_gurobi_EMIB_chiplet_5_6_01_22/placement/acend910.json
================================================================================

