node 0 w: 4.62, h: 10.36
node 1 w: 7.0, h: 3.78
node 2 w: 2.12026-06-21 21:51:28 - INFO - Set parameter WLSAccessID
2026-06-21 21:51:28 - INFO - Set parameter WLSSecret
2026-06-21 21:51:28 - INFO - Set parameter LicenseID to value 2756663
2026-06-21 21:51:28 - INFO - Academic license 2756663 - for non-commercial use only - registered to hu___@sjtu.edu.cn
2026-06-21 21:51:28 - INFO - Set parameter TimeLimit to value 300
2026-06-21 21:51:28 - INFO - Set parameter MIPGap to value 0
2026-06-21 21:51:28 - INFO - Set parameter MIPFocus to value 3
2026-06-21 21:51:28 - INFO - Set parameter Heuristics to value 0.5
2026-06-21 21:51:28 - INFO - Set parameter LogToConsole to value 1
2026-06-21 21:51:28 - INFO - Gurobi Optimizer version 13.0.1 build v13.0.1rc0 (linux64 - "Ubuntu 20.04.6 LTS")
2026-06-21 21:51:28 - INFO - 
2026-06-21 21:51:28 - INFO - CPU model: AMD Ryzen 9 9950X3D 16-Core Processor, instruction set [SSE2|AVX|AVX2|AVX512]
2026-06-21 21:51:28 - INFO - Thread count: 14 physical cores, 28 logical processors, using up to 28 threads
2026-06-21 21:51:28 - INFO - 
2026-06-21 21:51:28 - INFO - Non-default parameters:
2026-06-21 21:51:28 - INFO - TimeLimit  300
2026-06-21 21:51:28 - INFO - MIPGap  0
2026-06-21 21:51:28 - INFO - Heuristics  0.5
2026-06-21 21:51:28 - INFO - MIPFocus  3
2026-06-21 21:51:28 - INFO - 
2026-06-21 21:51:28 - INFO - Academic license 2756663 - for non-commercial use only - registered to hu___@sjtu.edu.cn
2026-06-21 21:51:28 - INFO - Optimize a model with 1845 rows, 846 columns and 6315 nonzeros (Min)
2026-06-21 21:51:28 - INFO - Model fingerprint: 0xb393269e
2026-06-21 21:51:28 - INFO - Model has 4 linear objective coefficients
2026-06-21 21:51:28 - INFO - Variable types: 326 continuous, 520 integer (520 binary)
2026-06-21 21:51:28 - INFO - Coefficient statistics:
2026-06-21 21:51:28 - INFO -   Matrix range     [3e-01, 4e+03]
2026-06-21 21:51:28 - INFO -   Objective range  [4e-07, 1e-01]
2026-06-21 21:51:28 - INFO -   Bounds range     [9e-01, 2e+07]
2026-06-21 21:51:28 - INFO -   RHS range        [9e-01, 3e+02]
2026-06-21 21:51:28 - INFO - 
2026-06-21 21:51:28 - INFO - Presolve removed 139 rows and 117 columns
2026-06-21 21:51:28 - INFO - Presolve time: 0.01s
2026-06-21 21:51:28 - INFO - Presolved: 1706 rows, 729 columns, 5960 nonzeros
2026-06-21 21:51:28 - INFO - Variable types: 235 continuous, 494 integer (494 binary)
2026-06-21 21:51:28 - INFO - Root relaxation presolve removed 266 rows and 76 columns
2026-06-21 21:51:28 - INFO - Root relaxation presolved: 1440 rows, 675 columns, 5328 nonzeros
2026-06-21 21:51:28 - INFO - 
2026-06-21 21:51:28 - INFO - 
2026-06-21 21:51:28 - INFO - Root relaxation: objective 1.419055e+00, 345 iterations, 0.00 seconds (0.01 work units)
2026-06-21 21:51:28 - INFO - 
2026-06-21 21:51:28 - INFO -     Nodes    |    Current Node    |     Objective Bounds      |     Work
2026-06-21 21:51:28 - INFO -  Expl Unexpl |  Obj  Depth IntInf | Incumbent    BestBd   Gap | It/Node Time
2026-06-21 21:51:28 - INFO - 
2026-06-21 21:51:28 - INFO -      0     0    1.41905    0  212          -    1.41905      -     -    0s
2026-06-21 21:51:28 - INFO -      0     0    1.93780    0  221          -    1.93780      -     -    0s
2026-06-21 21:51:28 - INFO -      0     0    1.93780    0  213          -    1.93780      -     -    0s
2026-06-21 21:51:28 - INFO -      0     0    2.23113    0  220          -    2.23113      -     -    0s
2026-06-21 21:51:28 - INFO -      0     0    2.42976    0  247          -    2.42976      -     -    0s
2026-06-21 21:51:28 - INFO -      0     0    2.42976    0  238          -    2.42976      -     -    0s
2026-06-21 21:51:28 - INFO -      0     0    2.69845    0  229          -    2.69845      -     -    0s
2026-06-21 21:51:28 - INFO -      0     0    2.69845    0  244          -    2.69845      -     -    0s
2026-06-21 21:51:28 - INFO -      0     0    2.69845    0  239          -    2.69845      -     -    0s
2026-06-21 21:51:28 - INFO -      0     0    2.69845    0  244          -    2.69845      -     -    0s
2026-06-21 21:51:28 - INFO -      0     0    2.69845    0  245          -    2.69845      -     -    0s
2026-06-21 21:51:28 - INFO -      0     0    2.69845    0  249          -    2.69845      -     -    0s
2026-06-21 21:51:28 - INFO -      0     0    2.72179    0  252          -    2.72179      -     -    0s
2026-06-21 21:51:29 - INFO -      0     0    3.24634    0  269          -    3.24634      -     -    0s
2026-06-21 21:51:29 - INFO -      0     0    3.24634    0  269          -    3.24634      -     -    0s
2026-06-21 21:51:29 - INFO -      0     0    3.24634    0  260          -    3.24634      -     -    1s
2026-06-21 21:51:29 - INFO -      0     0    3.29245    0  272          -    3.29245      -     -    1s
2026-06-21 21:51:29 - INFO -      0     0    3.29245    0  261          -    3.29245      -     -    1s
2026-06-21 21:51:29 - INFO -      0     0    3.29442    0  255          -    3.29442      -     -    1s
2026-06-21 21:51:29 - INFO -      0     0    3.31144    0  263          -    3.31144      -     -    1s
2026-06-21 21:51:29 - INFO -      0     0    3.31806    0  262          -    3.31806      -     -    1s
2026-06-21 21:51:29 - INFO -      0     0    3.32092    0  266          -    3.32092      -     -    1s
2026-06-21 21:51:29 - INFO -      0     0    3.32092    0  266          -    3.32092      -     -    1s
2026-06-21 21:51:29 - INFO -      0     0    3.66130    0  266          -    3.66130      -     -    1s
2026-06-21 21:51:29 - INFO -      0     0    3.66130    0  266          -    3.66130      -     -    1s
2026-06-21 21:51:29 - INFO -      0     0    3.66130    0  242          -    3.66130      -     -    1s
2026-06-21 21:51:29 - INFO -      0     0    3.70568    0  267          -    3.70568      -     -    1s
2026-06-21 21:51:29 - INFO -      0     0    3.72979    0  287          -    3.72979      -     -    1s
2026-06-21 21:51:29 - INFO -      0     0    3.73026    0  285          -    3.73026      -     -    1s
2026-06-21 21:51:29 - INFO -      0     0    3.78063    0  281          -    3.78063      -     -    1s
2026-06-21 21:51:29 - INFO -      0     0    3.78063    0  281          -    3.78063      -     -    1s
2026-06-21 21:51:30 - INFO -      0     0    3.78063    0  264          -    3.78063      -     -    1s
2026-06-21 21:51:30 - INFO -      0     0    3.78323    0  282          -    3.78323      -     -    1s
2026-06-21 21:51:30 - INFO -      0     0    3.79152    0  281          -    3.79152      -     -    1s
2026-06-21 21:51:30 - INFO -      0     0    3.79234    0  278          -    3.79234      -     -    1s
2026-06-21 21:51:30 - INFO -      0     0    3.88384    0  288          -    3.88384      -     -    2s
2026-06-21 21:51:30 - INFO -      0     0    3.88384    0  288          -    3.88384      -     -    2s
2026-06-21 21:51:30 - INFO -      0     0    3.88384    0  281          -    3.88384      -     -    2s
2026-06-21 21:51:30 - INFO -      0     0    3.91318    0  294          -    3.91318      -     -    2s
2026-06-21 21:51:30 - INFO -      0     0    3.92815    0  291          -    3.92815      -     -    2s
2026-06-21 21:51:30 - INFO -      0     0    3.93021    0  306          -    3.93021      -     -    2s
2026-06-21 21:51:30 - INFO -      0     0    3.93247    0  314          -    3.93247      -     -    2s
2026-06-21 21:51:30 - INFO -      0     0    3.93336    0  308          -    3.93336      -     -    2s
2026-06-21 21:51:30 - INFO -      0     0    3.95358    0  303          -    3.95358      -     -    2s
2026-06-21 21:51:30 - INFO -      0     0    3.95358    0  303          -    3.95358      -     -    2s
2026-06-21 21:51:30 - INFO -      0     0    3.95358    0  282          -    3.95358      -     -    2s
2026-06-21 21:51:31 - INFO -      0     0    3.96334    0  293          -    3.96334      -     -    2s
2026-06-21 21:51:31 - INFO -      0     0    3.96425    0  307          -    3.96425      -     -    2s
2026-06-21 21:51:31 - INFO -      0     0    3.99632    0  307          -    3.99632      -     -    3s
2026-06-21 21:51:31 - INFO -      0     0    3.99632    0  307          -    3.99632      -     -    3s
2026-06-21 21:51:31 - INFO -      0     0    3.99632    0  294          -    3.99632      -     -    3s
2026-06-21 21:51:31 - INFO -      0     0    4.00240    0  304          -    4.00240      -     -    3s
2026-06-21 21:51:31 - INFO -      0     0    4.00449    0  317          -    4.00449      -     -    3s
2026-06-21 21:51:31 - INFO -      0     0    4.00577    0  326          -    4.00577      -     -    3s
2026-06-21 21:51:31 - INFO -      0     0    4.01100    0  317          -    4.01100      -     -    3s
2026-06-21 21:51:31 - INFO -      0     0    4.01278    0  326          -    4.01278      -     -    3s
2026-06-21 21:51:31 - INFO -      0     0    4.01397    0  325          -    4.01397      -     -    3s
2026-06-21 21:51:31 - INFO -      0     0    4.01425    0  328          -    4.01425      -     -    3s
2026-06-21 21:51:31 - INFO -      0     0    4.03696    0  330          -    4.03696      -     -    3s
2026-06-21 21:51:31 - INFO -      0     0    4.03696    0  330          -    4.03696      -     -    3s
2026-06-21 21:51:31 - INFO -      0     0    4.03696    0  305          -    4.03696      -     -    3s
2026-06-21 21:51:31 - INFO -      0     0    4.03949    0  302          -    4.03949      -     -    3s
2026-06-21 21:51:31 - INFO -      0     0    4.03964    0  315          -    4.03964      -     -    3s
2026-06-21 21:51:32 - INFO -      0     0    4.04394    0  310          -    4.04394      -     -    3s
2026-06-21 21:51:32 - INFO -      0     0    4.04394    0  310          -    4.04394      -     -    3s
2026-06-21 21:51:32 - INFO -      0     0    4.04394    0  297          -    4.04394      -     -    4s
2026-06-21 21:51:32 - INFO -      0     0    4.04402    0  295          -    4.04402      -     -    4s
2026-06-21 21:51:32 - INFO -      0     0    4.04402    0  295          -    4.04402      -     -    4s
2026-06-21 21:51:33 - INFO - H    0     0                      22.4036648    4.04433  81.9%     -    5s
2026-06-21 21:51:33 - INFO - H    0     0                      22.3821199    4.04433  81.9%     -    5s
2026-06-21 21:51:33 - INFO - H    0     0                      13.2744510    4.04433  69.5%     -    5s
2026-06-21 21:51:33 - INFO -      0     2    4.04433    0  295   13.27445    4.04433  69.5%     -    5s
2026-06-21 21:51:34 - INFO - H   47    58                      13.2587469    4.26098  67.9%   562    6s
2026-06-21 21:51:35 - INFO - H   71   100                      13.1204187    4.35314  66.8%   679    6s
2026-06-21 21:51:35 - INFO - H   77   100                      13.1154967    4.35992  66.8%   666    6s
2026-06-21 21:51:35 - INFO - H   79   100                      12.6146901    4.37060  65.4%   662    6s
2026-06-21 21:51:35 - INFO - H   81   100                      12.5655315    4.37407  65.2%   681    6s
2026-06-21 21:51:35 - INFO - H   83   100                      12.1511132    4.37409  64.0%   674    6s
2026-06-21 21:51:35 - INFO - H  129   146                      12.0106864    4.46075  62.9%   656    7s
2026-06-21 21:51:35 - INFO - H  145   207                      12.0106488    4.46122  62.9%   625    7s
2026-06-21 21:51:35 - INFO - H  180   207                      11.9263758    4.48074  62.4%   523    7s
2026-06-21 21:51:35 - INFO - H  208   242                      11.7204433    4.49104  61.7%   500    7s
2026-06-21 21:51:35 - INFO - H  226   242                      11.7204158    4.50606  61.6%   479    7s
2026-06-21 21:51:36 - INFO - H  298   299                      11.7115061    4.56687  61.0%   511    7s
2026-06-21 21:51:36 - INFO - H  303   327                      11.7114613    4.56882  61.0%   512    8s
2026-06-21 21:51:36 - INFO - H  322   327                      11.6773274    4.57535  60.8%   510    8s
2026-06-21 21:51:36 - INFO - H  339   350                      11.6773100    4.59115  60.7%   516    8s
2026-06-21 21:51:37 - INFO - H  502   519                      11.6280336    4.68311  59.7%   510    9s
2026-06-21 21:51:37 - INFO - H  522   582                      11.5379970    4.68462  59.4%   506    9s
2026-06-21 21:51:37 - INFO - H  571   582                      11.5274503    4.69431  59.3%   490    9s
2026-06-21 21:51:38 - INFO - H  756   771                      11.3667136    4.70735  58.6%   405    9s
2026-06-21 21:51:38 - INFO -    780   825    5.53450   13  240   11.36671    4.71273  58.5%   407   10s
2026-06-21 21:51:38 - INFO - H  781   825                      11.3615283    4.71273  58.5%   406   10s
2026-06-21 21:51:43 - INFO -   1349  1307    6.88284   10  195   11.36153    4.79024  57.8%   365   15s
2026-06-21 21:51:48 - INFO -   2061  2023    6.22644   10  218   11.36153    4.83171  57.5%   319   20s
2026-06-21 21:51:53 - INFO -   2248  2026    4.83744   10  254   11.36153    4.83515  57.4%   308   25s
2026-06-21 21:51:58 - INFO -   2269  2040    4.88063   22  357   11.36153    4.83515  57.4%   305   30s
2026-06-21 21:52:03 - INFO -   2283  2049    7.11100   25  329   11.36153    4.83515  57.4%   303   35s
2026-06-21 21:52:08 - INFO -   2301  2063    6.64936   14  282   11.36153    4.94232  56.5%   311   40s
2026-06-21 21:52:13 - INFO -   2669  2266    5.73234   40  238   11.36153    5.30799  53.3%   345   45s
2026-06-21 21:52:18 - INFO -   3280  2511    7.30814   37  237   11.36153    6.62531  41.7%   391   50s
2026-06-21 21:52:23 - INFO -   3784  2672    8.40820   36  193   11.36153    7.03263  38.1%   419   55s
2026-06-21 21:52:28 - INFO -   4377  2923    9.09308   35  198   11.36153    7.23331  36.3%   421   60s
2026-06-21 21:52:33 - INFO -   5825  3674    9.41387   44  183   11.36153    7.43495  34.6%   402   65s
2026-06-21 21:52:34 - INFO - H 6396  3558                      11.3615283    7.47347  34.2%   390   66s
2026-06-21 21:52:38 - INFO -   9105  5392    8.89116   41  199   11.36153    7.86630  30.8%   360   70s
2026-06-21 21:52:43 - INFO -  13868  8562    8.55610   43  123   11.36153    8.30116  26.9%   326   75s
2026-06-21 21:52:48 - INFO -  18601 11329    8.72539   37  135   11.36153    8.59152  24.4%   310   80s
2026-06-21 21:52:52 - INFO - H19973 11609                      11.2611807    8.68340  22.9%   307   84s
2026-06-21 21:52:53 - INFO -  20146 11821     cutoff   47        11.26118    8.69870  22.8%   307   85s
2026-06-21 21:52:53 - INFO - H20194 11742                      11.1423528    8.70054  21.9%   307   85s
2026-06-21 21:52:53 - INFO - H20240 11716                      11.1003144    8.70423  21.6%   307   85s
2026-06-21 21:52:53 - INFO - H20268 11667                      11.0482902    8.70524  21.2%   307   85s
2026-06-21 21:52:55 - INFO - H20487 11713                      11.0406390    8.72000  21.0%   307   87s
2026-06-21 21:52:59 - INFO -  21907 12458 infeasible   44        11.04064    8.83005  20.0%   307   91s
2026-06-21 21:53:03 - INFO -  24308 13861    9.97682   35  181   11.04064    8.91012  19.3%   307   95s
2026-06-21 21:53:04 - INFO - H24888 14398                      11.0406389    8.98867  18.6%   306   96s
2026-06-21 21:53:04 - INFO - H25965 14398                      11.0406388    9.02668  18.2%   306   96s
2026-06-21 21:53:09 - INFO -  28277 15973    9.71035   47  136   11.04064    9.15382  17.1%   305  100s
2026-06-21 21:53:14 - INFO -  31705 17349   10.91196   37  143   11.04064    9.28738  15.9%   298  105s
2026-06-21 21:53:18 - INFO -  36373 19984     cutoff   39        11.04064    9.37409  15.1%   280  110s
2026-06-21 21:53:23 - INFO -  42864 22093    9.50488   47   84   11.04064    9.46064  14.3%   256  115s
2026-06-21 21:53:25 - INFO - H42998 20203                      10.7130282    9.48431  11.5%   256  117s
2026-06-21 21:53:27 - INFO - H43055 19829                      10.6411940    9.48530  10.9%   256  119s
2026-06-21 21:53:27 - INFO - H43071 18565                      10.4648548    9.48571  9.36%   256  119s
2026-06-21 21:53:27 - INFO - H43378 18541                      10.4644570    9.48927  9.32%   255  119s
2026-06-21 21:53:29 - INFO -  43539 18607    9.55833   56   86   10.46446    9.49086  9.30%   255  120s
2026-06-21 21:53:29 - INFO - H43547 18392                      10.4329408    9.49267  9.01%   255  120s
2026-06-21 21:53:29 - INFO - H43685 18297                      10.4224800    9.49469  8.90%   254  120s
2026-06-21 21:53:29 - INFO - H43768 18003                      10.3889694    9.49509  8.60%   254  120s
2026-06-21 21:53:30 - INFO - H44419 17114                      10.2816868    9.49929  7.61%   252  122s
2026-06-21 21:53:30 - INFO - H44826 16939                      10.2664849    9.49997  7.47%   251  122s
2026-06-21 21:53:33 - INFO -  48537 16486   10.05127   60   39   10.26648    9.58636  6.62%   243  125s
2026-06-21 21:53:33 - INFO - H49700 15947                      10.2266083    9.59486  6.18%   241  125s
2026-06-21 21:53:39 - INFO -  55803 16217     cutoff   41        10.22661    9.73642  4.79%   228  131s
2026-06-21 21:53:43 - INFO -  64415 18365    9.88333   40  145   10.22661    9.83660  3.81%   208  135s
2026-06-21 21:53:48 - INFO -  69441 21109    9.92717   42  106   10.22661    9.85041  3.68%   197  140s
2026-06-21 21:53:54 - INFO -  79021 24163    9.98272   40  112   10.22661    9.90498  3.14%   180  146s
2026-06-21 21:54:00 - INFO -  90630 26993     cutoff   60        10.22661    9.95252  2.68%   163  152s
2026-06-21 21:54:04 - INFO -  97627 27250     cutoff   64        10.22661    9.98175  2.39%   154  155s
2026-06-21 21:54:05 - INFO - H101458 27322                      10.2266083    9.99674  2.25%   150  157s
2026-06-21 21:54:05 - INFO - H101464 27322                      10.2266082    9.99682  2.25%   150  157s
2026-06-21 21:54:09 - INFO -  104463 27766 infeasible   63        10.22661    9.99884  2.23%   147  161s
2026-06-21 21:54:14 - INFO -  115854 27821     cutoff   55        10.22661   10.03312  1.89%   136  166s
2026-06-21 21:54:14 - INFO - H116440 27821                      10.2266081   10.03410  1.88%   136  166s
2026-06-21 21:54:18 - INFO -  119682 27213   10.06084   70    9   10.22661   10.04820  1.74%   133  170s
2026-06-21 21:54:23 - INFO -  131619 26574 infeasible   57        10.22661   10.07544  1.48%   124  175s
2026-06-21 21:54:28 - INFO -  134064 25943   10.09677   64   29   10.22661   10.08022  1.43%   122  180s
2026-06-21 21:54:34 - INFO -  140424 25098   10.13335   67   14   10.22661   10.09956  1.24%   118  186s
2026-06-21 21:54:38 - INFO -  143336 23357   10.22510   56   24   10.22661   10.10127  1.23%   116  190s
2026-06-21 21:54:44 - INFO -  149444 22720     cutoff   60        10.22661   10.11549  1.09%   112  196s
2026-06-21 21:54:48 - INFO -  152387 20573   10.12350   77   12   10.22661   10.12113  1.03%   111  200s
2026-06-21 21:54:54 - INFO -  159381 19133   10.19030   54   21   10.22661   10.14771  0.77%   107  206s
2026-06-21 21:54:58 - INFO -  161756 17890 infeasible   62        10.22661   10.15019  0.75%   106  210s
2026-06-21 21:55:04 - INFO -  167490 15926     cutoff   67        10.22661   10.15829  0.67%   103  216s
2026-06-21 21:55:09 - INFO -  177780 10790 infeasible   47        10.22661   10.18969  0.36%  97.7  220s
2026-06-21 21:55:14 - INFO -  184514  8628     cutoff   65        10.22661   10.20340  0.23%  94.7  226s
2026-06-21 21:55:18 - INFO -  186818  7049   10.20649   74    9   10.22661   10.20411  0.22%  93.7  230s
2026-06-21 21:55:23 - INFO -  190015  4536     cutoff   73        10.22661   10.21288  0.13%  92.3  235s
2026-06-21 21:55:28 - INFO -  192694  3026 infeasible   69        10.22661   10.21679  0.10%  91.2  240s
2026-06-21 21:55:33 - INFO -  195835   494     cutoff   66        10.22661   10.22516  0.01%  89.9  245s
2026-06-21 21:55:39 - INFO -  196382   134   10.22629   59   18   10.22661   10.22629  0.00%  89.7  250s
2026-06-21 21:55:41 - INFO - 
2026-06-21 21:55:41 - INFO - Cutting planes:
2026-06-21 21:55:41 - INFO -   Learned: 370
2026-06-21 21:55:41 - INFO -   Gomory: 387
2026-06-21 21:55:41 - INFO -   Lift-and-project: 551
2026-06-21 21:55:41 - INFO -   Cover: 529
2026-06-21 21:55:41 - INFO -   Implied bound: 12
2026-06-21 21:55:41 - INFO -   Clique: 1
2026-06-21 21:55:41 - INFO -   MIR: 852
2026-06-21 21:55:41 - INFO -   Mixing: 29
2026-06-21 21:55:41 - INFO -   StrongCG: 3
2026-06-21 21:55:41 - INFO -   Flow cover: 3664
2026-06-21 21:55:41 - INFO -   Inf proof: 1139
2026-06-21 21:55:41 - INFO -   Zero half: 356
2026-06-21 21:55:41 - INFO -   RLT: 36
2026-06-21 21:55:41 - INFO -   Relax-and-lift: 257
2026-06-21 21:55:41 - INFO - 
2026-06-21 21:55:41 - INFO - Explored 196545 nodes (17629940 simplex iterations) in 253.83 seconds (397.75 work units)
2026-06-21 21:55:41 - INFO - Thread count was 28 (of 28 available processors)
2026-06-21 21:55:41 - INFO - 
2026-06-21 21:55:41 - INFO - Solution count 10: 10.2266 10.2266 10.2266 ... 10.4329
2026-06-21 21:55:41 - INFO - 
2026-06-21 21:55:41 - INFO - Optimal solution found (tolerance 0.00e+00)
2026-06-21 21:55:41 - INFO - Best objective 1.022660833233e+01, best bound 1.022660833233e+01, gap 0.0000%
2026-06-21 21:55:42 - DEBUG - Loaded backend Agg version v2.2.
2026-06-21 21:55:42 - DEBUG - findfont: Matching sans\-serif:style=normal:variant=normal:weight=normal:stretch=normal:size=10.0.
2026-06-21 21:55:42 - DEBUG - findfont: score(FontEntry(fname='/root/anaconda3/lib/python3.12/site-packages/matplotlib/mpl-data/fonts/ttf/STIXSizTwoSymReg.ttf', name='STIXSizeTwoSym', style='normal', variant='normal', weight=400, stretch='normal', size='scalable')) = 10.05
2026-06-21 21:55:42 - DEBUG - findfont: score(FontEntry(fname='/root/anaconda3/lib/python3.12/site-packages/matplotlib/mpl-data/fonts/ttf/cmex10.ttf', name='cmex10', style='normal', variant='normal', weight=400, stretch='normal', size='scalable')) = 10.05
2026-06-21 21:55:42 - DEBUG - findfont: score(FontEntry(fname='/root/anaconda3/lib/python3.12/site-packages/matplotlib/mpl-data/fonts/ttf/STIXSizThreeSymBol.ttf', name='STIXSizeThreeSym', style='normal', variant='normal', weight=700, stretch='normal', size='scalable')) = 10.335
2026-06-21 21:55:42 - DEBUG - findfont: score(FontEntry(fname='/root/anaconda3/lib/python3.12/site-packages/matplotlib/mpl-data/fonts/ttf/STIXSizOneSymBol.ttf', name='STIXSizeOneSym', style='normal', variant='normal', weight=700, stretch='normal', size='scalable')) = 10.335
2026-06-21 21:55:42 - DEBUG - findfont: score(FontEntry(fname='/root/anaconda3/lib/python3.12/site-packages/matplotlib/mpl-data/fonts/ttf/DejaVuSansMono-Bold.ttf', name='DejaVu Sans Mono', style='normal', variant='normal', weight=700, stretch='normal', size='scalable')) = 10.335
2026-06-21 21:55:42 - DEBUG - findfont: score(FontEntry(fname='/root/anaconda3/lib/python3.12/site-packages/matplotlib/mpl-data/fonts/ttf/cmss10.ttf', name='cmss10', style='normal', variant='normal', weight=400, stretch='normal', size='scalable')) = 10.05
2026-06-21 21:55:42 - DEBUG - findfont: score(FontEntry(fname='/root/anaconda3/lib/python3.12/site-packages/matplotlib/mpl-data/fonts/ttf/DejaVuSerif-Italic.ttf', name='DejaVu Serif', style='italic', variant='normal', weight=400, stretch='normal', size='scalable')) = 11.05
2026-06-21 21:55:42 - DEBUG - findfont: score(FontEntry(fname='/root/anaconda3/lib/python3.12/site-packages/matplotlib/mpl-data/fonts/ttf/cmb10.ttf', name='cmb10', style='normal', variant='normal', weight=400, stretch='normal', size='scalable')) = 10.05
2026-06-21 21:55:42 - DEBUG - findfont: score(FontEntry(fname='/root/anaconda3/lib/python3.12/site-packages/matplotlib/mpl-data/fonts/ttf/STIXSizTwoSymBol.ttf', name='STIXSizeTwoSym', style='normal', variant='normal', weight=700, stretch='normal', size='scalable')) = 10.335
2026-06-21 21:55:42 - DEBUG - findfont: score(FontEntry(fname='/root/anaconda3/lib/python3.12/site-packages/matplotlib/mpl-data/fonts/ttf/DejaVuSans.ttf', name='DejaVu Sans', style='normal', variant='normal', weight=400, stretch='normal', size='scalable')) = 0.05
2026-06-21 21:55:42 - DEBUG - findfont: score(FontEntry(fname='/root/anaconda3/lib/python3.12/site-packages/matplotlib/mpl-data/fonts/ttf/STIXGeneralItalic.ttf', name='STIXGeneral', style='italic', variant='normal', weight=400, stretch='normal', size='scalable')) = 11.05
2026-06-21 21:55:42 - DEBUG - findfont: score(FontEntry(fname='/root/anaconda3/lib/python3.12/site-packages/matplotlib/mpl-data/fonts/ttf/DejaVuSerif-Bold.ttf', name='DejaVu Serif', style='normal', variant='normal', weight=700, stretch='normal', size='scalable')) = 10.335
2026-06-21 21:55:42 - DEBUG - findfont: score(FontEntry(fname='/root/anaconda3/lib/python3.12/site-packages/matplotlib/mpl-data/fonts/ttf/STIXNonUni.ttf', name='STIXNonUnicode', style='normal', variant='normal', weight=400, stretch='normal', size='scalable')) = 10.05
2026-06-21 21:55:42 - DEBUG - findfont: score(FontEntry(fname='/root/anaconda3/lib/python3.12/site-packages/matplotlib/mpl-data/fonts/ttf/DejaVuSansDisplay.ttf', name='DejaVu Sans Display', style='normal', variant='normal', weight=400, stretch='normal', size='scalable')) = 10.05
2026-06-21 21:55:42 - DEBUG - findfont: score(FontEntry(fname='/root/anaconda3/lib/python3.12/site-packages/matplotlib/mpl-data/fonts/ttf/STIXSizThreeSymReg.ttf', name='STIXSizeThreeSym', style='normal', variant='normal', weight=400, stretch='normal', size='scalable')) = 10.05
2026-06-21 21:55:42 - DEBUG - findfont: score(FontEntry(fname='/root/anaconda3/lib/python3.12/site-packages/matplotlib/mpl-data/fonts/ttf/STIXSizFiveSymReg.ttf', name='STIXSizeFiveSym', style='normal', variant='normal', weight=400, stretch='normal', size='scalable')) = 10.05
2026-06-21 21:55:42 - DEBUG - findfont: score(FontEntry(fname='/root/anaconda3/lib/python3.12/site-packages/matplotlib/mpl-data/fonts/ttf/STIXNonUniIta.ttf', name='STIXNonUnicode', style='italic', variant='normal', weight=400, stretch='normal', size='scalable')) = 11.05
2026-06-21 21:55:42 - DEBUG - findfont: score(FontEntry(fname='/root/anaconda3/lib/python3.12/site-packages/matplotlib/mpl-data/fonts/ttf/cmsy10.ttf', name='cmsy10', style='normal', variant='normal', weight=400, stretch='normal', size='scalable')) = 10.05
2026-06-21 21:55:42 - DEBUG - findfont: score(FontEntry(fname='/root/anaconda3/lib/python3.12/site-packages/matplotlib/mpl-data/fonts/ttf/cmr10.ttf', name='cmr10', style='normal', variant='normal', weight=400, stretch='normal', size='scalable')) = 10.05
2026-06-21 21:55:42 - DEBUG - findfont: score(FontEntry(fname='/root/anaconda3/lib/python3.12/site-packages/matplotlib/mpl-data/fonts/ttf/STIXGeneral.ttf', name='STIXGeneral', style='normal', variant='normal', weight=400, stretch='normal', size='scalable')) = 10.05
2026-06-21 21:55:42 - DEBUG - findfont: score(FontEntry(fname='/root/anaconda3/lib/python3.12/site-packages/matplotlib/mpl-data/fonts/ttf/STIXNonUniBol.ttf', name='STIXNonUnicode', style='normal', variant='normal', weight=700, stretch='normal', size='scalable')) = 10.335
2026-06-21 21:55:42 - DEBUG - findfont: score(FontEntry(fname='/root/anaconda3/lib/python3.12/site-packages/matplotlib/mpl-data/fonts/ttf/STIXSizFourSymBol.ttf', name='STIXSizeFourSym', style='normal', variant='normal', weight=700, stretch='normal', size='scalable')) = 10.335
2026-06-21 21:55:42 - DEBUG - findfont: score(FontEntry(fname='/root/anaconda3/lib/python3.12/site-packages/matplotlib/mpl-data/fonts/ttf/STIXSizOneSymReg.ttf', name='STIXSizeOneSym', style='normal', variant='normal', weight=400, stretch='normal', size='scalable')) = 10.05
2026-06-21 21:55:42 - DEBUG - findfont: score(FontEntry(fname='/root/anaconda3/lib/python3.12/site-packages/matplotlib/mpl-data/fonts/ttf/STIXGeneralBolIta.ttf', name='STIXGeneral', style='italic', variant='normal', weight=700, stretch='normal', size='scalable')) = 11.335
2026-06-21 21:55:42 - DEBUG - findfont: score(FontEntry(fname='/root/anaconda3/lib/python3.12/site-packages/matplotlib/mpl-data/fonts/ttf/DejaVuSerifDisplay.ttf', name='DejaVu Serif Display', style='normal', variant='normal', weight=400, stretch='normal', size='scalable')) = 10.05
2026-06-21 21:55:42 - DEBUG - findfont: score(FontEntry(fname='/root/anaconda3/lib/python3.12/site-packages/matplotlib/mpl-data/fonts/ttf/DejaVuSans-Bold.ttf', name='DejaVu Sans', style='normal', variant='normal', weight=700, stretch='normal', size='scalable')) = 0.33499999999999996
2026-06-21 21:55:42 - DEBUG - findfont: score(FontEntry(fname='/root/anaconda3/lib/python3.12/site-packages/matplotlib/mpl-data/fonts/ttf/cmmi10.ttf', name='cmmi10', style='normal', variant='normal', weight=400, stretch='normal', size='scalable')) = 10.05
2026-06-21 21:55:42 - DEBUG - findfont: score(FontEntry(fname='/root/anaconda3/lib/python3.12/site-packages/matplotlib/mpl-data/fonts/ttf/cmtt10.ttf', name='cmtt10', style='normal', variant='normal', weight=400, stretch='normal', size='scalable')) = 10.05
2026-06-21 21:55:42 - DEBUG - findfont: score(FontEntry(fname='/root/anaconda3/lib/python3.12/site-packages/matplotlib/mpl-data/fonts/ttf/DejaVuSerif-BoldItalic.ttf', name='DejaVu Serif', style='italic', variant='normal', weight=700, stretch='normal', size='scalable')) = 11.335
2026-06-21 21:55:42 - DEBUG - findfont: score(FontEntry(fname='/root/anaconda3/lib/python3.12/site-packages/matplotlib/mpl-[EMIB] Layout figure saved: /root/placement/MPDAP/output_gurobi_EMIB_chiplet_5_6_01_01/fig/hp11_m_core/solution_1_layout_gurobi.png
  ✓ EMIB: 1 solution(s)
-21 21:55:42 - DEBUG - findfont: score(FontEntry(fname='/root/anaconda3/lib/python3.12/site-packages/matplotlib/mpl-data/fonts/ttf/DejaVuSansMono-BoldOblique.ttf', name='DejaVu Sans Mono', style='oblique', variant='normal', weight=700, stretch='normal', size='scalable')) = 11.335
2026-06-21 21:55:42 - DEBUG - findfont: score(FontEntry(fname='/root/anaconda3/lib/python3.12/site-packages/matplotlib/mpl-data/fonts/ttf/STIXGeneralBol.ttf', name='STIXGeneral', style='normal', variant='normal', weight=700, stretch='normal', size='scalable')) = 10.335
2026-06-21 21:55:42 - DEBUG - findfont: score(FontEntry(fname='/root/anaconda3/lib/python3.12/site-packages/matplotlib/mpl-data/fonts/ttf/DejaVuSerif.ttf', name='DejaVu Serif', style='normal', variant='normal', weight=400, stretch='normal', size='scalable')) = 10.05
2026-06-21 21:55:42 - DEBUG - findfont: score(FontEntry(fname='/root/anaconda3/lib/python3.12/site-packages/matplotlib/mpl-data/fonts/ttf/DejaVuSans-Oblique.ttf', name='DejaVu Sans', style='oblique', variant='normal', weight=400, stretch='normal', size='scalable')) = 1.05
2026-06-21 21:55:42 - DEBUG - findfont: score(FontEntry(fname='/root/anaconda3/lib/python3.12/site-packages/matplotlib/mpl-data/fonts/ttf/DejaVuSans-BoldOblique.ttf', name='DejaVu Sans', style='oblique', variant='normal', weight=700, stretch='normal', size='scalable')) = 1.335
2026-06-21 21:55:42 - DEBUG - findfont: score(FontEntry(fname='/root/anaconda3/lib/python3.12/site-packages/matplotlib/mpl-data/fonts/ttf/DejaVuSansMono-Oblique.ttf', name='DejaVu Sans Mono', style='oblique', variant='normal', weight=400, stretch='normal', size='scalable')) = 11.05
2026-06-21 21:55:42 - DEBUG - findfont: score(FontEntry(fname='/root/anaconda3/lib/python3.12/site-packages/matplotlib/mpl-data/fonts/ttf/STIXNonUniBolIta.ttf', name='STIXNonUnicode', style='italic', variant='normal', weight=700, stretch='normal', size='scalable')) = 11.335
2026-06-21 21:55:42 - DEBUG - findfont: score(FontEntry(fname='/root/anaconda3/lib/python3.12/site-packages/matplotlib/mpl-data/fonts/ttf/STIXSizFourSymReg.ttf', name='STIXSizeFourSym', style='normal', variant='normal', weight=400, stretch='normal', size='scalable')) = 10.05
2026-06-21 21:55:42 - DEBUG - findfont: score(FontEntry(fname='/usr/share/fonts/truetype/dejavu/DejaVuSans-Bold.ttf', name='DejaVu Sans', style='normal', variant='normal', weight=700, stretch='normal', size='scalable')) = 0.33499999999999996
2026-06-21 21:55:42 - DEBUG - findfont: score(FontEntry(fname='/usr/share/fonts/truetype/dejavu/DejaVuSansMono-Bold.ttf', name='DejaVu Sans Mono', style='normal', variant='normal', weight=700, stretch='normal', size='scalable')) = 10.335
2026-06-21 21:55:42 - DEBUG - findfont: score(FontEntry(fname='/usr/share/fonts/truetype/dejavu/DejaVuSerif.ttf', name='DejaVu Serif', style='normal', variant='normal', weight=400, stretch='normal', size='scalable')) = 10.05
2026-06-21 21:55:42 - DEBUG - findfont: score(FontEntry(fname='/usr/share/fonts/truetype/dejavu/DejaVuSans.ttf', name='DejaVu Sans', style='normal', variant='normal', weight=400, stretch='normal', size='scalable')) = 0.05
2026-06-21 21:55:42 - DEBUG - findfont: score(FontEntry(fname='/usr/share/fonts/truetype/dejavu/DejaVuSansMono.ttf', name='DejaVu Sans Mono', style='normal', variant='normal', weight=400, stretch='normal', size='scalable')) = 10.05
2026-06-21 21:55:42 - DEBUG - findfont: score(FontEntry(fname='/usr/share/fonts/truetype/dejavu/DejaVuSerif-Bold.ttf', name='DejaVu Serif', style='normal', variant='normal', weight=700, stretch='normal', size='scalable')) = 10.335
2026-06-21 21:55:42 - DEBUG - findfont: Matching sans\-serif:style=normal:variant=normal:weight=normal:stretch=normal:size=10.0 to DejaVu Sans ('/root/anaconda3/lib/python3.12/site-packages/matplotlib/mpl-data/fonts/ttf/DejaVuSans.ttf') with score of 0.050000.
2026-06-21 21:55:43 - DEBUG - findfont: Matching sans\-serif:style=normal:variant=normal:weight=normal:stretch=normal:size=12.0.
2026-06-21 21:55:43 - DEBUG - findfont: score(FontEntry(fname='/root/anaconda3/lib/python3.12/site-packages/matplotlib/mpl-data/fonts/ttf/STIXSizTwoSymReg.ttf', name='STIXSizeTwoSym', style='normal', variant='normal', weight=400, stretch='normal', size='scalable')) = 10.05
2026-06-21 21:55:43 - DEBUG - findfont: score(FontEntry(fname='/root/anaconda3/lib/python3.12/site-packages/matplotlib/mpl-data/fonts/ttf/cmex10.ttf', name='cmex10', style='normal', variant='normal', weight=400, stretch='normal', size='scalable')) = 10.05
2026-06-21 21:55:43 - DEBUG - findfont: score(FontEntry(fname='/root/anaconda3/lib/python3.12/site-packages/matplotlib/mpl-data/fonts/ttf/STIXSizThreeSymBol.ttf', name='STIXSizeThreeSym', style='normal', variant='normal', weight=700, stretch='normal', size='scalable')) = 10.335
2026-06-21 21:55:43 - DEBUG - findfont: score(FontEntry(fname='/root/anaconda3/lib/python3.12/site-packages/matplotlib/mpl-data/fonts/ttf/STIXSizOneSymBol.ttf', name='STIXSizeOneSym', style='normal', variant='normal', weight=700, stretch='normal', size='scalable')) = 10.335
2026-06-21 21:55:43 - DEBUG - findfont: score(FontEntry(fname='/root/anaconda3/lib/python3.12/site-packages/matplotlib/mpl-data/fonts/ttf/DejaVuSansMono-Bold.ttf', name='DejaVu Sans Mono', style='normal', variant='normal', weight=700, stretch='normal', size='scalable')) = 10.335
2026-06-21 21:55:43 - DEBUG - findfont: score(FontEntry(fname='/root/anaconda3/lib/python3.12/site-packages/matplotlib/mpl-data/fonts/ttf/cmss10.ttf', name='cmss10', style='normal', variant='normal', weight=400, stretch='normal', size='scalable')) = 10.05
2026-06-21 21:55:43 - DEBUG - findfont: score(FontEntry(fname='/root/anaconda3/lib/python3.12/site-packages/matplotlib/mpl-data/fonts/ttf/DejaVuSerif-Italic.ttf', name='DejaVu Serif', style='italic', variant='normal', weight=400, stretch='normal', size='scalable')) = 11.05
2026-06-21 21:55:43 - DEBUG - findfont: score(FontEntry(fname='/root/anaconda3/lib/python3.12/site-packages/matplotlib/mpl-data/fonts/ttf/cmb10.ttf', name='cmb10', style='normal', variant='normal', weight=400, stretch='normal', size='scalable')) = 10.05
2026-06-21 21:55:43 - DEBUG - findfont: score(FontEntry(fname='/root/anaconda3/lib/python3.12/site-packages/matplotlib/mpl-data/fonts/ttf/STIXSizTwoSymBol.ttf', name='STIXSizeTwoSym', style='normal', variant='normal', weight=700, stretch='normal', size='scalable')) = 10.335
2026-06-21 21:55:43 - DEBUG - findfont: score(FontEntry(fname='/root/anaconda3/lib/python3.12/site-packages/matplotlib/mpl-data/fonts/ttf/DejaVuSans.ttf', name='DejaVu Sans', style='normal', variant='normal', weight=400, stretch='normal', size='scalable')) = 0.05
2026-06-21 21:55:43 - DEBUG - findfont: score(FontEntry(fname='/root/anaconda3/lib/python3.12/site-packages/matplotlib/mpl-data/fonts/ttf/STIXGeneralItalic.ttf', name='STIXGeneral', style='italic', variant='normal', weight=400, stretch='normal', size='scalable')) = 11.05
2026-06-21 21:55:43 - DEBUG - findfont: score(FontEntry(fname='/root/anaconda3/lib/python3.12/site-packages/matplotlib/mpl-data/fonts/ttf/DejaVuSerif-Bold.ttf', name='DejaVu Serif', style='normal', variant='normal', weight=700, stretch='normal', size='scalable')) = 10.335
2026-06-21 21:55:43 - DEBUG - findfont: score(FontEntry(fname='/root/anaconda3/lib/python3.12/site-packages/matplotlib/mpl-data/fonts/ttf/STIXNonUni.ttf', name='STIXNonUnicode', style='normal', variant='normal', weight=400, stretch='normal', size='scalable')) = 10.05
2026-06-21 21:55:43 - DEBUG - findfont: score(FontEntry(fname='/root/anaconda3/lib/python3.12/site-packages/matplotlib/mpl-data/fonts/ttf/DejaVuSansDisplay.ttf', name='DejaVu Sans Display', style='normal', variant='normal', weight=400, stretch='normal', size='scalable')) = 10.05
2026-06-21 21:55:43 - DEBUG - findfont: score(FontEntry(fname='/root/anaconda3/lib/python3.12/site-packages/matplotlib/mpl-data/fonts/ttf/STIXSizThreeSymReg.ttf', name='STIXSizeThreeSym', style='normal', variant='normal', weight=400, stretch='normal', size='scalable')) = 10.05
2026-06-21 21:55:43 - DEBUG - findfont: score(FontEntry(fname='/root/anaconda3/lib/python3.12/site-packages/matplotlib/mpl-data/fonts/ttf/STIXSizFiveSymReg.ttf', name='STIXSizeFiveSym', style='normal', variant='normal', weight=400, stretch='normal', size='scalable')) = 10.05
2026-06-21 21:55:43 - DEBUG - findfont: score(FontEntry(fname='/root/anaconda3/lib/python3.12/site-packages/matplotlib/mpl-data/fonts/ttf/STIXNonUniIta.ttf', name='STIXNonUnicode', style='italic', variant='normal', weight=400, stretch='normal', size='scalable')) = 11.05
2026-06-21 21:55:43 - DEBUG - findfont: score(FontEntry(fname='/root/anaconda3/lib/python3.12/site-packages/matplotlib/mpl-data/fonts/ttf/cmsy10.ttf', name='cmsy10', style='normal', variant='normal', weight=400, stretch='normal', size='scalable')) = 10.05
2026-06-21 21:55:43 - DEBUG - findfont: score(FontEntry(fname='/root/anaconda3/lib/python3.12/site-packages/matplotlib/mpl-data/fonts/ttf/cmr10.ttf', name='cmr10', style='normal', variant='normal', weight=400, stretch='normal', size='scalable')) = 10.05
2026-06-21 21:55:43 - DEBUG - findfont: score(FontEntry(fname='/root/anaconda3/lib/python3.12/site-packages/matplotlib/mpl-data/fonts/ttf/STIXGeneral.ttf', name='STIXGeneral', style='normal', variant='normal', weight=400, stretch='normal', size='scalable')) = 10.05
2026-06-21 21:55:43 - DEBUG - findfont: score(FontEntry(fname='/root/anaconda3/lib/python3.12/site-packages/matplotlib/mpl-data/fonts/ttf/STIXNonUniBol.ttf', name='STIXNonUnicode', style='normal', variant='normal', weight=700, stretch='normal', size='scalable')) = 10.335
2026-06-21 21:55:43 - DEBUG - findfont: score(FontEntry(fname='/root/anaconda3/lib/python3.12/site-packages/matplotlib/mpl-data/fonts/ttf/STIXSizFourSymBol.ttf', name='STIXSizeFourSym', style='normal', variant='normal', weight=700, stretch='normal', size='scalable')) = 10.335
2026-06-21 21:55:43 - DEBUG - findfont: score(FontEntry(fname='/root/anaconda3/lib/python3.12/site-packages/matplotlib/mpl-data/fonts/ttf/STIXSizOneSymReg.ttf', name='STIXSizeOneSym', style='normal', variant='normal', weight=400, stretch='normal', size='scalable')) = 10.05
2026-06-21 21:55:43 - DEBUG - findfont: score(FontEntry(fname='/root/anaconda3/lib/python3.12/site-packages/matplotlib/mpl-data/fonts/ttf/STIXGeneralBolIta.ttf', name='STIXGeneral', style='italic', variant='normal', weight=700, stretch='normal', size='scalable')) = 11.335
2026-06-21 21:55:43 - DEBUG - findfont: score(FontEntry(fname='/root/anaconda3/lib/python3.12/site-packages/matplotlib/mpl-data/fonts/ttf/DejaVuSerifDisplay.ttf', name='DejaVu Serif Display', style='normal', variant='normal', weight=400, stretch='normal', size='scalable')) = 10.05
2026-06-21 21:55:43 - DEBUG - findfont: score(FontEntry(fname='/root/anaconda3/lib/python3.12/site-packages/matplotlib/mpl-data/fonts/ttf/DejaVuSans-Bold.ttf', name='DejaVu Sans', style='normal', variant='normal', weight=700, stretch='normal', size='scalable')) = 0.33499999999999996
2026-06-21 21:55:43 - DEBUG - findfont: score(FontEntry(fname='/root/anaconda3/lib/python3.12/site-packages/matplotlib/mpl-data/fonts/ttf/cmmi10.ttf', name='cmmi10', style='normal', variant='normal', weight=400, stretch='normal', size='scalable')) = 10.05
2026-06-21 21:55:43 - DEBUG - findfont: score(FontEntry(fname='/root/anaconda3/lib/python3.12/site-packages/matplotlib/mpl-data/fonts/ttf/cmtt10.ttf', name='cmtt10', style='normal', variant='normal', weight=400, stretch='normal', size='scalable')) = 10.05
2026-06-21 21:55:43 - DEBUG - findfont: score(FontEntry(fname='/root/anaconda3/lib/python3.12/site-packages/matplotlib/mpl-data/fonts/ttf/DejaVuSerif-BoldItalic.ttf', name='DejaVu Serif', style='italic', variant='normal', weight=700, stretch='normal', size='scalable')) = 11.335
2026-06-21 21:55:43 - DEBUG - findfont: score(FontEntry(fname='/root/anaconda3/lib/python3.12/site-packages/matplotlib/mpl-data/fonts/ttf/DejaVuSansMono.ttf', name='DejaVu Sans Mono', style='normal', variant='normal', weight=400, stretch='normal', size='scalable')) = 10.05
2026-06-21 21:55:43 - DEBUG - findfont: score(FontEntry(fname='/root/anaconda3/lib/python3.12/site-packages/matplotlib/mpl-data/fonts/ttf/DejaVuSansMono-BoldOblique.ttf', name='DejaVu Sans Mono', style='oblique', variant='normal', weight=700, stretch='normal', size='scalable')) = 11.335
2026-06-21 21:55:43 - DEBUG - findfont: score(FontEntry(fname='/root/anaconda3/lib/python3.12/site-packages/matplotlib/mpl-data/fonts/ttf/STIXGeneralBol.ttf', name='STIXGeneral', style='normal', variant='normal', weight=700, stretch='normal', size='scalable')) = 10.335
2026-06-21 21:55:43 - DEBUG - findfont: score(FontEntry(fname='/root/anaconda3/lib/python3.12/site-packages/matplotlib/mpl-data/fonts/ttf/DejaVuSerif.ttf', name='DejaVu Serif', style='normal', variant='normal', weight=400, stretch='normal', size='scalable')) = 10.05
2026-06-21 21:55:43 - DEBUG - findfont: score(FontEntry(fname='/root/anaconda3/lib/python3.12/site-packages/matplotlib/mpl-data/fonts/ttf/DejaVuSans-Oblique.ttf', name='DejaVu Sans', style='oblique', variant='normal', weight=400, stretch='normal', size='scalable')) = 1.05
2026-06-21 21:55:43 - DEBUG - findfont: score(FontEntry(fname='/root/anaconda3/lib/python3.12/site-packages/matplotlib/mpl-data/fonts/ttf/DejaVuSans-BoldOblique.ttf', name='DejaVu Sans', style='oblique', variant='normal', weight=700, stretch='normal', size='scalable')) = 1.335
2026-06-21 21:55:43 - DEBUG - findfont: score(FontEntry(fname='/root/anaconda3/lib/python3.12/site-packages/matplotlib/mpl-data/fonts/ttf/DejaVuSansMono-Oblique.ttf', name='DejaVu Sans Mono', style='oblique', variant='normal', weight=400, stretch='normal', size='scalable')) = 11.05
2026-06-21 21:55:43 - DEBUG - findfont: score(FontEntry(fname='/root/anaconda3/lib/python3.12/site-packages/matplotlib/mpl-data/fonts/ttf/STIXNonUniBolIta.ttf', name='STIXNonUnicode', style='italic', variant='normal', weight=700, stretch='normal', size='scalable')) = 11.335
2026-06-21 21:55:43 - DEBUG - findfont: score(FontEntry(fname='/root/anaconda3/lib/python3.12/site-packages/matplotlib/mpl-data/fonts/ttf/STIXSizFourSymReg.ttf', name='STIXSizeFourSym', style='normal', variant='normal', weight=400, stretch='normal', size='scalable')) = 10.05
2026-06-21 21:55:43 - DEBUG - findfont: score(FontEntry(fname='/usr/share/fonts/truetype/dejavu/DejaVuSans-Bold.ttf', name='DejaVu Sans', style='normal', variant='normal', weight=700, stretch='normal', size='scalable')) = 0.33499999999999996
2026-06-21 21:55:43 - DEBUG - findfont: score(FontEntry(fname='/usr/share/fonts/truetype/dejavu/DejaVuSansMono-Bold.ttf', name='DejaVu Sans Mono', style='normal', variant='normal', weight=700, stretch='normal', size='scalable')) = 10.335
2026-06-21 21:55:43 - DEBUG - findfont: score(FontEntry(fname='/usr/share/fonts/truetype/dejavu/DejaVuSerif.ttf', name='DejaVu Serif', style='normal', variant='normal', weight=400, stretch='normal', size='scalable')) = 10.05
2026-06-21 21:55:43 - DEBUG - findfont: score(FontEntry(fname='/usr/share/fonts/truetype/dejavu/DejaVuSans.ttf', name='DejaVu Sans', style='normal', variant='normal', weight=400, stretch='normal', size='scalable')) = 0.05
2026-06-21 21:55:43 - DEBUG - findfont: score(FontEntry(fname='/usr/share/fonts/truetype/dejavu/DejaVuSansMono.ttf', name='DejaVu Sans Mono', style='normal', variant='normal', weight=400, stretch='normal', size='scalable')) = 10.05
2026-06-21 21:55:43 - DEBUG - findfont: score(FontEntry(fname='/usr/share/fonts/truetype/dejavu/DejaVuSerif-Bold.ttf', name='DejaVu Serif', style='normal', variant='normal', weight=700, stretch='normal', size='scalable')) = 10.335
2026-06-21 21:55:43 - DEBUG - findfont: Matching sans\-serif:style=normal:variant=normal:weight=normal:stretch=normal:size=12.0 to DejaVu Sans ('/root/anaconda3/lib/python3.12/site-packages/matplotlib/mpl-data/fonts/ttf/DejaVuSans.ttf') with score of 0.050000.
2026-06-21 21:55:43 - DEBUG - findfont: Matching sans\-serif:style=normal:variant=normal:weight=bold:stretch=normal:size=9.0.
2026-06-21 21:55:43 - DEBUG - findfont: score(FontEntry(fname='/root/anaconda3/lib/python3.12/site-packages/matplotlib/mpl-data/fonts/ttf/STIXSizTwoSymReg.ttf', name='STIXSizeTwoSym', style='normal', variant='normal', weight=400, stretch='normal', size='scalable')) = 10.335
2026-06-21 21:55:43 - DEBUG - findfont: score(FontEntry(fname='/root/anaconda3/lib/python3.12/site-packages/matplotlib/mpl-data/fonts/ttf/cmex10.ttf', name='cmex10', style='normal', variant='normal', weight=400, stretch='normal', size='scalable')) = 10.335
2026-06-21 21:55:43 - DEBUG - findfont: score(FontEntry(fname='/root/anaconda3/lib/python3.12/site-packages/matplotlib/mpl-data/fonts/ttf/STIXSizThreeSymBol.ttf', name='STIXSizeThreeSym', style='normal', variant='normal', weight=700, stretch='normal', size='scalable')) = 10.05
2026-06-21 21:55:43 - DEBUG - findfont: score(FontEntry(fname='/root/anaconda3/lib/python3.12/site-packages/matplotlib/mpl-data/fonts/ttf/STIXSizOneSymBol.ttf', name='STIXSizeOneSym', style='normal', variant='normal', weight=700, stretch='normal', size='scalable')) = 10.05
2026-06-21 21:55:43 - DEBUG - findfont: score(FontEntry(fname='/root/anaconda3/lib/python3.12/site-packages/matplotlib/mpl-data/fonts/ttf/DejaVuSansMono-Bold.ttf', name='DejaVu Sans Mono', style='normal', variant='normal', weight=700, stretch='normal', size='scalable')) = 10.05
2026-06-21 21:55:43 - DEBUG - findfont: score(FontEntry(fname='/root/anaconda3/lib/python3.12/site-packages/matplotlib/mpl-data/fonts/ttf/cmss10.ttf', name='cmss10', style='normal', variant='normal', weight=400, stretch='normal', size='scalable')) = 10.335
2026-06-21 21:55:43 - DEBUG - findfont: score(FontEntry(fname='/root/anaconda3/lib/python3.12/site-packages/matplotlib/mpl-data/fonts/ttf/DejaVuSerif-Italic.ttf', name='DejaVu Serif', style='italic', variant='normal', weight=400, stretch='normal', size='scalable')) = 11.335
2026-06-21 21:55:43 - DEBUG - findfont: score(FontEntry(fname='/root/anaconda3/lib/python3.12/site-packages/matplotlib/mpl-data/fonts/ttf/cmb10.ttf', name='cmb10', style='normal', variant='normal', weight=400, stretch='normal', size='scalable')) = 10.335
2026-06-21 21:55:43 - DEBUG - findfont: score(FontEntry(fname='/root/anaconda3/lib/python3.12/site-packages/matplotlib/mpl-data/fonts/ttf/STIXSizTwoSymBol.ttf', name='STIXSizeTwoSym', style='normal', variant='normal', weight=700, stretch='normal', size='scalable')) = 10.05
2026-06-21 21:55:43 - DEBUG - findfont: score(FontEntry(fname='/root/anaconda3/lib/python3.12/site-packages/matplotlib/mpl-data/fonts/ttf/DejaVuSans.ttf', name='DejaVu Sans', style='normal', variant='normal', weight=400, stretch='normal', size='scalable')) = 0.33499999999999996
2026-06-21 21:55:43 - DEBUG - findfont: score(FontEntry(fname='/root/anaconda3/lib/python3.12/site-packages/matplotlib/mpl-data/fonts/ttf/STIXGeneralItalic.ttf', name='STIXGeneral', style='italic', variant='normal', weight=400, stretch='normal', size='scalable')) = 11.335
2026-06-21 21:55:43 - DEBUG - findfont: score(FontEntry(fname='/root/anaconda3/lib/python3.12/site-packages/matplotlib/mpl-data/fonts/ttf/DejaVuSerif-Bold.ttf', name='DejaVu Serif', style='normal', variant='normal', weight=700, stretch='normal', size='scalable')) = 10.05
2026-06-21 21:55:43 - DEBUG - findfont: score(FontEntry(fname='/root/anaconda3/lib/python3.12/site-packages/matplotlib/mpl-data/fonts/ttf/STIXNonUni.ttf', name='STIXNonUnicode', style='normal', variant='normal', weight=400, stretch='normal', size='scalable')) = 10.335
2026-06-21 21:55:43 - DEBUG - findfont: score(FontEntry(fname='/root/anaconda3/lib/python3.12/site-packages/matplotlib/mpl-data/fonts/ttf/DejaVuSansDisplay.ttf', name='DejaVu Sans Display', style='normal', variant='normal', weight=400, stretch='normal', size='scalable')) = 10.335
2026-06-21 21:55:43 - DEBUG - findfont: score(FontEntry(fname='/root/anaconda3/lib/python3.12/site-packages/matplotlib/mpl-data/fonts/ttf/STIXSizThreeSymReg.ttf', name='STIXSizeThreeSym', style='normal', variant='normal', weight=400, stretch='normal', size='scalable')) = 10.335
2026-06-21 21:55:43 - DEBUG - findfont: score(FontEntry(fname='/root/anaconda3/lib/python3.12/site-packages/matplotlib/mpl-data/fonts/ttf/STIXSizFiveSymReg.ttf', name='STIXSizeFiveSym', style='normal', variant='normal', weight=400, stretch='normal', size='scalable')) = 10.335
2026-06-21 21:55:43 - DEBUG - findfont: score(FontEntry(fname='/root/anaconda3/lib/python3.12/site-packages/matplotlib/mpl-data/fonts/ttf/STIXNonUniIta.ttf', name='STIXNonUnicode', style='italic', variant='normal', weight=400, stretch='normal', size='scalable')) = 11.335
2026-06-21 21:55:43 - DEBUG - findfont: score(FontEntry(fname='/root/anaconda3/lib/python3.12/site-packages/matplotlib/mpl-data/fonts/ttf/cmsy10.ttf', name='cmsy10', style='normal', variant='normal', weight=400, stretch='normal', size='scalable')) = 10.335
2026-06-21 21:55:43 - DEBUG - findfont: score(FontEntry(fname='/root/anaconda3/lib/python3.12/site-packages/matplotlib/mpl-data/fonts/ttf/cmr10.ttf', name='cmr10', style='normal', variant='normal', weight=400, stretch='normal', size='scalable')) = 10.335
2026-06-21 21:55:43 - DEBUG - findfont: score(FontEntry(fname='/root/anaconda3/lib/python3.12/site-packages/matplotlib/mpl-data/fonts/ttf/STIXGeneral.ttf', name='STIXGeneral', style='normal', variant='normal', weight=400, stretch='normal', size='scalable')) = 10.335
2026-06-21 21:55:43 - DEBUG - findfont: score(FontEntry(fname='/root/anaconda3/lib/python3.12/site-packages/matplotlib/mpl-data/fonts/ttf/STIXNonUniBol.ttf', name='STIXNonUnicode', style='normal', variant='normal', weight=700, stretch='normal', size='scalable')) = 10.05
2026-06-21 21:55:43 - DEBUG - findfont: score(FontEntry(fname='/root/anaconda3/lib/python3.12/site-packages/matplotlib/mpl-data/fonts/ttf/STIXSizFourSymBol.ttf', name='STIXSizeFourSym', style='normal', variant='normal', weight=700, stretch='normal', size='scalable')) = 10.05
2026-06-21 21:55:43 - DEBUG - findfont: score(FontEntry(fname='/root/anaconda3/lib/python3.12/site-packages/matplotlib/mpl-data/fonts/ttf/STIXSizOneSymReg.ttf', name='STIXSizeOneSym', style='normal', variant='normal', weight=400, stretch='normal', size='scalable')) = 10.335
2026-06-21 21:55:43 - DEBUG - findfont: score(FontEntry(fname='/root/anaconda3/lib/python3.12/site-packages/matplotlib/mpl-data/fonts/ttf/STIXGeneralBolIta.ttf', name='STIXGeneral', style='italic', variant='normal', weight=700, stretch='normal', size='scalable')) = 11.05
2026-06-21 21:55:43 - DEBUG - findfont: score(FontEntry(fname='/root/anaconda3/lib/python3.12/site-packages/matplotlib/mpl-data/fonts/ttf/DejaVuSerifDisplay.ttf', name='DejaVu Serif Display', style='normal', variant='normal', weight=400, stretch='normal', size='scalable')) = 10.335
2026-06-21 21:55:43 - DEBUG - findfont: score(FontEntry(fname='/root/anaconda3/lib/python3.12/site-packages/matplotlib/mpl-data/fonts/ttf/DejaVuSans-Bold.ttf', name='DejaVu Sans', style='normal', variant='normal', weight=700, stretch='normal', size='scalable')) = 0.05
2026-06-21 21:55:43 - DEBUG - findfont: score(FontEntry(fname='/root/anaconda3/lib/python3.12/site-packages/matplotlib/mpl-data/fonts/ttf/cmmi10.ttf', name='cmmi10', style='normal', variant='normal', weight=400, stretch='normal', size='scalable')) = 10.335
2026-06-21 21:55:43 - DEBUG - findfont: score(FontEntry(fname='/root/anaconda3/lib/python3.12/site-packages/matplotlib/mpl-data/fonts/ttf/cmtt10.ttf', name='cmtt10', style='normal', variant='normal', weight=400, stretch='normal', size='scalable')) = 10.335
2026-06-21 21:55:43 - DEBUG - findfont: score(FontEntry(fname='/root/anaconda3/lib/python3.12/site-packages/matplotlib/mpl-data/fonts/ttf/DejaVuSerif-BoldItalic.ttf', name='DejaVu Serif', style='italic', variant='normal', weight=700, stretch='normal', size='scalable')) = 11.05
2026-06-21 21:55:43 - DEBUG - findfont: score(FontEntry(fname='/root/anaconda3/lib/python3.12/site-packages/matplotlib/mpl-data/fonts/ttf/DejaVuSansMono.ttf', name='DejaVu Sans Mono', style='normal', variant='normal', weight=400, stretch='normal', size='scalable')) = 10.335
2026-06-21 21:55:43 - DEBUG - findfont: score(FontEntry(fname='/root/anaconda3/lib/python3.12/site-packages/matplotlib/mpl-data/fonts/ttf/DejaVuSansMono-BoldOblique.ttf', name='DejaVu Sans Mono', style='oblique', variant='normal', weight=700, stretch='normal', size='scalable')) = 11.05
2026-06-21 21:55:43 - DEBUG - findfont: score(FontEntry(fname='/root/anaconda3/lib/python3.12/site-packages/matplotlib/mpl-data/fonts/ttf/STIXGeneralBol.ttf', name='STIXGeneral', style='normal', variant='normal', weight=700, stretch='normal', size='scalable')) = 10.05
2026-06-21 21:55:43 - DEBUG - findfont: score(FontEntry(fname='/root/anaconda3/lib/python3.12/site-packages/matplotlib/mpl-data/fonts/ttf/DejaVuSerif.ttf', name='DejaVu Serif', style='normal', variant='normal', weight=400, stretch='normal', size='scalable')) = 10.335
2026-06-21 21:55:43 - DEBUG - findfont: score(FontEntry(fname='/root/anaconda3/lib/python3.12/site-packages/matplotlib/mpl-data/fonts/ttf/DejaVuSans-Oblique.ttf', name='DejaVu Sans', style='oblique', variant='normal', weight=400, stretch='normal', size='scalable')) = 1.335
2026-06-21 21:55:43 - DEBUG - findfont: score(FontEntry(fname='/root/anaconda3/lib/python3.12/site-packages/matplotlib/mpl-data/fonts/ttf/DejaVuSans-BoldOblique.ttf', name='DejaVu Sans', style='oblique', variant='normal', weight=700, stretch='normal', size='scalable')) = 1.05
2026-06-21 21:55:43 - DEBUG - findfont: score(FontEntry(fname='/root/anaconda3/lib/python3.12/site-packages/matplotlib/mpl-data/fonts/ttf/DejaVuSansMono-Oblique.ttf', name='DejaVu Sans Mono', style='oblique', variant='normal', weight=400, stretch='normal', size='scalable')) = 11.335
2026-06-21 21:55:43 - DEBUG - findfont: score(FontEntry(fname='/root/anaconda3/lib/python3.12/site-packages/matplotlib/mpl-data/fonts/ttf/STIXNonUniBolIta.ttf', name='STIXNonUnicode', style='italic', variant='normal', weight=700, stretch='normal', size='scalable')) = 11.05
2026-06-21 21:55:43 - DEBUG - findfont: score(FontEntry(fname='/root/anaconda3/lib/python3.12/site-packages/matplotlib/mpl-data/fonts/ttf/STIXSizFourSymReg.ttf', name='STIXSizeFourSym', style='normal', variant='normal', weight=400, stretch='normal', size='scalable')) = 10.335
2026-06-21 21:55:43 - DEBUG - findfont: score(FontEntry(fname='/usr/share/fonts/truetype/dejavu/DejaVuSans-Bold.ttf', name='DejaVu Sans', style='normal', variant='normal', weight=700, stretch='normal', size='scalable')) = 0.05
2026-06-21 21:55:43 - DEBUG - findfont: score(FontEntry(fname='/usr/share/fonts/truetype/dejavu/DejaVuSansMono-Bold.ttf', name='DejaVu Sans Mono', style='normal', variant='normal', weight=700, stretch='normal', size='scalable')) = 10.05
2026-06-21 21:55:43 - DEBUG - findfont: score(FontEntry(fname='/usr/share/fonts/truetype/dejavu/DejaVuSerif.ttf', name='DejaVu Serif', style='normal', variant='normal', weight=400, stretch='normal', size='scalable')) = 10.335
2026-06-21 21:55:43 - DEBUG - findfont: score(FontEntry(fname='/usr/share/fonts/truetype/dejavu/DejaVuSans.ttf', name='DejaVu Sans', style='normal', variant='normal', weight=400, stretch='normal', size='scalable')) = 0.33499999999999996
2026-06-21 21:55:43 - DEBUG - findfont: score(FontEntry(fname='/usr/share/fonts/truetype/dejavu/DejaVuSansMono.ttf', name='DejaVu Sans Mono', style='normal', variant='normal', weight=400, stretch='normal', size='scalable')) = 10.335
2026-06-21 21:55:43 - DEBUG - findfont: score(FontEntry(fname='/usr/share/fonts/truetype/dejavu/DejaVuSerif-Bold.ttf', name='DejaVu Serif', style='normal', variant='normal', weight=700, stretch='normal', size='scalable')) = 10.05
2026-06-21 21:55:43 - DEBUG - findfont: Matching sans\-serif:style=normal:variant=normal:weight=bold:stretch=normal:size=9.0 to DejaVu Sans ('/root/anaconda3/lib/python3.12/site-packages/matplotlib/mpl-data/fonts/ttf/DejaVuSans-Bold.ttf') with score of 0.050000.
2026-06-21 21:55:44 - INFO - 
EMIB returned 1 solution(s) (max 1).
