node 0 w: 8.25, h: 9.0
node 1 w: 8.25, h: 9.0
node 2 w: 8.25,2026-07-01 16:06:11 - INFO - Set parameter Username
2026-07-01 16:06:11 - INFO - Set parameter LicenseID to value 2840060
2026-07-01 16:06:11 - INFO - Academic license - for non-commercial use only - expires 2027-07-01
2026-07-01 16:06:11 - INFO - Set parameter TimeLimit to value 300
2026-07-01 16:06:11 - INFO - Set parameter MIPGap to value 0
2026-07-01 16:06:11 - INFO - Set parameter MIPFocus to value 3
2026-07-01 16:06:11 - INFO - Set parameter Heuristics to value 0.5
2026-07-01 16:06:11 - INFO - Set parameter LogToConsole to value 1
2026-07-01 16:06:11 - INFO - Gurobi Optimizer version 13.0.1 build v13.0.1rc0 (linux64 - "Ubuntu 20.04.6 LTS")
2026-07-01 16:06:11 - INFO - 
2026-07-01 16:06:11 - INFO - CPU model: AMD Ryzen 9 9950X3D 16-Core Processor, instruction set [SSE2|AVX|AVX2|AVX512]
2026-07-01 16:06:11 - INFO - Thread count: 14 physical cores, 28 logical processors, using up to 28 threads
2026-07-01 16:06:11 - INFO - 
2026-07-01 16:06:11 - INFO - Non-default parameters:
2026-07-01 16:06:11 - INFO - TimeLimit  300
2026-07-01 16:06:11 - INFO - MIPGap  0
2026-07-01 16:06:11 - INFO - Heuristics  0.5
2026-07-01 16:06:11 - INFO - MIPFocus  3
2026-07-01 16:06:11 - INFO - 
2026-07-01 16:06:11 - INFO - Optimize a model with 1063 rows, 498 columns and 3539 nonzeros (Min)
2026-07-01 16:06:11 - INFO - Model fingerprint: 0x53a488c1
2026-07-01 16:06:11 - INFO - Model has 4 linear objective coefficients
2026-07-01 16:06:11 - INFO - Variable types: 222 continuous, 276 integer (276 binary)
2026-07-01 16:06:11 - INFO - Coefficient statistics:
2026-07-01 16:06:11 - INFO -   Matrix range     [5e-01, 2e+04]
2026-07-01 16:06:11 - INFO -   Objective range  [8e-07, 1e-01]
2026-07-01 16:06:11 - INFO -   Bounds range     [9e-01, 7e+06]
2026-07-01 16:06:11 - INFO -   RHS range        [9e-01, 2e+02]
2026-07-01 16:06:11 - INFO - 
2026-07-01 16:06:11 - INFO - Presolve removed 101 rows and 89 columns
2026-07-01 16:06:11 - INFO - Presolve time: 0.01s
2026-07-01 16:06:11 - INFO - Presolved: 962 rows, 409 columns, 3126 nonzeros
2026-07-01 16:06:11 - INFO - Variable types: 153 continuous, 256 integer (256 binary)
2026-07-01 16:06:11 - INFO - Root relaxation presolve removed 218 rows and 78 columns
2026-07-01 16:06:11 - INFO - Root relaxation presolved: 744 rows, 343 columns, 2608 nonzeros
2026-07-01 16:06:11 - INFO - 
2026-07-01 16:06:11 - INFO - 
2026-07-01 16:06:11 - INFO - Root relaxation: objective -3.449269e+01, 195 iterations, 0.00 seconds (0.00 work units)
2026-07-01 16:06:11 - INFO - 
2026-07-01 16:06:11 - INFO -     Nodes    |    Current Node    |     Objective Bounds      |     Work
2026-07-01 16:06:11 - INFO -  Expl Unexpl |  Obj  Depth IntInf | Incumbent    BestBd   Gap | It/Node Time
2026-07-01 16:06:11 - INFO - 
2026-07-01 16:06:11 - INFO -      0     0  -34.49269    0  120          -  -34.49269      -     -    0s
2026-07-01 16:06:11 - INFO - H    0     0                      12.7239601  -29.06603   328%     -    0s
2026-07-01 16:06:11 - INFO -      0     0  -27.25870    0  156   12.72396  -27.25870   314%     -    0s
2026-07-01 16:06:11 - INFO -      0     0  -27.25870    0  156   12.72396  -27.25870   314%     -    0s
2026-07-01 16:06:11 - INFO -      0     0  -27.25870    0  131   12.72396  -27.25870   314%     -    0s
2026-07-01 16:06:11 - INFO -      0     0  -18.27149    0  142   12.72396  -18.27149   244%     -    0s
2026-07-01 16:06:11 - INFO -      0     0  -12.86625    0   88   12.72396  -12.86625   201%     -    0s
2026-07-01 16:06:11 - INFO -      0     0  -12.86625    0   68   12.72396  -12.86625   201%     -    0s
2026-07-01 16:06:11 - INFO -      0     0  -11.76691    0   85   12.72396  -11.76691   192%     -    0s
2026-07-01 16:06:11 - INFO -      0     0  -11.68271    0   82   12.72396  -11.68271   192%     -    0s
2026-07-01 16:06:11 - INFO -      0     0  -11.68271    0   84   12.72396  -11.68271   192%     -    0s
2026-07-01 16:06:11 - INFO -      0     0   -8.01275    0   92   12.72396   -8.01275   163%     -    0s
2026-07-01 16:06:11 - INFO -      0     0   -8.01275    0   89   12.72396   -8.01275   163%     -    0s
2026-07-01 16:06:11 - INFO -      0     0   -8.01275    0   77   12.72396   -8.01275   163%     -    0s
2026-07-01 16:06:11 - INFO -      0     0   -7.83826    0   95   12.72396   -7.83826   162%     -    0s
2026-07-01 16:06:11 - INFO -      0     0   -7.81826    0  106   12.72396   -7.81826   161%     -    0s
2026-07-01 16:06:11 - INFO -      0     0   -7.81734    0  112   12.72396   -7.81734   161%     -    0s
2026-07-01 16:06:11 - INFO -      0     0   -6.28651    0   88   12.72396   -6.28651   149%     -    0s
2026-07-01 16:06:11 - INFO -      0     0   -6.28651    0   84   12.72396   -6.28651   149%     -    0s
2026-07-01 16:06:12 - INFO -      0     0   -6.28651    0   84   12.72396   -6.28651   149%     -    0s
2026-07-01 16:06:12 - INFO - H    0     0                       9.6495000   -6.28264   165%     -    0s
2026-07-01 16:06:12 - INFO - H    0     0                       9.5626434   -6.28264   166%     -    0s
2026-07-01 16:06:12 - INFO -      0     0   -6.17340    0   88    9.56264   -6.17340   165%     -    0s
2026-07-01 16:06:12 - INFO -      0     0   -5.99990    0   93    9.56264   -5.99990   163%     -    0s
2026-07-01 16:06:12 - INFO -      0     0   -5.98515    0   91    9.56264   -5.98515   163%     -    0s
2026-07-01 16:06:12 - INFO -      0     0   -5.98499    0   93    9.56264   -5.98499   163%     -    0s
2026-07-01 16:06:12 - INFO -      0     0   -5.49538    0   95    9.56264   -5.49538   157%     -    0s
2026-07-01 16:06:12 - INFO -      0     0   -5.49538    0   86    9.56264   -5.49538   157%     -    0s
2026-07-01 16:06:12 - INFO -      0     0   -5.18134    0  111    9.56264   -5.18134   154%     -    0s
2026-07-01 16:06:12 - INFO -      0     0   -5.18134    0  116    9.56264   -5.18134   154%     -    0s
2026-07-01 16:06:12 - INFO -      0     0   -5.18134    0  118    9.56264   -5.18134   154%     -    0s
2026-07-01 16:06:12 - INFO -      0     0   -5.08820    0  120    9.56264   -5.08820   153%     -    0s
2026-07-01 16:06:12 - INFO -      0     0   -5.08820    0  112    9.56264   -5.08820   153%     -    0s
2026-07-01 16:06:12 - INFO -      0     0   -5.08820    0  101    9.56264   -5.08820   153%     -    0s
2026-07-01 16:06:12 - INFO - H    0     0                       9.3453612   -5.08052   154%     -    0s
2026-07-01 16:06:12 - INFO -      0     0   -5.06778    0  121    9.34536   -5.06778   154%     -    0s
2026-07-01 16:06:12 - INFO -      0     0   -5.01796    0  116    9.34536   -5.01796   154%     -    0s
2026-07-01 16:06:12 - INFO -      0     0   -5.01383    0  123    9.34536   -5.01383   154%     -    0s
2026-07-01 16:06:12 - INFO -      0     0   -4.83184    0  107    9.34536   -4.83184   152%     -    1s
2026-07-01 16:06:12 - INFO -      0     0   -4.83184    0  106    9.34536   -4.83184   152%     -    1s
2026-07-01 16:06:12 - INFO -      0     0   -4.83184    0   99    9.34536   -4.83184   152%     -    1s
2026-07-01 16:06:12 - INFO -      0     0   -4.82028    0  109    9.34536   -4.82028   152%     -    1s
2026-07-01 16:06:12 - INFO -      0     0   -4.37347    0  125    9.34536   -4.37347   147%     -    1s
2026-07-01 16:06:12 - INFO -      0     0   -4.37347    0  123    9.34536   -4.37347   147%     -    1s
2026-07-01 16:06:12 - INFO -      0     0   -4.37347    0  116    9.34536   -4.37347   147%     -    1s
2026-07-01 16:06:12 - INFO -      0     0   -4.32804    0  132    9.34536   -4.32804   146%     -    1s
2026-07-01 16:06:12 - INFO -      0     0   -4.32007    0  142    9.34536   -4.32007   146%     -    1s
2026-07-01 16:06:12 - INFO -      0     0   -3.89178    0  108    9.34536   -3.89178   142%     -    1s
2026-07-01 16:06:12 - INFO -      0     0   -3.89178    0   94    9.34536   -3.89178   142%     -    1s
2026-07-01 16:06:12 - INFO -      0     0   -3.83268    0  115    9.34536   -3.83268   141%     -    1s
2026-07-01 16:06:12 - INFO -      0     0   -3.72513    0  121    9.34536   -3.72513   140%     -    1s
2026-07-01 16:06:12 - INFO -      0     0   -3.71717    0  111    9.34536   -3.71717   140%     -    1s
2026-07-01 16:06:12 - INFO -      0     0   -3.68802    0  122    9.34536   -3.68802   139%     -    1s
2026-07-01 16:06:12 - INFO -      0     0   -3.68802    0  112    9.34536   -3.68802   139%     -    1s
2026-07-01 16:06:13 - INFO - H    0     0                       9.1938178   -3.67145   140%     -    1s
2026-07-01 16:06:13 - INFO -      0     0   -3.67145    0  121    9.19382   -3.67145   140%     -    1s
2026-07-01 16:06:13 - INFO -      0     0   -3.66150    0  115    9.19382   -3.66150   140%     -    1s
2026-07-01 16:06:13 - INFO -      0     0   -3.66150    0  106    9.19382   -3.66150   140%     -    1s
2026-07-01 16:06:13 - INFO -      0     0   -3.65205    0  119    9.19382   -3.65205   140%     -    1s
2026-07-01 16:06:13 - INFO -      0     0   -3.60581    0  114    9.19382   -3.60581   139%     -    1s
2026-07-01 16:06:13 - INFO -      0     0   -3.60581    0  105    9.19382   -3.60581   139%     -    1s
2026-07-01 16:06:13 - INFO -      0     0   -3.58522    0  105    9.19382   -3.58522   139%     -    1s
2026-07-01 16:06:13 - INFO -      0     0   -3.58522    0  102    9.19382   -3.58522   139%     -    1s
2026-07-01 16:06:13 - INFO - H    0     2                       9.1404792   -3.58522   139%     -    2s
2026-07-01 16:06:13 - INFO -      0     2   -3.58522    0  102    9.14048   -3.58522   139%     -    2s
2026-07-01 16:06:13 - INFO - H   11    16                       9.0507195   -2.02835   122%   174    2s
2026-07-01 16:06:13 - INFO - H   13    16                       9.0348948   -1.75052   119%   175    2s
2026-07-01 16:06:13 - INFO - H   29    44                       8.1082559   -0.93413   112%   239    2s
2026-07-01 16:06:13 - INFO - H   44    79                       8.0504238   -0.61176   108%   242    2s
2026-07-01 16:06:13 - INFO - H   49    79                       8.0156563   -0.55612   107%   242    2s
2026-07-01 16:06:13 - INFO - H   58    79                       7.9541323   -0.53761   107%   234    2s
2026-07-01 16:06:13 - INFO - H   93   107                       7.7893402   -0.08197   101%   249    2s
2026-07-01 16:06:13 - INFO - H  101   107                       7.7131566    0.00492   100%   261    2s
2026-07-01 16:06:14 - INFO - H  123   135                       7.7130817    0.15044  98.0%   273    2s
2026-07-01 16:06:14 - INFO - H  127   135                       7.7029634    0.15889  97.9%   274    2s
2026-07-01 16:06:14 - INFO - H  189   203                       7.7029030    0.36323  95.3%   253    3s
2026-07-01 16:06:14 - INFO - H  225   259                       6.9371561    0.51950  92.5%   251    3s
2026-07-01 16:06:15 - INFO - H  392   398                       6.9369787    0.96752  86.1%   271    4s
2026-07-01 16:06:15 - INFO - H  461   468                       6.8677637    1.36534  80.1%   270    4s
2026-07-01 16:06:16 - INFO -    800   887    1.88835    8  158    6.86776    1.61170  76.5%   218    5s
2026-07-01 16:06:19 - INFO - H 1944  1822                       6.8677637    2.38004  65.3%   200    7s
2026-07-01 16:06:19 - INFO - H 1947  1732                       6.8677637    2.38004  65.3%   200    8s
2026-07-01 16:06:20 - INFO - H 1952  1649                       6.8677636    2.38004  65.3%   199    8s
2026-07-01 16:06:20 - INFO - H 2022  1635                       6.8677636    3.24305  52.8%   203    9s
2026-07-01 16:06:21 - INFO - H 2117  1632                       6.8677635    3.61623  47.3%   206    9s
2026-07-01 16:06:21 - INFO -   2193  1676    4.04078   18  171    6.86776    3.76181  45.2%   208   10s
2026-07-01 16:06:22 - INFO - H 2380  1697                       6.8677635    4.05494  41.0%   218   10s
2026-07-01 16:06:22 - INFO - H 2520  1731                       6.8677635    4.14866  39.6%   221   11s
2026-07-01 16:06:23 - INFO - H 2721  1770                       6.8677635    4.24734  38.2%   225   11s
2026-07-01 16:06:23 - INFO - H 2911  1803                       6.8677634    4.30975  37.2%   223   12s
2026-07-01 16:06:24 - INFO - H 2984  1838                       6.8677634    4.33808  36.8%   222   13s
2026-07-01 16:06:25 - INFO - H 3304  1912                       6.8416375    4.41903  35.4%   221   14s
2026-07-01 16:06:25 - INFO - H 3307  1856                       6.8415333    4.41990  35.4%   221   14s
2026-07-01 16:06:25 - INFO - H 3352  1896                       6.7822282    4.42736  34.7%   220   14s
2026-07-01 16:06:25 - INFO - H 3465  1808                       6.7822282    4.44232  34.5%   219   14s
2026-07-01 16:06:26 - INFO - H 3840  2151                       6.7822196    4.47774  34.0%   212   14s
2026-07-01 16:06:26 - INFO -   4316  2465    4.75590   22  163    6.78222    4.53225  33.2%   204   15s
2026-07-01 16:06:31 - INFO -  11500  6223    5.57345   25  109    6.78222    5.15707  24.0%   174   20s
2026-07-01 16:06:35 - INFO - H18796  7700                       6.7822117    5.73201  15.5%   156   23s
2026-07-01 16:06:36 - INFO -  19796  8067     cutoff   33         6.78221    5.76613  15.0%   153   25s
2026-07-01 16:06:41 - INFO -  32051 13459    6.06611   32   52    6.78221    6.03545  11.0%   124   30s
2026-07-01 16:06:46 - INFO -  46421 20059    6.64944   33   66    6.78221    6.23477  8.07%   105   35s
2026-07-01 16:06:51 - INFO -  59824 23423    6.37929   39   63    6.78221    6.37575  5.99%  93.6   40s
2026-07-01 16:06:56 - INFO -  75535 24286     cutoff   44         6.78221    6.51048  4.01%  84.0   45s
2026-07-01 16:07:01 - INFO -  86474 23802    6.58235   35   50    6.78221    6.56241  3.24%  78.7   50s
2026-07-01 16:07:06 - INFO -  108333 19842     cutoff   34         6.78221    6.65535  1.87%  69.6   55s
2026-07-01 16:07:11 - INFO -  124969 14783    6.77826   38   20    6.78221    6.71903  0.93%  63.9   60s
2026-07-01 16:07:16 - INFO -  145413  3452     cutoff   32         6.78221    6.77116  0.16%  57.6   65s
2026-07-01 16:07:18 - INFO - 
2026-07-01 16:07:18 - INFO - Cutting planes:
2026-07-01 16:07:18 - INFO -   Learned: 171
2026-07-01 16:07:18 - INFO -   Gomory: 233
2026-07-01 16:07:18 - INFO -   Lift-and-project: 261
2026-07-01 16:07:18 - INFO -   Cover: 555
2026-07-01 16:07:18 - INFO -   Implied bound: 13
2026-07-01 16:07:18 - INFO -   MIR: 293
2026-07-01 16:07:18 - INFO -   StrongCG: 1
2026-07-01 16:07:18 - INFO -   Flow cover: 1174
2026-07-01 16:07:18 - INFO -   Inf proof: 516
2026-07-01 16:07:18 - INFO -   Zero half: 159
2026-07-01 16:07:18 - INFO -   Network: 1
2026-07-01 16:07:18 - INFO -   RLT: 37
2026-07-01 16:07:18 - INFO -   Relax-and-lift: 175
2026-07-01 16:07:18 - INFO - 
2026-07-01 16:07:18 - INFO - Explored 150374 nodes (8440709 simplex iterations) in 66.95 seconds (106.78 work units)
2026-07-01 16:07:18 - INFO - Thread count was 28 (of 28 available processors)
2026-07-01 16:07:18 - INFO - 
2026-07-01 16:07:18 - INFO - Solution count 10: 6.78221 6.78222 6.78223 ... 6.93698
2026-07-01 16:07:18 - INFO - 
2026-07-01 16:07:18 - INFO - Optimal solution found (tolerance 0.00e+00)
2026-07-01 16:07:18 - INFO - Best objective 6.782211655549e+00, best bound 6.782211655549e+00, gap 0.0000%
2026-07-01 16:07:18 - DEBUG - Loaded backend Agg version v2.2.
2026-07-01 16:07:18 - DEBUG - findfont: Matching sans\-serif:style=normal:variant=normal:weight=normal:stretch=normal:size=10.0.
2026-07-01 16:07:18 - DEBUG - findfont: score(FontEntry(fname='/root/anaconda3/lib/python3.12/site-packages/matplotlib/mpl-data/fonts/ttf/STIXSizTwoSymReg.ttf', name='STIXSizeTwoSym', style='normal', variant='normal', weight=400, stretch='normal', size='scalable')) = 10.05
2026-07-01 16:07:18 - DEBUG - findfont: score(FontEntry(fname='/root/anaconda3/lib/python3.12/site-packages/matplotlib/mpl-data/fonts/ttf/cmex10.ttf', name='cmex10', style='normal', variant='normal', weight=400, stretch='normal', size='scalable')) = 10.05
2026-07-01 16:07:18 - DEBUG - findfont: score(FontEntry(fname='/root/anaconda3/lib/python3.12/site-packages/matplotlib/mpl-data/fonts/ttf/STIXSizThreeSymBol.ttf', name='STIXSizeThreeSym', style='normal', variant='normal', weight=700, stretch='normal', size='scalable')) = 10.335
2026-07-01 16:07:18 - DEBUG - findfont: score(FontEntry(fname='/root/anaconda3/lib/python3.12/site-packages/matplotlib/mpl-data/fonts/ttf/STIXSizOneSymBol.ttf', name='STIXSizeOneSym', style='normal', variant='normal', weight=700, stretch='normal', size='scalable')) = 10.335
2026-07-01 16:07:18 - DEBUG - findfont: score(FontEntry(fname='/root/anaconda3/lib/python3.12/site-packages/matplotlib/mpl-data/fonts/ttf/DejaVuSansMono-Bold.ttf', name='DejaVu Sans Mono', style='normal', variant='normal', weight=700, stretch='normal', size='scalable')) = 10.335
2026-07-01 16:07:18 - DEBUG - findfont: score(FontEntry(fname='/root/anaconda3/lib/python3.12/site-packages/matplotlib/mpl-data/fonts/ttf/cmss10.ttf', name='cmss10', style='normal', variant='normal', weight=400, stretch='normal', size='scalable')) = 10.05
2026-07-01 16:07:18 - DEBUG - findfont: score(FontEntry(fname='/root/anaconda3/lib/python3.12/site-packages/matplotlib/mpl-data/fonts/ttf/DejaVuSerif-Italic.ttf', name='DejaVu Serif', style='italic', variant='normal', weight=400, stretch='normal', size='scalable')) = 11.05
2026-07-01 16:07:18 - DEBUG - findfont: score(FontEntry(fname='/root/anaconda3/lib/python3.12/site-packages/matplotlib/mpl-data/fonts/ttf/cmb10.ttf', name='cmb10', style='normal', variant='normal', weight=400, stretch='normal', size='scalable')) = 10.05
2026-07-01 16:07:18 - DEBUG - findfont: score(FontEntry(fname='/root/anaconda3/lib/python3.12/site-packages/matplotlib/mpl-data/fonts/ttf/STIXSizTwoSymBol.ttf', name='STIXSizeTwoSym', style='normal', variant='normal', weight=700, stretch='normal', size='scalable')) = 10.335
2026-07-01 16:07:18 - DEBUG - findfont: score(FontEntry(fname='/root/anaconda3/lib/python3.12/site-packages/matplotlib/mpl-data/fonts/ttf/DejaVuSans.ttf', name='DejaVu Sans', style='normal', variant='normal', weight=400, stretch='normal', size='scalable')) = 0.05
2026-07-01 16:07:18 - DEBUG - findfont: score(FontEntry(fname='/root/anaconda3/lib/python3.12/site-packages/matplotlib/mpl-data/fonts/ttf/STIXGeneralItalic.ttf', name='STIXGeneral', style='italic', variant='normal', weight=400, stretch='normal', size='scalable')) = 11.05
2026-07-01 16:07:18 - DEBUG - findfont: score(FontEntry(fname='/root/anaconda3/lib/python3.12/site-packages/matplotlib/mpl-data/fonts/ttf/DejaVuSerif-Bold.ttf', name='DejaVu Serif', style='normal', variant='normal', weight=700, stretch='normal', size='scalable')) = 10.335
2026-07-01 16:07:18 - DEBUG - findfont: score(FontEntry(fname='/root/anaconda3/lib/python3.12/site-packages/matplotlib/mpl-data/fonts/ttf/STIXNonUni.ttf', name='STIXNonUnicode', style='normal', variant='normal', weight=400, stretch='normal', size='scalable')) = 10.05
2026-07-01 16:07:18 - DEBUG - findfont: score(FontEntry(fname='/root/anaconda3/lib/python3.12/site-packages/matplotlib/mpl-data/fonts/ttf/DejaVuSansDisplay.ttf', name='DejaVu Sans Display', style='normal', variant='normal', weight=400, stretch='normal', size='scalable')) = 10.05
2026-07-01 16:07:18 - DEBUG - findfont: score(FontEntry(fname='/root/anaconda3/lib/python3.12/site-packages/matplotlib/mpl-data/fonts/ttf/STIXSizThreeSymReg.ttf', name='STIXSizeThreeSym', style='normal', variant='normal', weight=400, stretch='normal', size='scalable')) = 10.05
2026-07-01 16:07:18 - DEBUG - findfont: score(FontEntry(fname='/root/anaconda3/lib/python3.12/site-packages/matplotlib/mpl-data/fonts/ttf/STIXSizFiveSymReg.ttf', name='STIXSizeFiveSym', style='normal', variant='normal', weight=400, stretch='normal', size='scalable')) = 10.05
2026-07-01 16:07:18 - DEBUG - findfont: score(FontEntry(fname='/root/anaconda3/lib/python3.12/site-packages/matplotlib/mpl-data/fonts/ttf/STIXNonUniIta.ttf', name='STIXNonUnicode', style='italic', variant='normal', weight=400, stretch='normal', size='scalable')) = 11.05
2026-07-01 16:07:18 - DEBUG - findfont: score(FontEntry(fname='/root/anaconda3/lib/python3.12/site-packages/matplotlib/mpl-data/fonts/ttf/cmsy10.ttf', name='cmsy10', style='normal', variant='normal', weight=400, stretch='normal', size='scalable')) = 10.05
2026-07-01 16:07:18 - DEBUG - findfont: score(FontEntry(fname='/root/anaconda3/lib/python3.12/site-packages/matplotlib/mpl-data/fonts/ttf/cmr10.ttf', name='cmr10', style='normal', variant='normal', weight=400, stretch='normal', size='scalable')) = 10.05
2026-07-01 16:07:18 - DEBUG - findfont: score(FontEntry(fname='/root/anaconda3/lib/python3.12/site-packages/matplotlib/mpl-data/fonts/ttf/STIXGeneral.ttf', name='STIXGeneral', style='normal', variant='normal', weight=400, stretch='normal', size='scalable')) = 10.05
2026-07-01 16:07:18 - DEBUG - findfont: score(FontEntry(fname='/root/anaconda3/lib/python3.12/site-packages/matplotlib/mpl-data/fonts/ttf/STIXNonUniBol.ttf', name='STIXNonUnicode', style='normal', variant='normal', weight=700, stretch='normal', size='scalable')) = 10.335
2026-07-01 16:07:18 - DEBU[EMIB] Layout figure saved: /root/placement/MPDAP/output_gurobi_EMIB_chiplet_5_6_01_23/fig/sys_micro150_core/solution_1_layout_gurobi.png
  ✓ EMIB: 1 solution(s)
e='normal', variant='normal', weight=700, stretch='normal', size='scalable')) = 10.335
2026-07-01 16:07:18 - DEBUG - findfont: score(FontEntry(fname='/root/anaconda3/lib/python3.12/site-packages/matplotlib/mpl-data/fonts/ttf/STIXSizOneSymReg.ttf', name='STIXSizeOneSym', style='normal', variant='normal', weight=400, stretch='normal', size='scalable')) = 10.05
2026-07-01 16:07:18 - DEBUG - findfont: score(FontEntry(fname='/root/anaconda3/lib/python3.12/site-packages/matplotlib/mpl-data/fonts/ttf/STIXGeneralBolIta.ttf', name='STIXGeneral', style='italic', variant='normal', weight=700, stretch='normal', size='scalable')) = 11.335
2026-07-01 16:07:18 - DEBUG - findfont: score(FontEntry(fname='/root/anaconda3/lib/python3.12/site-packages/matplotlib/mpl-data/fonts/ttf/DejaVuSerifDisplay.ttf', name='DejaVu Serif Display', style='normal', variant='normal', weight=400, stretch='normal', size='scalable')) = 10.05
2026-07-01 16:07:18 - DEBUG - findfont: score(FontEntry(fname='/root/anaconda3/lib/python3.12/site-packages/matplotlib/mpl-data/fonts/ttf/DejaVuSans-Bold.ttf', name='DejaVu Sans', style='normal', variant='normal', weight=700, stretch='normal', size='scalable')) = 0.33499999999999996
2026-07-01 16:07:18 - DEBUG - findfont: score(FontEntry(fname='/root/anaconda3/lib/python3.12/site-packages/matplotlib/mpl-data/fonts/ttf/cmmi10.ttf', name='cmmi10', style='normal', variant='normal', weight=400, stretch='normal', size='scalable')) = 10.05
2026-07-01 16:07:18 - DEBUG - findfont: score(FontEntry(fname='/root/anaconda3/lib/python3.12/site-packages/matplotlib/mpl-data/fonts/ttf/cmtt10.ttf', name='cmtt10', style='normal', variant='normal', weight=400, stretch='normal', size='scalable')) = 10.05
2026-07-01 16:07:18 - DEBUG - findfont: score(FontEntry(fname='/root/anaconda3/lib/python3.12/site-packages/matplotlib/mpl-data/fonts/ttf/DejaVuSerif-BoldItalic.ttf', name='DejaVu Serif', style='italic', variant='normal', weight=700, stretch='normal', size='scalable')) = 11.335
2026-07-01 16:07:18 - DEBUG - findfont: score(FontEntry(fname='/root/anaconda3/lib/python3.12/site-packages/matplotlib/mpl-data/fonts/ttf/DejaVuSansMono.ttf', name='DejaVu Sans Mono', style='normal', variant='normal', weight=400, stretch='normal', size='scalable')) = 10.05
2026-07-01 16:07:18 - DEBUG - findfont: score(FontEntry(fname='/root/anaconda3/lib/python3.12/site-packages/matplotlib/mpl-data/fonts/ttf/DejaVuSansMono-BoldOblique.ttf', name='DejaVu Sans Mono', style='oblique', variant='normal', weight=700, stretch='normal', size='scalable')) = 11.335
2026-07-01 16:07:18 - DEBUG - findfont: score(FontEntry(fname='/root/anaconda3/lib/python3.12/site-packages/matplotlib/mpl-data/fonts/ttf/STIXGeneralBol.ttf', name='STIXGeneral', style='normal', variant='normal', weight=700, stretch='normal', size='scalable')) = 10.335
2026-07-01 16:07:18 - DEBUG - findfont: score(FontEntry(fname='/root/anaconda3/lib/python3.12/site-packages/matplotlib/mpl-data/fonts/ttf/DejaVuSerif.ttf', name='DejaVu Serif', style='normal', variant='normal', weight=400, stretch='normal', size='scalable')) = 10.05
2026-07-01 16:07:18 - DEBUG - findfont: score(FontEntry(fname='/root/anaconda3/lib/python3.12/site-packages/matplotlib/mpl-data/fonts/ttf/DejaVuSans-Oblique.ttf', name='DejaVu Sans', style='oblique', variant='normal', weight=400, stretch='normal', size='scalable')) = 1.05
2026-07-01 16:07:18 - DEBUG - findfont: score(FontEntry(fname='/root/anaconda3/lib/python3.12/site-packages/matplotlib/mpl-data/fonts/ttf/DejaVuSans-BoldOblique.ttf', name='DejaVu Sans', style='oblique', variant='normal', weight=700, stretch='normal', size='scalable')) = 1.335
2026-07-01 16:07:18 - DEBUG - findfont: score(FontEntry(fname='/root/anaconda3/lib/python3.12/site-packages/matplotlib/mpl-data/fonts/ttf/DejaVuSansMono-Oblique.ttf', name='DejaVu Sans Mono', style='oblique', variant='normal', weight=400, stretch='normal', size='scalable')) = 11.05
2026-07-01 16:07:18 - DEBUG - findfont: score(FontEntry(fname='/root/anaconda3/lib/python3.12/site-packages/matplotlib/mpl-data/fonts/ttf/STIXNonUniBolIta.ttf', name='STIXNonUnicode', style='italic', variant='normal', weight=700, stretch='normal', size='scalable')) = 11.335
2026-07-01 16:07:18 - DEBUG - findfont: score(FontEntry(fname='/root/anaconda3/lib/python3.12/site-packages/matplotlib/mpl-data/fonts/ttf/STIXSizFourSymReg.ttf', name='STIXSizeFourSym', style='normal', variant='normal', weight=400, stretch='normal', size='scalable')) = 10.05
2026-07-01 16:07:18 - DEBUG - findfont: score(FontEntry(fname='/usr/share/fonts/truetype/dejavu/DejaVuSans-Bold.ttf', name='DejaVu Sans', style='normal', variant='normal', weight=700, stretch='normal', size='scalable')) = 0.33499999999999996
2026-07-01 16:07:18 - DEBUG - findfont: score(FontEntry(fname='/usr/share/fonts/truetype/dejavu/DejaVuSansMono-Bold.ttf', name='DejaVu Sans Mono', style='normal', variant='normal', weight=700, stretch='normal', size='scalable')) = 10.335
2026-07-01 16:07:18 - DEBUG - findfont: score(FontEntry(fname='/usr/share/fonts/truetype/dejavu/DejaVuSerif.ttf', name='DejaVu Serif', style='normal', variant='normal', weight=400, stretch='normal', size='scalable')) = 10.05
2026-07-01 16:07:18 - DEBUG - findfont: score(FontEntry(fname='/usr/share/fonts/truetype/dejavu/DejaVuSans.ttf', name='DejaVu Sans', style='normal', variant='normal', weight=400, stretch='normal', size='scalable')) = 0.05
2026-07-01 16:07:18 - DEBUG - findfont: score(FontEntry(fname='/usr/share/fonts/truetype/dejavu/DejaVuSansMono.ttf', name='DejaVu Sans Mono', style='normal', variant='normal', weight=400, stretch='normal', size='scalable')) = 10.05
2026-07-01 16:07:18 - DEBUG - findfont: score(FontEntry(fname='/usr/share/fonts/truetype/dejavu/DejaVuSerif-Bold.ttf', name='DejaVu Serif', style='normal', variant='normal', weight=700, stretch='normal', size='scalable')) = 10.335
2026-07-01 16:07:18 - DEBUG - findfont: Matching sans\-serif:style=normal:variant=normal:weight=normal:stretch=normal:size=10.0 to DejaVu Sans ('/root/anaconda3/lib/python3.12/site-packages/matplotlib/mpl-data/fonts/ttf/DejaVuSans.ttf') with score of 0.050000.
2026-07-01 16:07:19 - DEBUG - findfont: Matching sans\-serif:style=normal:variant=normal:weight=normal:stretch=normal:size=12.0.
2026-07-01 16:07:19 - DEBUG - findfont: score(FontEntry(fname='/root/anaconda3/lib/python3.12/site-packages/matplotlib/mpl-data/fonts/ttf/STIXSizTwoSymReg.ttf', name='STIXSizeTwoSym', style='normal', variant='normal', weight=400, stretch='normal', size='scalable')) = 10.05
2026-07-01 16:07:19 - DEBUG - findfont: score(FontEntry(fname='/root/anaconda3/lib/python3.12/site-packages/matplotlib/mpl-data/fonts/ttf/cmex10.ttf', name='cmex10', style='normal', variant='normal', weight=400, stretch='normal', size='scalable')) = 10.05
2026-07-01 16:07:19 - DEBUG - findfont: score(FontEntry(fname='/root/anaconda3/lib/python3.12/site-packages/matplotlib/mpl-data/fonts/ttf/STIXSizThreeSymBol.ttf', name='STIXSizeThreeSym', style='normal', variant='normal', weight=700, stretch='normal', size='scalable')) = 10.335
2026-07-01 16:07:19 - DEBUG - findfont: score(FontEntry(fname='/root/anaconda3/lib/python3.12/site-packages/matplotlib/mpl-data/fonts/ttf/STIXSizOneSymBol.ttf', name='STIXSizeOneSym', style='normal', variant='normal', weight=700, stretch='normal', size='scalable')) = 10.335
2026-07-01 16:07:19 - DEBUG - findfont: score(FontEntry(fname='/root/anaconda3/lib/python3.12/site-packages/matplotlib/mpl-data/fonts/ttf/DejaVuSansMono-Bold.ttf', name='DejaVu Sans Mono', style='normal', variant='normal', weight=700, stretch='normal', size='scalable')) = 10.335
2026-07-01 16:07:19 - DEBUG - findfont: score(FontEntry(fname='/root/anaconda3/lib/python3.12/site-packages/matplotlib/mpl-data/fonts/ttf/cmss10.ttf', name='cmss10', style='normal', variant='normal', weight=400, stretch='normal', size='scalable')) = 10.05
2026-07-01 16:07:19 - DEBUG - findfont: score(FontEntry(fname='/root/anaconda3/lib/python3.12/site-packages/matplotlib/mpl-data/fonts/ttf/DejaVuSerif-Italic.ttf', name='DejaVu Serif', style='italic', variant='normal', weight=400, stretch='normal', size='scalable')) = 11.05
2026-07-01 16:07:19 - DEBUG - findfont: score(FontEntry(fname='/root/anaconda3/lib/python3.12/site-packages/matplotlib/mpl-data/fonts/ttf/cmb10.ttf', name='cmb10', style='normal', variant='normal', weight=400, stretch='normal', size='scalable')) = 10.05
2026-07-01 16:07:19 - DEBUG - findfont: score(FontEntry(fname='/root/anaconda3/lib/python3.12/site-packages/matplotlib/mpl-data/fonts/ttf/STIXSizTwoSymBol.ttf', name='STIXSizeTwoSym', style='normal', variant='normal', weight=700, stretch='normal', size='scalable')) = 10.335
2026-07-01 16:07:19 - DEBUG - findfont: score(FontEntry(fname='/root/anaconda3/lib/python3.12/site-packages/matplotlib/mpl-data/fonts/ttf/DejaVuSans.ttf', name='DejaVu Sans', style='normal', variant='normal', weight=400, stretch='normal', size='scalable')) = 0.05
2026-07-01 16:07:19 - DEBUG - findfont: score(FontEntry(fname='/root/anaconda3/lib/python3.12/site-packages/matplotlib/mpl-data/fonts/ttf/STIXGeneralItalic.ttf', name='STIXGeneral', style='italic', variant='normal', weight=400, stretch='normal', size='scalable')) = 11.05
2026-07-01 16:07:19 - DEBUG - findfont: score(FontEntry(fname='/root/anaconda3/lib/python3.12/site-packages/matplotlib/mpl-data/fonts/ttf/DejaVuSerif-Bold.ttf', name='DejaVu Serif', style='normal', variant='normal', weight=700, stretch='normal', size='scalable')) = 10.335
2026-07-01 16:07:19 - DEBUG - findfont: score(FontEntry(fname='/root/anaconda3/lib/python3.12/site-packages/matplotlib/mpl-data/fonts/ttf/STIXNonUni.ttf', name='STIXNonUnicode', style='normal', variant='normal', weight=400, stretch='normal', size='scalable')) = 10.05
2026-07-01 16:07:19 - DEBUG - findfont: score(FontEntry(fname='/root/anaconda3/lib/python3.12/site-packages/matplotlib/mpl-data/fonts/ttf/DejaVuSansDisplay.ttf', name='DejaVu Sans Display', style='normal', variant='normal', weight=400, stretch='normal', size='scalable')) = 10.05
2026-07-01 16:07:19 - DEBUG - findfont: score(FontEntry(fname='/root/anaconda3/lib/python3.12/site-packages/matplotlib/mpl-data/fonts/ttf/STIXSizThreeSymReg.ttf', name='STIXSizeThreeSym', style='normal', variant='normal', weight=400, stretch='normal', size='scalable')) = 10.05
2026-07-01 16:07:19 - DEBUG - findfont: score(FontEntry(fname='/root/anaconda3/lib/python3.12/site-packages/matplotlib/mpl-data/fonts/ttf/STIXSizFiveSymReg.ttf', name='STIXSizeFiveSym', style='normal', variant='normal', weight=400, stretch='normal', size='scalable')) = 10.05
2026-07-01 16:07:19 - DEBUG - findfont: score(FontEntry(fname='/root/anaconda3/lib/python3.12/site-packages/matplotlib/mpl-data/fonts/ttf/STIXNonUniIta.ttf', name='STIXNonUnicode', style='italic', variant='normal', weight=400, stretch='normal', size='scalable')) = 11.05
2026-07-01 16:07:19 - DEBUG - findfont: score(FontEntry(fname='/root/anaconda3/lib/python3.12/site-packages/matplotlib/mpl-data/fonts/ttf/cmsy10.ttf', name='cmsy10', style='normal', variant='normal', weight=400, stretch='normal', size='scalable')) = 10.05
2026-07-01 16:07:19 - DEBUG - findfont: score(FontEntry(fname='/root/anaconda3/lib/python3.12/site-packages/matplotlib/mpl-data/fonts/ttf/cmr10.ttf', name='cmr10', style='normal', variant='normal', weight=400, stretch='normal', size='scalable')) = 10.05
2026-07-01 16:07:19 - DEBUG - findfont: score(FontEntry(fname='/root/anaconda3/lib/python3.12/site-packages/matplotlib/mpl-data/fonts/ttf/STIXGeneral.ttf', name='STIXGeneral', style='normal', variant='normal', weight=400, stretch='normal', size='scalable')) = 10.05
2026-07-01 16:07:19 - DEBUG - findfont: score(FontEntry(fname='/root/anaconda3/lib/python3.12/site-packages/matplotlib/mpl-data/fonts/ttf/STIXNonUniBol.ttf', name='STIXNonUnicode', style='normal', variant='normal', weight=700, stretch='normal', size='scalable')) = 10.335
2026-07-01 16:07:19 - DEBUG - findfont: score(FontEntry(fname='/root/anaconda3/lib/python3.12/site-packages/matplotlib/mpl-data/fonts/ttf/STIXSizFourSymBol.ttf', name='STIXSizeFourSym', style='normal', variant='normal', weight=700, stretch='normal', size='scalable')) = 10.335
2026-07-01 16:07:19 - DEBUG - findfont: score(FontEntry(fname='/root/anaconda3/lib/python3.12/site-packages/matplotlib/mpl-data/fonts/ttf/STIXSizOneSymReg.ttf', name='STIXSizeOneSym', style='normal', variant='normal', weight=400, stretch='normal', size='scalable')) = 10.05
2026-07-01 16:07:19 - DEBUG - findfont: score(FontEntry(fname='/root/anaconda3/lib/python3.12/site-packages/matplotlib/mpl-data/fonts/ttf/STIXGeneralBolIta.ttf', name='STIXGeneral', style='italic', variant='normal', weight=700, stretch='normal', size='scalable')) = 11.335
2026-07-01 16:07:19 - DEBUG - findfont: score(FontEntry(fname='/root/anaconda3/lib/python3.12/site-packages/matplotlib/mpl-data/fonts/ttf/DejaVuSerifDisplay.ttf', name='DejaVu Serif Display', style='normal', variant='normal', weight=400, stretch='normal', size='scalable')) = 10.05
2026-07-01 16:07:19 - DEBUG - findfont: score(FontEntry(fname='/root/anaconda3/lib/python3.12/site-packages/matplotlib/mpl-data/fonts/ttf/DejaVuSans-Bold.ttf', name='DejaVu Sans', style='normal', variant='normal', weight=700, stretch='normal', size='scalable')) = 0.33499999999999996
2026-07-01 16:07:19 - DEBUG - findfont: score(FontEntry(fname='/root/anaconda3/lib/python3.12/site-packages/matplotlib/mpl-data/fonts/ttf/cmmi10.ttf', name='cmmi10', style='normal', variant='normal', weight=400, stretch='normal', size='scalable')) = 10.05
2026-07-01 16:07:19 - DEBUG - findfont: score(FontEntry(fname='/root/anaconda3/lib/python3.12/site-packages/matplotlib/mpl-data/fonts/ttf/cmtt10.ttf', name='cmtt10', style='normal', variant='normal', weight=400, stretch='normal', size='scalable')) = 10.05
2026-07-01 16:07:19 - DEBUG - findfont: score(FontEntry(fname='/root/anaconda3/lib/python3.12/site-packages/matplotlib/mpl-data/fonts/ttf/DejaVuSerif-BoldItalic.ttf', name='DejaVu Serif', style='italic', variant='normal', weight=700, stretch='normal', size='scalable')) = 11.335
2026-07-01 16:07:19 - DEBUG - findfont: score(FontEntry(fname='/root/anaconda3/lib/python3.12/site-packages/matplotlib/mpl-data/fonts/ttf/DejaVuSansMono.ttf', name='DejaVu Sans Mono', style='normal', variant='normal', weight=400, stretch='normal', size='scalable')) = 10.05
2026-07-01 16:07:19 - DEBUG - findfont: score(FontEntry(fname='/root/anaconda3/lib/python3.12/site-packages/matplotlib/mpl-data/fonts/ttf/DejaVuSansMono-BoldOblique.ttf', name='DejaVu Sans Mono', style='oblique', variant='normal', weight=700, stretch='normal', size='scalable')) = 11.335
2026-07-01 16:07:19 - DEBUG - findfont: score(FontEntry(fname='/root/anaconda3/lib/python3.12/site-packages/matplotlib/mpl-data/fonts/ttf/STIXGeneralBol.ttf', name='STIXGeneral', style='normal', variant='normal', weight=700, stretch='normal', size='scalable')) = 10.335
2026-07-01 16:07:19 - DEBUG - findfont: score(FontEntry(fname='/root/anaconda3/lib/python3.12/site-packages/matplotlib/mpl-data/fonts/ttf/DejaVuSerif.ttf', name='DejaVu Serif', style='normal', variant='normal', weight=400, stretch='normal', size='scalable')) = 10.05
2026-07-01 16:07:19 - DEBUG - findfont: score(FontEntry(fname='/root/anaconda3/lib/python3.12/site-packages/matplotlib/mpl-data/fonts/ttf/DejaVuSans-Oblique.ttf', name='DejaVu Sans', style='oblique', variant='normal', weight=400, stretch='normal', size='scalable')) = 1.05
2026-07-01 16:07:19 - DEBUG - findfont: score(FontEntry(fname='/root/anaconda3/lib/python3.12/site-packages/matplotlib/mpl-data/fonts/ttf/DejaVuSans-BoldOblique.ttf', name='DejaVu Sans', style='oblique', variant='normal', weight=700, stretch='normal', size='scalable')) = 1.335
2026-07-01 16:07:19 - DEBUG - findfont: score(FontEntry(fname='/root/anaconda3/lib/python3.12/site-packages/matplotlib/mpl-data/fonts/ttf/DejaVuSansMono-Oblique.ttf', name='DejaVu Sans Mono', style='oblique', variant='normal', weight=400, stretch='normal', size='scalable')) = 11.05
2026-07-01 16:07:19 - DEBUG - findfont: score(FontEntry(fname='/root/anaconda3/lib/python3.12/site-packages/matplotlib/mpl-data/fonts/ttf/STIXNonUniBolIta.ttf', name='STIXNonUnicode', style='italic', variant='normal', weight=700, stretch='normal', size='scalable')) = 11.335
2026-07-01 16:07:19 - DEBUG - findfont: score(FontEntry(fname='/root/anaconda3/lib/python3.12/site-packages/matplotlib/mpl-data/fonts/ttf/STIXSizFourSymReg.ttf', name='STIXSizeFourSym', style='normal', variant='normal', weight=400, stretch='normal', size='scalable')) = 10.05
2026-07-01 16:07:19 - DEBUG - findfont: score(FontEntry(fname='/usr/share/fonts/truetype/dejavu/DejaVuSans-Bold.ttf', name='DejaVu Sans', style='normal', variant='normal', weight=700, stretch='normal', size='scalable')) = 0.33499999999999996
2026-07-01 16:07:19 - DEBUG - findfont: score(FontEntry(fname='/usr/share/fonts/truetype/dejavu/DejaVuSansMono-Bold.ttf', name='DejaVu Sans Mono', style='normal', variant='normal', weight=700, stretch='normal', size='scalable')) = 10.335
2026-07-01 16:07:19 - DEBUG - findfont: score(FontEntry(fname='/usr/share/fonts/truetype/dejavu/DejaVuSerif.ttf', name='DejaVu Serif', style='normal', variant='normal', weight=400, stretch='normal', size='scalable')) = 10.05
2026-07-01 16:07:19 - DEBUG - findfont: score(FontEntry(fname='/usr/share/fonts/truetype/dejavu/DejaVuSans.ttf', name='DejaVu Sans', style='normal', variant='normal', weight=400, stretch='normal', size='scalable')) = 0.05
2026-07-01 16:07:19 - DEBUG - findfont: score(FontEntry(fname='/usr/share/fonts/truetype/dejavu/DejaVuSansMono.ttf', name='DejaVu Sans Mono', style='normal', variant='normal', weight=400, stretch='normal', size='scalable')) = 10.05
2026-07-01 16:07:19 - DEBUG - findfont: score(FontEntry(fname='/usr/share/fonts/truetype/dejavu/DejaVuSerif-Bold.ttf', name='DejaVu Serif', style='normal', variant='normal', weight=700, stretch='normal', size='scalable')) = 10.335
2026-07-01 16:07:19 - DEBUG - findfont: Matching sans\-serif:style=normal:variant=normal:weight=normal:stretch=normal:size=12.0 to DejaVu Sans ('/root/anaconda3/lib/python3.12/site-packages/matplotlib/mpl-data/fonts/ttf/DejaVuSans.ttf') with score of 0.050000.
2026-07-01 16:07:20 - DEBUG - findfont: Matching sans\-serif:style=normal:variant=normal:weight=bold:stretch=normal:size=9.0.
2026-07-01 16:07:20 - DEBUG - findfont: score(FontEntry(fname='/root/anaconda3/lib/python3.12/site-packages/matplotlib/mpl-data/fonts/ttf/STIXSizTwoSymReg.ttf', name='STIXSizeTwoSym', style='normal', variant='normal', weight=400, stretch='normal', size='scalable')) = 10.335
2026-07-01 16:07:20 - DEBUG - findfont: score(FontEntry(fname='/root/anaconda3/lib/python3.12/site-packages/matplotlib/mpl-data/fonts/ttf/cmex10.ttf', name='cmex10', style='normal', variant='normal', weight=400, stretch='normal', size='scalable')) = 10.335
2026-07-01 16:07:20 - DEBUG - findfont: score(FontEntry(fname='/root/anaconda3/lib/python3.12/site-packages/matplotlib/mpl-data/fonts/ttf/STIXSizThreeSymBol.ttf', name='STIXSizeThreeSym', style='normal', variant='normal', weight=700, stretch='normal', size='scalable')) = 10.05
2026-07-01 16:07:20 - DEBUG - findfont: score(FontEntry(fname='/root/anaconda3/lib/python3.12/site-packages/matplotlib/mpl-data/fonts/ttf/STIXSizOneSymBol.ttf', name='STIXSizeOneSym', style='normal', variant='normal', weight=700, stretch='normal', size='scalable')) = 10.05
2026-07-01 16:07:20 - DEBUG - findfont: score(FontEntry(fname='/root/anaconda3/lib/python3.12/site-packages/matplotlib/mpl-data/fonts/ttf/DejaVuSansMono-Bold.ttf', name='DejaVu Sans Mono', style='normal', variant='normal', weight=700, stretch='normal', size='scalable')) = 10.05
2026-07-01 16:07:20 - DEBUG - findfont: score(FontEntry(fname='/root/anaconda3/lib/python3.12/site-packages/matplotlib/mpl-data/fonts/ttf/cmss10.ttf', name='cmss10', style='normal', variant='normal', weight=400, stretch='normal', size='scalable')) = 10.335
2026-07-01 16:07:20 - DEBUG - findfont: score(FontEntry(fname='/root/anaconda3/lib/python3.12/site-packages/matplotlib/mpl-data/fonts/ttf/DejaVuSerif-Italic.ttf', name='DejaVu Serif', style='italic', variant='normal', weight=400, stretch='normal', size='scalable')) = 11.335
2026-07-01 16:07:20 - DEBUG - findfont: score(FontEntry(fname='/root/anaconda3/lib/python3.12/site-packages/matplotlib/mpl-data/fonts/ttf/cmb10.ttf', name='cmb10', style='normal', variant='normal', weight=400, stretch='normal', size='scalable')) = 10.335
2026-07-01 16:07:20 - DEBUG - findfont: score(FontEntry(fname='/root/anaconda3/lib/python3.12/site-packages/matplotlib/mpl-data/fonts/ttf/STIXSizTwoSymBol.ttf', name='STIXSizeTwoSym', style='normal', variant='normal', weight=700, stretch='normal', size='scalable')) = 10.05
2026-07-01 16:07:20 - DEBUG - findfont: score(FontEntry(fname='/root/anaconda3/lib/python3.12/site-packages/matplotlib/mpl-data/fonts/ttf/DejaVuSans.ttf', name='DejaVu Sans', style='normal', variant='normal', weight=400, stretch='normal', size='scalable')) = 0.33499999999999996
2026-07-01 16:07:20 - DEBUG - findfont: score(FontEntry(fname='/root/anaconda3/lib/python3.12/site-packages/matplotlib/mpl-data/fonts/ttf/STIXGeneralItalic.ttf', name='STIXGeneral', style='italic', variant='normal', weight=400, stretch='normal', size='scalable')) = 11.335
2026-07-01 16:07:20 - DEBUG - findfont: score(FontEntry(fname='/root/anaconda3/lib/python3.12/site-packages/matplotlib/mpl-data/fonts/ttf/DejaVuSerif-Bold.ttf', name='DejaVu Serif', style='normal', variant='normal', weight=700, stretch='normal', size='scalable')) = 10.05
2026-07-01 16:07:20 - DEBUG - findfont: score(FontEntry(fname='/root/anaconda3/lib/python3.12/site-packages/matplotlib/mpl-data/fonts/ttf/STIXNonUni.ttf', name='STIXNonUnicode', style='normal', variant='normal', weight=400, stretch='normal', size='scalable')) = 10.335
2026-07-01 16:07:20 - DEBUG - findfont: score(FontEntry(fname='/root/anaconda3/lib/python3.12/site-packages/matplotlib/mpl-data/fonts/ttf/DejaVuSansDisplay.ttf', name='DejaVu Sans Display', style='normal', variant='normal', weight=400, stretch='normal', size='scalable')) = 10.335
2026-07-01 16:07:20 - DEBUG - findfont: score(FontEntry(fname='/root/anaconda3/lib/python3.12/site-packages/matplotlib/mpl-data/fonts/ttf/STIXSizThreeSymReg.ttf', name='STIXSizeThreeSym', style='normal', variant='normal', weight=400, stretch='normal', size='scalable')) = 10.335
2026-07-01 16:07:20 - DEBUG - findfont: score(FontEntry(fname='/root/anaconda3/lib/python3.12/site-packages/matplotlib/mpl-data/fonts/ttf/STIXSizFiveSymReg.ttf', name='STIXSizeFiveSym', style='normal', variant='normal', weight=400, stretch='normal', size='scalable')) = 10.335
2026-07-01 16:07:20 - DEBUG - findfont: score(FontEntry(fname='/root/anaconda3/lib/python3.12/site-packages/matplotlib/mpl-data/fonts/ttf/STIXNonUniIta.ttf', name='STIXNonUnicode', style='italic', variant='normal', weight=400, stretch='normal', size='scalable')) = 11.335
2026-07-01 16:07:20 - DEBUG - findfont: score(FontEntry(fname='/root/anaconda3/lib/python3.12/site-packages/matplotlib/mpl-data/fonts/ttf/cmsy10.ttf', name='cmsy10', style='normal', variant='normal', weight=400, stretch='normal', size='scalable')) = 10.335
2026-07-01 16:07:20 - DEBUG - findfont: score(FontEntry(fname='/root/anaconda3/lib/python3.12/site-packages/matplotlib/mpl-data/fonts/ttf/cmr10.ttf', name='cmr10', style='normal', variant='normal', weight=400, stretch='normal', size='scalable')) = 10.335
2026-07-01 16:07:20 - DEBUG - findfont: score(FontEntry(fname='/root/anaconda3/lib/python3.12/site-packages/matplotlib/mpl-data/fonts/ttf/STIXGeneral.ttf', name='STIXGeneral', style='normal', variant='normal', weight=400, stretch='normal', size='scalable')) = 10.335
2026-07-01 16:07:20 - DEBUG - findfont: score(FontEntry(fname='/root/anaconda3/lib/python3.12/site-packages/matplotlib/mpl-data/fonts/ttf/STIXNonUniBol.ttf', name='STIXNonUnicode', style='normal', variant='normal', weight=700, stretch='normal', size='scalable')) = 10.05
2026-07-01 16:07:20 - DEBUG - findfont: score(FontEntry(fname='/root/anaconda3/lib/python3.12/site-packages/matplotlib/mpl-data/fonts/ttf/STIXSizFourSymBol.ttf', name='STIXSizeFourSym', style='normal', variant='normal', weight=700, stretch='normal', size='scalable')) = 10.05
2026-07-01 16:07:20 - DEBUG - findfont: score(FontEntry(fname='/root/anaconda3/lib/python3.12/site-packages/matplotlib/mpl-data/fonts/ttf/STIXSizOneSymReg.ttf', name='STIXSizeOneSym', style='normal', variant='normal', weight=400, stretch='normal', size='scalable')) = 10.335
2026-07-01 16:07:20 - DEBUG - findfont: score(FontEntry(fname='/root/anaconda3/lib/python3.12/site-packages/matplotlib/mpl-data/fonts/ttf/STIXGeneralBolIta.ttf', name='STIXGeneral', style='italic', variant='normal', weight=700, stretch='normal', size='scalable')) = 11.05
2026-07-01 16:07:20 - DEBUG - findfont: score(FontEntry(fname='/root/anaconda3/lib/python3.12/site-packages/matplotlib/mpl-data/fonts/ttf/DejaVuSerifDisplay.ttf', name='DejaVu Serif Display', style='normal', variant='normal', weight=400, stretch='normal', size='scalable')) = 10.335
2026-07-01 16:07:20 - DEBUG - findfont: score(FontEntry(fname='/root/anaconda3/lib/python3.12/site-packages/matplotlib/mpl-data/fonts/ttf/DejaVuSans-Bold.ttf', name='DejaVu Sans', style='normal', variant='normal', weight=700, stretch='normal', size='scalable')) = 0.05
2026-07-01 16:07:20 - DEBUG - findfont: score(FontEntry(fname='/root/anaconda3/lib/python3.12/site-packages/matplotlib/mpl-data/fonts/ttf/cmmi10.ttf', name='cmmi10', style='normal', variant='normal', weight=400, stretch='normal', size='scalable')) = 10.335
2026-07-01 16:07:20 - DEBUG - findfont: score(FontEntry(fname='/root/anaconda3/lib/python3.12/site-packages/matplotlib/mpl-data/fonts/ttf/cmtt10.ttf', name='cmtt10', style='normal', variant='normal', weight=400, stretch='normal', size='scalable')) = 10.335
2026-07-01 16:07:20 - DEBUG - findfont: score(FontEntry(fname='/root/anaconda3/lib/python3.12/site-packages/matplotlib/mpl-data/fonts/ttf/DejaVuSerif-BoldItalic.ttf', name='DejaVu Serif', style='italic', variant='normal', weight=700, stretch='normal', size='scalable')) = 11.05
2026-07-01 16:07:20 - DEBUG - findfont: score(FontEntry(fname='/root/anaconda3/lib/python3.12/site-packages/matplotlib/mpl-data/fonts/ttf/DejaVuSansMono.ttf', name='DejaVu Sans Mono', style='normal', variant='normal', weight=400, stretch='normal', size='scalable')) = 10.335
2026-07-01 16:07:20 - DEBUG - findfont: score(FontEntry(fname='/root/anaconda3/lib/python3.12/site-packages/matplotlib/mpl-data/fonts/ttf/DejaVuSansMono-BoldOblique.ttf', name='DejaVu Sans Mono', style='oblique', variant='normal', weight=700, stretch='normal', size='scalable')) = 11.05
2026-07-01 16:07:20 - DEBUG - findfont: score(FontEntry(fname='/root/anaconda3/lib/python3.12/site-packages/matplotlib/mpl-data/fonts/ttf/STIXGeneralBol.ttf', name='STIXGeneral', style='normal', variant='normal', weight=700, stretch='normal', size='scalable')) = 10.05
2026-07-01 16:07:20 - DEBUG - findfont: score(FontEntry(fname='/root/anaconda3/lib/python3.12/site-packages/matplotlib/mpl-data/fonts/ttf/DejaVuSerif.ttf', name='DejaVu Serif', style='normal', variant='normal', weight=400, stretch='normal', size='scalable')) = 10.335
2026-07-01 16:07:20 - DEBUG - findfont: score(FontEntry(fname='/root/anaconda3/lib/python3.12/site-packages/matplotlib/mpl-data/fonts/ttf/DejaVuSans-Oblique.ttf', name='DejaVu Sans', style='oblique', variant='normal', weight=400, stretch='normal', size='scalable')) = 1.335
2026-07-01 16:07:20 - DEBUG - findfont: score(FontEntry(fname='/root/anaconda3/lib/python3.12/site-packages/matplotlib/mpl-data/fonts/ttf/DejaVuSans-BoldOblique.ttf', name='DejaVu Sans', style='oblique', variant='normal', weight=700, stretch='normal', size='scalable')) = 1.05
2026-07-01 16:07:20 - DEBUG - findfont: score(FontEntry(fname='/root/anaconda3/lib/python3.12/site-packages/matplotlib/mpl-data/fonts/ttf/DejaVuSansMono-Oblique.ttf', name='DejaVu Sans Mono', style='oblique', variant='normal', weight=400, stretch='normal', size='scalable')) = 11.335
2026-07-01 16:07:20 - DEBUG - findfont: score(FontEntry(fname='/root/anaconda3/lib/python3.12/site-packages/matplotlib/mpl-data/fonts/ttf/STIXNonUniBolIta.ttf', name='STIXNonUnicode', style='italic', variant='normal', weight=700, stretch='normal', size='scalable')) = 11.05
2026-07-01 16:07:20 - DEBUG - findfont: score(FontEntry(fname='/root/anaconda3/lib/python3.12/site-packages/matplotlib/mpl-data/fonts/ttf/STIXSizFourSymReg.ttf', name='STIXSizeFourSym', style='normal', variant='normal', weight=400, stretch='normal', size='scalable')) = 10.335
2026-07-01 16:07:20 - DEBUG - findfont: score(FontEntry(fname='/usr/share/fonts/truetype/dejavu/DejaVuSans-Bold.ttf', name='DejaVu Sans', style='normal', variant='normal', weight=700, stretch='normal', size='scalable')) = 0.05
2026-07-01 16:07:20 - DEBUG - findfont: score(FontEntry(fname='/usr/share/fonts/truetype/dejavu/DejaVuSansMono-Bold.ttf', name='DejaVu Sans Mono', style='normal', variant='normal', weight=700, stretch='normal', size='scalable')) = 10.05
2026-07-01 16:07:20 - DEBUG - findfont: score(FontEntry(fname='/usr/share/fonts/truetype/dejavu/DejaVuSerif.ttf', name='DejaVu Serif', style='normal', variant='normal', weight=400, stretch='normal', size='scalable')) = 10.335
2026-07-01 16:07:20 - DEBUG - findfont: score(FontEntry(fname='/usr/share/fonts/truetype/dejavu/DejaVuSans.ttf', name='DejaVu Sans', style='normal', variant='normal', weight=400, stretch='normal', size='scalable')) = 0.33499999999999996
2026-07-01 16:07:20 - DEBUG - findfont: score(FontEntry(fname='/usr/share/fonts/truetype/dejavu/DejaVuSansMono.ttf', name='DejaVu Sans Mono', style='normal', variant='normal', weight=400, stretch='normal', size='scalable')) = 10.335
2026-07-01 16:07:20 - DEBUG - findfont: score(FontEntry(fname='/usr/share/fonts/truetype/dejavu/DejaVuSerif-Bold.ttf', name='DejaVu Serif', style='normal', variant='normal', weight=700, stretch='normal', size='scalable')) = 10.05
2026-07-01 16:07:20 - DEBUG - findfont: Matching sans\-serif:style=normal:variant=normal:weight=bold:stretch=normal:size=9.0 to DejaVu Sans ('/root/anaconda3/lib/python3.12/site-packages/matplotlib/mpl-data/fonts/ttf/DejaVuSans-Bold.ttf') with score of 0.050000.
2026-07-01 16:07:20 - INFO - 
EMIB returned 1 solution(s) (max 1).
