node 0 w: 4.62, h: 10.36
node 1 w: 7.0, h: 3.78
node 2 w: 2.12026-07-01 16:37:58 - INFO - Set parameter Username
2026-07-01 16:37:58 - INFO - Set parameter LicenseID to value 2840060
2026-07-01 16:37:58 - INFO - Academic license - for non-commercial use only - expires 2027-07-01
2026-07-01 16:37:58 - INFO - Set parameter TimeLimit to value 300
2026-07-01 16:37:58 - INFO - Set parameter MIPGap to value 0
2026-07-01 16:37:58 - INFO - Set parameter MIPFocus to value 3
2026-07-01 16:37:58 - INFO - Set parameter Heuristics to value 0.5
2026-07-01 16:37:58 - INFO - Set parameter LogToConsole to value 1
2026-07-01 16:37:58 - INFO - Gurobi Optimizer version 13.0.1 build v13.0.1rc0 (linux64 - "Ubuntu 20.04.6 LTS")
2026-07-01 16:37:58 - INFO - 
2026-07-01 16:37:58 - INFO - CPU model: AMD Ryzen 9 9950X3D 16-Core Processor, instruction set [SSE2|AVX|AVX2|AVX512]
2026-07-01 16:37:58 - INFO - Thread count: 14 physical cores, 28 logical processors, using up to 28 threads
2026-07-01 16:37:58 - INFO - 
2026-07-01 16:37:58 - INFO - Non-default parameters:
2026-07-01 16:37:58 - INFO - TimeLimit  300
2026-07-01 16:37:58 - INFO - MIPGap  0
2026-07-01 16:37:58 - INFO - Heuristics  0.5
2026-07-01 16:37:58 - INFO - MIPFocus  3
2026-07-01 16:37:58 - INFO - 
2026-07-01 16:37:58 - INFO - Optimize a model with 439 rows, 216 columns and 1453 nonzeros (Min)
2026-07-01 16:37:58 - INFO - Model fingerprint: 0x9d42f2bc
2026-07-01 16:37:58 - INFO - Model has 4 linear objective coefficients
2026-07-01 16:37:58 - INFO - Variable types: 103 continuous, 113 integer (113 binary)
2026-07-01 16:37:58 - INFO - Coefficient statistics:
2026-07-01 16:37:58 - INFO -   Matrix range     [3e-01, 3e+03]
2026-07-01 16:37:58 - INFO -   Objective range  [9e-05, 2e-01]
2026-07-01 16:37:58 - INFO -   Bounds range     [9e-01, 3e+06]
2026-07-01 16:37:58 - INFO -   RHS range        [9e-01, 2e+02]
2026-07-01 16:37:58 - INFO - 
2026-07-01 16:37:58 - INFO - Presolve removed 58 rows and 48 columns
2026-07-01 16:37:58 - INFO - Presolve time: 0.00s
2026-07-01 16:37:58 - INFO - Presolved: 381 rows, 168 columns, 1332 nonzeros
2026-07-01 16:37:58 - INFO - Variable types: 61 continuous, 107 integer (107 binary)
2026-07-01 16:37:58 - INFO - Root relaxation presolve removed 64 rows and 18 columns
2026-07-01 16:37:58 - INFO - Root relaxation presolved: 317 rows, 150 columns, 1170 nonzeros
2026-07-01 16:37:58 - INFO - 
2026-07-01 16:37:58 - INFO - 
2026-07-01 16:37:58 - INFO - Root relaxation: objective -2.985199e+01, 89 iterations, 0.00 seconds (0.00 work units)
2026-07-01 16:37:58 - INFO - 
2026-07-01 16:37:58 - INFO -     Nodes    |    Current Node    |     Objective Bounds      |     Work
2026-07-01 16:37:58 - INFO -  Expl Unexpl |  Obj  Depth IntInf | Incumbent    BestBd   Gap | It/Node Time
2026-07-01 16:37:58 - INFO - 
2026-07-01 16:37:58 - INFO -      0     0  -29.85199    0   43          -  -29.85199      -     -    0s
2026-07-01 16:37:58 - INFO - H    0     0                       8.8407796  -21.28878   341%     -    0s
2026-07-01 16:37:58 - INFO -      0     0   -5.17227    0   37    8.84078   -5.17227   159%     -    0s
2026-07-01 16:37:58 - INFO -      0     0   -5.17227    0   30    8.84078   -5.17227   159%     -    0s
2026-07-01 16:37:58 - INFO - H    0     0                       7.8799352   -5.17227   166%     -    0s
2026-07-01 16:37:58 - INFO - H    0     0                       7.7909086   -5.17227   166%     -    0s
2026-07-01 16:37:58 - INFO -      0     0   -4.83814    0   32    7.79091   -4.83814   162%     -    0s
2026-07-01 16:37:58 - INFO -      0     0   -4.75359    0   33    7.79091   -4.75359   161%     -    0s
2026-07-01 16:37:58 - INFO -      0     0   -4.75359    0   35    7.79091   -4.75359   161%     -    0s
2026-07-01 16:37:58 - INFO -      0     0   -4.50367    0   48    7.79091   -4.50367   158%     -    0s
2026-07-01 16:37:58 - INFO -      0     0   -4.50367    0   35    7.79091   -4.50367   158%     -    0s
2026-07-01 16:37:58 - INFO - H    0     0                       7.6766649   -4.50367   159%     -    0s
2026-07-01 16:37:58 - INFO - H    0     0                       7.6735169   -4.50367   159%     -    0s
2026-07-01 16:37:58 - INFO - H    0     0                       7.4925099   -4.50367   160%     -    0s
2026-07-01 16:37:58 - INFO -      0     0    3.04275    0   48    7.49251    3.04275  59.4%     -    0s
2026-07-01 16:37:58 - INFO -      0     0    3.13476    0   54    7.49251    3.13476  58.2%     -    0s
2026-07-01 16:37:59 - INFO - H    0     0                       7.4328088    3.13476  57.8%     -    0s
2026-07-01 16:37:59 - INFO -      0     0    3.76869    0   40    7.43281    3.76869  49.3%     -    0s
2026-07-01 16:37:59 - INFO -      0     0    3.76869    0   35    7.43281    3.76869  49.3%     -    0s
2026-07-01 16:37:59 - INFO -      0     0    4.04372    0   35    7.43281    4.04372  45.6%     -    0s
2026-07-01 16:37:59 - INFO -      0     0    4.04372    0   35    7.43281    4.04372  45.6%     -    0s
2026-07-01 16:37:59 - INFO -      0     2    4.04372    0   35    7.43281    4.04372  45.6%     -    0s
2026-07-01 16:37:59 - INFO - H   63    71                       6.2476440    4.56531  26.9%  93.4    0s
2026-07-01 16:37:59 - INFO - H  109   111                       6.0511185    4.61072  23.8%  74.2    0s
2026-07-01 16:37:59 - INFO - 
2026-07-01 16:37:59 - INFO - Cutting planes:
2026-07-01 16:37:59 - INFO -   Learned: 28
2026-07-01 16:37:59 - INFO -   Gomory: 86
2026-07-01 16:37:59 - INFO -   Lift-and-project: 27
2026-07-01 16:37:59 - INFO -   Implied bound: 28
2026-07-01 16:37:59 - INFO -   Clique: 4
2026-07-01 16:37:59 - INFO -   MIR: 224
2026-07-01 16:37:59 - INFO -   Mixing: 20
2026-07-01 16:37:59 - INFO -   StrongCG: 2
2026-07-01 16:37:59 - INFO -   Flow cover: 653
2026-07-01 16:37:59 - INFO -   Inf proof: 1
2026-07-01 16:37:59 - INFO -   RLT: 27
2026-07-01 16:37:59 - INFO -   Relax-and-lift: 51
2026-07-01 16:37:59 - INFO -   PSD: 3
2026-07-01 16:37:59 - INFO - 
2026-07-01 16:37:59 - INFO - Explored 1447 nodes (46929 simplex iterations) in 0.91 seconds (1.28 work units)
2026-07-01 16:37:59 - INFO - Thread count was 28 (of 28 available processors)
2026-07-01 16:37:59 - INFO - 
2026-07-01 16:37:59 - INFO - Solution count 7: 6.05112 6.24764 7.43281 ... 8.84078
2026-07-01 16:37:59 - INFO - 
2026-07-01 16:37:59 - INFO - Optimal solution found (tolerance 0.00e+00)
2026-07-01 16:37:59 - INFO - Best objective 6.051118511406e+00, best bound 6.051118511406e+00, gap 0.0000%
2026-07-01 16:37:59 - DEBUG - Loaded backend Agg version v2.2.
2026-07-01 16:37:59 - DEBUG - findfont: Matching sans\-serif:style=normal:variant=normal:weight=normal:stretch=normal:size=10.0.
2026-07-01 16:37:59 - DEBUG - findfont: score(FontEntry(fname='/root/anaconda3/lib/python3.12/site-packages/matplotlib/mpl-data/fonts/ttf/STIXSizTwoSymReg.ttf', name='STIXSizeTwoSym', style='normal', variant='normal', weight=400, stretch='normal', size='scalable')) = 10.05
2026-07-01 16:37:59 - DEBUG - findfont: score(FontEntry(fname='/root/anaconda3/lib/python3.12/site-packages/matplotlib/mpl-data/fonts/ttf/cmex10.ttf', name='cmex10', style='normal', variant='normal', weight=400, stretch='normal', size='scalable')) = 10.05
2026-07-01 16:37:59 - DEBUG - findfont: score(FontEntry(fname='/root/anaconda3/lib/python3.12/site-packages/matplotlib/mpl-data/fonts/ttf/STIXSizThreeSymBol.ttf', name='STIXSizeThreeSym', style='normal', variant='normal', weight=700, stretch='normal', size='scalable')) = 10.335
2026-07-01 16:37:59 - DEBUG - findfont: score(FontEntry(fname='/root/anaconda3/lib/python3.12/site-packages/matplotlib/mpl-data/fonts/ttf/STIXSizOneSymBol.ttf', name='STIXSizeOneSym', style='normal', variant='normal', weight=700, stretch='normal', size='scalable')) = 10.335
2026-07-01 16:37:59 - DEBUG - findfont: score(FontEntry(fname='/root/anaconda3/lib/python3.12/site-packages/matplotlib/mpl-data/fonts/ttf/DejaVuSansMono-Bold.ttf', name='DejaVu Sans Mono', style='normal', variant='normal', weight=700, stretch='normal', size='scalable')) = 10.335
2026-07-01 16:37:59 - DEBUG - findfont: score(FontEntry(fname='/root/anaconda3/lib/python3.12/site-packages/matplotlib/mpl-data/fonts/ttf/cmss10.ttf', name='cmss10', style='normal', variant='normal', weight=400, stretch='normal', size='scalable')) = 10.05
2026-07-01 16:37:59 - DEBUG - findfont: score(FontEntry(fname='/root/anaconda3/lib/python3.12/site-packages/matplotlib/mpl-data/fonts/ttf/DejaVuSerif-Italic.ttf', name='DejaVu Serif', style='italic', variant='normal', weight=400, stretch='normal', size='scalable')) = 11.05
2026-07-01 16:37:59 - DEBUG - findfont: score(FontEntry(fname='/root/anaconda3/lib/python3.12/site-packages/matplotlib/mpl-data/fonts/ttf/cmb10.ttf', name='cmb10', style='normal', variant='normal', weight=400, stretch='normal', size='scalable')) = 10.05
2026-07-01 16:37:59 - DEBUG - findfont: score(FontEntry(fname='/root/anaconda3/lib/python3.12/site-packages/matplotlib/mpl-data/fonts/ttf/STIXSizTwoSymBol.ttf', name='STIXSizeTwoSym', style='normal', variant='normal', weight=700, stretch='normal', size='scalable')) = 10.335
2026-07-01 16:37:59 - DEBUG - findfont: score(FontEntry(fname='/root/anaconda3/lib/python3.12/site-packages/matplotlib/mpl-data/fonts/ttf/DejaVuSans.ttf', name='DejaVu Sans', style='normal', variant='normal', weight=400, stretch='normal', size='scalable')) = 0.05
2026-07-01 16:37:59 - DEBUG - findfont: score(FontEntry(fname='/root/anaconda3/lib/python3.12/site-packages/matplotlib/mpl-data/fonts/ttf/STIXGeneralItalic.ttf', name='STIXGeneral', style='italic', variant='normal', weight=400, stretch='normal', size='scalable')) = 11.05
2026-07-01 16:37:59 - DEBUG - findfont: score(FontEntry(fname='/root/anaconda3/lib/python3.12/site-packages/matplotlib/mpl-data/fonts/ttf/DejaVuSerif-Bold.ttf', name='DejaVu Serif', style='normal', variant='normal', weight=700, stretch='normal', size='scalable')) = 10.335
2026-07-01 16:37:59 - DEBUG - findfont: score(FontEntry(fname='/root/anaconda3/lib/python3.12/site-packages/matplotlib/mpl-data/fonts/ttf/STIXNonUni.ttf', name='STIXNonUnicode', style='normal', variant='normal', weight=400, stretch='normal', size='scalable')) = 10.05
2026-07-01 16:37:59 - DEBUG - findfont: score(FontEntry(fname='/root/anaconda3/lib/python3.12/site-packages/matplotlib/mpl-data/fonts/ttf/DejaVuSansDisplay.ttf', name='DejaVu Sans Display', style='normal', variant='normal', weight=400, stretch='normal', size='scalable')) = 10.05
2026-07-01 16:37:59 - DEBUG - findfont: score(FontEntry(fname='/root/anaconda3/lib/python3.12/site-packages/matplotlib/mpl-data/fonts/ttf/STIXSizThreeSymReg.ttf', name='STIXSizeThreeSym', style='normal', variant='normal', weight=400, stretch='normal', size='scalable')) = 10.05
2026-07-01 16:37:59 - DEBUG - findfont: score(FontEntry(fname='/root/anaconda3/lib/python3.12/site-packages/matplotlib/mpl-data/fonts/ttf/STIXSizFiveSymReg.ttf', name='STIXSizeFiveSym', style='normal', variant='normal', weight=400, stretch='normal', size='scalable')) = 10.05
2026-07-01 16:37:59 - DEBUG - findfont: score(FontEntry(fname='/root/anaconda3/lib/python3.12/site-packages/matplotlib/mpl-data/fonts/ttf/STIXNonUniIta.ttf', name='STIXNonUnicode', style='italic', variant='normal', weight=400, stretch='normal', size='scalable')) = 11.05
2026-07-01 16:37:59 - DEBUG - findfont: score(FontEntry(fname='/root/anaconda3/lib/python3.12/site-packages/matplotlib/mpl-data/fonts/ttf/cmsy10.ttf', name='cmsy10', style='normal', variant='normal', weight=400, stretch='normal', size='scalable')) = 10.05
2026-07-01 16:37:59 - DEBUG - findfont: score(FontEntry(fname='/root/anaconda3/lib/python3.12/site-packages/matplotlib/mpl-data/fonts/ttf/cmr10.ttf', name='cmr10', style='normal', variant='normal', weight=400, stretch='normal', size='scalable')) = 10.05
2026-07-01 16:37:59 - DEBUG - findfont: score(FontEntry(fname='/root/anaconda3/lib/python3.12/site-packages/matplotlib/mpl-data/fonts/ttf/STIXGeneral.ttf', name='STIXGeneral', style='normal', variant='normal', weight=400, stretch='normal', size='scalable')) = 10.05
2026-07-01 16:37:59 - DEBUG - findfont: score(FontEntry(fname='/root/anaconda3/lib/python3.12/site-packages/matplotlib/mpl-data/fonts/ttf/STIXNonUniBol.ttf', name='STIXNonUnicode', style='normal', variant='normal', weight=700, stretch='normal', size='scalable')) = 10.335
2026-07-01 16:37:59 - DEBUG - findfont: score(FontEntry(fname='/root/anaconda3/lib/python3.12/site-packages/matplotlib/mpl-data/fonts/ttf/STIXSizFourSymBol.ttf', name='STIXSizeFourSym', style='normal', variant='normal', weight=700, stretc[EMIB] Layout figure saved: /root/placement/MPDAP/output_gurobi_EMIB_chiplet_5_6_01_21/fig/hp6_m_core/solution_1_layout_gurobi.png
  ✓ EMIB: 1 solution(s)
/mpl-data/fonts/ttf/STIXSizOneSymReg.ttf', name='STIXSizeOneSym', style='normal', variant='normal', weight=400, stretch='normal', size='scalable')) = 10.05
2026-07-01 16:37:59 - DEBUG - findfont: score(FontEntry(fname='/root/anaconda3/lib/python3.12/site-packages/matplotlib/mpl-data/fonts/ttf/STIXGeneralBolIta.ttf', name='STIXGeneral', style='italic', variant='normal', weight=700, stretch='normal', size='scalable')) = 11.335
2026-07-01 16:37:59 - DEBUG - findfont: score(FontEntry(fname='/root/anaconda3/lib/python3.12/site-packages/matplotlib/mpl-data/fonts/ttf/DejaVuSerifDisplay.ttf', name='DejaVu Serif Display', style='normal', variant='normal', weight=400, stretch='normal', size='scalable')) = 10.05
2026-07-01 16:37:59 - DEBUG - findfont: score(FontEntry(fname='/root/anaconda3/lib/python3.12/site-packages/matplotlib/mpl-data/fonts/ttf/DejaVuSans-Bold.ttf', name='DejaVu Sans', style='normal', variant='normal', weight=700, stretch='normal', size='scalable')) = 0.33499999999999996
2026-07-01 16:37:59 - DEBUG - findfont: score(FontEntry(fname='/root/anaconda3/lib/python3.12/site-packages/matplotlib/mpl-data/fonts/ttf/cmmi10.ttf', name='cmmi10', style='normal', variant='normal', weight=400, stretch='normal', size='scalable')) = 10.05
2026-07-01 16:37:59 - DEBUG - findfont: score(FontEntry(fname='/root/anaconda3/lib/python3.12/site-packages/matplotlib/mpl-data/fonts/ttf/cmtt10.ttf', name='cmtt10', style='normal', variant='normal', weight=400, stretch='normal', size='scalable')) = 10.05
2026-07-01 16:37:59 - DEBUG - findfont: score(FontEntry(fname='/root/anaconda3/lib/python3.12/site-packages/matplotlib/mpl-data/fonts/ttf/DejaVuSerif-BoldItalic.ttf', name='DejaVu Serif', style='italic', variant='normal', weight=700, stretch='normal', size='scalable')) = 11.335
2026-07-01 16:37:59 - DEBUG - findfont: score(FontEntry(fname='/root/anaconda3/lib/python3.12/site-packages/matplotlib/mpl-data/fonts/ttf/DejaVuSansMono.ttf', name='DejaVu Sans Mono', style='normal', variant='normal', weight=400, stretch='normal', size='scalable')) = 10.05
2026-07-01 16:37:59 - DEBUG - findfont: score(FontEntry(fname='/root/anaconda3/lib/python3.12/site-packages/matplotlib/mpl-data/fonts/ttf/DejaVuSansMono-BoldOblique.ttf', name='DejaVu Sans Mono', style='oblique', variant='normal', weight=700, stretch='normal', size='scalable')) = 11.335
2026-07-01 16:37:59 - DEBUG - findfont: score(FontEntry(fname='/root/anaconda3/lib/python3.12/site-packages/matplotlib/mpl-data/fonts/ttf/STIXGeneralBol.ttf', name='STIXGeneral', style='normal', variant='normal', weight=700, stretch='normal', size='scalable')) = 10.335
2026-07-01 16:37:59 - DEBUG - findfont: score(FontEntry(fname='/root/anaconda3/lib/python3.12/site-packages/matplotlib/mpl-data/fonts/ttf/DejaVuSerif.ttf', name='DejaVu Serif', style='normal', variant='normal', weight=400, stretch='normal', size='scalable')) = 10.05
2026-07-01 16:37:59 - DEBUG - findfont: score(FontEntry(fname='/root/anaconda3/lib/python3.12/site-packages/matplotlib/mpl-data/fonts/ttf/DejaVuSans-Oblique.ttf', name='DejaVu Sans', style='oblique', variant='normal', weight=400, stretch='normal', size='scalable')) = 1.05
2026-07-01 16:37:59 - DEBUG - findfont: score(FontEntry(fname='/root/anaconda3/lib/python3.12/site-packages/matplotlib/mpl-data/fonts/ttf/DejaVuSans-BoldOblique.ttf', name='DejaVu Sans', style='oblique', variant='normal', weight=700, stretch='normal', size='scalable')) = 1.335
2026-07-01 16:37:59 - DEBUG - findfont: score(FontEntry(fname='/root/anaconda3/lib/python3.12/site-packages/matplotlib/mpl-data/fonts/ttf/DejaVuSansMono-Oblique.ttf', name='DejaVu Sans Mono', style='oblique', variant='normal', weight=400, stretch='normal', size='scalable')) = 11.05
2026-07-01 16:37:59 - DEBUG - findfont: score(FontEntry(fname='/root/anaconda3/lib/python3.12/site-packages/matplotlib/mpl-data/fonts/ttf/STIXNonUniBolIta.ttf', name='STIXNonUnicode', style='italic', variant='normal', weight=700, stretch='normal', size='scalable')) = 11.335
2026-07-01 16:37:59 - DEBUG - findfont: score(FontEntry(fname='/root/anaconda3/lib/python3.12/site-packages/matplotlib/mpl-data/fonts/ttf/STIXSizFourSymReg.ttf', name='STIXSizeFourSym', style='normal', variant='normal', weight=400, stretch='normal', size='scalable')) = 10.05
2026-07-01 16:37:59 - DEBUG - findfont: score(FontEntry(fname='/usr/share/fonts/truetype/dejavu/DejaVuSans-Bold.ttf', name='DejaVu Sans', style='normal', variant='normal', weight=700, stretch='normal', size='scalable')) = 0.33499999999999996
2026-07-01 16:37:59 - DEBUG - findfont: score(FontEntry(fname='/usr/share/fonts/truetype/dejavu/DejaVuSansMono-Bold.ttf', name='DejaVu Sans Mono', style='normal', variant='normal', weight=700, stretch='normal', size='scalable')) = 10.335
2026-07-01 16:37:59 - DEBUG - findfont: score(FontEntry(fname='/usr/share/fonts/truetype/dejavu/DejaVuSerif.ttf', name='DejaVu Serif', style='normal', variant='normal', weight=400, stretch='normal', size='scalable')) = 10.05
2026-07-01 16:37:59 - DEBUG - findfont: score(FontEntry(fname='/usr/share/fonts/truetype/dejavu/DejaVuSans.ttf', name='DejaVu Sans', style='normal', variant='normal', weight=400, stretch='normal', size='scalable')) = 0.05
2026-07-01 16:37:59 - DEBUG - findfont: score(FontEntry(fname='/usr/share/fonts/truetype/dejavu/DejaVuSansMono.ttf', name='DejaVu Sans Mono', style='normal', variant='normal', weight=400, stretch='normal', size='scalable')) = 10.05
2026-07-01 16:37:59 - DEBUG - findfont: score(FontEntry(fname='/usr/share/fonts/truetype/dejavu/DejaVuSerif-Bold.ttf', name='DejaVu Serif', style='normal', variant='normal', weight=700, stretch='normal', size='scalable')) = 10.335
2026-07-01 16:37:59 - DEBUG - findfont: Matching sans\-serif:style=normal:variant=normal:weight=normal:stretch=normal:size=10.0 to DejaVu Sans ('/root/anaconda3/lib/python3.12/site-packages/matplotlib/mpl-data/fonts/ttf/DejaVuSans.ttf') with score of 0.050000.
2026-07-01 16:38:00 - DEBUG - findfont: Matching sans\-serif:style=normal:variant=normal:weight=normal:stretch=normal:size=12.0.
2026-07-01 16:38:00 - DEBUG - findfont: score(FontEntry(fname='/root/anaconda3/lib/python3.12/site-packages/matplotlib/mpl-data/fonts/ttf/STIXSizTwoSymReg.ttf', name='STIXSizeTwoSym', style='normal', variant='normal', weight=400, stretch='normal', size='scalable')) = 10.05
2026-07-01 16:38:00 - DEBUG - findfont: score(FontEntry(fname='/root/anaconda3/lib/python3.12/site-packages/matplotlib/mpl-data/fonts/ttf/cmex10.ttf', name='cmex10', style='normal', variant='normal', weight=400, stretch='normal', size='scalable')) = 10.05
2026-07-01 16:38:00 - DEBUG - findfont: score(FontEntry(fname='/root/anaconda3/lib/python3.12/site-packages/matplotlib/mpl-data/fonts/ttf/STIXSizThreeSymBol.ttf', name='STIXSizeThreeSym', style='normal', variant='normal', weight=700, stretch='normal', size='scalable')) = 10.335
2026-07-01 16:38:00 - DEBUG - findfont: score(FontEntry(fname='/root/anaconda3/lib/python3.12/site-packages/matplotlib/mpl-data/fonts/ttf/STIXSizOneSymBol.ttf', name='STIXSizeOneSym', style='normal', variant='normal', weight=700, stretch='normal', size='scalable')) = 10.335
2026-07-01 16:38:00 - DEBUG - findfont: score(FontEntry(fname='/root/anaconda3/lib/python3.12/site-packages/matplotlib/mpl-data/fonts/ttf/DejaVuSansMono-Bold.ttf', name='DejaVu Sans Mono', style='normal', variant='normal', weight=700, stretch='normal', size='scalable')) = 10.335
2026-07-01 16:38:00 - DEBUG - findfont: score(FontEntry(fname='/root/anaconda3/lib/python3.12/site-packages/matplotlib/mpl-data/fonts/ttf/cmss10.ttf', name='cmss10', style='normal', variant='normal', weight=400, stretch='normal', size='scalable')) = 10.05
2026-07-01 16:38:00 - DEBUG - findfont: score(FontEntry(fname='/root/anaconda3/lib/python3.12/site-packages/matplotlib/mpl-data/fonts/ttf/DejaVuSerif-Italic.ttf', name='DejaVu Serif', style='italic', variant='normal', weight=400, stretch='normal', size='scalable')) = 11.05
2026-07-01 16:38:00 - DEBUG - findfont: score(FontEntry(fname='/root/anaconda3/lib/python3.12/site-packages/matplotlib/mpl-data/fonts/ttf/cmb10.ttf', name='cmb10', style='normal', variant='normal', weight=400, stretch='normal', size='scalable')) = 10.05
2026-07-01 16:38:00 - DEBUG - findfont: score(FontEntry(fname='/root/anaconda3/lib/python3.12/site-packages/matplotlib/mpl-data/fonts/ttf/STIXSizTwoSymBol.ttf', name='STIXSizeTwoSym', style='normal', variant='normal', weight=700, stretch='normal', size='scalable')) = 10.335
2026-07-01 16:38:00 - DEBUG - findfont: score(FontEntry(fname='/root/anaconda3/lib/python3.12/site-packages/matplotlib/mpl-data/fonts/ttf/DejaVuSans.ttf', name='DejaVu Sans', style='normal', variant='normal', weight=400, stretch='normal', size='scalable')) = 0.05
2026-07-01 16:38:00 - DEBUG - findfont: score(FontEntry(fname='/root/anaconda3/lib/python3.12/site-packages/matplotlib/mpl-data/fonts/ttf/STIXGeneralItalic.ttf', name='STIXGeneral', style='italic', variant='normal', weight=400, stretch='normal', size='scalable')) = 11.05
2026-07-01 16:38:00 - DEBUG - findfont: score(FontEntry(fname='/root/anaconda3/lib/python3.12/site-packages/matplotlib/mpl-data/fonts/ttf/DejaVuSerif-Bold.ttf', name='DejaVu Serif', style='normal', variant='normal', weight=700, stretch='normal', size='scalable')) = 10.335
2026-07-01 16:38:00 - DEBUG - findfont: score(FontEntry(fname='/root/anaconda3/lib/python3.12/site-packages/matplotlib/mpl-data/fonts/ttf/STIXNonUni.ttf', name='STIXNonUnicode', style='normal', variant='normal', weight=400, stretch='normal', size='scalable')) = 10.05
2026-07-01 16:38:00 - DEBUG - findfont: score(FontEntry(fname='/root/anaconda3/lib/python3.12/site-packages/matplotlib/mpl-data/fonts/ttf/DejaVuSansDisplay.ttf', name='DejaVu Sans Display', style='normal', variant='normal', weight=400, stretch='normal', size='scalable')) = 10.05
2026-07-01 16:38:00 - DEBUG - findfont: score(FontEntry(fname='/root/anaconda3/lib/python3.12/site-packages/matplotlib/mpl-data/fonts/ttf/STIXSizThreeSymReg.ttf', name='STIXSizeThreeSym', style='normal', variant='normal', weight=400, stretch='normal', size='scalable')) = 10.05
2026-07-01 16:38:00 - DEBUG - findfont: score(FontEntry(fname='/root/anaconda3/lib/python3.12/site-packages/matplotlib/mpl-data/fonts/ttf/STIXSizFiveSymReg.ttf', name='STIXSizeFiveSym', style='normal', variant='normal', weight=400, stretch='normal', size='scalable')) = 10.05
2026-07-01 16:38:00 - DEBUG - findfont: score(FontEntry(fname='/root/anaconda3/lib/python3.12/site-packages/matplotlib/mpl-data/fonts/ttf/STIXNonUniIta.ttf', name='STIXNonUnicode', style='italic', variant='normal', weight=400, stretch='normal', size='scalable')) = 11.05
2026-07-01 16:38:00 - DEBUG - findfont: score(FontEntry(fname='/root/anaconda3/lib/python3.12/site-packages/matplotlib/mpl-data/fonts/ttf/cmsy10.ttf', name='cmsy10', style='normal', variant='normal', weight=400, stretch='normal', size='scalable')) = 10.05
2026-07-01 16:38:00 - DEBUG - findfont: score(FontEntry(fname='/root/anaconda3/lib/python3.12/site-packages/matplotlib/mpl-data/fonts/ttf/cmr10.ttf', name='cmr10', style='normal', variant='normal', weight=400, stretch='normal', size='scalable')) = 10.05
2026-07-01 16:38:00 - DEBUG - findfont: score(FontEntry(fname='/root/anaconda3/lib/python3.12/site-packages/matplotlib/mpl-data/fonts/ttf/STIXGeneral.ttf', name='STIXGeneral', style='normal', variant='normal', weight=400, stretch='normal', size='scalable')) = 10.05
2026-07-01 16:38:00 - DEBUG - findfont: score(FontEntry(fname='/root/anaconda3/lib/python3.12/site-packages/matplotlib/mpl-data/fonts/ttf/STIXNonUniBol.ttf', name='STIXNonUnicode', style='normal', variant='normal', weight=700, stretch='normal', size='scalable')) = 10.335
2026-07-01 16:38:00 - DEBUG - findfont: score(FontEntry(fname='/root/anaconda3/lib/python3.12/site-packages/matplotlib/mpl-data/fonts/ttf/STIXSizFourSymBol.ttf', name='STIXSizeFourSym', style='normal', variant='normal', weight=700, stretch='normal', size='scalable')) = 10.335
2026-07-01 16:38:00 - DEBUG - findfont: score(FontEntry(fname='/root/anaconda3/lib/python3.12/site-packages/matplotlib/mpl-data/fonts/ttf/STIXSizOneSymReg.ttf', name='STIXSizeOneSym', style='normal', variant='normal', weight=400, stretch='normal', size='scalable')) = 10.05
2026-07-01 16:38:00 - DEBUG - findfont: score(FontEntry(fname='/root/anaconda3/lib/python3.12/site-packages/matplotlib/mpl-data/fonts/ttf/STIXGeneralBolIta.ttf', name='STIXGeneral', style='italic', variant='normal', weight=700, stretch='normal', size='scalable')) = 11.335
2026-07-01 16:38:00 - DEBUG - findfont: score(FontEntry(fname='/root/anaconda3/lib/python3.12/site-packages/matplotlib/mpl-data/fonts/ttf/DejaVuSerifDisplay.ttf', name='DejaVu Serif Display', style='normal', variant='normal', weight=400, stretch='normal', size='scalable')) = 10.05
2026-07-01 16:38:00 - DEBUG - findfont: score(FontEntry(fname='/root/anaconda3/lib/python3.12/site-packages/matplotlib/mpl-data/fonts/ttf/DejaVuSans-Bold.ttf', name='DejaVu Sans', style='normal', variant='normal', weight=700, stretch='normal', size='scalable')) = 0.33499999999999996
2026-07-01 16:38:00 - DEBUG - findfont: score(FontEntry(fname='/root/anaconda3/lib/python3.12/site-packages/matplotlib/mpl-data/fonts/ttf/cmmi10.ttf', name='cmmi10', style='normal', variant='normal', weight=400, stretch='normal', size='scalable')) = 10.05
2026-07-01 16:38:00 - DEBUG - findfont: score(FontEntry(fname='/root/anaconda3/lib/python3.12/site-packages/matplotlib/mpl-data/fonts/ttf/cmtt10.ttf', name='cmtt10', style='normal', variant='normal', weight=400, stretch='normal', size='scalable')) = 10.05
2026-07-01 16:38:00 - DEBUG - findfont: score(FontEntry(fname='/root/anaconda3/lib/python3.12/site-packages/matplotlib/mpl-data/fonts/ttf/DejaVuSerif-BoldItalic.ttf', name='DejaVu Serif', style='italic', variant='normal', weight=700, stretch='normal', size='scalable')) = 11.335
2026-07-01 16:38:00 - DEBUG - findfont: score(FontEntry(fname='/root/anaconda3/lib/python3.12/site-packages/matplotlib/mpl-data/fonts/ttf/DejaVuSansMono.ttf', name='DejaVu Sans Mono', style='normal', variant='normal', weight=400, stretch='normal', size='scalable')) = 10.05
2026-07-01 16:38:00 - DEBUG - findfont: score(FontEntry(fname='/root/anaconda3/lib/python3.12/site-packages/matplotlib/mpl-data/fonts/ttf/DejaVuSansMono-BoldOblique.ttf', name='DejaVu Sans Mono', style='oblique', variant='normal', weight=700, stretch='normal', size='scalable')) = 11.335
2026-07-01 16:38:00 - DEBUG - findfont: score(FontEntry(fname='/root/anaconda3/lib/python3.12/site-packages/matplotlib/mpl-data/fonts/ttf/STIXGeneralBol.ttf', name='STIXGeneral', style='normal', variant='normal', weight=700, stretch='normal', size='scalable')) = 10.335
2026-07-01 16:38:00 - DEBUG - findfont: score(FontEntry(fname='/root/anaconda3/lib/python3.12/site-packages/matplotlib/mpl-data/fonts/ttf/DejaVuSerif.ttf', name='DejaVu Serif', style='normal', variant='normal', weight=400, stretch='normal', size='scalable')) = 10.05
2026-07-01 16:38:00 - DEBUG - findfont: score(FontEntry(fname='/root/anaconda3/lib/python3.12/site-packages/matplotlib/mpl-data/fonts/ttf/DejaVuSans-Oblique.ttf', name='DejaVu Sans', style='oblique', variant='normal', weight=400, stretch='normal', size='scalable')) = 1.05
2026-07-01 16:38:00 - DEBUG - findfont: score(FontEntry(fname='/root/anaconda3/lib/python3.12/site-packages/matplotlib/mpl-data/fonts/ttf/DejaVuSans-BoldOblique.ttf', name='DejaVu Sans', style='oblique', variant='normal', weight=700, stretch='normal', size='scalable')) = 1.335
2026-07-01 16:38:00 - DEBUG - findfont: score(FontEntry(fname='/root/anaconda3/lib/python3.12/site-packages/matplotlib/mpl-data/fonts/ttf/DejaVuSansMono-Oblique.ttf', name='DejaVu Sans Mono', style='oblique', variant='normal', weight=400, stretch='normal', size='scalable')) = 11.05
2026-07-01 16:38:00 - DEBUG - findfont: score(FontEntry(fname='/root/anaconda3/lib/python3.12/site-packages/matplotlib/mpl-data/fonts/ttf/STIXNonUniBolIta.ttf', name='STIXNonUnicode', style='italic', variant='normal', weight=700, stretch='normal', size='scalable')) = 11.335
2026-07-01 16:38:00 - DEBUG - findfont: score(FontEntry(fname='/root/anaconda3/lib/python3.12/site-packages/matplotlib/mpl-data/fonts/ttf/STIXSizFourSymReg.ttf', name='STIXSizeFourSym', style='normal', variant='normal', weight=400, stretch='normal', size='scalable')) = 10.05
2026-07-01 16:38:00 - DEBUG - findfont: score(FontEntry(fname='/usr/share/fonts/truetype/dejavu/DejaVuSans-Bold.ttf', name='DejaVu Sans', style='normal', variant='normal', weight=700, stretch='normal', size='scalable')) = 0.33499999999999996
2026-07-01 16:38:00 - DEBUG - findfont: score(FontEntry(fname='/usr/share/fonts/truetype/dejavu/DejaVuSansMono-Bold.ttf', name='DejaVu Sans Mono', style='normal', variant='normal', weight=700, stretch='normal', size='scalable')) = 10.335
2026-07-01 16:38:00 - DEBUG - findfont: score(FontEntry(fname='/usr/share/fonts/truetype/dejavu/DejaVuSerif.ttf', name='DejaVu Serif', style='normal', variant='normal', weight=400, stretch='normal', size='scalable')) = 10.05
2026-07-01 16:38:00 - DEBUG - findfont: score(FontEntry(fname='/usr/share/fonts/truetype/dejavu/DejaVuSans.ttf', name='DejaVu Sans', style='normal', variant='normal', weight=400, stretch='normal', size='scalable')) = 0.05
2026-07-01 16:38:00 - DEBUG - findfont: score(FontEntry(fname='/usr/share/fonts/truetype/dejavu/DejaVuSansMono.ttf', name='DejaVu Sans Mono', style='normal', variant='normal', weight=400, stretch='normal', size='scalable')) = 10.05
2026-07-01 16:38:00 - DEBUG - findfont: score(FontEntry(fname='/usr/share/fonts/truetype/dejavu/DejaVuSerif-Bold.ttf', name='DejaVu Serif', style='normal', variant='normal', weight=700, stretch='normal', size='scalable')) = 10.335
2026-07-01 16:38:00 - DEBUG - findfont: Matching sans\-serif:style=normal:variant=normal:weight=normal:stretch=normal:size=12.0 to DejaVu Sans ('/root/anaconda3/lib/python3.12/site-packages/matplotlib/mpl-data/fonts/ttf/DejaVuSans.ttf') with score of 0.050000.
2026-07-01 16:38:00 - DEBUG - findfont: Matching sans\-serif:style=normal:variant=normal:weight=bold:stretch=normal:size=9.0.
2026-07-01 16:38:00 - DEBUG - findfont: score(FontEntry(fname='/root/anaconda3/lib/python3.12/site-packages/matplotlib/mpl-data/fonts/ttf/STIXSizTwoSymReg.ttf', name='STIXSizeTwoSym', style='normal', variant='normal', weight=400, stretch='normal', size='scalable')) = 10.335
2026-07-01 16:38:00 - DEBUG - findfont: score(FontEntry(fname='/root/anaconda3/lib/python3.12/site-packages/matplotlib/mpl-data/fonts/ttf/cmex10.ttf', name='cmex10', style='normal', variant='normal', weight=400, stretch='normal', size='scalable')) = 10.335
2026-07-01 16:38:00 - DEBUG - findfont: score(FontEntry(fname='/root/anaconda3/lib/python3.12/site-packages/matplotlib/mpl-data/fonts/ttf/STIXSizThreeSymBol.ttf', name='STIXSizeThreeSym', style='normal', variant='normal', weight=700, stretch='normal', size='scalable')) = 10.05
2026-07-01 16:38:00 - DEBUG - findfont: score(FontEntry(fname='/root/anaconda3/lib/python3.12/site-packages/matplotlib/mpl-data/fonts/ttf/STIXSizOneSymBol.ttf', name='STIXSizeOneSym', style='normal', variant='normal', weight=700, stretch='normal', size='scalable')) = 10.05
2026-07-01 16:38:00 - DEBUG - findfont: score(FontEntry(fname='/root/anaconda3/lib/python3.12/site-packages/matplotlib/mpl-data/fonts/ttf/DejaVuSansMono-Bold.ttf', name='DejaVu Sans Mono', style='normal', variant='normal', weight=700, stretch='normal', size='scalable')) = 10.05
2026-07-01 16:38:00 - DEBUG - findfont: score(FontEntry(fname='/root/anaconda3/lib/python3.12/site-packages/matplotlib/mpl-data/fonts/ttf/cmss10.ttf', name='cmss10', style='normal', variant='normal', weight=400, stretch='normal', size='scalable')) = 10.335
2026-07-01 16:38:00 - DEBUG - findfont: score(FontEntry(fname='/root/anaconda3/lib/python3.12/site-packages/matplotlib/mpl-data/fonts/ttf/DejaVuSerif-Italic.ttf', name='DejaVu Serif', style='italic', variant='normal', weight=400, stretch='normal', size='scalable')) = 11.335
2026-07-01 16:38:00 - DEBUG - findfont: score(FontEntry(fname='/root/anaconda3/lib/python3.12/site-packages/matplotlib/mpl-data/fonts/ttf/cmb10.ttf', name='cmb10', style='normal', variant='normal', weight=400, stretch='normal', size='scalable')) = 10.335
2026-07-01 16:38:00 - DEBUG - findfont: score(FontEntry(fname='/root/anaconda3/lib/python3.12/site-packages/matplotlib/mpl-data/fonts/ttf/STIXSizTwoSymBol.ttf', name='STIXSizeTwoSym', style='normal', variant='normal', weight=700, stretch='normal', size='scalable')) = 10.05
2026-07-01 16:38:00 - DEBUG - findfont: score(FontEntry(fname='/root/anaconda3/lib/python3.12/site-packages/matplotlib/mpl-data/fonts/ttf/DejaVuSans.ttf', name='DejaVu Sans', style='normal', variant='normal', weight=400, stretch='normal', size='scalable')) = 0.33499999999999996
2026-07-01 16:38:00 - DEBUG - findfont: score(FontEntry(fname='/root/anaconda3/lib/python3.12/site-packages/matplotlib/mpl-data/fonts/ttf/STIXGeneralItalic.ttf', name='STIXGeneral', style='italic', variant='normal', weight=400, stretch='normal', size='scalable')) = 11.335
2026-07-01 16:38:00 - DEBUG - findfont: score(FontEntry(fname='/root/anaconda3/lib/python3.12/site-packages/matplotlib/mpl-data/fonts/ttf/DejaVuSerif-Bold.ttf', name='DejaVu Serif', style='normal', variant='normal', weight=700, stretch='normal', size='scalable')) = 10.05
2026-07-01 16:38:00 - DEBUG - findfont: score(FontEntry(fname='/root/anaconda3/lib/python3.12/site-packages/matplotlib/mpl-data/fonts/ttf/STIXNonUni.ttf', name='STIXNonUnicode', style='normal', variant='normal', weight=400, stretch='normal', size='scalable')) = 10.335
2026-07-01 16:38:00 - DEBUG - findfont: score(FontEntry(fname='/root/anaconda3/lib/python3.12/site-packages/matplotlib/mpl-data/fonts/ttf/DejaVuSansDisplay.ttf', name='DejaVu Sans Display', style='normal', variant='normal', weight=400, stretch='normal', size='scalable')) = 10.335
2026-07-01 16:38:00 - DEBUG - findfont: score(FontEntry(fname='/root/anaconda3/lib/python3.12/site-packages/matplotlib/mpl-data/fonts/ttf/STIXSizThreeSymReg.ttf', name='STIXSizeThreeSym', style='normal', variant='normal', weight=400, stretch='normal', size='scalable')) = 10.335
2026-07-01 16:38:00 - DEBUG - findfont: score(FontEntry(fname='/root/anaconda3/lib/python3.12/site-packages/matplotlib/mpl-data/fonts/ttf/STIXSizFiveSymReg.ttf', name='STIXSizeFiveSym', style='normal', variant='normal', weight=400, stretch='normal', size='scalable')) = 10.335
2026-07-01 16:38:00 - DEBUG - findfont: score(FontEntry(fname='/root/anaconda3/lib/python3.12/site-packages/matplotlib/mpl-data/fonts/ttf/STIXNonUniIta.ttf', name='STIXNonUnicode', style='italic', variant='normal', weight=400, stretch='normal', size='scalable')) = 11.335
2026-07-01 16:38:00 - DEBUG - findfont: score(FontEntry(fname='/root/anaconda3/lib/python3.12/site-packages/matplotlib/mpl-data/fonts/ttf/cmsy10.ttf', name='cmsy10', style='normal', variant='normal', weight=400, stretch='normal', size='scalable')) = 10.335
2026-07-01 16:38:00 - DEBUG - findfont: score(FontEntry(fname='/root/anaconda3/lib/python3.12/site-packages/matplotlib/mpl-data/fonts/ttf/cmr10.ttf', name='cmr10', style='normal', variant='normal', weight=400, stretch='normal', size='scalable')) = 10.335
2026-07-01 16:38:00 - DEBUG - findfont: score(FontEntry(fname='/root/anaconda3/lib/python3.12/site-packages/matplotlib/mpl-data/fonts/ttf/STIXGeneral.ttf', name='STIXGeneral', style='normal', variant='normal', weight=400, stretch='normal', size='scalable')) = 10.335
2026-07-01 16:38:00 - DEBUG - findfont: score(FontEntry(fname='/root/anaconda3/lib/python3.12/site-packages/matplotlib/mpl-data/fonts/ttf/STIXNonUniBol.ttf', name='STIXNonUnicode', style='normal', variant='normal', weight=700, stretch='normal', size='scalable')) = 10.05
2026-07-01 16:38:00 - DEBUG - findfont: score(FontEntry(fname='/root/anaconda3/lib/python3.12/site-packages/matplotlib/mpl-data/fonts/ttf/STIXSizFourSymBol.ttf', name='STIXSizeFourSym', style='normal', variant='normal', weight=700, stretch='normal', size='scalable')) = 10.05
2026-07-01 16:38:00 - DEBUG - findfont: score(FontEntry(fname='/root/anaconda3/lib/python3.12/site-packages/matplotlib/mpl-data/fonts/ttf/STIXSizOneSymReg.ttf', name='STIXSizeOneSym', style='normal', variant='normal', weight=400, stretch='normal', size='scalable')) = 10.335
2026-07-01 16:38:00 - DEBUG - findfont: score(FontEntry(fname='/root/anaconda3/lib/python3.12/site-packages/matplotlib/mpl-data/fonts/ttf/STIXGeneralBolIta.ttf', name='STIXGeneral', style='italic', variant='normal', weight=700, stretch='normal', size='scalable')) = 11.05
2026-07-01 16:38:00 - DEBUG - findfont: score(FontEntry(fname='/root/anaconda3/lib/python3.12/site-packages/matplotlib/mpl-data/fonts/ttf/DejaVuSerifDisplay.ttf', name='DejaVu Serif Display', style='normal', variant='normal', weight=400, stretch='normal', size='scalable')) = 10.335
2026-07-01 16:38:00 - DEBUG - findfont: score(FontEntry(fname='/root/anaconda3/lib/python3.12/site-packages/matplotlib/mpl-data/fonts/ttf/DejaVuSans-Bold.ttf', name='DejaVu Sans', style='normal', variant='normal', weight=700, stretch='normal', size='scalable')) = 0.05
2026-07-01 16:38:00 - DEBUG - findfont: score(FontEntry(fname='/root/anaconda3/lib/python3.12/site-packages/matplotlib/mpl-data/fonts/ttf/cmmi10.ttf', name='cmmi10', style='normal', variant='normal', weight=400, stretch='normal', size='scalable')) = 10.335
2026-07-01 16:38:00 - DEBUG - findfont: score(FontEntry(fname='/root/anaconda3/lib/python3.12/site-packages/matplotlib/mpl-data/fonts/ttf/cmtt10.ttf', name='cmtt10', style='normal', variant='normal', weight=400, stretch='normal', size='scalable')) = 10.335
2026-07-01 16:38:00 - DEBUG - findfont: score(FontEntry(fname='/root/anaconda3/lib/python3.12/site-packages/matplotlib/mpl-data/fonts/ttf/DejaVuSerif-BoldItalic.ttf', name='DejaVu Serif', style='italic', variant='normal', weight=700, stretch='normal', size='scalable')) = 11.05
2026-07-01 16:38:00 - DEBUG - findfont: score(FontEntry(fname='/root/anaconda3/lib/python3.12/site-packages/matplotlib/mpl-data/fonts/ttf/DejaVuSansMono.ttf', name='DejaVu Sans Mono', style='normal', variant='normal', weight=400, stretch='normal', size='scalable')) = 10.335
2026-07-01 16:38:00 - DEBUG - findfont: score(FontEntry(fname='/root/anaconda3/lib/python3.12/site-packages/matplotlib/mpl-data/fonts/ttf/DejaVuSansMono-BoldOblique.ttf', name='DejaVu Sans Mono', style='oblique', variant='normal', weight=700, stretch='normal', size='scalable')) = 11.05
2026-07-01 16:38:00 - DEBUG - findfont: score(FontEntry(fname='/root/anaconda3/lib/python3.12/site-packages/matplotlib/mpl-data/fonts/ttf/STIXGeneralBol.ttf', name='STIXGeneral', style='normal', variant='normal', weight=700, stretch='normal', size='scalable')) = 10.05
2026-07-01 16:38:00 - DEBUG - findfont: score(FontEntry(fname='/root/anaconda3/lib/python3.12/site-packages/matplotlib/mpl-data/fonts/ttf/DejaVuSerif.ttf', name='DejaVu Serif', style='normal', variant='normal', weight=400, stretch='normal', size='scalable')) = 10.335
2026-07-01 16:38:00 - DEBUG - findfont: score(FontEntry(fname='/root/anaconda3/lib/python3.12/site-packages/matplotlib/mpl-data/fonts/ttf/DejaVuSans-Oblique.ttf', name='DejaVu Sans', style='oblique', variant='normal', weight=400, stretch='normal', size='scalable')) = 1.335
2026-07-01 16:38:00 - DEBUG - findfont: score(FontEntry(fname='/root/anaconda3/lib/python3.12/site-packages/matplotlib/mpl-data/fonts/ttf/DejaVuSans-BoldOblique.ttf', name='DejaVu Sans', style='oblique', variant='normal', weight=700, stretch='normal', size='scalable')) = 1.05
2026-07-01 16:38:00 - DEBUG - findfont: score(FontEntry(fname='/root/anaconda3/lib/python3.12/site-packages/matplotlib/mpl-data/fonts/ttf/DejaVuSansMono-Oblique.ttf', name='DejaVu Sans Mono', style='oblique', variant='normal', weight=400, stretch='normal', size='scalable')) = 11.335
2026-07-01 16:38:00 - DEBUG - findfont: score(FontEntry(fname='/root/anaconda3/lib/python3.12/site-packages/matplotlib/mpl-data/fonts/ttf/STIXNonUniBolIta.ttf', name='STIXNonUnicode', style='italic', variant='normal', weight=700, stretch='normal', size='scalable')) = 11.05
2026-07-01 16:38:00 - DEBUG - findfont: score(FontEntry(fname='/root/anaconda3/lib/python3.12/site-packages/matplotlib/mpl-data/fonts/ttf/STIXSizFourSymReg.ttf', name='STIXSizeFourSym', style='normal', variant='normal', weight=400, stretch='normal', size='scalable')) = 10.335
2026-07-01 16:38:00 - DEBUG - findfont: score(FontEntry(fname='/usr/share/fonts/truetype/dejavu/DejaVuSans-Bold.ttf', name='DejaVu Sans', style='normal', variant='normal', weight=700, stretch='normal', size='scalable')) = 0.05
2026-07-01 16:38:00 - DEBUG - findfont: score(FontEntry(fname='/usr/share/fonts/truetype/dejavu/DejaVuSansMono-Bold.ttf', name='DejaVu Sans Mono', style='normal', variant='normal', weight=700, stretch='normal', size='scalable')) = 10.05
2026-07-01 16:38:00 - DEBUG - findfont: score(FontEntry(fname='/usr/share/fonts/truetype/dejavu/DejaVuSerif.ttf', name='DejaVu Serif', style='normal', variant='normal', weight=400, stretch='normal', size='scalable')) = 10.335
2026-07-01 16:38:00 - DEBUG - findfont: score(FontEntry(fname='/usr/share/fonts/truetype/dejavu/DejaVuSans.ttf', name='DejaVu Sans', style='normal', variant='normal', weight=400, stretch='normal', size='scalable')) = 0.33499999999999996
2026-07-01 16:38:00 - DEBUG - findfont: score(FontEntry(fname='/usr/share/fonts/truetype/dejavu/DejaVuSansMono.ttf', name='DejaVu Sans Mono', style='normal', variant='normal', weight=400, stretch='normal', size='scalable')) = 10.335
2026-07-01 16:38:00 - DEBUG - findfont: score(FontEntry(fname='/usr/share/fonts/truetype/dejavu/DejaVuSerif-Bold.ttf', name='DejaVu Serif', style='normal', variant='normal', weight=700, stretch='normal', size='scalable')) = 10.05
2026-07-01 16:38:00 - DEBUG - findfont: Matching sans\-serif:style=normal:variant=normal:weight=bold:stretch=normal:size=9.0 to DejaVu Sans ('/root/anaconda3/lib/python3.12/site-packages/matplotlib/mpl-data/fonts/ttf/DejaVuSans-Bold.ttf') with score of 0.050000.
2026-07-01 16:38:00 - INFO - 
EMIB returned 1 solution(s) (max 1).
