
================================================================================
Batch test start (Gurobi)
================================================================================
Test input dir: /root/placement/MPDAP/benchmark/test_input
Output base dir: /root/placement/MPDAP/output_gurobi_EMIB_chiplet_5_6_01_2
Found 1 test file(s)
Files to process: multigpu.json
================================================================================


[1/1] Processing: multigpu.json
  Core name: multigpu_core
  Log dir: /root/placement/MPDAP/output_gurobi_EMIB_chiplet_5_6_01_2/log/multigpu_core
  LP dir: /root/placement/MPDAP/output_gurobi_EMIB_chiplet_5_6_01_2/lp/multigpu_core
  Fig dir: /root/placement/MPDAP/output_gurobi_EMIB_chiplet_5_6_01_2/fig/multigpu_core
  Placement file: /root/placement/MPDAP/output_gurobi_EMIB_chiplet_5_6_01_2/placement/multigpu.json
  Removing old output dir: /root/placement/MPDAP/output_gurobi_EMIB_chiplet_5_6_01_2/log/multigpu_core
  Removing old output dir: /root/placement/MPDAP/output_gurobi_EMIB_chiplet_5_6_01_2/lp/multigpu_core
  Removing old output dir: /root/placement/MPDAP/output_gurobi_EMIB_chiplet_5_6_01_2/fig/multigpu_core
2026-06-21 16:07:30 - INFO - Calling EMIB solver (Gurobi)...
node 0 w: 12.0, h: 12.0
node 1 w: 18.2, h: 18.2
node 2 w: 18.2, h: 18.2
node 3 w: 7.75, h: 11.87
node 4 w: 7.75, h: 11.87
node 5 w: 7.75, h: 11.87
  (A,B): node1=A, node2=B, wireCount=128, EMIBType=interfaceC, EMIB_length=3.2, EMIB_max_width=99.0, width=1.0, height=3.2, bump_width=0.5000
  (A,C): node1=A, node2=C, wireCount=128, EMIBType=interfaceC, EMIB_length=3.2, EMIB_max_width=99.0, width=1.0, height=3.2, bump_width=0.5000
  (A,D): node1=A, node2=D, wireCount=1024, EMIBType=interfaceB, EMIB_length=3.4133, EMIB_max_width=3.0, width=2.0, height=3.4133, bump_width=1.0000
  (B,C): node1=B, node2=C, wireCount=128, EMIBType=interfaceC, EMIB_length=3.2, EMIB_max_width=99.0, width=1.0, height=3.2, bump_width=0.5000
  (B,E): node1=B, node2=E, wireCount=1024, EMIBType=interfaceB, EMIB_length=3.4133, EMIB_max_width=3.0, width=2.0, height=3.4133, bump_width=1.0000
  (C,F): node1=C, node2=F, wireCount=1024, EMIBType=interfaceB, EMIB_length=3.4133, EMIB_max_width=3.0, width=2.0, height=3.4133, bump_width=1.0000
  (0,1): [A, B, 128, interfaceC, 3.2, 99.0]
  (0,2): [A, C, 128, interfaceC, 3.2, 99.0]
  (0,3): [A, D, 1024, interfaceB, 3.4133, 3.0]
  (1,2): [B, C, 128, interfaceC, 3.2, 99.0]
  (1,4): [B, E, 1024, interfaceB, 3.4133, 3.0]
  (2,5): [C, F, 1024, interfaceB, 3.4133, 3.0]
Set parameter WLSAccessID
2026-06-21 16:07:30 - INFO - Set parameter WLSAccessID
Set parameter WLSSecret
2026-06-21 16:07:30 - INFO - Set parameter WLSSecret
Set parameter LicenseID to value 2756663
2026-06-21 16:07:30 - INFO - Set parameter LicenseID to value 2756663
Academic license 2756663 - for non-commercial use only - registered to hu___@sjtu.edu.cn
2026-06-21 16:07:30 - INFO - Academic license 2756663 - for non-commercial use only - registered to hu___@sjtu.edu.cn
EMIB_w_var: {(0, 3): <gurobi.Var *Awaiting Model Update*>, (1, 4): <gurobi.Var *Awaiting Model Update*>, (2, 5): <gurobi.Var *Awaiting Model Update*>}
EMIB_h_var: {(0, 3): <gurobi.Var *Awaiting Model Update*>, (1, 4): <gurobi.Var *Awaiting Model Update*>, (2, 5): <gurobi.Var *Awaiting Model Update*>}
EMIB_connected_pairs: {(0, 3): EMIBNode(node1='A', node2='D', wireCount=1024, EMIBType='interfaceB', EMIB_length=3.4133, EMIB_bump_width=1.0, EMIB_max_width=3.0, width=2.0, height=3.4133), (1, 4): EMIBNode(node1='B', node2='E', wireCount=1024, EMIBType='interfaceB', EMIB_length=3.4133, EMIB_bump_width=1.0, EMIB_max_width=3.0, width=2.0, height=3.4133), (2, 5): EMIBNode(node1='C', node2='F', wireCount=1024, EMIBType='interfaceB', EMIB_length=3.4133, EMIB_bump_width=1.0, EMIB_max_width=3.0, width=2.0, height=3.4133)}
[POWER_AWARE] Mutual Distancing: ENABLED
[POWER_AWARE] Central Avoidance: ENABLED
[POWER_AWARE] Power Aware Optimization: ENABLED
[POWER_AWARE] Selected high-power chiplets: 2 (density threshold: 0.8905929235599567)
[POWER_AWARE] High-power chiplet indices: [1, 2]
[POWER_AWARE] Mutual Distancing: Creating constraints for 2 high-power chiplets
[POWER_AWARE] Mutual Distancing: Added distance constraints for all high-power pairs
[POWER_AWARE] Central Avoidance: Creating away-from-center constraints for 2 high-power chiplets
[DEBUG] chiplet 1 in top 30% power density, add away-from-center constraint
[DEBUG] chiplet 2 in top 30% power density, add away-from-center constraint
[POWER_AWARE] Central Avoidance: Added away-from-center constraints for 2 high-power chiplets
[DEBUG] L_avg: 32.90072187657894
[DEBUG] total_area: 1082.4575
[POWER_AWARE] Normalization factor calculation:
[POWER_AWARE]   - High-power chiplets: 2
[POWER_AWARE]   - Mutual Distancing enabled: True
[POWER_AWARE]   - Central Avoidance enabled: True
[POWER_AWARE]   - pair_sum (MD): 8.702500e+04
[POWER_AWARE]   - self_sum (CA): 1.740500e+05
[POWER_AWARE]   - total_sum (pair + self): 2.610750e+05
[POWER_AWARE]   - ref_power: 4.294778e+06
[DEBUG] ref_wirelength: 56852.44740272841
[DEBUG] ref_t: 65.80144375315788
[DEBUG] ref_power: 4294777.981963923
[DEBUG] ref_aspect: 12.36

================================================================================
[OBJECTIVE FUNCTION DETAILS]
================================================================================

[Normalization Reference Values]
  ref_wirelength: 5.685245e+04
  ref_t (area proxy): 6.580144e+01
  ref_power: 4.294778e+06
  ref_aspect: 1.236000e+01

[Beta Weights]
  beta_wire: 5.000000e+00
  beta_area: 6.000000e+00
  beta_aspect: 1.000000e-01
  beta_power: 2.000000e+00

[Objective Function Components]
  1. Wirelength term:
     norm_wirelength = wirelength / ref_wirelength
     contribution = beta_wire * norm_wirelength = 5.0 * norm_wirelength
  2. Area term:
     norm_t = t / ref_t
     contribution = beta_area * norm_t = 6.0 * norm_t
  3. Aspect Ratio term:
     norm_aspect = aspect_ratio_penalty / ref_aspect
     contribution = beta_aspect * norm_aspect = 0.1 * norm_aspect
  4. Power Awareness term:
     norm_power = power_aware_penalty / ref_power
     contribution = - beta_power * norm_power = - 2.0 * norm_power

[Objective Function Formula]
  minimize: 5.0 * wirelength/ref_wirelength
          + 6.0 * t/ref_t
          + 0.1 * aspect_ratio_penalty/ref_aspect
          - 2.0 * power_aware_penalty/ref_power
================================================================================


[EMIB] ILP Model construction completed. Analyzing model structure...
================================================================================
ILP MODEL ANALYSIS REPORT - Chiplet Placement ILP (Construction Complete)
Generated: 2026-06-21 16:07:30
================================================================================

[MODEL STRUCTURE]
  Constraints (rows):                      0
  Variables (columns):                     0
  Non-zero elements:                       0
  Objective coefficients:                  0

[VARIABLE TYPES]
  Continuous:                              0
  Integer:                                 0
  Binary:                                  0

[CONSTRAINT TYPES]

[COEFFICIENT STATISTICS]

[SOLVE STATISTICS]
  Status:                    Unknown(1)
  Solve time (s):                       0.00
  Solutions found:                         0
  Nodes explored:            (not available)
  Simplex iterations:        (not available)

[MEMORY USAGE]
  Initial memory:                     96.09 MB
  Peak memory:                         0.00 MB
  Final memory:                        0.00 MB
  Peak increase:                     -96.09 MB
  Final increase:                    -96.09 MB

================================================================================
Set parameter TimeLimit to value 300
2026-06-21 16:07:30 - INFO - Set parameter TimeLimit to value 300
Set parameter MIPGap to value 0
2026-06-21 16:07:30 - INFO - Set parameter MIPGap to value 0
Set parameter MIPFocus to value 3
2026-06-21 16:07:30 - INFO - Set parameter MIPFocus to value 3
Set parameter Heuristics to value 0.5
2026-06-21 16:07:30 - INFO - Set parameter Heuristics to value 0.5
Set parameter LogToConsole to value 1
2026-06-21 16:07:30 - INFO - Set parameter LogToConsole to value 1
Gurobi Optimizer version 13.0.1 build v13.0.1rc0 (linux64 - "Ubuntu 20.04.6 LTS")
2026-06-21 16:07:30 - INFO - Gurobi Optimizer version 13.0.1 build v13.0.1rc0 (linux64 - "Ubuntu 20.04.6 LTS")

2026-06-21 16:07:30 - INFO - 
CPU model: AMD Ryzen 9 9950X3D 16-Core Processor, instruction set [SSE2|AVX|AVX2|AVX512]
2026-06-21 16:07:30 - INFO - CPU model: AMD Ryzen 9 9950X3D 16-Core Processor, instruction set [SSE2|AVX|AVX2|AVX512]
Thread count: 14 physical cores, 28 logical processors, using up to 28 threads
2026-06-21 16:07:30 - INFO - Thread count: 14 physical cores, 28 logical processors, using up to 28 threads

2026-06-21 16:07:30 - INFO - 
Non-default parameters:
2026-06-21 16:07:30 - INFO - Non-default parameters:
TimeLimit  300
2026-06-21 16:07:30 - INFO - TimeLimit  300
MIPGap  0
2026-06-21 16:07:30 - INFO - MIPGap  0
Heuristics  0.5
2026-06-21 16:07:30 - INFO - Heuristics  0.5
MIPFocus  3
2026-06-21 16:07:30 - INFO - MIPFocus  3

2026-06-21 16:07:30 - INFO - 
Academic license 2756663 - for non-commercial use only - registered to hu___@sjtu.edu.cn
2026-06-21 16:07:30 - INFO - Academic license 2756663 - for non-commercial use only - registered to hu___@sjtu.edu.cn
Optimize a model with 465 rows, 228 columns and 1499 nonzeros (Min)
2026-06-21 16:07:30 - INFO - Optimize a model with 465 rows, 228 columns and 1499 nonzeros (Min)
Model fingerprint: 0x09aa4b20
2026-06-21 16:07:30 - INFO - Model fingerprint: 0x09aa4b20
Model has 4 linear objective coefficients
2026-06-21 16:07:30 - INFO - Model has 4 linear objective coefficients
Variable types: 117 continuous, 111 integer (111 binary)
2026-06-21 16:07:30 - INFO - Variable types: 117 continuous, 111 integer (111 binary)
Coefficient statistics:
2026-06-21 16:07:30 - INFO - Coefficient statistics:
  Matrix range     [5e-01, 9e+04]
2026-06-21 16:07:30 - INFO -   Matrix range     [5e-01, 9e+04]
  Objective range  [5e-07, 9e-02]
2026-06-21 16:07:30 - INFO -   Objective range  [5e-07, 9e-02]
  Bounds range     [1e+00, 7e+06]
2026-06-21 16:07:30 - INFO -   Bounds range     [1e+00, 7e+06]
  RHS range        [1e+00, 3e+02]
2026-06-21 16:07:30 - INFO -   RHS range        [1e+00, 3e+02]

2026-06-21 16:07:30 - INFO - 
Presolve removed 64 rows and 55 columns
2026-06-21 16:07:30 - INFO - Presolve removed 64 rows and 55 columns
Presolve time: 0.00s
2026-06-21 16:07:30 - INFO - Presolve time: 0.00s
Presolved: 401 rows, 173 columns, 1266 nonzeros
2026-06-21 16:07:30 - INFO - Presolved: 401 rows, 173 columns, 1266 nonzeros
Variable types: 71 continuous, 102 integer (102 binary)
2026-06-21 16:07:30 - INFO - Variable types: 71 continuous, 102 integer (102 binary)
Root relaxation presolve removed 27 rows and 8 columns
2026-06-21 16:07:30 - INFO - Root relaxation presolve removed 27 rows and 8 columns
Root relaxation presolved: 374 rows, 168 columns, 1207 nonzeros
2026-06-21 16:07:30 - INFO - Root relaxation presolved: 374 rows, 168 columns, 1207 nonzeros

2026-06-21 16:07:30 - INFO - 

2026-06-21 16:07:30 - INFO - 
Root relaxation: objective -1.670624e+01, 104 iterations, 0.00 seconds (0.00 work units)
2026-06-21 16:07:30 - INFO - Root relaxation: objective -1.670624e+01, 104 iterations, 0.00 seconds (0.00 work units)

2026-06-21 16:07:30 - INFO - 
    Nodes    |    Current Node    |     Objective Bounds      |     Work
2026-06-21 16:07:30 - INFO -     Nodes    |    Current Node    |     Objective Bounds      |     Work
 Expl Unexpl |  Obj  Depth IntInf | Incumbent    BestBd   Gap | It/Node Time
2026-06-21 16:07:30 - INFO -  Expl Unexpl |  Obj  Depth IntInf | Incumbent    BestBd   Gap | It/Node Time

2026-06-21 16:07:30 - INFO - 
     0     0  -16.70624    0   45          -  -16.70624      -     -    0s
2026-06-21 16:07:30 - INFO -      0     0  -16.70624    0   45          -  -16.70624      -     -    0s
H    0     0                      10.9093686  -16.70624   253%     -    0s
2026-06-21 16:07:30 - INFO - H    0     0                      10.9093686  -16.70624   253%     -    0s
H    0     0                      10.5463231  -16.70624   258%     -    0s
2026-06-21 16:07:30 - INFO - H    0     0                      10.5463231  -16.70624   258%     -    0s
H    0     0                       8.8217468  -10.99235   225%     -    0s
2026-06-21 16:07:30 - INFO - H    0     0                       8.8217468  -10.99235   225%     -    0s
H    0     0                       7.5378599  -10.78255   243%     -    0s
2026-06-21 16:07:30 - INFO - H    0     0                       7.5378599  -10.78255   243%     -    0s
     0     0  -10.78255    0   52    7.53786  -10.78255   243%     -    0s
2026-06-21 16:07:30 - INFO -      0     0  -10.78255    0   52    7.53786  -10.78255   243%     -    0s
     0     0  -10.78255    0   52    7.53786  -10.78255   243%     -    0s
2026-06-21 16:07:30 - INFO -      0     0  -10.78255    0   52    7.53786  -10.78255   243%     -    0s
     0     0   -0.05468    0   56    7.53786   -0.05468   101%     -    0s
2026-06-21 16:07:30 - INFO -      0     0   -0.05468    0   56    7.53786   -0.05468   101%     -    0s
     0     0   -0.05468    0   56    7.53786   -0.05468   101%     -    0s
2026-06-21 16:07:30 - INFO -      0     0   -0.05468    0   56    7.53786   -0.05468   101%     -    0s
H    0     0                       7.3828606   -0.05468   101%     -    0s
2026-06-21 16:07:30 - INFO - H    0     0                       7.3828606   -0.05468   101%     -    0s
     0     0    1.06717    0   45    7.38286    1.06717  85.5%     -    0s
2026-06-21 16:07:30 - INFO -      0     0    1.06717    0   45    7.38286    1.06717  85.5%     -    0s
     0     0    1.06717    0   42    7.38286    1.06717  85.5%     -    0s
2026-06-21 16:07:30 - INFO -      0     0    1.06717    0   42    7.38286    1.06717  85.5%     -    0s
     0     0    1.06717    0   34    7.38286    1.06717  85.5%     -    0s
2026-06-21 16:07:30 - INFO -      0     0    1.06717    0   34    7.38286    1.06717  85.5%     -    0s
     0     0    3.00342    0   36    7.38286    3.00342  59.3%     -    0s
2026-06-21 16:07:30 - INFO -      0     0    3.00342    0   36    7.38286    3.00342  59.3%     -    0s
     0     0    3.00342    0   42    7.38286    3.00342  59.3%     -    0s
2026-06-21 16:07:30 - INFO -      0     0    3.00342    0   42    7.38286    3.00342  59.3%     -    0s
     0     0    3.00342    0   40    7.38286    3.00342  59.3%     -    0s
2026-06-21 16:07:30 - INFO -      0     0    3.00342    0   40    7.38286    3.00342  59.3%     -    0s
     0     0    3.00342    0   39    7.38286    3.00342  59.3%     -    0s
2026-06-21 16:07:30 - INFO -      0     0    3.00342    0   39    7.38286    3.00342  59.3%     -    0s
     0     0    3.87397    0   34    7.38286    3.87397  47.5%     -    0s
2026-06-21 16:07:30 - INFO -      0     0    3.87397    0   34    7.38286    3.87397  47.5%     -    0s
     0     0    3.87397    0   34    7.38286    3.87397  47.5%     -    0s
2026-06-21 16:07:30 - INFO -      0     0    3.87397    0   34    7.38286    3.87397  47.5%     -    0s
     0     0    3.87397    0   34    7.38286    3.87397  47.5%     -    0s
2026-06-21 16:07:30 - INFO -      0     0    3.87397    0   34    7.38286    3.87397  47.5%     -    0s
H    0     0                       7.3632729    4.31915  41.3%     -    0s
2026-06-21 16:07:30 - INFO - H    0     0                       7.3632729    4.31915  41.3%     -    0s
     0     0    4.31915    0   45    7.36327    4.31915  41.3%     -    0s
2026-06-21 16:07:30 - INFO -      0     0    4.31915    0   45    7.36327    4.31915  41.3%     -    0s
     0     0    4.44575    0   49    7.36327    4.44575  39.6%     -    0s
2026-06-21 16:07:30 - INFO -      0     0    4.44575    0   49    7.36327    4.44575  39.6%     -    0s
     0     0    4.47186    0   52    7.36327    4.47186  39.3%     -    0s
2026-06-21 16:07:30 - INFO -      0     0    4.47186    0   52    7.36327    4.47186  39.3%     -    0s
     0     0    4.49227    0   49    7.36327    4.49227  39.0%     -    0s
2026-06-21 16:07:30 - INFO -      0     0    4.49227    0   49    7.36327    4.49227  39.0%     -    0s
     0     0    5.08867    0   47    7.36327    5.08867  30.9%     -    0s
2026-06-21 16:07:30 - INFO -      0     0    5.08867    0   47    7.36327    5.08867  30.9%     -    0s
     0     0    5.08867    0   45    7.36327    5.08867  30.9%     -    0s
2026-06-21 16:07:30 - INFO -      0     0    5.08867    0   45    7.36327    5.08867  30.9%     -    0s
     0     0    5.08867    0   45    7.36327    5.08867  30.9%     -    0s
2026-06-21 16:07:30 - INFO -      0     0    5.08867    0   45    7.36327    5.08867  30.9%     -    0s
H    0     0                       7.1899518    5.29069  26.4%     -    0s
2026-06-21 16:07:30 - INFO - H    0     0                       7.1899518    5.29069  26.4%     -    0s
H    0     0                       7.1888991    5.29069  26.4%     -    0s
2026-06-21 16:07:30 - INFO - H    0     0                       7.1888991    5.29069  26.4%     -    0s
H    0     0                       6.9105598    5.29069  23.4%     -    0s
2026-06-21 16:07:30 - INFO - H    0     0                       6.9105598    5.29069  23.4%     -    0s
     0     0    5.29069    0   47    6.91056    5.29069  23.4%     -    0s
2026-06-21 16:07:30 - INFO -      0     0    5.29069    0   47    6.91056    5.29069  23.4%     -    0s
     0     0    5.32693    0   57    6.91056    5.32693  22.9%     -    0s
2026-06-21 16:07:30 - INFO -      0     0    5.32693    0   57    6.91056    5.32693  22.9%     -    0s
     0     0    5.32717    0   60    6.91056    5.32717  22.9%     -    0s
2026-06-21 16:07:30 - INFO -      0     0    5.32717    0   60    6.91056    5.32717  22.9%     -    0s
     0     0    5.60462    0   50    6.91056    5.60462  18.9%     -    0s
2026-06-21 16:07:30 - INFO -      0     0    5.60462    0   50    6.91056    5.60462  18.9%     -    0s
     0     0    5.60462    0   46    6.91056    5.60462  18.9%     -    0s
2026-06-21 16:07:30 - INFO -      0     0    5.60462    0   46    6.91056    5.60462  18.9%     -    0s
     0     0    5.60462    0   40    6.91056    5.60462  18.9%     -    0s
2026-06-21 16:07:30 - INFO -      0     0    5.60462    0   40    6.91056    5.60462  18.9%     -    0s
     0     0    5.63501    0   58    6.91056    5.63501  18.5%     -    0s
2026-06-21 16:07:30 - INFO -      0     0    5.63501    0   58    6.91056    5.63501  18.5%     -    0s
     0     0    5.67876    0   58    6.91056    5.67876  17.8%     -    0s
2026-06-21 16:07:30 - INFO -      0     0    5.67876    0   58    6.91056    5.67876  17.8%     -    0s
     0     0    5.67876    0   60    6.91056    5.67876  17.8%     -    0s
2026-06-21 16:07:30 - INFO -      0     0    5.67876    0   60    6.91056    5.67876  17.8%     -    0s
     0     0    5.69459    0   58    6.91056    5.69459  17.6%     -    0s
2026-06-21 16:07:30 - INFO -      0     0    5.69459    0   58    6.91056    5.69459  17.6%     -    0s
     0     0    5.69459    0   58    6.91056    5.69459  17.6%     -    0s
2026-06-21 16:07:30 - INFO -      0     0    5.69459    0   58    6.91056    5.69459  17.6%     -    0s
     0     0    5.69459    0   58    6.91056    5.69459  17.6%     -    0s
2026-06-21 16:07:30 - INFO -      0     0    5.69459    0   58    6.91056    5.69459  17.6%     -    0s
H    0     0                       6.6567577    5.74811  13.7%     -    0s
2026-06-21 16:07:30 - INFO - H    0     0                       6.6567577    5.74811  13.7%     -    0s
     0     0    5.74811    0   54    6.65676    5.74811  13.7%     -    0s
2026-06-21 16:07:30 - INFO -      0     0    5.74811    0   54    6.65676    5.74811  13.7%     -    0s
     0     0    5.74811    0   60    6.65676    5.74811  13.7%     -    0s
2026-06-21 16:07:30 - INFO -      0     0    5.74811    0   60    6.65676    5.74811  13.7%     -    0s
H    0     0                       6.6156827    5.74811  13.1%     -    0s
2026-06-21 16:07:30 - INFO - H    0     0                       6.6156827    5.74811  13.1%     -    0s
     0     0    5.77730    0   58    6.61568    5.77730  12.7%     -    0s
2026-06-21 16:07:30 - INFO -      0     0    5.77730    0   58    6.61568    5.77730  12.7%     -    0s
     0     0    5.77730    0   58    6.61568    5.77730  12.7%     -    0s
2026-06-21 16:07:30 - INFO -      0     0    5.77730    0   58    6.61568    5.77730  12.7%     -    0s
     0     0    5.77730    0   44    6.61568    5.77730  12.7%     -    0s
2026-06-21 16:07:30 - INFO -      0     0    5.77730    0   44    6.61568    5.77730  12.7%     -    0s
     0     0    5.80548    0   44    6.61568    5.80548  12.2%     -    0s
2026-06-21 16:07:30 - INFO -      0     0    5.80548    0   44    6.61568    5.80548  12.2%     -    0s
     0     0    5.80548    0   44    6.61568    5.80548  12.2%     -    0s
2026-06-21 16:07:30 - INFO -      0     0    5.80548    0   44    6.61568    5.80548  12.2%     -    0s
     0     2    5.80548    0   43    6.61568    5.80548  12.2%     -    0s
2026-06-21 16:07:30 - INFO -      0     2    5.80548    0   43    6.61568    5.80548  12.2%     -    0s
H    4     8                       6.5400794    5.84406  10.6%  27.2    0s
2026-06-21 16:07:30 - INFO - H    4     8                       6.5400794    5.84406  10.6%  27.2    0s
H   76   118                       6.5106978    6.33596  2.68%  27.3    0s
2026-06-21 16:07:30 - INFO - H   76   118                       6.5106978    6.33596  2.68%  27.3    0s
H  172   166                       6.4910493    6.36681  1.91%  25.3    0s
2026-06-21 16:07:31 - INFO - H  172   166                       6.4910493    6.36681  1.91%  25.3    0s
H  758   393                       6.4896476    6.41560  1.14%  23.8    0s
2026-06-21 16:07:31 - INFO - H  758   393                       6.4896476    6.41560  1.14%  23.8    0s

2026-06-21 16:07:31 - INFO - 
Cutting planes:
2026-06-21 16:07:31 - INFO - Cutting planes:
  Learned: 47
2026-06-21 16:07:31 - INFO -   Learned: 47
  Gomory: 68
2026-06-21 16:07:31 - INFO -   Gomory: 68
  Lift-and-project: 26
2026-06-21 16:07:31 - INFO -   Lift-and-project: 26
  Cover: 19
2026-06-21 16:07:31 - INFO -   Cover: 19
  Implied bound: 50
2026-06-21 16:07:31 - INFO -   Implied bound: 50
  Clique: 1
2026-06-21 16:07:31 - INFO -   Clique: 1
  MIR: 250
2026-06-21 16:07:31 - INFO -   MIR: 250
  Mixing: 27
2026-06-21 16:07:31 - INFO -   Mixing: 27
  StrongCG: 1
2026-06-21 16:07:31 - INFO -   StrongCG: 1
  Flow cover: 808
2026-06-21 16:07:31 - INFO -   Flow cover: 808
  Network: 2
2026-06-21 16:07:31 - INFO -   Network: 2
  RLT: 33
2026-06-21 16:07:31 - INFO -   RLT: 33
  Relax-and-lift: 70
2026-06-21 16:07:31 - INFO -   Relax-and-lift: 70
  PSD: 5
2026-06-21 16:07:31 - INFO -   PSD: 5

2026-06-21 16:07:31 - INFO - 
Explored 1999 nodes (36138 simplex iterations) in 1.41 seconds (1.91 work units)
2026-06-21 16:07:31 - INFO - Explored 1999 nodes (36138 simplex iterations) in 1.41 seconds (1.91 work units)
Thread count was 28 (of 28 available processors)
2026-06-21 16:07:31 - INFO - Thread count was 28 (of 28 available processors)

2026-06-21 16:07:31 - INFO - 
Solution count 10: 6.48965 6.49105 6.5107 ... 7.36327
2026-06-21 16:07:31 - INFO - Solution count 10: 6.48965 6.49105 6.5107 ... 7.36327

2026-06-21 16:07:31 - INFO - 
Optimal solution found (tolerance 0.00e+00)
2026-06-21 16:07:31 - INFO - Optimal solution found (tolerance 0.00e+00)
Best objective 6.489647639948e+00, best bound 6.489647639948e+00, gap 0.0000%
2026-06-21 16:07:31 - INFO - Best objective 6.489647639948e+00, best bound 6.489647639948e+00, gap 0.0000%
[EMIB] Solve done: MIPGap=0.0, status=Optimal, Obj=6.489648, time=1.41s, SolCount=10


================================================================================
ILP MODEL ANALYSIS REPORT - Chiplet Placement ILP (Gap=0.0)
Generated: 2026-06-21 16:07:31
================================================================================

[MODEL STRUCTURE]
  Constraints (rows):                    465
  Variables (columns):                   228
  Non-zero elements:                    1499
  Objective coefficients:                  4

[VARIABLE TYPES]
  Continuous:                            117
  Integer:                                 0
  Binary:                                111

[CONSTRAINT TYPES]
  <= constraints:                              234
  == constraints:                               81
  >= constraints:                              150

[COEFFICIENT STATISTICS]
  Matrix range:              [5.00e-01, 8.70e+04]
  Objective range:           [4.66e-07, 9.12e-02]
  Bounds range:              [-2.82e+02, 6.93e+06]

[SOLVE STATISTICS]
  Status:                    Optimal
  Objective value:                  6.489648
  Best bound:                       6.489648
  MIP gap:                           0.0000%
  Solve time (s):                       1.41
  Solutions found:                        10
  Nodes explored:                     1999.0
  Simplex iterations:                36138.0

[MEMORY USAGE]
  Initial memory:                     96.73 MB
  Peak memory:                       197.95 MB
  Final memory:                      197.95 MB
  Peak increase:                     101.21 MB
  Final increase:                    101.21 MB

================================================================================

================================================================================
[OBJECTIVE FUNCTION BREAKDOWN - SOLUTION VALUES]
================================================================================

[Actual Variable Values]
  wirelength: 4.638336e+04
  bbox_area_proxy_t: 5.942800e+01
  aspect_ratio_penalty: 7.685000e+00
  power_aware_penalty: 6.593884e+06

[Normalized Values]
  norm_wirelength = 4.638336e+04 / 5.685245e+04 = 8.158551e-01
  norm_t = 5.942800e+01 / 6.580144e+01 = 9.031413e-01
  norm_aspect = 7.685000e+00 / 1.236000e+01 = 6.217638e-01
  norm_power = 6.593884e+06 / 4.294778e+06 = 1.535326e+00

[Weighted Contributions]
  1. Wirelength: 5.000000e+00 * 8.158551e-01 = 4.079276e+00
  2. Area: 6.000000e+00 * 9.031413e-01 = 5.418848e+00
  3. Aspect Ratio: 1.000000e-01 * 6.217638e-01 = 6.217638e-02
  4. Power Awareness: -2.000000e+00 * 1.535326e+00 = -3.070652e+00

[Total Objective Value]
  4.079276e+00 + 5.418848e+00 + 6.217638e-02 - 3.070652e+00
  = 6.489648e+00
================================================================================

[EMIB] Solve succeeded (Optimal)
[EMIB] placement JSON saved: /root/placement/MPDAP/output_gurobi_EMIB_chiplet_5_6_01_2/placement/multigpu.json
[EMIB] Layout figure saved: /root/placement/MPDAP/output_gurobi_EMIB_chiplet_5_6_01_2/fig/multigpu_core/solution_1_layout_gurobi.png
2026-06-21 16:07:35 - INFO - 
EMIB returned 1 solution(s) (max 1).
  ✓ EMIB: 1 solution(s)

================================================================================
Batch test done (Gurobi)
  Total time: 4.70 s
================================================================================
File summary:
  Success: 1/1
  Failed: 0/1
Solution count:
  Found: 1/1

Details:
  ✓ multigpu.json -> multigpu_core: 1 solution(s)
    Log dir: /root/placement/MPDAP/output_gurobi_EMIB_chiplet_5_6_01_2/log/multigpu_core
    LP dir: /root/placement/MPDAP/output_gurobi_EMIB_chiplet_5_6_01_2/lp/multigpu_core
    Fig dir: /root/placement/MPDAP/output_gurobi_EMIB_chiplet_5_6_01_2/fig/multigpu_core
    Placement: /root/placement/MPDAP/output_gurobi_EMIB_chiplet_5_6_01_2/placement/multigpu.json
================================================================================

