
================================================================================
Batch test start (Gurobi)
================================================================================
Test input dir: /root/placement/MPDAP/benchmark/test_input
Output base dir: /root/placement/MPDAP/output_gurobi_EMIB_chiplet_5_6_01_2
Found 1 test file(s)
Files to process: xerox6_m.json
================================================================================


[1/1] Processing: xerox6_m.json
  Core name: xerox6_m_core
  Log dir: /root/placement/MPDAP/output_gurobi_EMIB_chiplet_5_6_01_2/log/xerox6_m_core
  LP dir: /root/placement/MPDAP/output_gurobi_EMIB_chiplet_5_6_01_2/lp/xerox6_m_core
  Fig dir: /root/placement/MPDAP/output_gurobi_EMIB_chiplet_5_6_01_2/fig/xerox6_m_core
  Placement file: /root/placement/MPDAP/output_gurobi_EMIB_chiplet_5_6_01_2/placement/xerox6_m.json
2026-06-21 14:51:10 - INFO - Calling EMIB solver (Gurobi)...
node 0 w: 6.16, h: 12.95
node 1 w: 4.9, h: 12.95
node 2 w: 8.4, h: 7.56
node 3 w: 11.62, h: 19.39
node 4 w: 12.18, h: 16.52
node 5 w: 8.82, h: 13.16
  (A,E): node1=A, node2=E, wireCount=512, EMIBType=interfaceB, EMIB_length=1.7067, EMIB_max_width=3.0, width=2.0, height=1.7067, bump_width=1.0000
  (A,F): node1=A, node2=F, wireCount=256, EMIBType=interfaceB, EMIB_length=0.8533, EMIB_max_width=3.0, width=2.0, height=0.8533, bump_width=1.0000
  (B,C): node1=B, node2=C, wireCount=256, EMIBType=interfaceB, EMIB_length=0.8533, EMIB_max_width=3.0, width=2.0, height=0.8533, bump_width=1.0000
  (C,E): node1=C, node2=E, wireCount=256, EMIBType=interfaceB, EMIB_length=0.8533, EMIB_max_width=3.0, width=2.0, height=0.8533, bump_width=1.0000
  (C,F): node1=C, node2=F, wireCount=512, EMIBType=interfaceB, EMIB_length=1.7067, EMIB_max_width=3.0, width=2.0, height=1.7067, bump_width=1.0000
  (D,E): node1=D, node2=E, wireCount=512, EMIBType=interfaceB, EMIB_length=1.7067, EMIB_max_width=3.0, width=2.0, height=1.7067, bump_width=1.0000
  (D,F): node1=D, node2=F, wireCount=256, EMIBType=interfaceB, EMIB_length=0.8533, EMIB_max_width=3.0, width=2.0, height=0.8533, bump_width=1.0000
  (E,F): node1=E, node2=F, wireCount=256, EMIBType=interfaceB, EMIB_length=0.8533, EMIB_max_width=3.0, width=2.0, height=0.8533, bump_width=1.0000
  (0,4): [A, E, 512, interfaceB, 1.7067, 3.0]
  (0,5): [A, F, 256, interfaceB, 0.8533, 3.0]
  (1,2): [B, C, 256, interfaceB, 0.8533, 3.0]
  (2,4): [C, E, 256, interfaceB, 0.8533, 3.0]
  (2,5): [C, F, 512, interfaceB, 1.7067, 3.0]
  (3,4): [D, E, 512, interfaceB, 1.7067, 3.0]
  (3,5): [D, F, 256, interfaceB, 0.8533, 3.0]
  (4,5): [E, F, 256, interfaceB, 0.8533, 3.0]
Set parameter WLSAccessID
2026-06-21 14:51:10 - INFO - Set parameter WLSAccessID
Set parameter WLSSecret
2026-06-21 14:51:10 - INFO - Set parameter WLSSecret
Set parameter LicenseID to value 2756663
2026-06-21 14:51:10 - INFO - Set parameter LicenseID to value 2756663
Academic license 2756663 - for non-commercial use only - registered to hu___@sjtu.edu.cn
2026-06-21 14:51:10 - INFO - Academic license 2756663 - for non-commercial use only - registered to hu___@sjtu.edu.cn
EMIB_w_var: {(0, 4): <gurobi.Var *Awaiting Model Update*>, (0, 5): <gurobi.Var *Awaiting Model Update*>, (1, 2): <gurobi.Var *Awaiting Model Update*>, (2, 4): <gurobi.Var *Awaiting Model Update*>, (2, 5): <gurobi.Var *Awaiting Model Update*>, (3, 4): <gurobi.Var *Awaiting Model Update*>, (3, 5): <gurobi.Var *Awaiting Model Update*>, (4, 5): <gurobi.Var *Awaiting Model Update*>}
EMIB_h_var: {(0, 4): <gurobi.Var *Awaiting Model Update*>, (0, 5): <gurobi.Var *Awaiting Model Update*>, (1, 2): <gurobi.Var *Awaiting Model Update*>, (2, 4): <gurobi.Var *Awaiting Model Update*>, (2, 5): <gurobi.Var *Awaiting Model Update*>, (3, 4): <gurobi.Var *Awaiting Model Update*>, (3, 5): <gurobi.Var *Awaiting Model Update*>, (4, 5): <gurobi.Var *Awaiting Model Update*>}
EMIB_connected_pairs: {(0, 4): EMIBNode(node1='A', node2='E', wireCount=512, EMIBType='interfaceB', EMIB_length=1.7067, EMIB_bump_width=1.0, EMIB_max_width=3.0, width=2.0, height=1.7067), (0, 5): EMIBNode(node1='A', node2='F', wireCount=256, EMIBType='interfaceB', EMIB_length=0.8533, EMIB_bump_width=1.0, EMIB_max_width=3.0, width=2.0, height=0.8533), (1, 2): EMIBNode(node1='B', node2='C', wireCount=256, EMIBType='interfaceB', EMIB_length=0.8533, EMIB_bump_width=1.0, EMIB_max_width=3.0, width=2.0, height=0.8533), (2, 4): EMIBNode(node1='C', node2='E', wireCount=256, EMIBType='interfaceB', EMIB_length=0.8533, EMIB_bump_width=1.0, EMIB_max_width=3.0, width=2.0, height=0.8533), (2, 5): EMIBNode(node1='C', node2='F', wireCount=512, EMIBType='interfaceB', EMIB_length=1.7067, EMIB_bump_width=1.0, EMIB_max_width=3.0, width=2.0, height=1.7067), (3, 4): EMIBNode(node1='D', node2='E', wireCount=512, EMIBType='interfaceB', EMIB_length=1.7067, EMIB_bump_width=1.0, EMIB_max_width=3.0, width=2.0, height=1.7067), (3, 5): EMIBNode(node1='D', node2='F', wireCount=256, EMIBType='interfaceB', EMIB_length=0.8533, EMIB_bump_width=1.0, EMIB_max_width=3.0, width=2.0, height=0.8533), (4, 5): EMIBNode(node1='E', node2='F', wireCount=256, EMIBType='interfaceB', EMIB_length=0.8533, EMIB_bump_width=1.0, EMIB_max_width=3.0, width=2.0, height=0.8533)}
[POWER_AWARE] Mutual Distancing: ENABLED
[POWER_AWARE] Central Avoidance: ENABLED
[POWER_AWARE] Power Aware Optimization: ENABLED
[POWER_AWARE] Selected high-power chiplets: 1 (density threshold: 1.4498463478055315)
[POWER_AWARE] High-power chiplet indices: [1]
[POWER_AWARE] Mutual Distancing: NOT ADDED - Insufficient high-power chiplet pairs (found 1, need at least 2)
[POWER_AWARE] Central Avoidance: Creating away-from-center constraints for 1 high-power chiplets
[DEBUG] chiplet 1 in top 30% power density, add away-from-center constraint
[POWER_AWARE] Central Avoidance: Added away-from-center constraints for 1 high-power chiplets
[DEBUG] L_avg: 27.37384883424324
[DEBUG] total_area: 749.3276
[POWER_AWARE] Normalization factor calculation:
[POWER_AWARE]   - High-power chiplets: 1
[POWER_AWARE]   - Mutual Distancing enabled: True
[POWER_AWARE]   - Central Avoidance enabled: True
[POWER_AWARE]   - pair_sum (MD): 0.000000e+00
[POWER_AWARE]   - self_sum (CA): 8.464000e+03
[POWER_AWARE]   - total_sum (pair + self): 8.464000e+03
[POWER_AWARE]   - ref_power: 1.158461e+05
[DEBUG] ref_wirelength: 38542.37915861448
[DEBUG] ref_t: 54.74769766848648
[DEBUG] ref_power: 115846.1282665174
[DEBUG] ref_aspect: 32.12999999999999

================================================================================
[OBJECTIVE FUNCTION DETAILS]
================================================================================

[Normalization Reference Values]
  ref_wirelength: 3.854238e+04
  ref_t (area proxy): 5.474770e+01
  ref_power: 1.158461e+05
  ref_aspect: 3.213000e+01

[Beta Weights]
  beta_wire: 5.000000e+00
  beta_area: 6.000000e+00
  beta_aspect: 1.000000e-01
  beta_power: 2.000000e+00

[Objective Function Components]
  1. Wirelength term:
     norm_wirelength = wirelength / ref_wirelength
     contribution = beta_wire * norm_wirelength = 5.0 * norm_wirelength
  2. Area term:
     norm_t = t / ref_t
     contribution = beta_area * norm_t = 6.0 * norm_t
  3. Aspect Ratio term:
     norm_aspect = aspect_ratio_penalty / ref_aspect
     contribution = beta_aspect * norm_aspect = 0.1 * norm_aspect
  4. Power Awareness term:
     norm_power = power_aware_penalty / ref_power
     contribution = - beta_power * norm_power = - 2.0 * norm_power

[Objective Function Formula]
  minimize: 5.0 * wirelength/ref_wirelength
          + 6.0 * t/ref_t
          + 0.1 * aspect_ratio_penalty/ref_aspect
          - 2.0 * power_aware_penalty/ref_power
================================================================================


[EMIB] ILP Model construction completed. Analyzing model structure...
================================================================================
ILP MODEL ANALYSIS REPORT - Chiplet Placement ILP (Construction Complete)
Generated: 2026-06-21 14:51:10
================================================================================

[MODEL STRUCTURE]
  Constraints (rows):                      0
  Variables (columns):                     0
  Non-zero elements:                       0
  Objective coefficients:                  0

[VARIABLE TYPES]
  Continuous:                              0
  Integer:                                 0
  Binary:                                  0

[CONSTRAINT TYPES]

[COEFFICIENT STATISTICS]

[SOLVE STATISTICS]
  Status:                    Unknown(1)
  Solve time (s):                       0.00
  Solutions found:                         0
  Nodes explored:            (not available)
  Simplex iterations:        (not available)

[MEMORY USAGE]
  Initial memory:                     96.29 MB
  Peak memory:                         0.00 MB
  Final memory:                        0.00 MB
  Peak increase:                     -96.29 MB
  Final increase:                    -96.29 MB

================================================================================
Set parameter TimeLimit to value 300
2026-06-21 14:51:10 - INFO - Set parameter TimeLimit to value 300
Set parameter MIPGap to value 0
2026-06-21 14:51:10 - INFO - Set parameter MIPGap to value 0
Set parameter MIPFocus to value 3
2026-06-21 14:51:10 - INFO - Set parameter MIPFocus to value 3
Set parameter Heuristics to value 0.5
2026-06-21 14:51:10 - INFO - Set parameter Heuristics to value 0.5
Set parameter LogToConsole to value 1
2026-06-21 14:51:10 - INFO - Set parameter LogToConsole to value 1
Gurobi Optimizer version 13.0.1 build v13.0.1rc0 (linux64 - "Ubuntu 20.04.6 LTS")
2026-06-21 14:51:10 - INFO - Gurobi Optimizer version 13.0.1 build v13.0.1rc0 (linux64 - "Ubuntu 20.04.6 LTS")

2026-06-21 14:51:10 - INFO - 
CPU model: AMD Ryzen 9 9950X3D 16-Core Processor, instruction set [SSE2|AVX|AVX2|AVX512]
2026-06-21 14:51:10 - INFO - CPU model: AMD Ryzen 9 9950X3D 16-Core Processor, instruction set [SSE2|AVX|AVX2|AVX512]
Thread count: 14 physical cores, 28 logical processors, using up to 28 threads
2026-06-21 14:51:10 - INFO - Thread count: 14 physical cores, 28 logical processors, using up to 28 threads

2026-06-21 14:51:10 - INFO - 
Non-default parameters:
2026-06-21 14:51:10 - INFO - Non-default parameters:
TimeLimit  300
2026-06-21 14:51:10 - INFO - TimeLimit  300
MIPGap  0
2026-06-21 14:51:10 - INFO - MIPGap  0
Heuristics  0.5
2026-06-21 14:51:10 - INFO - Heuristics  0.5
MIPFocus  3
2026-06-21 14:51:10 - INFO - MIPFocus  3

2026-06-21 14:51:10 - INFO - 
Academic license 2756663 - for non-commercial use only - registered to hu___@sjtu.edu.cn
2026-06-21 14:51:10 - INFO - Academic license 2756663 - for non-commercial use only - registered to hu___@sjtu.edu.cn
Optimize a model with 836 rows, 389 columns and 2833 nonzeros (Min)
2026-06-21 14:51:10 - INFO - Optimize a model with 836 rows, 389 columns and 2833 nonzeros (Min)
Model fingerprint: 0x2d56a75b
2026-06-21 14:51:10 - INFO - Model fingerprint: 0x2d56a75b
Model has 4 linear objective coefficients
2026-06-21 14:51:10 - INFO - Model has 4 linear objective coefficients
Variable types: 165 continuous, 224 integer (224 binary)
2026-06-21 14:51:10 - INFO - Variable types: 165 continuous, 224 integer (224 binary)
Coefficient statistics:
2026-06-21 14:51:10 - INFO - Coefficient statistics:
  Matrix range     [3e-01, 8e+03]
2026-06-21 14:51:10 - INFO -   Matrix range     [3e-01, 8e+03]
  Objective range  [2e-05, 1e-01]
2026-06-21 14:51:10 - INFO -   Objective range  [2e-05, 1e-01]
  Bounds range     [9e-01, 8e+06]
2026-06-21 14:51:10 - INFO -   Bounds range     [9e-01, 8e+06]
  RHS range        [9e-01, 2e+02]
2026-06-21 14:51:10 - INFO -   RHS range        [9e-01, 2e+02]

2026-06-21 14:51:10 - INFO - 
Presolve removed 86 rows and 74 columns
2026-06-21 14:51:10 - INFO - Presolve removed 86 rows and 74 columns
Presolve time: 0.01s
2026-06-21 14:51:10 - INFO - Presolve time: 0.01s
Presolved: 750 rows, 315 columns, 2666 nonzeros
2026-06-21 14:51:10 - INFO - Presolved: 750 rows, 315 columns, 2666 nonzeros
Variable types: 107 continuous, 208 integer (208 binary)
2026-06-21 14:51:10 - INFO - Variable types: 107 continuous, 208 integer (208 binary)
Root relaxation presolve removed 42 rows and 10 columns
2026-06-21 14:51:10 - INFO - Root relaxation presolve removed 42 rows and 10 columns
Root relaxation presolved: 708 rows, 317 columns, 2576 nonzeros
2026-06-21 14:51:10 - INFO - Root relaxation presolved: 708 rows, 317 columns, 2576 nonzeros

2026-06-21 14:51:10 - INFO - 

2026-06-21 14:51:10 - INFO - 
Root relaxation: objective -2.897861e+01, 177 iterations, 0.00 seconds (0.01 work units)
2026-06-21 14:51:10 - INFO - Root relaxation: objective -2.897861e+01, 177 iterations, 0.00 seconds (0.01 work units)

2026-06-21 14:51:10 - INFO - 
    Nodes    |    Current Node    |     Objective Bounds      |     Work
2026-06-21 14:51:10 - INFO -     Nodes    |    Current Node    |     Objective Bounds      |     Work
 Expl Unexpl |  Obj  Depth IntInf | Incumbent    BestBd   Gap | It/Node Time
2026-06-21 14:51:10 - INFO -  Expl Unexpl |  Obj  Depth IntInf | Incumbent    BestBd   Gap | It/Node Time

2026-06-21 14:51:10 - INFO - 
     0     0  -28.97861    0   84          -  -28.97861      -     -    0s
2026-06-21 14:51:10 - INFO -      0     0  -28.97861    0   84          -  -28.97861      -     -    0s
     0     0   -2.96052    0   97          -   -2.96052      -     -    0s
2026-06-21 14:51:10 - INFO -      0     0   -2.96052    0   97          -   -2.96052      -     -    0s
     0     0   -2.96052    0   79          -   -2.96052      -     -    0s
2026-06-21 14:51:10 - INFO -      0     0   -2.96052    0   79          -   -2.96052      -     -    0s
     0     0    2.06515    0   81          -    2.06515      -     -    0s
2026-06-21 14:51:10 - INFO -      0     0    2.06515    0   81          -    2.06515      -     -    0s
     0     0    2.06515    0   83          -    2.06515      -     -    0s
2026-06-21 14:51:10 - INFO -      0     0    2.06515    0   83          -    2.06515      -     -    0s
     0     0    2.06515    0   75          -    2.06515      -     -    0s
2026-06-21 14:51:10 - INFO -      0     0    2.06515    0   75          -    2.06515      -     -    0s
     0     0    3.40494    0   76          -    3.40494      -     -    0s
2026-06-21 14:51:10 - INFO -      0     0    3.40494    0   76          -    3.40494      -     -    0s
     0     0    3.40604    0   79          -    3.40604      -     -    0s
2026-06-21 14:51:10 - INFO -      0     0    3.40604    0   79          -    3.40604      -     -    0s
     0     0    3.71058    0  104          -    3.71058      -     -    0s
2026-06-21 14:51:10 - INFO -      0     0    3.71058    0  104          -    3.71058      -     -    0s
     0     0    3.71058    0  103          -    3.71058      -     -    0s
2026-06-21 14:51:10 - INFO -      0     0    3.71058    0  103          -    3.71058      -     -    0s
     0     0    3.71058    0   72          -    3.71058      -     -    0s
2026-06-21 14:51:10 - INFO -      0     0    3.71058    0   72          -    3.71058      -     -    0s
     0     0    4.09704    0   69          -    4.09704      -     -    0s
2026-06-21 14:51:10 - INFO -      0     0    4.09704    0   69          -    4.09704      -     -    0s
     0     0    4.09704    0   72          -    4.09704      -     -    0s
2026-06-21 14:51:10 - INFO -      0     0    4.09704    0   72          -    4.09704      -     -    0s
     0     0    4.25766    0   89          -    4.25766      -     -    0s
2026-06-21 14:51:10 - INFO -      0     0    4.25766    0   89          -    4.25766      -     -    0s
     0     0    4.25766    0   89          -    4.25766      -     -    0s
2026-06-21 14:51:10 - INFO -      0     0    4.25766    0   89          -    4.25766      -     -    0s
     0     0    4.25766    0   89          -    4.25766      -     -    0s
2026-06-21 14:51:10 - INFO -      0     0    4.25766    0   89          -    4.25766      -     -    0s
     0     0    4.47220    0   89          -    4.47220      -     -    0s
2026-06-21 14:51:10 - INFO -      0     0    4.47220    0   89          -    4.47220      -     -    0s
     0     0    4.47220    0   87          -    4.47220      -     -    0s
2026-06-21 14:51:10 - INFO -      0     0    4.47220    0   87          -    4.47220      -     -    0s
     0     2    4.47220    0   87          -    4.47220      -     -    1s
2026-06-21 14:51:11 - INFO -      0     2    4.47220    0   87          -    4.47220      -     -    1s

2026-06-21 14:51:14 - INFO - 
Cutting planes:
2026-06-21 14:51:14 - INFO - Cutting planes:
  Learned: 2
2026-06-21 14:51:14 - INFO -   Learned: 2
  Gomory: 66
2026-06-21 14:51:14 - INFO -   Gomory: 66
  Lift-and-project: 42
2026-06-21 14:51:14 - INFO -   Lift-and-project: 42
  Implied bound: 1
2026-06-21 14:51:14 - INFO -   Implied bound: 1
  MIR: 21
2026-06-21 14:51:14 - INFO -   MIR: 21
  Mixing: 1
2026-06-21 14:51:14 - INFO -   Mixing: 1
  Flow cover: 204
2026-06-21 14:51:14 - INFO -   Flow cover: 204
  Inf proof: 9
2026-06-21 14:51:14 - INFO -   Inf proof: 9
  RLT: 1
2026-06-21 14:51:14 - INFO -   RLT: 1

2026-06-21 14:51:14 - INFO - 
Explored 9773 nodes (288696 simplex iterations) in 4.60 seconds (7.07 work units)
2026-06-21 14:51:14 - INFO - Explored 9773 nodes (288696 simplex iterations) in 4.60 seconds (7.07 work units)
Thread count was 28 (of 28 available processors)
2026-06-21 14:51:14 - INFO - Thread count was 28 (of 28 available processors)

2026-06-21 14:51:14 - INFO - 
Solution count 0
2026-06-21 14:51:14 - INFO - Solution count 0

2026-06-21 14:51:14 - INFO - 
Model is infeasible or unbounded
2026-06-21 14:51:14 - INFO - Model is infeasible or unbounded
Best objective -, best bound -, gap -
2026-06-21 14:51:14 - INFO - Best objective -, best bound -, gap -
[EMIB] No feasible solution: MIPGap=0.0, status=4, time=4.60s, SolCount=0
[EMIB] Phase 1 no feasible solution, switching to phase 2 MIPGap=0.3.
Set parameter TimeLimit to value 300
2026-06-21 14:51:14 - INFO - Set parameter TimeLimit to value 300
Set parameter MIPGap to value 0.3
2026-06-21 14:51:14 - INFO - Set parameter MIPGap to value 0.3
Set parameter MIPFocus to value 3
2026-06-21 14:51:14 - INFO - Set parameter MIPFocus to value 3
Set parameter Heuristics to value 0.5
2026-06-21 14:51:14 - INFO - Set parameter Heuristics to value 0.5
Set parameter LogToConsole to value 1
2026-06-21 14:51:14 - INFO - Set parameter LogToConsole to value 1
Gurobi Optimizer version 13.0.1 build v13.0.1rc0 (linux64 - "Ubuntu 20.04.6 LTS")
2026-06-21 14:51:14 - INFO - Gurobi Optimizer version 13.0.1 build v13.0.1rc0 (linux64 - "Ubuntu 20.04.6 LTS")

2026-06-21 14:51:14 - INFO - 
CPU model: AMD Ryzen 9 9950X3D 16-Core Processor, instruction set [SSE2|AVX|AVX2|AVX512]
2026-06-21 14:51:14 - INFO - CPU model: AMD Ryzen 9 9950X3D 16-Core Processor, instruction set [SSE2|AVX|AVX2|AVX512]
Thread count: 14 physical cores, 28 logical processors, using up to 28 threads
2026-06-21 14:51:14 - INFO - Thread count: 14 physical cores, 28 logical processors, using up to 28 threads

2026-06-21 14:51:14 - INFO - 
Non-default parameters:
2026-06-21 14:51:14 - INFO - Non-default parameters:
TimeLimit  300
2026-06-21 14:51:14 - INFO - TimeLimit  300
MIPGap  0.3
2026-06-21 14:51:14 - INFO - MIPGap  0.3
Heuristics  0.5
2026-06-21 14:51:14 - INFO - Heuristics  0.5
MIPFocus  3
2026-06-21 14:51:14 - INFO - MIPFocus  3

2026-06-21 14:51:14 - INFO - 
Academic license 2756663 - for non-commercial use only - registered to hu___@sjtu.edu.cn
2026-06-21 14:51:14 - INFO - Academic license 2756663 - for non-commercial use only - registered to hu___@sjtu.edu.cn
Optimize a model with 836 rows, 389 columns and 2833 nonzeros (Min)
2026-06-21 14:51:14 - INFO - Optimize a model with 836 rows, 389 columns and 2833 nonzeros (Min)
Model fingerprint: 0x2d56a75b
2026-06-21 14:51:14 - INFO - Model fingerprint: 0x2d56a75b
Model has 4 linear objective coefficients
2026-06-21 14:51:14 - INFO - Model has 4 linear objective coefficients
Variable types: 165 continuous, 224 integer (224 binary)
2026-06-21 14:51:14 - INFO - Variable types: 165 continuous, 224 integer (224 binary)
Coefficient statistics:
2026-06-21 14:51:14 - INFO - Coefficient statistics:
  Matrix range     [3e-01, 8e+03]
2026-06-21 14:51:14 - INFO -   Matrix range     [3e-01, 8e+03]
  Objective range  [2e-05, 1e-01]
2026-06-21 14:51:14 - INFO -   Objective range  [2e-05, 1e-01]
  Bounds range     [9e-01, 8e+06]
2026-06-21 14:51:14 - INFO -   Bounds range     [9e-01, 8e+06]
  RHS range        [9e-01, 2e+02]
2026-06-21 14:51:14 - INFO -   RHS range        [9e-01, 2e+02]

2026-06-21 14:51:14 - INFO - 
Presolved: 750 rows, 315 columns, 2666 nonzeros
2026-06-21 14:51:14 - INFO - Presolved: 750 rows, 315 columns, 2666 nonzeros

2026-06-21 14:51:14 - INFO - 
Continuing optimization...
2026-06-21 14:51:14 - INFO - Continuing optimization...

2026-06-21 14:51:14 - INFO - 

2026-06-21 14:51:14 - INFO - 
Cutting planes:
2026-06-21 14:51:14 - INFO - Cutting planes:
  Learned: 2
2026-06-21 14:51:14 - INFO -   Learned: 2
  Gomory: 66
2026-06-21 14:51:14 - INFO -   Gomory: 66
  Lift-and-project: 42
2026-06-21 14:51:14 - INFO -   Lift-and-project: 42
  Implied bound: 1
2026-06-21 14:51:14 - INFO -   Implied bound: 1
  MIR: 21
2026-06-21 14:51:14 - INFO -   MIR: 21
  Mixing: 1
2026-06-21 14:51:14 - INFO -   Mixing: 1
  Flow cover: 204
2026-06-21 14:51:14 - INFO -   Flow cover: 204
  Inf proof: 9
2026-06-21 14:51:14 - INFO -   Inf proof: 9
  RLT: 1
2026-06-21 14:51:14 - INFO -   RLT: 1

2026-06-21 14:51:14 - INFO - 
Explored 9773 nodes (288696 simplex iterations) in 4.61 seconds (7.07 work units)
2026-06-21 14:51:14 - INFO - Explored 9773 nodes (288696 simplex iterations) in 4.61 seconds (7.07 work units)
Most recent optimization runtime was 0.00 seconds (0.00 work units)
2026-06-21 14:51:14 - INFO - Most recent optimization runtime was 0.00 seconds (0.00 work units)
Thread count was 28 (of 28 available processors)
2026-06-21 14:51:14 - INFO - Thread count was 28 (of 28 available processors)

2026-06-21 14:51:14 - INFO - 
Solution count 0
2026-06-21 14:51:14 - INFO - Solution count 0

2026-06-21 14:51:14 - INFO - 
Model is infeasible or unbounded
2026-06-21 14:51:14 - INFO - Model is infeasible or unbounded
Best objective -, best bound -, gap -
2026-06-21 14:51:14 - INFO - Best objective -, best bound -, gap -
[EMIB] No feasible solution: MIPGap=0.3, status=4, time=0.00s, SolCount=0
[EMIB] Phase 2 no feasible solution, switching to phase 3 MIPGap=0.8.
Set parameter TimeLimit to value 3600
2026-06-21 14:51:14 - INFO - Set parameter TimeLimit to value 3600
Set parameter MIPGap to value 0.8
2026-06-21 14:51:14 - INFO - Set parameter MIPGap to value 0.8
Set parameter MIPFocus to value 3
2026-06-21 14:51:14 - INFO - Set parameter MIPFocus to value 3
Set parameter Heuristics to value 0.5
2026-06-21 14:51:14 - INFO - Set parameter Heuristics to value 0.5
Set parameter LogToConsole to value 1
2026-06-21 14:51:14 - INFO - Set parameter LogToConsole to value 1
Gurobi Optimizer version 13.0.1 build v13.0.1rc0 (linux64 - "Ubuntu 20.04.6 LTS")
2026-06-21 14:51:14 - INFO - Gurobi Optimizer version 13.0.1 build v13.0.1rc0 (linux64 - "Ubuntu 20.04.6 LTS")

2026-06-21 14:51:14 - INFO - 
CPU model: AMD Ryzen 9 9950X3D 16-Core Processor, instruction set [SSE2|AVX|AVX2|AVX512]
2026-06-21 14:51:14 - INFO - CPU model: AMD Ryzen 9 9950X3D 16-Core Processor, instruction set [SSE2|AVX|AVX2|AVX512]
Thread count: 14 physical cores, 28 logical processors, using up to 28 threads
2026-06-21 14:51:14 - INFO - Thread count: 14 physical cores, 28 logical processors, using up to 28 threads

2026-06-21 14:51:14 - INFO - 
Non-default parameters:
2026-06-21 14:51:14 - INFO - Non-default parameters:
TimeLimit  3600
2026-06-21 14:51:14 - INFO - TimeLimit  3600
MIPGap  0.8
2026-06-21 14:51:14 - INFO - MIPGap  0.8
Heuristics  0.5
2026-06-21 14:51:14 - INFO - Heuristics  0.5
MIPFocus  3
2026-06-21 14:51:14 - INFO - MIPFocus  3

2026-06-21 14:51:14 - INFO - 
Academic license 2756663 - for non-commercial use only - registered to hu___@sjtu.edu.cn
2026-06-21 14:51:14 - INFO - Academic license 2756663 - for non-commercial use only - registered to hu___@sjtu.edu.cn
Optimize a model with 836 rows, 389 columns and 2833 nonzeros (Min)
2026-06-21 14:51:14 - INFO - Optimize a model with 836 rows, 389 columns and 2833 nonzeros (Min)
Model fingerprint: 0x2d56a75b
2026-06-21 14:51:14 - INFO - Model fingerprint: 0x2d56a75b
Model has 4 linear objective coefficients
2026-06-21 14:51:14 - INFO - Model has 4 linear objective coefficients
Variable types: 165 continuous, 224 integer (224 binary)
2026-06-21 14:51:14 - INFO - Variable types: 165 continuous, 224 integer (224 binary)
Coefficient statistics:
2026-06-21 14:51:14 - INFO - Coefficient statistics:
  Matrix range     [3e-01, 8e+03]
2026-06-21 14:51:14 - INFO -   Matrix range     [3e-01, 8e+03]
  Objective range  [2e-05, 1e-01]
2026-06-21 14:51:14 - INFO -   Objective range  [2e-05, 1e-01]
  Bounds range     [9e-01, 8e+06]
2026-06-21 14:51:14 - INFO -   Bounds range     [9e-01, 8e+06]
  RHS range        [9e-01, 2e+02]
2026-06-21 14:51:14 - INFO -   RHS range        [9e-01, 2e+02]

2026-06-21 14:51:14 - INFO - 
Presolved: 750 rows, 315 columns, 2666 nonzeros
2026-06-21 14:51:14 - INFO - Presolved: 750 rows, 315 columns, 2666 nonzeros

2026-06-21 14:51:14 - INFO - 
Continuing optimization...
2026-06-21 14:51:14 - INFO - Continuing optimization...

2026-06-21 14:51:14 - INFO - 

2026-06-21 14:51:14 - INFO - 
Cutting planes:
2026-06-21 14:51:14 - INFO - Cutting planes:
  Learned: 2
2026-06-21 14:51:14 - INFO -   Learned: 2
  Gomory: 66
2026-06-21 14:51:14 - INFO -   Gomory: 66
  Lift-and-project: 42
2026-06-21 14:51:14 - INFO -   Lift-and-project: 42
  Implied bound: 1
2026-06-21 14:51:14 - INFO -   Implied bound: 1
  MIR: 21
2026-06-21 14:51:14 - INFO -   MIR: 21
  Mixing: 1
2026-06-21 14:51:14 - INFO -   Mixing: 1
  Flow cover: 204
2026-06-21 14:51:14 - INFO -   Flow cover: 204
  Inf proof: 9
2026-06-21 14:51:14 - INFO -   Inf proof: 9
  RLT: 1
2026-06-21 14:51:14 - INFO -   RLT: 1

2026-06-21 14:51:14 - INFO - 
Explored 9773 nodes (288696 simplex iterations) in 4.61 seconds (7.07 work units)
2026-06-21 14:51:14 - INFO - Explored 9773 nodes (288696 simplex iterations) in 4.61 seconds (7.07 work units)
Most recent optimization runtime was 0.00 seconds (0.00 work units)
2026-06-21 14:51:14 - INFO - Most recent optimization runtime was 0.00 seconds (0.00 work units)
Thread count was 28 (of 28 available processors)
2026-06-21 14:51:14 - INFO - Thread count was 28 (of 28 available processors)

2026-06-21 14:51:14 - INFO - 
Solution count 0
2026-06-21 14:51:14 - INFO - Solution count 0

2026-06-21 14:51:14 - INFO - 
Model is infeasible or unbounded
2026-06-21 14:51:14 - INFO - Model is infeasible or unbounded
Best objective -, best bound -, gap -
2026-06-21 14:51:14 - INFO - Best objective -, best bound -, gap -
[EMIB] No feasible solution: MIPGap=0.8, status=4, time=0.00s, SolCount=0
[EMIB] Search failed, no feasible solution
2026-06-21 14:51:14 - INFO - 
EMIB returned 0 solution(s) (max 1).
  ✓ EMIB: 0 solution(s)

================================================================================
Batch test done (Gurobi)
  Total time: 4.62 s
================================================================================
File summary:
  Success: 1/1
  Failed: 0/1
Solution count:
  Found: 0/1

Details:
  ✓ xerox6_m.json -> xerox6_m_core: 0 solution(s)
    Log dir: /root/placement/MPDAP/output_gurobi_EMIB_chiplet_5_6_01_2/log/xerox6_m_core
    LP dir: /root/placement/MPDAP/output_gurobi_EMIB_chiplet_5_6_01_2/lp/xerox6_m_core
    Fig dir: /root/placement/MPDAP/output_gurobi_EMIB_chiplet_5_6_01_2/fig/xerox6_m_core
    Placement: /root/placement/MPDAP/output_gurobi_EMIB_chiplet_5_6_01_2/placement/xerox6_m.json
================================================================================

