node 0 w: 7.0, h: 5.0
node 1 w: 5.0, h: 5.0
node 2 w: 6.0, h:2026-06-21 18:28:16 - INFO - Set parameter WLSAccessID
2026-06-21 18:28:16 - INFO - Set parameter WLSSecret
2026-06-21 18:28:16 - INFO - Set parameter LicenseID to value 2756663
2026-06-21 18:28:16 - INFO - Academic license 2756663 - for non-commercial use only - registered to hu___@sjtu.edu.cn
2026-06-21 18:28:16 - INFO - Set parameter TimeLimit to value 300
2026-06-21 18:28:16 - INFO - Set parameter MIPGap to value 0
2026-06-21 18:28:16 - INFO - Set parameter MIPFocus to value 3
2026-06-21 18:28:16 - INFO - Set parameter Heuristics to value 0.5
2026-06-21 18:28:16 - INFO - Set parameter LogToConsole to value 1
2026-06-21 18:28:16 - INFO - Gurobi Optimizer version 13.0.1 build v13.0.1rc0 (linux64 - "Ubuntu 20.04.6 LTS")
2026-06-21 18:28:16 - INFO - 
2026-06-21 18:28:16 - INFO - CPU model: AMD Ryzen 9 9950X3D 16-Core Processor, instruction set [SSE2|AVX|AVX2|AVX512]
2026-06-21 18:28:16 - INFO - Thread count: 14 physical cores, 28 logical processors, using up to 28 threads
2026-06-21 18:28:16 - INFO - 
2026-06-21 18:28:16 - INFO - Non-default parameters:
2026-06-21 18:28:16 - INFO - TimeLimit  300
2026-06-21 18:28:16 - INFO - MIPGap  0
2026-06-21 18:28:16 - INFO - Heuristics  0.5
2026-06-21 18:28:16 - INFO - MIPFocus  3
2026-06-21 18:28:16 - INFO - 
2026-06-21 18:28:16 - INFO - Academic license 2756663 - for non-commercial use only - registered to hu___@sjtu.edu.cn
2026-06-21 18:28:16 - INFO - Optimize a model with 2249 rows, 1033 columns and 7687 nonzeros (Min)
2026-06-21 18:28:16 - INFO - Model fingerprint: 0x0ed68221
2026-06-21 18:28:16 - INFO - Model has 4 linear objective coefficients
2026-06-21 18:28:16 - INFO - Variable types: 392 continuous, 641 integer (641 binary)
2026-06-21 18:28:16 - INFO - Coefficient statistics:
2026-06-21 18:28:16 - INFO -   Matrix range     [3e-01, 2e+03]
2026-06-21 18:28:16 - INFO -   Objective range  [7e-06, 1e-01]
2026-06-21 18:28:16 - INFO -   Bounds range     [9e-01, 3e+07]
2026-06-21 18:28:16 - INFO -   RHS range        [9e-01, 2e+02]
2026-06-21 18:28:16 - INFO - 
2026-06-21 18:28:16 - INFO - Presolve removed 167 rows and 145 columns
2026-06-21 18:28:16 - INFO - Presolve time: 0.01s
2026-06-21 18:28:16 - INFO - Presolved: 2082 rows, 888 columns, 6802 nonzeros
2026-06-21 18:28:16 - INFO - Variable types: 279 continuous, 609 integer (609 binary)
2026-06-21 18:28:16 - INFO - Root relaxation presolve removed 276 rows and 80 columns
2026-06-21 18:28:16 - INFO - Root relaxation presolved: 1806 rows, 840 columns, 6166 nonzeros
2026-06-21 18:28:16 - INFO - 
2026-06-21 18:28:16 - INFO - 
2026-06-21 18:28:16 - INFO - Root relaxation: objective -1.929813e+01, 455 iterations, 0.01 seconds (0.01 work units)
2026-06-21 18:28:16 - INFO - 
2026-06-21 18:28:16 - INFO -     Nodes    |    Current Node    |     Objective Bounds      |     Work
2026-06-21 18:28:16 - INFO -  Expl Unexpl |  Obj  Depth IntInf | Incumbent    BestBd   Gap | It/Node Time
2026-06-21 18:28:16 - INFO - 
2026-06-21 18:28:16 - INFO -      0     0  -19.29813    0  269          -  -19.29813      -     -    0s
2026-06-21 18:28:16 - INFO -      0     0  -17.18393    0  320          -  -17.18393      -     -    0s
2026-06-21 18:28:16 - INFO -      0     0  -17.18393    0  320          -  -17.18393      -     -    0s
2026-06-21 18:28:16 - INFO -      0     0  -17.18393    0  288          -  -17.18393      -     -    0s
2026-06-21 18:28:16 - INFO -      0     0  -14.15076    0  297          -  -14.15076      -     -    0s
2026-06-21 18:28:16 - INFO -      0     0  -14.15076    0  309          -  -14.15076      -     -    0s
2026-06-21 18:28:16 - INFO -      0     0  -14.15076    0  312          -  -14.15076      -     -    0s
2026-06-21 18:28:16 - INFO -      0     0  -14.15076    0  312          -  -14.15076      -     -    0s
2026-06-21 18:28:16 - INFO -      0     0  -14.15076    0  316          -  -14.15076      -     -    0s
2026-06-21 18:28:16 - INFO -      0     0  -14.15076    0  321          -  -14.15076      -     -    0s
2026-06-21 18:28:16 - INFO -      0     0  -14.15076    0  327          -  -14.15076      -     -    0s
2026-06-21 18:28:16 - INFO -      0     0  -14.15076    0  324          -  -14.15076      -     -    0s
2026-06-21 18:28:16 - INFO -      0     0  -14.15076    0  329          -  -14.15076      -     -    0s
2026-06-21 18:28:16 - INFO -      0     0  -10.44530    0  320          -  -10.44530      -     -    0s
2026-06-21 18:28:16 - INFO -      0     0  -10.44530    0  319          -  -10.44530      -     -    0s
2026-06-21 18:28:16 - INFO -      0     0  -10.44530    0  319          -  -10.44530      -     -    0s
2026-06-21 18:28:16 - INFO -      0     0  -10.12962    0  325          -  -10.12962      -     -    0s
2026-06-21 18:28:16 - INFO -      0     0  -10.08484    0  320          -  -10.08484      -     -    0s
2026-06-21 18:28:16 - INFO -      0     0  -10.08026    0  320          -  -10.08026      -     -    0s
2026-06-21 18:28:16 - INFO -      0     0  -10.07546    0  330          -  -10.07546      -     -    0s
2026-06-21 18:28:16 - INFO -      0     0  -10.07546    0  331          -  -10.07546      -     -    0s
2026-06-21 18:28:17 - INFO -      0     0   -6.68780    0  332          -   -6.68780      -     -    0s
2026-06-21 18:28:17 - INFO -      0     0   -6.68780    0  331          -   -6.68780      -     -    0s
2026-06-21 18:28:17 - INFO -      0     0   -6.68780    0  313          -   -6.68780      -     -    1s
2026-06-21 18:28:17 - INFO -      0     0   -6.51761    0  308          -   -6.51761      -     -    1s
2026-06-21 18:28:17 - INFO -      0     0   -6.49708    0  327          -   -6.49708      -     -    1s
2026-06-21 18:28:17 - INFO -      0     0   -6.39737    0  320          -   -6.39737      -     -    1s
2026-06-21 18:28:17 - INFO -      0     0   -6.37221    0  321          -   -6.37221      -     -    1s
2026-06-21 18:28:17 - INFO -      0     0   -6.36369    0  325          -   -6.36369      -     -    1s
2026-06-21 18:28:17 - INFO -      0     0   -6.36047    0  322          -   -6.36047      -     -    1s
2026-06-21 18:28:17 - INFO -      0     0   -4.32747    0  323          -   -4.32747      -     -    1s
2026-06-21 18:28:18 - INFO -      0     0   -4.32747    0  296          -   -4.32747      -     -    2s
2026-06-21 18:28:18 - INFO -      0     0   -4.19713    0  319          -   -4.19713      -     -    2s
2026-06-21 18:28:18 - INFO -      0     0   -4.15191    0  339          -   -4.15191      -     -    2s
2026-06-21 18:28:18 - INFO -      0     0   -4.11257    0  342          -   -4.11257      -     -    2s
2026-06-21 18:28:18 - INFO -      0     0   -4.10130    0  344          -   -4.10130      -     -    2s
2026-06-21 18:28:18 - INFO -      0     0   -4.09633    0  345          -   -4.09633      -     -    2s
2026-06-21 18:28:20 - INFO -      0     0   -3.80024    0  353          -   -3.80024      -     -    3s
2026-06-21 18:28:20 - INFO -      0     0   -3.80024    0  353          -   -3.80024      -     -    3s
2026-06-21 18:28:20 - INFO -      0     0   -3.80024    0  353          -   -3.80024      -     -    4s
2026-06-21 18:28:20 - INFO -      0     0   -3.66591    0  350          -   -3.66591      -     -    4s
2026-06-21 18:28:20 - INFO -      0     0   -3.64899    0  359          -   -3.64899      -     -    4s
2026-06-21 18:28:20 - INFO -      0     0   -3.63464    0  354          -   -3.63464      -     -    4s
2026-06-21 18:28:20 - INFO -      0     0   -3.62968    0  374          -   -3.62968      -     -    4s
2026-06-21 18:28:20 - INFO -      0     0   -3.40952    0  343          -   -3.40952      -     -    4s
2026-06-21 18:28:20 - INFO -      0     0   -3.40952    0  343          -   -3.40952      -     -    4s
2026-06-21 18:28:20 - INFO -      0     0   -3.40952    0  343          -   -3.40952      -     -    4s
2026-06-21 18:28:20 - INFO -      0     0   -3.36409    0  373          -   -3.36409      -     -    4s
2026-06-21 18:28:20 - INFO -      0     0   -3.34581    0  372          -   -3.34581      -     -    4s
2026-06-21 18:28:20 - INFO -      0     0   -3.34287    0  377          -   -3.34287      -     -    4s
2026-06-21 18:28:21 - INFO -      0     0   -3.04535    0  356          -   -3.04535      -     -    4s
2026-06-21 18:28:21 - INFO -      0     0   -3.04535    0  353          -   -3.04535      -     -    4s
2026-06-21 18:28:21 - INFO -      0     0   -3.04535    0  342          -   -3.04535      -     -    5s
2026-06-21 18:28:21 - INFO -      0     0   -3.01535    0  350          -   -3.01535      -     -    5s
2026-06-21 18:28:21 - INFO -      0     0   -3.00277    0  367          -   -3.00277      -     -    5s
2026-06-21 18:28:21 - INFO -      0     0   -2.99394    0  363          -   -2.99394      -     -    5s
2026-06-21 18:28:21 - INFO -      0     0   -2.98870    0  371          -   -2.98870      -     -    5s
2026-06-21 18:28:21 - INFO -      0     0   -2.29424    0  348          -   -2.29424      -     -    5s
2026-06-21 18:28:21 - INFO -      0     0   -2.29424    0  326          -   -2.29424      -     -    5s
2026-06-21 18:28:21 - INFO -      0     0   -2.23934    0  336          -   -2.23934      -     -    5s
2026-06-21 18:28:21 - INFO -      0     0   -2.22866    0  362          -   -2.22866      -     -    5s
2026-06-21 18:28:21 - INFO -      0     0   -2.22127    0  385          -   -2.22127      -     -    5s
2026-06-21 18:28:22 - INFO -      0     0   -2.13618    0  370          -   -2.13618      -     -    5s
2026-06-21 18:28:22 - INFO -      0     0   -2.13618    0  367          -   -2.13618      -     -    5s
2026-06-21 18:28:22 - INFO -      0     0   -2.13618    0  367          -   -2.13618      -     -    6s
2026-06-21 18:28:22 - INFO -      0     0   -2.08983    0  373          -   -2.08983      -     -    6s
2026-06-21 18:28:22 - INFO -      0     0   -2.07893    0  386          -   -2.07893      -     -    6s
2026-06-21 18:28:22 - INFO -      0     0   -2.07544    0  395          -   -2.07544      -     -    6s
2026-06-21 18:28:22 - INFO -      0     0   -1.62276    0  355          -   -1.62276      -     -    6s
2026-06-21 18:28:22 - INFO -      0     0   -1.62276    0  327          -   -1.62276      -     -    6s
2026-06-21 18:28:22 - INFO -      0     0   -1.46236    0  352          -   -1.46236      -     -    6s
2026-06-21 18:28:22 - INFO -      0     0   -1.45869    0  381          -   -1.45869      -     -    6s
2026-06-21 18:28:23 - INFO -      0     0   -0.88758    0  382          -   -0.88758      -     -    6s
2026-06-21 18:28:23 - INFO -      0     0   -0.88758    0  381          -   -0.88758      -     -    7s
2026-06-21 18:28:23 - INFO -      0     0   -0.86575    0  394          -   -0.86575      -     -    7s
2026-06-21 18:28:23 - INFO -      0     0   -0.84775    0  392          -   -0.84775      -     -    7s
2026-06-21 18:28:23 - INFO -      0     0   -0.83570    0  409          -   -0.83570      -     -    7s
2026-06-21 18:28:23 - INFO -      0     0   -0.83310    0  423          -   -0.83310      -     -    7s
2026-06-21 18:28:23 - INFO -      0     0   -0.78013    0  385          -   -0.78013      -     -    7s
2026-06-21 18:28:23 - INFO -      0     0   -0.78013    0  385          -   -0.78013      -     -    7s
2026-06-21 18:28:23 - INFO -      0     0   -0.78011    0  385          -   -0.78011      -     -    7s
2026-06-21 18:28:23 - INFO -      0     0   -0.78011    0  362          -   -0.78011      -     -    7s
2026-06-21 18:28:25 - INFO -      0     2   -0.77983    0  355          -   -0.77983      -     -    8s
2026-06-21 18:28:26 - INFO -    345   357    1.07613    7  294          -    0.95145      -   168   10s
2026-06-21 18:28:31 - INFO -   1952  1901    1.94260   12  274          -    1.79190      -   236   15s
2026-06-21 18:28:36 - INFO -   1973  1915    2.80027   12  393          -    2.80027      -   233   20s
2026-06-21 18:28:39 - INFO - H 1977  1821                      19.1124000    2.85174  85.1%   233   22s
2026-06-21 18:28:40 - INFO - H 1985  1744                      12.7149525    2.98019  76.6%   242   24s
2026-06-21 18:28:41 - INFO - H 1995  1670                      12.5347848    3.07041  75.5%   245   24s
2026-06-21 18:28:41 - INFO - H 1998  1586                      11.6307986    3.10283  73.3%   246   24s
2026-06-21 18:28:41 - INFO - H 2009  1531                      10.5554926    3.17042  70.0%   248   25s
2026-06-21 18:28:41 - INFO - H 2010  1457                      10.1662658    3.17523  68.8%   248   25s
2026-06-21 18:28:41 - INFO - H 2023  1382                      10.1661944    3.19357  68.6%   251   25s
2026-06-21 18:28:42 - INFO - H 2039  1362                      10.1255917    3.20957  68.3%   255   25s
2026-06-21 18:28:42 - INFO - H 2042  1297                       9.9679315    3.21124  67.8%   255   25s
2026-06-21 18:28:42 - INFO - H 2046  1235                       9.8927528    3.21399  67.5%   256   25s
2026-06-21 18:28:42 - INFO - H 2094  1235                       9.7607156    3.23529  66.9%   258   26s
2026-06-21 18:28:42 - INFO - H 2101  1178                       9.7590061    3.23567  66.8%   259   26s
2026-06-21 18:28:42 - INFO - H 2134  1115                       9.7528010    3.23874  66.8%   260   26s
2026-06-21 18:28:42 - INFO - H 2155  1059                       9.7076311    3.24213  66.6%   262   26s
2026-06-21 18:28:42 - INFO - H 2205  1048                       9.4659436    3.26141  65.5%   276   26s
2026-06-21 18:28:43 - INFO - H 2255  1013                       9.0335869    3.27894  63.7%   300   26s
2026-06-21 18:28:44 - INFO - H 2326  1024                       9.0269802    3.30423  63.4%   344   27s
2026-06-21 18:28:44 - INFO - H 2328   982                       9.0245718    3.30466  63.4%   346   27s
2026-06-21 18:28:44 - INFO - H 2336   941                       9.0245532    3.31265  63.3%   351   27s
2026-06-21 18:28:44 - INFO - H 2399   940                       9.0115506    3.37641  62.5%   394   28s
2026-06-21 18:28:46 - INFO - H 2495   985                       9.0082557    3.44642  61.7%   447   29s
2026-06-21 18:28:46 - INFO - H 2519   944                       9.0073160    3.46542  61.5%   462   29s
2026-06-21 18:28:46 - INFO -   2520   972    3.69966   21  450    9.00732    3.46567  61.5%   463   30s
2026-06-21 18:28:47 - INFO - H 2653  1007                       9.0073107    3.51744  60.9%   528   31s
2026-06-21 18:28:48 - INFO - H 2721  1043                       9.0044135    3.53373  60.8%   558   32s
2026-06-21 18:28:48 - INFO - H 2732  1011                       8.9755886    3.54351  60.5%   563   32s
2026-06-21 18:28:49 - INFO - H 2804  1015                       8.9743047    3.56309  60.3%   593   33s
2026-06-21 18:28:49 - INFO - H 2807   988                       8.9726915    3.56419  60.3%   594   33s
2026-06-21 18:28:51 - INFO -   2811  1016    3.59739   25  425    8.97269    3.56585  60.3%   596   35s
2026-06-21 18:28:51 - INFO - H 2814   991                       8.9726855    3.56618  60.3%   597   35s
2026-06-21 18:28:52 - INFO - H 2852   985                       8.9646135    3.57868  60.1%   611   36s
2026-06-21 18:28:52 - INFO - H 2867   958                       8.9628849    3.58230  60.0%   615   36s
2026-06-21 18:28:52 - INFO - H 2898   956                       8.4833504    3.59210  57.7%   628   36s
2026-06-21 18:28:53 - INFO - H 2928   981                       8.4760903    3.59992  57.5%   640   37s
2026-06-21 18:28:54 - INFO - H 2959   996                       8.4385815    3.60619  57.3%   651   37s
2026-06-21 18:28:54 - INFO - H 3001  1017                       8.4218608    3.61180  57.1%   658   38s
2026-06-21 18:28:54 - INFO - H 3008  1017                       8.4183914    3.61335  57.1%   659   38s
2026-06-21 18:28:55 - INFO - H 3059  1071                       8.4087791    3.62200  56.9%   668   38s
2026-06-21 18:28:56 - INFO -   3129  1130    3.79347   25  463    8.40878    3.63586  56.8%   681   40s
2026-06-21 18:29:01 - INFO -   4034  2407    3.88236   26  432    8.40878    3.68580  56.2%   657   45s
2026-06-21 18:29:06 - INFO -   6010  3931    3.84299   23  416    8.40878    3.72926  55.7%   557   50s
2026-06-21 18:29:11 - INFO -   6095  4013    3.78864   26  438    8.40878    3.74076  55.5%   572   55s
2026-06-21 18:29:16 - INFO -   6209  4124    3.84207   24  404    8.40878    3.75672  55.3%   590   60s
2026-06-21 18:29:21 - INFO -   6321  4235    4.01235   26  415    8.40878    3.77060  55.2%   609   65s
2026-06-21 18:29:26 - INFO -   6406  4318    3.92174   24  439    8.40878    3.77709  55.1%   623   70s
2026-06-21 18:29:32 - INFO -   6521  4428    3.82509   26  408    8.40878    3.78916  54.9%   645   75s
2026-06-21 18:29:36 - INFO -   6633  4538    3.85347   26  440    8.40878    3.79950  54.8%   661   80s
2026-06-21 18:29:39 - INFO - H 6708  4594                       8.4087791    3.80709  54.7%   674   83s
2026-06-21 18:29:41 - INFO -   6719  4643    3.90469   25  447    8.40878    3.80829  54.7%   676   85s
2026-06-21 18:29:47 - INFO -   6900  4844    3.92703   27  424    8.40878    3.81744  54.6%   683   90s
2026-06-21 18:29:49 - INFO - H 7007  4890                       8.4087790    3.82141  54.6%   685   92s
2026-06-21 18:29:51 - INFO -   7033  5005    4.24584   28  380    8.40878    3.82227  54.5%   686   95s
2026-06-21 18:29:54 - INFO - H 7165  5119                       8.4087784    3.82499  54.5%   684   98s
2026-06-21 18:29:57 - INFO -   7276  5268    3.98385   28  422    8.40878    3.82695  54.5%   681  101s
2026-06-21 18:30:01 - INFO -   7679  5770    4.04671   26  430    8.40878    3.83161  54.4%   666  105s
2026-06-21 18:30:07 - INFO -   8667  6841    4.94802   29  318    8.40878    3.83860  54.4%   631  111s
2026-06-21 18:30:11 - INFO -   9721  7887    4.09949   29  356    8.40878    3.84691  54.3%   595  115s
2026-06-21 18:30:16 - INFO -  11960 10067    4.13873   27  390    8.40878    3.86132  54.1%   537  120s
2026-06-21 18:30:21 - INFO -  14890 13325    4.07031   25  395    8.40878    3.87844  53.9%   484  125s
2026-06-21 18:30:28 - INFO -  18729 17368    3.98779   26  396    8.40878    3.89792  53.6%   440  132s
2026-06-21 18:30:31 - INFO -  22104 19420    4.22761   25  375    8.40878    3.91619  53.4%   414  135s
2026-06-21 18:30:37 - INFO -  23834 20801    4.81607   29  297    8.40878    3.92926  53.3%   405  141s
2026-06-21 18:30:41 - INFO -  24644 23011    4.05255   25  388    8.40878    3.93435  53.2%   402  145s
2026-06-21 18:30:46 - INFO -  28732 28526    4.15361   27  358    8.40878    3.95183  53.0%   381  150s
2026-06-21 18:30:52 - INFO -  35924 33029    4.08352   29  403    8.40878    3.98597  52.6%   358  156s
2026-06-21 18:30:59 - INFO -  40537 37249    4.59013   35  352    8.40878    4.00483  52.4%   348  163s
2026-06-21 18:31:01 - INFO -  42041 38784    4.19348   28  393    8.40878    4.01097  52.3%   346  165s
2026-06-21 18:31:07 - INFO -  47343 42468    4.24197   27  311    8.40878    4.03162  52.1%   337  171s
2026-06-21 18:31:12 - INFO -  49668 46214    4.15110   28  394    8.40878    4.04205  51.9%   335  175s
2026-06-21 18:31:16 - INFO -  54095 49848    4.17312   27  380    8.40878    4.05919  51.7%   329  180s
2026-06-21 18:31:16 - INFO - H54788 49848                       8.4087760    4.06058  51.7%   328  180s
2026-06-21 18:31:21 - INFO -  55914 54299    4.23068   25  374    8.40878    4.06602  51.6%   327  185s
2026-06-21 18:31:21 - INFO - H58061 54299                       8.4087746    4.06790  51.6%   324  185s
2026-06-21 18:31:24 - INFO - H60942 55526                       8.4087737    4.08107  51.5%   322  188s
2026-06-21 18:31:24 - INFO - H61722 55526                       8.4087737    4.08306  51.4%   321  188s
2026-06-21 18:31:24 - INFO - H61764 55526                       8.4087736    4.08325  51.4%   321  188s
2026-06-21 18:31:27 - INFO -  62163 58033    4.38241   32  305    8.40877    4.08763  51.4%   321  191s
2026-06-21 18:31:32 - INFO -  65005 58057    4.21460   31  328    8.40877    4.09555  51.3%   319  196s
2026-06-21 18:31:39 - INFO -  65374 59997    4.31701   25  376    8.40877    4.10197  51.2%   319  203s
2026-06-21 18:31:42 - INFO -  67181 62721 infeasible   30         8.40877    4.10406  51.2%   318  206s
2026-06-21 18:31:46 - INFO -  70227 65547    4.78123   35  335    8.40877    4.10963  51.1%   316  210s
2026-06-21 18:31:52 - INFO -  76862 71096    5.02724   30  265    8.40877    4.13907  50.8%   312  216s
2026-06-21 18:31:56 - INFO -  79553 72405    4.84590   30  262    8.40877    4.14809  50.7%   311  220s
2026-06-21 18:32:06 - INFO -  81061 73247    4.43450   27  340    8.40877    4.15586  50.6%   310  230s
2026-06-21 18:32:16 - INFO -  85110 80470 infeasible   30         8.40877    4.15906  50.5%   308  240s
2026-06-21 18:32:23 - INFO -  92937 84088    4.48024   30  336    8.40877    4.19080  50.2%   305  247s
2026-06-21 18:32:27 - INFO -  94277 86746    4.87585   29  282    8.40877    4.19516  50.1%   305  251s
2026-06-21 18:32:36 - INFO -  100828 92849    4.61285   28  368    8.40877    4.21177  49.9%   302  260s
2026-06-21 18:32:43 - INFO -  107476 97627    4.33425   31  317    8.40877    4.23005  49.7%   300  267s
2026-06-21 18:32:47 - INFO -  109970 97932    4.37665   29  359    8.40877    4.23814  49.6%   300  271s
2026-06-21 18:32:52 - INFO -  110330 98045    4.53946   32  303    8.40877    4.24127  49.6%   300  275s
2026-06-21 18:32:56 - INFO - H110520 98751                       8.4087595    4.24269  49.5%   300  279s
2026-06-21 18:33:00 - INFO -  111258 100975    5.54970   30  218    8.40876    4.24366  49.5%   300  284s
2026-06-21 18:33:07 - INFO -  113847 105368    4.88133   29  344    8.40876    4.25113  49.4%   299  291s
2026-06-21 18:33:13 - INFO -  122438 110436    4.32734   30  308    8.40876    4.27235  49.2%   296  297s
2026-06-21 18:33:16 - INFO -  124893 112511    4.58930   30  318    8.40876    4.27979  49.1%   295  300s
2026-06-21 18:33:16 - INFO - 
2026-06-21 18:33:16 - INFO - Cutting planes:
2026-06-21 18:33:16 - INFO -   Learned: 198
2026-06-21 18:33:16 - INFO -   Gomory: 414
2026-06-21 18:33:16 - INFO -   Lift-and-project: 724
2026-06-21 18:33:16 - INFO -   Cover: 746
2026-06-21 18:33:16 - INFO -   Implied bound: 22
2026-06-21 18:33:16 - INFO -   Clique: 58
2026-06-21 18:33:16 - INFO -   MIR: 1099
2026-06-21 18:33:16 - INFO -   Mixing: 16
2026-06-21 18:33:16 - INFO -   StrongCG: 1
2026-06-21 18:33:16 - INFO -   Flow cover: 4199
2026-06-21 18:33:16 - INFO -   Inf proof: 264
2026-06-21 18:33:16 - INFO -   Zero half: 66
2026-06-21 18:33:16 - INFO -   RLT: 59
2026-06-21 18:33:16 - INFO -   Relax-and-lift: 101
2026-06-21 18:33:16 - INFO - 
2026-06-21 18:33:16 - INFO - Explored 127285 nodes (37428696 simplex iterations) in 300.03 seconds (570.64 work units)
2026-06-21 18:33:16 - INFO - Thread count was 28 (of 28 available processors)
2026-06-21 18:33:16 - INFO - 
2026-06-21 18:33:16 - INFO - Solution count 10: 8.40876 8.40877 8.40878 ... 8.47609
2026-06-21 18:33:16 - INFO - 
2026-06-21 18:33:16 - INFO - Time limit reached
2026-06-21 18:33:16 - INFO - Best objective 8.408759549291e+00, best bound 4.283913286029e+00, gap 49.0542%
2026-06-21 18:33:16 - DEBUG - Loaded backend Agg version v2.2.
2026-06-21 18:33:16 - DEBUG - findfont: Matching sans\-serif:style=normal:variant=normal:weight=normal:stretch=normal:size=10.0.
2026-06-21 18:33:16 - DEBUG - findfont: score(FontEntry(fname='/root/anaconda3/lib/python3.12/site-packages/matplotlib/mpl-data/fonts/ttf/STIXSizTwoSymReg.ttf', name='STIXSizeTwoSym', style='normal', variant='normal', weight=400, stretch='normal', size='scalable')) = 10.05
2026-06-21 18:33:16 - DEBUG - findfont: score(FontEntry(fname='/root/anaconda3/lib/python3.12/site-packages/matplotlib/mpl-data/fonts/ttf/cmex10.ttf', name='cmex10', style='normal', variant='normal', weight=400, stretch='normal', size='scalable')) = 10.05
2026-06-21 18:33:16 - DEBUG - findfont: score(FontEntry(fname='/root/anaconda3/lib/python3.12/site-packages/matplotlib/mpl-data/fonts/ttf/STIXSizThreeSymBol.ttf', name='STIXSizeThreeSym', style='normal', variant='normal', weight=700, stretch='normal', size='scalable')) = 10.335
2026-06-21 18:33:16 - DEBUG - findfont: score(FontEntry(fname='/root/anaconda3/lib/python3.12/site-packages/matplotlib/mpl-data/fonts/ttf/STIXSizOneSymBol.ttf', name='STIXSizeOneSym', style='normal', variant='normal', weight=700, stretch='normal', size='scalable')) = 10.335
2026-06-21 18:33:16 - DEBUG - findfont: score(FontEntry(fname='/root/anaconda3/lib/python3.12/site-packages/matplotlib/mpl-data/fonts/ttf/DejaVuSansMono-Bold.ttf', name='DejaVu Sans Mono', style='normal', variant='normal', weight=700, stretch='normal', size='scalable')) = 10.335
2026-06-21 18:33:16 - DEBUG - findfont: score(FontEntry(fname='/root/anaconda3/lib/python3.12/site-packages/matplotlib/mpl-data/fonts/ttf/cmss10.ttf', name='cmss10', style='normal', variant='normal', weight=400, stretch='normal', size='scalable')) = 10.05
2026-06-21 18:33:16 - DEBUG - findfont: score(FontEntry(fname='/root/anaconda3/lib/python3.12/site-packages/matplotlib/mpl-data/fonts/ttf/DejaVuSerif-Italic.ttf', name='DejaVu Serif', style='italic', variant='normal', weight=400, stretch='normal', size='scalable')) = 11.05
2026-06-21 18:33:16 - DEBUG - findfont: score(FontEntry(fname='/root/anaconda3/lib/python3.12/site-packages/matplotlib/mpl-data/fonts/ttf/cmb10.ttf', name='cmb10', style='normal', variant='normal', weight=400, stretch='normal', size='scalable')) = 10.05
2026-06-21 18:33:16 - DEBUG - findfont: score(FontEntry(fname='/root/anaconda3/lib/python3.12/site-packages/matplotlib/mpl-data/fonts/ttf/STIXSizTwoSymBol.ttf', name='STIXSizeTwoSym', style='normal', variant='normal', weight=700, stretch='normal', size='scalable')) = 10.335
2026-06-21 18:33:16 - DEBUG - findfont: score(FontEntry(fname='/root/anaconda3/lib/python3.12/site-packages/matplotlib/mpl-data/fonts/ttf/DejaVuSans.ttf', name='DejaVu Sans', style='normal', variant='normal', weight=400, stretch='normal', size='scalable')) = 0.05
2026-06-21 18:33:16 - DEBUG - findfont: score(FontEntry(fname='/root/anaconda3/lib/python3.12/site-packages/matplotlib/mpl-data/fonts/ttf/STIXGeneralItalic.ttf', name='STIXGeneral', style='italic', variant='normal', weight=400, stretch='normal', size='scalable')) = 11.05
2026-06-21 18:33:16 - DEBUG - findfont: score(FontEntry(fname='/root/anaconda3/lib/python3.12/site-packages/matplotlib/mpl-data/fonts/ttf/DejaVuSerif-Bold.ttf', name='DejaVu Serif', style='normal', variant='normal', weight=700, stretch='normal', size='scalable')) = 10.335
2026-06-21 18:33:16 - DEBUG - findfont: score(FontEntry(fname='/root/anaconda3/lib/python3.12/site-packages/matplotlib/mpl-data/fonts/ttf/STIXNonUni.ttf', name='STIXNonUnicode', style='normal', variant='normal', weight=400, stretch='normal', size='scalable')) = 10.05
2026-06-21 18:33:16 - DEBUG - findfont: score(FontEntry(fname='/root/anaconda3/lib/python3.12/site-packages/matplotlib/mpl-data/fonts/ttf/DejaVuSansDisplay.ttf', name='DejaVu Sans Display', style='normal', variant='normal', weight=400, stretch='normal', size='scalable')) = 10.05
2026-06-21 18:33:16 - DEBUG - findfont: score(FontEntry(fname='/root/anaconda3/lib/python3.12/site-packages/matplotlib/mpl-data/fonts/ttf/STIXSizThreeSymReg.ttf', name='STIXSizeThreeSym', style='normal', variant='normal', weight=400, stretch='normal', size='scalable')) = 10.05
2026-06-21 18:33:16 - DEBUG - findfont: score(FontEntry(fname='/root/anaconda3/lib/python3.12/site-packages/matplotlib/mpl-data/fonts/ttf/STIXSizFiveSymReg.ttf', name='STIXSizeFiveSym', style='normal', variant='normal', weight=400, stretch='normal', size='scalable')) = 10.05
2026-06-21 18:33:16 - DEBUG - findfont: score(FontEntry(fname='/root/anaconda3/lib/python3.12/site-packages/matplotlib/mpl-data/fonts/ttf/STIXNonUniIta.ttf', name='STIXNonUnicode', style='italic', variant='normal', weight=400, stretch='normal', size='scalable')) = 11.05
2026-06-21 18:33:16 - DEBUG - findfont: score(FontEntry(fname='/root/anaconda3/lib/python3.12/site-packages/matplotlib/mpl-data/fonts/ttf/cmsy10.ttf', name='cmsy10', style='normal', variant='normal', weight=400, stretch='normal', size='scalable')) = 10.05
2026-06-21 18:33:16 - DEBUG - findfont: score(FontEntry(fname='/root/anaconda3/lib/python3.12/site-packages/matplotlib/mpl-data/fonts/ttf/cmr10.ttf', name='cmr10', style='normal', variant='normal', weight=400, stretch='normal', size='scalable')) = 10.05
2026-06-21 18:33:16 - DEBUG - findfont: score(FontEntry(fname='/root/anaconda3/lib/python3.12/site-packages/matplotlib/mpl-data/fonts/ttf/STIXGeneral.ttf', name='STIXGeneral', style='normal', variant='normal', weight=400, stretch='normal', size='scalable')) = 10.05
2026-06-21 18:33:16 - DEBUG - findfont: score(FontEntry(fname='/root/anaconda3/lib/python3.12/site-packages/matplotlib/mpl-data/fonts/ttf/STIXNonUniBol.ttf', name='STIXNonUnicode', style='normal', variant='normal', weight=700, stretch='normal', size='scalable')) = 10.335
2026-06-21 18:33:16 - DEBUG - findfont: score(FontEntry(fname='/root/anaconda3/lib/python3.12/site-packages/matplotlib/mpl-data/fonts/ttf/STIXSizFourSymBol.ttf', name='STIXSizeFourSym', style='normal', variant='normal', weight=700, stretch='normal', size='scalable')) = 10.335
2026-06-21 18:33:16 - DEBUG - findfont: score(FontEntry(fname='/root/anaconda3/lib/python3.12/site-packages/matplotlib/mpl-data/fonts/ttf/STIXSizOneSymReg.ttf', name='STIXSizeOneSym', style='normal', variant='normal', weight=400, stretch='normal', size='scalable')) = 10.05
2026-06-21 18:33:16 - DEBUG - findfont: score(FontEntry(fname='/root/anaconda3/lib/python3.12/site-packages/matplotlib/mpl-data/fonts/ttf/STIXGeneralBolIta.ttf', name='STIXGeneral', style='italic', variant='normal', weight=700, stretch='normal', size='scalable')) = 11.335
2026-06-21 18:33:16 - DEBUG - findfont: score(FontEntry(fname='/root/anaconda3/lib/python3.12/site-packages/matplotlib/mpl-data/fonts/ttf/DejaVuSerifDisplay.ttf', name='DejaVu Serif Display', style='normal', variant='normal', weight=400, stretch='normal', size='scalable')) = 10.05
2026-06-21 18:33:16 - DEBUG - findfont: score(FontEntry(fname='/root/anaconda3/lib/python3.12/site-packages/matplotlib/mpl-data/fonts/ttf/DejaVuSans-Bold.ttf', name='DejaVu Sans', style='normal', variant='normal', weight=700, stretch='normal', size='scalable')) = 0.33499999999999996
2026-06-21 18:33:16 - DEBUG - findfont: score(FontEntry(fname='/root/anaconda3/lib/python3.12/site-packages/matplotlib/mpl-data/fonts/ttf/cmmi10.ttf', name='cmmi10', style='normal', variant='normal', weight=400, stretch='normal', size='scalable')) = 10.05
2026-06-21 18:33:16 - DEBUG - findfont: score(FontEntry(fname='/root/anaconda3/lib/python3.12/site-packages/matplotlib/mpl-data/fonts/ttf/cmtt10.ttf', name='cmtt10', style='normal', variant='normal', weight=400, stretch='normal', size='scalable')) = 10.05
2026-06-21 18:33:16 - DEBUG - findfont: score(FontEntry(fname='/root/anaconda3/lib/python3.12/site-packages/matplotlib/mpl-data/fonts/ttf/DejaVuSerif-BoldItalic.ttf', name='DejaVu Serif', style='italic', variant='normal', weight=700, stretch='normal', size='scalable')) = 11.335
2026-06-21 18:33:16 - DEBUG - findfont: score(FontEntry(fname='/root/anaconda3/lib/python3.12/site-packages/matplotlib/mpl-data/fonts/ttf/DejaVuSansMono.ttf', name='DejaVu Sans Mono', style='normal', variant='normal', weight=400, stretch='normal', size='scalable')) = 10.05
2026-06-21 18:33:16 - DEBUG - findfont: score(FontEntry(fname='/root/anaconda3/lib/python3.12/site-packages/matplotlib/mpl-data/fonts/ttf/DejaVuSansMono-BoldOblique.ttf', name='DejaVu Sans Mono', style='oblique', variant='normal', weight=700, stretch='normal', size='scalable')) = 11.335
2026-06-21 18:33:16 - DEBUG - findfont: score(FontEntry(fname='/root/anaconda3/lib/python3.12/site-packages/matplotlib/mpl-data/fonts/ttf/STIXGeneralBol.ttf', name='STIXGeneral', style='normal', variant='normal', weight=700, stretch='normal', size='scalable')) = 10.335
2026-06-21 18:33:16 - DEBUG - findfont: score(FontEntry(fname='/root/anaconda3/lib/python3.12/site-packages/matplotlib/mpl-data/fonts/ttf/DejaVuSerif.ttf', name='Deja[EMIB] Layout figure saved: /root/placement/MPDAP/output_gurobi_EMIB_chiplet_5_6_01_13/fig/syn5_core/solution_1_layout_gurobi.png
  ✓ EMIB: 1 solution(s)
(fname='/root/anaconda3/lib/python3.12/site-packages/matplotlib/mpl-data/fonts/ttf/DejaVuSans-Oblique.ttf', name='DejaVu Sans', style='oblique', variant='normal', weight=400, stretch='normal', size='scalable')) = 1.05
2026-06-21 18:33:16 - DEBUG - findfont: score(FontEntry(fname='/root/anaconda3/lib/python3.12/site-packages/matplotlib/mpl-data/fonts/ttf/DejaVuSans-BoldOblique.ttf', name='DejaVu Sans', style='oblique', variant='normal', weight=700, stretch='normal', size='scalable')) = 1.335
2026-06-21 18:33:16 - DEBUG - findfont: score(FontEntry(fname='/root/anaconda3/lib/python3.12/site-packages/matplotlib/mpl-data/fonts/ttf/DejaVuSansMono-Oblique.ttf', name='DejaVu Sans Mono', style='oblique', variant='normal', weight=400, stretch='normal', size='scalable')) = 11.05
2026-06-21 18:33:16 - DEBUG - findfont: score(FontEntry(fname='/root/anaconda3/lib/python3.12/site-packages/matplotlib/mpl-data/fonts/ttf/STIXNonUniBolIta.ttf', name='STIXNonUnicode', style='italic', variant='normal', weight=700, stretch='normal', size='scalable')) = 11.335
2026-06-21 18:33:16 - DEBUG - findfont: score(FontEntry(fname='/root/anaconda3/lib/python3.12/site-packages/matplotlib/mpl-data/fonts/ttf/STIXSizFourSymReg.ttf', name='STIXSizeFourSym', style='normal', variant='normal', weight=400, stretch='normal', size='scalable')) = 10.05
2026-06-21 18:33:16 - DEBUG - findfont: score(FontEntry(fname='/usr/share/fonts/truetype/dejavu/DejaVuSans-Bold.ttf', name='DejaVu Sans', style='normal', variant='normal', weight=700, stretch='normal', size='scalable')) = 0.33499999999999996
2026-06-21 18:33:16 - DEBUG - findfont: score(FontEntry(fname='/usr/share/fonts/truetype/dejavu/DejaVuSansMono-Bold.ttf', name='DejaVu Sans Mono', style='normal', variant='normal', weight=700, stretch='normal', size='scalable')) = 10.335
2026-06-21 18:33:16 - DEBUG - findfont: score(FontEntry(fname='/usr/share/fonts/truetype/dejavu/DejaVuSerif.ttf', name='DejaVu Serif', style='normal', variant='normal', weight=400, stretch='normal', size='scalable')) = 10.05
2026-06-21 18:33:16 - DEBUG - findfont: score(FontEntry(fname='/usr/share/fonts/truetype/dejavu/DejaVuSans.ttf', name='DejaVu Sans', style='normal', variant='normal', weight=400, stretch='normal', size='scalable')) = 0.05
2026-06-21 18:33:16 - DEBUG - findfont: score(FontEntry(fname='/usr/share/fonts/truetype/dejavu/DejaVuSansMono.ttf', name='DejaVu Sans Mono', style='normal', variant='normal', weight=400, stretch='normal', size='scalable')) = 10.05
2026-06-21 18:33:16 - DEBUG - findfont: score(FontEntry(fname='/usr/share/fonts/truetype/dejavu/DejaVuSerif-Bold.ttf', name='DejaVu Serif', style='normal', variant='normal', weight=700, stretch='normal', size='scalable')) = 10.335
2026-06-21 18:33:16 - DEBUG - findfont: Matching sans\-serif:style=normal:variant=normal:weight=normal:stretch=normal:size=10.0 to DejaVu Sans ('/root/anaconda3/lib/python3.12/site-packages/matplotlib/mpl-data/fonts/ttf/DejaVuSans.ttf') with score of 0.050000.
2026-06-21 18:33:17 - DEBUG - findfont: Matching sans\-serif:style=normal:variant=normal:weight=normal:stretch=normal:size=12.0.
2026-06-21 18:33:17 - DEBUG - findfont: score(FontEntry(fname='/root/anaconda3/lib/python3.12/site-packages/matplotlib/mpl-data/fonts/ttf/STIXSizTwoSymReg.ttf', name='STIXSizeTwoSym', style='normal', variant='normal', weight=400, stretch='normal', size='scalable')) = 10.05
2026-06-21 18:33:17 - DEBUG - findfont: score(FontEntry(fname='/root/anaconda3/lib/python3.12/site-packages/matplotlib/mpl-data/fonts/ttf/cmex10.ttf', name='cmex10', style='normal', variant='normal', weight=400, stretch='normal', size='scalable')) = 10.05
2026-06-21 18:33:17 - DEBUG - findfont: score(FontEntry(fname='/root/anaconda3/lib/python3.12/site-packages/matplotlib/mpl-data/fonts/ttf/STIXSizThreeSymBol.ttf', name='STIXSizeThreeSym', style='normal', variant='normal', weight=700, stretch='normal', size='scalable')) = 10.335
2026-06-21 18:33:17 - DEBUG - findfont: score(FontEntry(fname='/root/anaconda3/lib/python3.12/site-packages/matplotlib/mpl-data/fonts/ttf/STIXSizOneSymBol.ttf', name='STIXSizeOneSym', style='normal', variant='normal', weight=700, stretch='normal', size='scalable')) = 10.335
2026-06-21 18:33:17 - DEBUG - findfont: score(FontEntry(fname='/root/anaconda3/lib/python3.12/site-packages/matplotlib/mpl-data/fonts/ttf/DejaVuSansMono-Bold.ttf', name='DejaVu Sans Mono', style='normal', variant='normal', weight=700, stretch='normal', size='scalable')) = 10.335
2026-06-21 18:33:17 - DEBUG - findfont: score(FontEntry(fname='/root/anaconda3/lib/python3.12/site-packages/matplotlib/mpl-data/fonts/ttf/cmss10.ttf', name='cmss10', style='normal', variant='normal', weight=400, stretch='normal', size='scalable')) = 10.05
2026-06-21 18:33:17 - DEBUG - findfont: score(FontEntry(fname='/root/anaconda3/lib/python3.12/site-packages/matplotlib/mpl-data/fonts/ttf/DejaVuSerif-Italic.ttf', name='DejaVu Serif', style='italic', variant='normal', weight=400, stretch='normal', size='scalable')) = 11.05
2026-06-21 18:33:17 - DEBUG - findfont: score(FontEntry(fname='/root/anaconda3/lib/python3.12/site-packages/matplotlib/mpl-data/fonts/ttf/cmb10.ttf', name='cmb10', style='normal', variant='normal', weight=400, stretch='normal', size='scalable')) = 10.05
2026-06-21 18:33:17 - DEBUG - findfont: score(FontEntry(fname='/root/anaconda3/lib/python3.12/site-packages/matplotlib/mpl-data/fonts/ttf/STIXSizTwoSymBol.ttf', name='STIXSizeTwoSym', style='normal', variant='normal', weight=700, stretch='normal', size='scalable')) = 10.335
2026-06-21 18:33:17 - DEBUG - findfont: score(FontEntry(fname='/root/anaconda3/lib/python3.12/site-packages/matplotlib/mpl-data/fonts/ttf/DejaVuSans.ttf', name='DejaVu Sans', style='normal', variant='normal', weight=400, stretch='normal', size='scalable')) = 0.05
2026-06-21 18:33:17 - DEBUG - findfont: score(FontEntry(fname='/root/anaconda3/lib/python3.12/site-packages/matplotlib/mpl-data/fonts/ttf/STIXGeneralItalic.ttf', name='STIXGeneral', style='italic', variant='normal', weight=400, stretch='normal', size='scalable')) = 11.05
2026-06-21 18:33:17 - DEBUG - findfont: score(FontEntry(fname='/root/anaconda3/lib/python3.12/site-packages/matplotlib/mpl-data/fonts/ttf/DejaVuSerif-Bold.ttf', name='DejaVu Serif', style='normal', variant='normal', weight=700, stretch='normal', size='scalable')) = 10.335
2026-06-21 18:33:17 - DEBUG - findfont: score(FontEntry(fname='/root/anaconda3/lib/python3.12/site-packages/matplotlib/mpl-data/fonts/ttf/STIXNonUni.ttf', name='STIXNonUnicode', style='normal', variant='normal', weight=400, stretch='normal', size='scalable')) = 10.05
2026-06-21 18:33:17 - DEBUG - findfont: score(FontEntry(fname='/root/anaconda3/lib/python3.12/site-packages/matplotlib/mpl-data/fonts/ttf/DejaVuSansDisplay.ttf', name='DejaVu Sans Display', style='normal', variant='normal', weight=400, stretch='normal', size='scalable')) = 10.05
2026-06-21 18:33:17 - DEBUG - findfont: score(FontEntry(fname='/root/anaconda3/lib/python3.12/site-packages/matplotlib/mpl-data/fonts/ttf/STIXSizThreeSymReg.ttf', name='STIXSizeThreeSym', style='normal', variant='normal', weight=400, stretch='normal', size='scalable')) = 10.05
2026-06-21 18:33:17 - DEBUG - findfont: score(FontEntry(fname='/root/anaconda3/lib/python3.12/site-packages/matplotlib/mpl-data/fonts/ttf/STIXSizFiveSymReg.ttf', name='STIXSizeFiveSym', style='normal', variant='normal', weight=400, stretch='normal', size='scalable')) = 10.05
2026-06-21 18:33:17 - DEBUG - findfont: score(FontEntry(fname='/root/anaconda3/lib/python3.12/site-packages/matplotlib/mpl-data/fonts/ttf/STIXNonUniIta.ttf', name='STIXNonUnicode', style='italic', variant='normal', weight=400, stretch='normal', size='scalable')) = 11.05
2026-06-21 18:33:17 - DEBUG - findfont: score(FontEntry(fname='/root/anaconda3/lib/python3.12/site-packages/matplotlib/mpl-data/fonts/ttf/cmsy10.ttf', name='cmsy10', style='normal', variant='normal', weight=400, stretch='normal', size='scalable')) = 10.05
2026-06-21 18:33:17 - DEBUG - findfont: score(FontEntry(fname='/root/anaconda3/lib/python3.12/site-packages/matplotlib/mpl-data/fonts/ttf/cmr10.ttf', name='cmr10', style='normal', variant='normal', weight=400, stretch='normal', size='scalable')) = 10.05
2026-06-21 18:33:17 - DEBUG - findfont: score(FontEntry(fname='/root/anaconda3/lib/python3.12/site-packages/matplotlib/mpl-data/fonts/ttf/STIXGeneral.ttf', name='STIXGeneral', style='normal', variant='normal', weight=400, stretch='normal', size='scalable')) = 10.05
2026-06-21 18:33:17 - DEBUG - findfont: score(FontEntry(fname='/root/anaconda3/lib/python3.12/site-packages/matplotlib/mpl-data/fonts/ttf/STIXNonUniBol.ttf', name='STIXNonUnicode', style='normal', variant='normal', weight=700, stretch='normal', size='scalable')) = 10.335
2026-06-21 18:33:17 - DEBUG - findfont: score(FontEntry(fname='/root/anaconda3/lib/python3.12/site-packages/matplotlib/mpl-data/fonts/ttf/STIXSizFourSymBol.ttf', name='STIXSizeFourSym', style='normal', variant='normal', weight=700, stretch='normal', size='scalable')) = 10.335
2026-06-21 18:33:17 - DEBUG - findfont: score(FontEntry(fname='/root/anaconda3/lib/python3.12/site-packages/matplotlib/mpl-data/fonts/ttf/STIXSizOneSymReg.ttf', name='STIXSizeOneSym', style='normal', variant='normal', weight=400, stretch='normal', size='scalable')) = 10.05
2026-06-21 18:33:17 - DEBUG - findfont: score(FontEntry(fname='/root/anaconda3/lib/python3.12/site-packages/matplotlib/mpl-data/fonts/ttf/STIXGeneralBolIta.ttf', name='STIXGeneral', style='italic', variant='normal', weight=700, stretch='normal', size='scalable')) = 11.335
2026-06-21 18:33:17 - DEBUG - findfont: score(FontEntry(fname='/root/anaconda3/lib/python3.12/site-packages/matplotlib/mpl-data/fonts/ttf/DejaVuSerifDisplay.ttf', name='DejaVu Serif Display', style='normal', variant='normal', weight=400, stretch='normal', size='scalable')) = 10.05
2026-06-21 18:33:17 - DEBUG - findfont: score(FontEntry(fname='/root/anaconda3/lib/python3.12/site-packages/matplotlib/mpl-data/fonts/ttf/DejaVuSans-Bold.ttf', name='DejaVu Sans', style='normal', variant='normal', weight=700, stretch='normal', size='scalable')) = 0.33499999999999996
2026-06-21 18:33:17 - DEBUG - findfont: score(FontEntry(fname='/root/anaconda3/lib/python3.12/site-packages/matplotlib/mpl-data/fonts/ttf/cmmi10.ttf', name='cmmi10', style='normal', variant='normal', weight=400, stretch='normal', size='scalable')) = 10.05
2026-06-21 18:33:17 - DEBUG - findfont: score(FontEntry(fname='/root/anaconda3/lib/python3.12/site-packages/matplotlib/mpl-data/fonts/ttf/cmtt10.ttf', name='cmtt10', style='normal', variant='normal', weight=400, stretch='normal', size='scalable')) = 10.05
2026-06-21 18:33:17 - DEBUG - findfont: score(FontEntry(fname='/root/anaconda3/lib/python3.12/site-packages/matplotlib/mpl-data/fonts/ttf/DejaVuSerif-BoldItalic.ttf', name='DejaVu Serif', style='italic', variant='normal', weight=700, stretch='normal', size='scalable')) = 11.335
2026-06-21 18:33:17 - DEBUG - findfont: score(FontEntry(fname='/root/anaconda3/lib/python3.12/site-packages/matplotlib/mpl-data/fonts/ttf/DejaVuSansMono.ttf', name='DejaVu Sans Mono', style='normal', variant='normal', weight=400, stretch='normal', size='scalable')) = 10.05
2026-06-21 18:33:17 - DEBUG - findfont: score(FontEntry(fname='/root/anaconda3/lib/python3.12/site-packages/matplotlib/mpl-data/fonts/ttf/DejaVuSansMono-BoldOblique.ttf', name='DejaVu Sans Mono', style='oblique', variant='normal', weight=700, stretch='normal', size='scalable')) = 11.335
2026-06-21 18:33:17 - DEBUG - findfont: score(FontEntry(fname='/root/anaconda3/lib/python3.12/site-packages/matplotlib/mpl-data/fonts/ttf/STIXGeneralBol.ttf', name='STIXGeneral', style='normal', variant='normal', weight=700, stretch='normal', size='scalable')) = 10.335
2026-06-21 18:33:17 - DEBUG - findfont: score(FontEntry(fname='/root/anaconda3/lib/python3.12/site-packages/matplotlib/mpl-data/fonts/ttf/DejaVuSerif.ttf', name='DejaVu Serif', style='normal', variant='normal', weight=400, stretch='normal', size='scalable')) = 10.05
2026-06-21 18:33:17 - DEBUG - findfont: score(FontEntry(fname='/root/anaconda3/lib/python3.12/site-packages/matplotlib/mpl-data/fonts/ttf/DejaVuSans-Oblique.ttf', name='DejaVu Sans', style='oblique', variant='normal', weight=400, stretch='normal', size='scalable')) = 1.05
2026-06-21 18:33:17 - DEBUG - findfont: score(FontEntry(fname='/root/anaconda3/lib/python3.12/site-packages/matplotlib/mpl-data/fonts/ttf/DejaVuSans-BoldOblique.ttf', name='DejaVu Sans', style='oblique', variant='normal', weight=700, stretch='normal', size='scalable')) = 1.335
2026-06-21 18:33:17 - DEBUG - findfont: score(FontEntry(fname='/root/anaconda3/lib/python3.12/site-packages/matplotlib/mpl-data/fonts/ttf/DejaVuSansMono-Oblique.ttf', name='DejaVu Sans Mono', style='oblique', variant='normal', weight=400, stretch='normal', size='scalable')) = 11.05
2026-06-21 18:33:17 - DEBUG - findfont: score(FontEntry(fname='/root/anaconda3/lib/python3.12/site-packages/matplotlib/mpl-data/fonts/ttf/STIXNonUniBolIta.ttf', name='STIXNonUnicode', style='italic', variant='normal', weight=700, stretch='normal', size='scalable')) = 11.335
2026-06-21 18:33:17 - DEBUG - findfont: score(FontEntry(fname='/root/anaconda3/lib/python3.12/site-packages/matplotlib/mpl-data/fonts/ttf/STIXSizFourSymReg.ttf', name='STIXSizeFourSym', style='normal', variant='normal', weight=400, stretch='normal', size='scalable')) = 10.05
2026-06-21 18:33:17 - DEBUG - findfont: score(FontEntry(fname='/usr/share/fonts/truetype/dejavu/DejaVuSans-Bold.ttf', name='DejaVu Sans', style='normal', variant='normal', weight=700, stretch='normal', size='scalable')) = 0.33499999999999996
2026-06-21 18:33:17 - DEBUG - findfont: score(FontEntry(fname='/usr/share/fonts/truetype/dejavu/DejaVuSansMono-Bold.ttf', name='DejaVu Sans Mono', style='normal', variant='normal', weight=700, stretch='normal', size='scalable')) = 10.335
2026-06-21 18:33:17 - DEBUG - findfont: score(FontEntry(fname='/usr/share/fonts/truetype/dejavu/DejaVuSerif.ttf', name='DejaVu Serif', style='normal', variant='normal', weight=400, stretch='normal', size='scalable')) = 10.05
2026-06-21 18:33:17 - DEBUG - findfont: score(FontEntry(fname='/usr/share/fonts/truetype/dejavu/DejaVuSans.ttf', name='DejaVu Sans', style='normal', variant='normal', weight=400, stretch='normal', size='scalable')) = 0.05
2026-06-21 18:33:17 - DEBUG - findfont: score(FontEntry(fname='/usr/share/fonts/truetype/dejavu/DejaVuSansMono.ttf', name='DejaVu Sans Mono', style='normal', variant='normal', weight=400, stretch='normal', size='scalable')) = 10.05
2026-06-21 18:33:17 - DEBUG - findfont: score(FontEntry(fname='/usr/share/fonts/truetype/dejavu/DejaVuSerif-Bold.ttf', name='DejaVu Serif', style='normal', variant='normal', weight=700, stretch='normal', size='scalable')) = 10.335
2026-06-21 18:33:17 - DEBUG - findfont: Matching sans\-serif:style=normal:variant=normal:weight=normal:stretch=normal:size=12.0 to DejaVu Sans ('/root/anaconda3/lib/python3.12/site-packages/matplotlib/mpl-data/fonts/ttf/DejaVuSans.ttf') with score of 0.050000.
2026-06-21 18:33:17 - DEBUG - findfont: Matching sans\-serif:style=normal:variant=normal:weight=bold:stretch=normal:size=9.0.
2026-06-21 18:33:17 - DEBUG - findfont: score(FontEntry(fname='/root/anaconda3/lib/python3.12/site-packages/matplotlib/mpl-data/fonts/ttf/STIXSizTwoSymReg.ttf', name='STIXSizeTwoSym', style='normal', variant='normal', weight=400, stretch='normal', size='scalable')) = 10.335
2026-06-21 18:33:17 - DEBUG - findfont: score(FontEntry(fname='/root/anaconda3/lib/python3.12/site-packages/matplotlib/mpl-data/fonts/ttf/cmex10.ttf', name='cmex10', style='normal', variant='normal', weight=400, stretch='normal', size='scalable')) = 10.335
2026-06-21 18:33:17 - DEBUG - findfont: score(FontEntry(fname='/root/anaconda3/lib/python3.12/site-packages/matplotlib/mpl-data/fonts/ttf/STIXSizThreeSymBol.ttf', name='STIXSizeThreeSym', style='normal', variant='normal', weight=700, stretch='normal', size='scalable')) = 10.05
2026-06-21 18:33:17 - DEBUG - findfont: score(FontEntry(fname='/root/anaconda3/lib/python3.12/site-packages/matplotlib/mpl-data/fonts/ttf/STIXSizOneSymBol.ttf', name='STIXSizeOneSym', style='normal', variant='normal', weight=700, stretch='normal', size='scalable')) = 10.05
2026-06-21 18:33:17 - DEBUG - findfont: score(FontEntry(fname='/root/anaconda3/lib/python3.12/site-packages/matplotlib/mpl-data/fonts/ttf/DejaVuSansMono-Bold.ttf', name='DejaVu Sans Mono', style='normal', variant='normal', weight=700, stretch='normal', size='scalable')) = 10.05
2026-06-21 18:33:17 - DEBUG - findfont: score(FontEntry(fname='/root/anaconda3/lib/python3.12/site-packages/matplotlib/mpl-data/fonts/ttf/cmss10.ttf', name='cmss10', style='normal', variant='normal', weight=400, stretch='normal', size='scalable')) = 10.335
2026-06-21 18:33:17 - DEBUG - findfont: score(FontEntry(fname='/root/anaconda3/lib/python3.12/site-packages/matplotlib/mpl-data/fonts/ttf/DejaVuSerif-Italic.ttf', name='DejaVu Serif', style='italic', variant='normal', weight=400, stretch='normal', size='scalable')) = 11.335
2026-06-21 18:33:17 - DEBUG - findfont: score(FontEntry(fname='/root/anaconda3/lib/python3.12/site-packages/matplotlib/mpl-data/fonts/ttf/cmb10.ttf', name='cmb10', style='normal', variant='normal', weight=400, stretch='normal', size='scalable')) = 10.335
2026-06-21 18:33:17 - DEBUG - findfont: score(FontEntry(fname='/root/anaconda3/lib/python3.12/site-packages/matplotlib/mpl-data/fonts/ttf/STIXSizTwoSymBol.ttf', name='STIXSizeTwoSym', style='normal', variant='normal', weight=700, stretch='normal', size='scalable')) = 10.05
2026-06-21 18:33:17 - DEBUG - findfont: score(FontEntry(fname='/root/anaconda3/lib/python3.12/site-packages/matplotlib/mpl-data/fonts/ttf/DejaVuSans.ttf', name='DejaVu Sans', style='normal', variant='normal', weight=400, stretch='normal', size='scalable')) = 0.33499999999999996
2026-06-21 18:33:17 - DEBUG - findfont: score(FontEntry(fname='/root/anaconda3/lib/python3.12/site-packages/matplotlib/mpl-data/fonts/ttf/STIXGeneralItalic.ttf', name='STIXGeneral', style='italic', variant='normal', weight=400, stretch='normal', size='scalable')) = 11.335
2026-06-21 18:33:17 - DEBUG - findfont: score(FontEntry(fname='/root/anaconda3/lib/python3.12/site-packages/matplotlib/mpl-data/fonts/ttf/DejaVuSerif-Bold.ttf', name='DejaVu Serif', style='normal', variant='normal', weight=700, stretch='normal', size='scalable')) = 10.05
2026-06-21 18:33:17 - DEBUG - findfont: score(FontEntry(fname='/root/anaconda3/lib/python3.12/site-packages/matplotlib/mpl-data/fonts/ttf/STIXNonUni.ttf', name='STIXNonUnicode', style='normal', variant='normal', weight=400, stretch='normal', size='scalable')) = 10.335
2026-06-21 18:33:17 - DEBUG - findfont: score(FontEntry(fname='/root/anaconda3/lib/python3.12/site-packages/matplotlib/mpl-data/fonts/ttf/DejaVuSansDisplay.ttf', name='DejaVu Sans Display', style='normal', variant='normal', weight=400, stretch='normal', size='scalable')) = 10.335
2026-06-21 18:33:17 - DEBUG - findfont: score(FontEntry(fname='/root/anaconda3/lib/python3.12/site-packages/matplotlib/mpl-data/fonts/ttf/STIXSizThreeSymReg.ttf', name='STIXSizeThreeSym', style='normal', variant='normal', weight=400, stretch='normal', size='scalable')) = 10.335
2026-06-21 18:33:17 - DEBUG - findfont: score(FontEntry(fname='/root/anaconda3/lib/python3.12/site-packages/matplotlib/mpl-data/fonts/ttf/STIXSizFiveSymReg.ttf', name='STIXSizeFiveSym', style='normal', variant='normal', weight=400, stretch='normal', size='scalable')) = 10.335
2026-06-21 18:33:17 - DEBUG - findfont: score(FontEntry(fname='/root/anaconda3/lib/python3.12/site-packages/matplotlib/mpl-data/fonts/ttf/STIXNonUniIta.ttf', name='STIXNonUnicode', style='italic', variant='normal', weight=400, stretch='normal', size='scalable')) = 11.335
2026-06-21 18:33:17 - DEBUG - findfont: score(FontEntry(fname='/root/anaconda3/lib/python3.12/site-packages/matplotlib/mpl-data/fonts/ttf/cmsy10.ttf', name='cmsy10', style='normal', variant='normal', weight=400, stretch='normal', size='scalable')) = 10.335
2026-06-21 18:33:17 - DEBUG - findfont: score(FontEntry(fname='/root/anaconda3/lib/python3.12/site-packages/matplotlib/mpl-data/fonts/ttf/cmr10.ttf', name='cmr10', style='normal', variant='normal', weight=400, stretch='normal', size='scalable')) = 10.335
2026-06-21 18:33:17 - DEBUG - findfont: score(FontEntry(fname='/root/anaconda3/lib/python3.12/site-packages/matplotlib/mpl-data/fonts/ttf/STIXGeneral.ttf', name='STIXGeneral', style='normal', variant='normal', weight=400, stretch='normal', size='scalable')) = 10.335
2026-06-21 18:33:17 - DEBUG - findfont: score(FontEntry(fname='/root/anaconda3/lib/python3.12/site-packages/matplotlib/mpl-data/fonts/ttf/STIXNonUniBol.ttf', name='STIXNonUnicode', style='normal', variant='normal', weight=700, stretch='normal', size='scalable')) = 10.05
2026-06-21 18:33:17 - DEBUG - findfont: score(FontEntry(fname='/root/anaconda3/lib/python3.12/site-packages/matplotlib/mpl-data/fonts/ttf/STIXSizFourSymBol.ttf', name='STIXSizeFourSym', style='normal', variant='normal', weight=700, stretch='normal', size='scalable')) = 10.05
2026-06-21 18:33:17 - DEBUG - findfont: score(FontEntry(fname='/root/anaconda3/lib/python3.12/site-packages/matplotlib/mpl-data/fonts/ttf/STIXSizOneSymReg.ttf', name='STIXSizeOneSym', style='normal', variant='normal', weight=400, stretch='normal', size='scalable')) = 10.335
2026-06-21 18:33:17 - DEBUG - findfont: score(FontEntry(fname='/root/anaconda3/lib/python3.12/site-packages/matplotlib/mpl-data/fonts/ttf/STIXGeneralBolIta.ttf', name='STIXGeneral', style='italic', variant='normal', weight=700, stretch='normal', size='scalable')) = 11.05
2026-06-21 18:33:17 - DEBUG - findfont: score(FontEntry(fname='/root/anaconda3/lib/python3.12/site-packages/matplotlib/mpl-data/fonts/ttf/DejaVuSerifDisplay.ttf', name='DejaVu Serif Display', style='normal', variant='normal', weight=400, stretch='normal', size='scalable')) = 10.335
2026-06-21 18:33:17 - DEBUG - findfont: score(FontEntry(fname='/root/anaconda3/lib/python3.12/site-packages/matplotlib/mpl-data/fonts/ttf/DejaVuSans-Bold.ttf', name='DejaVu Sans', style='normal', variant='normal', weight=700, stretch='normal', size='scalable')) = 0.05
2026-06-21 18:33:17 - DEBUG - findfont: score(FontEntry(fname='/root/anaconda3/lib/python3.12/site-packages/matplotlib/mpl-data/fonts/ttf/cmmi10.ttf', name='cmmi10', style='normal', variant='normal', weight=400, stretch='normal', size='scalable')) = 10.335
2026-06-21 18:33:17 - DEBUG - findfont: score(FontEntry(fname='/root/anaconda3/lib/python3.12/site-packages/matplotlib/mpl-data/fonts/ttf/cmtt10.ttf', name='cmtt10', style='normal', variant='normal', weight=400, stretch='normal', size='scalable')) = 10.335
2026-06-21 18:33:17 - DEBUG - findfont: score(FontEntry(fname='/root/anaconda3/lib/python3.12/site-packages/matplotlib/mpl-data/fonts/ttf/DejaVuSerif-BoldItalic.ttf', name='DejaVu Serif', style='italic', variant='normal', weight=700, stretch='normal', size='scalable')) = 11.05
2026-06-21 18:33:17 - DEBUG - findfont: score(FontEntry(fname='/root/anaconda3/lib/python3.12/site-packages/matplotlib/mpl-data/fonts/ttf/DejaVuSansMono.ttf', name='DejaVu Sans Mono', style='normal', variant='normal', weight=400, stretch='normal', size='scalable')) = 10.335
2026-06-21 18:33:17 - DEBUG - findfont: score(FontEntry(fname='/root/anaconda3/lib/python3.12/site-packages/matplotlib/mpl-data/fonts/ttf/DejaVuSansMono-BoldOblique.ttf', name='DejaVu Sans Mono', style='oblique', variant='normal', weight=700, stretch='normal', size='scalable')) = 11.05
2026-06-21 18:33:17 - DEBUG - findfont: score(FontEntry(fname='/root/anaconda3/lib/python3.12/site-packages/matplotlib/mpl-data/fonts/ttf/STIXGeneralBol.ttf', name='STIXGeneral', style='normal', variant='normal', weight=700, stretch='normal', size='scalable')) = 10.05
2026-06-21 18:33:17 - DEBUG - findfont: score(FontEntry(fname='/root/anaconda3/lib/python3.12/site-packages/matplotlib/mpl-data/fonts/ttf/DejaVuSerif.ttf', name='DejaVu Serif', style='normal', variant='normal', weight=400, stretch='normal', size='scalable')) = 10.335
2026-06-21 18:33:17 - DEBUG - findfont: score(FontEntry(fname='/root/anaconda3/lib/python3.12/site-packages/matplotlib/mpl-data/fonts/ttf/DejaVuSans-Oblique.ttf', name='DejaVu Sans', style='oblique', variant='normal', weight=400, stretch='normal', size='scalable')) = 1.335
2026-06-21 18:33:17 - DEBUG - findfont: score(FontEntry(fname='/root/anaconda3/lib/python3.12/site-packages/matplotlib/mpl-data/fonts/ttf/DejaVuSans-BoldOblique.ttf', name='DejaVu Sans', style='oblique', variant='normal', weight=700, stretch='normal', size='scalable')) = 1.05
2026-06-21 18:33:17 - DEBUG - findfont: score(FontEntry(fname='/root/anaconda3/lib/python3.12/site-packages/matplotlib/mpl-data/fonts/ttf/DejaVuSansMono-Oblique.ttf', name='DejaVu Sans Mono', style='oblique', variant='normal', weight=400, stretch='normal', size='scalable')) = 11.335
2026-06-21 18:33:17 - DEBUG - findfont: score(FontEntry(fname='/root/anaconda3/lib/python3.12/site-packages/matplotlib/mpl-data/fonts/ttf/STIXNonUniBolIta.ttf', name='STIXNonUnicode', style='italic', variant='normal', weight=700, stretch='normal', size='scalable')) = 11.05
2026-06-21 18:33:17 - DEBUG - findfont: score(FontEntry(fname='/root/anaconda3/lib/python3.12/site-packages/matplotlib/mpl-data/fonts/ttf/STIXSizFourSymReg.ttf', name='STIXSizeFourSym', style='normal', variant='normal', weight=400, stretch='normal', size='scalable')) = 10.335
2026-06-21 18:33:17 - DEBUG - findfont: score(FontEntry(fname='/usr/share/fonts/truetype/dejavu/DejaVuSans-Bold.ttf', name='DejaVu Sans', style='normal', variant='normal', weight=700, stretch='normal', size='scalable')) = 0.05
2026-06-21 18:33:17 - DEBUG - findfont: score(FontEntry(fname='/usr/share/fonts/truetype/dejavu/DejaVuSansMono-Bold.ttf', name='DejaVu Sans Mono', style='normal', variant='normal', weight=700, stretch='normal', size='scalable')) = 10.05
2026-06-21 18:33:17 - DEBUG - findfont: score(FontEntry(fname='/usr/share/fonts/truetype/dejavu/DejaVuSerif.ttf', name='DejaVu Serif', style='normal', variant='normal', weight=400, stretch='normal', size='scalable')) = 10.335
2026-06-21 18:33:17 - DEBUG - findfont: score(FontEntry(fname='/usr/share/fonts/truetype/dejavu/DejaVuSans.ttf', name='DejaVu Sans', style='normal', variant='normal', weight=400, stretch='normal', size='scalable')) = 0.33499999999999996
2026-06-21 18:33:17 - DEBUG - findfont: score(FontEntry(fname='/usr/share/fonts/truetype/dejavu/DejaVuSansMono.ttf', name='DejaVu Sans Mono', style='normal', variant='normal', weight=400, stretch='normal', size='scalable')) = 10.335
2026-06-21 18:33:17 - DEBUG - findfont: score(FontEntry(fname='/usr/share/fonts/truetype/dejavu/DejaVuSerif-Bold.ttf', name='DejaVu Serif', style='normal', variant='normal', weight=700, stretch='normal', size='scalable')) = 10.05
2026-06-21 18:33:17 - DEBUG - findfont: Matching sans\-serif:style=normal:variant=normal:weight=bold:stretch=normal:size=9.0 to DejaVu Sans ('/root/anaconda3/lib/python3.12/site-packages/matplotlib/mpl-data/fonts/ttf/DejaVuSans-Bold.ttf') with score of 0.050000.
2026-06-21 18:33:18 - INFO - 
EMIB returned 1 solution(s) (max 1).
