node 0 w: 11.0, h: 10.0
node 1 w: 12.0, h: 10.0
node 2 w: 6.02026-07-01 15:49:13 - INFO - Set parameter Username
2026-07-01 15:49:13 - INFO - Set parameter LicenseID to value 2840060
2026-07-01 15:49:13 - INFO - Academic license - for non-commercial use only - expires 2027-07-01
2026-07-01 15:49:13 - INFO - Set parameter TimeLimit to value 300
2026-07-01 15:49:13 - INFO - Set parameter MIPGap to value 0
2026-07-01 15:49:13 - INFO - Set parameter MIPFocus to value 3
2026-07-01 15:49:13 - INFO - Set parameter Heuristics to value 0.5
2026-07-01 15:49:13 - INFO - Set parameter LogToConsole to value 1
2026-07-01 15:49:13 - INFO - Gurobi Optimizer version 13.0.1 build v13.0.1rc0 (linux64 - "Ubuntu 20.04.6 LTS")
2026-07-01 15:49:13 - INFO - 
2026-07-01 15:49:13 - INFO - CPU model: AMD Ryzen 9 9950X3D 16-Core Processor, instruction set [SSE2|AVX|AVX2|AVX512]
2026-07-01 15:49:13 - INFO - Thread count: 14 physical cores, 28 logical processors, using up to 28 threads
2026-07-01 15:49:13 - INFO - 
2026-07-01 15:49:13 - INFO - Non-default parameters:
2026-07-01 15:49:13 - INFO - TimeLimit  300
2026-07-01 15:49:13 - INFO - MIPGap  0
2026-07-01 15:49:13 - INFO - Heuristics  0.5
2026-07-01 15:49:13 - INFO - MIPFocus  3
2026-07-01 15:49:13 - INFO - 
2026-07-01 15:49:13 - INFO - Optimize a model with 1213 rows, 567 columns and 4073 nonzeros (Min)
2026-07-01 15:49:13 - INFO - Model fingerprint: 0xddc374d0
2026-07-01 15:49:13 - INFO - Model has 4 linear objective coefficients
2026-07-01 15:49:13 - INFO - Variable types: 240 continuous, 327 integer (327 binary)
2026-07-01 15:49:13 - INFO - Coefficient statistics:
2026-07-01 15:49:13 - INFO -   Matrix range     [3e-01, 6e+03]
2026-07-01 15:49:13 - INFO -   Objective range  [7e-06, 1e-01]
2026-07-01 15:49:13 - INFO -   Bounds range     [9e-01, 2e+07]
2026-07-01 15:49:13 - INFO -   RHS range        [9e-01, 2e+02]
2026-07-01 15:49:13 - INFO - 
2026-07-01 15:49:13 - INFO - Presolve removed 107 rows and 88 columns
2026-07-01 15:49:13 - INFO - Presolve time: 0.01s
2026-07-01 15:49:13 - INFO - Presolved: 1106 rows, 479 columns, 3714 nonzeros
2026-07-01 15:49:13 - INFO - Variable types: 167 continuous, 312 integer (312 binary)
2026-07-01 15:49:13 - INFO - Root relaxation presolve removed 204 rows and 60 columns
2026-07-01 15:49:13 - INFO - Root relaxation presolved: 902 rows, 431 columns, 3224 nonzeros
2026-07-01 15:49:13 - INFO - 
2026-07-01 15:49:13 - INFO - 
2026-07-01 15:49:13 - INFO - Root relaxation: objective -3.750104e+01, 244 iterations, 0.00 seconds (0.01 work units)
2026-07-01 15:49:13 - INFO - 
2026-07-01 15:49:13 - INFO -     Nodes    |    Current Node    |     Objective Bounds      |     Work
2026-07-01 15:49:13 - INFO -  Expl Unexpl |  Obj  Depth IntInf | Incumbent    BestBd   Gap | It/Node Time
2026-07-01 15:49:13 - INFO - 
2026-07-01 15:49:13 - INFO -      0     0  -37.50104    0  137          -  -37.50104      -     -    0s
2026-07-01 15:49:13 - INFO - H    0     0                      14.7090226  -37.50104   355%     -    0s
2026-07-01 15:49:13 - INFO -      0     0  -31.73098    0  145   14.70902  -31.73098   316%     -    0s
2026-07-01 15:49:13 - INFO -      0     0  -31.73098    0  145   14.70902  -31.73098   316%     -    0s
2026-07-01 15:49:14 - INFO -      0     0  -21.92395    0  154   14.70902  -21.92395   249%     -    0s
2026-07-01 15:49:14 - INFO -      0     0  -21.92395    0  170   14.70902  -21.92395   249%     -    0s
2026-07-01 15:49:14 - INFO -      0     0  -21.92395    0  169   14.70902  -21.92395   249%     -    0s
2026-07-01 15:49:14 - INFO -      0     0  -16.39347    0  158   14.70902  -16.39347   211%     -    0s
2026-07-01 15:49:14 - INFO -      0     0  -16.39347    0  158   14.70902  -16.39347   211%     -    0s
2026-07-01 15:49:14 - INFO -      0     0  -16.39347    0  158   14.70902  -16.39347   211%     -    0s
2026-07-01 15:49:14 - INFO -      0     0  -12.99165    0  166   14.70902  -12.99165   188%     -    0s
2026-07-01 15:49:14 - INFO -      0     0  -10.59563    0  175   14.70902  -10.59563   172%     -    0s
2026-07-01 15:49:14 - INFO -      0     0  -10.59563    0  179   14.70902  -10.59563   172%     -    0s
2026-07-01 15:49:14 - INFO -      0     0   -1.41019    0  154   14.70902   -1.41019   110%     -    0s
2026-07-01 15:49:14 - INFO -      0     0   -1.41019    0  150   14.70902   -1.41019   110%     -    0s
2026-07-01 15:49:14 - INFO -      0     0   -0.47201    0  148   14.70902   -0.47201   103%     -    0s
2026-07-01 15:49:14 - INFO -      0     0   -0.47201    0  162   14.70902   -0.47201   103%     -    0s
2026-07-01 15:49:14 - INFO -      0     0   -0.47201    0  161   14.70902   -0.47201   103%     -    0s
2026-07-01 15:49:14 - INFO -      0     0   -0.35467    0  145   14.70902   -0.35467   102%     -    0s
2026-07-01 15:49:14 - INFO -      0     0   -0.35467    0  145   14.70902   -0.35467   102%     -    0s
2026-07-01 15:49:14 - INFO - H    0     0                      12.4826710   -0.35467   103%     -    0s
2026-07-01 15:49:14 - INFO -      0     0   -0.27947    0  147   12.48267   -0.27947   102%     -    0s
2026-07-01 15:49:14 - INFO -      0     0   -0.27947    0  147   12.48267   -0.27947   102%     -    0s
2026-07-01 15:49:14 - INFO -      0     0   -0.11885    0  136   12.48267   -0.11885   101%     -    0s
2026-07-01 15:49:14 - INFO -      0     0   -0.11885    0  134   12.48267   -0.11885   101%     -    0s
2026-07-01 15:49:14 - INFO -      0     0   -0.11885    0  123   12.48267   -0.11885   101%     -    1s
2026-07-01 15:49:14 - INFO -      0     0    0.12135    0  117   12.48267    0.12135  99.0%     -    1s
2026-07-01 15:49:14 - INFO -      0     0    0.12135    0  142   12.48267    0.12135  99.0%     -    1s
2026-07-01 15:49:14 - INFO -      0     0    0.12135    0  136   12.48267    0.12135  99.0%     -    1s
2026-07-01 15:49:14 - INFO -      0     0    0.12135    0  135   12.48267    0.12135  99.0%     -    1s
2026-07-01 15:49:15 - INFO -      0     0    0.13632    0  150   12.48267    0.13632  98.9%     -    1s
2026-07-01 15:49:15 - INFO -      0     0    0.13632    0  149   12.48267    0.13632  98.9%     -    1s
2026-07-01 15:49:15 - INFO -      0     0    0.13632    0  144   12.48267    0.13632  98.9%     -    1s
2026-07-01 15:49:15 - INFO - H    0     0                      12.4002781    0.13632  98.9%     -    1s
2026-07-01 15:49:15 - INFO -      0     0    0.16348    0  153   12.40028    0.16348  98.7%     -    1s
2026-07-01 15:49:15 - INFO -      0     0    0.17491    0  156   12.40028    0.17491  98.6%     -    1s
2026-07-01 15:49:15 - INFO -      0     0    0.17491    0  164   12.40028    0.17491  98.6%     -    1s
2026-07-01 15:49:15 - INFO -      0     0    0.20229    0  164   12.40028    0.20229  98.4%     -    1s
2026-07-01 15:49:15 - INFO -      0     0    0.20229    0  163   12.40028    0.20229  98.4%     -    1s
2026-07-01 15:49:15 - INFO -      0     0    0.33872    0  158   12.40028    0.33872  97.3%     -    1s
2026-07-01 15:49:15 - INFO -      0     0    0.33872    0  163   12.40028    0.33872  97.3%     -    1s
2026-07-01 15:49:15 - INFO -      0     0    0.95752    0  167   12.40028    0.95752  92.3%     -    1s
2026-07-01 15:49:15 - INFO -      0     0    0.95752    0  167   12.40028    0.95752  92.3%     -    1s
2026-07-01 15:49:15 - INFO -      0     0    0.95752    0  161   12.40028    0.95752  92.3%     -    1s
2026-07-01 15:49:15 - INFO - H    0     0                      12.3414261    0.95752  92.2%     -    1s
2026-07-01 15:49:15 - INFO - H    0     0                      12.2590332    0.95752  92.2%     -    1s
2026-07-01 15:49:15 - INFO - H    0     0                      12.2531480    0.95752  92.2%     -    1s
2026-07-01 15:49:15 - INFO -      0     0    1.00994    0  161   12.25315    1.00994  91.8%     -    1s
2026-07-01 15:49:15 - INFO - H    0     0                       9.0021902    1.02124  88.7%     -    1s
2026-07-01 15:49:15 - INFO - H    0     0                       8.4729602    1.02124  87.9%     -    1s
2026-07-01 15:49:15 - INFO - H    0     0                       6.9435271    1.02124  85.3%     -    1s
2026-07-01 15:49:15 - INFO - H    0     0                       6.9143973    1.02124  85.2%     -    1s
2026-07-01 15:49:15 - INFO - H    0     0                       6.8330167    1.02124  85.1%     -    1s
2026-07-01 15:49:15 - INFO - H    0     0                       6.7669709    1.02124  84.9%     -    1s
2026-07-01 15:49:15 - INFO - H    0     0                       6.7016389    1.02124  84.8%     -    1s
2026-07-01 15:49:15 - INFO -      0     0    1.02124    0  154    6.70164    1.02124  84.8%     -    1s
2026-07-01 15:49:15 - INFO -      0     0    1.02124    0  138    6.70164    1.02124  84.8%     -    1s
2026-07-01 15:49:15 - INFO - H    0     0                       6.6484369    1.06600  84.0%     -    1s
2026-07-01 15:49:15 - INFO - H    0     0                       6.5523113    1.06600  83.7%     -    1s
2026-07-01 15:49:15 - INFO - H    0     0                       6.5405409    1.06600  83.7%     -    1s
2026-07-01 15:49:15 - INFO -      0     0    1.06600    0  144    6.54054    1.06600  83.7%     -    1s
2026-07-01 15:49:15 - INFO -      0     0    1.06775    0  150    6.54054    1.06775  83.7%     -    1s
2026-07-01 15:49:15 - INFO - H    0     0                       6.4321018    1.09578  83.0%     -    2s
2026-07-01 15:49:15 - INFO -      0     0    1.09656    0  162    6.43210    1.09656  83.0%     -    2s
2026-07-01 15:49:15 - INFO -      0     0    1.09656    0  161    6.43210    1.09656  83.0%     -    2s
2026-07-01 15:49:15 - INFO -      0     0    1.09656    0  157    6.43210    1.09656  83.0%     -    2s
2026-07-01 15:49:15 - INFO - H    0     0                       6.3933148    1.11513  82.6%     -    2s
2026-07-01 15:49:15 - INFO - H    0     0                       6.3277460    1.11513  82.4%     -    2s
2026-07-01 15:49:15 - INFO -      0     0    1.11513    0  155    6.32775    1.11513  82.4%     -    2s
2026-07-01 15:49:16 - INFO -      0     0    1.11513    0  151    6.32775    1.11513  82.4%     -    2s
2026-07-01 15:49:16 - INFO -      0     2    1.11513    0  150    6.32775    1.11513  82.4%     -    2s
2026-07-01 15:49:17 - INFO - H  127   142                       6.2605754    1.11513  82.2%   543    4s
2026-07-01 15:49:18 - INFO - H  146   212                       6.2369875    1.16474  81.3%   514    4s
2026-07-01 15:49:18 - INFO - H  181   212                       5.9585691    1.17356  80.3%   453    4s
2026-07-01 15:49:18 - INFO - H  211   238                       5.7125588    1.18413  79.3%   423    4s
2026-07-01 15:49:18 - INFO -    432   447    2.34686    8  217    5.71256    1.66385  70.9%   381    5s
2026-07-01 15:49:23 - INFO -   1239  1261    2.85706    9  217    5.71256    2.39613  58.1%   372   10s
2026-07-01 15:49:24 - INFO - H 1385  1384                       5.7125588    2.45576  57.0%   366   10s
2026-07-01 15:49:28 - INFO - H 1981  1970                       5.7125588    2.62803  54.0%   352   14s
2026-07-01 15:49:30 - INFO -   1982  1971    3.05978   12  151    5.71256    2.62803  54.0%   352   17s
2026-07-01 15:49:32 - INFO - H 1996  1880                       5.7097496    2.62803  54.0%   350   18s
2026-07-01 15:49:32 - INFO - H 1996  1786                       5.6896471    2.62803  53.8%   350   18s
2026-07-01 15:49:32 - INFO - H 1996  1696                       5.5513271    2.62803  52.7%   350   18s
2026-07-01 15:49:33 - INFO -   2007  1704    2.91173   10  177    5.55133    2.62803  52.7%   348   20s
2026-07-01 15:49:34 - INFO - H 2008  1619                       5.5068091    2.62803  52.3%   348   20s
2026-07-01 15:49:34 - INFO - H 2008  1537                       5.4891535    2.62803  52.1%   348   20s
2026-07-01 15:49:34 - INFO - H 2009  1461                       5.4595633    2.62803  51.9%   347   20s
2026-07-01 15:49:38 - INFO -   2034  1481    3.26051   12  144    5.45956    2.62803  51.9%   351   25s
2026-07-01 15:49:43 - INFO -   2661  1907    3.73217   42  189    5.45956    3.62490  33.6%   348   30s
2026-07-01 15:49:43 - INFO - H 2669  1829                       5.4246697    3.63358  33.0%   348   30s
2026-07-01 15:49:45 - INFO - H 3102  1994                       5.4246697    3.70881  31.6%   335   31s
2026-07-01 15:49:45 - INFO - H 3506  2175                       5.4246697    3.74290  31.0%   317   32s
2026-07-01 15:49:46 - INFO - H 3546  2141                       5.3860776    3.75315  30.3%   317   32s
2026-07-01 15:49:46 - INFO - H 4565  2624                       5.3570086    3.80843  28.9%   283   32s
2026-07-01 15:49:46 - INFO - H 4568  2565                       5.3376739    3.80925  28.6%   283   32s
2026-07-01 15:49:46 - INFO - H 4574  2508                       5.3361822    3.81237  28.6%   283   32s
2026-07-01 15:49:48 - INFO -   4781  2629    3.86879   44  147    5.33618    3.85795  27.7%   287   35s
2026-07-01 15:49:54 - INFO -   5633  3214    4.04398   45  163    5.33618    3.94623  26.0%   288   40s
2026-07-01 15:49:59 - INFO -   7403  4704    4.29083   40  135    5.33618    4.02857  24.5%   267   45s
2026-07-01 15:50:04 - INFO -  16865 14129 infeasible   46         5.33618    4.28125  19.8%   192   50s
2026-07-01 15:50:06 - INFO - H20856 16492                       5.3361822    4.33120  18.8%   177   52s
2026-07-01 15:50:09 - INFO -  21718 17971    4.73085   49  108    5.33618    4.33861  18.7%   176   55s
2026-07-01 15:50:09 - INFO - H22888 18339                       5.3361821    4.34620  18.6%   173   55s
2026-07-01 15:50:12 - INFO - H23495 19392                       5.3361821    4.35814  18.3%   172   58s
2026-07-01 15:50:13 - INFO - H24170 19648                       5.3361820    4.35992  18.3%   171   59s
2026-07-01 15:50:14 - INFO -  24457 20446    4.53986   52   91    5.33618    4.36210  18.3%   170   60s
2026-07-01 15:50:16 - INFO - H32665 27362                       5.3361820    4.41771  17.2%   157   63s
2026-07-01 15:50:18 - INFO - H33374 27463                       5.3361820    4.43198  16.9%   156   64s
2026-07-01 15:50:19 - INFO -  33952 27954    4.76266   53  127    5.33618    4.43450  16.9%   156   65s
2026-07-01 15:50:20 - INFO - H33989 28039                       5.3361819    4.43574  16.9%   156   66s
2026-07-01 15:50:20 - INFO - H34088 28039                       5.3361819    4.43667  16.9%   156   66s
2026-07-01 15:50:24 - INFO -  41277 35773    4.70290   58   69    5.33618    4.46621  16.3%   148   70s
2026-07-01 15:50:24 - INFO - H42212 35773                       5.3361819    4.47474  16.1%   147   70s
2026-07-01 15:50:24 - INFO - H42850 35773                       5.3361819    4.47765  16.1%   147   70s
2026-07-01 15:50:25 - INFO - H46382 39640                       5.3361819    4.49846  15.7%   144   71s
2026-07-01 15:50:27 - INFO - H47716 40031                       5.3361819    4.51301  15.4%   143   73s
2026-07-01 15:50:27 - INFO - H47736 40031                       5.3361819    4.51318  15.4%   143   73s
2026-07-01 15:50:29 - INFO -  48138 41497 infeasible   51         5.33618    4.51507  15.4%   142   75s
2026-07-01 15:50:33 - INFO -  57721 52567    4.71746   51   65    5.33618    4.54931  14.7%   135   80s
2026-07-01 15:50:36 - INFO - H63137 53234                       5.3361819    4.57388  14.3%   132   82s
2026-07-01 15:50:38 - INFO -  65933 57947    4.67564   53  101    5.33618    4.57502  14.3%   130   85s
2026-07-01 15:50:45 - INFO -  76338 67477     cutoff   59         5.33618    4.60366  13.7%   126   91s
2026-07-01 15:50:49 - INFO -  87763 73775 infeasible   47         5.33618    4.63872  13.1%   123   95s
2026-07-01 15:50:54 - INFO -  88079 78324    4.86388   53   58    5.33618    4.64048  13.0%   123  100s
2026-07-01 15:50:58 - INFO -  100625 83719    5.09079   55   53    5.33618    4.66704  12.5%   119  105s
2026-07-01 15:51:03 - INFO - H105630 87870                       5.3361819    4.67664  12.4%   119  109s
2026-07-01 15:51:05 - INFO -  105986 90971 infeasible   56         5.33618    4.67725  12.3%   118  111s
2026-07-01 15:51:10 - INFO -  119007 98801    4.95896   61   86    5.33618    4.70037  11.9%   117  116s
2026-07-01 15:51:10 - INFO - H120168 98801                       5.3361819    4.70302  11.9%   116  116s
2026-07-01 15:51:14 - INFO -  120403 99154    4.88297   56   66    5.33618    4.70478  11.8%   116  120s
2026-07-01 15:51:14 - INFO - H120453 99154                       5.3361818    4.70564  11.8%   116  120s
2026-07-01 15:51:19 - INFO -  120889 104061    4.80327   55   54    5.33618    4.71009  11.7%   116  125s
2026-07-01 15:51:19 - INFO - H121559 104061                       5.3361818    4.71055  11.7%   116  125s
2026-07-01 15:51:19 - INFO - H127012 102427                       5.2876552    4.71108  10.9%   115  125s
2026-07-01 15:51:21 - INFO - H128038 103603                       5.2876552    4.72448  10.7%   115  127s
2026-07-01 15:51:24 - INFO -  129863 103625    4.82415   52  118    5.28766    4.72458  10.6%   115  130s
2026-07-01 15:51:24 - INFO - H129876 103625                       5.2876552    4.72469  10.6%   115  130s
2026-07-01 15:51:24 - INFO - H129877 103625                       5.2876552    4.72471  10.6%   115  130s
2026-07-01 15:51:24 - INFO - H129890 103625                       5.2876552    4.72494  10.6%   115  130s
2026-07-01 15:51:26 - INFO - H130591 106198                       5.2876552    4.72512  10.6%   115  132s
2026-07-01 15:51:26 - INFO - H132156 106198                       5.2876551    4.72534  10.6%   115  132s
2026-07-01 15:51:29 - INFO - H133549 106297                       5.2876551    4.72601  10.6%   114  135s
2026-07-01 15:51:29 - INFO - H133684 106297                       5.2876551    4.72701  10.6%   114  135s
2026-07-01 15:51:29 - INFO - H133687 106297                       5.2876551    4.72730  10.6%   114  135s
2026-07-01 15:51:32 - INFO - H137501 109089                       5.2876551    4.73039  10.5%   114  138s
2026-07-01 15:51:34 - INFO -  137850 109129    5.03712   59   77    5.28766    4.73152  10.5%   114  140s
2026-07-01 15:51:34 - INFO - H137852 109129                       5.2876550    4.73221  10.5%   114  140s
2026-07-01 15:51:34 - INFO - H137920 109129                       5.2876550    4.73603  10.4%   114  140s
2026-07-01 15:51:34 - INFO - H137926 109129                       5.2876550    4.73626  10.4%   114  140s
2026-07-01 15:51:39 - INFO -  141714 115386    5.26380   53   73    5.28765    4.73874  10.4%   114  145s
2026-07-01 15:51:41 - INFO - H147485 115972                       5.2876550    4.74935  10.2%   113  147s
2026-07-01 15:51:41 - INFO - H148169 115972                       5.2876550    4.75164  10.1%   113  147s
2026-07-01 15:51:44 - INFO -  148294 121814    5.11235   61   84    5.28765    4.75273  10.1%   113  151s
2026-07-01 15:51:46 - INFO - H157039 121836                       5.2876550    4.77542  9.69%   112  152s
2026-07-01 15:51:46 - INFO - H157047 121836                       5.2876550    4.77548  9.69%   112  152s
2026-07-01 15:51:49 - INFO -  158366 124068    4.78101   62   66    5.28765    4.77559  9.68%   112  155s
2026-07-01 15:51:50 - INFO - H160969 121075                       5.2344455    4.77617  8.76%   112  157s
2026-07-01 15:51:54 - INFO -  162778 123721    4.88871   53  111    5.23445    4.78125  8.66%   112  160s
2026-07-01 15:51:54 - INFO - H162986 121617                       5.2109680    4.78144  8.24%   112  160s
2026-07-01 15:51:59 - INFO -  173643 125030    4.90359   51   99    5.21097    4.79940  7.90%   111  165s
2026-07-01 15:52:04 - INFO -  184191 130243    5.10271   61   93    5.21097    4.82020  7.50%   110  170s
2026-07-01 15:52:09 - INFO -  188949 133225 infeasible   60         5.21097    4.82204  7.46%   110  175s
2026-07-01 15:52:14 - INFO -  201150 138557    4.99511   52  122    5.21097    4.84041  7.11%   108  180s
2026-07-01 15:52:20 - INFO -  205512 142185    4.98126   60   71    5.21097    4.84888  6.95%   108  187s
2026-07-01 15:52:24 - INFO -  215261 143295    4.97598   53  107    5.21097    4.85905  6.75%   107  190s
2026-07-01 15:52:24 - INFO - H215589 143295                       5.2109679    4.85909  6.75%   107  190s
2026-07-01 15:52:29 - INFO -  221385 145215    4.87800   52   56    5.21097    4.86480  6.64%   106  195s
2026-07-01 15:52:35 - INFO -  233571 149406    5.08367   53  102    5.21097    4.87789  6.39%   105  201s
2026-07-01 15:52:39 - INFO -  233930 152624    4.95554   60   59    5.21097    4.87908  6.37%   105  205s
2026-07-01 15:52:44 - INFO -  246574 155217     cutoff   51         5.21097    4.88992  6.16%   104  210s
2026-07-01 15:52:50 - INFO -  257948 158485    4.98273   58   56    5.21097    4.90177  5.93%   103  216s
2026-07-01 15:52:54 - INFO -  268208 160741     cutoff   55         5.21097    4.91397  5.70%   102  220s
2026-07-01 15:52:55 - INFO - H268297 161057                       5.2109679    4.91422  5.69%   102  221s
2026-07-01 15:52:58 - INFO -  271120 161913    4.91990   62   53    5.21097    4.91558  5.67%   102  225s
2026-07-01 15:53:04 - INFO -  281808 164708     cutoff   63         5.21097    4.92626  5.46%   101  230s
2026-07-01 15:53:09 - INFO -  288909 168471    4.98987   57   88    5.21097    4.92788  5.43%   100  235s
2026-07-01 15:53:14 - INFO -  299291 169199    5.03180   59  110    5.21097    4.94066  5.19%  99.1  241s
2026-07-01 15:53:19 - INFO -  306851 171298    5.15936   53   66    5.21097    4.94339  5.13%  98.5  246s
2026-07-01 15:53:25 - INFO -  314959 173255    5.09315   49  129    5.21097    4.95273  4.96%  97.8  251s
2026-07-01 15:53:28 - INFO -  327266 174860    5.06900   46   96    5.21097    4.96244  4.77%  96.8  255s
2026-07-01 15:53:34 - INFO -  334271 175998    5.03906   61   55    5.21097    4.96921  4.64%  96.2  260s
2026-07-01 15:53:39 - INFO -  340433 177377 infeasible   60         5.21097    4.97209  4.58%  95.7  265s
2026-07-01 15:53:44 - INFO -  355751 179314    5.11871   61   60    5.21097    4.98702  4.30%  94.5  270s
2026-07-01 15:53:49 - INFO -  361464 180192     cutoff   59         5.21097    4.98956  4.25%  94.0  275s
2026-07-01 15:53:54 - INFO -  364103 180585     cutoff   61         5.21097    4.99170  4.21%  93.8  280s
2026-07-01 15:54:00 - INFO -  378563 183243    5.06464   60   50    5.21097    5.00307  3.99%  92.7  287s
2026-07-01 15:54:04 - INFO -  387187 183252     cutoff   58         5.21097    5.00902  3.88%  92.0  290s
2026-07-01 15:54:09 - INFO -  393578 183653     cutoff   53         5.21097    5.01197  3.82%  91.5  295s
2026-07-01 15:54:13 - INFO -  401254 184528    5.05604   58   35    5.21097    5.01380  3.78%  90.9  300s
2026-07-01 15:54:13 - INFO - 
2026-07-01 15:54:13 - INFO - Cutting planes:
2026-07-01 15:54:13 - INFO -   Learned: 199
2026-07-01 15:54:13 - INFO -   Gomory: 260
2026-07-01 15:54:13 - INFO -   Lift-and-project: 400
2026-07-01 15:54:13 - INFO -   Cover: 410
2026-07-01 15:54:13 - INFO -   Implied bound: 18
2026-07-01 15:54:13 - INFO -   MIR: 493
2026-07-01 15:54:13 - INFO -   Mixing: 30
2026-07-01 15:54:13 - INFO -   StrongCG: 1
2026-07-01 15:54:13 - INFO -   Flow cover: 2038
2026-07-01 15:54:13 - INFO -   Inf proof: 697
2026-07-01 15:54:13 - INFO -   Zero half: 126
2026-07-01 15:54:13 - INFO -   RLT: 42
2026-07-01 15:54:13 - INFO -   Relax-and-lift: 317
2026-07-01 15:54:13 - INFO -   PSD: 2
2026-07-01 15:54:13 - INFO - 
2026-07-01 15:54:13 - INFO - Explored 403256 nodes (36598681 simplex iterations) in 300.05 seconds (504.63 work units)
2026-07-01 15:54:13 - INFO - Thread count was 28 (of 28 available processors)
2026-07-01 15:54:13 - INFO - 
2026-07-01 15:54:13 - INFO - Solution count 10: 5.21097 5.21097 5.21097 ... 5.28766
2026-07-01 15:54:13 - INFO - 
2026-07-01 15:54:13 - INFO - Time limit reached
2026-07-01 15:54:13 - INFO - Best objective 5.210967873377e+00, best bound 5.016109621850e+00, gap 3.7394%
2026-07-01 15:54:13 - DEBUG - Loaded backend Agg version v2.2.
2026-07-01 15:54:13 - DEBUG - findfont: Matching sans\-serif:style=normal:variant=normal:weight=normal:stretch=normal:size=10.0.
2026-07-01 15:54:13 - DEBUG - findfont: score(FontEntry(fname='/root/anaconda3/lib/python3.12/site-packages/matplotlib/mpl-data/fonts/ttf/STIXSizTwoSymReg.ttf', name='STIXSizeTwoSym', style='normal', variant='normal', weight=400, stretch='normal', size='scalable')) = 10.05
2026-07-01 15:54:13 - DEBUG - findfont: score(FontEntry(fname='/root/anaconda3/lib/python3.12/site-packages/matplotlib/mpl-data/fonts/ttf/cmex10.ttf', name='cmex10', style='normal', variant='normal', weight=400, stretch='normal', size='scalable')) = 10.05
2026-07-01 15:54:13 - DEBUG - findfont: score(FontEntry(fname='/root/anaconda3/lib/python3.12/site-packages/matplotlib/mpl-data/fonts/ttf/STIXSizThreeSymBol.ttf', name='STIXSizeThreeSym', style='normal', variant='normal', weight=700, stretch='normal', size='scalable')) = 10.335
2026-07-01 15:54:13 - DEBUG - findfont: score(FontEntry(fname='/root/anaconda3/lib/python3.12/site-packages/matplotlib/mpl-data/fonts/ttf/STIXSizOneSymBol.ttf', name='STIXSizeOneSym', style='normal', variant='normal', weight=700, stretch='normal', size='scalable')) = 10.335
2026-07-01 15:54:13 - DEBUG - findfont: score(FontEntry(fname='/root/anaconda3/lib/python3.12/site-packages/matplotlib/mpl-data/fonts/ttf/DejaVuSansMono-Bold.ttf', name='DejaVu Sans Mono', style='normal', variant='normal', weight=700, stretch='normal', size='scalable')) = 10.335
2026-07-01 15:54:13 - DEBUG - findfont: score(FontEntry(fname='/root/anaconda3/lib/python3.12/site-packages/matplotlib/mpl-data/fonts/ttf/cmss10.ttf', name='cmss10', style='normal', variant='normal', weight=400, stretch='normal', size='scalable')) = 10.05
2026-07-01 15:54:13 - DEBUG - findfont: score(FontEntry(fname='/root/anaconda3/lib/python3.12/site-packages/matplotlib/mpl-data/fonts/ttf/DejaVuSerif-Italic.ttf', name='DejaVu Serif', style='italic', variant='normal', weight=400, stretch='normal', size='scalable')) = 11.05
2026-07-01 15:54:13 - DEBUG - findfont: score(FontEntry(fname='/root/anaconda3/lib/python3.12/site-packages/matplotlib/mpl-data/fonts/ttf/cmb10.ttf', name='cmb10', style='normal', variant='normal', weight=400, stretch='normal', size='scalable')) = 10.05
2026-07-01 15:54:13 - DEBUG - findfont: score(FontEntry(fname='/root/anaconda3/lib/python3.12/site-packages/matplotlib/mpl-data/fonts/ttf/STIXSizTwoSymBol.ttf', name='STIXSizeTwoSym', style='normal', variant='normal', weight=700, stretch='normal', size='scalable')) = 10.335
2026-07-01 15:54:13 - DEBUG - findfont: score(FontEntry(fname='/root/anaconda3/lib/python3.12/site-packages/matplotlib/mpl-data/fonts/ttf/DejaVuSans.ttf', name='DejaVu Sans', style='normal', variant='normal', weight=400, stretch='normal', size='scalable')) = 0.05
2026-07-01 15:54:13 - DEBUG - findfont: score(FontEntry(fname='/root/anaconda3/lib/python3.12/site-packages/matplotlib/mpl-data/fonts/ttf/STIXGeneralItalic.ttf', name='STIXGeneral', style='italic', variant='normal', weight=400, stretch='normal', size='scalable')) = 11.05
2026-07-01 15:54:13 - DEBUG - findfont: score(FontEntry(fname='/root/anaconda3/lib/python3.12/site-packages/matplotlib/mpl-data/fonts/ttf/DejaVuSerif-Bold.ttf', name='DejaVu Serif', style='normal', variant='normal', weight=700, stretch='normal', size='scalable')) = 10.335
2026-07-01 15:54:13 - DEBUG - findfont: score(FontEntry(fname='/root/anaconda3/lib/python3.12/site-packages/matplotlib/mpl-data/fonts/ttf/STIXNonUni.ttf', name='STIXNonUnicode', style='normal', variant='normal', weight=400, stretch='normal', size='scalable')) = 10.05
2026-07-01 15:54:13 - DEBUG - findfont: score(FontEntry(fname='/root/anaconda3/lib/python3.12/site-packages/matplotlib/mpl-data/fonts/ttf/DejaVuSansDisplay.ttf', name='DejaVu Sans Display', style='normal', variant='normal', weight=400, stretch='normal', size='scalable')) = 10.05
2026-07-01 15:54:13 - DEBUG - findfont: score(FontEntry(fname='/root/anaconda3/lib/python3.12/site-packages/matplotlib/mpl-data/fonts/ttf/STIXSizThreeSymReg.ttf', name='STIXSizeThreeSym', style='normal', variant='normal', weight=400, stretch='normal', size='scalable')) = 10.05
2026-07-01 15:54:13 - DEBUG - findfont: score(FontEntry(fname='/root/anaconda3/lib/python3.12/site-packages/matplotlib/mpl-data/fonts/ttf/STIXSizFiveSymReg.ttf', name='STIXSizeFiveSym', style='normal', variant='normal', weight=400, stretch='normal', size='scalable')) = 10.05
2026-07-01 15:54:13 - DEBUG - findfont: score(FontEntry(fname='/root/anaconda3/lib/python3.12/site-packages/matplotlib/mpl-data/fonts/ttf/STIXNonUniIta.ttf', name='STIXNonUnicode', style='italic', variant='normal', weight=400, stretch='normal', size='scalable')) = 11.05
2026-07-01 15:54:13 - DEBUG - findfont: score(FontEntry(f[EMIB] Layout figure saved: /root/placement/MPDAP/output_gurobi_EMIB_chiplet_5_6_01_24/fig/syn1_core/solution_1_layout_gurobi.png
  ✓ EMIB: 1 solution(s)
tretch='normal', size='scalable')) = 10.05
2026-07-01 15:54:13 - DEBUG - findfont: score(FontEntry(fname='/root/anaconda3/lib/python3.12/site-packages/matplotlib/mpl-data/fonts/ttf/cmr10.ttf', name='cmr10', style='normal', variant='normal', weight=400, stretch='normal', size='scalable')) = 10.05
2026-07-01 15:54:13 - DEBUG - findfont: score(FontEntry(fname='/root/anaconda3/lib/python3.12/site-packages/matplotlib/mpl-data/fonts/ttf/STIXGeneral.ttf', name='STIXGeneral', style='normal', variant='normal', weight=400, stretch='normal', size='scalable')) = 10.05
2026-07-01 15:54:13 - DEBUG - findfont: score(FontEntry(fname='/root/anaconda3/lib/python3.12/site-packages/matplotlib/mpl-data/fonts/ttf/STIXNonUniBol.ttf', name='STIXNonUnicode', style='normal', variant='normal', weight=700, stretch='normal', size='scalable')) = 10.335
2026-07-01 15:54:13 - DEBUG - findfont: score(FontEntry(fname='/root/anaconda3/lib/python3.12/site-packages/matplotlib/mpl-data/fonts/ttf/STIXSizFourSymBol.ttf', name='STIXSizeFourSym', style='normal', variant='normal', weight=700, stretch='normal', size='scalable')) = 10.335
2026-07-01 15:54:13 - DEBUG - findfont: score(FontEntry(fname='/root/anaconda3/lib/python3.12/site-packages/matplotlib/mpl-data/fonts/ttf/STIXSizOneSymReg.ttf', name='STIXSizeOneSym', style='normal', variant='normal', weight=400, stretch='normal', size='scalable')) = 10.05
2026-07-01 15:54:13 - DEBUG - findfont: score(FontEntry(fname='/root/anaconda3/lib/python3.12/site-packages/matplotlib/mpl-data/fonts/ttf/STIXGeneralBolIta.ttf', name='STIXGeneral', style='italic', variant='normal', weight=700, stretch='normal', size='scalable')) = 11.335
2026-07-01 15:54:13 - DEBUG - findfont: score(FontEntry(fname='/root/anaconda3/lib/python3.12/site-packages/matplotlib/mpl-data/fonts/ttf/DejaVuSerifDisplay.ttf', name='DejaVu Serif Display', style='normal', variant='normal', weight=400, stretch='normal', size='scalable')) = 10.05
2026-07-01 15:54:13 - DEBUG - findfont: score(FontEntry(fname='/root/anaconda3/lib/python3.12/site-packages/matplotlib/mpl-data/fonts/ttf/DejaVuSans-Bold.ttf', name='DejaVu Sans', style='normal', variant='normal', weight=700, stretch='normal', size='scalable')) = 0.33499999999999996
2026-07-01 15:54:13 - DEBUG - findfont: score(FontEntry(fname='/root/anaconda3/lib/python3.12/site-packages/matplotlib/mpl-data/fonts/ttf/cmmi10.ttf', name='cmmi10', style='normal', variant='normal', weight=400, stretch='normal', size='scalable')) = 10.05
2026-07-01 15:54:13 - DEBUG - findfont: score(FontEntry(fname='/root/anaconda3/lib/python3.12/site-packages/matplotlib/mpl-data/fonts/ttf/cmtt10.ttf', name='cmtt10', style='normal', variant='normal', weight=400, stretch='normal', size='scalable')) = 10.05
2026-07-01 15:54:13 - DEBUG - findfont: score(FontEntry(fname='/root/anaconda3/lib/python3.12/site-packages/matplotlib/mpl-data/fonts/ttf/DejaVuSerif-BoldItalic.ttf', name='DejaVu Serif', style='italic', variant='normal', weight=700, stretch='normal', size='scalable')) = 11.335
2026-07-01 15:54:13 - DEBUG - findfont: score(FontEntry(fname='/root/anaconda3/lib/python3.12/site-packages/matplotlib/mpl-data/fonts/ttf/DejaVuSansMono.ttf', name='DejaVu Sans Mono', style='normal', variant='normal', weight=400, stretch='normal', size='scalable')) = 10.05
2026-07-01 15:54:13 - DEBUG - findfont: score(FontEntry(fname='/root/anaconda3/lib/python3.12/site-packages/matplotlib/mpl-data/fonts/ttf/DejaVuSansMono-BoldOblique.ttf', name='DejaVu Sans Mono', style='oblique', variant='normal', weight=700, stretch='normal', size='scalable')) = 11.335
2026-07-01 15:54:13 - DEBUG - findfont: score(FontEntry(fname='/root/anaconda3/lib/python3.12/site-packages/matplotlib/mpl-data/fonts/ttf/STIXGeneralBol.ttf', name='STIXGeneral', style='normal', variant='normal', weight=700, stretch='normal', size='scalable')) = 10.335
2026-07-01 15:54:13 - DEBUG - findfont: score(FontEntry(fname='/root/anaconda3/lib/python3.12/site-packages/matplotlib/mpl-data/fonts/ttf/DejaVuSerif.ttf', name='DejaVu Serif', style='normal', variant='normal', weight=400, stretch='normal', size='scalable')) = 10.05
2026-07-01 15:54:13 - DEBUG - findfont: score(FontEntry(fname='/root/anaconda3/lib/python3.12/site-packages/matplotlib/mpl-data/fonts/ttf/DejaVuSans-Oblique.ttf', name='DejaVu Sans', style='oblique', variant='normal', weight=400, stretch='normal', size='scalable')) = 1.05
2026-07-01 15:54:13 - DEBUG - findfont: score(FontEntry(fname='/root/anaconda3/lib/python3.12/site-packages/matplotlib/mpl-data/fonts/ttf/DejaVuSans-BoldOblique.ttf', name='DejaVu Sans', style='oblique', variant='normal', weight=700, stretch='normal', size='scalable')) = 1.335
2026-07-01 15:54:13 - DEBUG - findfont: score(FontEntry(fname='/root/anaconda3/lib/python3.12/site-packages/matplotlib/mpl-data/fonts/ttf/DejaVuSansMono-Oblique.ttf', name='DejaVu Sans Mono', style='oblique', variant='normal', weight=400, stretch='normal', size='scalable')) = 11.05
2026-07-01 15:54:13 - DEBUG - findfont: score(FontEntry(fname='/root/anaconda3/lib/python3.12/site-packages/matplotlib/mpl-data/fonts/ttf/STIXNonUniBolIta.ttf', name='STIXNonUnicode', style='italic', variant='normal', weight=700, stretch='normal', size='scalable')) = 11.335
2026-07-01 15:54:13 - DEBUG - findfont: score(FontEntry(fname='/root/anaconda3/lib/python3.12/site-packages/matplotlib/mpl-data/fonts/ttf/STIXSizFourSymReg.ttf', name='STIXSizeFourSym', style='normal', variant='normal', weight=400, stretch='normal', size='scalable')) = 10.05
2026-07-01 15:54:13 - DEBUG - findfont: score(FontEntry(fname='/usr/share/fonts/truetype/dejavu/DejaVuSans-Bold.ttf', name='DejaVu Sans', style='normal', variant='normal', weight=700, stretch='normal', size='scalable')) = 0.33499999999999996
2026-07-01 15:54:13 - DEBUG - findfont: score(FontEntry(fname='/usr/share/fonts/truetype/dejavu/DejaVuSansMono-Bold.ttf', name='DejaVu Sans Mono', style='normal', variant='normal', weight=700, stretch='normal', size='scalable')) = 10.335
2026-07-01 15:54:13 - DEBUG - findfont: score(FontEntry(fname='/usr/share/fonts/truetype/dejavu/DejaVuSerif.ttf', name='DejaVu Serif', style='normal', variant='normal', weight=400, stretch='normal', size='scalable')) = 10.05
2026-07-01 15:54:13 - DEBUG - findfont: score(FontEntry(fname='/usr/share/fonts/truetype/dejavu/DejaVuSans.ttf', name='DejaVu Sans', style='normal', variant='normal', weight=400, stretch='normal', size='scalable')) = 0.05
2026-07-01 15:54:13 - DEBUG - findfont: score(FontEntry(fname='/usr/share/fonts/truetype/dejavu/DejaVuSansMono.ttf', name='DejaVu Sans Mono', style='normal', variant='normal', weight=400, stretch='normal', size='scalable')) = 10.05
2026-07-01 15:54:13 - DEBUG - findfont: score(FontEntry(fname='/usr/share/fonts/truetype/dejavu/DejaVuSerif-Bold.ttf', name='DejaVu Serif', style='normal', variant='normal', weight=700, stretch='normal', size='scalable')) = 10.335
2026-07-01 15:54:13 - DEBUG - findfont: Matching sans\-serif:style=normal:variant=normal:weight=normal:stretch=normal:size=10.0 to DejaVu Sans ('/root/anaconda3/lib/python3.12/site-packages/matplotlib/mpl-data/fonts/ttf/DejaVuSans.ttf') with score of 0.050000.
2026-07-01 15:54:14 - DEBUG - findfont: Matching sans\-serif:style=normal:variant=normal:weight=normal:stretch=normal:size=12.0.
2026-07-01 15:54:14 - DEBUG - findfont: score(FontEntry(fname='/root/anaconda3/lib/python3.12/site-packages/matplotlib/mpl-data/fonts/ttf/STIXSizTwoSymReg.ttf', name='STIXSizeTwoSym', style='normal', variant='normal', weight=400, stretch='normal', size='scalable')) = 10.05
2026-07-01 15:54:14 - DEBUG - findfont: score(FontEntry(fname='/root/anaconda3/lib/python3.12/site-packages/matplotlib/mpl-data/fonts/ttf/cmex10.ttf', name='cmex10', style='normal', variant='normal', weight=400, stretch='normal', size='scalable')) = 10.05
2026-07-01 15:54:14 - DEBUG - findfont: score(FontEntry(fname='/root/anaconda3/lib/python3.12/site-packages/matplotlib/mpl-data/fonts/ttf/STIXSizThreeSymBol.ttf', name='STIXSizeThreeSym', style='normal', variant='normal', weight=700, stretch='normal', size='scalable')) = 10.335
2026-07-01 15:54:14 - DEBUG - findfont: score(FontEntry(fname='/root/anaconda3/lib/python3.12/site-packages/matplotlib/mpl-data/fonts/ttf/STIXSizOneSymBol.ttf', name='STIXSizeOneSym', style='normal', variant='normal', weight=700, stretch='normal', size='scalable')) = 10.335
2026-07-01 15:54:14 - DEBUG - findfont: score(FontEntry(fname='/root/anaconda3/lib/python3.12/site-packages/matplotlib/mpl-data/fonts/ttf/DejaVuSansMono-Bold.ttf', name='DejaVu Sans Mono', style='normal', variant='normal', weight=700, stretch='normal', size='scalable')) = 10.335
2026-07-01 15:54:14 - DEBUG - findfont: score(FontEntry(fname='/root/anaconda3/lib/python3.12/site-packages/matplotlib/mpl-data/fonts/ttf/cmss10.ttf', name='cmss10', style='normal', variant='normal', weight=400, stretch='normal', size='scalable')) = 10.05
2026-07-01 15:54:14 - DEBUG - findfont: score(FontEntry(fname='/root/anaconda3/lib/python3.12/site-packages/matplotlib/mpl-data/fonts/ttf/DejaVuSerif-Italic.ttf', name='DejaVu Serif', style='italic', variant='normal', weight=400, stretch='normal', size='scalable')) = 11.05
2026-07-01 15:54:14 - DEBUG - findfont: score(FontEntry(fname='/root/anaconda3/lib/python3.12/site-packages/matplotlib/mpl-data/fonts/ttf/cmb10.ttf', name='cmb10', style='normal', variant='normal', weight=400, stretch='normal', size='scalable')) = 10.05
2026-07-01 15:54:14 - DEBUG - findfont: score(FontEntry(fname='/root/anaconda3/lib/python3.12/site-packages/matplotlib/mpl-data/fonts/ttf/STIXSizTwoSymBol.ttf', name='STIXSizeTwoSym', style='normal', variant='normal', weight=700, stretch='normal', size='scalable')) = 10.335
2026-07-01 15:54:14 - DEBUG - findfont: score(FontEntry(fname='/root/anaconda3/lib/python3.12/site-packages/matplotlib/mpl-data/fonts/ttf/DejaVuSans.ttf', name='DejaVu Sans', style='normal', variant='normal', weight=400, stretch='normal', size='scalable')) = 0.05
2026-07-01 15:54:14 - DEBUG - findfont: score(FontEntry(fname='/root/anaconda3/lib/python3.12/site-packages/matplotlib/mpl-data/fonts/ttf/STIXGeneralItalic.ttf', name='STIXGeneral', style='italic', variant='normal', weight=400, stretch='normal', size='scalable')) = 11.05
2026-07-01 15:54:14 - DEBUG - findfont: score(FontEntry(fname='/root/anaconda3/lib/python3.12/site-packages/matplotlib/mpl-data/fonts/ttf/DejaVuSerif-Bold.ttf', name='DejaVu Serif', style='normal', variant='normal', weight=700, stretch='normal', size='scalable')) = 10.335
2026-07-01 15:54:14 - DEBUG - findfont: score(FontEntry(fname='/root/anaconda3/lib/python3.12/site-packages/matplotlib/mpl-data/fonts/ttf/STIXNonUni.ttf', name='STIXNonUnicode', style='normal', variant='normal', weight=400, stretch='normal', size='scalable')) = 10.05
2026-07-01 15:54:14 - DEBUG - findfont: score(FontEntry(fname='/root/anaconda3/lib/python3.12/site-packages/matplotlib/mpl-data/fonts/ttf/DejaVuSansDisplay.ttf', name='DejaVu Sans Display', style='normal', variant='normal', weight=400, stretch='normal', size='scalable')) = 10.05
2026-07-01 15:54:14 - DEBUG - findfont: score(FontEntry(fname='/root/anaconda3/lib/python3.12/site-packages/matplotlib/mpl-data/fonts/ttf/STIXSizThreeSymReg.ttf', name='STIXSizeThreeSym', style='normal', variant='normal', weight=400, stretch='normal', size='scalable')) = 10.05
2026-07-01 15:54:14 - DEBUG - findfont: score(FontEntry(fname='/root/anaconda3/lib/python3.12/site-packages/matplotlib/mpl-data/fonts/ttf/STIXSizFiveSymReg.ttf', name='STIXSizeFiveSym', style='normal', variant='normal', weight=400, stretch='normal', size='scalable')) = 10.05
2026-07-01 15:54:14 - DEBUG - findfont: score(FontEntry(fname='/root/anaconda3/lib/python3.12/site-packages/matplotlib/mpl-data/fonts/ttf/STIXNonUniIta.ttf', name='STIXNonUnicode', style='italic', variant='normal', weight=400, stretch='normal', size='scalable')) = 11.05
2026-07-01 15:54:14 - DEBUG - findfont: score(FontEntry(fname='/root/anaconda3/lib/python3.12/site-packages/matplotlib/mpl-data/fonts/ttf/cmsy10.ttf', name='cmsy10', style='normal', variant='normal', weight=400, stretch='normal', size='scalable')) = 10.05
2026-07-01 15:54:14 - DEBUG - findfont: score(FontEntry(fname='/root/anaconda3/lib/python3.12/site-packages/matplotlib/mpl-data/fonts/ttf/cmr10.ttf', name='cmr10', style='normal', variant='normal', weight=400, stretch='normal', size='scalable')) = 10.05
2026-07-01 15:54:14 - DEBUG - findfont: score(FontEntry(fname='/root/anaconda3/lib/python3.12/site-packages/matplotlib/mpl-data/fonts/ttf/STIXGeneral.ttf', name='STIXGeneral', style='normal', variant='normal', weight=400, stretch='normal', size='scalable')) = 10.05
2026-07-01 15:54:14 - DEBUG - findfont: score(FontEntry(fname='/root/anaconda3/lib/python3.12/site-packages/matplotlib/mpl-data/fonts/ttf/STIXNonUniBol.ttf', name='STIXNonUnicode', style='normal', variant='normal', weight=700, stretch='normal', size='scalable')) = 10.335
2026-07-01 15:54:14 - DEBUG - findfont: score(FontEntry(fname='/root/anaconda3/lib/python3.12/site-packages/matplotlib/mpl-data/fonts/ttf/STIXSizFourSymBol.ttf', name='STIXSizeFourSym', style='normal', variant='normal', weight=700, stretch='normal', size='scalable')) = 10.335
2026-07-01 15:54:14 - DEBUG - findfont: score(FontEntry(fname='/root/anaconda3/lib/python3.12/site-packages/matplotlib/mpl-data/fonts/ttf/STIXSizOneSymReg.ttf', name='STIXSizeOneSym', style='normal', variant='normal', weight=400, stretch='normal', size='scalable')) = 10.05
2026-07-01 15:54:14 - DEBUG - findfont: score(FontEntry(fname='/root/anaconda3/lib/python3.12/site-packages/matplotlib/mpl-data/fonts/ttf/STIXGeneralBolIta.ttf', name='STIXGeneral', style='italic', variant='normal', weight=700, stretch='normal', size='scalable')) = 11.335
2026-07-01 15:54:14 - DEBUG - findfont: score(FontEntry(fname='/root/anaconda3/lib/python3.12/site-packages/matplotlib/mpl-data/fonts/ttf/DejaVuSerifDisplay.ttf', name='DejaVu Serif Display', style='normal', variant='normal', weight=400, stretch='normal', size='scalable')) = 10.05
2026-07-01 15:54:14 - DEBUG - findfont: score(FontEntry(fname='/root/anaconda3/lib/python3.12/site-packages/matplotlib/mpl-data/fonts/ttf/DejaVuSans-Bold.ttf', name='DejaVu Sans', style='normal', variant='normal', weight=700, stretch='normal', size='scalable')) = 0.33499999999999996
2026-07-01 15:54:14 - DEBUG - findfont: score(FontEntry(fname='/root/anaconda3/lib/python3.12/site-packages/matplotlib/mpl-data/fonts/ttf/cmmi10.ttf', name='cmmi10', style='normal', variant='normal', weight=400, stretch='normal', size='scalable')) = 10.05
2026-07-01 15:54:14 - DEBUG - findfont: score(FontEntry(fname='/root/anaconda3/lib/python3.12/site-packages/matplotlib/mpl-data/fonts/ttf/cmtt10.ttf', name='cmtt10', style='normal', variant='normal', weight=400, stretch='normal', size='scalable')) = 10.05
2026-07-01 15:54:14 - DEBUG - findfont: score(FontEntry(fname='/root/anaconda3/lib/python3.12/site-packages/matplotlib/mpl-data/fonts/ttf/DejaVuSerif-BoldItalic.ttf', name='DejaVu Serif', style='italic', variant='normal', weight=700, stretch='normal', size='scalable')) = 11.335
2026-07-01 15:54:14 - DEBUG - findfont: score(FontEntry(fname='/root/anaconda3/lib/python3.12/site-packages/matplotlib/mpl-data/fonts/ttf/DejaVuSansMono.ttf', name='DejaVu Sans Mono', style='normal', variant='normal', weight=400, stretch='normal', size='scalable')) = 10.05
2026-07-01 15:54:14 - DEBUG - findfont: score(FontEntry(fname='/root/anaconda3/lib/python3.12/site-packages/matplotlib/mpl-data/fonts/ttf/DejaVuSansMono-BoldOblique.ttf', name='DejaVu Sans Mono', style='oblique', variant='normal', weight=700, stretch='normal', size='scalable')) = 11.335
2026-07-01 15:54:14 - DEBUG - findfont: score(FontEntry(fname='/root/anaconda3/lib/python3.12/site-packages/matplotlib/mpl-data/fonts/ttf/STIXGeneralBol.ttf', name='STIXGeneral', style='normal', variant='normal', weight=700, stretch='normal', size='scalable')) = 10.335
2026-07-01 15:54:14 - DEBUG - findfont: score(FontEntry(fname='/root/anaconda3/lib/python3.12/site-packages/matplotlib/mpl-data/fonts/ttf/DejaVuSerif.ttf', name='DejaVu Serif', style='normal', variant='normal', weight=400, stretch='normal', size='scalable')) = 10.05
2026-07-01 15:54:14 - DEBUG - findfont: score(FontEntry(fname='/root/anaconda3/lib/python3.12/site-packages/matplotlib/mpl-data/fonts/ttf/DejaVuSans-Oblique.ttf', name='DejaVu Sans', style='oblique', variant='normal', weight=400, stretch='normal', size='scalable')) = 1.05
2026-07-01 15:54:14 - DEBUG - findfont: score(FontEntry(fname='/root/anaconda3/lib/python3.12/site-packages/matplotlib/mpl-data/fonts/ttf/DejaVuSans-BoldOblique.ttf', name='DejaVu Sans', style='oblique', variant='normal', weight=700, stretch='normal', size='scalable')) = 1.335
2026-07-01 15:54:14 - DEBUG - findfont: score(FontEntry(fname='/root/anaconda3/lib/python3.12/site-packages/matplotlib/mpl-data/fonts/ttf/DejaVuSansMono-Oblique.ttf', name='DejaVu Sans Mono', style='oblique', variant='normal', weight=400, stretch='normal', size='scalable')) = 11.05
2026-07-01 15:54:14 - DEBUG - findfont: score(FontEntry(fname='/root/anaconda3/lib/python3.12/site-packages/matplotlib/mpl-data/fonts/ttf/STIXNonUniBolIta.ttf', name='STIXNonUnicode', style='italic', variant='normal', weight=700, stretch='normal', size='scalable')) = 11.335
2026-07-01 15:54:14 - DEBUG - findfont: score(FontEntry(fname='/root/anaconda3/lib/python3.12/site-packages/matplotlib/mpl-data/fonts/ttf/STIXSizFourSymReg.ttf', name='STIXSizeFourSym', style='normal', variant='normal', weight=400, stretch='normal', size='scalable')) = 10.05
2026-07-01 15:54:14 - DEBUG - findfont: score(FontEntry(fname='/usr/share/fonts/truetype/dejavu/DejaVuSans-Bold.ttf', name='DejaVu Sans', style='normal', variant='normal', weight=700, stretch='normal', size='scalable')) = 0.33499999999999996
2026-07-01 15:54:14 - DEBUG - findfont: score(FontEntry(fname='/usr/share/fonts/truetype/dejavu/DejaVuSansMono-Bold.ttf', name='DejaVu Sans Mono', style='normal', variant='normal', weight=700, stretch='normal', size='scalable')) = 10.335
2026-07-01 15:54:14 - DEBUG - findfont: score(FontEntry(fname='/usr/share/fonts/truetype/dejavu/DejaVuSerif.ttf', name='DejaVu Serif', style='normal', variant='normal', weight=400, stretch='normal', size='scalable')) = 10.05
2026-07-01 15:54:14 - DEBUG - findfont: score(FontEntry(fname='/usr/share/fonts/truetype/dejavu/DejaVuSans.ttf', name='DejaVu Sans', style='normal', variant='normal', weight=400, stretch='normal', size='scalable')) = 0.05
2026-07-01 15:54:14 - DEBUG - findfont: score(FontEntry(fname='/usr/share/fonts/truetype/dejavu/DejaVuSansMono.ttf', name='DejaVu Sans Mono', style='normal', variant='normal', weight=400, stretch='normal', size='scalable')) = 10.05
2026-07-01 15:54:14 - DEBUG - findfont: score(FontEntry(fname='/usr/share/fonts/truetype/dejavu/DejaVuSerif-Bold.ttf', name='DejaVu Serif', style='normal', variant='normal', weight=700, stretch='normal', size='scalable')) = 10.335
2026-07-01 15:54:14 - DEBUG - findfont: Matching sans\-serif:style=normal:variant=normal:weight=normal:stretch=normal:size=12.0 to DejaVu Sans ('/root/anaconda3/lib/python3.12/site-packages/matplotlib/mpl-data/fonts/ttf/DejaVuSans.ttf') with score of 0.050000.
2026-07-01 15:54:14 - DEBUG - findfont: Matching sans\-serif:style=normal:variant=normal:weight=bold:stretch=normal:size=9.0.
2026-07-01 15:54:14 - DEBUG - findfont: score(FontEntry(fname='/root/anaconda3/lib/python3.12/site-packages/matplotlib/mpl-data/fonts/ttf/STIXSizTwoSymReg.ttf', name='STIXSizeTwoSym', style='normal', variant='normal', weight=400, stretch='normal', size='scalable')) = 10.335
2026-07-01 15:54:14 - DEBUG - findfont: score(FontEntry(fname='/root/anaconda3/lib/python3.12/site-packages/matplotlib/mpl-data/fonts/ttf/cmex10.ttf', name='cmex10', style='normal', variant='normal', weight=400, stretch='normal', size='scalable')) = 10.335
2026-07-01 15:54:14 - DEBUG - findfont: score(FontEntry(fname='/root/anaconda3/lib/python3.12/site-packages/matplotlib/mpl-data/fonts/ttf/STIXSizThreeSymBol.ttf', name='STIXSizeThreeSym', style='normal', variant='normal', weight=700, stretch='normal', size='scalable')) = 10.05
2026-07-01 15:54:14 - DEBUG - findfont: score(FontEntry(fname='/root/anaconda3/lib/python3.12/site-packages/matplotlib/mpl-data/fonts/ttf/STIXSizOneSymBol.ttf', name='STIXSizeOneSym', style='normal', variant='normal', weight=700, stretch='normal', size='scalable')) = 10.05
2026-07-01 15:54:14 - DEBUG - findfont: score(FontEntry(fname='/root/anaconda3/lib/python3.12/site-packages/matplotlib/mpl-data/fonts/ttf/DejaVuSansMono-Bold.ttf', name='DejaVu Sans Mono', style='normal', variant='normal', weight=700, stretch='normal', size='scalable')) = 10.05
2026-07-01 15:54:14 - DEBUG - findfont: score(FontEntry(fname='/root/anaconda3/lib/python3.12/site-packages/matplotlib/mpl-data/fonts/ttf/cmss10.ttf', name='cmss10', style='normal', variant='normal', weight=400, stretch='normal', size='scalable')) = 10.335
2026-07-01 15:54:14 - DEBUG - findfont: score(FontEntry(fname='/root/anaconda3/lib/python3.12/site-packages/matplotlib/mpl-data/fonts/ttf/DejaVuSerif-Italic.ttf', name='DejaVu Serif', style='italic', variant='normal', weight=400, stretch='normal', size='scalable')) = 11.335
2026-07-01 15:54:14 - DEBUG - findfont: score(FontEntry(fname='/root/anaconda3/lib/python3.12/site-packages/matplotlib/mpl-data/fonts/ttf/cmb10.ttf', name='cmb10', style='normal', variant='normal', weight=400, stretch='normal', size='scalable')) = 10.335
2026-07-01 15:54:14 - DEBUG - findfont: score(FontEntry(fname='/root/anaconda3/lib/python3.12/site-packages/matplotlib/mpl-data/fonts/ttf/STIXSizTwoSymBol.ttf', name='STIXSizeTwoSym', style='normal', variant='normal', weight=700, stretch='normal', size='scalable')) = 10.05
2026-07-01 15:54:14 - DEBUG - findfont: score(FontEntry(fname='/root/anaconda3/lib/python3.12/site-packages/matplotlib/mpl-data/fonts/ttf/DejaVuSans.ttf', name='DejaVu Sans', style='normal', variant='normal', weight=400, stretch='normal', size='scalable')) = 0.33499999999999996
2026-07-01 15:54:14 - DEBUG - findfont: score(FontEntry(fname='/root/anaconda3/lib/python3.12/site-packages/matplotlib/mpl-data/fonts/ttf/STIXGeneralItalic.ttf', name='STIXGeneral', style='italic', variant='normal', weight=400, stretch='normal', size='scalable')) = 11.335
2026-07-01 15:54:14 - DEBUG - findfont: score(FontEntry(fname='/root/anaconda3/lib/python3.12/site-packages/matplotlib/mpl-data/fonts/ttf/DejaVuSerif-Bold.ttf', name='DejaVu Serif', style='normal', variant='normal', weight=700, stretch='normal', size='scalable')) = 10.05
2026-07-01 15:54:14 - DEBUG - findfont: score(FontEntry(fname='/root/anaconda3/lib/python3.12/site-packages/matplotlib/mpl-data/fonts/ttf/STIXNonUni.ttf', name='STIXNonUnicode', style='normal', variant='normal', weight=400, stretch='normal', size='scalable')) = 10.335
2026-07-01 15:54:14 - DEBUG - findfont: score(FontEntry(fname='/root/anaconda3/lib/python3.12/site-packages/matplotlib/mpl-data/fonts/ttf/DejaVuSansDisplay.ttf', name='DejaVu Sans Display', style='normal', variant='normal', weight=400, stretch='normal', size='scalable')) = 10.335
2026-07-01 15:54:14 - DEBUG - findfont: score(FontEntry(fname='/root/anaconda3/lib/python3.12/site-packages/matplotlib/mpl-data/fonts/ttf/STIXSizThreeSymReg.ttf', name='STIXSizeThreeSym', style='normal', variant='normal', weight=400, stretch='normal', size='scalable')) = 10.335
2026-07-01 15:54:14 - DEBUG - findfont: score(FontEntry(fname='/root/anaconda3/lib/python3.12/site-packages/matplotlib/mpl-data/fonts/ttf/STIXSizFiveSymReg.ttf', name='STIXSizeFiveSym', style='normal', variant='normal', weight=400, stretch='normal', size='scalable')) = 10.335
2026-07-01 15:54:14 - DEBUG - findfont: score(FontEntry(fname='/root/anaconda3/lib/python3.12/site-packages/matplotlib/mpl-data/fonts/ttf/STIXNonUniIta.ttf', name='STIXNonUnicode', style='italic', variant='normal', weight=400, stretch='normal', size='scalable')) = 11.335
2026-07-01 15:54:14 - DEBUG - findfont: score(FontEntry(fname='/root/anaconda3/lib/python3.12/site-packages/matplotlib/mpl-data/fonts/ttf/cmsy10.ttf', name='cmsy10', style='normal', variant='normal', weight=400, stretch='normal', size='scalable')) = 10.335
2026-07-01 15:54:14 - DEBUG - findfont: score(FontEntry(fname='/root/anaconda3/lib/python3.12/site-packages/matplotlib/mpl-data/fonts/ttf/cmr10.ttf', name='cmr10', style='normal', variant='normal', weight=400, stretch='normal', size='scalable')) = 10.335
2026-07-01 15:54:14 - DEBUG - findfont: score(FontEntry(fname='/root/anaconda3/lib/python3.12/site-packages/matplotlib/mpl-data/fonts/ttf/STIXGeneral.ttf', name='STIXGeneral', style='normal', variant='normal', weight=400, stretch='normal', size='scalable')) = 10.335
2026-07-01 15:54:14 - DEBUG - findfont: score(FontEntry(fname='/root/anaconda3/lib/python3.12/site-packages/matplotlib/mpl-data/fonts/ttf/STIXNonUniBol.ttf', name='STIXNonUnicode', style='normal', variant='normal', weight=700, stretch='normal', size='scalable')) = 10.05
2026-07-01 15:54:14 - DEBUG - findfont: score(FontEntry(fname='/root/anaconda3/lib/python3.12/site-packages/matplotlib/mpl-data/fonts/ttf/STIXSizFourSymBol.ttf', name='STIXSizeFourSym', style='normal', variant='normal', weight=700, stretch='normal', size='scalable')) = 10.05
2026-07-01 15:54:14 - DEBUG - findfont: score(FontEntry(fname='/root/anaconda3/lib/python3.12/site-packages/matplotlib/mpl-data/fonts/ttf/STIXSizOneSymReg.ttf', name='STIXSizeOneSym', style='normal', variant='normal', weight=400, stretch='normal', size='scalable')) = 10.335
2026-07-01 15:54:14 - DEBUG - findfont: score(FontEntry(fname='/root/anaconda3/lib/python3.12/site-packages/matplotlib/mpl-data/fonts/ttf/STIXGeneralBolIta.ttf', name='STIXGeneral', style='italic', variant='normal', weight=700, stretch='normal', size='scalable')) = 11.05
2026-07-01 15:54:14 - DEBUG - findfont: score(FontEntry(fname='/root/anaconda3/lib/python3.12/site-packages/matplotlib/mpl-data/fonts/ttf/DejaVuSerifDisplay.ttf', name='DejaVu Serif Display', style='normal', variant='normal', weight=400, stretch='normal', size='scalable')) = 10.335
2026-07-01 15:54:14 - DEBUG - findfont: score(FontEntry(fname='/root/anaconda3/lib/python3.12/site-packages/matplotlib/mpl-data/fonts/ttf/DejaVuSans-Bold.ttf', name='DejaVu Sans', style='normal', variant='normal', weight=700, stretch='normal', size='scalable')) = 0.05
2026-07-01 15:54:14 - DEBUG - findfont: score(FontEntry(fname='/root/anaconda3/lib/python3.12/site-packages/matplotlib/mpl-data/fonts/ttf/cmmi10.ttf', name='cmmi10', style='normal', variant='normal', weight=400, stretch='normal', size='scalable')) = 10.335
2026-07-01 15:54:14 - DEBUG - findfont: score(FontEntry(fname='/root/anaconda3/lib/python3.12/site-packages/matplotlib/mpl-data/fonts/ttf/cmtt10.ttf', name='cmtt10', style='normal', variant='normal', weight=400, stretch='normal', size='scalable')) = 10.335
2026-07-01 15:54:14 - DEBUG - findfont: score(FontEntry(fname='/root/anaconda3/lib/python3.12/site-packages/matplotlib/mpl-data/fonts/ttf/DejaVuSerif-BoldItalic.ttf', name='DejaVu Serif', style='italic', variant='normal', weight=700, stretch='normal', size='scalable')) = 11.05
2026-07-01 15:54:14 - DEBUG - findfont: score(FontEntry(fname='/root/anaconda3/lib/python3.12/site-packages/matplotlib/mpl-data/fonts/ttf/DejaVuSansMono.ttf', name='DejaVu Sans Mono', style='normal', variant='normal', weight=400, stretch='normal', size='scalable')) = 10.335
2026-07-01 15:54:14 - DEBUG - findfont: score(FontEntry(fname='/root/anaconda3/lib/python3.12/site-packages/matplotlib/mpl-data/fonts/ttf/DejaVuSansMono-BoldOblique.ttf', name='DejaVu Sans Mono', style='oblique', variant='normal', weight=700, stretch='normal', size='scalable')) = 11.05
2026-07-01 15:54:14 - DEBUG - findfont: score(FontEntry(fname='/root/anaconda3/lib/python3.12/site-packages/matplotlib/mpl-data/fonts/ttf/STIXGeneralBol.ttf', name='STIXGeneral', style='normal', variant='normal', weight=700, stretch='normal', size='scalable')) = 10.05
2026-07-01 15:54:14 - DEBUG - findfont: score(FontEntry(fname='/root/anaconda3/lib/python3.12/site-packages/matplotlib/mpl-data/fonts/ttf/DejaVuSerif.ttf', name='DejaVu Serif', style='normal', variant='normal', weight=400, stretch='normal', size='scalable')) = 10.335
2026-07-01 15:54:14 - DEBUG - findfont: score(FontEntry(fname='/root/anaconda3/lib/python3.12/site-packages/matplotlib/mpl-data/fonts/ttf/DejaVuSans-Oblique.ttf', name='DejaVu Sans', style='oblique', variant='normal', weight=400, stretch='normal', size='scalable')) = 1.335
2026-07-01 15:54:14 - DEBUG - findfont: score(FontEntry(fname='/root/anaconda3/lib/python3.12/site-packages/matplotlib/mpl-data/fonts/ttf/DejaVuSans-BoldOblique.ttf', name='DejaVu Sans', style='oblique', variant='normal', weight=700, stretch='normal', size='scalable')) = 1.05
2026-07-01 15:54:14 - DEBUG - findfont: score(FontEntry(fname='/root/anaconda3/lib/python3.12/site-packages/matplotlib/mpl-data/fonts/ttf/DejaVuSansMono-Oblique.ttf', name='DejaVu Sans Mono', style='oblique', variant='normal', weight=400, stretch='normal', size='scalable')) = 11.335
2026-07-01 15:54:14 - DEBUG - findfont: score(FontEntry(fname='/root/anaconda3/lib/python3.12/site-packages/matplotlib/mpl-data/fonts/ttf/STIXNonUniBolIta.ttf', name='STIXNonUnicode', style='italic', variant='normal', weight=700, stretch='normal', size='scalable')) = 11.05
2026-07-01 15:54:14 - DEBUG - findfont: score(FontEntry(fname='/root/anaconda3/lib/python3.12/site-packages/matplotlib/mpl-data/fonts/ttf/STIXSizFourSymReg.ttf', name='STIXSizeFourSym', style='normal', variant='normal', weight=400, stretch='normal', size='scalable')) = 10.335
2026-07-01 15:54:14 - DEBUG - findfont: score(FontEntry(fname='/usr/share/fonts/truetype/dejavu/DejaVuSans-Bold.ttf', name='DejaVu Sans', style='normal', variant='normal', weight=700, stretch='normal', size='scalable')) = 0.05
2026-07-01 15:54:14 - DEBUG - findfont: score(FontEntry(fname='/usr/share/fonts/truetype/dejavu/DejaVuSansMono-Bold.ttf', name='DejaVu Sans Mono', style='normal', variant='normal', weight=700, stretch='normal', size='scalable')) = 10.05
2026-07-01 15:54:14 - DEBUG - findfont: score(FontEntry(fname='/usr/share/fonts/truetype/dejavu/DejaVuSerif.ttf', name='DejaVu Serif', style='normal', variant='normal', weight=400, stretch='normal', size='scalable')) = 10.335
2026-07-01 15:54:14 - DEBUG - findfont: score(FontEntry(fname='/usr/share/fonts/truetype/dejavu/DejaVuSans.ttf', name='DejaVu Sans', style='normal', variant='normal', weight=400, stretch='normal', size='scalable')) = 0.33499999999999996
2026-07-01 15:54:14 - DEBUG - findfont: score(FontEntry(fname='/usr/share/fonts/truetype/dejavu/DejaVuSansMono.ttf', name='DejaVu Sans Mono', style='normal', variant='normal', weight=400, stretch='normal', size='scalable')) = 10.335
2026-07-01 15:54:14 - DEBUG - findfont: score(FontEntry(fname='/usr/share/fonts/truetype/dejavu/DejaVuSerif-Bold.ttf', name='DejaVu Serif', style='normal', variant='normal', weight=700, stretch='normal', size='scalable')) = 10.05
2026-07-01 15:54:14 - DEBUG - findfont: Matching sans\-serif:style=normal:variant=normal:weight=bold:stretch=normal:size=9.0 to DejaVu Sans ('/root/anaconda3/lib/python3.12/site-packages/matplotlib/mpl-data/fonts/ttf/DejaVuSans-Bold.ttf') with score of 0.050000.
2026-07-01 15:54:15 - INFO - 
EMIB returned 1 solution(s) (max 1).
