node 0 w: 12.0, h: 12.0
node 1 w: 18.2, h: 18.2
node 2 w: 18.2026-06-20 18:39:18 - INFO - Set parameter WLSAccessID
2026-06-20 18:39:18 - INFO - Set parameter WLSSecret
2026-06-20 18:39:18 - INFO - Set parameter LicenseID to value 2756663
2026-06-20 18:39:18 - INFO - Academic license 2756663 - for non-commercial use only - registered to hu___@sjtu.edu.cn
2026-06-20 18:39:18 - INFO - Set parameter TimeLimit to value 300
2026-06-20 18:39:18 - INFO - Set parameter MIPGap to value 0
2026-06-20 18:39:18 - INFO - Set parameter MIPFocus to value 3
2026-06-20 18:39:18 - INFO - Set parameter Heuristics to value 0.5
2026-06-20 18:39:18 - INFO - Set parameter LogToConsole to value 1
2026-06-20 18:39:18 - INFO - Gurobi Optimizer version 13.0.1 build v13.0.1rc0 (linux64 - "Ubuntu 20.04.6 LTS")
2026-06-20 18:39:18 - INFO - 
2026-06-20 18:39:18 - INFO - CPU model: AMD Ryzen 9 9950X3D 16-Core Processor, instruction set [SSE2|AVX|AVX2|AVX512]
2026-06-20 18:39:18 - INFO - Thread count: 14 physical cores, 28 logical processors, using up to 28 threads
2026-06-20 18:39:18 - INFO - 
2026-06-20 18:39:18 - INFO - Non-default parameters:
2026-06-20 18:39:18 - INFO - TimeLimit  300
2026-06-20 18:39:18 - INFO - MIPGap  0
2026-06-20 18:39:18 - INFO - Heuristics  0.5
2026-06-20 18:39:18 - INFO - MIPFocus  3
2026-06-20 18:39:18 - INFO - 
2026-06-20 18:39:18 - INFO - Academic license 2756663 - for non-commercial use only - registered to hu___@sjtu.edu.cn
2026-06-20 18:39:18 - INFO - Optimize a model with 465 rows, 228 columns and 1499 nonzeros (Min)
2026-06-20 18:39:18 - INFO - Model fingerprint: 0x6d4e8dc5
2026-06-20 18:39:18 - INFO - Model has 3 linear objective coefficients
2026-06-20 18:39:18 - INFO - Variable types: 117 continuous, 111 integer (111 binary)
2026-06-20 18:39:18 - INFO - Coefficient statistics:
2026-06-20 18:39:18 - INFO -   Matrix range     [5e-01, 9e+04]
2026-06-20 18:39:18 - INFO -   Objective range  [9e-05, 9e-02]
2026-06-20 18:39:18 - INFO -   Bounds range     [1e+00, 7e+06]
2026-06-20 18:39:18 - INFO -   RHS range        [1e+00, 3e+02]
2026-06-20 18:39:18 - INFO - 
2026-06-20 18:39:18 - INFO - Presolve removed 64 rows and 55 columns
2026-06-20 18:39:18 - INFO - Presolve time: 0.00s
2026-06-20 18:39:18 - INFO - Presolved: 401 rows, 173 columns, 1266 nonzeros
2026-06-20 18:39:18 - INFO - Variable types: 71 continuous, 102 integer (102 binary)
2026-06-20 18:39:18 - INFO - Root relaxation presolve removed 27 rows and 8 columns
2026-06-20 18:39:18 - INFO - Root relaxation presolved: 374 rows, 168 columns, 1207 nonzeros
2026-06-20 18:39:18 - INFO - 
2026-06-20 18:39:18 - INFO - 
2026-06-20 18:39:18 - INFO - Root relaxation: objective 3.200110e+00, 100 iterations, 0.00 seconds (0.00 work units)
2026-06-20 18:39:18 - INFO - 
2026-06-20 18:39:18 - INFO -     Nodes    |    Current Node    |     Objective Bounds      |     Work
2026-06-20 18:39:18 - INFO -  Expl Unexpl |  Obj  Depth IntInf | Incumbent    BestBd   Gap | It/Node Time
2026-06-20 18:39:18 - INFO - 
2026-06-20 18:39:18 - INFO -      0     0    3.20011    0   40          -    3.20011      -     -    0s
2026-06-20 18:39:18 - INFO - H    0     0                      13.9151973    3.20011  77.0%     -    0s
2026-06-20 18:39:18 - INFO - H    0     0                      11.6212151    3.20011  72.5%     -    0s
2026-06-20 18:39:18 - INFO - H    0     0                      10.6295733    3.20011  69.9%     -    0s
2026-06-20 18:39:18 - INFO - H    0     0                      10.4186940    4.67499  55.1%     -    0s
2026-06-20 18:39:18 - INFO -      0     0    4.67499    0   43   10.41869    4.67499  55.1%     -    0s
2026-06-20 18:39:18 - INFO -      0     0    4.67499    0   43   10.41869    4.67499  55.1%     -    0s
2026-06-20 18:39:18 - INFO -      0     0    4.67499    0   41   10.41869    4.67499  55.1%     -    0s
2026-06-20 18:39:18 - INFO - H    0     0                      10.2442072    4.67499  54.4%     -    0s
2026-06-20 18:39:18 - INFO -      0     0    4.87987    0   45   10.24421    4.87987  52.4%     -    0s
2026-06-20 18:39:18 - INFO -      0     0    4.87987    0   47   10.24421    4.87987  52.4%     -    0s
2026-06-20 18:39:18 - INFO -      0     0    4.87987    0   47   10.24421    4.87987  52.4%     -    0s
2026-06-20 18:39:18 - INFO -      0     0    4.87987    0   47   10.24421    4.87987  52.4%     -    0s
2026-06-20 18:39:18 - INFO -      0     0    5.65814    0   47   10.24421    5.65814  44.8%     -    0s
2026-06-20 18:39:18 - INFO -      0     0    5.65814    0   46   10.24421    5.65814  44.8%     -    0s
2026-06-20 18:39:18 - INFO -      0     2    5.65814    0   46   10.24421    5.65814  44.8%     -    0s
2026-06-20 18:39:18 - INFO - H  139   149                      10.0989791    7.03771  30.3%  57.3    0s
2026-06-20 18:39:18 - INFO - H  278   327                       9.7279415    7.30051  25.0%  49.8    0s
2026-06-20 18:39:18 - INFO - H  413   462                       9.6930441    7.60600  21.5%  47.9    0s
2026-06-20 18:39:18 - INFO - H  446   462                       9.5925171    7.63714  20.4%  47.5    0s
2026-06-20 18:39:18 - INFO - H  605   644                       9.5866634    7.88729  17.7%  46.8    0s
2026-06-20 18:39:18 - INFO - H  774   745                       9.4121766    8.01871  14.8%  46.3    0s
2026-06-20 18:39:20 - INFO - 
2026-06-20 18:39:20 - INFO - Cutting planes:
2026-06-20 18:39:20 - INFO -   Learned: 95
2026-06-20 18:39:20 - INFO -   Gomory: 108
2026-06-20 18:39:20 - INFO -   Lift-and-project: 19
2026-06-20 18:39:20 - INFO -   Cover: 12
2026-06-20 18:39:20 - INFO -   Implied bound: 55
2026-06-20 18:39:20 - INFO -   Clique: 6
2026-06-20 18:39:20 - INFO -   MIR: 208
2026-06-20 18:39:20 - INFO -   Mixing: 14
2026-06-20 18:39:20 - INFO -   StrongCG: 1
2026-06-20 18:39:20 - INFO -   Flow cover: 989
2026-06-20 18:39:20 - INFO -   RLT: 62
2026-06-20 18:39:20 - INFO -   Relax-and-lift: 65
2026-06-20 18:39:20 - INFO -   BQP: 3
2026-06-20 18:39:20 - INFO -   PSD: 3
2026-06-20 18:39:20 - INFO - 
2026-06-20 18:39:20 - INFO - Explored 6660 nodes (175968 simplex iterations) in 1.83 seconds (3.04 work units)
2026-06-20 18:39:20 - INFO - Thread count was 28 (of 28 available processors)
2026-06-20 18:39:20 - INFO - 
2026-06-20 18:39:20 - INFO - Solution count 9: 9.41218 9.58666 9.59252 ... 13.9152
2026-06-20 18:39:20 - INFO - 
2026-06-20 18:39:20 - INFO - Optimal solution found (tolerance 0.00e+00)
2026-06-20 18:39:20 - INFO - Best objective 9.412176606194e+00, best bound 9.412176606194[EMIB] Solve done:2026-06-20 18:39:20 - DEBUG - Loaded backend Agg version v2.2.
2026-06-20 18:39:20 - DEBUG - findfont: Matching sans\-serif:style=normal:variant=normal:weight=normal:stretch=normal:size=10.0.
2026-06-20 18:39:20 - DEBUG - findfont: score(FontEntry(fname='/root/anaconda3/lib/python3.12/site-packages/matplotlib/mpl-data/fonts/ttf/STIXSizTwoSymReg.ttf', name='STIXSizeTwoSym', style='normal', variant='normal', weight=400, stretch='normal', size='scalable')) = 10.05
2026-06-20 18:39:20 - DEBUG - findfont: score(FontEntry(fname='/root/anaconda3/lib/python3.12/site-packages/matplotlib/mpl-data/fonts/ttf/cmex10.ttf', name='cmex10', style='normal', variant='normal', weight=400, stretch='normal', size='scalable')) = 10.05
2026-06-20 18:39:20 - DEBUG - findfont: score(FontEntry(fname='/root/anaconda3/lib/python3.12/site-packages/matplotlib/mpl-data/fonts/ttf/STIXSizThreeSymBol.ttf', name='STIXSizeThreeSym', style='normal', variant='normal', weight=700, stretch='normal', size='scalable')) = 10.335
2026-06-20 18:39:20 - DEBUG - findfont: score(FontEntry(fname='/root/anaconda3/lib/python3.12/site-packages/matplotlib/mpl-data/fonts/ttf/STIXSizOneSymBol.ttf', name='STIXSizeOneSym', style='normal', variant='normal', weight=700, stretch='normal', size='scalable')) = 10.335
2026-06-20 18:39:20 - DEBUG - findfont: score(FontEntry(fname='/root/anaconda3/lib/python3.12/site-packages/matplotlib/mpl-data/fonts/ttf/DejaVuSansMono-Bold.ttf', name='DejaVu Sans Mono', style='normal', variant='normal', weight=700, stretch='normal', size='scalable')) = 10.335
2026-06-20 18:39:20 - DEBUG - findfont: score(FontEntry(fname='/root/anaconda3/lib/python3.12/site-packages/matplotlib/mpl-data/fonts/ttf/cmss10.ttf', name='cmss10', style='normal', variant='normal', weight=400, stretch='normal', size='scalable')) = 10.05
2026-06-20 18:39:20 - DEBUG - findfont: score(FontEntry(fname='/root/anaconda3/lib/python3.12/site-packages/matplotlib/mpl-data/fonts[EMIB] Layout figure saved: /root/placement/MPDAP/output_gurobi_EMIB_chiplet_5_6_01_0/fig/multigpu_core/solution_1_layout_gurobi.png
  ✓ EMIB: 1 solution(s)
0 - DEBUG - findfont: score(FontEntry(fname='/root/anaconda3/lib/python3.12/site-packages/matplotlib/mpl-data/fonts/ttf/cmb10.ttf', name='cmb10', style='normal', variant='normal', weight=400, stretch='normal', size='scalable')) = 10.05
2026-06-20 18:39:20 - DEBUG - findfont: score(FontEntry(fname='/root/anaconda3/lib/python3.12/site-packages/matplotlib/mpl-data/fonts/ttf/STIXSizTwoSymBol.ttf', name='STIXSizeTwoSym', style='normal', variant='normal', weight=700, stretch='normal', size='scalable')) = 10.335
2026-06-20 18:39:20 - DEBUG - findfont: score(FontEntry(fname='/root/anaconda3/lib/python3.12/site-packages/matplotlib/mpl-data/fonts/ttf/DejaVuSans.ttf', name='DejaVu Sans', style='normal', variant='normal', weight=400, stretch='normal', size='scalable')) = 0.05
2026-06-20 18:39:20 - DEBUG - findfont: score(FontEntry(fname='/root/anaconda3/lib/python3.12/site-packages/matplotlib/mpl-data/fonts/ttf/STIXGeneralItalic.ttf', name='STIXGeneral', style='italic', variant='normal', weight=400, stretch='normal', size='scalable')) = 11.05
2026-06-20 18:39:20 - DEBUG - findfont: score(FontEntry(fname='/root/anaconda3/lib/python3.12/site-packages/matplotlib/mpl-data/fonts/ttf/DejaVuSerif-Bold.ttf', name='DejaVu Serif', style='normal', variant='normal', weight=700, stretch='normal', size='scalable')) = 10.335
2026-06-20 18:39:20 - DEBUG - findfont: score(FontEntry(fname='/root/anaconda3/lib/python3.12/site-packages/matplotlib/mpl-data/fonts/ttf/STIXNonUni.ttf', name='STIXNonUnicode', style='normal', variant='normal', weight=400, stretch='normal', size='scalable')) = 10.05
2026-06-20 18:39:20 - DEBUG - findfont: score(FontEntry(fname='/root/anaconda3/lib/python3.12/site-packages/matplotlib/mpl-data/fonts/ttf/DejaVuSansDisplay.ttf', name='DejaVu Sans Display', style='normal', variant='normal', weight=400, stretch='normal', size='scalable')) = 10.05
2026-06-20 18:39:20 - DEBUG - findfont: score(FontEntry(fname='/root/anaconda3/lib/python3.12/site-packages/matplotlib/mpl-data/fonts/ttf/STIXSizThreeSymReg.ttf', name='STIXSizeThreeSym', style='normal', variant='normal', weight=400, stretch='normal', size='scalable')) = 10.05
2026-06-20 18:39:20 - DEBUG - findfont: score(FontEntry(fname='/root/anaconda3/lib/python3.12/site-packages/matplotlib/mpl-data/fonts/ttf/STIXSizFiveSymReg.ttf', name='STIXSizeFiveSym', style='normal', variant='normal', weight=400, stretch='normal', size='scalable')) = 10.05
2026-06-20 18:39:20 - DEBUG - findfont: score(FontEntry(fname='/root/anaconda3/lib/python3.12/site-packages/matplotlib/mpl-data/fonts/ttf/STIXNonUniIta.ttf', name='STIXNonUnicode', style='italic', variant='normal', weight=400, stretch='normal', size='scalable')) = 11.05
2026-06-20 18:39:20 - DEBUG - findfont: score(FontEntry(fname='/root/anaconda3/lib/python3.12/site-packages/matplotlib/mpl-data/fonts/ttf/cmsy10.ttf', name='cmsy10', style='normal', variant='normal', weight=400, stretch='normal', size='scalable')) = 10.05
2026-06-20 18:39:20 - DEBUG - findfont: score(FontEntry(fname='/root/anaconda3/lib/python3.12/site-packages/matplotlib/mpl-data/fonts/ttf/cmr10.ttf', name='cmr10', style='normal', variant='normal', weight=400, stretch='normal', size='scalable')) = 10.05
2026-06-20 18:39:20 - DEBUG - findfont: score(FontEntry(fname='/root/anaconda3/lib/python3.12/site-packages/matplotlib/mpl-data/fonts/ttf/STIXGeneral.ttf', name='STIXGeneral', style='normal', variant='normal', weight=400, stretch='normal', size='scalable')) = 10.05
2026-06-20 18:39:20 - DEBUG - findfont: score(FontEntry(fname='/root/anaconda3/lib/python3.12/site-packages/matplotlib/mpl-data/fonts/ttf/STIXNonUniBol.ttf', name='STIXNonUnicode', style='normal', variant='normal', weight=700, stretch='normal', size='scalable')) = 10.335
2026-06-20 18:39:20 - DEBUG - findfont: score(FontEntry(fname='/root/anaconda3/lib/python3.12/site-packages/matplotlib/mpl-data/fonts/ttf/STIXSizFourSymBol.ttf', name='STIXSizeFourSym', style='normal', variant='normal', weight=700, stretch='normal', size='scalable')) = 10.335
2026-06-20 18:39:20 - DEBUG - findfont: score(FontEntry(fname='/root/anaconda3/lib/python3.12/site-packages/matplotlib/mpl-data/fonts/ttf/STIXSizOneSymReg.ttf', name='STIXSizeOneSym', style='normal', variant='normal', weight=400, stretch='normal', size='scalable')) = 10.05
2026-06-20 18:39:20 - DEBUG - findfont: score(FontEntry(fname='/root/anaconda3/lib/python3.12/site-packages/matplotlib/mpl-data/fonts/ttf/STIXGeneralBolIta.ttf', name='STIXGeneral', style='italic', variant='normal', weight=700, stretch='normal', size='scalable')) = 11.335
2026-06-20 18:39:20 - DEBUG - findfont: score(FontEntry(fname='/root/anaconda3/lib/python3.12/site-packages/matplotlib/mpl-data/fonts/ttf/DejaVuSerifDisplay.ttf', name='DejaVu Serif Display', style='normal', variant='normal', weight=400, stretch='normal', size='scalable')) = 10.05
2026-06-20 18:39:20 - DEBUG - findfont: score(FontEntry(fname='/root/anaconda3/lib/python3.12/site-packages/matplotlib/mpl-data/fonts/ttf/DejaVuSans-Bold.ttf', name='DejaVu Sans', style='normal', variant='normal', weight=700, stretch='normal', size='scalable')) = 0.33499999999999996
2026-06-20 18:39:20 - DEBUG - findfont: score(FontEntry(fname='/root/anaconda3/lib/python3.12/site-packages/matplotlib/mpl-data/fonts/ttf/cmmi10.ttf', name='cmmi10', style='normal', variant='normal', weight=400, stretch='normal', size='scalable')) = 10.05
2026-06-20 18:39:20 - DEBUG - findfont: score(FontEntry(fname='/root/anaconda3/lib/python3.12/site-packages/matplotlib/mpl-data/fonts/ttf/cmtt10.ttf', name='cmtt10', style='normal', variant='normal', weight=400, stretch='normal', size='scalable')) = 10.05
2026-06-20 18:39:20 - DEBUG - findfont: score(FontEntry(fname='/root/anaconda3/lib/python3.12/site-packages/matplotlib/mpl-data/fonts/ttf/DejaVuSerif-BoldItalic.ttf', name='DejaVu Serif', style='italic', variant='normal', weight=700, stretch='normal', size='scalable')) = 11.335
2026-06-20 18:39:20 - DEBUG - findfont: score(FontEntry(fname='/root/anaconda3/lib/python3.12/site-packages/matplotlib/mpl-data/fonts/ttf/DejaVuSansMono.ttf', name='DejaVu Sans Mono', style='normal', variant='normal', weight=400, stretch='normal', size='scalable')) = 10.05
2026-06-20 18:39:20 - DEBUG - findfont: score(FontEntry(fname='/root/anaconda3/lib/python3.12/site-packages/matplotlib/mpl-data/fonts/ttf/DejaVuSansMono-BoldOblique.ttf', name='DejaVu Sans Mono', style='oblique', variant='normal', weight=700, stretch='normal', size='scalable')) = 11.335
2026-06-20 18:39:20 - DEBUG - findfont: score(FontEntry(fname='/root/anaconda3/lib/python3.12/site-packages/matplotlib/mpl-data/fonts/ttf/STIXGeneralBol.ttf', name='STIXGeneral', style='normal', variant='normal', weight=700, stretch='normal', size='scalable')) = 10.335
2026-06-20 18:39:20 - DEBUG - findfont: score(FontEntry(fname='/root/anaconda3/lib/python3.12/site-packages/matplotlib/mpl-data/fonts/ttf/DejaVuSerif.ttf', name='DejaVu Serif', style='normal', variant='normal', weight=400, stretch='normal', size='scalable')) = 10.05
2026-06-20 18:39:20 - DEBUG - findfont: score(FontEntry(fname='/root/anaconda3/lib/python3.12/site-packages/matplotlib/mpl-data/fonts/ttf/DejaVuSans-Oblique.ttf', name='DejaVu Sans', style='oblique', variant='normal', weight=400, stretch='normal', size='scalable')) = 1.05
2026-06-20 18:39:20 - DEBUG - findfont: score(FontEntry(fname='/root/anaconda3/lib/python3.12/site-packages/matplotlib/mpl-data/fonts/ttf/DejaVuSans-BoldOblique.ttf', name='DejaVu Sans', style='oblique', variant='normal', weight=700, stretch='normal', size='scalable')) = 1.335
2026-06-20 18:39:20 - DEBUG - findfont: score(FontEntry(fname='/root/anaconda3/lib/python3.12/site-packages/matplotlib/mpl-data/fonts/ttf/DejaVuSansMono-Oblique.ttf', name='DejaVu Sans Mono', style='oblique', variant='normal', weight=400, stretch='normal', size='scalable')) = 11.05
2026-06-20 18:39:20 - DEBUG - findfont: score(FontEntry(fname='/root/anaconda3/lib/python3.12/site-packages/matplotlib/mpl-data/fonts/ttf/STIXNonUniBolIta.ttf', name='STIXNonUnicode', style='italic', variant='normal', weight=700, stretch='normal', size='scalable')) = 11.335
2026-06-20 18:39:20 - DEBUG - findfont: score(FontEntry(fname='/root/anaconda3/lib/python3.12/site-packages/matplotlib/mpl-data/fonts/ttf/STIXSizFourSymReg.ttf', name='STIXSizeFourSym', style='normal', variant='normal', weight=400, stretch='normal', size='scalable')) = 10.05
2026-06-20 18:39:20 - DEBUG - findfont: score(FontEntry(fname='/usr/share/fonts/truetype/dejavu/DejaVuSans-Bold.ttf', name='DejaVu Sans', style='normal', variant='normal', weight=700, stretch='normal', size='scalable')) = 0.33499999999999996
2026-06-20 18:39:20 - DEBUG - findfont: score(FontEntry(fname='/usr/share/fonts/truetype/dejavu/DejaVuSansMono-Bold.ttf', name='DejaVu Sans Mono', style='normal', variant='normal', weight=700, stretch='normal', size='scalable')) = 10.335
2026-06-20 18:39:20 - DEBUG - findfont: score(FontEntry(fname='/usr/share/fonts/truetype/dejavu/DejaVuSerif.ttf', name='DejaVu Serif', style='normal', variant='normal', weight=400, stretch='normal', size='scalable')) = 10.05
2026-06-20 18:39:20 - DEBUG - findfont: score(FontEntry(fname='/usr/share/fonts/truetype/dejavu/DejaVuSans.ttf', name='DejaVu Sans', style='normal', variant='normal', weight=400, stretch='normal', size='scalable')) = 0.05
2026-06-20 18:39:20 - DEBUG - findfont: score(FontEntry(fname='/usr/share/fonts/truetype/dejavu/DejaVuSansMono.ttf', name='DejaVu Sans Mono', style='normal', variant='normal', weight=400, stretch='normal', size='scalable')) = 10.05
2026-06-20 18:39:20 - DEBUG - findfont: score(FontEntry(fname='/usr/share/fonts/truetype/dejavu/DejaVuSerif-Bold.ttf', name='DejaVu Serif', style='normal', variant='normal', weight=700, stretch='normal', size='scalable')) = 10.335
2026-06-20 18:39:20 - DEBUG - findfont: Matching sans\-serif:style=normal:variant=normal:weight=normal:stretch=normal:size=10.0 to DejaVu Sans ('/root/anaconda3/lib/python3.12/site-packages/matplotlib/mpl-data/fonts/ttf/DejaVuSans.ttf') with score of 0.050000.
2026-06-20 18:39:21 - DEBUG - findfont: Matching sans\-serif:style=normal:variant=normal:weight=normal:stretch=normal:size=12.0.
2026-06-20 18:39:21 - DEBUG - findfont: score(FontEntry(fname='/root/anaconda3/lib/python3.12/site-packages/matplotlib/mpl-data/fonts/ttf/STIXSizTwoSymReg.ttf', name='STIXSizeTwoSym', style='normal', variant='normal', weight=400, stretch='normal', size='scalable')) = 10.05
2026-06-20 18:39:21 - DEBUG - findfont: score(FontEntry(fname='/root/anaconda3/lib/python3.12/site-packages/matplotlib/mpl-data/fonts/ttf/cmex10.ttf', name='cmex10', style='normal', variant='normal', weight=400, stretch='normal', size='scalable')) = 10.05
2026-06-20 18:39:21 - DEBUG - findfont: score(FontEntry(fname='/root/anaconda3/lib/python3.12/site-packages/matplotlib/mpl-data/fonts/ttf/STIXSizThreeSymBol.ttf', name='STIXSizeThreeSym', style='normal', variant='normal', weight=700, stretch='normal', size='scalable')) = 10.335
2026-06-20 18:39:21 - DEBUG - findfont: score(FontEntry(fname='/root/anaconda3/lib/python3.12/site-packages/matplotlib/mpl-data/fonts/ttf/STIXSizOneSymBol.ttf', name='STIXSizeOneSym', style='normal', variant='normal', weight=700, stretch='normal', size='scalable')) = 10.335
2026-06-20 18:39:21 - DEBUG - findfont: score(FontEntry(fname='/root/anaconda3/lib/python3.12/site-packages/matplotlib/mpl-data/fonts/ttf/DejaVuSansMono-Bold.ttf', name='DejaVu Sans Mono', style='normal', variant='normal', weight=700, stretch='normal', size='scalable')) = 10.335
2026-06-20 18:39:21 - DEBUG - findfont: score(FontEntry(fname='/root/anaconda3/lib/python3.12/site-packages/matplotlib/mpl-data/fonts/ttf/cmss10.ttf', name='cmss10', style='normal', variant='normal', weight=400, stretch='normal', size='scalable')) = 10.05
2026-06-20 18:39:21 - DEBUG - findfont: score(FontEntry(fname='/root/anaconda3/lib/python3.12/site-packages/matplotlib/mpl-data/fonts/ttf/DejaVuSerif-Italic.ttf', name='DejaVu Serif', style='italic', variant='normal', weight=400, stretch='normal', size='scalable')) = 11.05
2026-06-20 18:39:21 - DEBUG - findfont: score(FontEntry(fname='/root/anaconda3/lib/python3.12/site-packages/matplotlib/mpl-data/fonts/ttf/cmb10.ttf', name='cmb10', style='normal', variant='normal', weight=400, stretch='normal', size='scalable')) = 10.05
2026-06-20 18:39:21 - DEBUG - findfont: score(FontEntry(fname='/root/anaconda3/lib/python3.12/site-packages/matplotlib/mpl-data/fonts/ttf/STIXSizTwoSymBol.ttf', name='STIXSizeTwoSym', style='normal', variant='normal', weight=700, stretch='normal', size='scalable')) = 10.335
2026-06-20 18:39:21 - DEBUG - findfont: score(FontEntry(fname='/root/anaconda3/lib/python3.12/site-packages/matplotlib/mpl-data/fonts/ttf/DejaVuSans.ttf', name='DejaVu Sans', style='normal', variant='normal', weight=400, stretch='normal', size='scalable')) = 0.05
2026-06-20 18:39:21 - DEBUG - findfont: score(FontEntry(fname='/root/anaconda3/lib/python3.12/site-packages/matplotlib/mpl-data/fonts/ttf/STIXGeneralItalic.ttf', name='STIXGeneral', style='italic', variant='normal', weight=400, stretch='normal', size='scalable')) = 11.05
2026-06-20 18:39:21 - DEBUG - findfont: score(FontEntry(fname='/root/anaconda3/lib/python3.12/site-packages/matplotlib/mpl-data/fonts/ttf/DejaVuSerif-Bold.ttf', name='DejaVu Serif', style='normal', variant='normal', weight=700, stretch='normal', size='scalable')) = 10.335
2026-06-20 18:39:21 - DEBUG - findfont: score(FontEntry(fname='/root/anaconda3/lib/python3.12/site-packages/matplotlib/mpl-data/fonts/ttf/STIXNonUni.ttf', name='STIXNonUnicode', style='normal', variant='normal', weight=400, stretch='normal', size='scalable')) = 10.05
2026-06-20 18:39:21 - DEBUG - findfont: score(FontEntry(fname='/root/anaconda3/lib/python3.12/site-packages/matplotlib/mpl-data/fonts/ttf/DejaVuSansDisplay.ttf', name='DejaVu Sans Display', style='normal', variant='normal', weight=400, stretch='normal', size='scalable')) = 10.05
2026-06-20 18:39:21 - DEBUG - findfont: score(FontEntry(fname='/root/anaconda3/lib/python3.12/site-packages/matplotlib/mpl-data/fonts/ttf/STIXSizThreeSymReg.ttf', name='STIXSizeThreeSym', style='normal', variant='normal', weight=400, stretch='normal', size='scalable')) = 10.05
2026-06-20 18:39:21 - DEBUG - findfont: score(FontEntry(fname='/root/anaconda3/lib/python3.12/site-packages/matplotlib/mpl-data/fonts/ttf/STIXSizFiveSymReg.ttf', name='STIXSizeFiveSym', style='normal', variant='normal', weight=400, stretch='normal', size='scalable')) = 10.05
2026-06-20 18:39:21 - DEBUG - findfont: score(FontEntry(fname='/root/anaconda3/lib/python3.12/site-packages/matplotlib/mpl-data/fonts/ttf/STIXNonUniIta.ttf', name='STIXNonUnicode', style='italic', variant='normal', weight=400, stretch='normal', size='scalable')) = 11.05
2026-06-20 18:39:21 - DEBUG - findfont: score(FontEntry(fname='/root/anaconda3/lib/python3.12/site-packages/matplotlib/mpl-data/fonts/ttf/cmsy10.ttf', name='cmsy10', style='normal', variant='normal', weight=400, stretch='normal', size='scalable')) = 10.05
2026-06-20 18:39:21 - DEBUG - findfont: score(FontEntry(fname='/root/anaconda3/lib/python3.12/site-packages/matplotlib/mpl-data/fonts/ttf/cmr10.ttf', name='cmr10', style='normal', variant='normal', weight=400, stretch='normal', size='scalable')) = 10.05
2026-06-20 18:39:21 - DEBUG - findfont: score(FontEntry(fname='/root/anaconda3/lib/python3.12/site-packages/matplotlib/mpl-data/fonts/ttf/STIXGeneral.ttf', name='STIXGeneral', style='normal', variant='normal', weight=400, stretch='normal', size='scalable')) = 10.05
2026-06-20 18:39:21 - DEBUG - findfont: score(FontEntry(fname='/root/anaconda3/lib/python3.12/site-packages/matplotlib/mpl-data/fonts/ttf/STIXNonUniBol.ttf', name='STIXNonUnicode', style='normal', variant='normal', weight=700, stretch='normal', size='scalable')) = 10.335
2026-06-20 18:39:21 - DEBUG - findfont: score(FontEntry(fname='/root/anaconda3/lib/python3.12/site-packages/matplotlib/mpl-data/fonts/ttf/STIXSizFourSymBol.ttf', name='STIXSizeFourSym', style='normal', variant='normal', weight=700, stretch='normal', size='scalable')) = 10.335
2026-06-20 18:39:21 - DEBUG - findfont: score(FontEntry(fname='/root/anaconda3/lib/python3.12/site-packages/matplotlib/mpl-data/fonts/ttf/STIXSizOneSymReg.ttf', name='STIXSizeOneSym', style='normal', variant='normal', weight=400, stretch='normal', size='scalable')) = 10.05
2026-06-20 18:39:21 - DEBUG - findfont: score(FontEntry(fname='/root/anaconda3/lib/python3.12/site-packages/matplotlib/mpl-data/fonts/ttf/STIXGeneralBolIta.ttf', name='STIXGeneral', style='italic', variant='normal', weight=700, stretch='normal', size='scalable')) = 11.335
2026-06-20 18:39:21 - DEBUG - findfont: score(FontEntry(fname='/root/anaconda3/lib/python3.12/site-packages/matplotlib/mpl-data/fonts/ttf/DejaVuSerifDisplay.ttf', name='DejaVu Serif Display', style='normal', variant='normal', weight=400, stretch='normal', size='scalable')) = 10.05
2026-06-20 18:39:21 - DEBUG - findfont: score(FontEntry(fname='/root/anaconda3/lib/python3.12/site-packages/matplotlib/mpl-data/fonts/ttf/DejaVuSans-Bold.ttf', name='DejaVu Sans', style='normal', variant='normal', weight=700, stretch='normal', size='scalable')) = 0.33499999999999996
2026-06-20 18:39:21 - DEBUG - findfont: score(FontEntry(fname='/root/anaconda3/lib/python3.12/site-packages/matplotlib/mpl-data/fonts/ttf/cmmi10.ttf', name='cmmi10', style='normal', variant='normal', weight=400, stretch='normal', size='scalable')) = 10.05
2026-06-20 18:39:21 - DEBUG - findfont: score(FontEntry(fname='/root/anaconda3/lib/python3.12/site-packages/matplotlib/mpl-data/fonts/ttf/cmtt10.ttf', name='cmtt10', style='normal', variant='normal', weight=400, stretch='normal', size='scalable')) = 10.05
2026-06-20 18:39:21 - DEBUG - findfont: score(FontEntry(fname='/root/anaconda3/lib/python3.12/site-packages/matplotlib/mpl-data/fonts/ttf/DejaVuSerif-BoldItalic.ttf', name='DejaVu Serif', style='italic', variant='normal', weight=700, stretch='normal', size='scalable')) = 11.335
2026-06-20 18:39:21 - DEBUG - findfont: score(FontEntry(fname='/root/anaconda3/lib/python3.12/site-packages/matplotlib/mpl-data/fonts/ttf/DejaVuSansMono.ttf', name='DejaVu Sans Mono', style='normal', variant='normal', weight=400, stretch='normal', size='scalable')) = 10.05
2026-06-20 18:39:21 - DEBUG - findfont: score(FontEntry(fname='/root/anaconda3/lib/python3.12/site-packages/matplotlib/mpl-data/fonts/ttf/DejaVuSansMono-BoldOblique.ttf', name='DejaVu Sans Mono', style='oblique', variant='normal', weight=700, stretch='normal', size='scalable')) = 11.335
2026-06-20 18:39:21 - DEBUG - findfont: score(FontEntry(fname='/root/anaconda3/lib/python3.12/site-packages/matplotlib/mpl-data/fonts/ttf/STIXGeneralBol.ttf', name='STIXGeneral', style='normal', variant='normal', weight=700, stretch='normal', size='scalable')) = 10.335
2026-06-20 18:39:21 - DEBUG - findfont: score(FontEntry(fname='/root/anaconda3/lib/python3.12/site-packages/matplotlib/mpl-data/fonts/ttf/DejaVuSerif.ttf', name='DejaVu Serif', style='normal', variant='normal', weight=400, stretch='normal', size='scalable')) = 10.05
2026-06-20 18:39:21 - DEBUG - findfont: score(FontEntry(fname='/root/anaconda3/lib/python3.12/site-packages/matplotlib/mpl-data/fonts/ttf/DejaVuSans-Oblique.ttf', name='DejaVu Sans', style='oblique', variant='normal', weight=400, stretch='normal', size='scalable')) = 1.05
2026-06-20 18:39:21 - DEBUG - findfont: score(FontEntry(fname='/root/anaconda3/lib/python3.12/site-packages/matplotlib/mpl-data/fonts/ttf/DejaVuSans-BoldOblique.ttf', name='DejaVu Sans', style='oblique', variant='normal', weight=700, stretch='normal', size='scalable')) = 1.335
2026-06-20 18:39:21 - DEBUG - findfont: score(FontEntry(fname='/root/anaconda3/lib/python3.12/site-packages/matplotlib/mpl-data/fonts/ttf/DejaVuSansMono-Oblique.ttf', name='DejaVu Sans Mono', style='oblique', variant='normal', weight=400, stretch='normal', size='scalable')) = 11.05
2026-06-20 18:39:21 - DEBUG - findfont: score(FontEntry(fname='/root/anaconda3/lib/python3.12/site-packages/matplotlib/mpl-data/fonts/ttf/STIXNonUniBolIta.ttf', name='STIXNonUnicode', style='italic', variant='normal', weight=700, stretch='normal', size='scalable')) = 11.335
2026-06-20 18:39:21 - DEBUG - findfont: score(FontEntry(fname='/root/anaconda3/lib/python3.12/site-packages/matplotlib/mpl-data/fonts/ttf/STIXSizFourSymReg.ttf', name='STIXSizeFourSym', style='normal', variant='normal', weight=400, stretch='normal', size='scalable')) = 10.05
2026-06-20 18:39:21 - DEBUG - findfont: score(FontEntry(fname='/usr/share/fonts/truetype/dejavu/DejaVuSans-Bold.ttf', name='DejaVu Sans', style='normal', variant='normal', weight=700, stretch='normal', size='scalable')) = 0.33499999999999996
2026-06-20 18:39:21 - DEBUG - findfont: score(FontEntry(fname='/usr/share/fonts/truetype/dejavu/DejaVuSansMono-Bold.ttf', name='DejaVu Sans Mono', style='normal', variant='normal', weight=700, stretch='normal', size='scalable')) = 10.335
2026-06-20 18:39:21 - DEBUG - findfont: score(FontEntry(fname='/usr/share/fonts/truetype/dejavu/DejaVuSerif.ttf', name='DejaVu Serif', style='normal', variant='normal', weight=400, stretch='normal', size='scalable')) = 10.05
2026-06-20 18:39:21 - DEBUG - findfont: score(FontEntry(fname='/usr/share/fonts/truetype/dejavu/DejaVuSans.ttf', name='DejaVu Sans', style='normal', variant='normal', weight=400, stretch='normal', size='scalable')) = 0.05
2026-06-20 18:39:21 - DEBUG - findfont: score(FontEntry(fname='/usr/share/fonts/truetype/dejavu/DejaVuSansMono.ttf', name='DejaVu Sans Mono', style='normal', variant='normal', weight=400, stretch='normal', size='scalable')) = 10.05
2026-06-20 18:39:21 - DEBUG - findfont: score(FontEntry(fname='/usr/share/fonts/truetype/dejavu/DejaVuSerif-Bold.ttf', name='DejaVu Serif', style='normal', variant='normal', weight=700, stretch='normal', size='scalable')) = 10.335
2026-06-20 18:39:21 - DEBUG - findfont: Matching sans\-serif:style=normal:variant=normal:weight=normal:stretch=normal:size=12.0 to DejaVu Sans ('/root/anaconda3/lib/python3.12/site-packages/matplotlib/mpl-data/fonts/ttf/DejaVuSans.ttf') with score of 0.050000.
2026-06-20 18:39:21 - DEBUG - findfont: Matching sans\-serif:style=normal:variant=normal:weight=bold:stretch=normal:size=9.0.
2026-06-20 18:39:21 - DEBUG - findfont: score(FontEntry(fname='/root/anaconda3/lib/python3.12/site-packages/matplotlib/mpl-data/fonts/ttf/STIXSizTwoSymReg.ttf', name='STIXSizeTwoSym', style='normal', variant='normal', weight=400, stretch='normal', size='scalable')) = 10.335
2026-06-20 18:39:21 - DEBUG - findfont: score(FontEntry(fname='/root/anaconda3/lib/python3.12/site-packages/matplotlib/mpl-data/fonts/ttf/cmex10.ttf', name='cmex10', style='normal', variant='normal', weight=400, stretch='normal', size='scalable')) = 10.335
2026-06-20 18:39:21 - DEBUG - findfont: score(FontEntry(fname='/root/anaconda3/lib/python3.12/site-packages/matplotlib/mpl-data/fonts/ttf/STIXSizThreeSymBol.ttf', name='STIXSizeThreeSym', style='normal', variant='normal', weight=700, stretch='normal', size='scalable')) = 10.05
2026-06-20 18:39:21 - DEBUG - findfont: score(FontEntry(fname='/root/anaconda3/lib/python3.12/site-packages/matplotlib/mpl-data/fonts/ttf/STIXSizOneSymBol.ttf', name='STIXSizeOneSym', style='normal', variant='normal', weight=700, stretch='normal', size='scalable')) = 10.05
2026-06-20 18:39:21 - DEBUG - findfont: score(FontEntry(fname='/root/anaconda3/lib/python3.12/site-packages/matplotlib/mpl-data/fonts/ttf/DejaVuSansMono-Bold.ttf', name='DejaVu Sans Mono', style='normal', variant='normal', weight=700, stretch='normal', size='scalable')) = 10.05
2026-06-20 18:39:21 - DEBUG - findfont: score(FontEntry(fname='/root/anaconda3/lib/python3.12/site-packages/matplotlib/mpl-data/fonts/ttf/cmss10.ttf', name='cmss10', style='normal', variant='normal', weight=400, stretch='normal', size='scalable')) = 10.335
2026-06-20 18:39:21 - DEBUG - findfont: score(FontEntry(fname='/root/anaconda3/lib/python3.12/site-packages/matplotlib/mpl-data/fonts/ttf/DejaVuSerif-Italic.ttf', name='DejaVu Serif', style='italic', variant='normal', weight=400, stretch='normal', size='scalable')) = 11.335
2026-06-20 18:39:21 - DEBUG - findfont: score(FontEntry(fname='/root/anaconda3/lib/python3.12/site-packages/matplotlib/mpl-data/fonts/ttf/cmb10.ttf', name='cmb10', style='normal', variant='normal', weight=400, stretch='normal', size='scalable')) = 10.335
2026-06-20 18:39:21 - DEBUG - findfont: score(FontEntry(fname='/root/anaconda3/lib/python3.12/site-packages/matplotlib/mpl-data/fonts/ttf/STIXSizTwoSymBol.ttf', name='STIXSizeTwoSym', style='normal', variant='normal', weight=700, stretch='normal', size='scalable')) = 10.05
2026-06-20 18:39:21 - DEBUG - findfont: score(FontEntry(fname='/root/anaconda3/lib/python3.12/site-packages/matplotlib/mpl-data/fonts/ttf/DejaVuSans.ttf', name='DejaVu Sans', style='normal', variant='normal', weight=400, stretch='normal', size='scalable')) = 0.33499999999999996
2026-06-20 18:39:21 - DEBUG - findfont: score(FontEntry(fname='/root/anaconda3/lib/python3.12/site-packages/matplotlib/mpl-data/fonts/ttf/STIXGeneralItalic.ttf', name='STIXGeneral', style='italic', variant='normal', weight=400, stretch='normal', size='scalable')) = 11.335
2026-06-20 18:39:21 - DEBUG - findfont: score(FontEntry(fname='/root/anaconda3/lib/python3.12/site-packages/matplotlib/mpl-data/fonts/ttf/DejaVuSerif-Bold.ttf', name='DejaVu Serif', style='normal', variant='normal', weight=700, stretch='normal', size='scalable')) = 10.05
2026-06-20 18:39:21 - DEBUG - findfont: score(FontEntry(fname='/root/anaconda3/lib/python3.12/site-packages/matplotlib/mpl-data/fonts/ttf/STIXNonUni.ttf', name='STIXNonUnicode', style='normal', variant='normal', weight=400, stretch='normal', size='scalable')) = 10.335
2026-06-20 18:39:21 - DEBUG - findfont: score(FontEntry(fname='/root/anaconda3/lib/python3.12/site-packages/matplotlib/mpl-data/fonts/ttf/DejaVuSansDisplay.ttf', name='DejaVu Sans Display', style='normal', variant='normal', weight=400, stretch='normal', size='scalable')) = 10.335
2026-06-20 18:39:21 - DEBUG - findfont: score(FontEntry(fname='/root/anaconda3/lib/python3.12/site-packages/matplotlib/mpl-data/fonts/ttf/STIXSizThreeSymReg.ttf', name='STIXSizeThreeSym', style='normal', variant='normal', weight=400, stretch='normal', size='scalable')) = 10.335
2026-06-20 18:39:21 - DEBUG - findfont: score(FontEntry(fname='/root/anaconda3/lib/python3.12/site-packages/matplotlib/mpl-data/fonts/ttf/STIXSizFiveSymReg.ttf', name='STIXSizeFiveSym', style='normal', variant='normal', weight=400, stretch='normal', size='scalable')) = 10.335
2026-06-20 18:39:21 - DEBUG - findfont: score(FontEntry(fname='/root/anaconda3/lib/python3.12/site-packages/matplotlib/mpl-data/fonts/ttf/STIXNonUniIta.ttf', name='STIXNonUnicode', style='italic', variant='normal', weight=400, stretch='normal', size='scalable')) = 11.335
2026-06-20 18:39:21 - DEBUG - findfont: score(FontEntry(fname='/root/anaconda3/lib/python3.12/site-packages/matplotlib/mpl-data/fonts/ttf/cmsy10.ttf', name='cmsy10', style='normal', variant='normal', weight=400, stretch='normal', size='scalable')) = 10.335
2026-06-20 18:39:21 - DEBUG - findfont: score(FontEntry(fname='/root/anaconda3/lib/python3.12/site-packages/matplotlib/mpl-data/fonts/ttf/cmr10.ttf', name='cmr10', style='normal', variant='normal', weight=400, stretch='normal', size='scalable')) = 10.335
2026-06-20 18:39:21 - DEBUG - findfont: score(FontEntry(fname='/root/anaconda3/lib/python3.12/site-packages/matplotlib/mpl-data/fonts/ttf/STIXGeneral.ttf', name='STIXGeneral', style='normal', variant='normal', weight=400, stretch='normal', size='scalable')) = 10.335
2026-06-20 18:39:21 - DEBUG - findfont: score(FontEntry(fname='/root/anaconda3/lib/python3.12/site-packages/matplotlib/mpl-data/fonts/ttf/STIXNonUniBol.ttf', name='STIXNonUnicode', style='normal', variant='normal', weight=700, stretch='normal', size='scalable')) = 10.05
2026-06-20 18:39:21 - DEBUG - findfont: score(FontEntry(fname='/root/anaconda3/lib/python3.12/site-packages/matplotlib/mpl-data/fonts/ttf/STIXSizFourSymBol.ttf', name='STIXSizeFourSym', style='normal', variant='normal', weight=700, stretch='normal', size='scalable')) = 10.05
2026-06-20 18:39:21 - DEBUG - findfont: score(FontEntry(fname='/root/anaconda3/lib/python3.12/site-packages/matplotlib/mpl-data/fonts/ttf/STIXSizOneSymReg.ttf', name='STIXSizeOneSym', style='normal', variant='normal', weight=400, stretch='normal', size='scalable')) = 10.335
2026-06-20 18:39:21 - DEBUG - findfont: score(FontEntry(fname='/root/anaconda3/lib/python3.12/site-packages/matplotlib/mpl-data/fonts/ttf/STIXGeneralBolIta.ttf', name='STIXGeneral', style='italic', variant='normal', weight=700, stretch='normal', size='scalable')) = 11.05
2026-06-20 18:39:21 - DEBUG - findfont: score(FontEntry(fname='/root/anaconda3/lib/python3.12/site-packages/matplotlib/mpl-data/fonts/ttf/DejaVuSerifDisplay.ttf', name='DejaVu Serif Display', style='normal', variant='normal', weight=400, stretch='normal', size='scalable')) = 10.335
2026-06-20 18:39:21 - DEBUG - findfont: score(FontEntry(fname='/root/anaconda3/lib/python3.12/site-packages/matplotlib/mpl-data/fonts/ttf/DejaVuSans-Bold.ttf', name='DejaVu Sans', style='normal', variant='normal', weight=700, stretch='normal', size='scalable')) = 0.05
2026-06-20 18:39:21 - DEBUG - findfont: score(FontEntry(fname='/root/anaconda3/lib/python3.12/site-packages/matplotlib/mpl-data/fonts/ttf/cmmi10.ttf', name='cmmi10', style='normal', variant='normal', weight=400, stretch='normal', size='scalable')) = 10.335
2026-06-20 18:39:21 - DEBUG - findfont: score(FontEntry(fname='/root/anaconda3/lib/python3.12/site-packages/matplotlib/mpl-data/fonts/ttf/cmtt10.ttf', name='cmtt10', style='normal', variant='normal', weight=400, stretch='normal', size='scalable')) = 10.335
2026-06-20 18:39:21 - DEBUG - findfont: score(FontEntry(fname='/root/anaconda3/lib/python3.12/site-packages/matplotlib/mpl-data/fonts/ttf/DejaVuSerif-BoldItalic.ttf', name='DejaVu Serif', style='italic', variant='normal', weight=700, stretch='normal', size='scalable')) = 11.05
2026-06-20 18:39:21 - DEBUG - findfont: score(FontEntry(fname='/root/anaconda3/lib/python3.12/site-packages/matplotlib/mpl-data/fonts/ttf/DejaVuSansMono.ttf', name='DejaVu Sans Mono', style='normal', variant='normal', weight=400, stretch='normal', size='scalable')) = 10.335
2026-06-20 18:39:21 - DEBUG - findfont: score(FontEntry(fname='/root/anaconda3/lib/python3.12/site-packages/matplotlib/mpl-data/fonts/ttf/DejaVuSansMono-BoldOblique.ttf', name='DejaVu Sans Mono', style='oblique', variant='normal', weight=700, stretch='normal', size='scalable')) = 11.05
2026-06-20 18:39:21 - DEBUG - findfont: score(FontEntry(fname='/root/anaconda3/lib/python3.12/site-packages/matplotlib/mpl-data/fonts/ttf/STIXGeneralBol.ttf', name='STIXGeneral', style='normal', variant='normal', weight=700, stretch='normal', size='scalable')) = 10.05
2026-06-20 18:39:21 - DEBUG - findfont: score(FontEntry(fname='/root/anaconda3/lib/python3.12/site-packages/matplotlib/mpl-data/fonts/ttf/DejaVuSerif.ttf', name='DejaVu Serif', style='normal', variant='normal', weight=400, stretch='normal', size='scalable')) = 10.335
2026-06-20 18:39:21 - DEBUG - findfont: score(FontEntry(fname='/root/anaconda3/lib/python3.12/site-packages/matplotlib/mpl-data/fonts/ttf/DejaVuSans-Oblique.ttf', name='DejaVu Sans', style='oblique', variant='normal', weight=400, stretch='normal', size='scalable')) = 1.335
2026-06-20 18:39:21 - DEBUG - findfont: score(FontEntry(fname='/root/anaconda3/lib/python3.12/site-packages/matplotlib/mpl-data/fonts/ttf/DejaVuSans-BoldOblique.ttf', name='DejaVu Sans', style='oblique', variant='normal', weight=700, stretch='normal', size='scalable')) = 1.05
2026-06-20 18:39:21 - DEBUG - findfont: score(FontEntry(fname='/root/anaconda3/lib/python3.12/site-packages/matplotlib/mpl-data/fonts/ttf/DejaVuSansMono-Oblique.ttf', name='DejaVu Sans Mono', style='oblique', variant='normal', weight=400, stretch='normal', size='scalable')) = 11.335
2026-06-20 18:39:21 - DEBUG - findfont: score(FontEntry(fname='/root/anaconda3/lib/python3.12/site-packages/matplotlib/mpl-data/fonts/ttf/STIXNonUniBolIta.ttf', name='STIXNonUnicode', style='italic', variant='normal', weight=700, stretch='normal', size='scalable')) = 11.05
2026-06-20 18:39:21 - DEBUG - findfont: score(FontEntry(fname='/root/anaconda3/lib/python3.12/site-packages/matplotlib/mpl-data/fonts/ttf/STIXSizFourSymReg.ttf', name='STIXSizeFourSym', style='normal', variant='normal', weight=400, stretch='normal', size='scalable')) = 10.335
2026-06-20 18:39:21 - DEBUG - findfont: score(FontEntry(fname='/usr/share/fonts/truetype/dejavu/DejaVuSans-Bold.ttf', name='DejaVu Sans', style='normal', variant='normal', weight=700, stretch='normal', size='scalable')) = 0.05
2026-06-20 18:39:21 - DEBUG - findfont: score(FontEntry(fname='/usr/share/fonts/truetype/dejavu/DejaVuSansMono-Bold.ttf', name='DejaVu Sans Mono', style='normal', variant='normal', weight=700, stretch='normal', size='scalable')) = 10.05
2026-06-20 18:39:21 - DEBUG - findfont: score(FontEntry(fname='/usr/share/fonts/truetype/dejavu/DejaVuSerif.ttf', name='DejaVu Serif', style='normal', variant='normal', weight=400, stretch='normal', size='scalable')) = 10.335
2026-06-20 18:39:21 - DEBUG - findfont: score(FontEntry(fname='/usr/share/fonts/truetype/dejavu/DejaVuSans.ttf', name='DejaVu Sans', style='normal', variant='normal', weight=400, stretch='normal', size='scalable')) = 0.33499999999999996
2026-06-20 18:39:21 - DEBUG - findfont: score(FontEntry(fname='/usr/share/fonts/truetype/dejavu/DejaVuSansMono.ttf', name='DejaVu Sans Mono', style='normal', variant='normal', weight=400, stretch='normal', size='scalable')) = 10.335
2026-06-20 18:39:21 - DEBUG - findfont: score(FontEntry(fname='/usr/share/fonts/truetype/dejavu/DejaVuSerif-Bold.ttf', name='DejaVu Serif', style='normal', variant='normal', weight=700, stretch='normal', size='scalable')) = 10.05
2026-06-20 18:39:21 - DEBUG - findfont: Matching sans\-serif:style=normal:variant=normal:weight=bold:stretch=normal:size=9.0 to DejaVu Sans ('/root/anaconda3/lib/python3.12/site-packages/matplotlib/mpl-data/fonts/ttf/DejaVuSans-Bold.ttf') with score of 0.050000.
2026-06-20 18:39:22 - INFO - 
EMIB returned 1 solution(s) (max 1).
