node 0 w: 14.5, h: 31.4
node 1 w: 10.5, h: 16.0
node 2 w: 7.75, h: 11.87
node 3 w: 7.75, h: 11.87
node 4 w: 7.75, h: 11.87
node 5 w: 7.75, h: 11.87
连接统计: 总计 5 对
连接关系（EMIBNode 内容）:
  (A,B): node1=A, node2=B, wireCount=200, EMIBType=interfaceC, EMIB_length=5.0, EMIB_max_width=99.0, width=1.0, height=5.0, bump_width=0.5000
  (A,C): node1=A, node2=C, wireCount=256, EMIBType=interfaceB, EMIB_length=0.8533, EMIB_max_width=3.0, width=2.0, height=0.8533, bump_width=1.0000
  (A,D): node1=A, node2=D, wireCount=256, EMIBType=interfaceB, EMIB_length=0.8533, EMIB_max_width=3.0, width=2.0, height=0.8533, bump_width=1.0000
  (A,E): node1=A, node2=E, wireCount=256, EMIBType=interfaceB, EMIB_length=0.8533, EMIB_max_width=3.0, width=2.0, height=0.8533, bump_width=1.0000
  (A,F): node1=A, node2=F, wireCount=256, EMIBType=interfaceB, EMIB_length=0.8533, EMIB_max_width=3.0, width=2.0, height=0.8533, bump_width=1.0000
连续布局: W=135, H=135
问题规模: 6 个模块, 5 对连接
连接关系 [node1, node2, wireCount, EMIBType, EMIB_length, EMIB_max_width]:
  (0,1): [A, B, 200, interfaceC, 5.0, 99.0]
  (0,2): [A, C, 256, interfaceB, 0.8533, 3.0]
  (0,3): [A, D, 256, interfaceB, 0.8533, 3.0]
  (0,4): [A, E, 256, interfaceB, 0.8533, 3.0]
  (0,5): [A, F, 256, interfaceB, 0.8533, 3.0]
Set parameter WLSAccessID
Set parameter WLSSecret
Set parameter LicenseID to value 2756663
Academic license 2756663 - for non-commercial use only - registered to hu___@sjtu.edu.cn
EMIB_w_var: {(0, 2): <gurobi.Var *Awaiting Model Update*>, (0, 3): <gurobi.Var *Awaiting Model Update*>, (0, 4): <gurobi.Var *Awaiting Model Update*>, (0, 5): <gurobi.Var *Awaiting Model Update*>}
EMIB_h_var: {(0, 2): <gurobi.Var *Awaiting Model Update*>, (0, 3): <gurobi.Var *Awaiting Model Update*>, (0, 4): <gurobi.Var *Awaiting Model Update*>, (0, 5): <gurobi.Var *Awaiting Model Update*>}
EMIB_connected_pairs: {(0, 2): EMIBNode(node1='A', node2='C', wireCount=256, EMIBType='interfaceB', EMIB_length=0.8533, EMIB_bump_width=1.0, EMIB_max_width=3.0, width=2.0, height=0.8533), (0, 3): EMIBNode(node1='A', node2='D', wireCount=256, EMIBType='interfaceB', EMIB_length=0.8533, EMIB_bump_width=1.0, EMIB_max_width=3.0, width=2.0, height=0.8533), (0, 4): EMIBNode(node1='A', node2='E', wireCount=256, EMIBType='interfaceB', EMIB_length=0.8533, EMIB_bump_width=1.0, EMIB_max_width=3.0, width=2.0, height=0.8533), (0, 5): EMIBNode(node1='A', node2='F', wireCount=256, EMIBType='in2026-03-04 23:03:52 - INFO - Set parameter TimeLimit to value 120
2026-03-04 23:03:52 - INFO - Set parameter MIPGap to value 0
2026-03-04 23:03:52 - INFO - Set parameter MIPFocus to value 3
2026-03-04 23:03:52 - INFO - Set parameter Heuristics to value 0.5
2026-03-04 23:03:52 - INFO - Set parameter LogToConsole to value 1
2026-03-04 23:03:52 - INFO - Gurobi Optimizer version 13.0.0 build v13.0.0rc1 (linux64 - "Ubuntu 20.04.6 LTS")
2026-03-04 23:03:52 - INFO - 
2026-03-04 23:03:52 - INFO - CPU model: AMD Ryzen 9 9950X3D 16-Core Processor, instruction set [SSE2|AVX|AVX2|AVX512]
2026-03-04 23:03:52 - INFO - Thread count: 6 physical cores, 12 logical processors, using up to 12 threads
2026-03-04 23:03:52 - INFO - 
2026-03-04 23:03:52 - INFO - Non-default parameters:
2026-03-04 23:03:52 - INFO - TimeLimit  120
2026-03-04 23:03:52 - INFO - MIPGap  0
2026-03-04 23:03:52 - INFO - Heuristics  0.5
2026-03-04 23:03:52 - INFO - MIPFocus  3
2026-03-04 23:03:52 - INFO - 
2026-03-04 23:03:52 - INFO - Academic license 2756663 - for non-commercial use only - registered to hu___@sjtu.edu.cn
2026-03-04 23:03:52 - INFO - Optimize a model with 519 rows, 251 columns and 1741 nonzeros (Min)
2026-03-04 23:03:52 - INFO - Model fingerprint: 0x983aa84e
2026-03-04 23:03:52 - INFO - Model has 4 linear objective coefficients
2026-03-04 23:03:52 - INFO - Variable types: 113 continuous, 138 integer (138 binary)
2026-03-04 23:03:52 - INFO - Coefficient statistics:
2026-03-04 23:03:52 - INFO -   Matrix range     [5e-01, 7e+04]
2026-03-04 23:03:52 - INFO -   Objective range  [6e-07, 1e-01]
2026-03-04 23:03:52 - INFO -   Bounds range     [9e-01, 6e+06]
2026-03-04 23:03:52 - INFO -   RHS range        [9e-01, 3e+02]
2026-03-04 23:03:52 - INFO - Presolve removed 62 rows and 52 columns
2026-03-04 23:03:52 - INFO - Presolve time: 0.01s
2026-03-04 23:03:52 - INFO - Presolved: 457 rows, 199 columns, 1606 nonzeros
2026-03-04 23:03:52 - INFO - Variable types: 69 continuous, 130 integer (130 binary)R2026-03-04 23:03:52 - INFO - Root relaxation presolve Root relaxation presolved: 4272026-03-04 23:03:52 - INFO - Root 

Root relaxation: objective -5.686618e+00, 115 iterations, 0.00 seconds (0.00 work units)

    Nodes    |    Current Node    |     Objective Bounds      |     Work
 Expl Unexpl |  Obj  Depth IntInf | Incumbent    BestBd   Gap | It/Node Time

     0     0   -5.68662    0   53          -   -5.68662      -     -    0s
H    0     0                      11.5067503   -5.68662   149%     -    0s
     0     0    3.54234    0   54   11.50675    3.54234  69.2%     -    0s
     0     0    3.54234    0   54   11.50675    3.54234  69.2%     -    0s
     0     0    3.54234    0   53   11.50675    3.54234  69.2%     -    0s
     0     0    3.97482    0   57   11.50675    3.97482  65.5%     -    0s
     0     0    3.97482    0   59   11.50675    3.97482  65.5%     -    0s
     0     0    3.97482    0   60   11.50675    3.97482  65.5%     -    0s
     0     0    4.70451    0   57   11.50675    4.70451  59.1%     -    0s
     0     0    4.70451    0   57   11.50675    4.70451  59.1%     -    0s
     0     0    4.70451    0   55   11.50675    4.70451  59.1%     -    0s
     0     0    5.30571    0   59   11.50675    5.30571  53.9%     -    0s
     0     0    5.30571    0   63   11.50675    5.30571  53.9%     -    0s
     0     0    5.30571    0   65   11.50675    5.30571  53.9%     -    0s
     0     0    5.30571    0   62   11.50675    5.30571  53.9%     -    0s
     0     0    5.30571    0   64   11.50675    5.30571  53.9%     -    0s
     0     0    5.43258    0   68   11.50675    5.43258  52.8%     -    0s
     0     0    5.43258    0   68   11.50675    5.43258  52.8%     -    0s
     0     0    5.43258    0   68   11.50675    5.43258  52.8%     -    0s
H    0     0                      11.4916505    6.06410  47.2%     -    0s
H    0     0                      11.2179600    6.06410  45.9%     -    0s
     0     0    6.06410    0   68   11.21796    6.06410  45.9%     -    0s
     0     0    6.06410    0   58   11.21796    6.06410  45.9%     -    0s
     0     2    6.06410    0   48   11.21796    6.06410  45.9%     -    0s
H  141   143                      11.1983061    7.46022  33.4%  91.3    0s
H  212   214                      11.0031449    7.67745  30.2%  91.2    0s
H  452   400                      10.8882139    8.27556  24.0%  85.2    1s
  1823  1205    9.77394   14   51   10.88821    9.23239  15.2%  64.3    5s
 13797  7811   10.25028   51   19   10.88821   10.21721  6.16%  38.7   10s
 29068  1438     cutoff   50        10.88821   10.83507  0.49%  26.5   15s

Cutting planes:
  Learned: 34
  Gomory: 146
  Lift-and-project: 115
  Cover: 26
  Implied bound: 10
  MIR: 108
  Mixing: 9
  Flow cover: 688
  Inf proof: 79
  Zero half: 4
  RLT: 8
  Relax-and-lift: 17
  PSD: 1

Explored 30890 nodes (785831 simplex iterations) in 15.38 seconds (22.37 work units)
Thread count was 12 (of 12 available processors)

Solution count 7: 10.8882 10.8882 11.0031 ... 11.5068

Optimal solution found (tolerance 0.00e+00)
Best objective 1.088821386358e+01, best bound 1.088821386358e+01, gap 0.0000%
[EMIB] 单次求解完成: MIPGap=0.0, 状态=Optimal, Obj=10.888214, 用时=15.38s, SolCount=7

[未归一化实际值]
  线长(wirelength)=21519.4400, 面积代理(t)=57.5200, 功耗惩罚(power)=344064.0000, 高宽比惩罚(aspect)=9.1000
[目标函数各项分解]
  线长: raw=21519.44, norm=1.1168, contrib=5.5841
  面积代理t: raw=57.52, norm=0.9135, contrib=5.4808
  长宽比偏差: raw=9.10, norm=0.2341, contrib=0.0234
  功耗惩罚: raw=344064.00, norm=0.2501, contrib=-0.2001
[EMIB] 求解成功（Optimal）
[EMIB] placement JSON 已保存: /root/placement/thermal-placement/output_gurobi_EMIB_chiplet_5_6_01_08/placement/acend910.json
[EMIB] 布局图片已保存: /root/placement/thermal-placement/output_gurobi_EMIB_chiplet_5_6_01_08/fig/acend910_core/solution_1_layout_gurobi.png
  ✓ EMIB求解：返回 1 个解
7 - INFO -   Cover: 26
2026-03-04 23:04:07 - INFO -   Implied bound: 10
2026-03-04 23:04:07 - INFO -   MIR: 108
2026-03-04 23:04:07 - INFO -   Mixing: 9
2026-03-04 23:04:07 - INFO -   Flow cover: 688
2026-03-04 23:04:07 - INFO -   Inf proof: 79
2026-03-04 23:04:07 - INFO -   Zero half: 4
2026-03-04 23:04:07 - INFO -   RLT: 8
2026-03-04 23:04:07 - INFO -   Relax-and-lift: 17
2026-03-04 23:04:07 - INFO -   PSD: 1
2026-03-04 23:04:07 - INFO - 
2026-03-04 23:04:07 - INFO - Explored 30890 nodes (785831 simplex iterations) in 15.38 seconds (22.37 work units)
2026-03-04 23:04:07 - INFO - Thread count was 12 (of 12 available processors)
2026-03-04 23:04:07 - INFO - 
2026-03-04 23:04:07 - INFO - Solution count 7: 10.8882 10.8882 11.0031 ... 11.5068
2026-03-04 23:04:07 - INFO - 
2026-03-04 23:04:07 - INFO - Optimal solution found (tolerance 0.00e+00)
2026-03-04 23:04:07 - INFO - Best objective 1.088821386358e+01, best bound 1.088821386358e+01, gap 0.0000%
2026-03-04 23:04:07 - DEBUG - Loaded backend Agg version v2.2.
2026-03-04 23:04:07 - DEBUG - findfont: Matching sans\-serif:style=normal:variant=normal:weight=normal:stretch=normal:size=10.0.
2026-03-04 23:04:07 - DEBUG - findfont: score(FontEntry(fname='/root/anaconda3/envs/pyside/lib/python3.12/site-packages/matplotlib/mpl-data/fonts/ttf/STIXSizTwoSymReg.ttf', name='STIXSizeTwoSym', style='normal', variant='normal', weight=400, stretch='normal', size='scalable')) = 10.05
2026-03-04 23:04:07 - DEBUG - findfont: score(FontEntry(fname='/root/anaconda3/envs/pyside/lib/python3.12/site-packages/matplotlib/mpl-data/fonts/ttf/cmex10.ttf', name='cmex10', style='normal', variant='normal', weight=400, stretch='normal', size='scalable')) = 10.05
2026-03-04 23:04:07 - DEBUG - findfont: score(FontEntry(fname='/root/anaconda3/envs/pyside/lib/python3.12/site-packages/matplotlib/mpl-data/fonts/ttf/STIXSizThreeSymBol.ttf', name='STIXSizeThreeSym', style='normal', variant='normal', weight=700, stretch='normal', size='scalable')) = 10.335
2026-03-04 23:04:07 - DEBUG - findfont: score(FontEntry(fname='/root/anaconda3/envs/pyside/lib/python3.12/site-packages/matplotlib/mpl-data/fonts/ttf/STIXSizOneSymBol.ttf', name='STIXSizeOneSym', style='normal', variant='normal', weight=700, stretch='normal', size='scalable')) = 10.335
2026-03-04 23:04:07 - DEBUG - findfont: score(FontEntry(fname='/root/anaconda3/envs/pyside/lib/python3.12/site-packages/matplotlib/mpl-data/fonts/ttf/DejaVuSansMono-Bold.ttf', name='DejaVu Sans Mono', style='normal', variant='normal', weight=700, stretch='normal', size='scalable')) = 10.335
2026-03-04 23:04:07 - DEBUG - findfont: score(FontEntry(fname='/root/anaconda3/envs/pyside/lib/python3.12/site-packages/matplotlib/mpl-data/fonts/ttf/cmss10.ttf', name='cmss10', style='normal', variant='normal', weight=400, stretch='normal', size='scalable')) = 10.05
2026-03-04 23:04:07 - DEBUG - findfont: score(FontEntry(fname='/root/anaconda3/envs/pyside/lib/python3.12/site-packages/matplotlib/mpl-data/fonts/ttf/DejaVuSerif-Italic.ttf', name='DejaVu Serif', style='italic', variant='normal', weight=400, stretch='normal', size='scalable')) = 11.05
2026-03-04 23:04:07 - DEBUG - findfont: score(FontEntry(fname='/root/anaconda3/envs/pyside/lib/python3.12/site-packages/matplotlib/mpl-data/fonts/ttf/cmb10.ttf', name='cmb10', style='normal', variant='normal', weight=400, stretch='normal', size='scalable')) = 10.05
2026-03-04 23:04:07 - DEBUG - findfont: score(FontEntry(fname='/root/anaconda3/envs/pyside/lib/python3.12/site-packages/matplotlib/mpl-data/fonts/ttf/STIXSizTwoSymBol.ttf', name='STIXSizeTwoSym', style='normal', variant='normal', weight=700, stretch='normal', size='scalable')) = 10.335
2026-03-04 23:04:07 - DEBUG - findfont: score(FontEntry(fname='/root/anaconda3/envs/pyside/lib/python3.12/site-packages/matplotlib/mpl-data/fonts/ttf/DejaVuSans.ttf', name='DejaVu Sans', style='normal', variant='normal', weight=400, stretch='normal', size='scalable')) = 0.05
2026-03-04 23:04:07 - DEBUG - findfont: score(FontEntry(fname='/root/anaconda3/envs/pyside/lib/python3.12/site-packages/matplotlib/mpl-data/fonts/ttf/STIXGeneralItalic.ttf', name='STIXGeneral', style='italic', variant='normal', weight=400, stretch='normal', size='scalable')) = 11.05
2026-03-04 23:04:07 - DEBUG - findfont: score(FontEntry(fname='/root/anaconda3/envs/pyside/lib/python3.12/site-packages/matplotlib/mpl-data/fonts/ttf/DejaVuSerif-Bold.ttf', name='DejaVu Serif', style='normal', variant='normal', weight=700, stretch='normal', size='scalable')) = 10.335
2026-03-04 23:04:07 - DEBUG - findfont: score(FontEntry(fname='/root/anaconda3/envs/pyside/lib/python3.12/site-packages/matplotlib/mpl-data/fonts/ttf/STIXNonUni.ttf', name='STIXNonUnicode', style='normal', variant='normal', weight=400, stretch='normal', size='scalable')) = 10.05
2026-03-04 23:04:07 - DEBUG - findfont: score(FontEntry(fname='/root/anaconda3/envs/pyside/lib/python3.12/site-packages/matplotlib/mpl-data/fonts/ttf/DejaVuSansDisplay.ttf', name='DejaVu Sans Display', style='normal', variant='normal', weight=400, stretch='normal', size='scalable')) = 10.05
2026-03-04 23:04:07 - DEBUG - findfont: score(FontEntry(fname='/root/anaconda3/envs/pyside/lib/python3.12/site-packages/matplotlib/mpl-data/fonts/ttf/STIXSizThreeSymReg.ttf', name='STIXSizeThreeSym', style='normal', variant='normal', weight=400, stretch='normal', size='scalable')) = 10.05
2026-03-04 23:04:07 - DEBUG - findfont: score(FontEntry(fname='/root/anaconda3/envs/pyside/lib/python3.12/site-packages/matplotlib/mpl-data/fonts/ttf/STIXSizFiveSymReg.ttf', name='STIXSizeFiveSym', style='normal', variant='normal', weight=400, stretch='normal', size='scalable')) = 10.05
2026-03-04 23:04:07 - DEBUG - findfont: score(FontEntry(fname='/root/anaconda3/envs/pyside/lib/python3.12/site-packages/matplotlib/mpl-data/fonts/ttf/STIXNonUniIta.ttf', name='STIXNonUnicode', style='italic', variant='normal', weight=400, stretch='normal', size='scalable')) = 11.05
2026-03-04 23:04:07 - DEBUG - findfont: score(FontEntry(fname='/root/anaconda3/envs/pyside/lib/python3.12/site-packages/matplotlib/mpl-data/fonts/ttf/cmsy10.ttf', name='cmsy10', style='normal', variant='normal', weight=400, stretch='normal', size='scalable')) = 10.05
2026-03-04 23:04:07 - DEBUG - findfont: score(FontEntry(fname='/root/anaconda3/envs/pyside/lib/python3.12/site-packages/matplotlib/mpl-data/fonts/ttf/cmr10.ttf', name='cmr10', style='normal', variant='normal', weight=400, stretch='normal', size='scalable')) = 10.05
2026-03-04 23:04:07 - DEBUG - findfont: score(FontEntry(fname='/root/anaconda3/envs/pyside/lib/python3.12/site-packages/matplotlib/mpl-data/fonts/ttf/STIXGeneral.ttf', name='STIXGeneral', style='normal', variant='normal', weight=400, stretch='normal', size='scalable')) = 10.05
2026-03-04 23:04:07 - DEBUG - findfont: score(FontEntry(fname='/root/anaconda3/envs/pyside/lib/python3.12/site-packages/matplotlib/mpl-data/fonts/ttf/STIXNonUniBol.ttf', name='STIXNonUnicode', style='normal', variant='normal', weight=700, stretch='normal', size='scalable')) = 10.335
2026-03-04 23:04:07 - DEBUG - findfont: score(FontEntry(fname='/root/anaconda3/envs/pyside/lib/python3.12/site-packages/matplotlib/mpl-data/fonts/ttf/STIXSizFourSymBol.ttf', name='STIXSizeFourSym', style='normal', variant='normal', weight=700, stretch='normal', size='scalable')) = 10.335
2026-03-04 23:04:07 - DEBUG - findfont: score(FontEntry(fname='/root/anaconda3/envs/pyside/lib/python3.12/site-packages/matplotlib/mpl-data/fonts/ttf/STIXSizOneSymReg.ttf', name='STIXSizeOneSym', style='normal', variant='normal', weight=400, stretch='normal', size='scalable')) = 10.05
2026-03-04 23:04:07 - DEBUG - findfont: score(FontEntry(fname='/root/anaconda3/envs/pyside/lib/python3.12/site-packages/matplotlib/mpl-data/fonts/ttf/STIXGeneralBolIta.ttf', name='STIXGeneral', style='italic', variant='normal', weight=700, stretch='normal', size='scalable')) = 11.335
2026-03-04 23:04:07 - DEBUG - findfont: score(FontEntry(fname='/root/anaconda3/envs/pyside/lib/python3.12/site-packages/matplotlib/mpl-data/fonts/ttf/DejaVuSerifDisplay.ttf', name='DejaVu Serif Display', style='normal', variant='normal', weight=400, stretch='normal', size='scalable')) = 10.05
2026-03-04 23:04:07 - DEBUG - findfont: score(FontEntry(fname='/root/anaconda3/envs/pyside/lib/python3.12/site-packages/matplotlib/mpl-data/fonts/ttf/DejaVuSans-Bold.ttf', name='DejaVu Sans', style='normal', variant='normal', weight=700, stretch='normal', size='scalable')) = 0.33499999999999996
2026-03-04 23:04:07 - DEBUG - findfont: score(FontEntry(fname='/root/anaconda3/envs/pyside/lib/python3.12/site-packages/matplotlib/mpl-data/fonts/ttf/cmmi10.ttf', name='cmmi10', style='normal', variant='normal', weight=400, stretch='normal', size='scalable')) = 10.05
2026-03-04 23:04:07 - DEBUG - findfont: score(FontEntry(fname='/root/anaconda3/envs/pyside/lib/python3.12/site-packages/matplotlib/mpl-data/fonts/ttf/cmtt10.ttf', name='cmtt10', style='normal', variant='normal', weight=400, stretch='normal', size='scalable')) = 10.05
2026-03-04 23:04:07 - DEBUG - findfont: score(FontEntry(fname='/root/anaconda3/envs/pyside/lib/python3.12/site-packages/matplotlib/mpl-data/fonts/ttf/DejaVuSerif-BoldItalic.ttf', name='DejaVu Serif', style='italic', variant='normal', weight=700, stretch='normal', size='scalable')) = 11.335
2026-03-04 23:04:07 - DEBUG - findfont: score(FontEntry(fname='/root/anaconda3/envs/pyside/lib/python3.12/site-packages/matplotlib/mpl-data/fonts/ttf/DejaVuSansMono.ttf', name='DejaVu Sans Mono', style='normal', variant='normal', weight=400, stretch='normal', size='scalable')) = 10.05
2026-03-04 23:04:07 - DEBUG - findfont: score(FontEntry(fname='/root/anaconda3/envs/pyside/lib/python3.12/site-packages/matplotlib/mpl-data/fonts/ttf/DejaVuSansMono-BoldOblique.ttf', name='DejaVu Sans Mono', style='oblique', variant='normal', weight=700, stretch='normal', size='scalable')) = 11.335
2026-03-04 23:04:07 - DEBUG - findfont: score(FontEntry(fname='/root/anaconda3/envs/pyside/lib/python3.12/site-packages/matplotlib/mpl-data/fonts/ttf/STIXGeneralBol.ttf', name='STIXGeneral', style='normal', variant='normal', weight=700, stretch='normal', size='scalable')) = 10.335
2026-03-04 23:04:07 - DEBUG - findfont: score(FontEntry(fname='/root/anaconda3/envs/pyside/lib/python3.12/site-packages/matplotlib/mpl-data/fonts/ttf/DejaVuSerif.ttf', name='DejaVu Serif', style='normal', variant='normal', weight=400, stretch='normal', size='scalable')) = 10.05
2026-03-04 23:04:07 - DEBUG - findfont: score(FontEntry(fname='/root/anaconda3/envs/pyside/lib/python3.12/site-packages/matplotlib/mpl-data/fonts/ttf/DejaVuSans-Oblique.ttf', name='DejaVu Sans', style='oblique', variant='normal', weight=400, stretch='normal', size='scalable')) = 1.05
2026-03-04 23:04:07 - DEBUG - findfont: score(FontEntry(fname='/root/anaconda3/envs/pyside/lib/python3.12/site-packages/matplotlib/mpl-data/fonts/ttf/DejaVuSans-BoldOblique.ttf', name='DejaVu Sans', style='oblique', variant='normal', weight=700, stretch='normal', size='scalable')) = 1.335
2026-03-04 23:04:07 - DEBUG - findfont: score(FontEntry(fname='/root/anaconda3/envs/pyside/lib/python3.12/site-packages/matplotlib/mpl-data/fonts/ttf/DejaVuSansMono-Oblique.ttf', name='DejaVu Sans Mono', style='oblique', variant='normal', weight=400, stretch='normal', size='scalable')) = 11.05
2026-03-04 23:04:07 - DEBUG - findfont: score(FontEntry(fname='/root/anaconda3/envs/pyside/lib/python3.12/site-packages/matplotlib/mpl-data/fonts/ttf/STIXNonUniBolIta.ttf', name='STIXNonUnicode', style='italic', variant='normal', weight=700, stretch='normal', size='scalable')) = 11.335
2026-03-04 23:04:07 - DEBUG - findfont: score(FontEntry(fname='/root/anaconda3/envs/pyside/lib/python3.12/site-packages/matplotlib/mpl-data/fonts/ttf/STIXSizFourSymReg.ttf', name='STIXSizeFourSym', style='normal', variant='normal', weight=400, stretch='normal', size='scalable')) = 10.05
2026-03-04 23:04:07 - DEBUG - findfont: score(FontEntry(fname='/usr/share/fonts/truetype/dejavu/DejaVuSans-Bold.ttf', name='DejaVu Sans', style='normal', variant='normal', weight=700, stretch='normal', size='scalable')) = 0.33499999999999996
2026-03-04 23:04:07 - DEBUG - findfont: score(FontEntry(fname='/usr/share/fonts/truetype/dejavu/DejaVuSansMono-Bold.ttf', name='DejaVu Sans Mono', style='normal', variant='normal', weight=700, stretch='normal', size='scalable')) = 10.335
2026-03-04 23:04:07 - DEBUG - findfont: score(FontEntry(fname='/usr/share/fonts/truetype/dejavu/DejaVuSerif.ttf', name='DejaVu Serif', style='normal', variant='normal', weight=400, stretch='normal', size='scalable')) = 10.05
2026-03-04 23:04:07 - DEBUG - findfont: score(FontEntry(fname='/usr/share/fonts/truetype/dejavu/DejaVuSans.ttf', name='DejaVu Sans', style='normal', variant='normal', weight=400, stretch='normal', size='scalable')) = 0.05
2026-03-04 23:04:07 - DEBUG - findfont: score(FontEntry(fname='/usr/share/fonts/truetype/dejavu/DejaVuSansMono.ttf', name='DejaVu Sans Mono', style='normal', variant='normal', weight=400, stretch='normal', size='scalable')) = 10.05
2026-03-04 23:04:07 - DEBUG - findfont: score(FontEntry(fname='/usr/share/fonts/truetype/dejavu/DejaVuSerif-Bold.ttf', name='DejaVu Serif', style='normal', variant='normal', weight=700, stretch='normal', size='scalable')) = 10.335
2026-03-04 23:04:07 - DEBUG - findfont: Matching sans\-serif:style=normal:variant=normal:weight=normal:stretch=normal:size=10.0 to DejaVu Sans ('/root/anaconda3/envs/pyside/lib/python3.12/site-packages/matplotlib/mpl-data/fonts/ttf/DejaVuSans.ttf') with score of 0.050000.
2026-03-04 23:04:08 - DEBUG - findfont: Matching sans\-serif:style=normal:variant=normal:weight=normal:stretch=normal:size=12.0.
2026-03-04 23:04:08 - DEBUG - findfont: score(FontEntry(fname='/root/anaconda3/envs/pyside/lib/python3.12/site-packages/matplotlib/mpl-data/fonts/ttf/STIXSizTwoSymReg.ttf', name='STIXSizeTwoSym', style='normal', variant='normal', weight=400, stretch='normal', size='scalable')) = 10.05
2026-03-04 23:04:08 - DEBUG - findfont: score(FontEntry(fname='/root/anaconda3/envs/pyside/lib/python3.12/site-packages/matplotlib/mpl-data/fonts/ttf/cmex10.ttf', name='cmex10', style='normal', variant='normal', weight=400, stretch='normal', size='scalable')) = 10.05
2026-03-04 23:04:08 - DEBUG - findfont: score(FontEntry(fname='/root/anaconda3/envs/pyside/lib/python3.12/site-packages/matplotlib/mpl-data/fonts/ttf/STIXSizThreeSymBol.ttf', name='STIXSizeThreeSym', style='normal', variant='normal', weight=700, stretch='normal', size='scalable')) = 10.335
2026-03-04 23:04:08 - DEBUG - findfont: score(FontEntry(fname='/root/anaconda3/envs/pyside/lib/python3.12/site-packages/matplotlib/mpl-data/fonts/ttf/STIXSizOneSymBol.ttf', name='STIXSizeOneSym', style='normal', variant='normal', weight=700, stretch='normal', size='scalable')) = 10.335
2026-03-04 23:04:08 - DEBUG - findfont: score(FontEntry(fname='/root/anaconda3/envs/pyside/lib/python3.12/site-packages/matplotlib/mpl-data/fonts/ttf/DejaVuSansMono-Bold.ttf', name='DejaVu Sans Mono', style='normal', variant='normal', weight=700, stretch='normal', size='scalable')) = 10.335
2026-03-04 23:04:08 - DEBUG - findfont: score(FontEntry(fname='/root/anaconda3/envs/pyside/lib/python3.12/site-packages/matplotlib/mpl-data/fonts/ttf/cmss10.ttf', name='cmss10', style='normal', variant='normal', weight=400, stretch='normal', size='scalable')) = 10.05
2026-03-04 23:04:08 - DEBUG - findfont: score(FontEntry(fname='/root/anaconda3/envs/pyside/lib/python3.12/site-packages/matplotlib/mpl-data/fonts/ttf/DejaVuSerif-Italic.ttf', name='DejaVu Serif', style='italic', variant='normal', weight=400, stretch='normal', size='scalable')) = 11.05
2026-03-04 23:04:08 - DEBUG - findfont: score(FontEntry(fname='/root/anaconda3/envs/pyside/lib/python3.12/site-packages/matplotlib/mpl-data/fonts/ttf/cmb10.ttf', name='cmb10', style='normal', variant='normal', weight=400, stretch='normal', size='scalable')) = 10.05
2026-03-04 23:04:08 - DEBUG - findfont: score(FontEntry(fname='/root/anaconda3/envs/pyside/lib/python3.12/site-packages/matplotlib/mpl-data/fonts/ttf/STIXSizTwoSymBol.ttf', name='STIXSizeTwoSym', style='normal', variant='normal', weight=700, stretch='normal', size='scalable')) = 10.335
2026-03-04 23:04:08 - DEBUG - findfont: score(FontEntry(fname='/root/anaconda3/envs/pyside/lib/python3.12/site-packages/matplotlib/mpl-data/fonts/ttf/DejaVuSans.ttf', name='DejaVu Sans', style='normal', variant='normal', weight=400, stretch='normal', size='scalable')) = 0.05
2026-03-04 23:04:08 - DEBUG - findfont: score(FontEntry(fname='/root/anaconda3/envs/pyside/lib/python3.12/site-packages/matplotlib/mpl-data/fonts/ttf/STIXGeneralItalic.ttf', name='STIXGeneral', style='italic', variant='normal', weight=400, stretch='normal', size='scalable')) = 11.05
2026-03-04 23:04:08 - DEBUG - findfont: score(FontEntry(fname='/root/anaconda3/envs/pyside/lib/python3.12/site-packages/matplotlib/mpl-data/fonts/ttf/DejaVuSerif-Bold.ttf', name='DejaVu Serif', style='normal', variant='normal', weight=700, stretch='normal', size='scalable')) = 10.335
2026-03-04 23:04:08 - DEBUG - findfont: score(FontEntry(fname='/root/anaconda3/envs/pyside/lib/python3.12/site-packages/matplotlib/mpl-data/fonts/ttf/STIXNonUni.ttf', name='STIXNonUnicode', style='normal', variant='normal', weight=400, stretch='normal', size='scalable')) = 10.05
2026-03-04 23:04:08 - DEBUG - findfont: score(FontEntry(fname='/root/anaconda3/envs/pyside/lib/python3.12/site-packages/matplotlib/mpl-data/fonts/ttf/DejaVuSansDisplay.ttf', name='DejaVu Sans Display', style='normal', variant='normal', weight=400, stretch='normal', size='scalable')) = 10.05
2026-03-04 23:04:08 - DEBUG - findfont: score(FontEntry(fname='/root/anaconda3/envs/pyside/lib/python3.12/site-packages/matplotlib/mpl-data/fonts/ttf/STIXSizThreeSymReg.ttf', name='STIXSizeThreeSym', style='normal', variant='normal', weight=400, stretch='normal', size='scalable')) = 10.05
2026-03-04 23:04:08 - DEBUG - findfont: score(FontEntry(fname='/root/anaconda3/envs/pyside/lib/python3.12/site-packages/matplotlib/mpl-data/fonts/ttf/STIXSizFiveSymReg.ttf', name='STIXSizeFiveSym', style='normal', variant='normal', weight=400, stretch='normal', size='scalable')) = 10.05
2026-03-04 23:04:08 - DEBUG - findfont: score(FontEntry(fname='/root/anaconda3/envs/pyside/lib/python3.12/site-packages/matplotlib/mpl-data/fonts/ttf/STIXNonUniIta.ttf', name='STIXNonUnicode', style='italic', variant='normal', weight=400, stretch='normal', size='scalable')) = 11.05
2026-03-04 23:04:08 - DEBUG - findfont: score(FontEntry(fname='/root/anaconda3/envs/pyside/lib/python3.12/site-packages/matplotlib/mpl-data/fonts/ttf/cmsy10.ttf', name='cmsy10', style='normal', variant='normal', weight=400, stretch='normal', size='scalable')) = 10.05
2026-03-04 23:04:08 - DEBUG - findfont: score(FontEntry(fname='/root/anaconda3/envs/pyside/lib/python3.12/site-packages/matplotlib/mpl-data/fonts/ttf/cmr10.ttf', name='cmr10', style='normal', variant='normal', weight=400, stretch='normal', size='scalable')) = 10.05
2026-03-04 23:04:08 - DEBUG - findfont: score(FontEntry(fname='/root/anaconda3/envs/pyside/lib/python3.12/site-packages/matplotlib/mpl-data/fonts/ttf/STIXGeneral.ttf', name='STIXGeneral', style='normal', variant='normal', weight=400, stretch='normal', size='scalable')) = 10.05
2026-03-04 23:04:08 - DEBUG - findfont: score(FontEntry(fname='/root/anaconda3/envs/pyside/lib/python3.12/site-packages/matplotlib/mpl-data/fonts/ttf/STIXNonUniBol.ttf', name='STIXNonUnicode', style='normal', variant='normal', weight=700, stretch='normal', size='scalable')) = 10.335
2026-03-04 23:04:08 - DEBUG - findfont: score(FontEntry(fname='/root/anaconda3/envs/pyside/lib/python3.12/site-packages/matplotlib/mpl-data/fonts/ttf/STIXSizFourSymBol.ttf', name='STIXSizeFourSym', style='normal', variant='normal', weight=700, stretch='normal', size='scalable')) = 10.335
2026-03-04 23:04:08 - DEBUG - findfont: score(FontEntry(fname='/root/anaconda3/envs/pyside/lib/python3.12/site-packages/matplotlib/mpl-data/fonts/ttf/STIXSizOneSymReg.ttf', name='STIXSizeOneSym', style='normal', variant='normal', weight=400, stretch='normal', size='scalable')) = 10.05
2026-03-04 23:04:08 - DEBUG - findfont: score(FontEntry(fname='/root/anaconda3/envs/pyside/lib/python3.12/site-packages/matplotlib/mpl-data/fonts/ttf/STIXGeneralBolIta.ttf', name='STIXGeneral', style='italic', variant='normal', weight=700, stretch='normal', size='scalable')) = 11.335
2026-03-04 23:04:08 - DEBUG - findfont: score(FontEntry(fname='/root/anaconda3/envs/pyside/lib/python3.12/site-packages/matplotlib/mpl-data/fonts/ttf/DejaVuSerifDisplay.ttf', name='DejaVu Serif Display', style='normal', variant='normal', weight=400, stretch='normal', size='scalable')) = 10.05
2026-03-04 23:04:08 - DEBUG - findfont: score(FontEntry(fname='/root/anaconda3/envs/pyside/lib/python3.12/site-packages/matplotlib/mpl-data/fonts/ttf/DejaVuSans-Bold.ttf', name='DejaVu Sans', style='normal', variant='normal', weight=700, stretch='normal', size='scalable')) = 0.33499999999999996
2026-03-04 23:04:08 - DEBUG - findfont: score(FontEntry(fname='/root/anaconda3/envs/pyside/lib/python3.12/site-packages/matplotlib/mpl-data/fonts/ttf/cmmi10.ttf', name='cmmi10', style='normal', variant='normal', weight=400, stretch='normal', size='scalable')) = 10.05
2026-03-04 23:04:08 - DEBUG - findfont: score(FontEntry(fname='/root/anaconda3/envs/pyside/lib/python3.12/site-packages/matplotlib/mpl-data/fonts/ttf/cmtt10.ttf', name='cmtt10', style='normal', variant='normal', weight=400, stretch='normal', size='scalable')) = 10.05
2026-03-04 23:04:08 - DEBUG - findfont: score(FontEntry(fname='/root/anaconda3/envs/pyside/lib/python3.12/site-packages/matplotlib/mpl-data/fonts/ttf/DejaVuSerif-BoldItalic.ttf', name='DejaVu Serif', style='italic', variant='normal', weight=700, stretch='normal', size='scalable')) = 11.335
2026-03-04 23:04:08 - DEBUG - findfont: score(FontEntry(fname='/root/anaconda3/envs/pyside/lib/python3.12/site-packages/matplotlib/mpl-data/fonts/ttf/DejaVuSansMono.ttf', name='DejaVu Sans Mono', style='normal', variant='normal', weight=400, stretch='normal', size='scalable')) = 10.05
2026-03-04 23:04:08 - DEBUG - findfont: score(FontEntry(fname='/root/anaconda3/envs/pyside/lib/python3.12/site-packages/matplotlib/mpl-data/fonts/ttf/DejaVuSansMono-BoldOblique.ttf', name='DejaVu Sans Mono', style='oblique', variant='normal', weight=700, stretch='normal', size='scalable')) = 11.335
2026-03-04 23:04:08 - DEBUG - findfont: score(FontEntry(fname='/root/anaconda3/envs/pyside/lib/python3.12/site-packages/matplotlib/mpl-data/fonts/ttf/STIXGeneralBol.ttf', name='STIXGeneral', style='normal', variant='normal', weight=700, stretch='normal', size='scalable')) = 10.335
2026-03-04 23:04:08 - DEBUG - findfont: score(FontEntry(fname='/root/anaconda3/envs/pyside/lib/python3.12/site-packages/matplotlib/mpl-data/fonts/ttf/DejaVuSerif.ttf', name='DejaVu Serif', style='normal', variant='normal', weight=400, stretch='normal', size='scalable')) = 10.05
2026-03-04 23:04:08 - DEBUG - findfont: score(FontEntry(fname='/root/anaconda3/envs/pyside/lib/python3.12/site-packages/matplotlib/mpl-data/fonts/ttf/DejaVuSans-Oblique.ttf', name='DejaVu Sans', style='oblique', variant='normal', weight=400, stretch='normal', size='scalable')) = 1.05
2026-03-04 23:04:08 - DEBUG - findfont: score(FontEntry(fname='/root/anaconda3/envs/pyside/lib/python3.12/site-packages/matplotlib/mpl-data/fonts/ttf/DejaVuSans-BoldOblique.ttf', name='DejaVu Sans', style='oblique', variant='normal', weight=700, stretch='normal', size='scalable')) = 1.335
2026-03-04 23:04:08 - DEBUG - findfont: score(FontEntry(fname='/root/anaconda3/envs/pyside/lib/python3.12/site-packages/matplotlib/mpl-data/fonts/ttf/DejaVuSansMono-Oblique.ttf', name='DejaVu Sans Mono', style='oblique', variant='normal', weight=400, stretch='normal', size='scalable')) = 11.05
2026-03-04 23:04:08 - DEBUG - findfont: score(FontEntry(fname='/root/anaconda3/envs/pyside/lib/python3.12/site-packages/matplotlib/mpl-data/fonts/ttf/STIXNonUniBolIta.ttf', name='STIXNonUnicode', style='italic', variant='normal', weight=700, stretch='normal', size='scalable')) = 11.335
2026-03-04 23:04:08 - DEBUG - findfont: score(FontEntry(fname='/root/anaconda3/envs/pyside/lib/python3.12/site-packages/matplotlib/mpl-data/fonts/ttf/STIXSizFourSymReg.ttf', name='STIXSizeFourSym', style='normal', variant='normal', weight=400, stretch='normal', size='scalable')) = 10.05
2026-03-04 23:04:08 - DEBUG - findfont: score(FontEntry(fname='/usr/share/fonts/truetype/dejavu/DejaVuSans-Bold.ttf', name='DejaVu Sans', style='normal', variant='normal', weight=700, stretch='normal', size='scalable')) = 0.33499999999999996
2026-03-04 23:04:08 - DEBUG - findfont: score(FontEntry(fname='/usr/share/fonts/truetype/dejavu/DejaVuSansMono-Bold.ttf', name='DejaVu Sans Mono', style='normal', variant='normal', weight=700, stretch='normal', size='scalable')) = 10.335
2026-03-04 23:04:08 - DEBUG - findfont: score(FontEntry(fname='/usr/share/fonts/truetype/dejavu/DejaVuSerif.ttf', name='DejaVu Serif', style='normal', variant='normal', weight=400, stretch='normal', size='scalable')) = 10.05
2026-03-04 23:04:08 - DEBUG - findfont: score(FontEntry(fname='/usr/share/fonts/truetype/dejavu/DejaVuSans.ttf', name='DejaVu Sans', style='normal', variant='normal', weight=400, stretch='normal', size='scalable')) = 0.05
2026-03-04 23:04:08 - DEBUG - findfont: score(FontEntry(fname='/usr/share/fonts/truetype/dejavu/DejaVuSansMono.ttf', name='DejaVu Sans Mono', style='normal', variant='normal', weight=400, stretch='normal', size='scalable')) = 10.05
2026-03-04 23:04:08 - DEBUG - findfont: score(FontEntry(fname='/usr/share/fonts/truetype/dejavu/DejaVuSerif-Bold.ttf', name='DejaVu Serif', style='normal', variant='normal', weight=700, stretch='normal', size='scalable')) = 10.335
2026-03-04 23:04:08 - DEBUG - findfont: Matching sans\-serif:style=normal:variant=normal:weight=normal:stretch=normal:size=12.0 to DejaVu Sans ('/root/anaconda3/envs/pyside/lib/python3.12/site-packages/matplotlib/mpl-data/fonts/ttf/DejaVuSans.ttf') with score of 0.050000.
2026-03-04 23:04:08 - DEBUG - findfont: Matching sans\-serif:style=normal:variant=normal:weight=bold:stretch=normal:size=9.0.
2026-03-04 23:04:08 - DEBUG - findfont: score(FontEntry(fname='/root/anaconda3/envs/pyside/lib/python3.12/site-packages/matplotlib/mpl-data/fonts/ttf/STIXSizTwoSymReg.ttf', name='STIXSizeTwoSym', style='normal', variant='normal', weight=400, stretch='normal', size='scalable')) = 10.335
2026-03-04 23:04:08 - DEBUG - findfont: score(FontEntry(fname='/root/anaconda3/envs/pyside/lib/python3.12/site-packages/matplotlib/mpl-data/fonts/ttf/cmex10.ttf', name='cmex10', style='normal', variant='normal', weight=400, stretch='normal', size='scalable')) = 10.335
2026-03-04 23:04:08 - DEBUG - findfont: score(FontEntry(fname='/root/anaconda3/envs/pyside/lib/python3.12/site-packages/matplotlib/mpl-data/fonts/ttf/STIXSizThreeSymBol.ttf', name='STIXSizeThreeSym', style='normal', variant='normal', weight=700, stretch='normal', size='scalable')) = 10.05
2026-03-04 23:04:08 - DEBUG - findfont: score(FontEntry(fname='/root/anaconda3/envs/pyside/lib/python3.12/site-packages/matplotlib/mpl-data/fonts/ttf/STIXSizOneSymBol.ttf', name='STIXSizeOneSym', style='normal', variant='normal', weight=700, stretch='normal', size='scalable')) = 10.05
2026-03-04 23:04:08 - DEBUG - findfont: score(FontEntry(fname='/root/anaconda3/envs/pyside/lib/python3.12/site-packages/matplotlib/mpl-data/fonts/ttf/DejaVuSansMono-Bold.ttf', name='DejaVu Sans Mono', style='normal', variant='normal', weight=700, stretch='normal', size='scalable')) = 10.05
2026-03-04 23:04:08 - DEBUG - findfont: score(FontEntry(fname='/root/anaconda3/envs/pyside/lib/python3.12/site-packages/matplotlib/mpl-data/fonts/ttf/cmss10.ttf', name='cmss10', style='normal', variant='normal', weight=400, stretch='normal', size='scalable')) = 10.335
2026-03-04 23:04:08 - DEBUG - findfont: score(FontEntry(fname='/root/anaconda3/envs/pyside/lib/python3.12/site-packages/matplotlib/mpl-data/fonts/ttf/DejaVuSerif-Italic.ttf', name='DejaVu Serif', style='italic', variant='normal', weight=400, stretch='normal', size='scalable')) = 11.335
2026-03-04 23:04:08 - DEBUG - findfont: score(FontEntry(fname='/root/anaconda3/envs/pyside/lib/python3.12/site-packages/matplotlib/mpl-data/fonts/ttf/cmb10.ttf', name='cmb10', style='normal', variant='normal', weight=400, stretch='normal', size='scalable')) = 10.335
2026-03-04 23:04:08 - DEBUG - findfont: score(FontEntry(fname='/root/anaconda3/envs/pyside/lib/python3.12/site-packages/matplotlib/mpl-data/fonts/ttf/STIXSizTwoSymBol.ttf', name='STIXSizeTwoSym', style='normal', variant='normal', weight=700, stretch='normal', size='scalable')) = 10.05
2026-03-04 23:04:08 - DEBUG - findfont: score(FontEntry(fname='/root/anaconda3/envs/pyside/lib/python3.12/site-packages/matplotlib/mpl-data/fonts/ttf/DejaVuSans.ttf', name='DejaVu Sans', style='normal', variant='normal', weight=400, stretch='normal', size='scalable')) = 0.33499999999999996
2026-03-04 23:04:08 - DEBUG - findfont: score(FontEntry(fname='/root/anaconda3/envs/pyside/lib/python3.12/site-packages/matplotlib/mpl-data/fonts/ttf/STIXGeneralItalic.ttf', name='STIXGeneral', style='italic', variant='normal', weight=400, stretch='normal', size='scalable')) = 11.335
2026-03-04 23:04:08 - DEBUG - findfont: score(FontEntry(fname='/root/anaconda3/envs/pyside/lib/python3.12/site-packages/matplotlib/mpl-data/fonts/ttf/DejaVuSerif-Bold.ttf', name='DejaVu Serif', style='normal', variant='normal', weight=700, stretch='normal', size='scalable')) = 10.05
2026-03-04 23:04:08 - DEBUG - findfont: score(FontEntry(fname='/root/anaconda3/envs/pyside/lib/python3.12/site-packages/matplotlib/mpl-data/fonts/ttf/STIXNonUni.ttf', name='STIXNonUnicode', style='normal', variant='normal', weight=400, stretch='normal', size='scalable')) = 10.335
2026-03-04 23:04:08 - DEBUG - findfont: score(FontEntry(fname='/root/anaconda3/envs/pyside/lib/python3.12/site-packages/matplotlib/mpl-data/fonts/ttf/DejaVuSansDisplay.ttf', name='DejaVu Sans Display', style='normal', variant='normal', weight=400, stretch='normal', size='scalable')) = 10.335
2026-03-04 23:04:08 - DEBUG - findfont: score(FontEntry(fname='/root/anaconda3/envs/pyside/lib/python3.12/site-packages/matplotlib/mpl-data/fonts/ttf/STIXSizThreeSymReg.ttf', name='STIXSizeThreeSym', style='normal', variant='normal', weight=400, stretch='normal', size='scalable')) = 10.335
2026-03-04 23:04:08 - DEBUG - findfont: score(FontEntry(fname='/root/anaconda3/envs/pyside/lib/python3.12/site-packages/matplotlib/mpl-data/fonts/ttf/STIXSizFiveSymReg.ttf', name='STIXSizeFiveSym', style='normal', variant='normal', weight=400, stretch='normal', size='scalable')) = 10.335
2026-03-04 23:04:08 - DEBUG - findfont: score(FontEntry(fname='/root/anaconda3/envs/pyside/lib/python3.12/site-packages/matplotlib/mpl-data/fonts/ttf/STIXNonUniIta.ttf', name='STIXNonUnicode', style='italic', variant='normal', weight=400, stretch='normal', size='scalable')) = 11.335
2026-03-04 23:04:08 - DEBUG - findfont: score(FontEntry(fname='/root/anaconda3/envs/pyside/lib/python3.12/site-packages/matplotlib/mpl-data/fonts/ttf/cmsy10.ttf', name='cmsy10', style='normal', variant='normal', weight=400, stretch='normal', size='scalable')) = 10.335
2026-03-04 23:04:08 - DEBUG - findfont: score(FontEntry(fname='/root/anaconda3/envs/pyside/lib/python3.12/site-packages/matplotlib/mpl-data/fonts/ttf/cmr10.ttf', name='cmr10', style='normal', variant='normal', weight=400, stretch='normal', size='scalable')) = 10.335
2026-03-04 23:04:08 - DEBUG - findfont: score(FontEntry(fname='/root/anaconda3/envs/pyside/lib/python3.12/site-packages/matplotlib/mpl-data/fonts/ttf/STIXGeneral.ttf', name='STIXGeneral', style='normal', variant='normal', weight=400, stretch='normal', size='scalable')) = 10.335
2026-03-04 23:04:08 - DEBUG - findfont: score(FontEntry(fname='/root/anaconda3/envs/pyside/lib/python3.12/site-packages/matplotlib/mpl-data/fonts/ttf/STIXNonUniBol.ttf', name='STIXNonUnicode', style='normal', variant='normal', weight=700, stretch='normal', size='scalable')) = 10.05
2026-03-04 23:04:08 - DEBUG - findfont: score(FontEntry(fname='/root/anaconda3/envs/pyside/lib/python3.12/site-packages/matplotlib/mpl-data/fonts/ttf/STIXSizFourSymBol.ttf', name='STIXSizeFourSym', style='normal', variant='normal', weight=700, stretch='normal', size='scalable')) = 10.05
2026-03-04 23:04:08 - DEBUG - findfont: score(FontEntry(fname='/root/anaconda3/envs/pyside/lib/python3.12/site-packages/matplotlib/mpl-data/fonts/ttf/STIXSizOneSymReg.ttf', name='STIXSizeOneSym', style='normal', variant='normal', weight=400, stretch='normal', size='scalable')) = 10.335
2026-03-04 23:04:08 - DEBUG - findfont: score(FontEntry(fname='/root/anaconda3/envs/pyside/lib/python3.12/site-packages/matplotlib/mpl-data/fonts/ttf/STIXGeneralBolIta.ttf', name='STIXGeneral', style='italic', variant='normal', weight=700, stretch='normal', size='scalable')) = 11.05
2026-03-04 23:04:08 - DEBUG - findfont: score(FontEntry(fname='/root/anaconda3/envs/pyside/lib/python3.12/site-packages/matplotlib/mpl-data/fonts/ttf/DejaVuSerifDisplay.ttf', name='DejaVu Serif Display', style='normal', variant='normal', weight=400, stretch='normal', size='scalable')) = 10.335
2026-03-04 23:04:08 - DEBUG - findfont: score(FontEntry(fname='/root/anaconda3/envs/pyside/lib/python3.12/site-packages/matplotlib/mpl-data/fonts/ttf/DejaVuSans-Bold.ttf', name='DejaVu Sans', style='normal', variant='normal', weight=700, stretch='normal', size='scalable')) = 0.05
2026-03-04 23:04:08 - DEBUG - findfont: score(FontEntry(fname='/root/anaconda3/envs/pyside/lib/python3.12/site-packages/matplotlib/mpl-data/fonts/ttf/cmmi10.ttf', name='cmmi10', style='normal', variant='normal', weight=400, stretch='normal', size='scalable')) = 10.335
2026-03-04 23:04:08 - DEBUG - findfont: score(FontEntry(fname='/root/anaconda3/envs/pyside/lib/python3.12/site-packages/matplotlib/mpl-data/fonts/ttf/cmtt10.ttf', name='cmtt10', style='normal', variant='normal', weight=400, stretch='normal', size='scalable')) = 10.335
2026-03-04 23:04:08 - DEBUG - findfont: score(FontEntry(fname='/root/anaconda3/envs/pyside/lib/python3.12/site-packages/matplotlib/mpl-data/fonts/ttf/DejaVuSerif-BoldItalic.ttf', name='DejaVu Serif', style='italic', variant='normal', weight=700, stretch='normal', size='scalable')) = 11.05
2026-03-04 23:04:08 - DEBUG - findfont: score(FontEntry(fname='/root/anaconda3/envs/pyside/lib/python3.12/site-packages/matplotlib/mpl-data/fonts/ttf/DejaVuSansMono.ttf', name='DejaVu Sans Mono', style='normal', variant='normal', weight=400, stretch='normal', size='scalable')) = 10.335
2026-03-04 23:04:08 - DEBUG - findfont: score(FontEntry(fname='/root/anaconda3/envs/pyside/lib/python3.12/site-packages/matplotlib/mpl-data/fonts/ttf/DejaVuSansMono-BoldOblique.ttf', name='DejaVu Sans Mono', style='oblique', variant='normal', weight=700, stretch='normal', size='scalable')) = 11.05
2026-03-04 23:04:08 - DEBUG - findfont: score(FontEntry(fname='/root/anaconda3/envs/pyside/lib/python3.12/site-packages/matplotlib/mpl-data/fonts/ttf/STIXGeneralBol.ttf', name='STIXGeneral', style='normal', variant='normal', weight=700, stretch='normal', size='scalable')) = 10.05
2026-03-04 23:04:08 - DEBUG - findfont: score(FontEntry(fname='/root/anaconda3/envs/pyside/lib/python3.12/site-packages/matplotlib/mpl-data/fonts/ttf/DejaVuSerif.ttf', name='DejaVu Serif', style='normal', variant='normal', weight=400, stretch='normal', size='scalable')) = 10.335
2026-03-04 23:04:08 - DEBUG - findfont: score(FontEntry(fname='/root/anaconda3/envs/pyside/lib/python3.12/site-packages/matplotlib/mpl-data/fonts/ttf/DejaVuSans-Oblique.ttf', name='DejaVu Sans', style='oblique', variant='normal', weight=400, stretch='normal', size='scalable')) = 1.335
2026-03-04 23:04:08 - DEBUG - findfont: score(FontEntry(fname='/root/anaconda3/envs/pyside/lib/python3.12/site-packages/matplotlib/mpl-data/fonts/ttf/DejaVuSans-BoldOblique.ttf', name='DejaVu Sans', style='oblique', variant='normal', weight=700, stretch='normal', size='scalable')) = 1.05
2026-03-04 23:04:08 - DEBUG - findfont: score(FontEntry(fname='/root/anaconda3/envs/pyside/lib/python3.12/site-packages/matplotlib/mpl-data/fonts/ttf/DejaVuSansMono-Oblique.ttf', name='DejaVu Sans Mono', style='oblique', variant='normal', weight=400, stretch='normal', size='scalable')) = 11.335
2026-03-04 23:04:08 - DEBUG - findfont: score(FontEntry(fname='/root/anaconda3/envs/pyside/lib/python3.12/site-packages/matplotlib/mpl-data/fonts/ttf/STIXNonUniBolIta.ttf', name='STIXNonUnicode', style='italic', variant='normal', weight=700, stretch='normal', size='scalable')) = 11.05
2026-03-04 23:04:08 - DEBUG - findfont: score(FontEntry(fname='/root/anaconda3/envs/pyside/lib/python3.12/site-packages/matplotlib/mpl-data/fonts/ttf/STIXSizFourSymReg.ttf', name='STIXSizeFourSym', style='normal', variant='normal', weight=400, stretch='normal', size='scalable')) = 10.335
2026-03-04 23:04:08 - DEBUG - findfont: score(FontEntry(fname='/usr/share/fonts/truetype/dejavu/DejaVuSans-Bold.ttf', name='DejaVu Sans', style='normal', variant='normal', weight=700, stretch='normal', size='scalable')) = 0.05
2026-03-04 23:04:08 - DEBUG - findfont: score(FontEntry(fname='/usr/share/fonts/truetype/dejavu/DejaVuSansMono-Bold.ttf', name='DejaVu Sans Mono', style='normal', variant='normal', weight=700, stretch='normal', size='scalable')) = 10.05
2026-03-04 23:04:08 - DEBUG - findfont: score(FontEntry(fname='/usr/share/fonts/truetype/dejavu/DejaVuSerif.ttf', name='DejaVu Serif', style='normal', variant='normal', weight=400, stretch='normal', size='scalable')) = 10.335
2026-03-04 23:04:08 - DEBUG - findfont: score(FontEntry(fname='/usr/share/fonts/truetype/dejavu/DejaVuSans.ttf', name='DejaVu Sans', style='normal', variant='normal', weight=400, stretch='normal', size='scalable')) = 0.33499999999999996
2026-03-04 23:04:08 - DEBUG - findfont: score(FontEntry(fname='/usr/share/fonts/truetype/dejavu/DejaVuSansMono.ttf', name='DejaVu Sans Mono', style='normal', variant='normal', weight=400, stretch='normal', size='scalable')) = 10.335
2026-03-04 23:04:08 - DEBUG - findfont: score(FontEntry(fname='/usr/share/fonts/truetype/dejavu/DejaVuSerif-Bold.ttf', name='DejaVu Serif', style='normal', variant='normal', weight=700, stretch='normal', size='scalable')) = 10.05
2026-03-04 23:04:08 - DEBUG - findfont: Matching sans\-serif:style=normal:variant=normal:weight=bold:stretch=normal:size=9.0 to DejaVu Sans ('/root/anaconda3/envs/pyside/lib/python3.12/site-packages/matplotlib/mpl-data/fonts/ttf/DejaVuSans-Bold.ttf') with score of 0.050000.
2026-03-04 23:04:08 - INFO - 
EMIB求解返回 1 个解（最多1个）。
