node 0 w: 12.0, h: 12.0
node 1 w: 18.2, h: 18.2
node 2 w: 18.2026-07-01 15:24:18 - INFO - Set parameter Username
2026-07-01 15:24:18 - INFO - Set parameter LicenseID to value 2840060
2026-07-01 15:24:18 - INFO - Academic license - for non-commercial use only - expires 2027-07-01
2026-07-01 15:24:18 - INFO - Set parameter TimeLimit to value 300
2026-07-01 15:24:18 - INFO - Set parameter MIPGap to value 0
2026-07-01 15:24:18 - INFO - Set parameter MIPFocus to value 3
2026-07-01 15:24:18 - INFO - Set parameter Heuristics to value 0.5
2026-07-01 15:24:18 - INFO - Set parameter LogToConsole to value 1
2026-07-01 15:24:18 - INFO - Gurobi Optimizer version 13.0.1 build v13.0.1rc0 (linux64 - "Ubuntu 20.04.6 LTS")
2026-07-01 15:24:18 - INFO - 
2026-07-01 15:24:18 - INFO - CPU model: AMD Ryzen 9 9950X3D 16-Core Processor, instruction set [SSE2|AVX|AVX2|AVX512]
2026-07-01 15:24:18 - INFO - Thread count: 14 physical cores, 28 logical processors, using up to 28 threads
2026-07-01 15:24:18 - INFO - 
2026-07-01 15:24:18 - INFO - Non-default parameters:
2026-07-01 15:24:18 - INFO - TimeLimit  300
2026-07-01 15:24:18 - INFO - MIPGap  0
2026-07-01 15:24:18 - INFO - Heuristics  0.5
2026-07-01 15:24:18 - INFO - MIPFocus  3
2026-07-01 15:24:18 - INFO - 
2026-07-01 15:24:18 - INFO - Optimize a model with 465 rows, 228 columns and 1499 nonzeros (Min)
2026-07-01 15:24:18 - INFO - Model fingerprint: 0x5b75301c
2026-07-01 15:24:18 - INFO - Model has 4 linear objective coefficients
2026-07-01 15:24:18 - INFO - Variable types: 117 continuous, 111 integer (111 binary)
2026-07-01 15:24:18 - INFO - Coefficient statistics:
2026-07-01 15:24:18 - INFO -   Matrix range     [5e-01, 9e+04]
2026-07-01 15:24:18 - INFO -   Objective range  [6e-07, 9e-02]
2026-07-01 15:24:18 - INFO -   Bounds range     [1e+00, 7e+06]
2026-07-01 15:24:18 - INFO -   RHS range        [1e+00, 3e+02]
2026-07-01 15:24:18 - INFO - 
2026-07-01 15:24:18 - INFO - Presolve removed 64 rows and 55 columns
2026-07-01 15:24:18 - INFO - Presolve time: 0.00s
2026-07-01 15:24:18 - INFO - Presolved: 401 rows, 173 columns, 1266 nonzeros
2026-07-01 15:24:18 - INFO - Variable types: 71 continuous, 102 integer (102 binary)
2026-07-01 15:24:18 - INFO - Root relaxation presolve removed 27 rows and 8 columns
2026-07-01 15:24:18 - INFO - Root relaxation presolved: 374 rows, 168 columns, 1207 nonzeros
2026-07-01 15:24:18 - INFO - 
2026-07-01 15:24:18 - INFO - 
2026-07-01 15:24:18 - INFO - Root relaxation: objective -2.168283e+01, 104 iterations, 0.00 seconds (0.00 work units)
2026-07-01 15:24:18 - INFO - 
2026-07-01 15:24:18 - INFO -     Nodes    |    Current Node    |     Objective Bounds      |     Work
2026-07-01 15:24:18 - INFO -  Expl Unexpl |  Obj  Depth IntInf | Incumbent    BestBd   Gap | It/Node Time
2026-07-01 15:24:18 - INFO - 
2026-07-01 15:24:18 - INFO -      0     0  -21.68283    0   45          -  -21.68283      -     -    0s
2026-07-01 15:24:18 - INFO - H    0     0                      10.4190045  -21.68283   308%     -    0s
2026-07-01 15:24:18 - INFO - H    0     0                      10.1344781  -21.68283   314%     -    0s
2026-07-01 15:24:18 - INFO - H    0     0                       8.3057164  -14.90918   280%     -    0s
2026-07-01 15:24:18 - INFO - H    0     0                       6.6118417  -14.51499   320%     -    0s
2026-07-01 15:24:18 - INFO -      0     0  -14.51499    0   51    6.61184  -14.51499   320%     -    0s
2026-07-01 15:24:18 - INFO -      0     0  -14.51499    0   49    6.61184  -14.51499   320%     -    0s
2026-07-01 15:24:18 - INFO - H    0     0                       6.2399799  -12.26631   297%     -    0s
2026-07-01 15:24:18 - INFO -      0     0   -4.31758    0   49    6.23998   -4.31758   169%     -    0s
2026-07-01 15:24:18 - INFO -      0     0   -4.31758    0   49    6.23998   -4.31758   169%     -    0s
2026-07-01 15:24:18 - INFO - H    0     0                       6.1967524   -4.31758   170%     -    0s
2026-07-01 15:24:18 - INFO -      0     0   -2.84359    0   35    6.19675   -2.84359   146%     -    0s
2026-07-01 15:24:18 - INFO -      0     0   -2.84359    0   33    6.19675   -2.84359   146%     -    0s
2026-07-01 15:24:18 - INFO -      0     0   -2.84359    0   25    6.19675   -2.84359   146%     -    0s
2026-07-01 15:24:18 - INFO - H    0     0                       5.7294701   -2.06710   136%     -    0s
2026-07-01 15:24:18 - INFO -      0     0    0.68099    0   29    5.72947    0.68099  88.1%     -    0s
2026-07-01 15:24:18 - INFO -      0     0    0.68099    0   29    5.72947    0.68099  88.1%     -    0s
2026-07-01 15:24:18 - INFO -      0     0    0.68099    0   33    5.72947    0.68099  88.1%     -    0s
2026-07-01 15:24:18 - INFO -      0     0    0.68099    0   34    5.72947    0.68099  88.1%     -    0s
2026-07-01 15:24:18 - INFO - H    0     0                       4.7289292    0.68099  85.6%     -    0s
2026-07-01 15:24:18 - INFO -      0     0    3.02315    0   49    4.72893    3.02315  36.1%     -    0s
2026-07-01 15:24:18 - INFO -      0     0    3.02315    0   49    4.72893    3.02315  36.1%     -    0s
2026-07-01 15:24:18 - INFO -      0     0    3.02315    0   35    4.72893    3.02315  36.1%     -    0s
2026-07-01 15:24:18 - INFO - H    0     0                       4.4438966    3.02315  32.0%     -    0s
2026-07-01 15:24:18 - INFO -      0     0    3.24502    0   52    4.44390    3.24502  27.0%     -    0s
2026-07-01 15:24:18 - INFO -      0     0    3.25755    0   60    4.44390    3.25755  26.7%     -    0s
2026-07-01 15:24:18 - INFO -      0     0    3.25755    0   62    4.44390    3.25755  26.7%     -    0s
2026-07-01 15:24:18 - INFO -      0     0    3.25755    0   61    4.44390    3.25755  26.7%     -    0s
2026-07-01 15:24:18 - INFO -      0     0    3.79089    0   56    4.44390    3.79089  14.7%     -    0s
2026-07-01 15:24:18 - INFO -      0     0    3.79089    0   56    4.44390    3.79089  14.7%     -    0s
2026-07-01 15:24:18 - INFO -      0     0    3.79089    0   56    4.44390    3.79089  14.7%     -    0s
2026-07-01 15:24:18 - INFO -      0     0    3.92249    0   55    4.44390    3.92249  11.7%     -    0s
2026-07-01 15:24:18 - INFO -      0     0    3.92249    0   58    4.44390    3.92249  11.7%     -    0s
2026-07-01 15:24:18 - INFO -      0     0    3.95193    0   52    4.44390    3.95193  11.1%     -    0s
2026-07-01 15:24:18 - INFO -      0     0    3.95193    0   47    4.44390    3.95193  11.1%     -    0s
2026-07-01 15:24:18 - INFO -      0     0    3.95193    0   40    4.44390    3.95193  11.1%     -    0s
2026-07-01 15:24:18 - INFO -      0     0    4.14060    0   38    4.44390    4.14060  6.83%     -    0s
2026-07-01 15:24:18 - INFO -      0     0    4.14060    0   37    4.44390    4.14060  6.83%     -    0s
2026-07-01 15:24:18 - INFO -      0     0    4.19498    0   53    4.44390    4.19498  5.60%     -    0s
2026-07-01 15:24:18 - INFO -      0     0    4.19498    0   52    4.44390    4.19498  5.60%     -    0s
2026-07-01 15:24:18 - INFO -      0     0    4.19498    0   47    4.44390    4.19498  5.60%     -    0s
2026-07-01 15:24:18 - INFO -      0     0    4.23622    0   59    4.44390    4.23622  4.67%     -    0s
2026-07-01 15:24:18 - INFO -      0     0    4.27173    0   58    4.44390    4.27173  3.87%     -    0s
2026-07-01 15:24:18 - INFO -      0     0    4.27173    0   57    4.44390    4.27173  3.87%     -    0s
2026-07-01 15:24:18 - INFO -      0     0    4.27173    0   54    4.44390    4.27173  3.87%     -    0s
2026-07-01 15:24:18 - INFO -      0     0    4.44390    0   59    4.44390    4.44390  0.00%     -    0s
2026-07-01 15:24:18 - INFO - 
2026-07-01 15:24:18 - INFO - Cutting planes:
2026-07-01 15:24:18 - INFO -   Learned: 19
2026-07-01 15:24:18 - INFO -   Gomory: 35
2026-07-01 15:24:18 - INFO -   Lift-and-project: 7
2026-07-01 15:24:18 - INFO -   Cover: 4
2026-07-01 15:24:18 - INFO -   Implied bound: 1
2026-07-01 15:24:18 - INFO -   Clique: 3
2026-07-01 15:24:18 - INFO -   MIR: 43
2026-07-01 15:24:18 - INFO -   Flow cover: 46
2026-07-01 15:24:18 - INFO -   RLT: 1
2026-07-01 15:24:18 - INFO - 
2026-07-01 15:24:18 - INFO - Explored 1 nodes (1536 simplex iterations) in 0.37 seconds (0.38 work units)
2026-07-01 15:24:18 - INFO - Thread count was 28 (of 28 available processors)
2026-07-01 15:24:18 - INFO - 
2026-07-01 15:24:18 - INFO - Solution count 8: 4.4439 4.72893 5.72947 ... 10.419
2026-07-01 15:24:18 - INFO - 
2026-07-01 15:24:18 - INFO - Optimal solution found (tolerance 0.00e+00)
2026-07-01 15:24:18 - INFO - Best objective 4.443896640198e+00, best bound 4.443896640198e+00, gap 0.0000%
2026-07-01 15:24:18 - DEBUG - Loaded backend Agg version v2.2.
2026-07-01 15:24:18 - DEBUG - findfont: Matching sans\-serif:style=normal:variant=normal:weight=normal:stretch=normal:size=10.0.
2026-07-01 15:24:18 - DEBUG - findfont: score(FontEntry(fname='/root/anaconda3/lib/python3.12/site-packages/matplotlib/mpl-data/fonts/ttf/STIXSizTwoSymReg.ttf', name='STIXSizeTwoSym', style='normal', variant='normal', weight=400, stretch='normal', size='scalable')) = 10.05
2026-07-01 15:24:18 - DEBUG - findfont: score(FontEntry(fname='/root/anaconda3/lib/python3.12/site-packages/matplotlib/mpl-data/fonts/ttf/cmex10.ttf', name='cmex10', style='normal', variant='normal', weight=400, stretch='normal', size='scalable')) = 10.05
2026-07-01 15:24:18 - DEBUG - findfont: score(FontEntry(fname='/root/anaconda3/lib/python3.12/site-packages/matplotlib/mpl-data/fonts/ttf/STIXSizThreeSymBol.ttf', name='STIXSizeThreeSym', style='normal', variant='normal', weight=700, stretch='normal', size='scalable')) = 10.335
2026-07-01 15:24:18 - DEBUG - findfont: score(FontEntry(fname='/root/anaconda3/lib/python3.12/site-packages/matplotlib/mpl-data/fonts/ttf/STIXSizOneSymBol.ttf', name='STIXSizeOneSym', style='normal', variant='normal', weight=700, stretch='normal', size='scalable')) = 10.335
2026-07-01 15:24:18 - DEBUG - findfont: score(FontEntry(fname='/root/anaconda3/lib/python3.12/site-packages/matplotlib/mpl-data/fonts/ttf/DejaVuSansMono-Bold.ttf', name='DejaVu Sans Mono', style='normal', variant='normal', weight=700, stretch='normal', size='scalable')) = 10.335
2026-07-01 15:24:18 - DEBUG - findfont: score(FontEntry(fname='/root/anaconda3/lib/python3.12/site-packages/matplotlib/mpl-data/fonts/ttf/cmss10.ttf', name='cmss10', style='normal', variant='normal', weight=400, stretch='normal', size='scalable')) = 10.05
2026-07-01 15:24:18 - DEBUG - findfont: score(FontEntry(fname='/root/anaconda3/lib/python3.12/site-packages/matplotlib/mpl-data/fonts/ttf/DejaVuSerif-Italic.ttf', name='DejaVu Serif', style='italic', variant='normal', weight=400, stretch='normal', size='scalable')) = 11.05
2026-07-01 15:24:18 - DEBUG - findfont: score(FontEntry(fname='/root/anaconda3/lib/python3.12/site-packages/matplotlib/mpl-data/fonts/ttf/cmb10.ttf', name='cmb10', style='normal', variant='normal', weight=400, stretch='normal', size='scalable')) = 10.05
2026-07-01 15:24:18 - DEBUG - findfont: score(FontEntry(fname='/root/anaconda3/lib/python3.12/site-packages/matplotlib/mpl-data/fonts/ttf/STIXSizTwoSymBol.ttf', name='STIXSizeTwoSym', style='normal', variant='normal', weight=700, stretch='normal', size='scalable')) = 10.335
2026-07-01 15:24:18 - DEBUG - findfont: score(FontEntry(fname='/root/anaconda3/lib/python3.12/site-packages/matplotlib/mpl-data/fonts/ttf/DejaVuSans.ttf', name='DejaVu Sans', style='normal', variant='normal', weight=400, stretch='normal', size='scalable')) = 0.05
2026-07-01 15:24:18 - DEBUG - findfont: score(FontEntry(fname='/root/anaconda3/lib/python3.12/site-packages/matplotlib/mpl-data/fonts/ttf/STIXGeneralItalic.ttf', name='STIXGeneral', style='italic', variant='normal', weight=400, stretch='normal', size='scalable')) = 11.05
2026-07-01 15:24:18 - DEBUG - findfont: score(FontEntry(fname='/root/anaconda3/lib/python3.12/site-packages/matplotlib/mpl-data/fonts/ttf/DejaVuSerif-Bold.ttf', name='DejaVu Serif', style='normal', variant='normal', weight=700, stretch='normal', size='scalable')) = 10.335
2026-07-01 15:24:18 - DEBUG - findfont: score(FontEntry(fname='/root/anaconda3/lib/python3.12/site-packages/matplotlib/mpl-data/fonts/ttf/STIXNonUni.ttf', name='STIXNonUnicode', style='normal', variant='normal', weight=400, stretch='normal', size='scalable')) = 10.05
2026-07-01 15:24:18 - DEBUG - findfont: score(FontEntry(fname='/root/anaconda3/lib/python3.12/site-packages/matplotlib/mpl-data/fonts/ttf/DejaVuSansDisplay.ttf', name='DejaVu Sans Display', style='normal', variant='normal', weight=400, stretch='normal', size='scalable')) = 10.05
2026-07-01 15:24:18 - DEBUG - findfont: score(FontEntry(fname='/root/anaconda3/lib/python3.12/site-packages/matplotlib/mpl-data/fonts/ttf/STIXSizThreeSymReg.ttf', name='STIXSizeThreeSym', style='normal', variant='normal', weight=400, stretch='normal', size='scalable')) = 10.05
2026-07-01 15:24:18 - DEBUG - findfont: score(FontEntry(fname='/root/anaconda3/lib/python3.12/site-packages/matplotlib/mpl-data/fonts/ttf/STIXSizFiveSymReg.ttf', name='STIXSizeFiveSym', style='normal', variant='normal', weight=400, stretch='normal', size='scalable')) = 10.05
2026-07-01 15:24:18 - DEBUG - findfont: score(FontEntry(fname='/root/anaconda3/lib/python3.12/site-packages/matplotlib/mpl-data/fonts/ttf/STIXNonUniIta.ttf', name='STIXNonUnicode', style='italic', variant='normal', weight=400, stretch='normal', size='scalable')) = 11.05
2026-07-01 15:24:18 - DEBUG - findfont: score(FontEntry(fname='/root/anaconda3/lib/python3.12/site-packages/matplotlib/mpl-data/fonts/ttf/cmsy10.ttf', name='cmsy10', style='normal', variant='normal', weight=400, stretch='normal', size='scalable')) = 10.05
2026-07-01 15:24:18 - DEBUG - findfont: score(FontEntry(fname='/root/anaconda3/lib/python3.12/site-packages/matplotlib/mpl-data/fonts/ttf/cmr10.ttf', name='cmr10', style='normal', variant='normal', weight=400, stretch='normal', size='scalable')) = 10.05
2026-07-01 15:24:18 - DEBUG - findfont: score(FontEntry(fname='/root/anaconda3/lib/python3.12/site-packages/matplotlib/mpl-data/fonts/ttf/STIXGeneral.ttf', name='STIXGeneral', style='normal', variant='normal', weight=400, stretch='normal', size='scalable')) = 10.05
2026-07-01 15:24:18 - DEBUG - findfont: score(FontEntry(fname='/root/anaconda3/lib/python3.12/site-packages/matplotlib/mpl-data/fonts/ttf/STIXNonUniBol.ttf', name='STIXNonUnicode', style='normal', variant='normal', weight=700, stretch='normal', size='scalable')) = 10.335
2026-07-01 15:24:18 - DEBUG - findfont: scor[EMIB] Layout figure saved: /root/placement/MPDAP/output_gurobi_EMIB_chiplet_5_6_01_25/fig/multigpu_core/solution_1_layout_gurobi.png
  ✓ EMIB: 1 solution(s)
riant='normal', weight=700, stretch='normal', size='scalable')) = 10.335
2026-07-01 15:24:18 - DEBUG - findfont: score(FontEntry(fname='/root/anaconda3/lib/python3.12/site-packages/matplotlib/mpl-data/fonts/ttf/STIXSizOneSymReg.ttf', name='STIXSizeOneSym', style='normal', variant='normal', weight=400, stretch='normal', size='scalable')) = 10.05
2026-07-01 15:24:18 - DEBUG - findfont: score(FontEntry(fname='/root/anaconda3/lib/python3.12/site-packages/matplotlib/mpl-data/fonts/ttf/STIXGeneralBolIta.ttf', name='STIXGeneral', style='italic', variant='normal', weight=700, stretch='normal', size='scalable')) = 11.335
2026-07-01 15:24:18 - DEBUG - findfont: score(FontEntry(fname='/root/anaconda3/lib/python3.12/site-packages/matplotlib/mpl-data/fonts/ttf/DejaVuSerifDisplay.ttf', name='DejaVu Serif Display', style='normal', variant='normal', weight=400, stretch='normal', size='scalable')) = 10.05
2026-07-01 15:24:18 - DEBUG - findfont: score(FontEntry(fname='/root/anaconda3/lib/python3.12/site-packages/matplotlib/mpl-data/fonts/ttf/DejaVuSans-Bold.ttf', name='DejaVu Sans', style='normal', variant='normal', weight=700, stretch='normal', size='scalable')) = 0.33499999999999996
2026-07-01 15:24:18 - DEBUG - findfont: score(FontEntry(fname='/root/anaconda3/lib/python3.12/site-packages/matplotlib/mpl-data/fonts/ttf/cmmi10.ttf', name='cmmi10', style='normal', variant='normal', weight=400, stretch='normal', size='scalable')) = 10.05
2026-07-01 15:24:18 - DEBUG - findfont: score(FontEntry(fname='/root/anaconda3/lib/python3.12/site-packages/matplotlib/mpl-data/fonts/ttf/cmtt10.ttf', name='cmtt10', style='normal', variant='normal', weight=400, stretch='normal', size='scalable')) = 10.05
2026-07-01 15:24:18 - DEBUG - findfont: score(FontEntry(fname='/root/anaconda3/lib/python3.12/site-packages/matplotlib/mpl-data/fonts/ttf/DejaVuSerif-BoldItalic.ttf', name='DejaVu Serif', style='italic', variant='normal', weight=700, stretch='normal', size='scalable')) = 11.335
2026-07-01 15:24:18 - DEBUG - findfont: score(FontEntry(fname='/root/anaconda3/lib/python3.12/site-packages/matplotlib/mpl-data/fonts/ttf/DejaVuSansMono.ttf', name='DejaVu Sans Mono', style='normal', variant='normal', weight=400, stretch='normal', size='scalable')) = 10.05
2026-07-01 15:24:18 - DEBUG - findfont: score(FontEntry(fname='/root/anaconda3/lib/python3.12/site-packages/matplotlib/mpl-data/fonts/ttf/DejaVuSansMono-BoldOblique.ttf', name='DejaVu Sans Mono', style='oblique', variant='normal', weight=700, stretch='normal', size='scalable')) = 11.335
2026-07-01 15:24:18 - DEBUG - findfont: score(FontEntry(fname='/root/anaconda3/lib/python3.12/site-packages/matplotlib/mpl-data/fonts/ttf/STIXGeneralBol.ttf', name='STIXGeneral', style='normal', variant='normal', weight=700, stretch='normal', size='scalable')) = 10.335
2026-07-01 15:24:18 - DEBUG - findfont: score(FontEntry(fname='/root/anaconda3/lib/python3.12/site-packages/matplotlib/mpl-data/fonts/ttf/DejaVuSerif.ttf', name='DejaVu Serif', style='normal', variant='normal', weight=400, stretch='normal', size='scalable')) = 10.05
2026-07-01 15:24:18 - DEBUG - findfont: score(FontEntry(fname='/root/anaconda3/lib/python3.12/site-packages/matplotlib/mpl-data/fonts/ttf/DejaVuSans-Oblique.ttf', name='DejaVu Sans', style='oblique', variant='normal', weight=400, stretch='normal', size='scalable')) = 1.05
2026-07-01 15:24:18 - DEBUG - findfont: score(FontEntry(fname='/root/anaconda3/lib/python3.12/site-packages/matplotlib/mpl-data/fonts/ttf/DejaVuSans-BoldOblique.ttf', name='DejaVu Sans', style='oblique', variant='normal', weight=700, stretch='normal', size='scalable')) = 1.335
2026-07-01 15:24:18 - DEBUG - findfont: score(FontEntry(fname='/root/anaconda3/lib/python3.12/site-packages/matplotlib/mpl-data/fonts/ttf/DejaVuSansMono-Oblique.ttf', name='DejaVu Sans Mono', style='oblique', variant='normal', weight=400, stretch='normal', size='scalable')) = 11.05
2026-07-01 15:24:18 - DEBUG - findfont: score(FontEntry(fname='/root/anaconda3/lib/python3.12/site-packages/matplotlib/mpl-data/fonts/ttf/STIXNonUniBolIta.ttf', name='STIXNonUnicode', style='italic', variant='normal', weight=700, stretch='normal', size='scalable')) = 11.335
2026-07-01 15:24:18 - DEBUG - findfont: score(FontEntry(fname='/root/anaconda3/lib/python3.12/site-packages/matplotlib/mpl-data/fonts/ttf/STIXSizFourSymReg.ttf', name='STIXSizeFourSym', style='normal', variant='normal', weight=400, stretch='normal', size='scalable')) = 10.05
2026-07-01 15:24:18 - DEBUG - findfont: score(FontEntry(fname='/usr/share/fonts/truetype/dejavu/DejaVuSans-Bold.ttf', name='DejaVu Sans', style='normal', variant='normal', weight=700, stretch='normal', size='scalable')) = 0.33499999999999996
2026-07-01 15:24:18 - DEBUG - findfont: score(FontEntry(fname='/usr/share/fonts/truetype/dejavu/DejaVuSansMono-Bold.ttf', name='DejaVu Sans Mono', style='normal', variant='normal', weight=700, stretch='normal', size='scalable')) = 10.335
2026-07-01 15:24:18 - DEBUG - findfont: score(FontEntry(fname='/usr/share/fonts/truetype/dejavu/DejaVuSerif.ttf', name='DejaVu Serif', style='normal', variant='normal', weight=400, stretch='normal', size='scalable')) = 10.05
2026-07-01 15:24:18 - DEBUG - findfont: score(FontEntry(fname='/usr/share/fonts/truetype/dejavu/DejaVuSans.ttf', name='DejaVu Sans', style='normal', variant='normal', weight=400, stretch='normal', size='scalable')) = 0.05
2026-07-01 15:24:18 - DEBUG - findfont: score(FontEntry(fname='/usr/share/fonts/truetype/dejavu/DejaVuSansMono.ttf', name='DejaVu Sans Mono', style='normal', variant='normal', weight=400, stretch='normal', size='scalable')) = 10.05
2026-07-01 15:24:18 - DEBUG - findfont: score(FontEntry(fname='/usr/share/fonts/truetype/dejavu/DejaVuSerif-Bold.ttf', name='DejaVu Serif', style='normal', variant='normal', weight=700, stretch='normal', size='scalable')) = 10.335
2026-07-01 15:24:18 - DEBUG - findfont: Matching sans\-serif:style=normal:variant=normal:weight=normal:stretch=normal:size=10.0 to DejaVu Sans ('/root/anaconda3/lib/python3.12/site-packages/matplotlib/mpl-data/fonts/ttf/DejaVuSans.ttf') with score of 0.050000.
2026-07-01 15:24:19 - DEBUG - findfont: Matching sans\-serif:style=normal:variant=normal:weight=normal:stretch=normal:size=12.0.
2026-07-01 15:24:19 - DEBUG - findfont: score(FontEntry(fname='/root/anaconda3/lib/python3.12/site-packages/matplotlib/mpl-data/fonts/ttf/STIXSizTwoSymReg.ttf', name='STIXSizeTwoSym', style='normal', variant='normal', weight=400, stretch='normal', size='scalable')) = 10.05
2026-07-01 15:24:19 - DEBUG - findfont: score(FontEntry(fname='/root/anaconda3/lib/python3.12/site-packages/matplotlib/mpl-data/fonts/ttf/cmex10.ttf', name='cmex10', style='normal', variant='normal', weight=400, stretch='normal', size='scalable')) = 10.05
2026-07-01 15:24:19 - DEBUG - findfont: score(FontEntry(fname='/root/anaconda3/lib/python3.12/site-packages/matplotlib/mpl-data/fonts/ttf/STIXSizThreeSymBol.ttf', name='STIXSizeThreeSym', style='normal', variant='normal', weight=700, stretch='normal', size='scalable')) = 10.335
2026-07-01 15:24:19 - DEBUG - findfont: score(FontEntry(fname='/root/anaconda3/lib/python3.12/site-packages/matplotlib/mpl-data/fonts/ttf/STIXSizOneSymBol.ttf', name='STIXSizeOneSym', style='normal', variant='normal', weight=700, stretch='normal', size='scalable')) = 10.335
2026-07-01 15:24:19 - DEBUG - findfont: score(FontEntry(fname='/root/anaconda3/lib/python3.12/site-packages/matplotlib/mpl-data/fonts/ttf/DejaVuSansMono-Bold.ttf', name='DejaVu Sans Mono', style='normal', variant='normal', weight=700, stretch='normal', size='scalable')) = 10.335
2026-07-01 15:24:19 - DEBUG - findfont: score(FontEntry(fname='/root/anaconda3/lib/python3.12/site-packages/matplotlib/mpl-data/fonts/ttf/cmss10.ttf', name='cmss10', style='normal', variant='normal', weight=400, stretch='normal', size='scalable')) = 10.05
2026-07-01 15:24:19 - DEBUG - findfont: score(FontEntry(fname='/root/anaconda3/lib/python3.12/site-packages/matplotlib/mpl-data/fonts/ttf/DejaVuSerif-Italic.ttf', name='DejaVu Serif', style='italic', variant='normal', weight=400, stretch='normal', size='scalable')) = 11.05
2026-07-01 15:24:19 - DEBUG - findfont: score(FontEntry(fname='/root/anaconda3/lib/python3.12/site-packages/matplotlib/mpl-data/fonts/ttf/cmb10.ttf', name='cmb10', style='normal', variant='normal', weight=400, stretch='normal', size='scalable')) = 10.05
2026-07-01 15:24:19 - DEBUG - findfont: score(FontEntry(fname='/root/anaconda3/lib/python3.12/site-packages/matplotlib/mpl-data/fonts/ttf/STIXSizTwoSymBol.ttf', name='STIXSizeTwoSym', style='normal', variant='normal', weight=700, stretch='normal', size='scalable')) = 10.335
2026-07-01 15:24:19 - DEBUG - findfont: score(FontEntry(fname='/root/anaconda3/lib/python3.12/site-packages/matplotlib/mpl-data/fonts/ttf/DejaVuSans.ttf', name='DejaVu Sans', style='normal', variant='normal', weight=400, stretch='normal', size='scalable')) = 0.05
2026-07-01 15:24:19 - DEBUG - findfont: score(FontEntry(fname='/root/anaconda3/lib/python3.12/site-packages/matplotlib/mpl-data/fonts/ttf/STIXGeneralItalic.ttf', name='STIXGeneral', style='italic', variant='normal', weight=400, stretch='normal', size='scalable')) = 11.05
2026-07-01 15:24:19 - DEBUG - findfont: score(FontEntry(fname='/root/anaconda3/lib/python3.12/site-packages/matplotlib/mpl-data/fonts/ttf/DejaVuSerif-Bold.ttf', name='DejaVu Serif', style='normal', variant='normal', weight=700, stretch='normal', size='scalable')) = 10.335
2026-07-01 15:24:19 - DEBUG - findfont: score(FontEntry(fname='/root/anaconda3/lib/python3.12/site-packages/matplotlib/mpl-data/fonts/ttf/STIXNonUni.ttf', name='STIXNonUnicode', style='normal', variant='normal', weight=400, stretch='normal', size='scalable')) = 10.05
2026-07-01 15:24:19 - DEBUG - findfont: score(FontEntry(fname='/root/anaconda3/lib/python3.12/site-packages/matplotlib/mpl-data/fonts/ttf/DejaVuSansDisplay.ttf', name='DejaVu Sans Display', style='normal', variant='normal', weight=400, stretch='normal', size='scalable')) = 10.05
2026-07-01 15:24:19 - DEBUG - findfont: score(FontEntry(fname='/root/anaconda3/lib/python3.12/site-packages/matplotlib/mpl-data/fonts/ttf/STIXSizThreeSymReg.ttf', name='STIXSizeThreeSym', style='normal', variant='normal', weight=400, stretch='normal', size='scalable')) = 10.05
2026-07-01 15:24:19 - DEBUG - findfont: score(FontEntry(fname='/root/anaconda3/lib/python3.12/site-packages/matplotlib/mpl-data/fonts/ttf/STIXSizFiveSymReg.ttf', name='STIXSizeFiveSym', style='normal', variant='normal', weight=400, stretch='normal', size='scalable')) = 10.05
2026-07-01 15:24:19 - DEBUG - findfont: score(FontEntry(fname='/root/anaconda3/lib/python3.12/site-packages/matplotlib/mpl-data/fonts/ttf/STIXNonUniIta.ttf', name='STIXNonUnicode', style='italic', variant='normal', weight=400, stretch='normal', size='scalable')) = 11.05
2026-07-01 15:24:19 - DEBUG - findfont: score(FontEntry(fname='/root/anaconda3/lib/python3.12/site-packages/matplotlib/mpl-data/fonts/ttf/cmsy10.ttf', name='cmsy10', style='normal', variant='normal', weight=400, stretch='normal', size='scalable')) = 10.05
2026-07-01 15:24:19 - DEBUG - findfont: score(FontEntry(fname='/root/anaconda3/lib/python3.12/site-packages/matplotlib/mpl-data/fonts/ttf/cmr10.ttf', name='cmr10', style='normal', variant='normal', weight=400, stretch='normal', size='scalable')) = 10.05
2026-07-01 15:24:19 - DEBUG - findfont: score(FontEntry(fname='/root/anaconda3/lib/python3.12/site-packages/matplotlib/mpl-data/fonts/ttf/STIXGeneral.ttf', name='STIXGeneral', style='normal', variant='normal', weight=400, stretch='normal', size='scalable')) = 10.05
2026-07-01 15:24:19 - DEBUG - findfont: score(FontEntry(fname='/root/anaconda3/lib/python3.12/site-packages/matplotlib/mpl-data/fonts/ttf/STIXNonUniBol.ttf', name='STIXNonUnicode', style='normal', variant='normal', weight=700, stretch='normal', size='scalable')) = 10.335
2026-07-01 15:24:19 - DEBUG - findfont: score(FontEntry(fname='/root/anaconda3/lib/python3.12/site-packages/matplotlib/mpl-data/fonts/ttf/STIXSizFourSymBol.ttf', name='STIXSizeFourSym', style='normal', variant='normal', weight=700, stretch='normal', size='scalable')) = 10.335
2026-07-01 15:24:19 - DEBUG - findfont: score(FontEntry(fname='/root/anaconda3/lib/python3.12/site-packages/matplotlib/mpl-data/fonts/ttf/STIXSizOneSymReg.ttf', name='STIXSizeOneSym', style='normal', variant='normal', weight=400, stretch='normal', size='scalable')) = 10.05
2026-07-01 15:24:19 - DEBUG - findfont: score(FontEntry(fname='/root/anaconda3/lib/python3.12/site-packages/matplotlib/mpl-data/fonts/ttf/STIXGeneralBolIta.ttf', name='STIXGeneral', style='italic', variant='normal', weight=700, stretch='normal', size='scalable')) = 11.335
2026-07-01 15:24:19 - DEBUG - findfont: score(FontEntry(fname='/root/anaconda3/lib/python3.12/site-packages/matplotlib/mpl-data/fonts/ttf/DejaVuSerifDisplay.ttf', name='DejaVu Serif Display', style='normal', variant='normal', weight=400, stretch='normal', size='scalable')) = 10.05
2026-07-01 15:24:19 - DEBUG - findfont: score(FontEntry(fname='/root/anaconda3/lib/python3.12/site-packages/matplotlib/mpl-data/fonts/ttf/DejaVuSans-Bold.ttf', name='DejaVu Sans', style='normal', variant='normal', weight=700, stretch='normal', size='scalable')) = 0.33499999999999996
2026-07-01 15:24:19 - DEBUG - findfont: score(FontEntry(fname='/root/anaconda3/lib/python3.12/site-packages/matplotlib/mpl-data/fonts/ttf/cmmi10.ttf', name='cmmi10', style='normal', variant='normal', weight=400, stretch='normal', size='scalable')) = 10.05
2026-07-01 15:24:19 - DEBUG - findfont: score(FontEntry(fname='/root/anaconda3/lib/python3.12/site-packages/matplotlib/mpl-data/fonts/ttf/cmtt10.ttf', name='cmtt10', style='normal', variant='normal', weight=400, stretch='normal', size='scalable')) = 10.05
2026-07-01 15:24:19 - DEBUG - findfont: score(FontEntry(fname='/root/anaconda3/lib/python3.12/site-packages/matplotlib/mpl-data/fonts/ttf/DejaVuSerif-BoldItalic.ttf', name='DejaVu Serif', style='italic', variant='normal', weight=700, stretch='normal', size='scalable')) = 11.335
2026-07-01 15:24:19 - DEBUG - findfont: score(FontEntry(fname='/root/anaconda3/lib/python3.12/site-packages/matplotlib/mpl-data/fonts/ttf/DejaVuSansMono.ttf', name='DejaVu Sans Mono', style='normal', variant='normal', weight=400, stretch='normal', size='scalable')) = 10.05
2026-07-01 15:24:19 - DEBUG - findfont: score(FontEntry(fname='/root/anaconda3/lib/python3.12/site-packages/matplotlib/mpl-data/fonts/ttf/DejaVuSansMono-BoldOblique.ttf', name='DejaVu Sans Mono', style='oblique', variant='normal', weight=700, stretch='normal', size='scalable')) = 11.335
2026-07-01 15:24:19 - DEBUG - findfont: score(FontEntry(fname='/root/anaconda3/lib/python3.12/site-packages/matplotlib/mpl-data/fonts/ttf/STIXGeneralBol.ttf', name='STIXGeneral', style='normal', variant='normal', weight=700, stretch='normal', size='scalable')) = 10.335
2026-07-01 15:24:19 - DEBUG - findfont: score(FontEntry(fname='/root/anaconda3/lib/python3.12/site-packages/matplotlib/mpl-data/fonts/ttf/DejaVuSerif.ttf', name='DejaVu Serif', style='normal', variant='normal', weight=400, stretch='normal', size='scalable')) = 10.05
2026-07-01 15:24:19 - DEBUG - findfont: score(FontEntry(fname='/root/anaconda3/lib/python3.12/site-packages/matplotlib/mpl-data/fonts/ttf/DejaVuSans-Oblique.ttf', name='DejaVu Sans', style='oblique', variant='normal', weight=400, stretch='normal', size='scalable')) = 1.05
2026-07-01 15:24:19 - DEBUG - findfont: score(FontEntry(fname='/root/anaconda3/lib/python3.12/site-packages/matplotlib/mpl-data/fonts/ttf/DejaVuSans-BoldOblique.ttf', name='DejaVu Sans', style='oblique', variant='normal', weight=700, stretch='normal', size='scalable')) = 1.335
2026-07-01 15:24:19 - DEBUG - findfont: score(FontEntry(fname='/root/anaconda3/lib/python3.12/site-packages/matplotlib/mpl-data/fonts/ttf/DejaVuSansMono-Oblique.ttf', name='DejaVu Sans Mono', style='oblique', variant='normal', weight=400, stretch='normal', size='scalable')) = 11.05
2026-07-01 15:24:19 - DEBUG - findfont: score(FontEntry(fname='/root/anaconda3/lib/python3.12/site-packages/matplotlib/mpl-data/fonts/ttf/STIXNonUniBolIta.ttf', name='STIXNonUnicode', style='italic', variant='normal', weight=700, stretch='normal', size='scalable')) = 11.335
2026-07-01 15:24:19 - DEBUG - findfont: score(FontEntry(fname='/root/anaconda3/lib/python3.12/site-packages/matplotlib/mpl-data/fonts/ttf/STIXSizFourSymReg.ttf', name='STIXSizeFourSym', style='normal', variant='normal', weight=400, stretch='normal', size='scalable')) = 10.05
2026-07-01 15:24:19 - DEBUG - findfont: score(FontEntry(fname='/usr/share/fonts/truetype/dejavu/DejaVuSans-Bold.ttf', name='DejaVu Sans', style='normal', variant='normal', weight=700, stretch='normal', size='scalable')) = 0.33499999999999996
2026-07-01 15:24:19 - DEBUG - findfont: score(FontEntry(fname='/usr/share/fonts/truetype/dejavu/DejaVuSansMono-Bold.ttf', name='DejaVu Sans Mono', style='normal', variant='normal', weight=700, stretch='normal', size='scalable')) = 10.335
2026-07-01 15:24:19 - DEBUG - findfont: score(FontEntry(fname='/usr/share/fonts/truetype/dejavu/DejaVuSerif.ttf', name='DejaVu Serif', style='normal', variant='normal', weight=400, stretch='normal', size='scalable')) = 10.05
2026-07-01 15:24:19 - DEBUG - findfont: score(FontEntry(fname='/usr/share/fonts/truetype/dejavu/DejaVuSans.ttf', name='DejaVu Sans', style='normal', variant='normal', weight=400, stretch='normal', size='scalable')) = 0.05
2026-07-01 15:24:19 - DEBUG - findfont: score(FontEntry(fname='/usr/share/fonts/truetype/dejavu/DejaVuSansMono.ttf', name='DejaVu Sans Mono', style='normal', variant='normal', weight=400, stretch='normal', size='scalable')) = 10.05
2026-07-01 15:24:19 - DEBUG - findfont: score(FontEntry(fname='/usr/share/fonts/truetype/dejavu/DejaVuSerif-Bold.ttf', name='DejaVu Serif', style='normal', variant='normal', weight=700, stretch='normal', size='scalable')) = 10.335
2026-07-01 15:24:19 - DEBUG - findfont: Matching sans\-serif:style=normal:variant=normal:weight=normal:stretch=normal:size=12.0 to DejaVu Sans ('/root/anaconda3/lib/python3.12/site-packages/matplotlib/mpl-data/fonts/ttf/DejaVuSans.ttf') with score of 0.050000.
2026-07-01 15:24:19 - DEBUG - findfont: Matching sans\-serif:style=normal:variant=normal:weight=bold:stretch=normal:size=9.0.
2026-07-01 15:24:19 - DEBUG - findfont: score(FontEntry(fname='/root/anaconda3/lib/python3.12/site-packages/matplotlib/mpl-data/fonts/ttf/STIXSizTwoSymReg.ttf', name='STIXSizeTwoSym', style='normal', variant='normal', weight=400, stretch='normal', size='scalable')) = 10.335
2026-07-01 15:24:19 - DEBUG - findfont: score(FontEntry(fname='/root/anaconda3/lib/python3.12/site-packages/matplotlib/mpl-data/fonts/ttf/cmex10.ttf', name='cmex10', style='normal', variant='normal', weight=400, stretch='normal', size='scalable')) = 10.335
2026-07-01 15:24:19 - DEBUG - findfont: score(FontEntry(fname='/root/anaconda3/lib/python3.12/site-packages/matplotlib/mpl-data/fonts/ttf/STIXSizThreeSymBol.ttf', name='STIXSizeThreeSym', style='normal', variant='normal', weight=700, stretch='normal', size='scalable')) = 10.05
2026-07-01 15:24:19 - DEBUG - findfont: score(FontEntry(fname='/root/anaconda3/lib/python3.12/site-packages/matplotlib/mpl-data/fonts/ttf/STIXSizOneSymBol.ttf', name='STIXSizeOneSym', style='normal', variant='normal', weight=700, stretch='normal', size='scalable')) = 10.05
2026-07-01 15:24:19 - DEBUG - findfont: score(FontEntry(fname='/root/anaconda3/lib/python3.12/site-packages/matplotlib/mpl-data/fonts/ttf/DejaVuSansMono-Bold.ttf', name='DejaVu Sans Mono', style='normal', variant='normal', weight=700, stretch='normal', size='scalable')) = 10.05
2026-07-01 15:24:19 - DEBUG - findfont: score(FontEntry(fname='/root/anaconda3/lib/python3.12/site-packages/matplotlib/mpl-data/fonts/ttf/cmss10.ttf', name='cmss10', style='normal', variant='normal', weight=400, stretch='normal', size='scalable')) = 10.335
2026-07-01 15:24:19 - DEBUG - findfont: score(FontEntry(fname='/root/anaconda3/lib/python3.12/site-packages/matplotlib/mpl-data/fonts/ttf/DejaVuSerif-Italic.ttf', name='DejaVu Serif', style='italic', variant='normal', weight=400, stretch='normal', size='scalable')) = 11.335
2026-07-01 15:24:19 - DEBUG - findfont: score(FontEntry(fname='/root/anaconda3/lib/python3.12/site-packages/matplotlib/mpl-data/fonts/ttf/cmb10.ttf', name='cmb10', style='normal', variant='normal', weight=400, stretch='normal', size='scalable')) = 10.335
2026-07-01 15:24:19 - DEBUG - findfont: score(FontEntry(fname='/root/anaconda3/lib/python3.12/site-packages/matplotlib/mpl-data/fonts/ttf/STIXSizTwoSymBol.ttf', name='STIXSizeTwoSym', style='normal', variant='normal', weight=700, stretch='normal', size='scalable')) = 10.05
2026-07-01 15:24:19 - DEBUG - findfont: score(FontEntry(fname='/root/anaconda3/lib/python3.12/site-packages/matplotlib/mpl-data/fonts/ttf/DejaVuSans.ttf', name='DejaVu Sans', style='normal', variant='normal', weight=400, stretch='normal', size='scalable')) = 0.33499999999999996
2026-07-01 15:24:19 - DEBUG - findfont: score(FontEntry(fname='/root/anaconda3/lib/python3.12/site-packages/matplotlib/mpl-data/fonts/ttf/STIXGeneralItalic.ttf', name='STIXGeneral', style='italic', variant='normal', weight=400, stretch='normal', size='scalable')) = 11.335
2026-07-01 15:24:19 - DEBUG - findfont: score(FontEntry(fname='/root/anaconda3/lib/python3.12/site-packages/matplotlib/mpl-data/fonts/ttf/DejaVuSerif-Bold.ttf', name='DejaVu Serif', style='normal', variant='normal', weight=700, stretch='normal', size='scalable')) = 10.05
2026-07-01 15:24:19 - DEBUG - findfont: score(FontEntry(fname='/root/anaconda3/lib/python3.12/site-packages/matplotlib/mpl-data/fonts/ttf/STIXNonUni.ttf', name='STIXNonUnicode', style='normal', variant='normal', weight=400, stretch='normal', size='scalable')) = 10.335
2026-07-01 15:24:19 - DEBUG - findfont: score(FontEntry(fname='/root/anaconda3/lib/python3.12/site-packages/matplotlib/mpl-data/fonts/ttf/DejaVuSansDisplay.ttf', name='DejaVu Sans Display', style='normal', variant='normal', weight=400, stretch='normal', size='scalable')) = 10.335
2026-07-01 15:24:19 - DEBUG - findfont: score(FontEntry(fname='/root/anaconda3/lib/python3.12/site-packages/matplotlib/mpl-data/fonts/ttf/STIXSizThreeSymReg.ttf', name='STIXSizeThreeSym', style='normal', variant='normal', weight=400, stretch='normal', size='scalable')) = 10.335
2026-07-01 15:24:19 - DEBUG - findfont: score(FontEntry(fname='/root/anaconda3/lib/python3.12/site-packages/matplotlib/mpl-data/fonts/ttf/STIXSizFiveSymReg.ttf', name='STIXSizeFiveSym', style='normal', variant='normal', weight=400, stretch='normal', size='scalable')) = 10.335
2026-07-01 15:24:19 - DEBUG - findfont: score(FontEntry(fname='/root/anaconda3/lib/python3.12/site-packages/matplotlib/mpl-data/fonts/ttf/STIXNonUniIta.ttf', name='STIXNonUnicode', style='italic', variant='normal', weight=400, stretch='normal', size='scalable')) = 11.335
2026-07-01 15:24:19 - DEBUG - findfont: score(FontEntry(fname='/root/anaconda3/lib/python3.12/site-packages/matplotlib/mpl-data/fonts/ttf/cmsy10.ttf', name='cmsy10', style='normal', variant='normal', weight=400, stretch='normal', size='scalable')) = 10.335
2026-07-01 15:24:19 - DEBUG - findfont: score(FontEntry(fname='/root/anaconda3/lib/python3.12/site-packages/matplotlib/mpl-data/fonts/ttf/cmr10.ttf', name='cmr10', style='normal', variant='normal', weight=400, stretch='normal', size='scalable')) = 10.335
2026-07-01 15:24:19 - DEBUG - findfont: score(FontEntry(fname='/root/anaconda3/lib/python3.12/site-packages/matplotlib/mpl-data/fonts/ttf/STIXGeneral.ttf', name='STIXGeneral', style='normal', variant='normal', weight=400, stretch='normal', size='scalable')) = 10.335
2026-07-01 15:24:19 - DEBUG - findfont: score(FontEntry(fname='/root/anaconda3/lib/python3.12/site-packages/matplotlib/mpl-data/fonts/ttf/STIXNonUniBol.ttf', name='STIXNonUnicode', style='normal', variant='normal', weight=700, stretch='normal', size='scalable')) = 10.05
2026-07-01 15:24:19 - DEBUG - findfont: score(FontEntry(fname='/root/anaconda3/lib/python3.12/site-packages/matplotlib/mpl-data/fonts/ttf/STIXSizFourSymBol.ttf', name='STIXSizeFourSym', style='normal', variant='normal', weight=700, stretch='normal', size='scalable')) = 10.05
2026-07-01 15:24:19 - DEBUG - findfont: score(FontEntry(fname='/root/anaconda3/lib/python3.12/site-packages/matplotlib/mpl-data/fonts/ttf/STIXSizOneSymReg.ttf', name='STIXSizeOneSym', style='normal', variant='normal', weight=400, stretch='normal', size='scalable')) = 10.335
2026-07-01 15:24:19 - DEBUG - findfont: score(FontEntry(fname='/root/anaconda3/lib/python3.12/site-packages/matplotlib/mpl-data/fonts/ttf/STIXGeneralBolIta.ttf', name='STIXGeneral', style='italic', variant='normal', weight=700, stretch='normal', size='scalable')) = 11.05
2026-07-01 15:24:19 - DEBUG - findfont: score(FontEntry(fname='/root/anaconda3/lib/python3.12/site-packages/matplotlib/mpl-data/fonts/ttf/DejaVuSerifDisplay.ttf', name='DejaVu Serif Display', style='normal', variant='normal', weight=400, stretch='normal', size='scalable')) = 10.335
2026-07-01 15:24:19 - DEBUG - findfont: score(FontEntry(fname='/root/anaconda3/lib/python3.12/site-packages/matplotlib/mpl-data/fonts/ttf/DejaVuSans-Bold.ttf', name='DejaVu Sans', style='normal', variant='normal', weight=700, stretch='normal', size='scalable')) = 0.05
2026-07-01 15:24:19 - DEBUG - findfont: score(FontEntry(fname='/root/anaconda3/lib/python3.12/site-packages/matplotlib/mpl-data/fonts/ttf/cmmi10.ttf', name='cmmi10', style='normal', variant='normal', weight=400, stretch='normal', size='scalable')) = 10.335
2026-07-01 15:24:19 - DEBUG - findfont: score(FontEntry(fname='/root/anaconda3/lib/python3.12/site-packages/matplotlib/mpl-data/fonts/ttf/cmtt10.ttf', name='cmtt10', style='normal', variant='normal', weight=400, stretch='normal', size='scalable')) = 10.335
2026-07-01 15:24:19 - DEBUG - findfont: score(FontEntry(fname='/root/anaconda3/lib/python3.12/site-packages/matplotlib/mpl-data/fonts/ttf/DejaVuSerif-BoldItalic.ttf', name='DejaVu Serif', style='italic', variant='normal', weight=700, stretch='normal', size='scalable')) = 11.05
2026-07-01 15:24:19 - DEBUG - findfont: score(FontEntry(fname='/root/anaconda3/lib/python3.12/site-packages/matplotlib/mpl-data/fonts/ttf/DejaVuSansMono.ttf', name='DejaVu Sans Mono', style='normal', variant='normal', weight=400, stretch='normal', size='scalable')) = 10.335
2026-07-01 15:24:19 - DEBUG - findfont: score(FontEntry(fname='/root/anaconda3/lib/python3.12/site-packages/matplotlib/mpl-data/fonts/ttf/DejaVuSansMono-BoldOblique.ttf', name='DejaVu Sans Mono', style='oblique', variant='normal', weight=700, stretch='normal', size='scalable')) = 11.05
2026-07-01 15:24:19 - DEBUG - findfont: score(FontEntry(fname='/root/anaconda3/lib/python3.12/site-packages/matplotlib/mpl-data/fonts/ttf/STIXGeneralBol.ttf', name='STIXGeneral', style='normal', variant='normal', weight=700, stretch='normal', size='scalable')) = 10.05
2026-07-01 15:24:19 - DEBUG - findfont: score(FontEntry(fname='/root/anaconda3/lib/python3.12/site-packages/matplotlib/mpl-data/fonts/ttf/DejaVuSerif.ttf', name='DejaVu Serif', style='normal', variant='normal', weight=400, stretch='normal', size='scalable')) = 10.335
2026-07-01 15:24:19 - DEBUG - findfont: score(FontEntry(fname='/root/anaconda3/lib/python3.12/site-packages/matplotlib/mpl-data/fonts/ttf/DejaVuSans-Oblique.ttf', name='DejaVu Sans', style='oblique', variant='normal', weight=400, stretch='normal', size='scalable')) = 1.335
2026-07-01 15:24:19 - DEBUG - findfont: score(FontEntry(fname='/root/anaconda3/lib/python3.12/site-packages/matplotlib/mpl-data/fonts/ttf/DejaVuSans-BoldOblique.ttf', name='DejaVu Sans', style='oblique', variant='normal', weight=700, stretch='normal', size='scalable')) = 1.05
2026-07-01 15:24:19 - DEBUG - findfont: score(FontEntry(fname='/root/anaconda3/lib/python3.12/site-packages/matplotlib/mpl-data/fonts/ttf/DejaVuSansMono-Oblique.ttf', name='DejaVu Sans Mono', style='oblique', variant='normal', weight=400, stretch='normal', size='scalable')) = 11.335
2026-07-01 15:24:19 - DEBUG - findfont: score(FontEntry(fname='/root/anaconda3/lib/python3.12/site-packages/matplotlib/mpl-data/fonts/ttf/STIXNonUniBolIta.ttf', name='STIXNonUnicode', style='italic', variant='normal', weight=700, stretch='normal', size='scalable')) = 11.05
2026-07-01 15:24:19 - DEBUG - findfont: score(FontEntry(fname='/root/anaconda3/lib/python3.12/site-packages/matplotlib/mpl-data/fonts/ttf/STIXSizFourSymReg.ttf', name='STIXSizeFourSym', style='normal', variant='normal', weight=400, stretch='normal', size='scalable')) = 10.335
2026-07-01 15:24:19 - DEBUG - findfont: score(FontEntry(fname='/usr/share/fonts/truetype/dejavu/DejaVuSans-Bold.ttf', name='DejaVu Sans', style='normal', variant='normal', weight=700, stretch='normal', size='scalable')) = 0.05
2026-07-01 15:24:19 - DEBUG - findfont: score(FontEntry(fname='/usr/share/fonts/truetype/dejavu/DejaVuSansMono-Bold.ttf', name='DejaVu Sans Mono', style='normal', variant='normal', weight=700, stretch='normal', size='scalable')) = 10.05
2026-07-01 15:24:19 - DEBUG - findfont: score(FontEntry(fname='/usr/share/fonts/truetype/dejavu/DejaVuSerif.ttf', name='DejaVu Serif', style='normal', variant='normal', weight=400, stretch='normal', size='scalable')) = 10.335
2026-07-01 15:24:19 - DEBUG - findfont: score(FontEntry(fname='/usr/share/fonts/truetype/dejavu/DejaVuSans.ttf', name='DejaVu Sans', style='normal', variant='normal', weight=400, stretch='normal', size='scalable')) = 0.33499999999999996
2026-07-01 15:24:19 - DEBUG - findfont: score(FontEntry(fname='/usr/share/fonts/truetype/dejavu/DejaVuSansMono.ttf', name='DejaVu Sans Mono', style='normal', variant='normal', weight=400, stretch='normal', size='scalable')) = 10.335
2026-07-01 15:24:19 - DEBUG - findfont: score(FontEntry(fname='/usr/share/fonts/truetype/dejavu/DejaVuSerif-Bold.ttf', name='DejaVu Serif', style='normal', variant='normal', weight=700, stretch='normal', size='scalable')) = 10.05
2026-07-01 15:24:19 - DEBUG - findfont: Matching sans\-serif:style=normal:variant=normal:weight=bold:stretch=normal:size=9.0 to DejaVu Sans ('/root/anaconda3/lib/python3.12/site-packages/matplotlib/mpl-data/fonts/ttf/DejaVuSans-Bold.ttf') with score of 0.050000.
2026-07-01 15:24:19 - INFO - 
EMIB returned 1 solution(s) (max 1).
