
================================================================================
Batch test start (Gurobi)
================================================================================
Test input dir: /root/placement/MPDAP/benchmark/test_input
Output base dir: /root/placement/MPDAP/output_gurobi_EMIB_chiplet_5_6_01_04
Found 1 test file(s)
Files to process: hp8_m.json
================================================================================


[1/1] Processing: hp8_m.json
  Core name: hp8_m_core
  Log dir: /root/placement/MPDAP/output_gurobi_EMIB_chiplet_5_6_01_04/log/hp8_m_core
  LP dir: /root/placement/MPDAP/output_gurobi_EMIB_chiplet_5_6_01_04/lp/hp8_m_core
  Fig dir: /root/placement/MPDAP/output_gurobi_EMIB_chiplet_5_6_01_04/fig/hp8_m_core
  Placement file: /root/placement/MPDAP/output_gurobi_EMIB_chiplet_5_6_01_04/placement/hp8_m.json
2026-06-21 20:58:20 - INFO - Calling EMIB solver (Gurobi)...
node 0 w: 4.62, h: 10.36
node 1 w: 7.0, h: 3.78
node 2 w: 2.1, h: 9.8
node 3 w: 2.1, h: 9.8
node 4 w: 2.1, h: 9.8
node 5 w: 5.46, h: 33.04
node 6 w: 33.04, h: 5.46
node 7 w: 2.52, h: 20.16
  (A,C): node1=A, node2=C, wireCount=512, EMIBType=interfaceB, EMIB_length=1.7067, EMIB_max_width=3.0, width=2.0, height=1.7067, bump_width=1.0000
  (A,F): node1=A, node2=F, wireCount=256, EMIBType=interfaceB, EMIB_length=0.8533, EMIB_max_width=3.0, width=2.0, height=0.8533, bump_width=1.0000
  (A,H): node1=A, node2=H, wireCount=512, EMIBType=interfaceB, EMIB_length=1.7067, EMIB_max_width=3.0, width=2.0, height=1.7067, bump_width=1.0000
  (B,E): node1=B, node2=E, wireCount=128, EMIBType=interfaceC, EMIB_length=3.2, EMIB_max_width=99.0, width=1.0, height=3.2, bump_width=0.5000
  (B,F): node1=B, node2=F, wireCount=128, EMIBType=interfaceC, EMIB_length=3.2, EMIB_max_width=99.0, width=1.0, height=3.2, bump_width=0.5000
  (C,D): node1=C, node2=D, wireCount=256, EMIBType=interfaceB, EMIB_length=0.8533, EMIB_max_width=3.0, width=2.0, height=0.8533, bump_width=1.0000
  (C,G): node1=C, node2=G, wireCount=128, EMIBType=interfaceC, EMIB_length=3.2, EMIB_max_width=99.0, width=1.0, height=3.2, bump_width=0.5000
  (C,H): node1=C, node2=H, wireCount=128, EMIBType=interfaceC, EMIB_length=3.2, EMIB_max_width=99.0, width=1.0, height=3.2, bump_width=0.5000
  (D,G): node1=D, node2=G, wireCount=128, EMIBType=interfaceC, EMIB_length=3.2, EMIB_max_width=99.0, width=1.0, height=3.2, bump_width=0.5000
  (E,G): node1=E, node2=G, wireCount=256, EMIBType=interfaceB, EMIB_length=0.8533, EMIB_max_width=3.0, width=2.0, height=0.8533, bump_width=1.0000
  (F,H): node1=F, node2=H, wireCount=512, EMIBType=interfaceB, EMIB_length=1.7067, EMIB_max_width=3.0, width=2.0, height=1.7067, bump_width=1.0000
  (G,H): node1=G, node2=H, wireCount=256, EMIBType=interfaceB, EMIB_length=0.8533, EMIB_max_width=3.0, width=2.0, height=0.8533, bump_width=1.0000
  (0,2): [A, C, 512, interfaceB, 1.7067, 3.0]
  (0,5): [A, F, 256, interfaceB, 0.8533, 3.0]
  (0,7): [A, H, 512, interfaceB, 1.7067, 3.0]
  (1,4): [B, E, 128, interfaceC, 3.2, 99.0]
  (1,5): [B, F, 128, interfaceC, 3.2, 99.0]
  (2,3): [C, D, 256, interfaceB, 0.8533, 3.0]
  (2,6): [C, G, 128, interfaceC, 3.2, 99.0]
  (2,7): [C, H, 128, interfaceC, 3.2, 99.0]
  (3,6): [D, G, 128, interfaceC, 3.2, 99.0]
  (4,6): [E, G, 256, interfaceB, 0.8533, 3.0]
  (5,7): [F, H, 512, interfaceB, 1.7067, 3.0]
  (6,7): [G, H, 256, interfaceB, 0.8533, 3.0]
Set parameter WLSAccessID
2026-06-21 20:58:20 - INFO - Set parameter WLSAccessID
Set parameter WLSSecret
2026-06-21 20:58:20 - INFO - Set parameter WLSSecret
Set parameter LicenseID to value 2756663
2026-06-21 20:58:20 - INFO - Set parameter LicenseID to value 2756663
Academic license 2756663 - for non-commercial use only - registered to hu___@sjtu.edu.cn
2026-06-21 20:58:20 - INFO - Academic license 2756663 - for non-commercial use only - registered to hu___@sjtu.edu.cn
EMIB_w_var: {(0, 2): <gurobi.Var *Awaiting Model Update*>, (0, 5): <gurobi.Var *Awaiting Model Update*>, (0, 7): <gurobi.Var *Awaiting Model Update*>, (2, 3): <gurobi.Var *Awaiting Model Update*>, (4, 6): <gurobi.Var *Awaiting Model Update*>, (5, 7): <gurobi.Var *Awaiting Model Update*>, (6, 7): <gurobi.Var *Awaiting Model Update*>}
EMIB_h_var: {(0, 2): <gurobi.Var *Awaiting Model Update*>, (0, 5): <gurobi.Var *Awaiting Model Update*>, (0, 7): <gurobi.Var *Awaiting Model Update*>, (2, 3): <gurobi.Var *Awaiting Model Update*>, (4, 6): <gurobi.Var *Awaiting Model Update*>, (5, 7): <gurobi.Var *Awaiting Model Update*>, (6, 7): <gurobi.Var *Awaiting Model Update*>}
EMIB_connected_pairs: {(0, 2): EMIBNode(node1='A', node2='C', wireCount=512, EMIBType='interfaceB', EMIB_length=1.7067, EMIB_bump_width=1.0, EMIB_max_width=3.0, width=2.0, height=1.7067), (0, 5): EMIBNode(node1='A', node2='F', wireCount=256, EMIBType='interfaceB', EMIB_length=0.8533, EMIB_bump_width=1.0, EMIB_max_width=3.0, width=2.0, height=0.8533), (0, 7): EMIBNode(node1='A', node2='H', wireCount=512, EMIBType='interfaceB', EMIB_length=1.7067, EMIB_bump_width=1.0, EMIB_max_width=3.0, width=2.0, height=1.7067), (2, 3): EMIBNode(node1='C', node2='D', wireCount=256, EMIBType='interfaceB', EMIB_length=0.8533, EMIB_bump_width=1.0, EMIB_max_width=3.0, width=2.0, height=0.8533), (4, 6): EMIBNode(node1='E', node2='G', wireCount=256, EMIBType='interfaceB', EMIB_length=0.8533, EMIB_bump_width=1.0, EMIB_max_width=3.0, width=2.0, height=0.8533), (5, 7): EMIBNode(node1='F', node2='H', wireCount=512, EMIBType='interfaceB', EMIB_length=1.7067, EMIB_bump_width=1.0, EMIB_max_width=3.0, width=2.0, height=1.7067), (6, 7): EMIBNode(node1='G', node2='H', wireCount=256, EMIBType='interfaceB', EMIB_length=0.8533, EMIB_bump_width=1.0, EMIB_max_width=3.0, width=2.0, height=0.8533)}
[POWER_AWARE] Mutual Distancing: ENABLED
[POWER_AWARE] Central Avoidance: ENABLED
[POWER_AWARE] Power Aware Optimization: ENABLED
[POWER_AWARE] Selected high-power chiplets: 2 (density threshold: 2.332361516034985)
[POWER_AWARE] High-power chiplet indices: [2, 3]
[POWER_AWARE] Mutual Distancing: Creating constraints for 2 high-power chiplets
[POWER_AWARE] Mutual Distancing: Added distance constraints for all high-power pairs
[POWER_AWARE] Central Avoidance: Creating away-from-center constraints for 2 high-power chiplets
[DEBUG] chiplet 2 in top 30% power density, add away-from-center constraint
[DEBUG] chiplet 3 in top 30% power density, add away-from-center constraint
[POWER_AWARE] Central Avoidance: Added away-from-center constraints for 2 high-power chiplets
[DEBUG] L_avg: 23.402205024313414
[DEBUG] total_area: 547.6632
[POWER_AWARE] Normalization factor calculation:
[POWER_AWARE]   - High-power chiplets: 2
[POWER_AWARE]   - Mutual Distancing enabled: True
[POWER_AWARE]   - Central Avoidance enabled: True
[POWER_AWARE]   - pair_sum (MD): 2.496000e+03
[POWER_AWARE]   - self_sum (CA): 5.008000e+03
[POWER_AWARE]   - total_sum (pair + self): 7.504000e+03
[POWER_AWARE]   - ref_power: 8.780507e+04
[DEBUG] ref_wirelength: 37443.52803890146
[DEBUG] ref_t: 46.80441004862683
[DEBUG] ref_power: 87805.07325122393
[DEBUG] ref_aspect: 104.86

================================================================================
[OBJECTIVE FUNCTION DETAILS]
================================================================================

[Normalization Reference Values]
  ref_wirelength: 3.744353e+04
  ref_t (area proxy): 4.680441e+01
  ref_power: 8.780507e+04
  ref_aspect: 1.048600e+02

[Beta Weights]
  beta_wire: 5.000000e+00
  beta_area: 6.000000e+00
  beta_aspect: 1.000000e-01
  beta_power: 4.000000e-01

[Objective Function Components]
  1. Wirelength term:
     norm_wirelength = wirelength / ref_wirelength
     contribution = beta_wire * norm_wirelength = 5.0 * norm_wirelength
  2. Area term:
     norm_t = t / ref_t
     contribution = beta_area * norm_t = 6.0 * norm_t
  3. Aspect Ratio term:
     norm_aspect = aspect_ratio_penalty / ref_aspect
     contribution = beta_aspect * norm_aspect = 0.1 * norm_aspect
  4. Power Awareness term:
     norm_power = power_aware_penalty / ref_power
     contribution = - beta_power * norm_power = - 0.4 * norm_power

[Objective Function Formula]
  minimize: 5.0 * wirelength/ref_wirelength
          + 6.0 * t/ref_t
          + 0.1 * aspect_ratio_penalty/ref_aspect
          - 0.4 * power_aware_penalty/ref_power
================================================================================


[EMIB] ILP Model construction completed. Analyzing model structure...
================================================================================
ILP MODEL ANALYSIS REPORT - Chiplet Placement ILP (Construction Complete)
Generated: 2026-06-21 20:58:20
================================================================================

[MODEL STRUCTURE]
  Constraints (rows):                      0
  Variables (columns):                     0
  Non-zero elements:                       0
  Objective coefficients:                  0

[VARIABLE TYPES]
  Continuous:                              0
  Integer:                                 0
  Binary:                                  0

[CONSTRAINT TYPES]

[COEFFICIENT STATISTICS]

[SOLVE STATISTICS]
  Status:                    Unknown(1)
  Solve time (s):                       0.00
  Solutions found:                         0
  Nodes explored:            (not available)
  Simplex iterations:        (not available)

[MEMORY USAGE]
  Initial memory:                     96.44 MB
  Peak memory:                         0.00 MB
  Final memory:                        0.00 MB
  Peak increase:                     -96.44 MB
  Final increase:                    -96.44 MB

================================================================================
Set parameter TimeLimit to value 300
2026-06-21 20:58:20 - INFO - Set parameter TimeLimit to value 300
Set parameter MIPGap to value 0
2026-06-21 20:58:20 - INFO - Set parameter MIPGap to value 0
Set parameter MIPFocus to value 3
2026-06-21 20:58:20 - INFO - Set parameter MIPFocus to value 3
Set parameter Heuristics to value 0.5
2026-06-21 20:58:20 - INFO - Set parameter Heuristics to value 0.5
Set parameter LogToConsole to value 1
2026-06-21 20:58:20 - INFO - Set parameter LogToConsole to value 1
Gurobi Optimizer version 13.0.1 build v13.0.1rc0 (linux64 - "Ubuntu 20.04.6 LTS")
2026-06-21 20:58:20 - INFO - Gurobi Optimizer version 13.0.1 build v13.0.1rc0 (linux64 - "Ubuntu 20.04.6 LTS")

2026-06-21 20:58:20 - INFO - 
CPU model: AMD Ryzen 9 9950X3D 16-Core Processor, instruction set [SSE2|AVX|AVX2|AVX512]
2026-06-21 20:58:20 - INFO - CPU model: AMD Ryzen 9 9950X3D 16-Core Processor, instruction set [SSE2|AVX|AVX2|AVX512]
Thread count: 14 physical cores, 28 logical processors, using up to 28 threads
2026-06-21 20:58:20 - INFO - Thread count: 14 physical cores, 28 logical processors, using up to 28 threads

2026-06-21 20:58:20 - INFO - 
Non-default parameters:
2026-06-21 20:58:20 - INFO - Non-default parameters:
TimeLimit  300
2026-06-21 20:58:20 - INFO - TimeLimit  300
MIPGap  0
2026-06-21 20:58:20 - INFO - MIPGap  0
Heuristics  0.5
2026-06-21 20:58:20 - INFO - Heuristics  0.5
MIPFocus  3
2026-06-21 20:58:20 - INFO - MIPFocus  3

2026-06-21 20:58:20 - INFO - 
Academic license 2756663 - for non-commercial use only - registered to hu___@sjtu.edu.cn
2026-06-21 20:58:20 - INFO - Academic license 2756663 - for non-commercial use only - registered to hu___@sjtu.edu.cn
Optimize a model with 943 rows, 442 columns and 3161 nonzeros (Min)
2026-06-21 20:58:20 - INFO - Optimize a model with 943 rows, 442 columns and 3161 nonzeros (Min)
Model fingerprint: 0xb5d32d1c
2026-06-21 20:58:20 - INFO - Model fingerprint: 0xb5d32d1c
Model has 4 linear objective coefficients
2026-06-21 20:58:20 - INFO - Model has 4 linear objective coefficients
Variable types: 193 continuous, 249 integer (249 binary)
2026-06-21 20:58:20 - INFO - Variable types: 193 continuous, 249 integer (249 binary)
Coefficient statistics:
2026-06-21 20:58:20 - INFO - Coefficient statistics:
  Matrix range     [3e-01, 3e+03]
2026-06-21 20:58:20 - INFO -   Matrix range     [3e-01, 3e+03]
  Objective range  [5e-06, 1e-01]
2026-06-21 20:58:20 - INFO -   Objective range  [5e-06, 1e-01]
  Bounds range     [9e-01, 1e+07]
2026-06-21 20:58:20 - INFO -   Bounds range     [9e-01, 1e+07]
  RHS range        [9e-01, 2e+02]
2026-06-21 20:58:20 - INFO -   RHS range        [9e-01, 2e+02]

2026-06-21 20:58:20 - INFO - 
Presolve removed 90 rows and 74 columns
2026-06-21 20:58:20 - INFO - Presolve removed 90 rows and 74 columns
Presolve time: 0.01s
2026-06-21 20:58:20 - INFO - Presolve time: 0.01s
Presolved: 853 rows, 368 columns, 2950 nonzeros
2026-06-21 20:58:20 - INFO - Presolved: 853 rows, 368 columns, 2950 nonzeros
Variable types: 133 continuous, 235 integer (235 binary)
2026-06-21 20:58:20 - INFO - Variable types: 133 continuous, 235 integer (235 binary)
Root relaxation presolve removed 146 rows and 42 columns
2026-06-21 20:58:20 - INFO - Root relaxation presolve removed 146 rows and 42 columns
Root relaxation presolved: 707 rows, 334 columns, 2596 nonzeros
2026-06-21 20:58:20 - INFO - Root relaxation presolved: 707 rows, 334 columns, 2596 nonzeros

2026-06-21 20:58:20 - INFO - 

2026-06-21 20:58:20 - INFO - 
Root relaxation: objective -2.805124e+00, 184 iterations, 0.00 seconds (0.00 work units)
2026-06-21 20:58:20 - INFO - Root relaxation: objective -2.805124e+00, 184 iterations, 0.00 seconds (0.00 work units)

2026-06-21 20:58:20 - INFO - 
    Nodes    |    Current Node    |     Objective Bounds      |     Work
2026-06-21 20:58:20 - INFO -     Nodes    |    Current Node    |     Objective Bounds      |     Work
 Expl Unexpl |  Obj  Depth IntInf | Incumbent    BestBd   Gap | It/Node Time
2026-06-21 20:58:20 - INFO -  Expl Unexpl |  Obj  Depth IntInf | Incumbent    BestBd   Gap | It/Node Time

2026-06-21 20:58:20 - INFO - 
     0     0   -2.80512    0   97          -   -2.80512      -     -    0s
2026-06-21 20:58:20 - INFO -      0     0   -2.80512    0   97          -   -2.80512      -     -    0s
H    0     0                      26.6009611   -2.77882   110%     -    0s
2026-06-21 20:58:20 - INFO - H    0     0                      26.6009611   -2.77882   110%     -    0s
     0     0   -1.53557    0  104   26.60096   -1.53557   106%     -    0s
2026-06-21 20:58:20 - INFO -      0     0   -1.53557    0  104   26.60096   -1.53557   106%     -    0s
     0     0   -1.53557    0   97   26.60096   -1.53557   106%     -    0s
2026-06-21 20:58:20 - INFO -      0     0   -1.53557    0   97   26.60096   -1.53557   106%     -    0s
     0     0    0.59791    0   96   26.60096    0.59791  97.8%     -    0s
2026-06-21 20:58:20 - INFO -      0     0    0.59791    0   96   26.60096    0.59791  97.8%     -    0s
     0     0    0.59791    0   96   26.60096    0.59791  97.8%     -    0s
2026-06-21 20:58:20 - INFO -      0     0    0.59791    0   96   26.60096    0.59791  97.8%     -    0s
     0     0    1.52230    0  107   26.60096    1.52230  94.3%     -    0s
2026-06-21 20:58:20 - INFO -      0     0    1.52230    0  107   26.60096    1.52230  94.3%     -    0s
     0     0    1.52230    0  101   26.60096    1.52230  94.3%     -    0s
2026-06-21 20:58:20 - INFO -      0     0    1.52230    0  101   26.60096    1.52230  94.3%     -    0s
     0     0    1.82184    0  103   26.60096    1.82184  93.2%     -    0s
2026-06-21 20:58:20 - INFO -      0     0    1.82184    0  103   26.60096    1.82184  93.2%     -    0s
     0     0    1.82184    0  111   26.60096    1.82184  93.2%     -    0s
2026-06-21 20:58:20 - INFO -      0     0    1.82184    0  111   26.60096    1.82184  93.2%     -    0s
     0     0    1.82184    0  115   26.60096    1.82184  93.2%     -    0s
2026-06-21 20:58:20 - INFO -      0     0    1.82184    0  115   26.60096    1.82184  93.2%     -    0s
     0     0    4.10444    0  116   26.60096    4.10444  84.6%     -    0s
2026-06-21 20:58:20 - INFO -      0     0    4.10444    0  116   26.60096    4.10444  84.6%     -    0s
     0     0    4.10444    0  116   26.60096    4.10444  84.6%     -    0s
2026-06-21 20:58:20 - INFO -      0     0    4.10444    0  116   26.60096    4.10444  84.6%     -    0s
     0     0    4.10444    0  116   26.60096    4.10444  84.6%     -    0s
2026-06-21 20:58:20 - INFO -      0     0    4.10444    0  116   26.60096    4.10444  84.6%     -    0s
     0     0    4.18909    0  106   26.60096    4.18909  84.3%     -    0s
2026-06-21 20:58:20 - INFO -      0     0    4.18909    0  106   26.60096    4.18909  84.3%     -    0s
     0     0    4.18909    0  106   26.60096    4.18909  84.3%     -    0s
2026-06-21 20:58:20 - INFO -      0     0    4.18909    0  106   26.60096    4.18909  84.3%     -    0s
     0     0    4.48525    0  124   26.60096    4.48525  83.1%     -    0s
2026-06-21 20:58:20 - INFO -      0     0    4.48525    0  124   26.60096    4.48525  83.1%     -    0s
     0     0    4.48525    0  119   26.60096    4.48525  83.1%     -    0s
2026-06-21 20:58:21 - INFO -      0     0    4.48525    0  119   26.60096    4.48525  83.1%     -    0s
H    0     0                      25.8496545    4.48583  82.6%     -    0s
2026-06-21 20:58:21 - INFO - H    0     0                      25.8496545    4.48583  82.6%     -    0s
     0     0    4.53534    0  120   25.84965    4.53534  82.5%     -    0s
2026-06-21 20:58:21 - INFO -      0     0    4.53534    0  120   25.84965    4.53534  82.5%     -    0s
     0     0    4.53844    0  128   25.84965    4.53844  82.4%     -    0s
2026-06-21 20:58:21 - INFO -      0     0    4.53844    0  128   25.84965    4.53844  82.4%     -    0s
     0     0    4.54569    0  135   25.84965    4.54569  82.4%     -    0s
2026-06-21 20:58:21 - INFO -      0     0    4.54569    0  135   25.84965    4.54569  82.4%     -    0s
     0     0    4.54650    0  140   25.84965    4.54650  82.4%     -    0s
2026-06-21 20:58:21 - INFO -      0     0    4.54650    0  140   25.84965    4.54650  82.4%     -    0s
     0     0    4.62427    0  124   25.84965    4.62427  82.1%     -    0s
2026-06-21 20:58:21 - INFO -      0     0    4.62427    0  124   25.84965    4.62427  82.1%     -    0s
     0     0    4.62427    0  124   25.84965    4.62427  82.1%     -    0s
2026-06-21 20:58:21 - INFO -      0     0    4.62427    0  124   25.84965    4.62427  82.1%     -    0s
     0     0    4.62427    0  124   25.84965    4.62427  82.1%     -    0s
2026-06-21 20:58:21 - INFO -      0     0    4.62427    0  124   25.84965    4.62427  82.1%     -    0s
     0     0    4.63392    0  130   25.84965    4.63392  82.1%     -    0s
2026-06-21 20:58:21 - INFO -      0     0    4.63392    0  130   25.84965    4.63392  82.1%     -    0s
     0     0    4.63589    0  134   25.84965    4.63589  82.1%     -    0s
2026-06-21 20:58:21 - INFO -      0     0    4.63589    0  134   25.84965    4.63589  82.1%     -    0s
     0     0    4.70070    0  136   25.84965    4.70070  81.8%     -    0s
2026-06-21 20:58:21 - INFO -      0     0    4.70070    0  136   25.84965    4.70070  81.8%     -    0s
     0     0    4.70070    0  136   25.84965    4.70070  81.8%     -    0s
2026-06-21 20:58:21 - INFO -      0     0    4.70070    0  136   25.84965    4.70070  81.8%     -    0s
     0     0    4.70070    0  136   25.84965    4.70070  81.8%     -    0s
2026-06-21 20:58:21 - INFO -      0     0    4.70070    0  136   25.84965    4.70070  81.8%     -    0s
H    0     0                      21.3974541    4.70145  78.0%     -    0s
2026-06-21 20:58:21 - INFO - H    0     0                      21.3974541    4.70145  78.0%     -    0s
H    0     0                      21.1988404    4.70145  77.8%     -    0s
2026-06-21 20:58:21 - INFO - H    0     0                      21.1988404    4.70145  77.8%     -    0s
     0     0    4.70452    0  130   21.19884    4.70452  77.8%     -    0s
2026-06-21 20:58:21 - INFO -      0     0    4.70452    0  130   21.19884    4.70452  77.8%     -    0s
     0     0    4.71881    0  133   21.19884    4.71881  77.7%     -    1s
2026-06-21 20:58:21 - INFO -      0     0    4.71881    0  133   21.19884    4.71881  77.7%     -    1s
     0     0    4.71881    0  133   21.19884    4.71881  77.7%     -    1s
2026-06-21 20:58:21 - INFO -      0     0    4.71881    0  133   21.19884    4.71881  77.7%     -    1s
     0     0    4.71881    0  126   21.19884    4.71881  77.7%     -    1s
2026-06-21 20:58:21 - INFO -      0     0    4.71881    0  126   21.19884    4.71881  77.7%     -    1s
     0     0    4.72137    0  126   21.19884    4.72137  77.7%     -    1s
2026-06-21 20:58:21 - INFO -      0     0    4.72137    0  126   21.19884    4.72137  77.7%     -    1s
     0     0    4.72137    0  121   21.19884    4.72137  77.7%     -    1s
2026-06-21 20:58:21 - INFO -      0     0    4.72137    0  121   21.19884    4.72137  77.7%     -    1s
     0     2    4.72137    0  120   21.19884    4.72137  77.7%     -    1s
2026-06-21 20:58:21 - INFO -      0     2    4.72137    0  120   21.19884    4.72137  77.7%     -    1s
H   32    44                      15.6632905    5.01879  68.0%   245    1s
2026-06-21 20:58:21 - INFO - H   32    44                      15.6632905    5.01879  68.0%   245    1s
H   74    86                      15.5463989    5.07764  67.3%   299    1s
2026-06-21 20:58:22 - INFO - H   74    86                      15.5463989    5.07764  67.3%   299    1s
H   85   134                      15.3773311    5.13205  66.6%   309    1s
2026-06-21 20:58:22 - INFO - H   85   134                      15.3773311    5.13205  66.6%   309    1s
H   95   134                      15.1088316    5.13395  66.0%   293    1s
2026-06-21 20:58:22 - INFO - H   95   134                      15.1088316    5.13395  66.0%   293    1s
H  138   174                      15.0797010    5.17159  65.7%   246    2s
2026-06-21 20:58:22 - INFO - H  138   174                      15.0797010    5.17159  65.7%   246    2s
H  179   191                      15.0270564    5.18242  65.5%   230    2s
2026-06-21 20:58:22 - INFO - H  179   191                      15.0270564    5.18242  65.5%   230    2s
H  264   277                      14.8272462    5.25196  64.6%   267    2s
2026-06-21 20:58:23 - INFO - H  264   277                      14.8272462    5.25196  64.6%   267    2s
H  290   308                      14.8212638    5.26539  64.5%   278    2s
2026-06-21 20:58:23 - INFO - H  290   308                      14.8212638    5.26539  64.5%   278    2s
H  292   308                      14.8200674    5.26700  64.5%   279    2s
2026-06-21 20:58:23 - INFO - H  292   308                      14.8200674    5.26700  64.5%   279    2s
H  301   308                      13.1285136    5.27654  59.8%   277    2s
2026-06-21 20:58:23 - INFO - H  301   308                      13.1285136    5.27654  59.8%   277    2s
H  311   332                      13.0997983    5.28928  59.6%   283    2s
2026-06-21 20:58:23 - INFO - H  311   332                      13.0997983    5.28928  59.6%   283    2s
H  314   332                      12.6870780    5.29360  58.3%   285    2s
2026-06-21 20:58:23 - INFO - H  314   332                      12.6870780    5.29360  58.3%   285    2s
H  363   384                      12.5873729    5.35090  57.5%   277    2s
2026-06-21 20:58:23 - INFO - H  363   384                      12.5873729    5.35090  57.5%   277    2s
H  365   384                      12.5634435    5.35543  57.4%   280    2s
2026-06-21 20:58:23 - INFO - H  365   384                      12.5634435    5.35543  57.4%   280    2s
H  378   384                      12.5395141    5.38046  57.1%   285    2s
2026-06-21 20:58:23 - INFO - H  378   384                      12.5395141    5.38046  57.1%   285    2s
H  415   426                      12.4533684    5.41540  56.5%   284    3s
2026-06-21 20:58:23 - INFO - H  415   426                      12.4533684    5.41540  56.5%   284    3s
H  455   494                      11.9816426    5.44394  54.6%   290    3s
2026-06-21 20:58:24 - INFO - H  455   494                      11.9816426    5.44394  54.6%   290    3s
H  494   566                      11.9197672    5.45902  54.2%   283    3s
2026-06-21 20:58:24 - INFO - H  494   566                      11.9197672    5.45902  54.2%   283    3s
H  501   564                      11.6688499    5.46140  53.2%   281    3s
2026-06-21 20:58:24 - INFO - H  501   564                      11.6688499    5.46140  53.2%   281    3s
H  529   564                      11.4032339    5.46727  52.1%   276    3s
2026-06-21 20:58:24 - INFO - H  529   564                      11.4032339    5.46727  52.1%   276    3s
H  596   647                      11.4029149    5.48357  51.9%   263    3s
2026-06-21 20:58:24 - INFO - H  596   647                      11.4029149    5.48357  51.9%   263    3s
H 1406  1327                      11.3068458    5.61754  50.3%   184    4s
2026-06-21 20:58:25 - INFO - H 1406  1327                      11.3068458    5.61754  50.3%   184    4s
  1437  1368    5.75314   10  136   11.30685    5.64183  50.1%   189    5s
2026-06-21 20:58:25 - INFO -   1437  1368    5.75314   10  136   11.30685    5.64183  50.1%   189    5s
H 1453  1380                      11.1738837    5.64836  49.5%   191    5s
2026-06-21 20:58:25 - INFO - H 1453  1380                      11.1738837    5.64836  49.5%   191    5s
H 1466  1451                      10.9603603    5.65657  48.4%   192    5s
2026-06-21 20:58:25 - INFO - H 1466  1451                      10.9603603    5.65657  48.4%   192    5s
H 1561  1488                      10.8476411    5.66746  47.8%   188    5s
2026-06-21 20:58:25 - INFO - H 1561  1488                      10.8476411    5.66746  47.8%   188    5s
H 2094  1895                      10.8234844    5.72390  47.1%   174    6s
2026-06-21 20:58:27 - INFO - H 2094  1895                      10.8234844    5.72390  47.1%   174    6s
H 2096  1802                      10.7997824    5.72390  47.0%   174    7s
2026-06-21 20:58:27 - INFO - H 2096  1802                      10.7997824    5.72390  47.0%   174    7s
  2128  1823    6.20067   16  135   10.79978    5.72475  47.0%   171   10s
2026-06-21 20:58:30 - INFO -   2128  1823    6.20067   16  135   10.79978    5.72475  47.0%   171   10s
H 3037  1947                      10.7117980    8.97676  16.2%   170   13s
2026-06-21 20:58:34 - INFO - H 3037  1947                      10.7117980    8.97676  16.2%   170   13s
H 4033  2501                      10.5924817    9.17757  13.4%   142   14s
2026-06-21 20:58:34 - INFO - H 4033  2501                      10.5924817    9.17757  13.4%   142   14s
H 8503  4322                      10.4700910    9.64055  7.92%  96.5   14s
2026-06-21 20:58:35 - INFO - H 8503  4322                      10.4700910    9.64055  7.92%  96.5   14s
H 8513  3297                      10.0547917    9.64286  4.10%  96.5   14s
2026-06-21 20:58:35 - INFO - H 8513  3297                      10.0547917    9.64286  4.10%  96.5   14s
H 8532  3241                      10.0291087    9.64538  3.83%  96.4   15s
2026-06-21 20:58:35 - INFO - H 8532  3241                      10.0291087    9.64538  3.83%  96.4   15s
H 9525  3107                      10.0003101    9.72622  2.74%  91.1   15s
2026-06-21 20:58:35 - INFO - H 9525  3107                      10.0003101    9.72622  2.74%  91.1   15s
H 9534  3053                       9.9931976    9.72896  2.64%  91.1   15s
2026-06-21 20:58:35 - INFO - H 9534  3053                       9.9931976    9.72896  2.64%  91.1   15s

2026-06-21 20:58:39 - INFO - 
Cutting planes:
2026-06-21 20:58:39 - INFO - Cutting planes:
  Learned: 97
2026-06-21 20:58:39 - INFO -   Learned: 97
  Gomory: 155
2026-06-21 20:58:39 - INFO -   Gomory: 155
  Lift-and-project: 257
2026-06-21 20:58:39 - INFO -   Lift-and-project: 257
  Cover: 19
2026-06-21 20:58:39 - INFO -   Cover: 19
  Implied bound: 9
2026-06-21 20:58:39 - INFO -   Implied bound: 9
  MIR: 255
2026-06-21 20:58:39 - INFO -   MIR: 255
  Mixing: 12
2026-06-21 20:58:39 - INFO -   Mixing: 12
  StrongCG: 2
2026-06-21 20:58:39 - INFO -   StrongCG: 2
  Flow cover: 1249
2026-06-21 20:58:39 - INFO -   Flow cover: 1249
  Inf proof: 113
2026-06-21 20:58:39 - INFO -   Inf proof: 113
  Zero half: 9
2026-06-21 20:58:39 - INFO -   Zero half: 9
  RLT: 12
2026-06-21 20:58:39 - INFO -   RLT: 12
  Relax-and-lift: 46
2026-06-21 20:58:39 - INFO -   Relax-and-lift: 46
  BQP: 1
2026-06-21 20:58:39 - INFO -   BQP: 1
  PSD: 1
2026-06-21 20:58:39 - INFO -   PSD: 1

2026-06-21 20:58:39 - INFO - 
Explored 16838 nodes (1050806 simplex iterations) in 18.79 seconds (29.87 work units)
2026-06-21 20:58:39 - INFO - Explored 16838 nodes (1050806 simplex iterations) in 18.79 seconds (29.87 work units)
Thread count was 28 (of 28 available processors)
2026-06-21 20:58:39 - INFO - Thread count was 28 (of 28 available processors)

2026-06-21 20:58:39 - INFO - 
Solution count 10: 9.9932 10.0003 10.0291 ... 10.9604
2026-06-21 20:58:39 - INFO - Solution count 10: 9.9932 10.0003 10.0291 ... 10.9604

2026-06-21 20:58:39 - INFO - 
Optimal solution found (tolerance 0.00e+00)
2026-06-21 20:58:39 - INFO - Optimal solution found (tolerance 0.00e+00)
Best objective 9.993197646636e+00, best bound 9.993197646636e+00, gap 0.0000%
2026-06-21 20:58:39 - INFO - Best objective 9.993197646636e+00, best bound 9.993197646636e+00, gap 0.0000%
[EMIB] Solve done: MIPGap=0.0, status=Optimal, Obj=9.993198, time=18.79s, SolCount=10


================================================================================
ILP MODEL ANALYSIS REPORT - Chiplet Placement ILP (Gap=0.0)
Generated: 2026-06-21 20:58:39
================================================================================

[MODEL STRUCTURE]
  Constraints (rows):                    943
  Variables (columns):                   442
  Non-zero elements:                    3161
  Objective coefficients:                  4

[VARIABLE TYPES]
  Continuous:                            193
  Integer:                                 0
  Binary:                                249

[CONSTRAINT TYPES]
  <= constraints:                              502
  == constraints:                              141
  >= constraints:                              300

[COEFFICIENT STATISTICS]
  Matrix range:              [2.93e-01, 2.70e+03]
  Objective range:           [4.56e-06, 1.28e-01]
  Bounds range:              [-2.04e+02, 1.00e+07]

[SOLVE STATISTICS]
  Status:                    Optimal
  Objective value:                  9.993198
  Best bound:                       9.993198
  MIP gap:                           0.0000%
  Solve time (s):                      18.79
  Solutions found:                        10
  Nodes explored:                    16838.0
  Simplex iterations:              1050806.0

[MEMORY USAGE]
  Initial memory:                     97.13 MB
  Peak memory:                       446.09 MB
  Final memory:                      446.09 MB
  Peak increase:                     348.96 MB
  Final increase:                    348.96 MB

================================================================================

================================================================================
[OBJECTIVE FUNCTION BREAKDOWN - SOLUTION VALUES]
================================================================================

[Actual Variable Values]
  wirelength: 3.302656e+04
  bbox_area_proxy_t: 4.726400e+01
  aspect_ratio_penalty: 2.464000e+01
  power_aware_penalty: 1.096245e+05

[Normalized Values]
  norm_wirelength = 3.302656e+04 / 3.744353e+04 = 8.820365e-01
  norm_t = 4.726400e+01 / 4.680441e+01 = 1.009819e+00
  norm_aspect = 2.464000e+01 / 1.048600e+02 = 2.349800e-01
  norm_power = 1.096245e+05 / 8.780507e+04 = 1.248498e+00

[Weighted Contributions]
  1. Wirelength: 5.000000e+00 * 8.820365e-01 = 4.410183e+00
  2. Area: 6.000000e+00 * 1.009819e+00 = 6.058916e+00
  3. Aspect Ratio: 1.000000e-01 * 2.349800e-01 = 2.349800e-02
  4. Power Awareness: -4.000000e-01 * 1.248498e+00 = -4.993993e-01

[Total Objective Value]
  4.410183e+00 + 6.058916e+00 + 2.349800e-02 - 4.993993e-01
  = 9.993198e+00
================================================================================

[EMIB] Solve succeeded (Optimal)
[EMIB] placement JSON saved: /root/placement/MPDAP/output_gurobi_EMIB_chiplet_5_6_01_04/placement/hp8_m.json
[EMIB] Layout figure saved: /root/placement/MPDAP/output_gurobi_EMIB_chiplet_5_6_01_04/fig/hp8_m_core/solution_1_layout_gurobi.png
2026-06-21 20:58:40 - INFO - 
EMIB returned 1 solution(s) (max 1).
  ✓ EMIB: 1 solution(s)

================================================================================
Batch test done (Gurobi)
  Total time: 20.17 s
================================================================================
File summary:
  Success: 1/1
  Failed: 0/1
Solution count:
  Found: 1/1

Details:
  ✓ hp8_m.json -> hp8_m_core: 1 solution(s)
    Log dir: /root/placement/MPDAP/output_gurobi_EMIB_chiplet_5_6_01_04/log/hp8_m_core
    LP dir: /root/placement/MPDAP/output_gurobi_EMIB_chiplet_5_6_01_04/lp/hp8_m_core
    Fig dir: /root/placement/MPDAP/output_gurobi_EMIB_chiplet_5_6_01_04/fig/hp8_m_core
    Placement: /root/placement/MPDAP/output_gurobi_EMIB_chiplet_5_6_01_04/placement/hp8_m.json
================================================================================

