
================================================================================
Batch test start (Gurobi)
================================================================================
Test input dir: /root/placement/MPDAP/benchmark/test_input
Output base dir: /root/placement/MPDAP/output_gurobi_EMIB_chiplet_5_6_01_15
Found 1 test file(s)
Files to process: multigpu.json
================================================================================


[1/1] Processing: multigpu.json
  Core name: multigpu_core
  Log dir: /root/placement/MPDAP/output_gurobi_EMIB_chiplet_5_6_01_15/log/multigpu_core
  LP dir: /root/placement/MPDAP/output_gurobi_EMIB_chiplet_5_6_01_15/lp/multigpu_core
  Fig dir: /root/placement/MPDAP/output_gurobi_EMIB_chiplet_5_6_01_15/fig/multigpu_core
  Placement file: /root/placement/MPDAP/output_gurobi_EMIB_chiplet_5_6_01_15/placement/multigpu.json
2026-06-21 17:39:58 - INFO - Calling EMIB solver (Gurobi)...
node 0 w: 12.0, h: 12.0
node 1 w: 18.2, h: 18.2
node 2 w: 18.2, h: 18.2
node 3 w: 7.75, h: 11.87
node 4 w: 7.75, h: 11.87
node 5 w: 7.75, h: 11.87
  (A,B): node1=A, node2=B, wireCount=128, EMIBType=interfaceC, EMIB_length=3.2, EMIB_max_width=99.0, width=1.0, height=3.2, bump_width=0.5000
  (A,C): node1=A, node2=C, wireCount=128, EMIBType=interfaceC, EMIB_length=3.2, EMIB_max_width=99.0, width=1.0, height=3.2, bump_width=0.5000
  (A,D): node1=A, node2=D, wireCount=1024, EMIBType=interfaceB, EMIB_length=3.4133, EMIB_max_width=3.0, width=2.0, height=3.4133, bump_width=1.0000
  (B,C): node1=B, node2=C, wireCount=128, EMIBType=interfaceC, EMIB_length=3.2, EMIB_max_width=99.0, width=1.0, height=3.2, bump_width=0.5000
  (B,E): node1=B, node2=E, wireCount=1024, EMIBType=interfaceB, EMIB_length=3.4133, EMIB_max_width=3.0, width=2.0, height=3.4133, bump_width=1.0000
  (C,F): node1=C, node2=F, wireCount=1024, EMIBType=interfaceB, EMIB_length=3.4133, EMIB_max_width=3.0, width=2.0, height=3.4133, bump_width=1.0000
  (0,1): [A, B, 128, interfaceC, 3.2, 99.0]
  (0,2): [A, C, 128, interfaceC, 3.2, 99.0]
  (0,3): [A, D, 1024, interfaceB, 3.4133, 3.0]
  (1,2): [B, C, 128, interfaceC, 3.2, 99.0]
  (1,4): [B, E, 1024, interfaceB, 3.4133, 3.0]
  (2,5): [C, F, 1024, interfaceB, 3.4133, 3.0]
Set parameter WLSAccessID
2026-06-21 17:39:58 - INFO - Set parameter WLSAccessID
Set parameter WLSSecret
2026-06-21 17:39:58 - INFO - Set parameter WLSSecret
Set parameter LicenseID to value 2756663
2026-06-21 17:39:58 - INFO - Set parameter LicenseID to value 2756663
Academic license 2756663 - for non-commercial use only - registered to hu___@sjtu.edu.cn
2026-06-21 17:39:58 - INFO - Academic license 2756663 - for non-commercial use only - registered to hu___@sjtu.edu.cn
EMIB_w_var: {(0, 3): <gurobi.Var *Awaiting Model Update*>, (1, 4): <gurobi.Var *Awaiting Model Update*>, (2, 5): <gurobi.Var *Awaiting Model Update*>}
EMIB_h_var: {(0, 3): <gurobi.Var *Awaiting Model Update*>, (1, 4): <gurobi.Var *Awaiting Model Update*>, (2, 5): <gurobi.Var *Awaiting Model Update*>}
EMIB_connected_pairs: {(0, 3): EMIBNode(node1='A', node2='D', wireCount=1024, EMIBType='interfaceB', EMIB_length=3.4133, EMIB_bump_width=1.0, EMIB_max_width=3.0, width=2.0, height=3.4133), (1, 4): EMIBNode(node1='B', node2='E', wireCount=1024, EMIBType='interfaceB', EMIB_length=3.4133, EMIB_bump_width=1.0, EMIB_max_width=3.0, width=2.0, height=3.4133), (2, 5): EMIBNode(node1='C', node2='F', wireCount=1024, EMIBType='interfaceB', EMIB_length=3.4133, EMIB_bump_width=1.0, EMIB_max_width=3.0, width=2.0, height=3.4133)}
[POWER_AWARE] Mutual Distancing: ENABLED
[POWER_AWARE] Central Avoidance: ENABLED
[POWER_AWARE] Power Aware Optimization: ENABLED
[POWER_AWARE] Selected high-power chiplets: 2 (density threshold: 0.8905929235599567)
[POWER_AWARE] High-power chiplet indices: [1, 2]
[POWER_AWARE] Mutual Distancing: Creating constraints for 2 high-power chiplets
[POWER_AWARE] Mutual Distancing: Added distance constraints for all high-power pairs
[POWER_AWARE] Central Avoidance: Creating away-from-center constraints for 2 high-power chiplets
[DEBUG] chiplet 1 in top 30% power density, add away-from-center constraint
[DEBUG] chiplet 2 in top 30% power density, add away-from-center constraint
[POWER_AWARE] Central Avoidance: Added away-from-center constraints for 2 high-power chiplets
[DEBUG] L_avg: 32.90072187657894
[DEBUG] total_area: 1082.4575
[POWER_AWARE] Normalization factor calculation:
[POWER_AWARE]   - High-power chiplets: 2
[POWER_AWARE]   - Mutual Distancing enabled: True
[POWER_AWARE]   - Central Avoidance enabled: True
[POWER_AWARE]   - pair_sum (MD): 8.702500e+04
[POWER_AWARE]   - self_sum (CA): 1.740500e+05
[POWER_AWARE]   - total_sum (pair + self): 2.610750e+05
[POWER_AWARE]   - ref_power: 4.294778e+06
[DEBUG] ref_wirelength: 56852.44740272841
[DEBUG] ref_t: 65.80144375315788
[DEBUG] ref_power: 4294777.981963923
[DEBUG] ref_aspect: 12.36

================================================================================
[OBJECTIVE FUNCTION DETAILS]
================================================================================

[Normalization Reference Values]
  ref_wirelength: 5.685245e+04
  ref_t (area proxy): 6.580144e+01
  ref_power: 4.294778e+06
  ref_aspect: 1.236000e+01

[Beta Weights]
  beta_wire: 5.000000e+00
  beta_area: 6.000000e+00
  beta_aspect: 1.000000e-01
  beta_power: 1.500000e+00

[Objective Function Components]
  1. Wirelength term:
     norm_wirelength = wirelength / ref_wirelength
     contribution = beta_wire * norm_wirelength = 5.0 * norm_wirelength
  2. Area term:
     norm_t = t / ref_t
     contribution = beta_area * norm_t = 6.0 * norm_t
  3. Aspect Ratio term:
     norm_aspect = aspect_ratio_penalty / ref_aspect
     contribution = beta_aspect * norm_aspect = 0.1 * norm_aspect
  4. Power Awareness term:
     norm_power = power_aware_penalty / ref_power
     contribution = - beta_power * norm_power = - 1.5 * norm_power

[Objective Function Formula]
  minimize: 5.0 * wirelength/ref_wirelength
          + 6.0 * t/ref_t
          + 0.1 * aspect_ratio_penalty/ref_aspect
          - 1.5 * power_aware_penalty/ref_power
================================================================================


[EMIB] ILP Model construction completed. Analyzing model structure...
================================================================================
ILP MODEL ANALYSIS REPORT - Chiplet Placement ILP (Construction Complete)
Generated: 2026-06-21 17:39:58
================================================================================

[MODEL STRUCTURE]
  Constraints (rows):                      0
  Variables (columns):                     0
  Non-zero elements:                       0
  Objective coefficients:                  0

[VARIABLE TYPES]
  Continuous:                              0
  Integer:                                 0
  Binary:                                  0

[CONSTRAINT TYPES]

[COEFFICIENT STATISTICS]

[SOLVE STATISTICS]
  Status:                    Unknown(1)
  Solve time (s):                       0.00
  Solutions found:                         0
  Nodes explored:            (not available)
  Simplex iterations:        (not available)

[MEMORY USAGE]
  Initial memory:                     96.15 MB
  Peak memory:                         0.00 MB
  Final memory:                        0.00 MB
  Peak increase:                     -96.15 MB
  Final increase:                    -96.15 MB

================================================================================
Set parameter TimeLimit to value 300
2026-06-21 17:39:58 - INFO - Set parameter TimeLimit to value 300
Set parameter MIPGap to value 0
2026-06-21 17:39:58 - INFO - Set parameter MIPGap to value 0
Set parameter MIPFocus to value 3
2026-06-21 17:39:58 - INFO - Set parameter MIPFocus to value 3
Set parameter Heuristics to value 0.5
2026-06-21 17:39:58 - INFO - Set parameter Heuristics to value 0.5
Set parameter LogToConsole to value 1
2026-06-21 17:39:58 - INFO - Set parameter LogToConsole to value 1
Gurobi Optimizer version 13.0.1 build v13.0.1rc0 (linux64 - "Ubuntu 20.04.6 LTS")
2026-06-21 17:39:58 - INFO - Gurobi Optimizer version 13.0.1 build v13.0.1rc0 (linux64 - "Ubuntu 20.04.6 LTS")

2026-06-21 17:39:58 - INFO - 
CPU model: AMD Ryzen 9 9950X3D 16-Core Processor, instruction set [SSE2|AVX|AVX2|AVX512]
2026-06-21 17:39:58 - INFO - CPU model: AMD Ryzen 9 9950X3D 16-Core Processor, instruction set [SSE2|AVX|AVX2|AVX512]
Thread count: 14 physical cores, 28 logical processors, using up to 28 threads
2026-06-21 17:39:58 - INFO - Thread count: 14 physical cores, 28 logical processors, using up to 28 threads

2026-06-21 17:39:58 - INFO - 
Non-default parameters:
2026-06-21 17:39:58 - INFO - Non-default parameters:
TimeLimit  300
2026-06-21 17:39:58 - INFO - TimeLimit  300
MIPGap  0
2026-06-21 17:39:58 - INFO - MIPGap  0
Heuristics  0.5
2026-06-21 17:39:58 - INFO - Heuristics  0.5
MIPFocus  3
2026-06-21 17:39:58 - INFO - MIPFocus  3

2026-06-21 17:39:58 - INFO - 
Academic license 2756663 - for non-commercial use only - registered to hu___@sjtu.edu.cn
2026-06-21 17:39:58 - INFO - Academic license 2756663 - for non-commercial use only - registered to hu___@sjtu.edu.cn
Optimize a model with 465 rows, 228 columns and 1499 nonzeros (Min)
2026-06-21 17:39:58 - INFO - Optimize a model with 465 rows, 228 columns and 1499 nonzeros (Min)
Model fingerprint: 0x512cea2f
2026-06-21 17:39:58 - INFO - Model fingerprint: 0x512cea2f
Model has 4 linear objective coefficients
2026-06-21 17:39:58 - INFO - Model has 4 linear objective coefficients
Variable types: 117 continuous, 111 integer (111 binary)
2026-06-21 17:39:58 - INFO - Variable types: 117 continuous, 111 integer (111 binary)
Coefficient statistics:
2026-06-21 17:39:58 - INFO - Coefficient statistics:
  Matrix range     [5e-01, 9e+04]
2026-06-21 17:39:58 - INFO -   Matrix range     [5e-01, 9e+04]
  Objective range  [3e-07, 9e-02]
2026-06-21 17:39:58 - INFO -   Objective range  [3e-07, 9e-02]
  Bounds range     [1e+00, 7e+06]
2026-06-21 17:39:58 - INFO -   Bounds range     [1e+00, 7e+06]
  RHS range        [1e+00, 3e+02]
2026-06-21 17:39:58 - INFO -   RHS range        [1e+00, 3e+02]

2026-06-21 17:39:58 - INFO - 
Presolve removed 64 rows and 55 columns
2026-06-21 17:39:58 - INFO - Presolve removed 64 rows and 55 columns
Presolve time: 0.00s
2026-06-21 17:39:58 - INFO - Presolve time: 0.00s
Presolved: 401 rows, 173 columns, 1266 nonzeros
2026-06-21 17:39:58 - INFO - Presolved: 401 rows, 173 columns, 1266 nonzeros
Variable types: 71 continuous, 102 integer (102 binary)
2026-06-21 17:39:58 - INFO - Variable types: 71 continuous, 102 integer (102 binary)
Root relaxation presolve removed 27 rows and 8 columns
2026-06-21 17:39:58 - INFO - Root relaxation presolve removed 27 rows and 8 columns
Root relaxation presolved: 374 rows, 168 columns, 1207 nonzeros
2026-06-21 17:39:58 - INFO - Root relaxation presolved: 374 rows, 168 columns, 1207 nonzeros

2026-06-21 17:39:58 - INFO - 

2026-06-21 17:39:58 - INFO - 
Root relaxation: objective -1.172965e+01, 104 iterations, 0.00 seconds (0.00 work units)
2026-06-21 17:39:58 - INFO - Root relaxation: objective -1.172965e+01, 104 iterations, 0.00 seconds (0.00 work units)

2026-06-21 17:39:58 - INFO - 
    Nodes    |    Current Node    |     Objective Bounds      |     Work
2026-06-21 17:39:58 - INFO -     Nodes    |    Current Node    |     Objective Bounds      |     Work
 Expl Unexpl |  Obj  Depth IntInf | Incumbent    BestBd   Gap | It/Node Time
2026-06-21 17:39:58 - INFO -  Expl Unexpl |  Obj  Depth IntInf | Incumbent    BestBd   Gap | It/Node Time

2026-06-21 17:39:58 - INFO - 
     0     0  -11.72965    0   45          -  -11.72965      -     -    0s
2026-06-21 17:39:58 - INFO -      0     0  -11.72965    0   45          -  -11.72965      -     -    0s
H    0     0                      11.3997327  -11.72965   203%     -    0s
2026-06-21 17:39:58 - INFO - H    0     0                      11.3997327  -11.72965   203%     -    0s
H    0     0                      10.9581682  -11.72965   207%     -    0s
2026-06-21 17:39:58 - INFO - H    0     0                      10.9581682  -11.72965   207%     -    0s
H    0     0                       9.3161635   -7.07551   176%     -    0s
2026-06-21 17:39:58 - INFO - H    0     0                       9.3161635   -7.07551   176%     -    0s
     0     0   -7.05011    0   52    9.31616   -7.05011   176%     -    0s
2026-06-21 17:39:58 - INFO -      0     0   -7.05011    0   52    9.31616   -7.05011   176%     -    0s
     0     0   -7.05011    0   52    9.31616   -7.05011   176%     -    0s
2026-06-21 17:39:58 - INFO -      0     0   -7.05011    0   52    9.31616   -7.05011   176%     -    0s
H    0     0                       8.4638781   -5.02261   159%     -    0s
2026-06-21 17:39:58 - INFO - H    0     0                       8.4638781   -5.02261   159%     -    0s
     0     0    2.20433    0   56    8.46388    2.20433  74.0%     -    0s
2026-06-21 17:39:58 - INFO -      0     0    2.20433    0   56    8.46388    2.20433  74.0%     -    0s
     0     0    2.20433    0   56    8.46388    2.20433  74.0%     -    0s
2026-06-21 17:39:58 - INFO -      0     0    2.20433    0   56    8.46388    2.20433  74.0%     -    0s
     0     0    2.94124    0   36    8.46388    2.94124  65.2%     -    0s
2026-06-21 17:39:58 - INFO -      0     0    2.94124    0   36    8.46388    2.94124  65.2%     -    0s
     0     0    2.94124    0   33    8.46388    2.94124  65.2%     -    0s
2026-06-21 17:39:58 - INFO -      0     0    2.94124    0   33    8.46388    2.94124  65.2%     -    0s
     0     0    2.94124    0   31    8.46388    2.94124  65.2%     -    0s
2026-06-21 17:39:58 - INFO -      0     0    2.94124    0   31    8.46388    2.94124  65.2%     -    0s
H    0     0                       8.0837346    3.22008  60.2%     -    0s
2026-06-21 17:39:58 - INFO - H    0     0                       8.0837346    3.22008  60.2%     -    0s
     0     0    4.19132    0   27    8.08373    4.19132  48.2%     -    0s
2026-06-21 17:39:58 - INFO -      0     0    4.19132    0   27    8.08373    4.19132  48.2%     -    0s
     0     0    4.19132    0   36    8.08373    4.19132  48.2%     -    0s
2026-06-21 17:39:58 - INFO -      0     0    4.19132    0   36    8.08373    4.19132  48.2%     -    0s
     0     0    4.19132    0   33    8.08373    4.19132  48.2%     -    0s
2026-06-21 17:39:58 - INFO -      0     0    4.19132    0   33    8.08373    4.19132  48.2%     -    0s
     0     0    4.19132    0   33    8.08373    4.19132  48.2%     -    0s
2026-06-21 17:39:58 - INFO -      0     0    4.19132    0   33    8.08373    4.19132  48.2%     -    0s
     0     0    4.80642    0   45    8.08373    4.80642  40.5%     -    0s
2026-06-21 17:39:58 - INFO -      0     0    4.80642    0   45    8.08373    4.80642  40.5%     -    0s
     0     0    4.80642    0   45    8.08373    4.80642  40.5%     -    0s
2026-06-21 17:39:58 - INFO -      0     0    4.80642    0   45    8.08373    4.80642  40.5%     -    0s
     0     0    4.80642    0   45    8.08373    4.80642  40.5%     -    0s
2026-06-21 17:39:58 - INFO -      0     0    4.80642    0   45    8.08373    4.80642  40.5%     -    0s
H    0     0                       7.8007737    5.30841  32.0%     -    0s
2026-06-21 17:39:58 - INFO - H    0     0                       7.8007737    5.30841  32.0%     -    0s
     0     0    5.30841    0   49    7.80077    5.30841  32.0%     -    0s
2026-06-21 17:39:58 - INFO -      0     0    5.30841    0   49    7.80077    5.30841  32.0%     -    0s
     0     0    5.49282    0   60    7.80077    5.49282  29.6%     -    0s
2026-06-21 17:39:58 - INFO -      0     0    5.49282    0   60    7.80077    5.49282  29.6%     -    0s
     0     0    5.50533    0   61    7.80077    5.50533  29.4%     -    0s
2026-06-21 17:39:58 - INFO -      0     0    5.50533    0   61    7.80077    5.50533  29.4%     -    0s
     0     0    5.52117    0   62    7.80077    5.52117  29.2%     -    0s
2026-06-21 17:39:58 - INFO -      0     0    5.52117    0   62    7.80077    5.52117  29.2%     -    0s
     0     0    5.52117    0   64    7.80077    5.52117  29.2%     -    0s
2026-06-21 17:39:58 - INFO -      0     0    5.52117    0   64    7.80077    5.52117  29.2%     -    0s
     0     0    6.21818    0   67    7.80077    6.21818  20.3%     -    0s
2026-06-21 17:39:58 - INFO -      0     0    6.21818    0   67    7.80077    6.21818  20.3%     -    0s
     0     0    6.21818    0   67    7.80077    6.21818  20.3%     -    0s
2026-06-21 17:39:58 - INFO -      0     0    6.21818    0   67    7.80077    6.21818  20.3%     -    0s
     0     0    6.21818    0   63    7.80077    6.21818  20.3%     -    0s
2026-06-21 17:39:58 - INFO -      0     0    6.21818    0   63    7.80077    6.21818  20.3%     -    0s
H    0     0                       7.7949199    6.30967  19.1%     -    0s
2026-06-21 17:39:58 - INFO - H    0     0                       7.7949199    6.30967  19.1%     -    0s
H    0     0                       7.6640548    6.30967  17.7%     -    0s
2026-06-21 17:39:58 - INFO - H    0     0                       7.6640548    6.30967  17.7%     -    0s
     0     0    6.30967    0   69    7.66405    6.30967  17.7%     -    0s
2026-06-21 17:39:58 - INFO -      0     0    6.30967    0   69    7.66405    6.30967  17.7%     -    0s
     0     0    6.30967    0   70    7.66405    6.30967  17.7%     -    0s
2026-06-21 17:39:58 - INFO -      0     0    6.30967    0   70    7.66405    6.30967  17.7%     -    0s
     0     0    6.37715    0   49    7.66405    6.37715  16.8%     -    0s
2026-06-21 17:39:58 - INFO -      0     0    6.37715    0   49    7.66405    6.37715  16.8%     -    0s
     0     0    6.37715    0   49    7.66405    6.37715  16.8%     -    0s
2026-06-21 17:39:58 - INFO -      0     0    6.37715    0   49    7.66405    6.37715  16.8%     -    0s
     0     0    6.37715    0   41    7.66405    6.37715  16.8%     -    0s
2026-06-21 17:39:58 - INFO -      0     0    6.37715    0   41    7.66405    6.37715  16.8%     -    0s
H    0     0                       7.3790223    6.39761  13.3%     -    0s
2026-06-21 17:39:58 - INFO - H    0     0                       7.3790223    6.39761  13.3%     -    0s
     0     0    6.39761    0   37    7.37902    6.39761  13.3%     -    0s
2026-06-21 17:39:58 - INFO -      0     0    6.39761    0   37    7.37902    6.39761  13.3%     -    0s
     0     0    6.45515    0   53    7.37902    6.45515  12.5%     -    0s
2026-06-21 17:39:58 - INFO -      0     0    6.45515    0   53    7.37902    6.45515  12.5%     -    0s
     0     0    6.45515    0   51    7.37902    6.45515  12.5%     -    0s
2026-06-21 17:39:58 - INFO -      0     0    6.45515    0   51    7.37902    6.45515  12.5%     -    0s
     0     0    6.45515    0   51    7.37902    6.45515  12.5%     -    0s
2026-06-21 17:39:58 - INFO -      0     0    6.45515    0   51    7.37902    6.45515  12.5%     -    0s
     0     0    6.45515    0   51    7.37902    6.45515  12.5%     -    0s
2026-06-21 17:39:58 - INFO -      0     0    6.45515    0   51    7.37902    6.45515  12.5%     -    0s
     0     0    6.45515    0   51    7.37902    6.45515  12.5%     -    0s
2026-06-21 17:39:58 - INFO -      0     0    6.45515    0   51    7.37902    6.45515  12.5%     -    0s
     0     0    6.45515    0   51    7.37902    6.45515  12.5%     -    0s
2026-06-21 17:39:58 - INFO -      0     0    6.45515    0   51    7.37902    6.45515  12.5%     -    0s
     0     2    6.48160    0   40    7.37902    6.48160  12.2%     -    0s
2026-06-21 17:39:58 - INFO -      0     2    6.48160    0   40    7.37902    6.48160  12.2%     -    0s
H  254   252                       7.2570463    6.91371  4.73%  49.4    0s
2026-06-21 17:39:59 - INFO - H  254   252                       7.2570463    6.91371  4.73%  49.4    0s
H 2531   528                       7.2570462    7.18427  1.00%  28.5    1s
2026-06-21 17:40:00 - INFO - H 2531   528                       7.2570462    7.18427  1.00%  28.5    1s

2026-06-21 17:40:00 - INFO - 
Cutting planes:
2026-06-21 17:40:00 - INFO - Cutting planes:
  Learned: 39
2026-06-21 17:40:00 - INFO -   Learned: 39
  Gomory: 142
2026-06-21 17:40:00 - INFO -   Gomory: 142
  Lift-and-project: 42
2026-06-21 17:40:00 - INFO -   Lift-and-project: 42
  Cover: 17
2026-06-21 17:40:00 - INFO -   Cover: 17
  Implied bound: 52
2026-06-21 17:40:00 - INFO -   Implied bound: 52
  Clique: 7
2026-06-21 17:40:00 - INFO -   Clique: 7
  MIR: 284
2026-06-21 17:40:00 - INFO -   MIR: 284
  Mixing: 25
2026-06-21 17:40:00 - INFO -   Mixing: 25
  Flow cover: 940
2026-06-21 17:40:00 - INFO -   Flow cover: 940
  Network: 1
2026-06-21 17:40:00 - INFO -   Network: 1
  RLT: 50
2026-06-21 17:40:00 - INFO -   RLT: 50
  Relax-and-lift: 75
2026-06-21 17:40:00 - INFO -   Relax-and-lift: 75
  PSD: 8
2026-06-21 17:40:00 - INFO -   PSD: 8

2026-06-21 17:40:00 - INFO - 
Explored 3493 nodes (85297 simplex iterations) in 2.01 seconds (3.50 work units)
2026-06-21 17:40:00 - INFO - Explored 3493 nodes (85297 simplex iterations) in 2.01 seconds (3.50 work units)
Thread count was 28 (of 28 available processors)
2026-06-21 17:40:00 - INFO - Thread count was 28 (of 28 available processors)

2026-06-21 17:40:00 - INFO - 
Solution count 10: 7.25705 7.25705 7.37902 ... 11.3997
2026-06-21 17:40:00 - INFO - Solution count 10: 7.25705 7.25705 7.37902 ... 11.3997

2026-06-21 17:40:00 - INFO - 
Optimal solution found (tolerance 0.00e+00)
2026-06-21 17:40:00 - INFO - Optimal solution found (tolerance 0.00e+00)
Warning: max constraint violation (2.3936e-06) exceeds tolerance
2026-06-21 17:40:00 - INFO - Warning: max constraint violation (2.3936e-06) exceeds tolerance
Warning: max bound violation (2.3936e-06) exceeds tolerance
2026-06-21 17:40:00 - INFO - Warning: max bound violation (2.3936e-06) exceeds tolerance
Best objective 7.257046165885e+00, best bound 7.257046165885e+00, gap 0.0000%
2026-06-21 17:40:00 - INFO - Best objective 7.257046165885e+00, best bound 7.257046165885e+00, gap 0.0000%
[EMIB] Solve done: MIPGap=0.0, status=Optimal, Obj=7.257046, time=2.02s, SolCount=10


================================================================================
ILP MODEL ANALYSIS REPORT - Chiplet Placement ILP (Gap=0.0)
Generated: 2026-06-21 17:40:00
================================================================================

[MODEL STRUCTURE]
  Constraints (rows):                    465
  Variables (columns):                   228
  Non-zero elements:                    1499
  Objective coefficients:                  4

[VARIABLE TYPES]
  Continuous:                            117
  Integer:                                 0
  Binary:                                111

[CONSTRAINT TYPES]
  <= constraints:                              234
  == constraints:                               81
  >= constraints:                              150

[COEFFICIENT STATISTICS]
  Matrix range:              [5.00e-01, 8.70e+04]
  Objective range:           [3.49e-07, 9.12e-02]
  Bounds range:              [-2.82e+02, 6.93e+06]

[SOLVE STATISTICS]
  Status:                    Optimal
  Objective value:                  7.257046
  Best bound:                       7.257046
  MIP gap:                           0.0000%
  Solve time (s):                       2.01
  Solutions found:                        10
  Nodes explored:                     3493.0
  Simplex iterations:                85297.0

[MEMORY USAGE]
  Initial memory:                     96.80 MB
  Peak memory:                       203.49 MB
  Final memory:                      203.49 MB
  Peak increase:                     106.70 MB
  Final increase:                    106.70 MB

================================================================================

================================================================================
[OBJECTIVE FUNCTION BREAKDOWN - SOLUTION VALUES]
================================================================================

[Actual Variable Values]
  wirelength: 4.638336e+04
  bbox_area_proxy_t: 5.937600e+01
  aspect_ratio_penalty: 7.749999e+00
  power_aware_penalty: 6.582571e+06

[Normalized Values]
  norm_wirelength = 4.638336e+04 / 5.685245e+04 = 8.158551e-01
  norm_t = 5.937600e+01 / 6.580144e+01 = 9.023510e-01
  norm_aspect = 7.749999e+00 / 1.236000e+01 = 6.270226e-01
  norm_power = 6.582571e+06 / 4.294778e+06 = 1.532692e+00

[Weighted Contributions]
  1. Wirelength: 5.000000e+00 * 8.158551e-01 = 4.079275e+00
  2. Area: 6.000000e+00 * 9.023510e-01 = 5.414106e+00
  3. Aspect Ratio: 1.000000e-01 * 6.270226e-01 = 6.270226e-02
  4. Power Awareness: -1.500000e+00 * 1.532692e+00 = -2.299038e+00

[Total Objective Value]
  4.079275e+00 + 5.414106e+00 + 6.270226e-02 - 2.299038e+00
  = 7.257046e+00
================================================================================

[EMIB] Solve succeeded (Optimal)
[EMIB] placement JSON saved: /root/placement/MPDAP/output_gurobi_EMIB_chiplet_5_6_01_15/placement/multigpu.json
[EMIB] Layout figure saved: /root/placement/MPDAP/output_gurobi_EMIB_chiplet_5_6_01_15/fig/multigpu_core/solution_1_layout_gurobi.png
2026-06-21 17:40:02 - INFO - 
EMIB returned 1 solution(s) (max 1).
  ✓ EMIB: 1 solution(s)

================================================================================
Batch test done (Gurobi)
  Total time: 3.48 s
================================================================================
File summary:
  Success: 1/1
  Failed: 0/1
Solution count:
  Found: 1/1

Details:
  ✓ multigpu.json -> multigpu_core: 1 solution(s)
    Log dir: /root/placement/MPDAP/output_gurobi_EMIB_chiplet_5_6_01_15/log/multigpu_core
    LP dir: /root/placement/MPDAP/output_gurobi_EMIB_chiplet_5_6_01_15/lp/multigpu_core
    Fig dir: /root/placement/MPDAP/output_gurobi_EMIB_chiplet_5_6_01_15/fig/multigpu_core
    Placement: /root/placement/MPDAP/output_gurobi_EMIB_chiplet_5_6_01_15/placement/multigpu.json
================================================================================

