
================================================================================
Batch test start (Gurobi)
================================================================================
Test input dir: /root/placement/MPDAP/benchmark/test_input
Output base dir: /root/placement/MPDAP/output_gurobi_EMIB_chiplet_5_6_01_15
Found 1 test file(s)
Files to process: syn1.json
================================================================================


[1/1] Processing: syn1.json
  Core name: syn1_core
  Log dir: /root/placement/MPDAP/output_gurobi_EMIB_chiplet_5_6_01_15/log/syn1_core
  LP dir: /root/placement/MPDAP/output_gurobi_EMIB_chiplet_5_6_01_15/lp/syn1_core
  Fig dir: /root/placement/MPDAP/output_gurobi_EMIB_chiplet_5_6_01_15/fig/syn1_core
  Placement file: /root/placement/MPDAP/output_gurobi_EMIB_chiplet_5_6_01_15/placement/syn1.json
2026-06-21 17:46:09 - INFO - Calling EMIB solver (Gurobi)...
node 0 w: 11.0, h: 10.0
node 1 w: 12.0, h: 10.0
node 2 w: 6.0, h: 15.0
node 3 w: 13.0, h: 6.0
node 4 w: 11.0, h: 5.0
node 5 w: 15.0, h: 6.0
node 6 w: 5.0, h: 5.0
node 7 w: 6.0, h: 14.0
node 8 w: 6.0, h: 12.0
node 9 w: 13.0, h: 6.0
  (A,E): node1=A, node2=E, wireCount=128, EMIBType=interfaceC, EMIB_length=3.2, EMIB_max_width=99.0, width=1.0, height=3.2, bump_width=0.5000
  (A,H): node1=A, node2=H, wireCount=256, EMIBType=interfaceB, EMIB_length=0.8533, EMIB_max_width=3.0, width=2.0, height=0.8533, bump_width=1.0000
  (B,E): node1=B, node2=E, wireCount=512, EMIBType=interfaceB, EMIB_length=1.7067, EMIB_max_width=3.0, width=2.0, height=1.7067, bump_width=1.0000
  (B,H): node1=B, node2=H, wireCount=128, EMIBType=interfaceC, EMIB_length=3.2, EMIB_max_width=99.0, width=1.0, height=3.2, bump_width=0.5000
  (B,I): node1=B, node2=I, wireCount=256, EMIBType=interfaceB, EMIB_length=0.8533, EMIB_max_width=3.0, width=2.0, height=0.8533, bump_width=1.0000
  (B,J): node1=B, node2=J, wireCount=512, EMIBType=interfaceB, EMIB_length=1.7067, EMIB_max_width=3.0, width=2.0, height=1.7067, bump_width=1.0000
  (C,D): node1=C, node2=D, wireCount=128, EMIBType=interfaceC, EMIB_length=3.2, EMIB_max_width=99.0, width=1.0, height=3.2, bump_width=0.5000
  (C,E): node1=C, node2=E, wireCount=128, EMIBType=interfaceC, EMIB_length=3.2, EMIB_max_width=99.0, width=1.0, height=3.2, bump_width=0.5000
  (C,G): node1=C, node2=G, wireCount=512, EMIBType=interfaceB, EMIB_length=1.7067, EMIB_max_width=3.0, width=2.0, height=1.7067, bump_width=1.0000
  (E,F): node1=E, node2=F, wireCount=128, EMIBType=interfaceC, EMIB_length=3.2, EMIB_max_width=99.0, width=1.0, height=3.2, bump_width=0.5000
  (E,G): node1=E, node2=G, wireCount=256, EMIBType=interfaceB, EMIB_length=0.8533, EMIB_max_width=3.0, width=2.0, height=0.8533, bump_width=1.0000
  (E,H): node1=E, node2=H, wireCount=128, EMIBType=interfaceC, EMIB_length=3.2, EMIB_max_width=99.0, width=1.0, height=3.2, bump_width=0.5000
  (F,I): node1=F, node2=I, wireCount=128, EMIBType=interfaceC, EMIB_length=3.2, EMIB_max_width=99.0, width=1.0, height=3.2, bump_width=0.5000
  (G,H): node1=G, node2=H, wireCount=128, EMIBType=interfaceC, EMIB_length=3.2, EMIB_max_width=99.0, width=1.0, height=3.2, bump_width=0.5000
  (G,I): node1=G, node2=I, wireCount=128, EMIBType=interfaceC, EMIB_length=3.2, EMIB_max_width=99.0, width=1.0, height=3.2, bump_width=0.5000
  (G,J): node1=G, node2=J, wireCount=128, EMIBType=interfaceC, EMIB_length=3.2, EMIB_max_width=99.0, width=1.0, height=3.2, bump_width=0.5000
  (I,J): node1=I, node2=J, wireCount=256, EMIBType=interfaceB, EMIB_length=0.8533, EMIB_max_width=3.0, width=2.0, height=0.8533, bump_width=1.0000
  (0,4): [A, E, 128, interfaceC, 3.2, 99.0]
  (0,7): [A, H, 256, interfaceB, 0.8533, 3.0]
  (1,4): [B, E, 512, interfaceB, 1.7067, 3.0]
  (1,7): [B, H, 128, interfaceC, 3.2, 99.0]
  (1,8): [B, I, 256, interfaceB, 0.8533, 3.0]
  (1,9): [B, J, 512, interfaceB, 1.7067, 3.0]
  (2,3): [C, D, 128, interfaceC, 3.2, 99.0]
  (2,4): [C, E, 128, interfaceC, 3.2, 99.0]
  (2,6): [C, G, 512, interfaceB, 1.7067, 3.0]
  (4,5): [E, F, 128, interfaceC, 3.2, 99.0]
  (4,6): [E, G, 256, interfaceB, 0.8533, 3.0]
  (4,7): [E, H, 128, interfaceC, 3.2, 99.0]
  (5,8): [F, I, 128, interfaceC, 3.2, 99.0]
  (6,7): [G, H, 128, interfaceC, 3.2, 99.0]
  (6,8): [G, I, 128, interfaceC, 3.2, 99.0]
  (6,9): [G, J, 128, interfaceC, 3.2, 99.0]
  (8,9): [I, J, 256, interfaceB, 0.8533, 3.0]
Set parameter WLSAccessID
2026-06-21 17:46:09 - INFO - Set parameter WLSAccessID
Set parameter WLSSecret
2026-06-21 17:46:09 - INFO - Set parameter WLSSecret
Set parameter LicenseID to value 2756663
2026-06-21 17:46:09 - INFO - Set parameter LicenseID to value 2756663
Academic license 2756663 - for non-commercial use only - registered to hu___@sjtu.edu.cn
2026-06-21 17:46:09 - INFO - Academic license 2756663 - for non-commercial use only - registered to hu___@sjtu.edu.cn
EMIB_w_var: {(0, 7): <gurobi.Var *Awaiting Model Update*>, (1, 4): <gurobi.Var *Awaiting Model Update*>, (1, 8): <gurobi.Var *Awaiting Model Update*>, (1, 9): <gurobi.Var *Awaiting Model Update*>, (2, 6): <gurobi.Var *Awaiting Model Update*>, (4, 6): <gurobi.Var *Awaiting Model Update*>, (8, 9): <gurobi.Var *Awaiting Model Update*>}
EMIB_h_var: {(0, 7): <gurobi.Var *Awaiting Model Update*>, (1, 4): <gurobi.Var *Awaiting Model Update*>, (1, 8): <gurobi.Var *Awaiting Model Update*>, (1, 9): <gurobi.Var *Awaiting Model Update*>, (2, 6): <gurobi.Var *Awaiting Model Update*>, (4, 6): <gurobi.Var *Awaiting Model Update*>, (8, 9): <gurobi.Var *Awaiting Model Update*>}
EMIB_connected_pairs: {(0, 7): EMIBNode(node1='A', node2='H', wireCount=256, EMIBType='interfaceB', EMIB_length=0.8533, EMIB_bump_width=1.0, EMIB_max_width=3.0, width=2.0, height=0.8533), (1, 4): EMIBNode(node1='B', node2='E', wireCount=512, EMIBType='interfaceB', EMIB_length=1.7067, EMIB_bump_width=1.0, EMIB_max_width=3.0, width=2.0, height=1.7067), (1, 8): EMIBNode(node1='B', node2='I', wireCount=256, EMIBType='interfaceB', EMIB_length=0.8533, EMIB_bump_width=1.0, EMIB_max_width=3.0, width=2.0, height=0.8533), (1, 9): EMIBNode(node1='B', node2='J', wireCount=512, EMIBType='interfaceB', EMIB_length=1.7067, EMIB_bump_width=1.0, EMIB_max_width=3.0, width=2.0, height=1.7067), (2, 6): EMIBNode(node1='C', node2='G', wireCount=512, EMIBType='interfaceB', EMIB_length=1.7067, EMIB_bump_width=1.0, EMIB_max_width=3.0, width=2.0, height=1.7067), (4, 6): EMIBNode(node1='E', node2='G', wireCount=256, EMIBType='interfaceB', EMIB_length=0.8533, EMIB_bump_width=1.0, EMIB_max_width=3.0, width=2.0, height=0.8533), (8, 9): EMIBNode(node1='I', node2='J', wireCount=256, EMIBType='interfaceB', EMIB_length=0.8533, EMIB_bump_width=1.0, EMIB_max_width=3.0, width=2.0, height=0.8533)}
[POWER_AWARE] Mutual Distancing: ENABLED
[POWER_AWARE] Central Avoidance: ENABLED
[POWER_AWARE] Power Aware Optimization: ENABLED
[POWER_AWARE] Selected high-power chiplets: 3 (density threshold: 0.8452380952380952)
[POWER_AWARE] High-power chiplet indices: [6, 7, 9]
[POWER_AWARE] Mutual Distancing: Creating constraints for 3 high-power chiplets
[POWER_AWARE] Mutual Distancing: Added distance constraints for all high-power pairs
[POWER_AWARE] Central Avoidance: Creating away-from-center constraints for 3 high-power chiplets
[DEBUG] chiplet 6 in top 30% power density, add away-from-center constraint
[DEBUG] chiplet 7 in top 30% power density, add away-from-center constraint
[DEBUG] chiplet 9 in top 30% power density, add away-from-center constraint
[POWER_AWARE] Central Avoidance: Added away-from-center constraints for 3 high-power chiplets
[DEBUG] L_avg: 28.319604517012593
[DEBUG] total_area: 802.0
[POWER_AWARE] Normalization factor calculation:
[POWER_AWARE]   - High-power chiplets: 3
[POWER_AWARE]   - Mutual Distancing enabled: True
[POWER_AWARE]   - Central Avoidance enabled: True
[POWER_AWARE]   - pair_sum (MD): 1.183100e+04
[POWER_AWARE]   - self_sum (CA): 1.281900e+04
[POWER_AWARE]   - total_sum (pair + self): 2.465000e+04
[POWER_AWARE]   - ref_power: 3.490391e+05
[DEBUG] ref_wirelength: 54373.64067266418
[DEBUG] ref_t: 56.639209034025185
[DEBUG] ref_power: 349039.1256721802
[DEBUG] ref_aspect: 55.0

================================================================================
[OBJECTIVE FUNCTION DETAILS]
================================================================================

[Normalization Reference Values]
  ref_wirelength: 5.437364e+04
  ref_t (area proxy): 5.663921e+01
  ref_power: 3.490391e+05
  ref_aspect: 5.500000e+01

[Beta Weights]
  beta_wire: 5.000000e+00
  beta_area: 6.000000e+00
  beta_aspect: 1.000000e-01
  beta_power: 1.500000e+00

[Objective Function Components]
  1. Wirelength term:
     norm_wirelength = wirelength / ref_wirelength
     contribution = beta_wire * norm_wirelength = 5.0 * norm_wirelength
  2. Area term:
     norm_t = t / ref_t
     contribution = beta_area * norm_t = 6.0 * norm_t
  3. Aspect Ratio term:
     norm_aspect = aspect_ratio_penalty / ref_aspect
     contribution = beta_aspect * norm_aspect = 0.1 * norm_aspect
  4. Power Awareness term:
     norm_power = power_aware_penalty / ref_power
     contribution = - beta_power * norm_power = - 1.5 * norm_power

[Objective Function Formula]
  minimize: 5.0 * wirelength/ref_wirelength
          + 6.0 * t/ref_t
          + 0.1 * aspect_ratio_penalty/ref_aspect
          - 1.5 * power_aware_penalty/ref_power
================================================================================


[EMIB] ILP Model construction completed. Analyzing model structure...
================================================================================
ILP MODEL ANALYSIS REPORT - Chiplet Placement ILP (Construction Complete)
Generated: 2026-06-21 17:46:09
================================================================================

[MODEL STRUCTURE]
  Constraints (rows):                      0
  Variables (columns):                     0
  Non-zero elements:                       0
  Objective coefficients:                  0

[VARIABLE TYPES]
  Continuous:                              0
  Integer:                                 0
  Binary:                                  0

[CONSTRAINT TYPES]

[COEFFICIENT STATISTICS]

[SOLVE STATISTICS]
  Status:                    Unknown(1)
  Solve time (s):                       0.00
  Solutions found:                         0
  Nodes explored:            (not available)
  Simplex iterations:        (not available)

[MEMORY USAGE]
  Initial memory:                     96.51 MB
  Peak memory:                         0.00 MB
  Final memory:                        0.00 MB
  Peak increase:                     -96.51 MB
  Final increase:                    -96.51 MB

================================================================================
Set parameter TimeLimit to value 300
2026-06-21 17:46:09 - INFO - Set parameter TimeLimit to value 300
Set parameter MIPGap to value 0
2026-06-21 17:46:09 - INFO - Set parameter MIPGap to value 0
Set parameter MIPFocus to value 3
2026-06-21 17:46:09 - INFO - Set parameter MIPFocus to value 3
Set parameter Heuristics to value 0.5
2026-06-21 17:46:09 - INFO - Set parameter Heuristics to value 0.5
Set parameter LogToConsole to value 1
2026-06-21 17:46:09 - INFO - Set parameter LogToConsole to value 1
Gurobi Optimizer version 13.0.1 build v13.0.1rc0 (linux64 - "Ubuntu 20.04.6 LTS")
2026-06-21 17:46:09 - INFO - Gurobi Optimizer version 13.0.1 build v13.0.1rc0 (linux64 - "Ubuntu 20.04.6 LTS")

2026-06-21 17:46:09 - INFO - 
CPU model: AMD Ryzen 9 9950X3D 16-Core Processor, instruction set [SSE2|AVX|AVX2|AVX512]
2026-06-21 17:46:09 - INFO - CPU model: AMD Ryzen 9 9950X3D 16-Core Processor, instruction set [SSE2|AVX|AVX2|AVX512]
Thread count: 14 physical cores, 28 logical processors, using up to 28 threads
2026-06-21 17:46:09 - INFO - Thread count: 14 physical cores, 28 logical processors, using up to 28 threads

2026-06-21 17:46:09 - INFO - 
Non-default parameters:
2026-06-21 17:46:09 - INFO - Non-default parameters:
TimeLimit  300
2026-06-21 17:46:09 - INFO - TimeLimit  300
MIPGap  0
2026-06-21 17:46:09 - INFO - MIPGap  0
Heuristics  0.5
2026-06-21 17:46:09 - INFO - Heuristics  0.5
MIPFocus  3
2026-06-21 17:46:09 - INFO - MIPFocus  3

2026-06-21 17:46:09 - INFO - 
Academic license 2756663 - for non-commercial use only - registered to hu___@sjtu.edu.cn
2026-06-21 17:46:09 - INFO - Academic license 2756663 - for non-commercial use only - registered to hu___@sjtu.edu.cn
Optimize a model with 1213 rows, 567 columns and 4073 nonzeros (Min)
2026-06-21 17:46:09 - INFO - Optimize a model with 1213 rows, 567 columns and 4073 nonzeros (Min)
Model fingerprint: 0x06af6adf
2026-06-21 17:46:09 - INFO - Model fingerprint: 0x06af6adf
Model has 4 linear objective coefficients
2026-06-21 17:46:09 - INFO - Model has 4 linear objective coefficients
Variable types: 240 continuous, 327 integer (327 binary)
2026-06-21 17:46:09 - INFO - Variable types: 240 continuous, 327 integer (327 binary)
Coefficient statistics:
2026-06-21 17:46:09 - INFO - Coefficient statistics:
  Matrix range     [3e-01, 6e+03]
2026-06-21 17:46:09 - INFO -   Matrix range     [3e-01, 6e+03]
  Objective range  [4e-06, 1e-01]
2026-06-21 17:46:09 - INFO -   Objective range  [4e-06, 1e-01]
  Bounds range     [9e-01, 2e+07]
2026-06-21 17:46:09 - INFO -   Bounds range     [9e-01, 2e+07]
  RHS range        [9e-01, 2e+02]
2026-06-21 17:46:09 - INFO -   RHS range        [9e-01, 2e+02]

2026-06-21 17:46:09 - INFO - 
Presolve removed 107 rows and 88 columns
2026-06-21 17:46:09 - INFO - Presolve removed 107 rows and 88 columns
Presolve time: 0.01s
2026-06-21 17:46:09 - INFO - Presolve time: 0.01s
Presolved: 1106 rows, 479 columns, 3714 nonzeros
2026-06-21 17:46:09 - INFO - Presolved: 1106 rows, 479 columns, 3714 nonzeros
Variable types: 167 continuous, 312 integer (312 binary)
2026-06-21 17:46:09 - INFO - Variable types: 167 continuous, 312 integer (312 binary)
Root relaxation presolve removed 204 rows and 60 columns
2026-06-21 17:46:09 - INFO - Root relaxation presolve removed 204 rows and 60 columns
Root relaxation presolved: 902 rows, 431 columns, 3224 nonzeros
2026-06-21 17:46:09 - INFO - Root relaxation presolved: 902 rows, 431 columns, 3224 nonzeros

2026-06-21 17:46:09 - INFO - 

2026-06-21 17:46:09 - INFO - 
Root relaxation: objective -2.273899e+01, 244 iterations, 0.00 seconds (0.01 work units)
2026-06-21 17:46:09 - INFO - Root relaxation: objective -2.273899e+01, 244 iterations, 0.00 seconds (0.01 work units)

2026-06-21 17:46:09 - INFO - 
    Nodes    |    Current Node    |     Objective Bounds      |     Work
2026-06-21 17:46:09 - INFO -     Nodes    |    Current Node    |     Objective Bounds      |     Work
 Expl Unexpl |  Obj  Depth IntInf | Incumbent    BestBd   Gap | It/Node Time
2026-06-21 17:46:09 - INFO -  Expl Unexpl |  Obj  Depth IntInf | Incumbent    BestBd   Gap | It/Node Time

2026-06-21 17:46:09 - INFO - 
     0     0  -22.73899    0  137          -  -22.73899      -     -    0s
2026-06-21 17:46:09 - INFO -      0     0  -22.73899    0  137          -  -22.73899      -     -    0s
H    0     0                      17.5517652  -22.73899   230%     -    0s
2026-06-21 17:46:09 - INFO - H    0     0                      17.5517652  -22.73899   230%     -    0s
     0     0  -17.57321    0  149   17.55177  -17.57321   200%     -    0s
2026-06-21 17:46:09 - INFO -      0     0  -17.57321    0  149   17.55177  -17.57321   200%     -    0s
     0     0  -17.57321    0  149   17.55177  -17.57321   200%     -    0s
2026-06-21 17:46:09 - INFO -      0     0  -17.57321    0  149   17.55177  -17.57321   200%     -    0s
     0     0   -9.89304    0  157   17.55177   -9.89304   156%     -    0s
2026-06-21 17:46:09 - INFO -      0     0   -9.89304    0  157   17.55177   -9.89304   156%     -    0s
     0     0   -9.89304    0  172   17.55177   -9.89304   156%     -    0s
2026-06-21 17:46:09 - INFO -      0     0   -9.89304    0  172   17.55177   -9.89304   156%     -    0s
     0     0   -9.89304    0  174   17.55177   -9.89304   156%     -    0s
2026-06-21 17:46:09 - INFO -      0     0   -9.89304    0  174   17.55177   -9.89304   156%     -    0s
     0     0   -6.04154    0  155   17.55177   -6.04154   134%     -    0s
2026-06-21 17:46:09 - INFO -      0     0   -6.04154    0  155   17.55177   -6.04154   134%     -    0s
     0     0   -6.04154    0  155   17.55177   -6.04154   134%     -    0s
2026-06-21 17:46:10 - INFO -      0     0   -6.04154    0  155   17.55177   -6.04154   134%     -    0s
H    0     0                      11.0709031   -4.27017   139%     -    0s
2026-06-21 17:46:10 - INFO - H    0     0                      11.0709031   -4.27017   139%     -    0s
H    0     0                      10.7829176   -4.27017   140%     -    0s
2026-06-21 17:46:10 - INFO - H    0     0                      10.7829176   -4.27017   140%     -    0s
     0     0   -4.27017    0  157   10.78292   -4.27017   140%     -    0s
2026-06-21 17:46:10 - INFO -      0     0   -4.27017    0  157   10.78292   -4.27017   140%     -    0s
     0     0   -4.27017    0  165   10.78292   -4.27017   140%     -    0s
2026-06-21 17:46:10 - INFO -      0     0   -4.27017    0  165   10.78292   -4.27017   140%     -    0s
     0     0   -4.26535    0  168   10.78292   -4.26535   140%     -    0s
2026-06-21 17:46:10 - INFO -      0     0   -4.26535    0  168   10.78292   -4.26535   140%     -    0s
     0     0   -4.26497    0  170   10.78292   -4.26497   140%     -    0s
2026-06-21 17:46:10 - INFO -      0     0   -4.26497    0  170   10.78292   -4.26497   140%     -    0s
H    0     0                      10.5995252   -0.81075   108%     -    0s
2026-06-21 17:46:10 - INFO - H    0     0                      10.5995252   -0.81075   108%     -    0s
H    0     0                      10.4079748   -0.39159   104%     -    0s
2026-06-21 17:46:10 - INFO - H    0     0                      10.4079748   -0.39159   104%     -    0s
H    0     0                      10.3914752   -0.39159   104%     -    0s
2026-06-21 17:46:10 - INFO - H    0     0                      10.3914752   -0.39159   104%     -    0s
H    0     0                      10.2882931   -0.39159   104%     -    0s
2026-06-21 17:46:10 - INFO - H    0     0                      10.2882931   -0.39159   104%     -    0s
     0     0   -0.39159    0  172   10.28829   -0.39159   104%     -    0s
2026-06-21 17:46:10 - INFO -      0     0   -0.39159    0  172   10.28829   -0.39159   104%     -    0s
     0     0   -0.39159    0  171   10.28829   -0.39159   104%     -    0s
2026-06-21 17:46:10 - INFO -      0     0   -0.39159    0  171   10.28829   -0.39159   104%     -    0s
     0     0   -0.39159    0  159   10.28829   -0.39159   104%     -    0s
2026-06-21 17:46:10 - INFO -      0     0   -0.39159    0  159   10.28829   -0.39159   104%     -    0s
H    0     0                       9.3632718   -0.39159   104%     -    0s
2026-06-21 17:46:10 - INFO - H    0     0                       9.3632718   -0.39159   104%     -    0s
H    0     0                       9.2859165   -0.39159   104%     -    0s
2026-06-21 17:46:10 - INFO - H    0     0                       9.2859165   -0.39159   104%     -    0s
H    0     0                       9.0774553   -0.39159   104%     -    0s
2026-06-21 17:46:10 - INFO - H    0     0                       9.0774553   -0.39159   104%     -    0s
     0     0    1.16731    0  167    9.07746    1.16731  87.1%     -    0s
2026-06-21 17:46:10 - INFO -      0     0    1.16731    0  167    9.07746    1.16731  87.1%     -    0s
     0     0    1.16731    0  167    9.07746    1.16731  87.1%     -    0s
2026-06-21 17:46:10 - INFO -      0     0    1.16731    0  167    9.07746    1.16731  87.1%     -    0s
     0     0    1.16818    0  160    9.07746    1.16818  87.1%     -    0s
2026-06-21 17:46:10 - INFO -      0     0    1.16818    0  160    9.07746    1.16818  87.1%     -    0s
     0     0    1.16818    0  160    9.07746    1.16818  87.1%     -    0s
2026-06-21 17:46:10 - INFO -      0     0    1.16818    0  160    9.07746    1.16818  87.1%     -    0s
     0     0    1.19314    0  162    9.07746    1.19314  86.9%     -    0s
2026-06-21 17:46:10 - INFO -      0     0    1.19314    0  162    9.07746    1.19314  86.9%     -    0s
     0     0    1.19314    0  162    9.07746    1.19314  86.9%     -    0s
2026-06-21 17:46:10 - INFO -      0     0    1.19314    0  162    9.07746    1.19314  86.9%     -    0s
     0     0    1.19314    0  156    9.07746    1.19314  86.9%     -    0s
2026-06-21 17:46:10 - INFO -      0     0    1.19314    0  156    9.07746    1.19314  86.9%     -    0s
H    0     0                       8.5860904    1.19314  86.1%     -    0s
2026-06-21 17:46:10 - INFO - H    0     0                       8.5860904    1.19314  86.1%     -    0s
     0     0    1.22423    0  159    8.58609    1.22423  85.7%     -    0s
2026-06-21 17:46:10 - INFO -      0     0    1.22423    0  159    8.58609    1.22423  85.7%     -    0s
     0     0    1.22446    0  181    8.58609    1.22446  85.7%     -    0s
2026-06-21 17:46:10 - INFO -      0     0    1.22446    0  181    8.58609    1.22446  85.7%     -    0s
     0     0    1.22446    0  179    8.58609    1.22446  85.7%     -    0s
2026-06-21 17:46:10 - INFO -      0     0    1.22446    0  179    8.58609    1.22446  85.7%     -    0s
H    0     0                       8.5151812    1.22446  85.6%     -    0s
2026-06-21 17:46:10 - INFO - H    0     0                       8.5151812    1.22446  85.6%     -    0s
H    0     0                       8.4801567    1.22446  85.6%     -    0s
2026-06-21 17:46:10 - INFO - H    0     0                       8.4801567    1.22446  85.6%     -    0s
H    0     0                       8.3742230    1.22446  85.4%     -    0s
2026-06-21 17:46:10 - INFO - H    0     0                       8.3742230    1.22446  85.4%     -    0s
H    0     0                       8.3036006    1.22446  85.3%     -    0s
2026-06-21 17:46:10 - INFO - H    0     0                       8.3036006    1.22446  85.3%     -    0s
     0     0    1.34979    0  171    8.30360    1.34979  83.7%     -    0s
2026-06-21 17:46:10 - INFO -      0     0    1.34979    0  171    8.30360    1.34979  83.7%     -    0s
     0     0    1.34979    0  159    8.30360    1.34979  83.7%     -    1s
2026-06-21 17:46:10 - INFO -      0     0    1.34979    0  159    8.30360    1.34979  83.7%     -    1s
H    0     0                       8.2980021    1.34979  83.7%     -    1s
2026-06-21 17:46:10 - INFO - H    0     0                       8.2980021    1.34979  83.7%     -    1s
H    0     0                       8.2119254    1.34979  83.6%     -    1s
2026-06-21 17:46:10 - INFO - H    0     0                       8.2119254    1.34979  83.6%     -    1s
H    0     0                       8.1259181    1.34979  83.4%     -    1s
2026-06-21 17:46:10 - INFO - H    0     0                       8.1259181    1.34979  83.4%     -    1s
H    0     0                       8.0923239    1.34979  83.3%     -    1s
2026-06-21 17:46:10 - INFO - H    0     0                       8.0923239    1.34979  83.3%     -    1s
     0     0    1.57465    0  175    8.09232    1.57465  80.5%     -    1s
2026-06-21 17:46:10 - INFO -      0     0    1.57465    0  175    8.09232    1.57465  80.5%     -    1s
     0     0    1.57829    0  183    8.09232    1.57829  80.5%     -    1s
2026-06-21 17:46:10 - INFO -      0     0    1.57829    0  183    8.09232    1.57829  80.5%     -    1s
     0     0    1.58063    0  181    8.09232    1.58063  80.5%     -    1s
2026-06-21 17:46:10 - INFO -      0     0    1.58063    0  181    8.09232    1.58063  80.5%     -    1s
     0     0    1.58063    0  185    8.09232    1.58063  80.5%     -    1s
2026-06-21 17:46:10 - INFO -      0     0    1.58063    0  185    8.09232    1.58063  80.5%     -    1s
     0     0    1.59830    0  182    8.09232    1.59830  80.2%     -    1s
2026-06-21 17:46:10 - INFO -      0     0    1.59830    0  182    8.09232    1.59830  80.2%     -    1s
     0     0    1.59830    0  182    8.09232    1.59830  80.2%     -    1s
2026-06-21 17:46:10 - INFO -      0     0    1.59830    0  182    8.09232    1.59830  80.2%     -    1s
     0     0    1.59830    0  182    8.09232    1.59830  80.2%     -    1s
2026-06-21 17:46:10 - INFO -      0     0    1.59830    0  182    8.09232    1.59830  80.2%     -    1s
     0     0    1.72885    0  172    8.09232    1.72885  78.6%     -    1s
2026-06-21 17:46:11 - INFO -      0     0    1.72885    0  172    8.09232    1.72885  78.6%     -    1s
     0     0    1.73010    0  190    8.09232    1.73010  78.6%     -    1s
2026-06-21 17:46:11 - INFO -      0     0    1.73010    0  190    8.09232    1.73010  78.6%     -    1s
     0     0    1.73010    0  203    8.09232    1.73010  78.6%     -    1s
2026-06-21 17:46:11 - INFO -      0     0    1.73010    0  203    8.09232    1.73010  78.6%     -    1s
H    0     0                       8.0687673    1.73010  78.6%     -    1s
2026-06-21 17:46:11 - INFO - H    0     0                       8.0687673    1.73010  78.6%     -    1s
     0     0    1.76609    0  189    8.06877    1.76609  78.1%     -    1s
2026-06-21 17:46:11 - INFO -      0     0    1.76609    0  189    8.06877    1.76609  78.1%     -    1s
     0     0    1.76609    0  189    8.06877    1.76609  78.1%     -    1s
2026-06-21 17:46:11 - INFO -      0     0    1.76609    0  189    8.06877    1.76609  78.1%     -    1s
     0     0    1.82919    0  189    8.06877    1.82919  77.3%     -    1s
2026-06-21 17:46:11 - INFO -      0     0    1.82919    0  189    8.06877    1.82919  77.3%     -    1s
     0     0    1.87292    0  199    8.06877    1.87292  76.8%     -    1s
2026-06-21 17:46:11 - INFO -      0     0    1.87292    0  199    8.06877    1.87292  76.8%     -    1s
     0     0    1.87292    0  198    8.06877    1.87292  76.8%     -    1s
2026-06-21 17:46:11 - INFO -      0     0    1.87292    0  198    8.06877    1.87292  76.8%     -    1s
     0     0    1.87292    0  198    8.06877    1.87292  76.8%     -    1s
2026-06-21 17:46:11 - INFO -      0     0    1.87292    0  198    8.06877    1.87292  76.8%     -    1s
     0     0    1.88683    0  194    8.06877    1.88683  76.6%     -    1s
2026-06-21 17:46:11 - INFO -      0     0    1.88683    0  194    8.06877    1.88683  76.6%     -    1s
     0     0    1.88683    0  194    8.06877    1.88683  76.6%     -    1s
2026-06-21 17:46:11 - INFO -      0     0    1.88683    0  194    8.06877    1.88683  76.6%     -    1s
     0     2    1.88683    0  194    8.06877    1.88683  76.6%     -    2s
2026-06-21 17:46:11 - INFO -      0     2    1.88683    0  194    8.06877    1.88683  76.6%     -    2s
   537   632    3.53061    9  227    8.06877    3.44055  57.4%   498    5s
2026-06-21 17:46:14 - INFO -    537   632    3.53061    9  227    8.06877    3.44055  57.4%   498    5s
H 1189  1191                       7.7235785    3.53562  54.2%   350    7s
2026-06-21 17:46:17 - INFO - H 1189  1191                       7.7235785    3.53562  54.2%   350    7s
H 1255  1395                       7.7235403    3.53715  54.2%   339    7s
2026-06-21 17:46:17 - INFO - H 1255  1395                       7.7235403    3.53715  54.2%   339    7s
  2017  2018    4.56187   13  194    7.72354    3.57334  53.7%   277   11s
2026-06-21 17:46:20 - INFO -   2017  2018    4.56187   13  194    7.72354    3.57334  53.7%   277   11s
  2043  2035    3.68061    8  188    7.72354    3.66276  52.6%   274   15s
2026-06-21 17:46:25 - INFO -   2043  2035    3.68061    8  188    7.72354    3.66276  52.6%   274   15s
H 2073  1954                       7.7016320    4.21321  45.3%   278   19s
2026-06-21 17:46:28 - INFO - H 2073  1954                       7.7016320    4.21321  45.3%   278   19s
H 2075  1858                       7.6955544    4.22239  45.1%   278   20s
2026-06-21 17:46:29 - INFO - H 2075  1858                       7.6955544    4.22239  45.1%   278   20s
H 2198  1888                       7.2672660    4.42462  39.1%   281   20s
2026-06-21 17:46:30 - INFO - H 2198  1888                       7.2672660    4.42462  39.1%   281   20s
H 2248  1783                       7.2672190    4.49844  38.1%   280   20s
2026-06-21 17:46:30 - INFO - H 2248  1783                       7.2672190    4.49844  38.1%   280   20s
H 2391  1754                       7.2672189    4.70746  35.2%   282   21s
2026-06-21 17:46:30 - INFO - H 2391  1754                       7.2672189    4.70746  35.2%   282   21s
H 2404  1696                       7.2653423    4.72084  35.0%   283   21s
2026-06-21 17:46:30 - INFO - H 2404  1696                       7.2653423    4.72084  35.0%   283   21s
H 2471  1628                       7.2641338    4.74907  34.6%   284   21s
2026-06-21 17:46:31 - INFO - H 2471  1628                       7.2641338    4.74907  34.6%   284   21s
H 2534  1623                       7.1871560    4.77606  33.5%   282   21s
2026-06-21 17:46:31 - INFO - H 2534  1623                       7.1871560    4.77606  33.5%   282   21s
H 2749  1603                       7.1728949    4.87664  32.0%   286   21s
2026-06-21 17:46:31 - INFO - H 2749  1603                       7.1728949    4.87664  32.0%   286   21s
H 2988  1644                       7.1716730    4.97406  30.6%   290   22s
2026-06-21 17:46:32 - INFO - H 2988  1644                       7.1716730    4.97406  30.6%   290   22s
H 3024  1685                       7.1119657    4.98362  29.9%   290   22s
2026-06-21 17:46:32 - INFO - H 3024  1685                       7.1119657    4.98362  29.9%   290   22s
H 3205  1618                       7.1119657    5.00194  29.7%   284   23s
2026-06-21 17:46:32 - INFO - H 3205  1618                       7.1119657    5.00194  29.7%   284   23s
  3643  1883    5.12337   52  147    7.11197    5.06756  28.7%   276   25s
2026-06-21 17:46:34 - INFO -   3643  1883    5.12337   52  147    7.11197    5.06756  28.7%   276   25s
H 4289  2148                       7.1119657    5.11546  28.1%   264   27s
2026-06-21 17:46:36 - INFO - H 4289  2148                       7.1119657    5.11546  28.1%   264   27s
H 4304  2090                       7.1119657    5.11566  28.1%   263   27s
2026-06-21 17:46:36 - INFO - H 4304  2090                       7.1119657    5.11566  28.1%   263   27s
H 4459  2149                       7.1119656    5.12457  27.9%   260   27s
2026-06-21 17:46:37 - INFO - H 4459  2149                       7.1119656    5.12457  27.9%   260   27s
H 4665  2290                       7.1119656    5.13397  27.8%   254   28s
2026-06-21 17:46:37 - INFO - H 4665  2290                       7.1119656    5.13397  27.8%   254   28s
H 4691  2250                       7.1119656    5.13507  27.8%   253   28s
2026-06-21 17:46:37 - INFO - H 4691  2250                       7.1119656    5.13507  27.8%   253   28s
H 4840  2389                       7.1119656    5.14052  27.7%   250   28s
2026-06-21 17:46:38 - INFO - H 4840  2389                       7.1119656    5.14052  27.7%   250   28s
  5912  3300    5.26087   51  142    7.11197    5.17283  27.3%   226   30s
2026-06-21 17:46:39 - INFO -   5912  3300    5.26087   51  142    7.11197    5.17283  27.3%   226   30s
H 7032  4513                       7.1084970    5.19824  26.9%   207   30s
2026-06-21 17:46:40 - INFO - H 7032  4513                       7.1084970    5.19824  26.9%   207   30s
H 7440  5374                       7.1084970    5.20333  26.8%   201   31s
2026-06-21 17:46:40 - INFO - H 7440  5374                       7.1084970    5.20333  26.8%   201   31s
H 7619  5374                       7.1084970    5.20708  26.7%   198   31s
2026-06-21 17:46:40 - INFO - H 7619  5374                       7.1084970    5.20708  26.7%   198   31s
H 8115  5374                       7.1084969    5.21255  26.7%   192   31s
2026-06-21 17:46:40 - INFO - H 8115  5374                       7.1084969    5.21255  26.7%   192   31s
H 9123  6099                       7.1084969    5.24139  26.3%   183   31s
2026-06-21 17:46:41 - INFO - H 9123  6099                       7.1084969    5.24139  26.3%   183   31s
H10652  7684                       7.1084969    5.28904  25.6%   171   31s
2026-06-21 17:46:41 - INFO - H10652  7684                       7.1084969    5.28904  25.6%   171   31s
H10946  7684                       7.1084969    5.29297  25.5%   169   32s
2026-06-21 17:46:41 - INFO - H10946  7684                       7.1084969    5.29297  25.5%   169   32s
H11210  8625                       7.1084969    5.30238  25.4%   167   32s
2026-06-21 17:46:41 - INFO - H11210  8625                       7.1084969    5.30238  25.4%   167   32s
H12264  9758                       7.1084969    5.31565  25.2%   161   32s
2026-06-21 17:46:42 - INFO - H12264  9758                       7.1084969    5.31565  25.2%   161   32s
H12297  9758                       7.1084969    5.31721  25.2%   160   32s
2026-06-21 17:46:42 - INFO - H12297  9758                       7.1084969    5.31721  25.2%   160   32s
H14251 11309                       7.1084969    5.35372  24.7%   151   33s
2026-06-21 17:46:42 - INFO - H14251 11309                       7.1084969    5.35372  24.7%   151   33s
H18621 14934                       7.1084969    5.41509  23.8%   139   34s
2026-06-21 17:46:43 - INFO - H18621 14934                       7.1084969    5.41509  23.8%   139   34s
 21301 17694    6.39026   64  106    7.10850    5.46298  23.1%   135   35s
2026-06-21 17:46:44 - INFO -  21301 17694    6.39026   64  106    7.10850    5.46298  23.1%   135   35s
H28118 24840                       7.1084969    5.55367  21.9%   127   37s
2026-06-21 17:46:46 - INFO - H28118 24840                       7.1084969    5.55367  21.9%   127   37s
 34797 29940    5.65491   50  119    7.10850    5.61446  21.0%   122   40s
2026-06-21 17:46:50 - INFO -  34797 29940    5.65491   50  119    7.10850    5.61446  21.0%   122   40s
H35418 29940                       7.1084968    5.61711  21.0%   122   40s
2026-06-21 17:46:50 - INFO - H35418 29940                       7.1084968    5.61711  21.0%   122   40s
H36356 30194                       7.1084968    5.63238  20.8%   122   42s
2026-06-21 17:46:52 - INFO - H36356 30194                       7.1084968    5.63238  20.8%   122   42s
H36922 30710                       7.1084968    5.63354  20.7%   122   43s
2026-06-21 17:46:53 - INFO - H36922 30710                       7.1084968    5.63354  20.7%   122   43s
 40599 35565    5.84210   61  116    7.10850    5.64755  20.6%   120   45s
2026-06-21 17:46:55 - INFO -  40599 35565    5.84210   61  116    7.10850    5.64755  20.6%   120   45s
H45414 38763                       7.1084968    5.67714  20.1%   117   46s
2026-06-21 17:46:56 - INFO - H45414 38763                       7.1084968    5.67714  20.1%   117   46s
 56049 50320    5.77822   53   84    7.10850    5.72683  19.4%   112   50s
2026-06-21 17:46:59 - INFO -  56049 50320    5.77822   53   84    7.10850    5.72683  19.4%   112   50s
H62676 53265                       7.1084968    5.74645  19.2%   110   51s
2026-06-21 17:47:01 - INFO - H62676 53265                       7.1084968    5.74645  19.2%   110   51s
H63587 53790                       7.1084968    5.75099  19.1%   109   52s
2026-06-21 17:47:02 - INFO - H63587 53790                       7.1084968    5.75099  19.1%   109   52s
H65138 57360                       7.1084968    5.75459  19.0%   109   54s
2026-06-21 17:47:04 - INFO - H65138 57360                       7.1084968    5.75459  19.0%   109   54s
H66893 57360                       7.1084968    5.75536  19.0%   109   54s
2026-06-21 17:47:04 - INFO - H66893 57360                       7.1084968    5.75536  19.0%   109   54s
 68091 57385    5.84923   65   64    7.10850    5.76379  18.9%   108   55s
2026-06-21 17:47:05 - INFO -  68091 57385    5.84923   65   64    7.10850    5.76379  18.9%   108   55s
H68569 57966                       7.1084968    5.76666  18.9%   108   56s
2026-06-21 17:47:06 - INFO - H68569 57966                       7.1084968    5.76666  18.9%   108   56s
H70198 59537                       7.1084968    5.76780  18.9%   108   57s
2026-06-21 17:47:07 - INFO - H70198 59537                       7.1084968    5.76780  18.9%   108   57s
H73303 62513                       7.1084968    5.76912  18.8%   107   58s
2026-06-21 17:47:08 - INFO - H73303 62513                       7.1084968    5.76912  18.8%   107   58s
 78695 68555    6.43524   52   97    7.10850    5.78225  18.7%   106   60s
2026-06-21 17:47:10 - INFO -  78695 68555    6.43524   52   97    7.10850    5.78225  18.7%   106   60s
H80589 68555                       7.1084968    5.79436  18.5%   106   60s
2026-06-21 17:47:10 - INFO - H80589 68555                       7.1084968    5.79436  18.5%   106   60s
H84367 71161                       7.1084968    5.80529  18.3%   105   61s
2026-06-21 17:47:11 - INFO - H84367 71161                       7.1084968    5.80529  18.3%   105   61s
 94179 81650    6.21510   62   94    7.10850    5.83608  17.9%   103   65s
2026-06-21 17:47:15 - INFO -  94179 81650    6.21510   62   94    7.10850    5.83608  17.9%   103   65s
H102882 86690                       7.1084968    5.85761  17.6%   102   68s
2026-06-21 17:47:18 - INFO - H102882 86690                       7.1084968    5.85761  17.6%   102   68s
H103035 86690                       7.1084968    5.85778  17.6%   102   68s
2026-06-21 17:47:18 - INFO - H103035 86690                       7.1084968    5.85778  17.6%   102   68s
 103277 87199    6.22329   58  115    7.10850    5.86026  17.6%   102   73s
2026-06-21 17:47:22 - INFO -  103277 87199    6.22329   58  115    7.10850    5.86026  17.6%   102   73s
H104439 87759                       7.0890855    5.86103  17.3%   102   74s
2026-06-21 17:47:23 - INFO - H104439 87759                       7.0890855    5.86103  17.3%   102   74s
 104810 91820 infeasible   54         7.08909    5.86132  17.3%   102   75s
2026-06-21 17:47:24 - INFO -  104810 91820 infeasible   54         7.08909    5.86132  17.3%   102   75s
H104999 91777                       7.0812322    5.86132  17.2%   102   75s
2026-06-21 17:47:24 - INFO - H104999 91777                       7.0812322    5.86132  17.2%   102   75s
H108842 91398                       7.0326996    5.86206  16.6%   102   75s
2026-06-21 17:47:24 - INFO - H108842 91398                       7.0326996    5.86206  16.6%   102   75s
H109800 93993                       7.0231319    5.87343  16.4%   102   76s
2026-06-21 17:47:26 - INFO - H109800 93993                       7.0231319    5.87343  16.4%   102   76s
 123824 104710    6.43952   57  110    7.02313    5.90419  15.9%   100   80s
2026-06-21 17:47:30 - INFO -  123824 104710    6.43952   57  110    7.02313    5.90419  15.9%   100   80s
H131090 108753                       6.9167056    5.91920  14.4%  99.2   83s
2026-06-21 17:47:33 - INFO - H131090 108753                       6.9167056    5.91920  14.4%  99.2   83s
H133493 110135                       6.9007531    5.92443  14.1%  99.0   84s
2026-06-21 17:47:34 - INFO - H133493 110135                       6.9007531    5.92443  14.1%  99.0   84s
H133493 109693                       6.8760414    5.92443  13.8%  99.0   84s
2026-06-21 17:47:34 - INFO - H133493 109693                       6.8760414    5.92443  13.8%  99.0   84s
H134255 108309                       6.8035458    5.92503  12.9%  98.9   84s
2026-06-21 17:47:34 - INFO - H134255 108309                       6.8035458    5.92503  12.9%  98.9   84s
 135713 110672    6.09542   57   79    6.80355    5.92929  12.9%  98.9   86s
2026-06-21 17:47:35 - INFO -  135713 110672    6.09542   57   79    6.80355    5.92929  12.9%  98.9   86s
H146375 116500                       6.8035458    5.95124  12.5%  98.5   88s
2026-06-21 17:47:38 - INFO - H146375 116500                       6.8035458    5.95124  12.5%  98.5   88s
H146543 116523                       6.8035458    5.95235  12.5%  98.5   89s
2026-06-21 17:47:38 - INFO - H146543 116523                       6.8035458    5.95235  12.5%  98.5   89s
 146559 116940    6.15103   67   64    6.80355    5.95272  12.5%  98.6   90s
2026-06-21 17:47:39 - INFO -  146559 116940    6.15103   67   64    6.80355    5.95272  12.5%  98.6   90s
H146561 116940                       6.8035458    5.95276  12.5%  98.6   90s
2026-06-21 17:47:39 - INFO - H146561 116940                       6.8035458    5.95276  12.5%  98.6   90s
H147090 117544                       6.8035458    5.95327  12.5%  98.5   91s
2026-06-21 17:47:40 - INFO - H147090 117544                       6.8035458    5.95327  12.5%  98.5   91s
H147236 117544                       6.8035458    5.95336  12.5%  98.5   91s
2026-06-21 17:47:40 - INFO - H147236 117544                       6.8035458    5.95336  12.5%  98.5   91s
H147410 117544                       6.8035457    5.95346  12.5%  98.5   91s
2026-06-21 17:47:40 - INFO - H147410 117544                       6.8035457    5.95346  12.5%  98.5   91s
H148016 117544                       6.8035457    5.95377  12.5%  98.5   91s
2026-06-21 17:47:40 - INFO - H148016 117544                       6.8035457    5.95377  12.5%  98.5   91s
H152248 122815                       6.8035457    5.95507  12.5%  98.2   93s
2026-06-21 17:47:43 - INFO - H152248 122815                       6.8035457    5.95507  12.5%  98.2   93s
H152486 122815                       6.8035457    5.95527  12.5%  98.2   93s
2026-06-21 17:47:43 - INFO - H152486 122815                       6.8035457    5.95527  12.5%  98.2   93s
H155448 124600                       6.8035456    5.96695  12.3%  98.1   94s
2026-06-21 17:47:44 - INFO - H155448 124600                       6.8035456    5.96695  12.3%  98.1   94s
H156399 124600                       6.8035456    5.96785  12.3%  98.0   94s
2026-06-21 17:47:44 - INFO - H156399 124600                       6.8035456    5.96785  12.3%  98.0   94s
 157345 125549    6.59815   55  118    6.80355    5.97188  12.2%  98.0   96s
2026-06-21 17:47:45 - INFO -  157345 125549    6.59815   55  118    6.80355    5.97188  12.2%  98.0   96s
H157346 125549                       6.8035456    5.97188  12.2%  98.0   96s
2026-06-21 17:47:45 - INFO - H157346 125549                       6.8035456    5.97188  12.2%  98.0   96s
H162652 130339                       6.8035456    5.97532  12.2%  97.8   98s
2026-06-21 17:47:48 - INFO - H162652 130339                       6.8035456    5.97532  12.2%  97.8   98s
H163663 130339                       6.8035456    5.97591  12.2%  97.8   98s
2026-06-21 17:47:48 - INFO - H163663 130339                       6.8035456    5.97591  12.2%  97.8   98s
 165112 133316    6.02469   51   95    6.80355    5.98531  12.0%  97.7  100s
2026-06-21 17:47:49 - INFO -  165112 133316    6.02469   51   95    6.80355    5.98531  12.0%  97.7  100s
H173739 138002                       6.8035455    6.00081  11.8%  97.3  103s
2026-06-21 17:47:52 - INFO - H173739 138002                       6.8035455    6.00081  11.8%  97.3  103s
 175693 140687    6.41176   57   93    6.80355    6.00492  11.7%  97.3  105s
2026-06-21 17:47:55 - INFO -  175693 140687    6.41176   57   93    6.80355    6.00492  11.7%  97.3  105s
H178559 140687                       6.8035455    6.00599  11.7%  97.2  105s
2026-06-21 17:47:55 - INFO - H178559 140687                       6.8035455    6.00599  11.7%  97.2  105s
 186818 147835    6.49702   59   82    6.80355    6.02149  11.5%  96.9  110s
2026-06-21 17:48:00 - INFO -  186818 147835    6.49702   59   82    6.80355    6.02149  11.5%  96.9  110s
H188178 147835                       6.8035455    6.02193  11.5%  96.9  110s
2026-06-21 17:48:00 - INFO - H188178 147835                       6.8035455    6.02193  11.5%  96.9  110s
 196722 157222    6.41651   59  125    6.80355    6.03823  11.2%  96.5  117s
2026-06-21 17:48:07 - INFO -  196722 157222    6.41651   59  125    6.80355    6.03823  11.2%  96.5  117s
 206257 162222    6.14889   59   91    6.80355    6.04946  11.1%  96.1  120s
2026-06-21 17:48:09 - INFO -  206257 162222    6.14889   59   91    6.80355    6.04946  11.1%  96.1  120s
H208882 162222                       6.8035455    6.05020  11.1%  95.9  120s
2026-06-21 17:48:09 - INFO - H208882 162222                       6.8035455    6.05020  11.1%  95.9  120s
 214732 168015    6.13617   64   53    6.80355    6.06226  10.9%  95.8  125s
2026-06-21 17:48:15 - INFO -  214732 168015    6.13617   64   53    6.80355    6.06226  10.9%  95.8  125s
 229807 178441 infeasible   59         6.80355    6.08292  10.6%  95.3  130s
2026-06-21 17:48:20 - INFO -  229807 178441 infeasible   59         6.80355    6.08292  10.6%  95.3  130s
H231127 178441                       6.8035455    6.08330  10.6%  95.2  130s
2026-06-21 17:48:20 - INFO - H231127 178441                       6.8035455    6.08330  10.6%  95.2  130s
H235850 180838                       6.8035455    6.08818  10.5%  95.1  132s
2026-06-21 17:48:21 - INFO - H235850 180838                       6.8035455    6.08818  10.5%  95.1  132s
H241239 184482                       6.8035455    6.09639  10.4%  94.9  134s
2026-06-21 17:48:23 - INFO - H241239 184482                       6.8035455    6.09639  10.4%  94.9  134s
 241706 186368    6.16939   61   57    6.80355    6.09836  10.4%  94.9  137s
2026-06-21 17:48:27 - INFO -  241706 186368    6.16939   61   57    6.80355    6.09836  10.4%  94.9  137s
 245041 186874    6.45182   60   61    6.80355    6.10282  10.3%  94.7  140s
2026-06-21 17:48:29 - INFO -  245041 186874    6.45182   60   61    6.80355    6.10282  10.3%  94.7  140s
H248106 190155                       6.8035455    6.10405  10.3%  94.6  142s
2026-06-21 17:48:32 - INFO - H248106 190155                       6.8035455    6.10405  10.3%  94.6  142s
 254173 195730    6.72649   61   80    6.80355    6.10669  10.2%  94.3  145s
2026-06-21 17:48:35 - INFO -  254173 195730    6.72649   61   80    6.80355    6.10669  10.2%  94.3  145s
 268359 205049    6.25085   57   54    6.80355    6.12490  10.0%  93.7  150s
2026-06-21 17:48:40 - INFO -  268359 205049    6.25085   57   54    6.80355    6.12490  10.0%  93.7  150s
 280585 213243 infeasible   59         6.80355    6.13368  9.85%  93.1  155s
2026-06-21 17:48:45 - INFO -  280585 213243 infeasible   59         6.80355    6.13368  9.85%  93.1  155s
H282656 213243                       6.8035454    6.13431  9.84%  93.0  155s
2026-06-21 17:48:45 - INFO - H282656 213243                       6.8035454    6.13431  9.84%  93.0  155s
 292643 222071     cutoff   62         6.80355    6.13992  9.75%  92.6  160s
2026-06-21 17:48:50 - INFO -  292643 222071     cutoff   62         6.80355    6.13992  9.75%  92.6  160s
 305109 228536    6.18457   60   68    6.80355    6.15123  9.59%  92.1  165s
2026-06-21 17:48:55 - INFO -  305109 228536    6.18457   60   68    6.80355    6.15123  9.59%  92.1  165s
 306778 230454    6.34522   61   71    6.80355    6.15222  9.57%  92.0  170s
2026-06-21 17:48:59 - INFO -  306778 230454    6.34522   61   71    6.80355    6.15222  9.57%  92.0  170s
 317716 238448    6.30467   62   60    6.80355    6.15905  9.47%  91.6  175s
2026-06-21 17:49:05 - INFO -  317716 238448    6.30467   62   60    6.80355    6.15905  9.47%  91.6  175s
 325927 244694     cutoff   58         6.80355    6.16528  9.38%  91.3  180s
2026-06-21 17:49:10 - INFO -  325927 244694     cutoff   58         6.80355    6.16528  9.38%  91.3  180s
 339453 254449    6.45616   59   53    6.80355    6.17498  9.24%  90.9  186s
2026-06-21 17:49:15 - INFO -  339453 254449    6.45616   59   53    6.80355    6.17498  9.24%  90.9  186s
 352217 261278    6.25718   60   75    6.80355    6.18403  9.11%  90.6  190s
2026-06-21 17:49:20 - INFO -  352217 261278    6.25718   60   75    6.80355    6.18403  9.11%  90.6  190s
 362268 268362    6.45806   63   51    6.80355    6.19066  9.01%  90.4  195s
2026-06-21 17:49:24 - INFO -  362268 268362    6.45806   63   51    6.80355    6.19066  9.01%  90.4  195s
 371637 275479 infeasible   56         6.80355    6.19636  8.92%  90.1  201s
2026-06-21 17:49:30 - INFO -  371637 275479 infeasible   56         6.80355    6.19636  8.92%  90.1  201s
 381070 281956    6.25212   58   70    6.80355    6.20196  8.84%  89.7  205s
2026-06-21 17:49:34 - INFO -  381070 281956    6.25212   58   70    6.80355    6.20196  8.84%  89.7  205s
 392035 287809    6.37362   65   59    6.80355    6.20917  8.74%  89.4  211s
2026-06-21 17:49:40 - INFO -  392035 287809    6.37362   65   59    6.80355    6.20917  8.74%  89.4  211s
 400429 294786    6.44800   57   70    6.80355    6.21474  8.65%  89.2  215s
2026-06-21 17:49:45 - INFO -  400429 294786    6.44800   57   70    6.80355    6.21474  8.65%  89.2  215s
 413235 302480    6.32950   60   78    6.80355    6.22230  8.54%  88.9  220s
2026-06-21 17:49:50 - INFO -  413235 302480    6.32950   60   78    6.80355    6.22230  8.54%  88.9  220s
 423654 308426    6.27821   67   71    6.80355    6.22835  8.45%  88.7  225s
2026-06-21 17:49:54 - INFO -  423654 308426    6.27821   67   71    6.80355    6.22835  8.45%  88.7  225s
 432720 313667    6.42346   60  105    6.80355    6.23405  8.37%  88.4  231s
2026-06-21 17:50:00 - INFO -  432720 313667    6.42346   60  105    6.80355    6.23405  8.37%  88.4  231s
H433733 313667                       6.8035454    6.23418  8.37%  88.4  231s
2026-06-21 17:50:00 - INFO - H433733 313667                       6.8035454    6.23418  8.37%  88.4  231s
H439098 317855                       6.8035454    6.23491  8.36%  88.2  234s
2026-06-21 17:50:04 - INFO - H439098 317855                       6.8035454    6.23491  8.36%  88.2  234s
 440859 320414    6.43960   63   82    6.80355    6.23750  8.32%  88.2  236s
2026-06-21 17:50:05 - INFO -  440859 320414    6.43960   63   82    6.80355    6.23750  8.32%  88.2  236s
 450765 326322    6.27604   58  104    6.80355    6.24488  8.21%  87.9  240s
2026-06-21 17:50:09 - INFO -  450765 326322    6.27604   58  104    6.80355    6.24488  8.21%  87.9  240s
H456675 328674                       6.8035454    6.24670  8.18%  87.7  241s
2026-06-21 17:50:11 - INFO - H456675 328674                       6.8035454    6.24670  8.18%  87.7  241s
 462658 333816    6.61281   60   94    6.80355    6.25088  8.12%  87.6  246s
2026-06-21 17:50:15 - INFO -  462658 333816    6.61281   60   94    6.80355    6.25088  8.12%  87.6  246s
 472829 339562    6.31708   60   46    6.80355    6.25652  8.04%  87.3  250s
2026-06-21 17:50:19 - INFO -  472829 339562    6.31708   60   46    6.80355    6.25652  8.04%  87.3  250s
 479738 343764    6.28212   64   72    6.80355    6.26077  7.98%  87.2  255s
2026-06-21 17:50:24 - INFO -  479738 343764    6.28212   64   72    6.80355    6.26077  7.98%  87.2  255s
 493372 352541    6.51910   68   26    6.80355    6.26576  7.90%  86.9  261s
2026-06-21 17:50:30 - INFO -  493372 352541    6.51910   68   26    6.80355    6.26576  7.90%  86.9  261s
 499287 356691     cutoff   57         6.80355    6.27101  7.83%  86.8  265s
2026-06-21 17:50:35 - INFO -  499287 356691     cutoff   57         6.80355    6.27101  7.83%  86.8  265s
 507141 361392    6.40276   61   86    6.80355    6.27490  7.77%  86.6  270s
2026-06-21 17:50:40 - INFO -  507141 361392    6.40276   61   86    6.80355    6.27490  7.77%  86.6  270s
 515453 367515    6.54906   65   50    6.80355    6.27681  7.74%  86.4  276s
2026-06-21 17:50:46 - INFO -  515453 367515    6.54906   65   50    6.80355    6.27681  7.74%  86.4  276s
 525477 372699    6.30929   63   70    6.80355    6.28281  7.65%  86.2  280s
2026-06-21 17:50:49 - INFO -  525477 372699    6.30929   63   70    6.80355    6.28281  7.65%  86.2  280s
 537462 379403    6.46037   63   28    6.80355    6.28905  7.56%  85.9  285s
2026-06-21 17:50:55 - INFO -  537462 379403    6.46037   63   28    6.80355    6.28905  7.56%  85.9  285s
 544001 382356 infeasible   70         6.80355    6.29097  7.53%  85.7  290s
2026-06-21 17:50:59 - INFO -  544001 382356 infeasible   70         6.80355    6.29097  7.53%  85.7  290s
 553411 387870    6.61177   55  111    6.80355    6.29455  7.48%  85.5  297s
2026-06-21 17:51:06 - INFO -  553411 387870    6.61177   55  111    6.80355    6.29455  7.48%  85.5  297s
H553418 387870                       6.8035453    6.29473  7.48%  85.5  297s
2026-06-21 17:51:06 - INFO - H553418 387870                       6.8035453    6.29473  7.48%  85.5  297s
 556198 391239 infeasible   61         6.80355    6.29582  7.46%  85.5  300s
2026-06-21 17:51:09 - INFO -  556198 391239 infeasible   61         6.80355    6.29582  7.46%  85.5  300s

2026-06-21 17:51:09 - INFO - 
Cutting planes:
2026-06-21 17:51:09 - INFO - Cutting planes:
  Learned: 241
2026-06-21 17:51:09 - INFO -   Learned: 241
  Gomory: 239
2026-06-21 17:51:09 - INFO -   Gomory: 239
  Lift-and-project: 452
2026-06-21 17:51:09 - INFO -   Lift-and-project: 452
  Cover: 693
2026-06-21 17:51:09 - INFO -   Cover: 693
  Implied bound: 33
2026-06-21 17:51:09 - INFO -   Implied bound: 33
  Clique: 2
2026-06-21 17:51:09 - INFO -   Clique: 2
  MIR: 660
2026-06-21 17:51:09 - INFO -   MIR: 660
  Mixing: 55
2026-06-21 17:51:09 - INFO -   Mixing: 55
  StrongCG: 3
2026-06-21 17:51:09 - INFO -   StrongCG: 3
  Flow cover: 2490
2026-06-21 17:51:09 - INFO -   Flow cover: 2490
  Inf proof: 969
2026-06-21 17:51:09 - INFO -   Inf proof: 969
  Zero half: 323
2026-06-21 17:51:09 - INFO -   Zero half: 323
  RLT: 78
2026-06-21 17:51:09 - INFO -   RLT: 78
  Relax-and-lift: 315
2026-06-21 17:51:09 - INFO -   Relax-and-lift: 315
  PSD: 6
2026-06-21 17:51:09 - INFO -   PSD: 6

2026-06-21 17:51:09 - INFO - 
Explored 559438 nodes (47777570 simplex iterations) in 300.07 seconds (496.67 work units)
2026-06-21 17:51:09 - INFO - Explored 559438 nodes (47777570 simplex iterations) in 300.07 seconds (496.67 work units)
Thread count was 28 (of 28 available processors)
2026-06-21 17:51:09 - INFO - Thread count was 28 (of 28 available processors)

2026-06-21 17:51:09 - INFO - 
Solution count 10: 6.80355 6.80355 6.80355 ... 6.91671
2026-06-21 17:51:09 - INFO - Solution count 10: 6.80355 6.80355 6.80355 ... 6.91671

2026-06-21 17:51:09 - INFO - 
Time limit reached
2026-06-21 17:51:09 - INFO - Time limit reached
Best objective 6.803545348991e+00, best bound 6.296498648924e+00, gap 7.4527%
2026-06-21 17:51:09 - INFO - Best objective 6.803545348991e+00, best bound 6.296498648924e+00, gap 7.4527%
[EMIB] Solve done: MIPGap=0.0, status=Feasible, Obj=6.803545, time=300.07s, SolCount=10


================================================================================
ILP MODEL ANALYSIS REPORT - Chiplet Placement ILP (Gap=0.0)
Generated: 2026-06-21 17:51:09
================================================================================

[MODEL STRUCTURE]
  Constraints (rows):                   1213
  Variables (columns):                   567
  Non-zero elements:                    4073
  Objective coefficients:                  4

[VARIABLE TYPES]
  Continuous:                            240
  Integer:                                 0
  Binary:                                327

[CONSTRAINT TYPES]
  <= constraints:                              678
  == constraints:                              168
  >= constraints:                              367

[COEFFICIENT STATISTICS]
  Matrix range:              [2.93e-01, 5.93e+03]
  Objective range:           [4.30e-06, 1.06e-01]
  Bounds range:              [-2.46e+02, 1.71e+07]

[SOLVE STATISTICS]
  Status:                    Time Limit
  Objective value:                  6.803545
  Best bound:                       6.296499
  MIP gap:                           7.4527%
  Solve time (s):                     300.07
  Solutions found:                        10
  Nodes explored:                   559438.0
  Simplex iterations:             47777570.0

[MEMORY USAGE]
  Initial memory:                     97.29 MB
  Peak memory:                      2172.89 MB
  Final memory:                     2172.89 MB
  Peak increase:                    2075.60 MB
  Final increase:                   2075.60 MB

================================================================================

================================================================================
[OBJECTIVE FUNCTION BREAKDOWN - SOLUTION VALUES]
================================================================================

[Actual Variable Values]
  wirelength: 4.537549e+04
  bbox_area_proxy_t: 4.960000e+01
  aspect_ratio_penalty: 4.000001e+00
  power_aware_penalty: 6.121217e+05

[Normalized Values]
  norm_wirelength = 4.537549e+04 / 5.437364e+04 = 8.345125e-01
  norm_t = 4.960000e+01 / 5.663921e+01 = 8.757184e-01
  norm_aspect = 4.000001e+00 / 5.500000e+01 = 7.272729e-02
  norm_power = 6.121217e+05 / 3.490391e+05 = 1.753734e+00

[Weighted Contributions]
  1. Wirelength: 5.000000e+00 * 8.345125e-01 = 4.172563e+00
  2. Area: 6.000000e+00 * 8.757184e-01 = 5.254311e+00
  3. Aspect Ratio: 1.000000e-01 * 7.272729e-02 = 7.272729e-03
  4. Power Awareness: -1.500000e+00 * 1.753734e+00 = -2.630601e+00

[Total Objective Value]
  4.172563e+00 + 5.254311e+00 + 7.272729e-03 - 2.630601e+00
  = 6.803545e+00
================================================================================

[EMIB] Solve succeeded (Feasible)
[EMIB] placement JSON saved: /root/placement/MPDAP/output_gurobi_EMIB_chiplet_5_6_01_15/placement/syn1.json
[EMIB] Layout figure saved: /root/placement/MPDAP/output_gurobi_EMIB_chiplet_5_6_01_15/fig/syn1_core/solution_1_layout_gurobi.png
2026-06-21 17:51:11 - INFO - 
EMIB returned 1 solution(s) (max 1).
  ✓ EMIB: 1 solution(s)

================================================================================
Batch test done (Gurobi)
  Total time: 301.86 s
================================================================================
File summary:
  Success: 1/1
  Failed: 0/1
Solution count:
  Found: 1/1

Details:
  ✓ syn1.json -> syn1_core: 1 solution(s)
    Log dir: /root/placement/MPDAP/output_gurobi_EMIB_chiplet_5_6_01_15/log/syn1_core
    LP dir: /root/placement/MPDAP/output_gurobi_EMIB_chiplet_5_6_01_15/lp/syn1_core
    Fig dir: /root/placement/MPDAP/output_gurobi_EMIB_chiplet_5_6_01_15/fig/syn1_core
    Placement: /root/placement/MPDAP/output_gurobi_EMIB_chiplet_5_6_01_15/placement/syn1.json
================================================================================

