
================================================================================
Batch test start (Gurobi)
================================================================================
Test input dir: /root/placement/MPDAP/benchmark/test_input
Output base dir: /root/placement/MPDAP/output_gurobi_EMIB_chiplet_5_6_01_14
Found 1 test file(s)
Files to process: syn5.json
================================================================================


[1/1] Processing: syn5.json
  Core name: syn5_core
  Log dir: /root/placement/MPDAP/output_gurobi_EMIB_chiplet_5_6_01_14/log/syn5_core
  LP dir: /root/placement/MPDAP/output_gurobi_EMIB_chiplet_5_6_01_14/lp/syn5_core
  Fig dir: /root/placement/MPDAP/output_gurobi_EMIB_chiplet_5_6_01_14/fig/syn5_core
  Placement file: /root/placement/MPDAP/output_gurobi_EMIB_chiplet_5_6_01_14/placement/syn5.json
2026-06-21 18:09:37 - INFO - Calling EMIB solver (Gurobi)...
node 0 w: 7.0, h: 5.0
node 1 w: 5.0, h: 5.0
node 2 w: 6.0, h: 5.0
node 3 w: 7.0, h: 8.0
node 4 w: 5.0, h: 5.0
node 5 w: 5.0, h: 5.0
node 6 w: 9.0, h: 6.0
node 7 w: 8.0, h: 8.0
node 8 w: 6.0, h: 8.0
node 9 w: 8.0, h: 9.0
node 10 w: 6.0, h: 6.0
node 11 w: 8.0, h: 9.0
node 12 w: 9.0, h: 5.0
node 13 w: 7.0, h: 7.0
  (A,D): node1=A, node2=D, wireCount=256, EMIBType=interfaceB, EMIB_length=0.8533, EMIB_max_width=3.0, width=2.0, height=0.8533, bump_width=1.0000
  (A,K): node1=A, node2=K, wireCount=128, EMIBType=interfaceC, EMIB_length=3.2, EMIB_max_width=99.0, width=1.0, height=3.2, bump_width=0.5000
  (A,N): node1=A, node2=N, wireCount=128, EMIBType=interfaceC, EMIB_length=3.2, EMIB_max_width=99.0, width=1.0, height=3.2, bump_width=0.5000
  (B,D): node1=B, node2=D, wireCount=128, EMIBType=interfaceC, EMIB_length=3.2, EMIB_max_width=99.0, width=1.0, height=3.2, bump_width=0.5000
  (B,H): node1=B, node2=H, wireCount=256, EMIBType=interfaceB, EMIB_length=0.8533, EMIB_max_width=3.0, width=2.0, height=0.8533, bump_width=1.0000
  (B,I): node1=B, node2=I, wireCount=128, EMIBType=interfaceC, EMIB_length=3.2, EMIB_max_width=99.0, width=1.0, height=3.2, bump_width=0.5000
  (C,L): node1=C, node2=L, wireCount=256, EMIBType=interfaceB, EMIB_length=0.8533, EMIB_max_width=3.0, width=2.0, height=0.8533, bump_width=1.0000
  (C,M): node1=C, node2=M, wireCount=256, EMIBType=interfaceB, EMIB_length=0.8533, EMIB_max_width=3.0, width=2.0, height=0.8533, bump_width=1.0000
  (D,E): node1=D, node2=E, wireCount=128, EMIBType=interfaceC, EMIB_length=3.2, EMIB_max_width=99.0, width=1.0, height=3.2, bump_width=0.5000
  (D,F): node1=D, node2=F, wireCount=128, EMIBType=interfaceC, EMIB_length=3.2, EMIB_max_width=99.0, width=1.0, height=3.2, bump_width=0.5000
  (D,H): node1=D, node2=H, wireCount=512, EMIBType=interfaceB, EMIB_length=1.7067, EMIB_max_width=3.0, width=2.0, height=1.7067, bump_width=1.0000
  (D,K): node1=D, node2=K, wireCount=512, EMIBType=interfaceB, EMIB_length=1.7067, EMIB_max_width=3.0, width=2.0, height=1.7067, bump_width=1.0000
  (E,F): node1=E, node2=F, wireCount=128, EMIBType=interfaceC, EMIB_length=3.2, EMIB_max_width=99.0, width=1.0, height=3.2, bump_width=0.5000
  (E,G): node1=E, node2=G, wireCount=256, EMIBType=interfaceB, EMIB_length=0.8533, EMIB_max_width=3.0, width=2.0, height=0.8533, bump_width=1.0000
  (E,I): node1=E, node2=I, wireCount=256, EMIBType=interfaceB, EMIB_length=0.8533, EMIB_max_width=3.0, width=2.0, height=0.8533, bump_width=1.0000
  (E,J): node1=E, node2=J, wireCount=128, EMIBType=interfaceC, EMIB_length=3.2, EMIB_max_width=99.0, width=1.0, height=3.2, bump_width=0.5000
  (E,N): node1=E, node2=N, wireCount=128, EMIBType=interfaceC, EMIB_length=3.2, EMIB_max_width=99.0, width=1.0, height=3.2, bump_width=0.5000
  (F,G): node1=F, node2=G, wireCount=128, EMIBType=interfaceC, EMIB_length=3.2, EMIB_max_width=99.0, width=1.0, height=3.2, bump_width=0.5000
  (F,M): node1=F, node2=M, wireCount=128, EMIBType=interfaceC, EMIB_length=3.2, EMIB_max_width=99.0, width=1.0, height=3.2, bump_width=0.5000
  (F,N): node1=F, node2=N, wireCount=256, EMIBType=interfaceB, EMIB_length=0.8533, EMIB_max_width=3.0, width=2.0, height=0.8533, bump_width=1.0000
  (G,K): node1=G, node2=K, wireCount=512, EMIBType=interfaceB, EMIB_length=1.7067, EMIB_max_width=3.0, width=2.0, height=1.7067, bump_width=1.0000
  (H,K): node1=H, node2=K, wireCount=128, EMIBType=interfaceC, EMIB_length=3.2, EMIB_max_width=99.0, width=1.0, height=3.2, bump_width=0.5000
  (H,L): node1=H, node2=L, wireCount=256, EMIBType=interfaceB, EMIB_length=0.8533, EMIB_max_width=3.0, width=2.0, height=0.8533, bump_width=1.0000
  (H,M): node1=H, node2=M, wireCount=128, EMIBType=interfaceC, EMIB_length=3.2, EMIB_max_width=99.0, width=1.0, height=3.2, bump_width=0.5000
  (I,K): node1=I, node2=K, wireCount=128, EMIBType=interfaceC, EMIB_length=3.2, EMIB_max_width=99.0, width=1.0, height=3.2, bump_width=0.5000
  (I,M): node1=I, node2=M, wireCount=512, EMIBType=interfaceB, EMIB_length=1.7067, EMIB_max_width=3.0, width=2.0, height=1.7067, bump_width=1.0000
  (J,N): node1=J, node2=N, wireCount=128, EMIBType=interfaceC, EMIB_length=3.2, EMIB_max_width=99.0, width=1.0, height=3.2, bump_width=0.5000
  (K,M): node1=K, node2=M, wireCount=256, EMIBType=interfaceB, EMIB_length=0.8533, EMIB_max_width=3.0, width=2.0, height=0.8533, bump_width=1.0000
  (L,N): node1=L, node2=N, wireCount=128, EMIBType=interfaceC, EMIB_length=3.2, EMIB_max_width=99.0, width=1.0, height=3.2, bump_width=0.5000
  (0,3): [A, D, 256, interfaceB, 0.8533, 3.0]
  (0,10): [A, K, 128, interfaceC, 3.2, 99.0]
  (0,13): [A, N, 128, interfaceC, 3.2, 99.0]
  (1,3): [B, D, 128, interfaceC, 3.2, 99.0]
  (1,7): [B, H, 256, interfaceB, 0.8533, 3.0]
  (1,8): [B, I, 128, interfaceC, 3.2, 99.0]
  (2,11): [C, L, 256, interfaceB, 0.8533, 3.0]
  (2,12): [C, M, 256, interfaceB, 0.8533, 3.0]
  (3,4): [D, E, 128, interfaceC, 3.2, 99.0]
  (3,5): [D, F, 128, interfaceC, 3.2, 99.0]
  (3,7): [D, H, 512, interfaceB, 1.7067, 3.0]
  (3,10): [D, K, 512, interfaceB, 1.7067, 3.0]
  (4,5): [E, F, 128, interfaceC, 3.2, 99.0]
  (4,6): [E, G, 256, interfaceB, 0.8533, 3.0]
  (4,8): [E, I, 256, interfaceB, 0.8533, 3.0]
  (4,9): [E, J, 128, interfaceC, 3.2, 99.0]
  (4,13): [E, N, 128, interfaceC, 3.2, 99.0]
  (5,6): [F, G, 128, interfaceC, 3.2, 99.0]
  (5,12): [F, M, 128, interfaceC, 3.2, 99.0]
  (5,13): [F, N, 256, interfaceB, 0.8533, 3.0]
  (6,10): [G, K, 512, interfaceB, 1.7067, 3.0]
  (7,10): [H, K, 128, interfaceC, 3.2, 99.0]
  (7,11): [H, L, 256, interfaceB, 0.8533, 3.0]
  (7,12): [H, M, 128, interfaceC, 3.2, 99.0]
  (8,10): [I, K, 128, interfaceC, 3.2, 99.0]
  (8,12): [I, M, 512, interfaceB, 1.7067, 3.0]
  (9,13): [J, N, 128, interfaceC, 3.2, 99.0]
  (10,12): [K, M, 256, interfaceB, 0.8533, 3.0]
  (11,13): [L, N, 128, interfaceC, 3.2, 99.0]
Set parameter WLSAccessID
2026-06-21 18:09:37 - INFO - Set parameter WLSAccessID
Set parameter WLSSecret
2026-06-21 18:09:37 - INFO - Set parameter WLSSecret
Set parameter LicenseID to value 2756663
2026-06-21 18:09:37 - INFO - Set parameter LicenseID to value 2756663
Academic license 2756663 - for non-commercial use only - registered to hu___@sjtu.edu.cn
2026-06-21 18:09:37 - INFO - Academic license 2756663 - for non-commercial use only - registered to hu___@sjtu.edu.cn
EMIB_w_var: {(0, 3): <gurobi.Var *Awaiting Model Update*>, (1, 7): <gurobi.Var *Awaiting Model Update*>, (2, 11): <gurobi.Var *Awaiting Model Update*>, (2, 12): <gurobi.Var *Awaiting Model Update*>, (3, 7): <gurobi.Var *Awaiting Model Update*>, (3, 10): <gurobi.Var *Awaiting Model Update*>, (4, 6): <gurobi.Var *Awaiting Model Update*>, (4, 8): <gurobi.Var *Awaiting Model Update*>, (5, 13): <gurobi.Var *Awaiting Model Update*>, (6, 10): <gurobi.Var *Awaiting Model Update*>, (7, 11): <gurobi.Var *Awaiting Model Update*>, (8, 12): <gurobi.Var *Awaiting Model Update*>, (10, 12): <gurobi.Var *Awaiting Model Update*>}
EMIB_h_var: {(0, 3): <gurobi.Var *Awaiting Model Update*>, (1, 7): <gurobi.Var *Awaiting Model Update*>, (2, 11): <gurobi.Var *Awaiting Model Update*>, (2, 12): <gurobi.Var *Awaiting Model Update*>, (3, 7): <gurobi.Var *Awaiting Model Update*>, (3, 10): <gurobi.Var *Awaiting Model Update*>, (4, 6): <gurobi.Var *Awaiting Model Update*>, (4, 8): <gurobi.Var *Awaiting Model Update*>, (5, 13): <gurobi.Var *Awaiting Model Update*>, (6, 10): <gurobi.Var *Awaiting Model Update*>, (7, 11): <gurobi.Var *Awaiting Model Update*>, (8, 12): <gurobi.Var *Awaiting Model Update*>, (10, 12): <gurobi.Var *Awaiting Model Update*>}
EMIB_connected_pairs: {(0, 3): EMIBNode(node1='A', node2='D', wireCount=256, EMIBType='interfaceB', EMIB_length=0.8533, EMIB_bump_width=1.0, EMIB_max_width=3.0, width=2.0, height=0.8533), (1, 7): EMIBNode(node1='B', node2='H', wireCount=256, EMIBType='interfaceB', EMIB_length=0.8533, EMIB_bump_width=1.0, EMIB_max_width=3.0, width=2.0, height=0.8533), (2, 11): EMIBNode(node1='C', node2='L', wireCount=256, EMIBType='interfaceB', EMIB_length=0.8533, EMIB_bump_width=1.0, EMIB_max_width=3.0, width=2.0, height=0.8533), (2, 12): EMIBNode(node1='C', node2='M', wireCount=256, EMIBType='interfaceB', EMIB_length=0.8533, EMIB_bump_width=1.0, EMIB_max_width=3.0, width=2.0, height=0.8533), (3, 7): EMIBNode(node1='D', node2='H', wireCount=512, EMIBType='interfaceB', EMIB_length=1.7067, EMIB_bump_width=1.0, EMIB_max_width=3.0, width=2.0, height=1.7067), (3, 10): EMIBNode(node1='D', node2='K', wireCount=512, EMIBType='interfaceB', EMIB_length=1.7067, EMIB_bump_width=1.0, EMIB_max_width=3.0, width=2.0, height=1.7067), (4, 6): EMIBNode(node1='E', node2='G', wireCount=256, EMIBType='interfaceB', EMIB_length=0.8533, EMIB_bump_width=1.0, EMIB_max_width=3.0, width=2.0, height=0.8533), (4, 8): EMIBNode(node1='E', node2='I', wireCount=256, EMIBType='interfaceB', EMIB_length=0.8533, EMIB_bump_width=1.0, EMIB_max_width=3.0, width=2.0, height=0.8533), (5, 13): EMIBNode(node1='F', node2='N', wireCount=256, EMIBType='interfaceB', EMIB_length=0.8533, EMIB_bump_width=1.0, EMIB_max_width=3.0, width=2.0, height=0.8533), (6, 10): EMIBNode(node1='G', node2='K', wireCount=512, EMIBType='interfaceB', EMIB_length=1.7067, EMIB_bump_width=1.0, EMIB_max_width=3.0, width=2.0, height=1.7067), (7, 11): EMIBNode(node1='H', node2='L', wireCount=256, EMIBType='interfaceB', EMIB_length=0.8533, EMIB_bump_width=1.0, EMIB_max_width=3.0, width=2.0, height=0.8533), (8, 12): EMIBNode(node1='I', node2='M', wireCount=512, EMIBType='interfaceB', EMIB_length=1.7067, EMIB_bump_width=1.0, EMIB_max_width=3.0, width=2.0, height=1.7067), (10, 12): EMIBNode(node1='K', node2='M', wireCount=256, EMIBType='interfaceB', EMIB_length=0.8533, EMIB_bump_width=1.0, EMIB_max_width=3.0, width=2.0, height=0.8533)}
[POWER_AWARE] Mutual Distancing: ENABLED
[POWER_AWARE] Central Avoidance: ENABLED
[POWER_AWARE] Power Aware Optimization: ENABLED
[POWER_AWARE] Selected high-power chiplets: 4 (density threshold: 1.1333333333333333)
[POWER_AWARE] High-power chiplet indices: [1, 2, 4, 10]
[POWER_AWARE] Mutual Distancing: Creating constraints for 4 high-power chiplets
[POWER_AWARE] Mutual Distancing: Added distance constraints for all high-power pairs
[POWER_AWARE] Central Avoidance: Creating away-from-center constraints for 4 high-power chiplets
[DEBUG] chiplet 1 in top 30% power density, add away-from-center constraint
[DEBUG] chiplet 2 in top 30% power density, add away-from-center constraint
[DEBUG] chiplet 4 in top 30% power density, add away-from-center constraint
[DEBUG] chiplet 10 in top 30% power density, add away-from-center constraint
[POWER_AWARE] Central Avoidance: Added away-from-center constraints for 4 high-power chiplets
[DEBUG] L_avg: 25.219040425836983
[DEBUG] total_area: 636.0
[POWER_AWARE] Normalization factor calculation:
[POWER_AWARE]   - High-power chiplets: 4
[POWER_AWARE]   - Mutual Distancing enabled: True
[POWER_AWARE]   - Central Avoidance enabled: True
[POWER_AWARE]   - pair_sum (MD): 9.035000e+03
[POWER_AWARE]   - self_sum (CA): 6.266000e+03
[POWER_AWARE]   - total_sum (pair + self): 1.530100e+04
[POWER_AWARE]   - ref_power: 1.929383e+05
[DEBUG] ref_wirelength: 80700.92936267835
[DEBUG] ref_t: 50.438080851673966
[DEBUG] ref_power: 192938.26877786583
[DEBUG] ref_aspect: 15.0

================================================================================
[OBJECTIVE FUNCTION DETAILS]
================================================================================

[Normalization Reference Values]
  ref_wirelength: 8.070093e+04
  ref_t (area proxy): 5.043808e+01
  ref_power: 1.929383e+05
  ref_aspect: 1.500000e+01

[Beta Weights]
  beta_wire: 5.000000e+00
  beta_area: 6.000000e+00
  beta_aspect: 1.000000e-01
  beta_power: 1.400000e+00

[Objective Function Components]
  1. Wirelength term:
     norm_wirelength = wirelength / ref_wirelength
     contribution = beta_wire * norm_wirelength = 5.0 * norm_wirelength
  2. Area term:
     norm_t = t / ref_t
     contribution = beta_area * norm_t = 6.0 * norm_t
  3. Aspect Ratio term:
     norm_aspect = aspect_ratio_penalty / ref_aspect
     contribution = beta_aspect * norm_aspect = 0.1 * norm_aspect
  4. Power Awareness term:
     norm_power = power_aware_penalty / ref_power
     contribution = - beta_power * norm_power = - 1.4 * norm_power

[Objective Function Formula]
  minimize: 5.0 * wirelength/ref_wirelength
          + 6.0 * t/ref_t
          + 0.1 * aspect_ratio_penalty/ref_aspect
          - 1.4 * power_aware_penalty/ref_power
================================================================================


[EMIB] ILP Model construction completed. Analyzing model structure...
================================================================================
ILP MODEL ANALYSIS REPORT - Chiplet Placement ILP (Construction Complete)
Generated: 2026-06-21 18:09:37
================================================================================

[MODEL STRUCTURE]
  Constraints (rows):                      0
  Variables (columns):                     0
  Non-zero elements:                       0
  Objective coefficients:                  0

[VARIABLE TYPES]
  Continuous:                              0
  Integer:                                 0
  Binary:                                  0

[CONSTRAINT TYPES]

[COEFFICIENT STATISTICS]

[SOLVE STATISTICS]
  Status:                    Unknown(1)
  Solve time (s):                       0.00
  Solutions found:                         0
  Nodes explored:            (not available)
  Simplex iterations:        (not available)

[MEMORY USAGE]
  Initial memory:                     97.09 MB
  Peak memory:                         0.00 MB
  Final memory:                        0.00 MB
  Peak increase:                     -97.09 MB
  Final increase:                    -97.09 MB

================================================================================
Set parameter TimeLimit to value 300
2026-06-21 18:09:37 - INFO - Set parameter TimeLimit to value 300
Set parameter MIPGap to value 0
2026-06-21 18:09:37 - INFO - Set parameter MIPGap to value 0
Set parameter MIPFocus to value 3
2026-06-21 18:09:37 - INFO - Set parameter MIPFocus to value 3
Set parameter Heuristics to value 0.5
2026-06-21 18:09:37 - INFO - Set parameter Heuristics to value 0.5
Set parameter LogToConsole to value 1
2026-06-21 18:09:37 - INFO - Set parameter LogToConsole to value 1
Gurobi Optimizer version 13.0.1 build v13.0.1rc0 (linux64 - "Ubuntu 20.04.6 LTS")
2026-06-21 18:09:37 - INFO - Gurobi Optimizer version 13.0.1 build v13.0.1rc0 (linux64 - "Ubuntu 20.04.6 LTS")

2026-06-21 18:09:37 - INFO - 
CPU model: AMD Ryzen 9 9950X3D 16-Core Processor, instruction set [SSE2|AVX|AVX2|AVX512]
2026-06-21 18:09:37 - INFO - CPU model: AMD Ryzen 9 9950X3D 16-Core Processor, instruction set [SSE2|AVX|AVX2|AVX512]
Thread count: 14 physical cores, 28 logical processors, using up to 28 threads
2026-06-21 18:09:37 - INFO - Thread count: 14 physical cores, 28 logical processors, using up to 28 threads

2026-06-21 18:09:37 - INFO - 
Non-default parameters:
2026-06-21 18:09:37 - INFO - Non-default parameters:
TimeLimit  300
2026-06-21 18:09:37 - INFO - TimeLimit  300
MIPGap  0
2026-06-21 18:09:37 - INFO - MIPGap  0
Heuristics  0.5
2026-06-21 18:09:37 - INFO - Heuristics  0.5
MIPFocus  3
2026-06-21 18:09:37 - INFO - MIPFocus  3

2026-06-21 18:09:37 - INFO - 
Academic license 2756663 - for non-commercial use only - registered to hu___@sjtu.edu.cn
2026-06-21 18:09:37 - INFO - Academic license 2756663 - for non-commercial use only - registered to hu___@sjtu.edu.cn
Optimize a model with 2249 rows, 1033 columns and 7687 nonzeros (Min)
2026-06-21 18:09:37 - INFO - Optimize a model with 2249 rows, 1033 columns and 7687 nonzeros (Min)
Model fingerprint: 0xaab7ee7e
2026-06-21 18:09:37 - INFO - Model fingerprint: 0xaab7ee7e
Model has 4 linear objective coefficients
2026-06-21 18:09:37 - INFO - Model has 4 linear objective coefficients
Variable types: 392 continuous, 641 integer (641 binary)
2026-06-21 18:09:37 - INFO - Variable types: 392 continuous, 641 integer (641 binary)
Coefficient statistics:
2026-06-21 18:09:37 - INFO - Coefficient statistics:
  Matrix range     [3e-01, 2e+03]
2026-06-21 18:09:37 - INFO -   Matrix range     [3e-01, 2e+03]
  Objective range  [7e-06, 1e-01]
2026-06-21 18:09:37 - INFO -   Objective range  [7e-06, 1e-01]
  Bounds range     [9e-01, 3e+07]
2026-06-21 18:09:37 - INFO -   Bounds range     [9e-01, 3e+07]
  RHS range        [9e-01, 2e+02]
2026-06-21 18:09:37 - INFO -   RHS range        [9e-01, 2e+02]

2026-06-21 18:09:37 - INFO - 
Presolve removed 167 rows and 145 columns
2026-06-21 18:09:37 - INFO - Presolve removed 167 rows and 145 columns
Presolve time: 0.01s
2026-06-21 18:09:37 - INFO - Presolve time: 0.01s
Presolved: 2082 rows, 888 columns, 6802 nonzeros
2026-06-21 18:09:37 - INFO - Presolved: 2082 rows, 888 columns, 6802 nonzeros
Variable types: 279 continuous, 609 integer (609 binary)
2026-06-21 18:09:37 - INFO - Variable types: 279 continuous, 609 integer (609 binary)
Root relaxation presolve removed 276 rows and 80 columns
2026-06-21 18:09:37 - INFO - Root relaxation presolve removed 276 rows and 80 columns
Root relaxation presolved: 1806 rows, 840 columns, 6166 nonzeros
2026-06-21 18:09:37 - INFO - Root relaxation presolved: 1806 rows, 840 columns, 6166 nonzeros

2026-06-21 18:09:37 - INFO - 

2026-06-21 18:09:37 - INFO - 
Root relaxation: objective -2.091803e+01, 455 iterations, 0.01 seconds (0.01 work units)
2026-06-21 18:09:37 - INFO - Root relaxation: objective -2.091803e+01, 455 iterations, 0.01 seconds (0.01 work units)

2026-06-21 18:09:37 - INFO - 
    Nodes    |    Current Node    |     Objective Bounds      |     Work
2026-06-21 18:09:37 - INFO -     Nodes    |    Current Node    |     Objective Bounds      |     Work
 Expl Unexpl |  Obj  Depth IntInf | Incumbent    BestBd   Gap | It/Node Time
2026-06-21 18:09:37 - INFO -  Expl Unexpl |  Obj  Depth IntInf | Incumbent    BestBd   Gap | It/Node Time

2026-06-21 18:09:37 - INFO - 
     0     0  -20.91803    0  269          -  -20.91803      -     -    0s
2026-06-21 18:09:37 - INFO -      0     0  -20.91803    0  269          -  -20.91803      -     -    0s
     0     0  -18.70730    0  320          -  -18.70730      -     -    0s
2026-06-21 18:09:37 - INFO -      0     0  -18.70730    0  320          -  -18.70730      -     -    0s
     0     0  -18.70730    0  320          -  -18.70730      -     -    0s
2026-06-21 18:09:37 - INFO -      0     0  -18.70730    0  320          -  -18.70730      -     -    0s
     0     0  -18.70730    0  294          -  -18.70730      -     -    0s
2026-06-21 18:09:37 - INFO -      0     0  -18.70730    0  294          -  -18.70730      -     -    0s
     0     0  -16.44692    0  308          -  -16.44692      -     -    0s
2026-06-21 18:09:37 - INFO -      0     0  -16.44692    0  308          -  -16.44692      -     -    0s
     0     0  -16.44692    0  310          -  -16.44692      -     -    0s
2026-06-21 18:09:37 - INFO -      0     0  -16.44692    0  310          -  -16.44692      -     -    0s
     0     0  -16.44692    0  311          -  -16.44692      -     -    0s
2026-06-21 18:09:37 - INFO -      0     0  -16.44692    0  311          -  -16.44692      -     -    0s
     0     0  -16.44692    0  315          -  -16.44692      -     -    0s
2026-06-21 18:09:37 - INFO -      0     0  -16.44692    0  315          -  -16.44692      -     -    0s
     0     0  -16.44692    0  315          -  -16.44692      -     -    0s
2026-06-21 18:09:37 - INFO -      0     0  -16.44692    0  315          -  -16.44692      -     -    0s
     0     0  -16.44692    0  318          -  -16.44692      -     -    0s
2026-06-21 18:09:37 - INFO -      0     0  -16.44692    0  318          -  -16.44692      -     -    0s
     0     0  -11.59845    0  325          -  -11.59845      -     -    0s
2026-06-21 18:09:37 - INFO -      0     0  -11.59845    0  325          -  -11.59845      -     -    0s
     0     0  -11.59845    0  325          -  -11.59845      -     -    0s
2026-06-21 18:09:37 - INFO -      0     0  -11.59845    0  325          -  -11.59845      -     -    0s
     0     0  -10.20807    0  314          -  -10.20807      -     -    0s
2026-06-21 18:09:37 - INFO -      0     0  -10.20807    0  314          -  -10.20807      -     -    0s
     0     0  -10.20807    0  319          -  -10.20807      -     -    0s
2026-06-21 18:09:37 - INFO -      0     0  -10.20807    0  319          -  -10.20807      -     -    0s
     0     0  -10.20807    0  319          -  -10.20807      -     -    0s
2026-06-21 18:09:37 - INFO -      0     0  -10.20807    0  319          -  -10.20807      -     -    0s
     0     0  -10.20807    0  322          -  -10.20807      -     -    0s
2026-06-21 18:09:37 - INFO -      0     0  -10.20807    0  322          -  -10.20807      -     -    0s
     0     0  -10.20807    0  324          -  -10.20807      -     -    0s
2026-06-21 18:09:37 - INFO -      0     0  -10.20807    0  324          -  -10.20807      -     -    0s
     0     0  -10.20807    0  324          -  -10.20807      -     -    0s
2026-06-21 18:09:37 - INFO -      0     0  -10.20807    0  324          -  -10.20807      -     -    0s
     0     0   -6.55942    0  313          -   -6.55942      -     -    0s
2026-06-21 18:09:38 - INFO -      0     0   -6.55942    0  313          -   -6.55942      -     -    0s
     0     0   -6.55942    0  313          -   -6.55942      -     -    0s
2026-06-21 18:09:38 - INFO -      0     0   -6.55942    0  313          -   -6.55942      -     -    0s
     0     0   -6.55942    0  313          -   -6.55942      -     -    1s
2026-06-21 18:09:38 - INFO -      0     0   -6.55942    0  313          -   -6.55942      -     -    1s
     0     0   -6.29652    0  306          -   -6.29652      -     -    1s
2026-06-21 18:09:38 - INFO -      0     0   -6.29652    0  306          -   -6.29652      -     -    1s
     0     0   -6.28259    0  298          -   -6.28259      -     -    1s
2026-06-21 18:09:38 - INFO -      0     0   -6.28259    0  298          -   -6.28259      -     -    1s
     0     0   -6.27043    0  303          -   -6.27043      -     -    1s
2026-06-21 18:09:38 - INFO -      0     0   -6.27043    0  303          -   -6.27043      -     -    1s
     0     0   -6.26985    0  313          -   -6.26985      -     -    1s
2026-06-21 18:09:38 - INFO -      0     0   -6.26985    0  313          -   -6.26985      -     -    1s
     0     0   -5.03194    0  302          -   -5.03194      -     -    1s
2026-06-21 18:09:38 - INFO -      0     0   -5.03194    0  302          -   -5.03194      -     -    1s
     0     0   -5.03194    0  297          -   -5.03194      -     -    1s
2026-06-21 18:09:38 - INFO -      0     0   -5.03194    0  297          -   -5.03194      -     -    1s
     0     0   -5.03194    0  297          -   -5.03194      -     -    1s
2026-06-21 18:09:38 - INFO -      0     0   -5.03194    0  297          -   -5.03194      -     -    1s
     0     0   -4.87512    0  303          -   -4.87512      -     -    1s
2026-06-21 18:09:38 - INFO -      0     0   -4.87512    0  303          -   -4.87512      -     -    1s
     0     0   -4.83329    0  318          -   -4.83329      -     -    1s
2026-06-21 18:09:38 - INFO -      0     0   -4.83329    0  318          -   -4.83329      -     -    1s
     0     0   -4.79454    0  328          -   -4.79454      -     -    1s
2026-06-21 18:09:38 - INFO -      0     0   -4.79454    0  328          -   -4.79454      -     -    1s
     0     0   -4.78473    0  331          -   -4.78473      -     -    1s
2026-06-21 18:09:38 - INFO -      0     0   -4.78473    0  331          -   -4.78473      -     -    1s
     0     0   -4.78262    0  333          -   -4.78262      -     -    1s
2026-06-21 18:09:38 - INFO -      0     0   -4.78262    0  333          -   -4.78262      -     -    1s
     0     0   -4.45433    0  323          -   -4.45433      -     -    1s
2026-06-21 18:09:38 - INFO -      0     0   -4.45433    0  323          -   -4.45433      -     -    1s
     0     0   -4.45433    0  322          -   -4.45433      -     -    1s
2026-06-21 18:09:38 - INFO -      0     0   -4.45433    0  322          -   -4.45433      -     -    1s
     0     0   -4.45433    0  296          -   -4.45433      -     -    1s
2026-06-21 18:09:39 - INFO -      0     0   -4.45433    0  296          -   -4.45433      -     -    1s
     0     0   -4.39272    0  318          -   -4.39272      -     -    2s
2026-06-21 18:09:39 - INFO -      0     0   -4.39272    0  318          -   -4.39272      -     -    2s
     0     0   -4.38961    0  335          -   -4.38961      -     -    2s
2026-06-21 18:09:39 - INFO -      0     0   -4.38961    0  335          -   -4.38961      -     -    2s
     0     0   -4.15303    0  337          -   -4.15303      -     -    2s
2026-06-21 18:09:39 - INFO -      0     0   -4.15303    0  337          -   -4.15303      -     -    2s
     0     0   -4.15303    0  336          -   -4.15303      -     -    2s
2026-06-21 18:09:39 - INFO -      0     0   -4.15303    0  336          -   -4.15303      -     -    2s
     0     0   -4.15303    0  336          -   -4.15303      -     -    2s
2026-06-21 18:09:39 - INFO -      0     0   -4.15303    0  336          -   -4.15303      -     -    2s
     0     0   -4.12433    0  354          -   -4.12433      -     -    2s
2026-06-21 18:09:39 - INFO -      0     0   -4.12433    0  354          -   -4.12433      -     -    2s
     0     0   -4.11014    0  362          -   -4.11014      -     -    2s
2026-06-21 18:09:39 - INFO -      0     0   -4.11014    0  362          -   -4.11014      -     -    2s
     0     0   -4.10132    0  363          -   -4.10132      -     -    2s
2026-06-21 18:09:39 - INFO -      0     0   -4.10132    0  363          -   -4.10132      -     -    2s
     0     0   -4.09928    0  368          -   -4.09928      -     -    2s
2026-06-21 18:09:39 - INFO -      0     0   -4.09928    0  368          -   -4.09928      -     -    2s
     0     0   -3.91541    0  357          -   -3.91541      -     -    2s
2026-06-21 18:09:39 - INFO -      0     0   -3.91541    0  357          -   -3.91541      -     -    2s
     0     0   -3.91541    0  357          -   -3.91541      -     -    2s
2026-06-21 18:09:39 - INFO -      0     0   -3.91541    0  357          -   -3.91541      -     -    2s
     0     0   -3.91541    0  326          -   -3.91541      -     -    2s
2026-06-21 18:09:39 - INFO -      0     0   -3.91541    0  326          -   -3.91541      -     -    2s
     0     0   -3.88097    0  347          -   -3.88097      -     -    2s
2026-06-21 18:09:40 - INFO -      0     0   -3.88097    0  347          -   -3.88097      -     -    2s
     0     0   -3.87783    0  363          -   -3.87783      -     -    2s
2026-06-21 18:09:40 - INFO -      0     0   -3.87783    0  363          -   -3.87783      -     -    2s
     0     0   -3.53355    0  360          -   -3.53355      -     -    3s
2026-06-21 18:09:40 - INFO -      0     0   -3.53355    0  360          -   -3.53355      -     -    3s
     0     0   -3.53355    0  359          -   -3.53355      -     -    3s
2026-06-21 18:09:40 - INFO -      0     0   -3.53355    0  359          -   -3.53355      -     -    3s
     0     0   -3.53355    0  359          -   -3.53355      -     -    4s
2026-06-21 18:09:41 - INFO -      0     0   -3.53355    0  359          -   -3.53355      -     -    4s
     0     0   -3.45774    0  348          -   -3.45774      -     -    4s
2026-06-21 18:09:41 - INFO -      0     0   -3.45774    0  348          -   -3.45774      -     -    4s
     0     0   -3.44246    0  358          -   -3.44246      -     -    4s
2026-06-21 18:09:41 - INFO -      0     0   -3.44246    0  358          -   -3.44246      -     -    4s
     0     0   -3.43773    0  370          -   -3.43773      -     -    4s
2026-06-21 18:09:41 - INFO -      0     0   -3.43773    0  370          -   -3.43773      -     -    4s
     0     0   -3.37194    0  357          -   -3.37194      -     -    5s
2026-06-21 18:09:42 - INFO -      0     0   -3.37194    0  357          -   -3.37194      -     -    5s
     0     0   -3.37194    0  357          -   -3.37194      -     -    5s
2026-06-21 18:09:42 - INFO -      0     0   -3.37194    0  357          -   -3.37194      -     -    5s
     0     0   -3.35217    0  369          -   -3.35217      -     -    5s
2026-06-21 18:09:42 - INFO -      0     0   -3.35217    0  369          -   -3.35217      -     -    5s
     0     0   -3.34094    0  378          -   -3.34094      -     -    5s
2026-06-21 18:09:42 - INFO -      0     0   -3.34094    0  378          -   -3.34094      -     -    5s
     0     0   -3.33961    0  381          -   -3.33961      -     -    5s
2026-06-21 18:09:42 - INFO -      0     0   -3.33961    0  381          -   -3.33961      -     -    5s
     0     0   -3.31651    0  372          -   -3.31651      -     -    5s
2026-06-21 18:09:43 - INFO -      0     0   -3.31651    0  372          -   -3.31651      -     -    5s
     0     0   -3.31651    0  353          -   -3.31651      -     -    6s
2026-06-21 18:09:43 - INFO -      0     0   -3.31651    0  353          -   -3.31651      -     -    6s
     0     0   -3.31198    0  346          -   -3.31198      -     -    6s
2026-06-21 18:09:43 - INFO -      0     0   -3.31198    0  346          -   -3.31198      -     -    6s
     0     0   -3.31198    0  346          -   -3.31198      -     -    6s
2026-06-21 18:09:43 - INFO -      0     0   -3.31198    0  346          -   -3.31198      -     -    6s
     0     2   -3.29512    0  325          -   -3.29512      -     -    7s
2026-06-21 18:09:44 - INFO -      0     2   -3.29512    0  325          -   -3.29512      -     -    7s
   656   667    0.54483    9  325          -   -0.07725      -   282   10s
2026-06-21 18:09:47 - INFO -    656   667    0.54483    9  325          -   -0.07725      -   282   10s
  1972  1943    1.42845   12  349          -    0.29599      -   209   15s
2026-06-21 18:09:52 - INFO -   1972  1943    1.42845   12  349          -    0.29599      -   209   15s
  1990  1955    2.03554   13  355          -    2.03554      -   207   20s
2026-06-21 18:09:57 - INFO -   1990  1955    2.03554   13  355          -    2.03554      -   207   20s
H 1998  1861                      23.6185640    2.48813  89.5%   207   23s
2026-06-21 18:10:01 - INFO - H 1998  1861                      23.6185640    2.48813  89.5%   207   23s
H 2003  1774                      22.9518339    2.65696  88.4%   217   24s
2026-06-21 18:10:01 - INFO - H 2003  1774                      22.9518339    2.65696  88.4%   217   24s
  2006  1781    2.94393   18  417   22.95183    2.83562  87.6%   218   25s
2026-06-21 18:10:02 - INFO -   2006  1781    2.94393   18  417   22.95183    2.83562  87.6%   218   25s
H 2007  1692                      10.7447389    2.83562  73.6%   218   25s
2026-06-21 18:10:02 - INFO - H 2007  1692                      10.7447389    2.83562  73.6%   218   25s
H 2008  1608                      10.0981834    2.84014  71.9%   218   25s
2026-06-21 18:10:02 - INFO - H 2008  1608                      10.0981834    2.84014  71.9%   218   25s
H 2016  1540                      10.0980724    2.94910  70.8%   222   26s
2026-06-21 18:10:03 - INFO - H 2016  1540                      10.0980724    2.94910  70.8%   222   26s
H 2017  1464                       9.9472100    2.95029  70.3%   222   26s
2026-06-21 18:10:03 - INFO - H 2017  1464                       9.9472100    2.95029  70.3%   222   26s
H 2021  1390                       9.8865106    2.95566  70.1%   223   26s
2026-06-21 18:10:03 - INFO - H 2021  1390                       9.8865106    2.95566  70.1%   223   26s
H 2030  1346                       9.5429900    2.95566  69.0%   225   26s
2026-06-21 18:10:03 - INFO - H 2030  1346                       9.5429900    2.95566  69.0%   225   26s
H 2043  1276                       9.5112997    3.01050  68.3%   230   26s
2026-06-21 18:10:03 - INFO - H 2043  1276                       9.5112997    3.01050  68.3%   230   26s
H 2060  1240                       9.5112820    3.01233  68.3%   235   27s
2026-06-21 18:10:04 - INFO - H 2060  1240                       9.5112820    3.01233  68.3%   235   27s
H 2080  1175                       9.5089729    3.09880  67.4%   240   27s
2026-06-21 18:10:04 - INFO - H 2080  1175                       9.5089729    3.09880  67.4%   240   27s
H 2090  1242                       9.4930960    3.09880  67.4%   242   27s
2026-06-21 18:10:05 - INFO - H 2090  1242                       9.4930960    3.09880  67.4%   242   27s
H 2094  1188                       9.2959686    3.09906  66.7%   243   27s
2026-06-21 18:10:05 - INFO - H 2094  1188                       9.2959686    3.09906  66.7%   243   27s
H 2121  1128                       9.1323765    3.11440  65.9%   245   27s
2026-06-21 18:10:05 - INFO - H 2121  1128                       9.1323765    3.11440  65.9%   245   27s
H 2140  1074                       8.6496881    3.11644  64.0%   247   27s
2026-06-21 18:10:05 - INFO - H 2140  1074                       8.6496881    3.11644  64.0%   247   27s
H 2291  1061                       8.6433719    3.20015  63.0%   282   28s
2026-06-21 18:10:06 - INFO - H 2291  1061                       8.6433719    3.20015  63.0%   282   28s
H 2315  1039                       8.6395493    3.21888  62.7%   292   29s
2026-06-21 18:10:06 - INFO - H 2315  1039                       8.6395493    3.21888  62.7%   292   29s
H 2360  1041                       8.4179987    3.24112  61.5%   311   29s
2026-06-21 18:10:06 - INFO - H 2360  1041                       8.4179987    3.24112  61.5%   311   29s
H 2377   997                       8.3557461    3.24665  61.1%   318   29s
2026-06-21 18:10:06 - INFO - H 2377   997                       8.3557461    3.24665  61.1%   318   29s
  2388  1021    3.44724   23  391    8.35575    3.25149  61.1%   323   30s
2026-06-21 18:10:07 - INFO -   2388  1021    3.44724   23  391    8.35575    3.25149  61.1%   323   30s
H 2416  1003                       8.3332911    3.26054  60.9%   336   30s
2026-06-21 18:10:07 - INFO - H 2416  1003                       8.3332911    3.26054  60.9%   336   30s
H 2424   965                       8.3246359    3.26508  60.8%   340   30s
2026-06-21 18:10:07 - INFO - H 2424   965                       8.3246359    3.26508  60.8%   340   30s
H 2426   931                       8.3223408    3.26521  60.8%   340   30s
2026-06-21 18:10:07 - INFO - H 2426   931                       8.3223408    3.26521  60.8%   340   30s
H 2454   918                       8.2788352    3.27966  60.4%   352   30s
2026-06-21 18:10:07 - INFO - H 2454   918                       8.2788352    3.27966  60.4%   352   30s
H 2502   927                       8.2775728    3.30153  60.1%   371   31s
2026-06-21 18:10:08 - INFO - H 2502   927                       8.2775728    3.30153  60.1%   371   31s
H 2513   895                       8.2594166    3.30653  60.0%   376   31s
2026-06-21 18:10:08 - INFO - H 2513   895                       8.2594166    3.30653  60.0%   376   31s
H 2521   865                       8.1678079    3.30872  59.5%   380   31s
2026-06-21 18:10:08 - INFO - H 2521   865                       8.1678079    3.30872  59.5%   380   31s
H 2585   902                       8.1642504    3.32792  59.2%   408   32s
2026-06-21 18:10:09 - INFO - H 2585   902                       8.1642504    3.32792  59.2%   408   32s
H 2595   875                       8.1293610    3.33012  59.0%   412   32s
2026-06-21 18:10:09 - INFO - H 2595   875                       8.1293610    3.33012  59.0%   412   32s
H 2644   891                       8.1293361    3.34534  58.8%   431   33s
2026-06-21 18:10:10 - INFO - H 2644   891                       8.1293361    3.34534  58.8%   431   33s
H 2652   866                       8.1272698    3.34774  58.8%   434   33s
2026-06-21 18:10:10 - INFO - H 2652   866                       8.1272698    3.34774  58.8%   434   33s
H 2669   839                       8.0728988    3.35088  58.5%   441   33s
2026-06-21 18:10:10 - INFO - H 2669   839                       8.0728988    3.35088  58.5%   441   33s
H 2675   845                       8.0366825    3.35228  58.3%   444   33s
2026-06-21 18:10:11 - INFO - H 2675   845                       8.0366825    3.35228  58.3%   444   33s
H 2726   864                       8.0143460    3.36330  58.0%   465   34s
2026-06-21 18:10:11 - INFO - H 2726   864                       8.0143460    3.36330  58.0%   465   34s
  2754   883    3.53104   25  465    8.01435    3.37009  57.9%   477   36s
2026-06-21 18:10:13 - INFO -   2754   883    3.53104   25  465    8.01435    3.37009  57.9%   477   36s
H 2968  1011                       7.9938964    3.40235  57.4%   526   39s
2026-06-21 18:10:16 - INFO - H 2968  1011                       7.9938964    3.40235  57.4%   526   39s
  2999  1042    3.59975   24  468    7.99390    3.40395  57.4%   527   40s
2026-06-21 18:10:17 - INFO -   2999  1042    3.59975   24  468    7.99390    3.40395  57.4%   527   40s
H 3000  1042                       7.9806443    3.40395  57.3%   527   40s
2026-06-21 18:10:17 - INFO - H 3000  1042                       7.9806443    3.40395  57.3%   527   40s
H 3003  1042                       7.9734171    3.40440  57.3%   527   40s
2026-06-21 18:10:17 - INFO - H 3003  1042                       7.9734171    3.40440  57.3%   527   40s
  3549  1664    3.59613   25  469    7.97342    3.44226  56.8%   555   45s
2026-06-21 18:10:22 - INFO -   3549  1664    3.59613   25  469    7.97342    3.44226  56.8%   555   45s
H 3939  1968                       7.9206246    3.46300  56.3%   570   49s
2026-06-21 18:10:27 - INFO - H 3939  1968                       7.9206246    3.46300  56.3%   570   49s
H 3973  1968                       7.9172490    3.46386  56.2%   568   49s
2026-06-21 18:10:27 - INFO - H 3973  1968                       7.9172490    3.46386  56.2%   568   49s
  3976  2330    3.65557   28  443    7.91725    3.46486  56.2%   569   50s
2026-06-21 18:10:27 - INFO -   3976  2330    3.65557   28  443    7.91725    3.46486  56.2%   569   50s
H 4024  2330                       7.9172421    3.46518  56.2%   566   50s
2026-06-21 18:10:27 - INFO - H 4024  2330                       7.9172421    3.46518  56.2%   566   50s
  7212  5564    3.79487   22  421    7.91724    3.50552  55.7%   442   55s
2026-06-21 18:10:32 - INFO -   7212  5564    3.79487   22  421    7.91724    3.50552  55.7%   442   55s
  9758  7573    3.69007   28  434    7.91724    3.54215  55.3%   410   60s
2026-06-21 18:10:37 - INFO -   9758  7573    3.69007   28  434    7.91724    3.54215  55.3%   410   60s
H 9871  7687                       7.9172421    3.54827  55.2%   414   61s
2026-06-21 18:10:38 - INFO - H 9871  7687                       7.9172421    3.54827  55.2%   414   61s
H10183  8441                       7.9172408    3.55023  55.2%   411   62s
2026-06-21 18:10:39 - INFO - H10183  8441                       7.9172408    3.55023  55.2%   411   62s
H10694  8469                       7.9172407    3.55550  55.1%   404   63s
2026-06-21 18:10:40 - INFO - H10694  8469                       7.9172407    3.55550  55.1%   404   63s
H10695  8469                       7.9172407    3.55550  55.1%   404   63s
2026-06-21 18:10:40 - INFO - H10695  8469                       7.9172407    3.55550  55.1%   404   63s
 11569  9809    3.67007   26  459    7.91724    3.56523  55.0%   400   65s
2026-06-21 18:10:42 - INFO -  11569  9809    3.67007   26  459    7.91724    3.56523  55.0%   400   65s
 13000 11058    3.74316   26  406    7.91724    3.57907  54.8%   389   70s
2026-06-21 18:10:48 - INFO -  13000 11058    3.74316   26  406    7.91724    3.57907  54.8%   389   70s
 15398 13611    3.65642   29  439    7.91724    3.59492  54.6%   375   76s
2026-06-21 18:10:53 - INFO -  15398 13611    3.65642   29  439    7.91724    3.59492  54.6%   375   76s
 18001 16408    3.72523   27  448    7.91724    3.61338  54.4%   361   80s
2026-06-21 18:10:57 - INFO -  18001 16408    3.72523   27  448    7.91724    3.61338  54.4%   361   80s
 19200 17084    4.11286   30  422    7.91724    3.62329  54.2%   358   85s
2026-06-21 18:11:03 - INFO -  19200 17084    4.11286   30  422    7.91724    3.62329  54.2%   358   85s
 21051 19242    4.29816   29  332    7.91724    3.63301  54.1%   353   90s
2026-06-21 18:11:07 - INFO -  21051 19242    4.29816   29  332    7.91724    3.63301  54.1%   353   90s
H22071 20160                       7.8719551    3.63853  53.8%   350   92s
2026-06-21 18:11:09 - INFO - H22071 20160                       7.8719551    3.63853  53.8%   350   92s
H22883 21624                       7.8719392    3.64225  53.7%   347   93s
2026-06-21 18:11:11 - INFO - H22883 21624                       7.8719392    3.64225  53.7%   347   93s
H22935 21624                       7.8660026    3.64264  53.7%   347   93s
2026-06-21 18:11:11 - INFO - H22935 21624                       7.8660026    3.64264  53.7%   347   93s
H23091 21624                       7.8659619    3.64313  53.7%   347   93s
2026-06-21 18:11:11 - INFO - H23091 21624                       7.8659619    3.64313  53.7%   347   93s
 24395 23181    3.85378   28  384    7.86596    3.65203  53.6%   342   95s
2026-06-21 18:11:12 - INFO -  24395 23181    3.85378   28  384    7.86596    3.65203  53.6%   342   95s
 30057 27229    4.01556   26  361    7.86596    3.67491  53.3%   325  102s
2026-06-21 18:11:19 - INFO -  30057 27229    4.01556   26  361    7.86596    3.67491  53.3%   325  102s
 32146 30489    3.82590   28  350    7.86596    3.68606  53.1%   323  106s
2026-06-21 18:11:23 - INFO -  32146 30489    3.82590   28  350    7.86596    3.68606  53.1%   323  106s
 36320 34097    3.77067   29  412    7.86596    3.70256  52.9%   317  111s
2026-06-21 18:11:28 - INFO -  36320 34097    3.77067   29  412    7.86596    3.70256  52.9%   317  111s
H39672 36607                       7.8614599    3.71636  52.7%   312  114s
2026-06-21 18:11:31 - INFO - H39672 36607                       7.8614599    3.71636  52.7%   312  114s
H40061 37001                       7.8482972    3.72020  52.6%   312  117s
2026-06-21 18:11:34 - INFO - H40061 37001                       7.8482972    3.72020  52.6%   312  117s
H40062 37001                       7.8470749    3.72032  52.6%   312  117s
2026-06-21 18:11:34 - INFO - H40062 37001                       7.8470749    3.72032  52.6%   312  117s
H40095 37001                       7.7841142    3.72045  52.2%   312  117s
2026-06-21 18:11:34 - INFO - H40095 37001                       7.7841142    3.72045  52.2%   312  117s
 40748 37618    4.01747   32  386    7.78411    3.72516  52.1%   312  122s
2026-06-21 18:11:39 - INFO -  40748 37618    4.01747   32  386    7.78411    3.72516  52.1%   312  122s
 42353 41004    3.82860   24  445    7.78411    3.73296  52.0%   311  126s
2026-06-21 18:11:43 - INFO -  42353 41004    3.82860   24  445    7.78411    3.73296  52.0%   311  126s
 46361 44804    4.06318   28  420    7.78411    3.75017  51.8%   307  133s
2026-06-21 18:11:50 - INFO -  46361 44804    4.06318   28  420    7.78411    3.75017  51.8%   307  133s
 48612 46590    3.88294   28  438    7.78411    3.75879  51.7%   306  135s
2026-06-21 18:11:52 - INFO -  48612 46590    3.88294   28  438    7.78411    3.75879  51.7%   306  135s
 53102 50596    3.95824   30  396    7.78411    3.77534  51.5%   302  141s
2026-06-21 18:11:58 - INFO -  53102 50596    3.95824   30  396    7.78411    3.77534  51.5%   302  141s
 54722 51170    4.10420   27  396    7.78411    3.78159  51.4%   302  146s
2026-06-21 18:12:03 - INFO -  54722 51170    4.10420   27  396    7.78411    3.78159  51.4%   302  146s
 55326 61157    4.30896   31  370    7.78411    3.78410  51.4%   302  156s
2026-06-21 18:12:13 - INFO -  55326 61157    4.30896   31  370    7.78411    3.78410  51.4%   302  156s
 65994 61185    6.34088   29  299    7.78411    3.81208  51.0%   295  160s
2026-06-21 18:12:17 - INFO -  65994 61185    6.34088   29  299    7.78411    3.81208  51.0%   295  160s
H66013 61185                       7.7841141    3.81647  51.0%   296  160s
2026-06-21 18:12:17 - INFO - H66013 61185                       7.7841141    3.81647  51.0%   296  160s
 66022 61305    4.06651   27  350    7.78411    3.81730  51.0%   296  165s
2026-06-21 18:12:22 - INFO -  66022 61305    4.06651   27  350    7.78411    3.81730  51.0%   296  165s
 66698 63901    4.04806   30  405    7.78411    3.82017  50.9%   297  171s
2026-06-21 18:12:29 - INFO -  66698 63901    4.04806   30  405    7.78411    3.82017  50.9%   297  171s
 69010 66212    3.96396   29  397    7.78411    3.82280  50.9%   295  175s
2026-06-21 18:12:32 - INFO -  69010 66212    3.96396   29  397    7.78411    3.82280  50.9%   295  175s
 74819 71927    4.15365   34  372    7.78411    3.84044  50.7%   294  183s
2026-06-21 18:12:40 - INFO -  74819 71927    4.15365   34  372    7.78411    3.84044  50.7%   294  183s
 77782 74584    3.99705   32  361    7.78411    3.85228  50.5%   294  186s
2026-06-21 18:12:43 - INFO -  77782 74584    3.99705   32  361    7.78411    3.85228  50.5%   294  186s
 80684 76943    4.00910   28  382    7.78411    3.86051  50.4%   294  190s
2026-06-21 18:12:48 - INFO -  80684 76943    4.00910   28  382    7.78411    3.86051  50.4%   294  190s
 83269 78251    4.17972   28  371    7.78411    3.86786  50.3%   293  198s
2026-06-21 18:12:55 - INFO -  83269 78251    4.17972   28  371    7.78411    3.86786  50.3%   293  198s
H83474 78251                       7.7841141    3.86810  50.3%   293  198s
2026-06-21 18:12:55 - INFO - H83474 78251                       7.7841141    3.86810  50.3%   293  198s
H84727 84895                       7.7841141    3.86983  50.3%   294  207s
2026-06-21 18:13:04 - INFO - H84727 84895                       7.7841141    3.86983  50.3%   294  207s
H84747 84895                       7.7841141    3.87025  50.3%   294  207s
2026-06-21 18:13:04 - INFO - H84747 84895                       7.7841141    3.87025  50.3%   294  207s
H85370 84895                       7.7841140    3.87122  50.3%   294  207s
2026-06-21 18:13:04 - INFO - H85370 84895                       7.7841140    3.87122  50.3%   294  207s
 92153 87804 infeasible   34         7.78411    3.87806  50.2%   293  212s
2026-06-21 18:13:09 - INFO -  92153 87804 infeasible   34         7.78411    3.87806  50.2%   293  212s
H93763 87804                       7.7841139    3.88600  50.1%   292  212s
2026-06-21 18:13:09 - INFO - H93763 87804                       7.7841139    3.88600  50.1%   292  212s
H94390 87804                       7.7841139    3.88741  50.1%   292  212s
2026-06-21 18:13:09 - INFO - H94390 87804                       7.7841139    3.88741  50.1%   292  212s
 95399 89750    4.47266   33  325    7.78411    3.89744  49.9%   292  217s
2026-06-21 18:13:14 - INFO -  95399 89750    4.47266   33  325    7.78411    3.89744  49.9%   292  217s
 97591 91912    4.13798   31  386    7.78411    3.90236  49.9%   292  222s
2026-06-21 18:13:19 - INFO -  97591 91912    4.13798   31  386    7.78411    3.90236  49.9%   292  222s
H97932 91912                       7.7841139    3.90305  49.9%   292  222s
2026-06-21 18:13:19 - INFO - H97932 91912                       7.7841139    3.90305  49.9%   292  222s
H99927 91912                       7.7841139    3.90681  49.8%   293  222s
2026-06-21 18:13:19 - INFO - H99927 91912                       7.7841139    3.90681  49.8%   293  222s
 100060 95315    4.15687   31  362    7.78411    3.90778  49.8%   293  226s
2026-06-21 18:13:23 - INFO -  100060 95315    4.15687   31  362    7.78411    3.90778  49.8%   293  226s
H101219 95315                       7.7841139    3.90891  49.8%   292  226s
2026-06-21 18:13:23 - INFO - H101219 95315                       7.7841139    3.90891  49.8%   292  226s
 103875 98243    4.96053   30  306    7.78411    3.91659  49.7%   292  232s
2026-06-21 18:13:29 - INFO -  103875 98243    4.96053   30  306    7.78411    3.91659  49.7%   292  232s
H105978 98243                       7.7841138    3.92143  49.6%   292  232s
2026-06-21 18:13:29 - INFO - H105978 98243                       7.7841138    3.92143  49.6%   292  232s
H106207 98243                       7.7841138    3.92149  49.6%   292  232s
2026-06-21 18:13:29 - INFO - H106207 98243                       7.7841138    3.92149  49.6%   292  232s
 107104 100069    4.58177   30  291    7.78411    3.92956  49.5%   292  237s
2026-06-21 18:13:34 - INFO -  107104 100069    4.58177   30  291    7.78411    3.92956  49.5%   292  237s
 109205 101516    4.18577   31  394    7.78411    3.93367  49.5%   291  242s
2026-06-21 18:13:39 - INFO -  109205 101516    4.18577   31  394    7.78411    3.93367  49.5%   291  242s
 110870 104900    4.29573   31  363    7.78411    3.93568  49.4%   292  247s
2026-06-21 18:13:44 - INFO -  110870 104900    4.29573   31  363    7.78411    3.93568  49.4%   292  247s
H114299 104900                       7.7841138    3.93744  49.4%   291  247s
2026-06-21 18:13:44 - INFO - H114299 104900                       7.7841138    3.93744  49.4%   291  247s
 114717 107228    4.09882   30  350    7.78411    3.93864  49.4%   291  250s
2026-06-21 18:13:47 - INFO -  114717 107228    4.09882   30  350    7.78411    3.93864  49.4%   291  250s
H117787 110097                       7.7841138    3.95277  49.2%   291  254s
2026-06-21 18:13:51 - INFO - H117787 110097                       7.7841138    3.95277  49.2%   291  254s
 120728 112513    4.48485   33  336    7.78411    3.95901  49.1%   291  258s
2026-06-21 18:13:55 - INFO -  120728 112513    4.48485   33  336    7.78411    3.95901  49.1%   291  258s
 123478 115315    4.85159   35  316    7.78411    3.96527  49.1%   291  263s
2026-06-21 18:14:00 - INFO -  123478 115315    4.85159   35  316    7.78411    3.96527  49.1%   291  263s
 126729 115364    4.51891   31  329    7.78411    3.97161  49.0%   291  268s
2026-06-21 18:14:05 - INFO -  126729 115364    4.51891   31  329    7.78411    3.97161  49.0%   291  268s
 126785 115777    4.36058   31  358    7.78411    3.97287  49.0%   291  271s
2026-06-21 18:14:09 - INFO -  126785 115777    4.36058   31  358    7.78411    3.97287  49.0%   291  271s
 127262 117224    4.03753   31  388    7.78411    3.97385  48.9%   291  276s
2026-06-21 18:14:13 - INFO -  127262 117224    4.03753   31  388    7.78411    3.97385  48.9%   291  276s
 128921 119864    4.58232   32  282    7.78411    3.97564  48.9%   291  280s
2026-06-21 18:14:17 - INFO -  128921 119864    4.58232   32  282    7.78411    3.97564  48.9%   291  280s
 135017 122948    4.43701   32  368    7.78411    3.98945  48.7%   291  288s
2026-06-21 18:14:26 - INFO -  135017 122948    4.43701   32  368    7.78411    3.98945  48.7%   291  288s
 135564 123232    4.11028   32  345    7.78411    3.99140  48.7%   291  297s
2026-06-21 18:14:34 - INFO -  135564 123232    4.11028   32  345    7.78411    3.99140  48.7%   291  297s
 135882 124453    4.47468   27  346    7.78411    3.99223  48.7%   291  300s
2026-06-21 18:14:37 - INFO -  135882 124453    4.47468   27  346    7.78411    3.99223  48.7%   291  300s
H136057 124453                       7.7841137    3.99239  48.7%   291  300s
2026-06-21 18:14:37 - INFO - H136057 124453                       7.7841137    3.99239  48.7%   291  300s

2026-06-21 18:14:37 - INFO - 
Cutting planes:
2026-06-21 18:14:37 - INFO - Cutting planes:
  Learned: 163
2026-06-21 18:14:37 - INFO -   Learned: 163
  Gomory: 412
2026-06-21 18:14:37 - INFO -   Gomory: 412
  Lift-and-project: 629
2026-06-21 18:14:37 - INFO -   Lift-and-project: 629
  Cover: 531
2026-06-21 18:14:37 - INFO -   Cover: 531
  Implied bound: 27
2026-06-21 18:14:37 - INFO -   Implied bound: 27
  Clique: 52
2026-06-21 18:14:37 - INFO -   Clique: 52
  MIR: 1004
2026-06-21 18:14:37 - INFO -   MIR: 1004
  Mixing: 6
2026-06-21 18:14:37 - INFO -   Mixing: 6
  StrongCG: 2
2026-06-21 18:14:37 - INFO -   StrongCG: 2
  Flow cover: 3470
2026-06-21 18:14:37 - INFO -   Flow cover: 3470
  GUB cover: 3
2026-06-21 18:14:37 - INFO -   GUB cover: 3
  Inf proof: 224
2026-06-21 18:14:37 - INFO -   Inf proof: 224
  Zero half: 44
2026-06-21 18:14:37 - INFO -   Zero half: 44
  RLT: 30
2026-06-21 18:14:37 - INFO -   RLT: 30
  Relax-and-lift: 93
2026-06-21 18:14:37 - INFO -   Relax-and-lift: 93

2026-06-21 18:14:37 - INFO - 
Explored 137348 nodes (39932295 simplex iterations) in 300.02 seconds (588.54 work units)
2026-06-21 18:14:37 - INFO - Explored 137348 nodes (39932295 simplex iterations) in 300.02 seconds (588.54 work units)
Thread count was 28 (of 28 available processors)
2026-06-21 18:14:37 - INFO - Thread count was 28 (of 28 available processors)

2026-06-21 18:14:37 - INFO - 
Solution count 10: 7.78411 7.78411 7.78411 ... 7.87194
2026-06-21 18:14:37 - INFO - Solution count 10: 7.78411 7.78411 7.78411 ... 7.87194

2026-06-21 18:14:37 - INFO - 
Time limit reached
2026-06-21 18:14:37 - INFO - Time limit reached
Best objective 7.784113747218e+00, best bound 3.994344181389e+00, gap 48.6859%
2026-06-21 18:14:37 - INFO - Best objective 7.784113747218e+00, best bound 3.994344181389e+00, gap 48.6859%
[EMIB] Solve done: MIPGap=0.0, status=Feasible, Obj=7.784114, time=300.03s, SolCount=10


================================================================================
ILP MODEL ANALYSIS REPORT - Chiplet Placement ILP (Gap=0.0)
Generated: 2026-06-21 18:14:37
================================================================================

[MODEL STRUCTURE]
  Constraints (rows):                   2249
  Variables (columns):                  1033
  Non-zero elements:                    7687
  Objective coefficients:                  4

[VARIABLE TYPES]
  Continuous:                            392
  Integer:                                 0
  Binary:                                641

[CONSTRAINT TYPES]
  <= constraints:                             1310
  == constraints:                              280
  >= constraints:                              659

[COEFFICIENT STATISTICS]
  Matrix range:              [2.93e-01, 2.50e+03]
  Objective range:           [7.26e-06, 1.19e-01]
  Bounds range:              [-2.16e+02, 2.57e+07]

[SOLVE STATISTICS]
  Status:                    Time Limit
  Objective value:                  7.784114
  Best bound:                       3.994344
  MIP gap:                          48.6859%
  Solve time (s):                     300.03
  Solutions found:                        10
  Nodes explored:                   137348.0
  Simplex iterations:             39932295.0

[MEMORY USAGE]
  Initial memory:                     98.00 MB
  Peak memory:                      2221.73 MB
  Final memory:                     2221.73 MB
  Peak increase:                    2123.73 MB
  Final increase:                   2123.73 MB

================================================================================

================================================================================
[OBJECTIVE FUNCTION BREAKDOWN - SOLUTION VALUES]
================================================================================

[Actual Variable Values]
  wirelength: 7.531101e+04
  bbox_area_proxy_t: 4.480000e+01
  aspect_ratio_penalty: 0.000000e+00
  power_aware_penalty: 3.047389e+05

[Normalized Values]
  norm_wirelength = 7.531101e+04 / 8.070093e+04 = 9.332112e-01
  norm_t = 4.480000e+01 / 5.043808e+01 = 8.882178e-01
  norm_aspect = 0.000000e+00 / 1.500000e+01 = 0.000000e+00
  norm_power = 3.047389e+05 / 1.929383e+05 = 1.579463e+00

[Weighted Contributions]
  1. Wirelength: 5.000000e+00 * 9.332112e-01 = 4.666056e+00
  2. Area: 6.000000e+00 * 8.882178e-01 = 5.329307e+00
  3. Aspect Ratio: 1.000000e-01 * 0.000000e+00 = 0.000000e+00
  4. Power Awareness: -1.400000e+00 * 1.579463e+00 = -2.211249e+00

[Total Objective Value]
  4.666056e+00 + 5.329307e+00 + 0.000000e+00 - 2.211249e+00
  = 7.784114e+00
================================================================================

[EMIB] Solve succeeded (Feasible)
[EMIB] placement JSON saved: /root/placement/MPDAP/output_gurobi_EMIB_chiplet_5_6_01_14/placement/syn5.json
[EMIB] Layout figure saved: /root/placement/MPDAP/output_gurobi_EMIB_chiplet_5_6_01_14/fig/syn5_core/solution_1_layout_gurobi.png
2026-06-21 18:14:39 - INFO - 
EMIB returned 1 solution(s) (max 1).
  ✓ EMIB: 1 solution(s)

================================================================================
Batch test done (Gurobi)
  Total time: 302.49 s
================================================================================
File summary:
  Success: 1/1
  Failed: 0/1
Solution count:
  Found: 1/1

Details:
  ✓ syn5.json -> syn5_core: 1 solution(s)
    Log dir: /root/placement/MPDAP/output_gurobi_EMIB_chiplet_5_6_01_14/log/syn5_core
    LP dir: /root/placement/MPDAP/output_gurobi_EMIB_chiplet_5_6_01_14/lp/syn5_core
    Fig dir: /root/placement/MPDAP/output_gurobi_EMIB_chiplet_5_6_01_14/fig/syn5_core
    Placement: /root/placement/MPDAP/output_gurobi_EMIB_chiplet_5_6_01_14/placement/syn5.json
================================================================================

