
================================================================================
Batch test start (Gurobi)
================================================================================
Test input dir: /root/placement/MPDAP/benchmark/test_input
Output base dir: /root/placement/MPDAP/output_gurobi_EMIB_chiplet_5_6_01_14
Found 1 test file(s)
Files to process: sys_micro150.json
================================================================================


[1/1] Processing: sys_micro150.json
  Core name: sys_micro150_core
  Log dir: /root/placement/MPDAP/output_gurobi_EMIB_chiplet_5_6_01_14/log/sys_micro150_core
  LP dir: /root/placement/MPDAP/output_gurobi_EMIB_chiplet_5_6_01_14/lp/sys_micro150_core
  Fig dir: /root/placement/MPDAP/output_gurobi_EMIB_chiplet_5_6_01_14/fig/sys_micro150_core
  Placement file: /root/placement/MPDAP/output_gurobi_EMIB_chiplet_5_6_01_14/placement/sys_micro150.json
2026-06-21 18:03:22 - INFO - Calling EMIB solver (Gurobi)...
node 0 w: 8.25, h: 9.0
node 1 w: 8.25, h: 9.0
node 2 w: 8.25, h: 9.0
node 3 w: 8.25, h: 9.0
node 4 w: 8.75, h: 8.75
node 5 w: 8.75, h: 8.75
node 6 w: 8.75, h: 8.75
node 7 w: 8.75, h: 8.75
  (A,B): node1=A, node2=B, wireCount=256, EMIBType=interfaceB, EMIB_length=0.8533, EMIB_max_width=3.0, width=2.0, height=0.8533, bump_width=1.0000
  (A,D): node1=A, node2=D, wireCount=256, EMIBType=interfaceB, EMIB_length=0.8533, EMIB_max_width=3.0, width=2.0, height=0.8533, bump_width=1.0000
  (A,E): node1=A, node2=E, wireCount=1024, EMIBType=interfaceB, EMIB_length=3.4133, EMIB_max_width=3.0, width=2.0, height=3.4133, bump_width=1.0000
  (B,C): node1=B, node2=C, wireCount=256, EMIBType=interfaceB, EMIB_length=0.8533, EMIB_max_width=3.0, width=2.0, height=0.8533, bump_width=1.0000
  (B,F): node1=B, node2=F, wireCount=1024, EMIBType=interfaceB, EMIB_length=3.4133, EMIB_max_width=3.0, width=2.0, height=3.4133, bump_width=1.0000
  (C,D): node1=C, node2=D, wireCount=256, EMIBType=interfaceB, EMIB_length=0.8533, EMIB_max_width=3.0, width=2.0, height=0.8533, bump_width=1.0000
  (C,G): node1=C, node2=G, wireCount=1024, EMIBType=interfaceB, EMIB_length=3.4133, EMIB_max_width=3.0, width=2.0, height=3.4133, bump_width=1.0000
  (D,H): node1=D, node2=H, wireCount=1024, EMIBType=interfaceB, EMIB_length=3.4133, EMIB_max_width=3.0, width=2.0, height=3.4133, bump_width=1.0000
  (0,1): [A, B, 256, interfaceB, 0.8533, 3.0]
  (0,3): [A, D, 256, interfaceB, 0.8533, 3.0]
  (0,4): [A, E, 1024, interfaceB, 3.4133, 3.0]
  (1,2): [B, C, 256, interfaceB, 0.8533, 3.0]
  (1,5): [B, F, 1024, interfaceB, 3.4133, 3.0]
  (2,3): [C, D, 256, interfaceB, 0.8533, 3.0]
  (2,6): [C, G, 1024, interfaceB, 3.4133, 3.0]
  (3,7): [D, H, 1024, interfaceB, 3.4133, 3.0]
Set parameter WLSAccessID
2026-06-21 18:03:22 - INFO - Set parameter WLSAccessID
Set parameter WLSSecret
2026-06-21 18:03:22 - INFO - Set parameter WLSSecret
Set parameter LicenseID to value 2756663
2026-06-21 18:03:22 - INFO - Set parameter LicenseID to value 2756663
Academic license 2756663 - for non-commercial use only - registered to hu___@sjtu.edu.cn
2026-06-21 18:03:22 - INFO - Academic license 2756663 - for non-commercial use only - registered to hu___@sjtu.edu.cn
EMIB_w_var: {(0, 1): <gurobi.Var *Awaiting Model Update*>, (0, 3): <gurobi.Var *Awaiting Model Update*>, (0, 4): <gurobi.Var *Awaiting Model Update*>, (1, 2): <gurobi.Var *Awaiting Model Update*>, (1, 5): <gurobi.Var *Awaiting Model Update*>, (2, 3): <gurobi.Var *Awaiting Model Update*>, (2, 6): <gurobi.Var *Awaiting Model Update*>, (3, 7): <gurobi.Var *Awaiting Model Update*>}
EMIB_h_var: {(0, 1): <gurobi.Var *Awaiting Model Update*>, (0, 3): <gurobi.Var *Awaiting Model Update*>, (0, 4): <gurobi.Var *Awaiting Model Update*>, (1, 2): <gurobi.Var *Awaiting Model Update*>, (1, 5): <gurobi.Var *Awaiting Model Update*>, (2, 3): <gurobi.Var *Awaiting Model Update*>, (2, 6): <gurobi.Var *Awaiting Model Update*>, (3, 7): <gurobi.Var *Awaiting Model Update*>}
EMIB_connected_pairs: {(0, 1): EMIBNode(node1='A', node2='B', wireCount=256, EMIBType='interfaceB', EMIB_length=0.8533, EMIB_bump_width=1.0, EMIB_max_width=3.0, width=2.0, height=0.8533), (0, 3): EMIBNode(node1='A', node2='D', wireCount=256, EMIBType='interfaceB', EMIB_length=0.8533, EMIB_bump_width=1.0, EMIB_max_width=3.0, width=2.0, height=0.8533), (0, 4): EMIBNode(node1='A', node2='E', wireCount=1024, EMIBType='interfaceB', EMIB_length=3.4133, EMIB_bump_width=1.0, EMIB_max_width=3.0, width=2.0, height=3.4133), (1, 2): EMIBNode(node1='B', node2='C', wireCount=256, EMIBType='interfaceB', EMIB_length=0.8533, EMIB_bump_width=1.0, EMIB_max_width=3.0, width=2.0, height=0.8533), (1, 5): EMIBNode(node1='B', node2='F', wireCount=1024, EMIBType='interfaceB', EMIB_length=3.4133, EMIB_bump_width=1.0, EMIB_max_width=3.0, width=2.0, height=3.4133), (2, 3): EMIBNode(node1='C', node2='D', wireCount=256, EMIBType='interfaceB', EMIB_length=0.8533, EMIB_bump_width=1.0, EMIB_max_width=3.0, width=2.0, height=0.8533), (2, 6): EMIBNode(node1='C', node2='G', wireCount=1024, EMIBType='interfaceB', EMIB_length=3.4133, EMIB_bump_width=1.0, EMIB_max_width=3.0, width=2.0, height=3.4133), (3, 7): EMIBNode(node1='D', node2='H', wireCount=1024, EMIBType='interfaceB', EMIB_length=3.4133, EMIB_bump_width=1.0, EMIB_max_width=3.0, width=2.0, height=3.4133)}
[POWER_AWARE] Mutual Distancing: ENABLED
[POWER_AWARE] Central Avoidance: ENABLED
[POWER_AWARE] Power Aware Optimization: ENABLED
[POWER_AWARE] Selected high-power chiplets: 4 (density threshold: 2.0202020202020203)
[POWER_AWARE] High-power chiplet indices: [0, 1, 2, 3]
[POWER_AWARE] Mutual Distancing: Creating constraints for 4 high-power chiplets
[POWER_AWARE] Mutual Distancing: Added distance constraints for all high-power pairs
[POWER_AWARE] Central Avoidance: Creating away-from-center constraints for 4 high-power chiplets
[DEBUG] chiplet 0 in top 30% power density, add away-from-center constraint
[DEBUG] chiplet 1 in top 30% power density, add away-from-center constraint
[DEBUG] chiplet 2 in top 30% power density, add away-from-center constraint
[DEBUG] chiplet 3 in top 30% power density, add away-from-center constraint
[POWER_AWARE] Central Avoidance: Added away-from-center constraints for 4 high-power chiplets
[DEBUG] L_avg: 24.561148181630273
[DEBUG] total_area: 603.25
[POWER_AWARE] Normalization factor calculation:
[POWER_AWARE]   - High-power chiplets: 4
[POWER_AWARE]   - Mutual Distancing enabled: True
[POWER_AWARE]   - Central Avoidance enabled: True
[POWER_AWARE]   - pair_sum (MD): 1.350000e+05
[POWER_AWARE]   - self_sum (CA): 9.000000e+04
[POWER_AWARE]   - total_sum (pair + self): 2.250000e+05
[POWER_AWARE]   - ref_power: 2.763129e+06
[DEBUG] ref_wirelength: 62876.5393449735
[DEBUG] ref_t: 49.122296363260546
[DEBUG] ref_power: 2763129.170433406
[DEBUG] ref_aspect: 3.0

================================================================================
[OBJECTIVE FUNCTION DETAILS]
================================================================================

[Normalization Reference Values]
  ref_wirelength: 6.287654e+04
  ref_t (area proxy): 4.912230e+01
  ref_power: 2.763129e+06
  ref_aspect: 3.000000e+00

[Beta Weights]
  beta_wire: 5.000000e+00
  beta_area: 6.000000e+00
  beta_aspect: 1.000000e-01
  beta_power: 1.400000e+00

[Objective Function Components]
  1. Wirelength term:
     norm_wirelength = wirelength / ref_wirelength
     contribution = beta_wire * norm_wirelength = 5.0 * norm_wirelength
  2. Area term:
     norm_t = t / ref_t
     contribution = beta_area * norm_t = 6.0 * norm_t
  3. Aspect Ratio term:
     norm_aspect = aspect_ratio_penalty / ref_aspect
     contribution = beta_aspect * norm_aspect = 0.1 * norm_aspect
  4. Power Awareness term:
     norm_power = power_aware_penalty / ref_power
     contribution = - beta_power * norm_power = - 1.4 * norm_power

[Objective Function Formula]
  minimize: 5.0 * wirelength/ref_wirelength
          + 6.0 * t/ref_t
          + 0.1 * aspect_ratio_penalty/ref_aspect
          - 1.4 * power_aware_penalty/ref_power
================================================================================


[EMIB] ILP Model construction completed. Analyzing model structure...
================================================================================
ILP MODEL ANALYSIS REPORT - Chiplet Placement ILP (Construction Complete)
Generated: 2026-06-21 18:03:22
================================================================================

[MODEL STRUCTURE]
  Constraints (rows):                      0
  Variables (columns):                     0
  Non-zero elements:                       0
  Objective coefficients:                  0

[VARIABLE TYPES]
  Continuous:                              0
  Integer:                                 0
  Binary:                                  0

[CONSTRAINT TYPES]

[COEFFICIENT STATISTICS]

[SOLVE STATISTICS]
  Status:                    Unknown(1)
  Solve time (s):                       0.00
  Solutions found:                         0
  Nodes explored:            (not available)
  Simplex iterations:        (not available)

[MEMORY USAGE]
  Initial memory:                     96.21 MB
  Peak memory:                         0.00 MB
  Final memory:                        0.00 MB
  Peak increase:                     -96.21 MB
  Final increase:                    -96.21 MB

================================================================================
Set parameter TimeLimit to value 300
2026-06-21 18:03:22 - INFO - Set parameter TimeLimit to value 300
Set parameter MIPGap to value 0
2026-06-21 18:03:22 - INFO - Set parameter MIPGap to value 0
Set parameter MIPFocus to value 3
2026-06-21 18:03:22 - INFO - Set parameter MIPFocus to value 3
Set parameter Heuristics to value 0.5
2026-06-21 18:03:22 - INFO - Set parameter Heuristics to value 0.5
Set parameter LogToConsole to value 1
2026-06-21 18:03:22 - INFO - Set parameter LogToConsole to value 1
Gurobi Optimizer version 13.0.1 build v13.0.1rc0 (linux64 - "Ubuntu 20.04.6 LTS")
2026-06-21 18:03:22 - INFO - Gurobi Optimizer version 13.0.1 build v13.0.1rc0 (linux64 - "Ubuntu 20.04.6 LTS")

2026-06-21 18:03:22 - INFO - 
CPU model: AMD Ryzen 9 9950X3D 16-Core Processor, instruction set [SSE2|AVX|AVX2|AVX512]
2026-06-21 18:03:22 - INFO - CPU model: AMD Ryzen 9 9950X3D 16-Core Processor, instruction set [SSE2|AVX|AVX2|AVX512]
Thread count: 14 physical cores, 28 logical processors, using up to 28 threads
2026-06-21 18:03:22 - INFO - Thread count: 14 physical cores, 28 logical processors, using up to 28 threads

2026-06-21 18:03:22 - INFO - 
Non-default parameters:
2026-06-21 18:03:22 - INFO - Non-default parameters:
TimeLimit  300
2026-06-21 18:03:22 - INFO - TimeLimit  300
MIPGap  0
2026-06-21 18:03:22 - INFO - MIPGap  0
Heuristics  0.5
2026-06-21 18:03:22 - INFO - Heuristics  0.5
MIPFocus  3
2026-06-21 18:03:22 - INFO - MIPFocus  3

2026-06-21 18:03:22 - INFO - 
Academic license 2756663 - for non-commercial use only - registered to hu___@sjtu.edu.cn
2026-06-21 18:03:22 - INFO - Academic license 2756663 - for non-commercial use only - registered to hu___@sjtu.edu.cn
Optimize a model with 1063 rows, 498 columns and 3539 nonzeros (Min)
2026-06-21 18:03:22 - INFO - Optimize a model with 1063 rows, 498 columns and 3539 nonzeros (Min)
Model fingerprint: 0x7ab4ae28
2026-06-21 18:03:22 - INFO - Model fingerprint: 0x7ab4ae28
Model has 4 linear objective coefficients
2026-06-21 18:03:22 - INFO - Model has 4 linear objective coefficients
Variable types: 222 continuous, 276 integer (276 binary)
2026-06-21 18:03:22 - INFO - Variable types: 222 continuous, 276 integer (276 binary)
Coefficient statistics:
2026-06-21 18:03:22 - INFO - Coefficient statistics:
  Matrix range     [5e-01, 2e+04]
2026-06-21 18:03:22 - INFO -   Matrix range     [5e-01, 2e+04]
  Objective range  [5e-07, 1e-01]
2026-06-21 18:03:22 - INFO -   Objective range  [5e-07, 1e-01]
  Bounds range     [9e-01, 7e+06]
2026-06-21 18:03:22 - INFO -   Bounds range     [9e-01, 7e+06]
  RHS range        [9e-01, 2e+02]
2026-06-21 18:03:22 - INFO -   RHS range        [9e-01, 2e+02]

2026-06-21 18:03:22 - INFO - 
Presolve removed 101 rows and 89 columns
2026-06-21 18:03:22 - INFO - Presolve removed 101 rows and 89 columns
Presolve time: 0.01s
2026-06-21 18:03:22 - INFO - Presolve time: 0.01s
Presolved: 962 rows, 409 columns, 3126 nonzeros
2026-06-21 18:03:22 - INFO - Presolved: 962 rows, 409 columns, 3126 nonzeros
Variable types: 153 continuous, 256 integer (256 binary)
2026-06-21 18:03:22 - INFO - Variable types: 153 continuous, 256 integer (256 binary)
Root relaxation presolve removed 218 rows and 78 columns
2026-06-21 18:03:22 - INFO - Root relaxation presolve removed 218 rows and 78 columns
Root relaxation presolved: 744 rows, 343 columns, 2608 nonzeros
2026-06-21 18:03:22 - INFO - Root relaxation presolved: 744 rows, 343 columns, 2608 nonzeros

2026-06-21 18:03:22 - INFO - 

2026-06-21 18:03:22 - INFO - 
Root relaxation: objective -2.032641e+01, 195 iterations, 0.00 seconds (0.00 work units)
2026-06-21 18:03:22 - INFO - Root relaxation: objective -2.032641e+01, 195 iterations, 0.00 seconds (0.00 work units)

2026-06-21 18:03:22 - INFO - 
    Nodes    |    Current Node    |     Objective Bounds      |     Work
2026-06-21 18:03:22 - INFO -     Nodes    |    Current Node    |     Objective Bounds      |     Work
 Expl Unexpl |  Obj  Depth IntInf | Incumbent    BestBd   Gap | It/Node Time
2026-06-21 18:03:22 - INFO -  Expl Unexpl |  Obj  Depth IntInf | Incumbent    BestBd   Gap | It/Node Time

2026-06-21 18:03:22 - INFO - 
     0     0  -20.32641    0  120          -  -20.32641      -     -    0s
2026-06-21 18:03:22 - INFO -      0     0  -20.32641    0  120          -  -20.32641      -     -    0s
H    0     0                      13.6519061  -17.02038   225%     -    0s
2026-06-21 18:03:22 - INFO - H    0     0                      13.6519061  -17.02038   225%     -    0s
     0     0  -15.92027    0  156   13.65191  -15.92027   217%     -    0s
2026-06-21 18:03:22 - INFO -      0     0  -15.92027    0  156   13.65191  -15.92027   217%     -    0s
     0     0  -15.92027    0  156   13.65191  -15.92027   217%     -    0s
2026-06-21 18:03:22 - INFO -      0     0  -15.92027    0  156   13.65191  -15.92027   217%     -    0s
     0     0  -15.92027    0  126   13.65191  -15.92027   217%     -    0s
2026-06-21 18:03:22 - INFO -      0     0  -15.92027    0  126   13.65191  -15.92027   217%     -    0s
     0     0   -7.30808    0  137   13.65191   -7.30808   154%     -    0s
2026-06-21 18:03:22 - INFO -      0     0   -7.30808    0  137   13.65191   -7.30808   154%     -    0s
     0     0   -4.35872    0  128   13.65191   -4.35872   132%     -    0s
2026-06-21 18:03:22 - INFO -      0     0   -4.35872    0  128   13.65191   -4.35872   132%     -    0s
     0     0   -4.35872    0  125   13.65191   -4.35872   132%     -    0s
2026-06-21 18:03:22 - INFO -      0     0   -4.35872    0  125   13.65191   -4.35872   132%     -    0s
     0     0   -4.35872    0  111   13.65191   -4.35872   132%     -    0s
2026-06-21 18:03:22 - INFO -      0     0   -4.35872    0  111   13.65191   -4.35872   132%     -    0s
     0     0   -3.87542    0  113   13.65191   -3.87542   128%     -    0s
2026-06-21 18:03:22 - INFO -      0     0   -3.87542    0  113   13.65191   -3.87542   128%     -    0s
     0     0   -0.84381    0  141   13.65191   -0.84381   106%     -    0s
2026-06-21 18:03:22 - INFO -      0     0   -0.84381    0  141   13.65191   -0.84381   106%     -    0s
     0     0   -0.84381    0  141   13.65191   -0.84381   106%     -    0s
2026-06-21 18:03:22 - INFO -      0     0   -0.84381    0  141   13.65191   -0.84381   106%     -    0s
     0     0   -0.84381    0  141   13.65191   -0.84381   106%     -    0s
2026-06-21 18:03:23 - INFO -      0     0   -0.84381    0  141   13.65191   -0.84381   106%     -    0s
H    0     0                      12.5261415   -0.82923   107%     -    0s
2026-06-21 18:03:23 - INFO - H    0     0                      12.5261415   -0.82923   107%     -    0s
     0     0   -0.50739    0  132   12.52614   -0.50739   104%     -    0s
2026-06-21 18:03:23 - INFO -      0     0   -0.50739    0  132   12.52614   -0.50739   104%     -    0s
     0     0   -0.47236    0  132   12.52614   -0.47236   104%     -    0s
2026-06-21 18:03:23 - INFO -      0     0   -0.47236    0  132   12.52614   -0.47236   104%     -    0s
     0     0   -0.45029    0  127   12.52614   -0.45029   104%     -    0s
2026-06-21 18:03:23 - INFO -      0     0   -0.45029    0  127   12.52614   -0.45029   104%     -    0s
     0     0   -0.44717    0  131   12.52614   -0.44717   104%     -    0s
2026-06-21 18:03:23 - INFO -      0     0   -0.44717    0  131   12.52614   -0.44717   104%     -    0s
     0     0   -0.10676    0  143   12.52614   -0.10676   101%     -    0s
2026-06-21 18:03:23 - INFO -      0     0   -0.10676    0  143   12.52614   -0.10676   101%     -    0s
     0     0   -0.10676    0  142   12.52614   -0.10676   101%     -    0s
2026-06-21 18:03:23 - INFO -      0     0   -0.10676    0  142   12.52614   -0.10676   101%     -    0s
     0     0   -0.10676    0  116   12.52614   -0.10676   101%     -    0s
2026-06-21 18:03:23 - INFO -      0     0   -0.10676    0  116   12.52614   -0.10676   101%     -    0s
H    0     0                       9.9946002   -0.07972   101%     -    0s
2026-06-21 18:03:23 - INFO - H    0     0                       9.9946002   -0.07972   101%     -    0s
     0     0    0.16615    0  125    9.99460    0.16615  98.3%     -    0s
2026-06-21 18:03:23 - INFO -      0     0    0.16615    0  125    9.99460    0.16615  98.3%     -    0s
     0     0    0.18383    0  124    9.99460    0.18383  98.2%     -    0s
2026-06-21 18:03:23 - INFO -      0     0    0.18383    0  124    9.99460    0.18383  98.2%     -    0s
     0     0    0.18551    0  128    9.99460    0.18551  98.1%     -    0s
2026-06-21 18:03:23 - INFO -      0     0    0.18551    0  128    9.99460    0.18551  98.1%     -    0s
     0     0    0.38579    0  126    9.99460    0.38579  96.1%     -    0s
2026-06-21 18:03:23 - INFO -      0     0    0.38579    0  126    9.99460    0.38579  96.1%     -    0s
     0     0    0.38579    0  126    9.99460    0.38579  96.1%     -    0s
2026-06-21 18:03:23 - INFO -      0     0    0.38579    0  126    9.99460    0.38579  96.1%     -    0s
     0     0    0.38579    0  114    9.99460    0.38579  96.1%     -    0s
2026-06-21 18:03:23 - INFO -      0     0    0.38579    0  114    9.99460    0.38579  96.1%     -    0s
     0     0    0.77663    0  126    9.99460    0.77663  92.2%     -    0s
2026-06-21 18:03:23 - INFO -      0     0    0.77663    0  126    9.99460    0.77663  92.2%     -    0s
     0     0    0.77719    0  137    9.99460    0.77719  92.2%     -    0s
2026-06-21 18:03:23 - INFO -      0     0    0.77719    0  137    9.99460    0.77719  92.2%     -    0s
     0     0    0.78223    0  127    9.99460    0.78223  92.2%     -    0s
2026-06-21 18:03:23 - INFO -      0     0    0.78223    0  127    9.99460    0.78223  92.2%     -    0s
     0     0    0.78223    0  127    9.99460    0.78223  92.2%     -    0s
2026-06-21 18:03:23 - INFO -      0     0    0.78223    0  127    9.99460    0.78223  92.2%     -    0s
     0     0    0.78223    0  117    9.99460    0.78223  92.2%     -    0s
2026-06-21 18:03:23 - INFO -      0     0    0.78223    0  117    9.99460    0.78223  92.2%     -    0s
H    0     0                       9.6878882    0.78223  91.9%     -    0s
2026-06-21 18:03:23 - INFO - H    0     0                       9.6878882    0.78223  91.9%     -    0s
     0     0    0.79569    0  140    9.68789    0.79569  91.8%     -    0s
2026-06-21 18:03:23 - INFO -      0     0    0.79569    0  140    9.68789    0.79569  91.8%     -    0s
     0     0    0.79569    0  154    9.68789    0.79569  91.8%     -    0s
2026-06-21 18:03:23 - INFO -      0     0    0.79569    0  154    9.68789    0.79569  91.8%     -    0s
     0     0    0.81156    0  144    9.68789    0.81156  91.6%     -    1s
2026-06-21 18:03:23 - INFO -      0     0    0.81156    0  144    9.68789    0.81156  91.6%     -    1s
     0     0    0.81156    0  144    9.68789    0.81156  91.6%     -    1s
2026-06-21 18:03:23 - INFO -      0     0    0.81156    0  144    9.68789    0.81156  91.6%     -    1s
     0     0    0.81156    0  144    9.68789    0.81156  91.6%     -    1s
2026-06-21 18:03:23 - INFO -      0     0    0.81156    0  144    9.68789    0.81156  91.6%     -    1s
     0     0    0.82617    0  160    9.68789    0.82617  91.5%     -    1s
2026-06-21 18:03:23 - INFO -      0     0    0.82617    0  160    9.68789    0.82617  91.5%     -    1s
     0     0    0.82617    0  167    9.68789    0.82617  91.5%     -    1s
2026-06-21 18:03:23 - INFO -      0     0    0.82617    0  167    9.68789    0.82617  91.5%     -    1s
     0     0    0.84081    0  157    9.68789    0.84081  91.3%     -    1s
2026-06-21 18:03:23 - INFO -      0     0    0.84081    0  157    9.68789    0.84081  91.3%     -    1s
     0     0    0.84081    0  157    9.68789    0.84081  91.3%     -    1s
2026-06-21 18:03:23 - INFO -      0     0    0.84081    0  157    9.68789    0.84081  91.3%     -    1s
     0     0    0.86221    0  157    9.68789    0.86221  91.1%     -    1s
2026-06-21 18:03:23 - INFO -      0     0    0.86221    0  157    9.68789    0.86221  91.1%     -    1s
     0     0    0.86221    0  146    9.68789    0.86221  91.1%     -    1s
2026-06-21 18:03:23 - INFO -      0     0    0.86221    0  146    9.68789    0.86221  91.1%     -    1s
H    0     0                       9.6675308    0.86221  91.1%     -    1s
2026-06-21 18:03:24 - INFO - H    0     0                       9.6675308    0.86221  91.1%     -    1s
     0     2    0.86221    0  140    9.66753    0.86221  91.1%     -    1s
2026-06-21 18:03:24 - INFO -      0     2    0.86221    0  140    9.66753    0.86221  91.1%     -    1s
H   56    95                       9.0036841    2.71312  69.9%   242    2s
2026-06-21 18:03:24 - INFO - H   56    95                       9.0036841    2.71312  69.9%   242    2s
H  113   162                       8.7737916    3.09651  64.7%   207    2s
2026-06-21 18:03:24 - INFO - H  113   162                       8.7737916    3.09651  64.7%   207    2s
H  124   162                       8.7008302    3.10628  64.3%   199    2s
2026-06-21 18:03:24 - INFO - H  124   162                       8.7008302    3.10628  64.3%   199    2s
H  175   176                       8.7006576    3.14438  63.9%   188    2s
2026-06-21 18:03:24 - INFO - H  175   176                       8.7006576    3.14438  63.9%   188    2s
H  222   230                       8.1171144    3.27383  59.7%   211    2s
2026-06-21 18:03:25 - INFO - H  222   230                       8.1171144    3.27383  59.7%   211    2s
H  243   247                       7.9688213    3.29777  58.6%   218    2s
2026-06-21 18:03:25 - INFO - H  243   247                       7.9688213    3.29777  58.6%   218    2s
H  255   288                       7.7785451    3.31348  57.4%   222    2s
2026-06-21 18:03:25 - INFO - H  255   288                       7.7785451    3.31348  57.4%   222    2s
H  261   288                       7.7783269    3.32168  57.3%   223    2s
2026-06-21 18:03:25 - INFO - H  261   288                       7.7783269    3.32168  57.3%   223    2s
H  264   288                       7.7681938    3.32235  57.2%   224    2s
2026-06-21 18:03:25 - INFO - H  264   288                       7.7681938    3.32235  57.2%   224    2s
H  313   314                       7.7494689    3.36568  56.6%   222    2s
2026-06-21 18:03:25 - INFO - H  313   314                       7.7494689    3.36568  56.6%   222    2s
   534   531    4.29679   11  150    7.74947    3.65868  52.8%   264    5s
2026-06-21 18:03:27 - INFO -    534   531    4.29679   11  150    7.74947    3.65868  52.8%   264    5s
H  570   554                       7.7494689    3.70109  52.2%   269    5s
2026-06-21 18:03:27 - INFO - H  570   554                       7.7494689    3.70109  52.2%   269    5s
H  816   784                       7.7494576    3.83147  50.6%   250    6s
2026-06-21 18:03:29 - INFO - H  816   784                       7.7494576    3.83147  50.6%   250    6s
  2103  2026    4.51075   12  156    7.74946    4.51075  41.8%   153   10s
2026-06-21 18:03:32 - INFO -   2103  2026    4.51075   12  156    7.74946    4.51075  41.8%   153   10s
  2456  2288    5.82666   35   92    7.74946    5.75851  25.7%   158   15s
2026-06-21 18:03:37 - INFO -   2456  2288    5.82666   35   92    7.74946    5.75851  25.7%   158   15s
  8312  5050    6.55224   32   91    7.74946    6.54496  15.5%   134   20s
2026-06-21 18:03:42 - INFO -   8312  5050    6.55224   32   91    7.74946    6.54496  15.5%   134   20s
 19834 10793    7.01642   40   82    7.74946    6.86338  11.4%   104   25s
2026-06-21 18:03:47 - INFO -  19834 10793    7.01642   40   82    7.74946    6.86338  11.4%   104   25s
 28411 11996 infeasible   38         7.74946    6.99192  9.78%  92.5   30s
2026-06-21 18:03:53 - INFO -  28411 11996 infeasible   38         7.74946    6.99192  9.78%  92.5   30s
 43669 14757    7.28033   44   31    7.74946    7.27030  6.18%  76.3   35s
2026-06-21 18:03:57 - INFO -  43669 14757    7.28033   44   31    7.74946    7.27030  6.18%  76.3   35s
 65541 21143    7.51920   47   22    7.74946    7.41928  4.26%  61.9   40s
2026-06-21 18:04:02 - INFO -  65541 21143    7.51920   47   22    7.74946    7.41928  4.26%  61.9   40s
 86200 24107    7.58146   43   25    7.74946    7.48418  3.42%  54.1   45s
2026-06-21 18:04:08 - INFO -  86200 24107    7.58146   43   25    7.74946    7.48418  3.42%  54.1   45s
 99282 25712     cutoff   48         7.74946    7.55231  2.54%  50.5   50s
2026-06-21 18:04:12 - INFO -  99282 25712     cutoff   48         7.74946    7.55231  2.54%  50.5   50s
 124204 27365 infeasible   48         7.74946    7.62887  1.56%  45.1   55s
2026-06-21 18:04:17 - INFO -  124204 27365 infeasible   48         7.74946    7.62887  1.56%  45.1   55s
 143453 20925    7.72820   48   19    7.74946    7.67093  1.01%  41.8   61s
2026-06-21 18:04:23 - INFO -  143453 20925    7.72820   48   19    7.74946    7.67093  1.01%  41.8   61s
 157328 12099     cutoff   44         7.74946    7.70546  0.57%  39.6   65s
2026-06-21 18:04:27 - INFO -  157328 12099     cutoff   44         7.74946    7.70546  0.57%  39.6   65s

2026-06-21 18:04:31 - INFO - 
Cutting planes:
2026-06-21 18:04:31 - INFO - Cutting planes:
  Learned: 187
2026-06-21 18:04:31 - INFO -   Learned: 187
  Gomory: 146
2026-06-21 18:04:31 - INFO -   Gomory: 146
  Lift-and-project: 503
2026-06-21 18:04:31 - INFO -   Lift-and-project: 503
  Cover: 556
2026-06-21 18:04:31 - INFO -   Cover: 556
  Implied bound: 32
2026-06-21 18:04:31 - INFO -   Implied bound: 32
  Clique: 5
2026-06-21 18:04:31 - INFO -   Clique: 5
  MIR: 233
2026-06-21 18:04:31 - INFO -   MIR: 233
  Mixing: 3
2026-06-21 18:04:31 - INFO -   Mixing: 3
  Flow cover: 1192
2026-06-21 18:04:31 - INFO -   Flow cover: 1192
  Inf proof: 702
2026-06-21 18:04:31 - INFO -   Inf proof: 702
  Zero half: 94
2026-06-21 18:04:31 - INFO -   Zero half: 94
  RLT: 17
2026-06-21 18:04:31 - INFO -   RLT: 17
  Relax-and-lift: 223
2026-06-21 18:04:31 - INFO -   Relax-and-lift: 223
  PSD: 4
2026-06-21 18:04:31 - INFO -   PSD: 4

2026-06-21 18:04:31 - INFO - 
Explored 178635 nodes (6499756 simplex iterations) in 68.59 seconds (109.18 work units)
2026-06-21 18:04:31 - INFO - Explored 178635 nodes (6499756 simplex iterations) in 68.59 seconds (109.18 work units)
Thread count was 28 (of 28 available processors)
2026-06-21 18:04:31 - INFO - Thread count was 28 (of 28 available processors)

2026-06-21 18:04:31 - INFO - 
Solution count 10: 7.74946 7.74947 7.76819 ... 8.77379
2026-06-21 18:04:31 - INFO - Solution count 10: 7.74946 7.74947 7.76819 ... 8.77379

2026-06-21 18:04:31 - INFO - 
Optimal solution found (tolerance 0.00e+00)
2026-06-21 18:04:31 - INFO - Optimal solution found (tolerance 0.00e+00)
Best objective 7.749457640431e+00, best bound 7.749457640431e+00, gap 0.0000%
2026-06-21 18:04:31 - INFO - Best objective 7.749457640431e+00, best bound 7.749457640431e+00, gap 0.0000%
[EMIB] Solve done: MIPGap=0.0, status=Optimal, Obj=7.749458, time=68.61s, SolCount=10


================================================================================
ILP MODEL ANALYSIS REPORT - Chiplet Placement ILP (Gap=0.0)
Generated: 2026-06-21 18:04:31
================================================================================

[MODEL STRUCTURE]
  Constraints (rows):                   1063
  Variables (columns):                   498
  Non-zero elements:                    3539
  Objective coefficients:                  4

[VARIABLE TYPES]
  Continuous:                            222
  Integer:                                 0
  Binary:                                276

[CONSTRAINT TYPES]
  <= constraints:                              556
  == constraints:                              164
  >= constraints:                              343

[COEFFICIENT STATISTICS]
  Matrix range:              [5.00e-01, 2.25e+04]
  Objective range:           [5.07e-07, 1.22e-01]
  Bounds range:              [-2.10e+02, 6.88e+06]

[SOLVE STATISTICS]
  Status:                    Optimal
  Objective value:                  7.749458
  Best bound:                       7.749458
  MIP gap:                           0.0000%
  Solve time (s):                      68.61
  Solutions found:                        10
  Nodes explored:                   178635.0
  Simplex iterations:              6499756.0

[MEMORY USAGE]
  Initial memory:                     96.96 MB
  Peak memory:                       742.24 MB
  Final memory:                      742.24 MB
  Peak increase:                     645.28 MB
  Final increase:                    645.28 MB

================================================================================

================================================================================
[OBJECTIVE FUNCTION BREAKDOWN - SOLUTION VALUES]
================================================================================

[Actual Variable Values]
  wirelength: 4.907587e+04
  bbox_area_proxy_t: 4.268424e+01
  aspect_ratio_penalty: 1.447000e-01
  power_aware_penalty: 2.706984e+06

[Normalized Values]
  norm_wirelength = 4.907587e+04 / 6.287654e+04 = 7.805116e-01
  norm_t = 4.268424e+01 / 4.912230e+01 = 8.689382e-01
  norm_aspect = 1.447000e-01 / 3.000000e+00 = 4.823333e-02
  norm_power = 2.706984e+06 / 2.763129e+06 = 9.796805e-01

[Weighted Contributions]
  1. Wirelength: 5.000000e+00 * 7.805116e-01 = 3.902558e+00
  2. Area: 6.000000e+00 * 8.689382e-01 = 5.213629e+00
  3. Aspect Ratio: 1.000000e-01 * 4.823333e-02 = 4.823333e-03
  4. Power Awareness: -1.400000e+00 * 9.796805e-01 = -1.371553e+00

[Total Objective Value]
  3.902558e+00 + 5.213629e+00 + 4.823333e-03 - 1.371553e+00
  = 7.749458e+00
================================================================================

[EMIB] Solve succeeded (Optimal)
[EMIB] placement JSON saved: /root/placement/MPDAP/output_gurobi_EMIB_chiplet_5_6_01_14/placement/sys_micro150.json
[EMIB] Layout figure saved: /root/placement/MPDAP/output_gurobi_EMIB_chiplet_5_6_01_14/fig/sys_micro150_core/solution_1_layout_gurobi.png
2026-06-21 18:04:33 - INFO - 
EMIB returned 1 solution(s) (max 1).
  ✓ EMIB: 1 solution(s)

================================================================================
Batch test done (Gurobi)
  Total time: 71.08 s
================================================================================
File summary:
  Success: 1/1
  Failed: 0/1
Solution count:
  Found: 1/1

Details:
  ✓ sys_micro150.json -> sys_micro150_core: 1 solution(s)
    Log dir: /root/placement/MPDAP/output_gurobi_EMIB_chiplet_5_6_01_14/log/sys_micro150_core
    LP dir: /root/placement/MPDAP/output_gurobi_EMIB_chiplet_5_6_01_14/lp/sys_micro150_core
    Fig dir: /root/placement/MPDAP/output_gurobi_EMIB_chiplet_5_6_01_14/fig/sys_micro150_core
    Placement: /root/placement/MPDAP/output_gurobi_EMIB_chiplet_5_6_01_14/placement/sys_micro150.json
================================================================================

