[EMIB] Config mutual_distancing_enabled=True
[EMIB] Config ce2026-07-02 12:48:42 - INFO - Set parameter Username
2026-07-02 12:48:42 - INFO - Set parameter LicenseID to value 2840060
2026-07-02 12:48:42 - INFO - Academic license - for non-commercial use only - expires 2027-07-01
2026-07-02 12:48:42 - INFO - Set parameter TimeLimit to value 300
2026-07-02 12:48:42 - INFO - Set parameter MIPGap to value 0
2026-07-02 12:48:42 - INFO - Set parameter MIPFocus to value 3
2026-07-02 12:48:42 - INFO - Set parameter Heuristics to value 0.5
2026-07-02 12:48:42 - INFO - Set parameter LogToConsole to value 1
2026-07-02 12:48:42 - INFO - Gurobi Optimizer version 13.0.1 build v13.0.1rc0 (linux64 - "Ubuntu 20.04.6 LTS")
2026-07-02 12:48:42 - INFO - 
2026-07-02 12:48:42 - INFO - CPU model: AMD Ryzen 9 9950X3D 16-Core Processor, instruction set [SSE2|AVX|AVX2|AVX512]
2026-07-02 12:48:42 - INFO - Thread count: 14 physical cores, 28 logical processors, using up to 28 threads
2026-07-02 12:48:42 - INFO - 
2026-07-02 12:48:42 - INFO - Non-default parameters:
2026-07-02 12:48:42 - INFO - TimeLimit  300
2026-07-02 12:48:42 - INFO - MIPGap  0
2026-07-02 12:48:42 - INFO - Heuristics  0.5
2026-07-02 12:48:42 - INFO - MIPFocus  3
2026-07-02 12:48:42 - INFO - 
2026-07-02 12:48:42 - INFO - Optimize a model with 1800 rows, 825 columns and 6189 nonzeros (Min)
2026-07-02 12:48:42 - INFO - Model fingerprint: 0xd078d7f2
2026-07-02 12:48:42 - INFO - Model has 4 linear objective coefficients
2026-07-02 12:48:42 - INFO - Variable types: 311 continuous, 514 integer (514 binary)
2026-07-02 12:48:42 - INFO - Coefficient statistics:
2026-07-02 12:48:42 - INFO -   Matrix range     [3e-01, 3e+03]
2026-07-02 12:48:42 - INFO -   Objective range  [1e-05, 1e-01]
2026-07-02 12:48:42 - INFO -   Bounds range     [9e-01, 2e+07]
2026-07-02 12:48:42 - INFO -   RHS range        [9e-01, 3e+02]
2026-07-02 12:48:42 - INFO - 
2026-07-02 12:48:42 - INFO - Presolve removed 136 rows and 114 columns
2026-07-02 12:48:42 - INFO - Presolve time: 0.01s
2026-07-02 12:48:42 - INFO - Presolved: 1664 rows, 711 columns, 5852 nonzeros
2026-07-02 12:48:42 - INFO - Variable types: 223 continuous, 488 integer (488 binary)
2026-07-02 12:48:42 - INFO - Root relaxation presolve removed 224 rows and 58 columns
2026-07-02 12:48:42 - INFO - Root relaxation presolved: 1440 rows, 675 columns, 5328 nonzeros
2026-07-02 12:48:42 - INFO - 
2026-07-02 12:48:42 - INFO - 
2026-07-02 12:48:42 - INFO - Root relaxation: objective -2.579280e+01, 345 iterations, 0.00 seconds (0.01 work units)
2026-07-02 12:48:42 - INFO - 
2026-07-02 12:48:42 - INFO -     Nodes    |    Current Node    |     Objective Bounds      |     Work
2026-07-02 12:48:42 - INFO -  Expl Unexpl |  Obj  Depth IntInf | Incumbent    BestBd   Gap | It/Node Time
2026-07-02 12:48:42 - INFO - 
2026-07-02 12:48:42 - INFO -      0     0  -25.79280    0  206          -  -25.79280      -     -    0s
2026-07-02 12:48:42 - INFO -      0     0  -24.59821    0  221          -  -24.59821      -     -    0s
2026-07-02 12:48:43 - INFO -      0     0  -24.59821    0  210          -  -24.59821      -     -    0s
2026-07-02 12:48:43 - INFO -      0     0  -21.56665    0  215          -  -21.56665      -     -    0s
2026-07-02 12:48:43 - INFO -      0     0  -21.56665    0  265          -  -21.56665      -     -    0s
2026-07-02 12:48:43 - INFO -      0     0  -21.56665    0  243          -  -21.56665      -     -    0s
2026-07-02 12:48:43 - INFO -      0     0  -19.55864    0  241          -  -19.55864      -     -    0s
2026-07-02 12:48:43 - INFO -      0     0  -19.55864    0  241          -  -19.55864      -     -    0s
2026-07-02 12:48:43 - INFO -      0     0  -19.55864    0  243          -  -19.55864      -     -    0s
2026-07-02 12:48:43 - INFO -      0     0  -19.54799    0  246          -  -19.54799      -     -    0s
2026-07-02 12:48:43 - INFO -      0     0  -14.56743    0  225          -  -14.56743      -     -    0s
2026-07-02 12:48:43 - INFO -      0     0  -14.56743    0  224          -  -14.56743      -     -    0s
2026-07-02 12:48:43 - INFO -      0     0  -14.56743    0  224          -  -14.56743      -     -    0s
2026-07-02 12:48:43 - INFO -      0     0   -6.18359    0  240          -   -6.18359      -     -    1s
2026-07-02 12:48:43 - INFO -      0     0   -6.18359    0  238          -   -6.18359      -     -    1s
2026-07-02 12:48:43 - INFO -      0     0   -6.14138    0  235          -   -6.14138      -     -    1s
2026-07-02 12:48:43 - INFO -      0     0   -6.14138    0  238          -   -6.14138      -     -    1s
2026-07-02 12:48:43 - INFO -      0     0   -2.69668    0  243          -   -2.69668      -     -    1s
2026-07-02 12:48:43 - INFO -      0     0   -2.69668    0  243          -   -2.69668      -     -    1s
2026-07-02 12:48:44 - INFO -      0     0   -2.69668    0  225          -   -2.69668      -     -    1s
2026-07-02 12:48:44 - INFO -      0     0   -2.63146    0  227          -   -2.63146      -     -    1s
2026-07-02 12:48:44 - INFO -      0     0   -2.63146    0  248          -   -2.63146      -     -    1s
2026-07-02 12:48:44 - INFO -      0     0   -2.63146    0  253          -   -2.63146      -     -    1s
2026-07-02 12:48:44 - INFO -      0     0   -2.60079    0  241          -   -2.60079      -     -    1s
2026-07-02 12:48:44 - INFO -      0     0   -2.60079    0  205          -   -2.60079      -     -    1s
2026-07-02 12:48:44 - INFO -      0     0   -2.52561    0  220          -   -2.52561      -     -    1s
2026-07-02 12:48:44 - INFO -      0     0   -2.47189    0  232          -   -2.47189      -     -    1s
2026-07-02 12:48:44 - INFO -      0     0   -2.37334    0  240          -   -2.37334      -     -    1s
2026-07-02 12:48:44 - INFO -      0     0   -2.37207    0  220          -   -2.37207      -     -    1s
2026-07-02 12:48:44 - INFO -      0     0   -2.37207    0  217          -   -2.37207      -     -    1s
2026-07-02 12:48:44 - INFO -      0     0   -2.37207    0  193          -   -2.37207      -     -    1s
2026-07-02 12:48:44 - INFO -      0     0   -2.35347    0  213          -   -2.35347      -     -    2s
2026-07-02 12:48:44 - INFO -      0     0   -2.35347    0  202          -   -2.35347      -     -    2s
2026-07-02 12:48:44 - INFO -      0     0   -2.35347    0  203          -   -2.35347      -     -    2s
2026-07-02 12:48:44 - INFO -      0     0   -1.97621    0  212          -   -1.97621      -     -    2s
2026-07-02 12:48:45 - INFO -      0     0   -1.97621    0  199          -   -1.97621      -     -    2s
2026-07-02 12:48:45 - INFO -      0     0   -1.80340    0  218          -   -1.80340      -     -    2s
2026-07-02 12:48:45 - INFO -      0     0   -1.80340    0  225          -   -1.80340      -     -    2s
2026-07-02 12:48:45 - INFO -      0     0   -1.80340    0  212          -   -1.80340      -     -    2s
2026-07-02 12:48:45 - INFO -      0     0   -1.66205    0  225          -   -1.66205      -     -    2s
2026-07-02 12:48:45 - INFO -      0     0   -1.66205    0  204          -   -1.66205      -     -    2s
2026-07-02 12:48:45 - INFO -      0     0   -1.56611    0  228          -   -1.56611      -     -    2s
2026-07-02 12:48:45 - INFO -      0     0   -1.56611    0  241          -   -1.56611      -     -    2s
2026-07-02 12:48:45 - INFO -      0     0   -1.56611    0  246          -   -1.56611      -     -    2s
2026-07-02 12:48:45 - INFO -      0     0   -1.56611    0  216          -   -1.56611      -     -    2s
2026-07-02 12:48:45 - INFO -      0     0   -1.56611    0  205          -   -1.56611      -     -    3s
2026-07-02 12:48:45 - INFO -      0     0   -1.49551    0  221          -   -1.49551      -     -    3s
2026-07-02 12:48:46 - INFO -      0     0   -1.39900    0  236          -   -1.39900      -     -    3s
2026-07-02 12:48:46 - INFO -      0     0   -1.39900    0  235          -   -1.39900      -     -    3s
2026-07-02 12:48:46 - INFO -      0     0   -1.39900    0  224          -   -1.39900      -     -    3s
2026-07-02 12:48:46 - INFO -      0     0   -1.22611    0  216          -   -1.22611      -     -    3s
2026-07-02 12:48:46 - INFO -      0     0   -1.22611    0  216          -   -1.22611      -     -    3s
2026-07-02 12:48:46 - INFO - H    0     0                      24.6221254   -1.22611   105%     -    4s
2026-07-02 12:48:47 - INFO - H    0     0                      24.5977848   -1.22611   105%     -    4s
2026-07-02 12:48:47 - INFO - H    0     0                      10.0136186   -1.22611   112%     -    4s
2026-07-02 12:48:47 - INFO - H    0     0                       9.9884771   -1.22611   112%     -    4s
2026-07-02 12:48:47 - INFO -      0     2   -1.22611    0  216    9.98848   -1.22611   112%     -    4s
2026-07-02 12:48:47 - INFO - H   20    30                       9.9382241   -1.18313   112%   278    4s
2026-07-02 12:48:47 - INFO - H   23    30                       9.9219309   -1.01342   110%   281    4s
2026-07-02 12:48:47 - INFO - H   24    30                       9.8884289   -0.98363   110%   283    4s
2026-07-02 12:48:47 - INFO -     43    58    1.48876    5  212    9.88843   -0.33481   103%   510    5s
2026-07-02 12:48:48 - INFO - H   66    88                       9.8780123    0.22479  97.7%   591    5s
2026-07-02 12:48:49 - INFO - H  232   245                       9.5990136    1.63796  82.9%   414    7s
2026-07-02 12:48:50 - INFO - H  248   275                       9.4614713    1.73659  81.6%   422    7s
2026-07-02 12:48:50 - INFO - H  271   275                       9.3652221    1.83388  80.4%   413    7s
2026-07-02 12:48:50 - INFO - H  306   319                       9.3652221    1.96641  79.0%   413    7s
2026-07-02 12:48:50 - INFO - H  488   495                       9.3652220    2.50770  73.2%   329    8s
2026-07-02 12:48:51 - INFO - H  635   673                       9.3652220    2.64333  71.8%   292    8s
2026-07-02 12:48:52 - INFO -   1062  1191    4.38850   13  117    9.36522    2.72362  70.9%   207   10s
2026-07-02 12:48:53 - INFO - H 1740  1768                       9.3652220    2.75592  70.6%   148   10s
2026-07-02 12:48:54 - INFO - H 1926  1852                       9.3652220    2.81110  70.0%   144   11s
2026-07-02 12:48:54 - INFO - H 1964  1882                       9.2595599    2.82152  69.5%   144   11s
2026-07-02 12:48:57 - INFO -   2318  2150    2.91132    9  234    9.25956    2.83185  69.4%   131   15s
2026-07-02 12:49:02 - INFO -   2464  2287    2.83185   19  252    9.25956    2.83185  69.4%   155   20s
2026-07-02 12:49:06 - INFO - H 2695  2299                       9.2436407    2.83185  69.4%   217   23s
2026-07-02 12:49:07 - INFO -   2799  2380    2.83185   20  278    9.24364    2.83185  69.4%   241   25s
2026-07-02 12:49:12 - INFO -   3162  2582    4.57399   21  198    9.24364    2.96647  67.9%   313   30s
2026-07-02 12:49:17 - INFO -   3567  2815    3.52351   20  304    9.24364    3.08927  66.6%   359   35s
2026-07-02 12:49:22 - INFO -   3998  2948    3.72370   21  246    9.24364    3.20606  65.3%   385   40s
2026-07-02 12:49:25 - INFO - H 4178  2878                       9.1743935    3.24167  64.7%   400   42s
2026-07-02 12:49:26 - INFO - H 4630  3288                       9.1379862    3.27554  64.2%   389   43s
2026-07-02 12:49:28 - INFO -   5732  3636    4.43022   25  184    9.13799    3.34995  63.3%   367   45s
2026-07-02 12:49:28 - INFO - H 5838  3509                       8.9567265    3.36152  62.5%   368   45s
2026-07-02 12:49:31 - INFO - H 5976  3473                       8.9566966    3.42090  61.8%   381   48s
2026-07-02 12:49:33 - INFO -   6026  3543 infeasible   24         8.95670    3.44251  61.6%   386   50s
2026-07-02 12:49:39 - INFO -   6512  3846 infeasible   23         8.95670    3.53618  60.5%   393   56s
2026-07-02 12:49:42 - INFO -   7282  4450    3.67420   22  265    8.95670    3.62129  59.6%   386   60s
2026-07-02 12:49:43 - INFO - H 7612  4507                       8.8875094    3.64353  59.0%   383   61s
2026-07-02 12:49:45 - INFO - H 8686  5635                       8.8175730    3.75775  57.4%   368   62s
2026-07-02 12:49:45 - INFO - H 8852  5635                       8.8175730    3.77486  57.2%   365   62s
2026-07-02 12:49:46 - INFO - H 9676  6359                       8.8175729    3.80411  56.9%   354   63s
2026-07-02 12:49:46 - INFO - H 9787  6359                       8.8175729    3.83419  56.5%   352   63s
2026-07-02 12:49:47 - INFO - H 9872  7261                       8.8175729    3.83593  56.5%   351   64s
2026-07-02 12:49:48 - INFO -  10816  8141    4.63318   24  176    8.81757    3.89400  55.8%   340   65s
2026-07-02 12:49:48 - INFO - H11337  8141                       8.8175729    3.92145  55.5%   333   65s
2026-07-02 12:49:49 - INFO - H11891  8452                       8.8175729    3.95018  55.2%   326   66s
2026-07-02 12:49:49 - INFO - H11963  8452                       8.8175729    3.95977  55.1%   326   66s
2026-07-02 12:49:50 - INFO - H12295  8772                       8.6568518    3.98711  53.9%   323   67s
2026-07-02 12:49:50 - INFO - H12299  8772                       8.6516320    3.98772  53.9%   323   67s
2026-07-02 12:49:50 - INFO - H12518  8772                       8.6344606    4.00032  53.7%   321   67s
2026-07-02 12:49:53 - INFO -  12632  8825    4.52822   27  162    8.63446    4.02432  53.4%   321   70s
2026-07-02 12:49:57 - INFO - H13027  9238                       8.2805099    4.07028  50.8%   323   74s
2026-07-02 12:49:58 - INFO -  13135 10108    4.31908   26  182    8.28051    4.08219  50.7%   323   76s
2026-07-02 12:49:58 - INFO - H13136 10106                       8.1393004    4.08219  49.8%   323   76s
2026-07-02 12:49:58 - INFO - H13171 10104                       8.0297885    4.08227  49.2%   323   76s
2026-07-02 12:49:58 - INFO - H13716 10104                       7.9538514    4.08931  48.6%   318   76s
2026-07-02 12:49:58 - INFO - H13783 10104                       7.9408753    4.08968  48.5%   317   76s
2026-07-02 12:50:04 - INFO -  17062 13350    4.29212   22  205    7.94088    4.19380  47.2%   299   81s
2026-07-02 12:50:09 - INFO -  21402 16414    5.13875   27  189    7.94088    4.34630  45.3%   292   86s
2026-07-02 12:50:13 - INFO -  21507 16574    4.51963   26  188    7.94088    4.38197  44.8%   293   91s
2026-07-02 12:50:16 - INFO - H22288 17091                       7.9408753    4.40218  44.6%   294   93s
2026-07-02 12:50:18 - INFO -  22330 17446 infeasible   27         7.94088    4.40514  44.5%   294   95s
2026-07-02 12:50:23 - INFO -  23606 18197 infeasible   29         7.94088    4.44992  44.0%   295  100s
2026-07-02 12:50:28 - INFO -  24015 18636    6.05398   36  130    7.94088    4.48898  43.5%   297  106s
2026-07-02 12:50:35 - INFO -  25916 20031    4.78430   28  145    7.94088    4.51083  43.2%   296  112s
2026-07-02 12:50:39 - INFO -  26665 21566    6.54287   26  143    7.94088    4.54732  42.7%   296  116s
2026-07-02 12:50:42 - INFO -  27904 23186    4.81904   26  181    7.94088    4.56600  42.5%   297  120s
2026-07-02 12:50:49 - INFO -  32786 25389    6.03848   30  111    7.94088    4.75026  40.2%   300  126s
2026-07-02 12:50:53 - INFO -  33431 26693    5.57786   25  149    7.94088    4.80956  39.4%   299  130s
2026-07-02 12:50:57 - INFO -  36283 29441    5.59698   24  223    7.94088    4.84362  39.0%   299  135s
2026-07-02 12:51:00 - INFO - H38534 29685                       7.9408751    4.92188  38.0%   297  137s
2026-07-02 12:51:03 - INFO -  38799 29712    6.70317   28   96    7.94088    4.95177  37.6%   297  140s
2026-07-02 12:51:08 - INFO - H38893 29908                       7.9408746    4.97379  37.4%   298  145s
2026-07-02 12:51:14 - INFO -  39344 30492 infeasible   27         7.94087    4.98040  37.3%   297  151s
2026-07-02 12:51:17 - INFO - H40166 30515                       7.9408746    4.98275  37.3%   297  154s
2026-07-02 12:51:20 - INFO -  40226 30661    7.61125   30  140    7.94087    4.99014  37.2%   297  158s
2026-07-02 12:51:24 - INFO -  40571 31226 infeasible   40         7.94087    4.99521  37.1%   297  162s
2026-07-02 12:51:28 - INFO -  41418 31292 infeasible   34         7.94087    5.00301  37.0%   296  165s
2026-07-02 12:51:35 - INFO -  43058 32625 infeasible   23         7.94087    5.02295  36.7%   294  172s
2026-07-02 12:51:38 - INFO -  43588 34177 infeasible   37         7.94087    5.03433  36.6%   294  175s
2026-07-02 12:51:45 - INFO -  48733 38191    5.32898   23  242    7.94087    5.07054  36.1%   290  183s
2026-07-02 12:51:49 - INFO -  51927 38551    7.30836   32   80    7.94087    5.11829  35.5%   289  186s
2026-07-02 12:51:54 - INFO -  52611 39363 infeasible   31         7.94087    5.19735  34.5%   289  191s
2026-07-02 12:51:54 - INFO - H52718 39363                       7.9408705    5.20306  34.5%   289  191s
2026-07-02 12:51:58 - INFO -  53914 41041    5.69806   27  190    7.94087    5.23315  34.1%   288  195s
2026-07-02 12:52:05 - INFO - H56926 41063                       7.9408667    5.32454  32.9%   287  202s
2026-07-02 12:52:15 - INFO -  56960 44490    6.68851   29  135    7.94087    5.33478  32.8%   288  212s
2026-07-02 12:52:19 - INFO -  62181 45054    6.05953   33   87    7.94087    5.41285  31.8%   283  216s
2026-07-02 12:52:23 - INFO -  63212 46808    6.02445   27  164    7.94087    5.41379  31.8%   282  221s
2026-07-02 12:52:29 - INFO -  66211 47529    6.31798   22  184    7.94087    5.41771  31.8%   281  226s
2026-07-02 12:52:34 - INFO -  67545 49893     cutoff   29         7.94087    5.42742  31.7%   280  231s
2026-07-02 12:52:39 - INFO -  71488 52536    5.46895   26  171    7.94087    5.44704  31.4%   278  236s
2026-07-02 12:52:44 - INFO -  76139 52557 infeasible   42         7.94087    5.48677  30.9%   276  242s
2026-07-02 12:52:49 - INFO -  76173 53056    6.77740   30  120    7.94087    5.58302  29.7%   277  246s
2026-07-02 12:52:54 - INFO -  77032 53324 infeasible   32         7.94087    5.60286  29.4%   276  251s
2026-07-02 12:53:00 - INFO -  77580 54684    5.74191   25  167    7.94087    5.61930  29.2%   276  257s
2026-07-02 12:53:06 - INFO -  80069 54879    6.00675   35  103    7.94087    5.63153  29.1%   274  264s
2026-07-02 12:53:12 - INFO -  80391 55429    5.96223   29  123    7.94087    5.64931  28.9%   274  269s
2026-07-02 12:53:18 - INFO -  81681 57343    6.82647   27  157    7.94087    5.67170  28.6%   273  276s
2026-07-02 12:53:26 - INFO -  85125 60056    5.92811   27  144    7.94087    5.68093  28.5%   271  283s
2026-07-02 12:53:32 - INFO -  90263 62118    6.00092   35  121    7.94087    5.70865  28.1%   269  289s
2026-07-02 12:53:36 - INFO -  93983 63645 infeasible   30         7.94087    5.75724  27.5%   267  293s
2026-07-02 12:53:40 - INFO -  96845 63657    6.41945   31  136    7.94087    5.83055  26.6%   266  298s
2026-07-02 12:53:42 - INFO -  96889 63942 infeasible   27         7.94087    5.84277  26.4%   266  300s
2026-07-02 12:53:42 - INFO - 
2026-07-02 12:53:42 - INFO - Cutting planes:
2026-07-02 12:53:42 - INFO -   Learned: 395
2026-07-02 12:53:42 - INFO -   Gomory: 521
2026-07-02 12:53:42 - INFO -   Lift-and-project: 480
2026-07-02 12:53:42 - INFO -   Cover: 613
2026-07-02 12:53:42 - INFO -   Implied bound: 21
2026-07-02 12:53:42 - INFO -   Clique: 1
2026-07-02 12:53:42 - INFO -   MIR: 1217
2026-07-02 12:53:42 - INFO -   Mixing: 52
2026-07-02 12:53:42 - INFO -   StrongCG: 7
2026-07-02 12:53:42 - INFO -   Flow cover: 4321
2026-07-02 12:53:42 - INFO -   GUB cover: 2
2026-07-02 12:53:42 - INFO -   Inf proof: 547
2026-07-02 12:53:42 - INFO -   Zero half: 84
2026-07-02 12:53:42 - INFO -   Network: 1
2026-07-02 12:53:42 - INFO -   RLT: 41
2026-07-02 12:53:42 - INFO -   Relax-and-lift: 378
2026-07-02 12:53:42 - INFO - 
2026-07-02 12:53:42 - INFO - Explored 97375 nodes (25905919 simplex iterations) in 300.04 seconds (531.23 work units)
2026-07-02 12:53:42 - INFO - Thread count was 28 (of 28 available processors)
2026-07-02 12:53:42 - INFO - 
2026-07-02 12:53:42 - INFO - Solution count 10: 7.94087 7.94087 7.94088 ... 8.63446
2026-07-02 12:53:42 - INFO - 
2026-07-02 12:53:42 - INFO - Time limit reached
2026-07-02 12:53:42 - INFO - Best objective 7.940866702906e+00, best bound 5.846874848078e+00, gap 26.3698%
2026-07-02 12:53:42 - INFO - 
2026-07-02 12:53:42 - INFO - User-callback calls 278551, time in user-callback 1.67 sec
2026-07-02 12:53:42 - DEBUG - Loaded backend Agg version v2.2.
2026-07-02 12:53:42 - DEBUG - findfont: Matching sans\-serif:style=normal:variant=normal:weight=normal:stretch=normal:size=10.0.
2026-07-02 12:53:42 - DEBUG - findfont: score(FontEntry(fname='/root/anaconda3/lib/python3.12/site-packages/matplotlib/mpl-data/fonts/ttf/STIXSizTwoSymReg.ttf', name='STIXSizeTwoSym', style='normal', variant='normal', weight=400, stretch='normal', size='scalable')) = 10.05
2026-07-02 12:53:42 - DEBUG - findfont: score(FontEntry(fname='/root/anaconda3/lib/python3.12/site-packages/matplotlib/mpl-data/fonts/ttf/cmex10.ttf', name='cmex10', style='normal', variant='normal', weight=400, stretch='normal', size='scalable')) = 10.05
2026-07-02 12:53:42 - DEBUG - findfont: score(FontEntry(fname='/root/anaconda3/lib/python3.12/site-packages/matplotlib/mpl-data/fonts/ttf/STIXSizThreeSymBol.ttf', name='STIXSizeThreeSym', style='normal', variant='normal', weight=700, stretch='normal', size='scalable')) = 10.335
2026-07-02 12:53:42 - DEBUG - findfont: score(FontEntry(fname='/root/anaconda3/lib/python3.12/site-packages/matplotlib/mpl-data/fonts/ttf/STIXSizOneSymBol.ttf', name='STIXSizeOneSym', style='normal', variant='normal', weight=700, stretch='normal', size='scalable')) = 10.335
2026-07-02 12:53:42 - DEBUG - findfont: score(FontEntry(fname='/root/anaconda3/lib/python3.12/site-packages/matplotlib/mpl-data/fonts/ttf/DejaVuSansMono-Bold.ttf', name='DejaVu Sans Mono', style='normal', variant='normal', weight=700, stretch='normal', size='scalable')) = 10.335
2026-07-02 12:53:42 - DEBUG - findfont: score(FontEntry(fname='/root/anaconda3/lib/python3.12/site-packages/matplotlib/mpl-data/fonts/ttf/cmss10.ttf', name='cmss10', style='normal', variant='normal', weight=400, stretch='normal', size='scalable')) = 10.05
2026-07-02 12:53:42 - DEBUG - findfont: score(FontEntry(fname='/root/anaconda3/lib/python3.12/site-packages/matplotlib/mpl-data/fonts/ttf/DejaVuSerif-Italic.ttf', name='DejaVu Serif', style='italic', variant='normal', weight=400, stretch='normal', size='scalable')) = 11.05
2026-07-02 12:53:42 - DEBUG - findfont: score(FontEntry(fname='/root/anaconda3/lib/python3.12/site-packages/matplotlib/mpl-data/fonts/ttf/cmb10.ttf', name='cmb10', style='normal', variant='normal', weight=400, stretch='normal', size='scalable')) = 10.05
2026-07-02 12:53:42 - DEBUG - findfont: score(FontEntry(fname='/root/anaconda3/lib/python3.12/site-packages/matplotlib/mpl-data/fonts/ttf/STIXSizTwoSymBol.ttf', name='STIXSizeTwoSym', style='normal', variant='normal', weight=700, stretch='normal', size='scalable')) = 10.335
2026-07-02 12:53:42 - DEBUG - findfont: score(FontEntry(fname='/root/anaconda3/lib/python3.12/site-packages/matplotlib/mpl-data/fonts/ttf/DejaVuSans.ttf', name='DejaVu Sans', style='normal', variant='normal', weight=400, stretch='normal', size='scalable')) = 0.05
2026-07-02 12:53:42 - DEBUG - findfont: score(FontEntry(fname='/root/anaconda3/lib/python3.12/site-packages/matplotlib/mpl-data/fonts/ttf/STIXGeneralItalic.ttf', name='STIXGeneral', style='italic', variant='normal', weight=400, stretch='normal', size='scalable')) = 11.05
2026-07-02 12:53:42 - DEBUG - findfont: score(FontEntry(fname='/root/anaconda3/lib/python3.12/site-packages/matplotlib/mpl-data/fonts/ttf/DejaVuSerif-Bold.ttf', name='DejaVu Serif', style='normal', variant='normal', weight=700, stretch='normal', size='scalable')) = 10.335
2026-07-02 12:53:42 - DEBUG - findfont: score(FontEntry(fname='/root/anaconda3/lib/python3.12/site-packages/matplotlib/mpl-data/fonts/ttf/STIXNonUni.ttf', name='STIXNonUnicode', style='normal', variant='normal', weight=400, stretch='normal', size='scalable')) = 10.05
2026-07-02 12:53:42 - DEBUG - findfont: score(FontEntry(fname='/root/anaconda3/lib/python3.12/site-packages/matplotlib/mpl-data/fonts/ttf/DejaVuSansDisplay.ttf', name='DejaVu Sans Display', style='normal', variant='normal', weight=400, stretch='normal', size='scalable')) = 10.05
2026-07-02 12:53:42 - DEBUG - findfont: score(FontEntry(fname='/root/anaconda3/lib/python3.12/site-packages/matplotlib/mpl-data/fonts/ttf/STIXSizThreeSymReg.ttf', name='STIXSizeThreeSym', style='normal', variant='normal', weight=400, stretch='normal', size='scalable')) = 10.05
2026-07-02 12:53:42 - DEBUG - findfont: score(FontEntry(fname='/root/anaconda3/lib/python3.12/site-packages/matplotlib/mpl-data/fonts/ttf/STIXSizFiveSymReg.ttf', name='STIXSizeFiveSym', style='normal', variant='normal', weight=400, stretch='normal', size='scalable')) = 10.05
2026-07-02 12:53:42 - DEBUG - findfont: score(FontEntry(fname='/root/anaconda3/lib/python3.12/site-packages/matplotlib/mpl-data/fonts/ttf/STIXNonUniIta.ttf', name='STIXNonUnicode', style='italic', variant='normal', weight=400, stretch='normal', size='scalable')) = 11.05
2026-07-02 12:53:42 - DEBUG - findfont: score(FontEntry(fname='/root/anaconda3/lib/python3.12/site-packages/matplotlib/mpl-data/fonts/ttf/cmsy10.ttf', name='cmsy10', style='normal', variant='normal', weight=400, stretch='normal', size='scalable')) = 10.05
2026-07-02 12:53:42 - DEBUG - findfont: score(FontEntry(fname='/root/anaconda3/lib/python3.12/site-packages/matplotlib/mpl-data/fonts/ttf/cmr10.ttf', name='cmr10', style='normal', variant='normal', weight=400, stretch='normal', size='scalable')) = 10.05
2026-07-02 12:53:42 - DEBUG - findfont: score(FontEntry(fname='/root/anaconda3/lib/python3.12/site-packages/matplotlib/mpl-data/fonts/ttf/STIXGeneral.ttf', name='STIXGeneral', style='normal', variant='normal', weight=400, stretch='normal', size='scalable')) = 10.05
2026-07-02 12:53:42 - DEBUG - findfont: score(FontEntry(fname='/root/anaconda3/lib/python3.12/site-packages/matplotlib/mpl-data/fonts/ttf/STIXNonUniBol.ttf', name='STIXNonUnicode', style='normal', variant='normal', weight=700, stretch='normal', size='scalable')) = 10.335
2026-07-02 12:53:42 - DEBUG - findfont: score(FontEntry(fname='/root/anaconda3/lib/python3.12/site-packages/matplotlib/mpl-data/fonts/ttf/STIXSizFourSymBol.ttf', name='STIXSizeFourSym', style='normal', variant='normal', weight=700, stretch='normal', size='scalable')) = 10.335
2026-07-02 12:53:42 - DEBUG - findfont: score(FontEntry(fname='/root/anaconda3/lib/python3.12/site-packages/matplotlib/mpl-data/fonts/ttf/STIXSizOneSymReg.ttf', name='STIXSizeOneSym', style='normal', variant='normal', weight=400, stretch='normal', size='scalable')) = 10.05
2026-07-02 12:53:42 - DEBUG - findfont: score(FontEntry(fname='/root/anaconda3/lib/python3.12/site-packages/matplotlib/mpl-data/fonts/ttf/STIXGeneralBolIta.ttf', name='STIXGeneral', style='italic', variant='normal', weight=700, stretch='normal', size='scalable')) = 11.335
2026-07-02 12:53:42 - DEBUG - findfont: score(FontEntry(fname='/root/anaconda3/lib/python3.12/site-packages/matplotlib/mpl-data/fonts/ttf/DejaVuSerifDisplay.ttf', name='DejaVu Serif Display', style='normal', variant='normal', weight=400, stretch='normal', size='scalable')) = 10.05
2026-07-02 12:53:42 - DEBUG - findfont: score(FontEntry(fname='/root/anaconda3/lib/python3.12/site-packages/matplotlib/mpl-data/fonts/ttf/DejaVuSans-Bold.ttf', name='DejaVu Sans', style='normal', variant='normal', weight=700, stretch='normal', size='scalable')) = 0.33499999999999996
2026-07-02 12:53:42 - DEBUG - findfont: score(FontEntry(fname='/root/anaconda3/lib/python3.12/site-packages/matplotlib/mpl-data/fonts/ttf/cmmi10.ttf', name='cmmi10', style='normal', variant='normal', weight=400, stretch='normal', size='scalable')) = 10.05
2026-07-02 12:53:42 - DEBUG - findfont: score(FontEntry(fname='/root/anaconda3/lib/python3.12/site-packages/matplotlib/mpl-data/fonts/ttf/cmtt10.ttf', name='cmtt10', style='normal', variant='normal', weight=400, stretch='normal', size='scalable')) = 10.05
2026-07-02 12:53:42 - DEBUG - findfont: score(FontEntry(fname='/root/anaconda3/lib/python3.12/site-packages/matplotlib/mpl-data/fonts/ttf/DejaVuSerif-BoldItalic.ttf', name='DejaVu Serif', style='italic', variant='normal', weight=700, stretch='normal', size='scalable')) = 11.335
2026-07-02 12:53:42 - DEBUG - findfont: score(FontEntry(fname='/root/anaconda3/lib/python3.12/site-packages/matplotlib/mpl-data/fonts/ttf/DejaVuSansMono.ttf', name='DejaVu Sans Mono', style='normal', variant='normal', weight=400, stretch='normal', size='scalable')) = 10.05
2026-07-02 12:53:42 - DEBUG - findfont: score(FontEntry(fname='/root/anaconda3/lib/python3.12/site-packages/matplotlib/mpl-data/fonts/ttf/DejaVuSansMono-BoldOblique.ttf', name='DejaVu Sans Mono', style='oblique', variant='normal', weight=700, stretch='normal', size='scalable')) = 11.335
2026-07-02 12:53:42 - DEBUG - findfont: score(FontEntry(fname='/root/anaconda3/lib/python3.12/site-packages/matplotlib/mpl-data/fonts/ttf/STIX[EMIB] Layout figure saved: /root/placement/MPDAP/output_gurobi_EMIB_chiplet_5_6_01_17_md1_ca0/fig/hp11_m_core/solution_1_layout_gurobi.png
  ✓ EMIB: 1 solution(s)
: score(FontEntry(fname='/root/anaconda3/lib/python3.12/site-packages/matplotlib/mpl-data/fonts/ttf/DejaVuSerif.ttf', name='DejaVu Serif', style='normal', variant='normal', weight=400, stretch='normal', size='scalable')) = 10.05
2026-07-02 12:53:42 - DEBUG - findfont: score(FontEntry(fname='/root/anaconda3/lib/python3.12/site-packages/matplotlib/mpl-data/fonts/ttf/DejaVuSans-Oblique.ttf', name='DejaVu Sans', style='oblique', variant='normal', weight=400, stretch='normal', size='scalable')) = 1.05
2026-07-02 12:53:42 - DEBUG - findfont: score(FontEntry(fname='/root/anaconda3/lib/python3.12/site-packages/matplotlib/mpl-data/fonts/ttf/DejaVuSans-BoldOblique.ttf', name='DejaVu Sans', style='oblique', variant='normal', weight=700, stretch='normal', size='scalable')) = 1.335
2026-07-02 12:53:42 - DEBUG - findfont: score(FontEntry(fname='/root/anaconda3/lib/python3.12/site-packages/matplotlib/mpl-data/fonts/ttf/DejaVuSansMono-Oblique.ttf', name='DejaVu Sans Mono', style='oblique', variant='normal', weight=400, stretch='normal', size='scalable')) = 11.05
2026-07-02 12:53:42 - DEBUG - findfont: score(FontEntry(fname='/root/anaconda3/lib/python3.12/site-packages/matplotlib/mpl-data/fonts/ttf/STIXNonUniBolIta.ttf', name='STIXNonUnicode', style='italic', variant='normal', weight=700, stretch='normal', size='scalable')) = 11.335
2026-07-02 12:53:42 - DEBUG - findfont: score(FontEntry(fname='/root/anaconda3/lib/python3.12/site-packages/matplotlib/mpl-data/fonts/ttf/STIXSizFourSymReg.ttf', name='STIXSizeFourSym', style='normal', variant='normal', weight=400, stretch='normal', size='scalable')) = 10.05
2026-07-02 12:53:42 - DEBUG - findfont: score(FontEntry(fname='/usr/share/fonts/truetype/dejavu/DejaVuSans-Bold.ttf', name='DejaVu Sans', style='normal', variant='normal', weight=700, stretch='normal', size='scalable')) = 0.33499999999999996
2026-07-02 12:53:42 - DEBUG - findfont: score(FontEntry(fname='/usr/share/fonts/truetype/dejavu/DejaVuSansMono-Bold.ttf', name='DejaVu Sans Mono', style='normal', variant='normal', weight=700, stretch='normal', size='scalable')) = 10.335
2026-07-02 12:53:42 - DEBUG - findfont: score(FontEntry(fname='/usr/share/fonts/truetype/dejavu/DejaVuSerif.ttf', name='DejaVu Serif', style='normal', variant='normal', weight=400, stretch='normal', size='scalable')) = 10.05
2026-07-02 12:53:42 - DEBUG - findfont: score(FontEntry(fname='/usr/share/fonts/truetype/dejavu/DejaVuSans.ttf', name='DejaVu Sans', style='normal', variant='normal', weight=400, stretch='normal', size='scalable')) = 0.05
2026-07-02 12:53:42 - DEBUG - findfont: score(FontEntry(fname='/usr/share/fonts/truetype/dejavu/DejaVuSansMono.ttf', name='DejaVu Sans Mono', style='normal', variant='normal', weight=400, stretch='normal', size='scalable')) = 10.05
2026-07-02 12:53:42 - DEBUG - findfont: score(FontEntry(fname='/usr/share/fonts/truetype/dejavu/DejaVuSerif-Bold.ttf', name='DejaVu Serif', style='normal', variant='normal', weight=700, stretch='normal', size='scalable')) = 10.335
2026-07-02 12:53:42 - DEBUG - findfont: Matching sans\-serif:style=normal:variant=normal:weight=normal:stretch=normal:size=10.0 to DejaVu Sans ('/root/anaconda3/lib/python3.12/site-packages/matplotlib/mpl-data/fonts/ttf/DejaVuSans.ttf') with score of 0.050000.
2026-07-02 12:53:44 - DEBUG - findfont: Matching sans\-serif:style=normal:variant=normal:weight=normal:stretch=normal:size=12.0.
2026-07-02 12:53:44 - DEBUG - findfont: score(FontEntry(fname='/root/anaconda3/lib/python3.12/site-packages/matplotlib/mpl-data/fonts/ttf/STIXSizTwoSymReg.ttf', name='STIXSizeTwoSym', style='normal', variant='normal', weight=400, stretch='normal', size='scalable')) = 10.05
2026-07-02 12:53:44 - DEBUG - findfont: score(FontEntry(fname='/root/anaconda3/lib/python3.12/site-packages/matplotlib/mpl-data/fonts/ttf/cmex10.ttf', name='cmex10', style='normal', variant='normal', weight=400, stretch='normal', size='scalable')) = 10.05
2026-07-02 12:53:44 - DEBUG - findfont: score(FontEntry(fname='/root/anaconda3/lib/python3.12/site-packages/matplotlib/mpl-data/fonts/ttf/STIXSizThreeSymBol.ttf', name='STIXSizeThreeSym', style='normal', variant='normal', weight=700, stretch='normal', size='scalable')) = 10.335
2026-07-02 12:53:44 - DEBUG - findfont: score(FontEntry(fname='/root/anaconda3/lib/python3.12/site-packages/matplotlib/mpl-data/fonts/ttf/STIXSizOneSymBol.ttf', name='STIXSizeOneSym', style='normal', variant='normal', weight=700, stretch='normal', size='scalable')) = 10.335
2026-07-02 12:53:44 - DEBUG - findfont: score(FontEntry(fname='/root/anaconda3/lib/python3.12/site-packages/matplotlib/mpl-data/fonts/ttf/DejaVuSansMono-Bold.ttf', name='DejaVu Sans Mono', style='normal', variant='normal', weight=700, stretch='normal', size='scalable')) = 10.335
2026-07-02 12:53:44 - DEBUG - findfont: score(FontEntry(fname='/root/anaconda3/lib/python3.12/site-packages/matplotlib/mpl-data/fonts/ttf/cmss10.ttf', name='cmss10', style='normal', variant='normal', weight=400, stretch='normal', size='scalable')) = 10.05
2026-07-02 12:53:44 - DEBUG - findfont: score(FontEntry(fname='/root/anaconda3/lib/python3.12/site-packages/matplotlib/mpl-data/fonts/ttf/DejaVuSerif-Italic.ttf', name='DejaVu Serif', style='italic', variant='normal', weight=400, stretch='normal', size='scalable')) = 11.05
2026-07-02 12:53:44 - DEBUG - findfont: score(FontEntry(fname='/root/anaconda3/lib/python3.12/site-packages/matplotlib/mpl-data/fonts/ttf/cmb10.ttf', name='cmb10', style='normal', variant='normal', weight=400, stretch='normal', size='scalable')) = 10.05
2026-07-02 12:53:44 - DEBUG - findfont: score(FontEntry(fname='/root/anaconda3/lib/python3.12/site-packages/matplotlib/mpl-data/fonts/ttf/STIXSizTwoSymBol.ttf', name='STIXSizeTwoSym', style='normal', variant='normal', weight=700, stretch='normal', size='scalable')) = 10.335
2026-07-02 12:53:44 - DEBUG - findfont: score(FontEntry(fname='/root/anaconda3/lib/python3.12/site-packages/matplotlib/mpl-data/fonts/ttf/DejaVuSans.ttf', name='DejaVu Sans', style='normal', variant='normal', weight=400, stretch='normal', size='scalable')) = 0.05
2026-07-02 12:53:44 - DEBUG - findfont: score(FontEntry(fname='/root/anaconda3/lib/python3.12/site-packages/matplotlib/mpl-data/fonts/ttf/STIXGeneralItalic.ttf', name='STIXGeneral', style='italic', variant='normal', weight=400, stretch='normal', size='scalable')) = 11.05
2026-07-02 12:53:44 - DEBUG - findfont: score(FontEntry(fname='/root/anaconda3/lib/python3.12/site-packages/matplotlib/mpl-data/fonts/ttf/DejaVuSerif-Bold.ttf', name='DejaVu Serif', style='normal', variant='normal', weight=700, stretch='normal', size='scalable')) = 10.335
2026-07-02 12:53:44 - DEBUG - findfont: score(FontEntry(fname='/root/anaconda3/lib/python3.12/site-packages/matplotlib/mpl-data/fonts/ttf/STIXNonUni.ttf', name='STIXNonUnicode', style='normal', variant='normal', weight=400, stretch='normal', size='scalable')) = 10.05
2026-07-02 12:53:44 - DEBUG - findfont: score(FontEntry(fname='/root/anaconda3/lib/python3.12/site-packages/matplotlib/mpl-data/fonts/ttf/DejaVuSansDisplay.ttf', name='DejaVu Sans Display', style='normal', variant='normal', weight=400, stretch='normal', size='scalable')) = 10.05
2026-07-02 12:53:44 - DEBUG - findfont: score(FontEntry(fname='/root/anaconda3/lib/python3.12/site-packages/matplotlib/mpl-data/fonts/ttf/STIXSizThreeSymReg.ttf', name='STIXSizeThreeSym', style='normal', variant='normal', weight=400, stretch='normal', size='scalable')) = 10.05
2026-07-02 12:53:44 - DEBUG - findfont: score(FontEntry(fname='/root/anaconda3/lib/python3.12/site-packages/matplotlib/mpl-data/fonts/ttf/STIXSizFiveSymReg.ttf', name='STIXSizeFiveSym', style='normal', variant='normal', weight=400, stretch='normal', size='scalable')) = 10.05
2026-07-02 12:53:44 - DEBUG - findfont: score(FontEntry(fname='/root/anaconda3/lib/python3.12/site-packages/matplotlib/mpl-data/fonts/ttf/STIXNonUniIta.ttf', name='STIXNonUnicode', style='italic', variant='normal', weight=400, stretch='normal', size='scalable')) = 11.05
2026-07-02 12:53:44 - DEBUG - findfont: score(FontEntry(fname='/root/anaconda3/lib/python3.12/site-packages/matplotlib/mpl-data/fonts/ttf/cmsy10.ttf', name='cmsy10', style='normal', variant='normal', weight=400, stretch='normal', size='scalable')) = 10.05
2026-07-02 12:53:44 - DEBUG - findfont: score(FontEntry(fname='/root/anaconda3/lib/python3.12/site-packages/matplotlib/mpl-data/fonts/ttf/cmr10.ttf', name='cmr10', style='normal', variant='normal', weight=400, stretch='normal', size='scalable')) = 10.05
2026-07-02 12:53:44 - DEBUG - findfont: score(FontEntry(fname='/root/anaconda3/lib/python3.12/site-packages/matplotlib/mpl-data/fonts/ttf/STIXGeneral.ttf', name='STIXGeneral', style='normal', variant='normal', weight=400, stretch='normal', size='scalable')) = 10.05
2026-07-02 12:53:44 - DEBUG - findfont: score(FontEntry(fname='/root/anaconda3/lib/python3.12/site-packages/matplotlib/mpl-data/fonts/ttf/STIXNonUniBol.ttf', name='STIXNonUnicode', style='normal', variant='normal', weight=700, stretch='normal', size='scalable')) = 10.335
2026-07-02 12:53:44 - DEBUG - findfont: score(FontEntry(fname='/root/anaconda3/lib/python3.12/site-packages/matplotlib/mpl-data/fonts/ttf/STIXSizFourSymBol.ttf', name='STIXSizeFourSym', style='normal', variant='normal', weight=700, stretch='normal', size='scalable')) = 10.335
2026-07-02 12:53:44 - DEBUG - findfont: score(FontEntry(fname='/root/anaconda3/lib/python3.12/site-packages/matplotlib/mpl-data/fonts/ttf/STIXSizOneSymReg.ttf', name='STIXSizeOneSym', style='normal', variant='normal', weight=400, stretch='normal', size='scalable')) = 10.05
2026-07-02 12:53:44 - DEBUG - findfont: score(FontEntry(fname='/root/anaconda3/lib/python3.12/site-packages/matplotlib/mpl-data/fonts/ttf/STIXGeneralBolIta.ttf', name='STIXGeneral', style='italic', variant='normal', weight=700, stretch='normal', size='scalable')) = 11.335
2026-07-02 12:53:44 - DEBUG - findfont: score(FontEntry(fname='/root/anaconda3/lib/python3.12/site-packages/matplotlib/mpl-data/fonts/ttf/DejaVuSerifDisplay.ttf', name='DejaVu Serif Display', style='normal', variant='normal', weight=400, stretch='normal', size='scalable')) = 10.05
2026-07-02 12:53:44 - DEBUG - findfont: score(FontEntry(fname='/root/anaconda3/lib/python3.12/site-packages/matplotlib/mpl-data/fonts/ttf/DejaVuSans-Bold.ttf', name='DejaVu Sans', style='normal', variant='normal', weight=700, stretch='normal', size='scalable')) = 0.33499999999999996
2026-07-02 12:53:44 - DEBUG - findfont: score(FontEntry(fname='/root/anaconda3/lib/python3.12/site-packages/matplotlib/mpl-data/fonts/ttf/cmmi10.ttf', name='cmmi10', style='normal', variant='normal', weight=400, stretch='normal', size='scalable')) = 10.05
2026-07-02 12:53:44 - DEBUG - findfont: score(FontEntry(fname='/root/anaconda3/lib/python3.12/site-packages/matplotlib/mpl-data/fonts/ttf/cmtt10.ttf', name='cmtt10', style='normal', variant='normal', weight=400, stretch='normal', size='scalable')) = 10.05
2026-07-02 12:53:44 - DEBUG - findfont: score(FontEntry(fname='/root/anaconda3/lib/python3.12/site-packages/matplotlib/mpl-data/fonts/ttf/DejaVuSerif-BoldItalic.ttf', name='DejaVu Serif', style='italic', variant='normal', weight=700, stretch='normal', size='scalable')) = 11.335
2026-07-02 12:53:44 - DEBUG - findfont: score(FontEntry(fname='/root/anaconda3/lib/python3.12/site-packages/matplotlib/mpl-data/fonts/ttf/DejaVuSansMono.ttf', name='DejaVu Sans Mono', style='normal', variant='normal', weight=400, stretch='normal', size='scalable')) = 10.05
2026-07-02 12:53:44 - DEBUG - findfont: score(FontEntry(fname='/root/anaconda3/lib/python3.12/site-packages/matplotlib/mpl-data/fonts/ttf/DejaVuSansMono-BoldOblique.ttf', name='DejaVu Sans Mono', style='oblique', variant='normal', weight=700, stretch='normal', size='scalable')) = 11.335
2026-07-02 12:53:44 - DEBUG - findfont: score(FontEntry(fname='/root/anaconda3/lib/python3.12/site-packages/matplotlib/mpl-data/fonts/ttf/STIXGeneralBol.ttf', name='STIXGeneral', style='normal', variant='normal', weight=700, stretch='normal', size='scalable')) = 10.335
2026-07-02 12:53:44 - DEBUG - findfont: score(FontEntry(fname='/root/anaconda3/lib/python3.12/site-packages/matplotlib/mpl-data/fonts/ttf/DejaVuSerif.ttf', name='DejaVu Serif', style='normal', variant='normal', weight=400, stretch='normal', size='scalable')) = 10.05
2026-07-02 12:53:44 - DEBUG - findfont: score(FontEntry(fname='/root/anaconda3/lib/python3.12/site-packages/matplotlib/mpl-data/fonts/ttf/DejaVuSans-Oblique.ttf', name='DejaVu Sans', style='oblique', variant='normal', weight=400, stretch='normal', size='scalable')) = 1.05
2026-07-02 12:53:44 - DEBUG - findfont: score(FontEntry(fname='/root/anaconda3/lib/python3.12/site-packages/matplotlib/mpl-data/fonts/ttf/DejaVuSans-BoldOblique.ttf', name='DejaVu Sans', style='oblique', variant='normal', weight=700, stretch='normal', size='scalable')) = 1.335
2026-07-02 12:53:44 - DEBUG - findfont: score(FontEntry(fname='/root/anaconda3/lib/python3.12/site-packages/matplotlib/mpl-data/fonts/ttf/DejaVuSansMono-Oblique.ttf', name='DejaVu Sans Mono', style='oblique', variant='normal', weight=400, stretch='normal', size='scalable')) = 11.05
2026-07-02 12:53:44 - DEBUG - findfont: score(FontEntry(fname='/root/anaconda3/lib/python3.12/site-packages/matplotlib/mpl-data/fonts/ttf/STIXNonUniBolIta.ttf', name='STIXNonUnicode', style='italic', variant='normal', weight=700, stretch='normal', size='scalable')) = 11.335
2026-07-02 12:53:44 - DEBUG - findfont: score(FontEntry(fname='/root/anaconda3/lib/python3.12/site-packages/matplotlib/mpl-data/fonts/ttf/STIXSizFourSymReg.ttf', name='STIXSizeFourSym', style='normal', variant='normal', weight=400, stretch='normal', size='scalable')) = 10.05
2026-07-02 12:53:44 - DEBUG - findfont: score(FontEntry(fname='/usr/share/fonts/truetype/dejavu/DejaVuSans-Bold.ttf', name='DejaVu Sans', style='normal', variant='normal', weight=700, stretch='normal', size='scalable')) = 0.33499999999999996
2026-07-02 12:53:44 - DEBUG - findfont: score(FontEntry(fname='/usr/share/fonts/truetype/dejavu/DejaVuSansMono-Bold.ttf', name='DejaVu Sans Mono', style='normal', variant='normal', weight=700, stretch='normal', size='scalable')) = 10.335
2026-07-02 12:53:44 - DEBUG - findfont: score(FontEntry(fname='/usr/share/fonts/truetype/dejavu/DejaVuSerif.ttf', name='DejaVu Serif', style='normal', variant='normal', weight=400, stretch='normal', size='scalable')) = 10.05
2026-07-02 12:53:44 - DEBUG - findfont: score(FontEntry(fname='/usr/share/fonts/truetype/dejavu/DejaVuSans.ttf', name='DejaVu Sans', style='normal', variant='normal', weight=400, stretch='normal', size='scalable')) = 0.05
2026-07-02 12:53:44 - DEBUG - findfont: score(FontEntry(fname='/usr/share/fonts/truetype/dejavu/DejaVuSansMono.ttf', name='DejaVu Sans Mono', style='normal', variant='normal', weight=400, stretch='normal', size='scalable')) = 10.05
2026-07-02 12:53:44 - DEBUG - findfont: score(FontEntry(fname='/usr/share/fonts/truetype/dejavu/DejaVuSerif-Bold.ttf', name='DejaVu Serif', style='normal', variant='normal', weight=700, stretch='normal', size='scalable')) = 10.335
2026-07-02 12:53:44 - DEBUG - findfont: Matching sans\-serif:style=normal:variant=normal:weight=normal:stretch=normal:size=12.0 to DejaVu Sans ('/root/anaconda3/lib/python3.12/site-packages/matplotlib/mpl-data/fonts/ttf/DejaVuSans.ttf') with score of 0.050000.
2026-07-02 12:53:44 - DEBUG - findfont: Matching sans\-serif:style=normal:variant=normal:weight=bold:stretch=normal:size=9.0.
2026-07-02 12:53:44 - DEBUG - findfont: score(FontEntry(fname='/root/anaconda3/lib/python3.12/site-packages/matplotlib/mpl-data/fonts/ttf/STIXSizTwoSymReg.ttf', name='STIXSizeTwoSym', style='normal', variant='normal', weight=400, stretch='normal', size='scalable')) = 10.335
2026-07-02 12:53:44 - DEBUG - findfont: score(FontEntry(fname='/root/anaconda3/lib/python3.12/site-packages/matplotlib/mpl-data/fonts/ttf/cmex10.ttf', name='cmex10', style='normal', variant='normal', weight=400, stretch='normal', size='scalable')) = 10.335
2026-07-02 12:53:44 - DEBUG - findfont: score(FontEntry(fname='/root/anaconda3/lib/python3.12/site-packages/matplotlib/mpl-data/fonts/ttf/STIXSizThreeSymBol.ttf', name='STIXSizeThreeSym', style='normal', variant='normal', weight=700, stretch='normal', size='scalable')) = 10.05
2026-07-02 12:53:44 - DEBUG - findfont: score(FontEntry(fname='/root/anaconda3/lib/python3.12/site-packages/matplotlib/mpl-data/fonts/ttf/STIXSizOneSymBol.ttf', name='STIXSizeOneSym', style='normal', variant='normal', weight=700, stretch='normal', size='scalable')) = 10.05
2026-07-02 12:53:44 - DEBUG - findfont: score(FontEntry(fname='/root/anaconda3/lib/python3.12/site-packages/matplotlib/mpl-data/fonts/ttf/DejaVuSansMono-Bold.ttf', name='DejaVu Sans Mono', style='normal', variant='normal', weight=700, stretch='normal', size='scalable')) = 10.05
2026-07-02 12:53:44 - DEBUG - findfont: score(FontEntry(fname='/root/anaconda3/lib/python3.12/site-packages/matplotlib/mpl-data/fonts/ttf/cmss10.ttf', name='cmss10', style='normal', variant='normal', weight=400, stretch='normal', size='scalable')) = 10.335
2026-07-02 12:53:44 - DEBUG - findfont: score(FontEntry(fname='/root/anaconda3/lib/python3.12/site-packages/matplotlib/mpl-data/fonts/ttf/DejaVuSerif-Italic.ttf', name='DejaVu Serif', style='italic', variant='normal', weight=400, stretch='normal', size='scalable')) = 11.335
2026-07-02 12:53:44 - DEBUG - findfont: score(FontEntry(fname='/root/anaconda3/lib/python3.12/site-packages/matplotlib/mpl-data/fonts/ttf/cmb10.ttf', name='cmb10', style='normal', variant='normal', weight=400, stretch='normal', size='scalable')) = 10.335
2026-07-02 12:53:44 - DEBUG - findfont: score(FontEntry(fname='/root/anaconda3/lib/python3.12/site-packages/matplotlib/mpl-data/fonts/ttf/STIXSizTwoSymBol.ttf', name='STIXSizeTwoSym', style='normal', variant='normal', weight=700, stretch='normal', size='scalable')) = 10.05
2026-07-02 12:53:44 - DEBUG - findfont: score(FontEntry(fname='/root/anaconda3/lib/python3.12/site-packages/matplotlib/mpl-data/fonts/ttf/DejaVuSans.ttf', name='DejaVu Sans', style='normal', variant='normal', weight=400, stretch='normal', size='scalable')) = 0.33499999999999996
2026-07-02 12:53:44 - DEBUG - findfont: score(FontEntry(fname='/root/anaconda3/lib/python3.12/site-packages/matplotlib/mpl-data/fonts/ttf/STIXGeneralItalic.ttf', name='STIXGeneral', style='italic', variant='normal', weight=400, stretch='normal', size='scalable')) = 11.335
2026-07-02 12:53:44 - DEBUG - findfont: score(FontEntry(fname='/root/anaconda3/lib/python3.12/site-packages/matplotlib/mpl-data/fonts/ttf/DejaVuSerif-Bold.ttf', name='DejaVu Serif', style='normal', variant='normal', weight=700, stretch='normal', size='scalable')) = 10.05
2026-07-02 12:53:44 - DEBUG - findfont: score(FontEntry(fname='/root/anaconda3/lib/python3.12/site-packages/matplotlib/mpl-data/fonts/ttf/STIXNonUni.ttf', name='STIXNonUnicode', style='normal', variant='normal', weight=400, stretch='normal', size='scalable')) = 10.335
2026-07-02 12:53:44 - DEBUG - findfont: score(FontEntry(fname='/root/anaconda3/lib/python3.12/site-packages/matplotlib/mpl-data/fonts/ttf/DejaVuSansDisplay.ttf', name='DejaVu Sans Display', style='normal', variant='normal', weight=400, stretch='normal', size='scalable')) = 10.335
2026-07-02 12:53:44 - DEBUG - findfont: score(FontEntry(fname='/root/anaconda3/lib/python3.12/site-packages/matplotlib/mpl-data/fonts/ttf/STIXSizThreeSymReg.ttf', name='STIXSizeThreeSym', style='normal', variant='normal', weight=400, stretch='normal', size='scalable')) = 10.335
2026-07-02 12:53:44 - DEBUG - findfont: score(FontEntry(fname='/root/anaconda3/lib/python3.12/site-packages/matplotlib/mpl-data/fonts/ttf/STIXSizFiveSymReg.ttf', name='STIXSizeFiveSym', style='normal', variant='normal', weight=400, stretch='normal', size='scalable')) = 10.335
2026-07-02 12:53:44 - DEBUG - findfont: score(FontEntry(fname='/root/anaconda3/lib/python3.12/site-packages/matplotlib/mpl-data/fonts/ttf/STIXNonUniIta.ttf', name='STIXNonUnicode', style='italic', variant='normal', weight=400, stretch='normal', size='scalable')) = 11.335
2026-07-02 12:53:44 - DEBUG - findfont: score(FontEntry(fname='/root/anaconda3/lib/python3.12/site-packages/matplotlib/mpl-data/fonts/ttf/cmsy10.ttf', name='cmsy10', style='normal', variant='normal', weight=400, stretch='normal', size='scalable')) = 10.335
2026-07-02 12:53:44 - DEBUG - findfont: score(FontEntry(fname='/root/anaconda3/lib/python3.12/site-packages/matplotlib/mpl-data/fonts/ttf/cmr10.ttf', name='cmr10', style='normal', variant='normal', weight=400, stretch='normal', size='scalable')) = 10.335
2026-07-02 12:53:44 - DEBUG - findfont: score(FontEntry(fname='/root/anaconda3/lib/python3.12/site-packages/matplotlib/mpl-data/fonts/ttf/STIXGeneral.ttf', name='STIXGeneral', style='normal', variant='normal', weight=400, stretch='normal', size='scalable')) = 10.335
2026-07-02 12:53:44 - DEBUG - findfont: score(FontEntry(fname='/root/anaconda3/lib/python3.12/site-packages/matplotlib/mpl-data/fonts/ttf/STIXNonUniBol.ttf', name='STIXNonUnicode', style='normal', variant='normal', weight=700, stretch='normal', size='scalable')) = 10.05
2026-07-02 12:53:44 - DEBUG - findfont: score(FontEntry(fname='/root/anaconda3/lib/python3.12/site-packages/matplotlib/mpl-data/fonts/ttf/STIXSizFourSymBol.ttf', name='STIXSizeFourSym', style='normal', variant='normal', weight=700, stretch='normal', size='scalable')) = 10.05
2026-07-02 12:53:44 - DEBUG - findfont: score(FontEntry(fname='/root/anaconda3/lib/python3.12/site-packages/matplotlib/mpl-data/fonts/ttf/STIXSizOneSymReg.ttf', name='STIXSizeOneSym', style='normal', variant='normal', weight=400, stretch='normal', size='scalable')) = 10.335
2026-07-02 12:53:44 - DEBUG - findfont: score(FontEntry(fname='/root/anaconda3/lib/python3.12/site-packages/matplotlib/mpl-data/fonts/ttf/STIXGeneralBolIta.ttf', name='STIXGeneral', style='italic', variant='normal', weight=700, stretch='normal', size='scalable')) = 11.05
2026-07-02 12:53:44 - DEBUG - findfont: score(FontEntry(fname='/root/anaconda3/lib/python3.12/site-packages/matplotlib/mpl-data/fonts/ttf/DejaVuSerifDisplay.ttf', name='DejaVu Serif Display', style='normal', variant='normal', weight=400, stretch='normal', size='scalable')) = 10.335
2026-07-02 12:53:44 - DEBUG - findfont: score(FontEntry(fname='/root/anaconda3/lib/python3.12/site-packages/matplotlib/mpl-data/fonts/ttf/DejaVuSans-Bold.ttf', name='DejaVu Sans', style='normal', variant='normal', weight=700, stretch='normal', size='scalable')) = 0.05
2026-07-02 12:53:44 - DEBUG - findfont: score(FontEntry(fname='/root/anaconda3/lib/python3.12/site-packages/matplotlib/mpl-data/fonts/ttf/cmmi10.ttf', name='cmmi10', style='normal', variant='normal', weight=400, stretch='normal', size='scalable')) = 10.335
2026-07-02 12:53:44 - DEBUG - findfont: score(FontEntry(fname='/root/anaconda3/lib/python3.12/site-packages/matplotlib/mpl-data/fonts/ttf/cmtt10.ttf', name='cmtt10', style='normal', variant='normal', weight=400, stretch='normal', size='scalable')) = 10.335
2026-07-02 12:53:44 - DEBUG - findfont: score(FontEntry(fname='/root/anaconda3/lib/python3.12/site-packages/matplotlib/mpl-data/fonts/ttf/DejaVuSerif-BoldItalic.ttf', name='DejaVu Serif', style='italic', variant='normal', weight=700, stretch='normal', size='scalable')) = 11.05
2026-07-02 12:53:44 - DEBUG - findfont: score(FontEntry(fname='/root/anaconda3/lib/python3.12/site-packages/matplotlib/mpl-data/fonts/ttf/DejaVuSansMono.ttf', name='DejaVu Sans Mono', style='normal', variant='normal', weight=400, stretch='normal', size='scalable')) = 10.335
2026-07-02 12:53:44 - DEBUG - findfont: score(FontEntry(fname='/root/anaconda3/lib/python3.12/site-packages/matplotlib/mpl-data/fonts/ttf/DejaVuSansMono-BoldOblique.ttf', name='DejaVu Sans Mono', style='oblique', variant='normal', weight=700, stretch='normal', size='scalable')) = 11.05
2026-07-02 12:53:44 - DEBUG - findfont: score(FontEntry(fname='/root/anaconda3/lib/python3.12/site-packages/matplotlib/mpl-data/fonts/ttf/STIXGeneralBol.ttf', name='STIXGeneral', style='normal', variant='normal', weight=700, stretch='normal', size='scalable')) = 10.05
2026-07-02 12:53:44 - DEBUG - findfont: score(FontEntry(fname='/root/anaconda3/lib/python3.12/site-packages/matplotlib/mpl-data/fonts/ttf/DejaVuSerif.ttf', name='DejaVu Serif', style='normal', variant='normal', weight=400, stretch='normal', size='scalable')) = 10.335
2026-07-02 12:53:44 - DEBUG - findfont: score(FontEntry(fname='/root/anaconda3/lib/python3.12/site-packages/matplotlib/mpl-data/fonts/ttf/DejaVuSans-Oblique.ttf', name='DejaVu Sans', style='oblique', variant='normal', weight=400, stretch='normal', size='scalable')) = 1.335
2026-07-02 12:53:44 - DEBUG - findfont: score(FontEntry(fname='/root/anaconda3/lib/python3.12/site-packages/matplotlib/mpl-data/fonts/ttf/DejaVuSans-BoldOblique.ttf', name='DejaVu Sans', style='oblique', variant='normal', weight=700, stretch='normal', size='scalable')) = 1.05
2026-07-02 12:53:44 - DEBUG - findfont: score(FontEntry(fname='/root/anaconda3/lib/python3.12/site-packages/matplotlib/mpl-data/fonts/ttf/DejaVuSansMono-Oblique.ttf', name='DejaVu Sans Mono', style='oblique', variant='normal', weight=400, stretch='normal', size='scalable')) = 11.335
2026-07-02 12:53:44 - DEBUG - findfont: score(FontEntry(fname='/root/anaconda3/lib/python3.12/site-packages/matplotlib/mpl-data/fonts/ttf/STIXNonUniBolIta.ttf', name='STIXNonUnicode', style='italic', variant='normal', weight=700, stretch='normal', size='scalable')) = 11.05
2026-07-02 12:53:44 - DEBUG - findfont: score(FontEntry(fname='/root/anaconda3/lib/python3.12/site-packages/matplotlib/mpl-data/fonts/ttf/STIXSizFourSymReg.ttf', name='STIXSizeFourSym', style='normal', variant='normal', weight=400, stretch='normal', size='scalable')) = 10.335
2026-07-02 12:53:44 - DEBUG - findfont: score(FontEntry(fname='/usr/share/fonts/truetype/dejavu/DejaVuSans-Bold.ttf', name='DejaVu Sans', style='normal', variant='normal', weight=700, stretch='normal', size='scalable')) = 0.05
2026-07-02 12:53:44 - DEBUG - findfont: score(FontEntry(fname='/usr/share/fonts/truetype/dejavu/DejaVuSansMono-Bold.ttf', name='DejaVu Sans Mono', style='normal', variant='normal', weight=700, stretch='normal', size='scalable')) = 10.05
2026-07-02 12:53:44 - DEBUG - findfont: score(FontEntry(fname='/usr/share/fonts/truetype/dejavu/DejaVuSerif.ttf', name='DejaVu Serif', style='normal', variant='normal', weight=400, stretch='normal', size='scalable')) = 10.335
2026-07-02 12:53:44 - DEBUG - findfont: score(FontEntry(fname='/usr/share/fonts/truetype/dejavu/DejaVuSans.ttf', name='DejaVu Sans', style='normal', variant='normal', weight=400, stretch='normal', size='scalable')) = 0.33499999999999996
2026-07-02 12:53:44 - DEBUG - findfont: score(FontEntry(fname='/usr/share/fonts/truetype/dejavu/DejaVuSansMono.ttf', name='DejaVu Sans Mono', style='normal', variant='normal', weight=400, stretch='normal', size='scalable')) = 10.335
2026-07-02 12:53:44 - DEBUG - findfont: score(FontEntry(fname='/usr/share/fonts/truetype/dejavu/DejaVuSerif-Bold.ttf', name='DejaVu Serif', style='normal', variant='normal', weight=700, stretch='normal', size='scalable')) = 10.05
2026-07-02 12:53:44 - DEBUG - findfont: Matching sans\-serif:style=normal:variant=normal:weight=bold:stretch=normal:size=9.0 to DejaVu Sans ('/root/anaconda3/lib/python3.12/site-packages/matplotlib/mpl-data/fonts/ttf/DejaVuSans-Bold.ttf') with score of 0.050000.
2026-07-02 12:53:45 - INFO - 
EMIB returned 1 solution(s) (max 1).
