
================================================================================
Batch test start (Gurobi)
================================================================================
Test input dir: /root/placement/MPDAP/benchmark/test_input
Output base dir: /root/placement/MPDAP/output_gurobi_EMIB_chiplet_5_6_01_13
Found 1 test file(s)
Files to process: hp8_m.json
================================================================================


[1/1] Processing: hp8_m.json
  Core name: hp8_m_core
  Log dir: /root/placement/MPDAP/output_gurobi_EMIB_chiplet_5_6_01_13/log/hp8_m_core
  LP dir: /root/placement/MPDAP/output_gurobi_EMIB_chiplet_5_6_01_13/lp/hp8_m_core
  Fig dir: /root/placement/MPDAP/output_gurobi_EMIB_chiplet_5_6_01_13/fig/hp8_m_core
  Placement file: /root/placement/MPDAP/output_gurobi_EMIB_chiplet_5_6_01_13/placement/hp8_m.json
2026-06-21 18:16:19 - INFO - Calling EMIB solver (Gurobi)...
node 0 w: 4.62, h: 10.36
node 1 w: 7.0, h: 3.78
node 2 w: 2.1, h: 9.8
node 3 w: 2.1, h: 9.8
node 4 w: 2.1, h: 9.8
node 5 w: 5.46, h: 33.04
node 6 w: 33.04, h: 5.46
node 7 w: 2.52, h: 20.16
  (A,C): node1=A, node2=C, wireCount=512, EMIBType=interfaceB, EMIB_length=1.7067, EMIB_max_width=3.0, width=2.0, height=1.7067, bump_width=1.0000
  (A,F): node1=A, node2=F, wireCount=256, EMIBType=interfaceB, EMIB_length=0.8533, EMIB_max_width=3.0, width=2.0, height=0.8533, bump_width=1.0000
  (A,H): node1=A, node2=H, wireCount=512, EMIBType=interfaceB, EMIB_length=1.7067, EMIB_max_width=3.0, width=2.0, height=1.7067, bump_width=1.0000
  (B,E): node1=B, node2=E, wireCount=128, EMIBType=interfaceC, EMIB_length=3.2, EMIB_max_width=99.0, width=1.0, height=3.2, bump_width=0.5000
  (B,F): node1=B, node2=F, wireCount=128, EMIBType=interfaceC, EMIB_length=3.2, EMIB_max_width=99.0, width=1.0, height=3.2, bump_width=0.5000
  (C,D): node1=C, node2=D, wireCount=256, EMIBType=interfaceB, EMIB_length=0.8533, EMIB_max_width=3.0, width=2.0, height=0.8533, bump_width=1.0000
  (C,G): node1=C, node2=G, wireCount=128, EMIBType=interfaceC, EMIB_length=3.2, EMIB_max_width=99.0, width=1.0, height=3.2, bump_width=0.5000
  (C,H): node1=C, node2=H, wireCount=128, EMIBType=interfaceC, EMIB_length=3.2, EMIB_max_width=99.0, width=1.0, height=3.2, bump_width=0.5000
  (D,G): node1=D, node2=G, wireCount=128, EMIBType=interfaceC, EMIB_length=3.2, EMIB_max_width=99.0, width=1.0, height=3.2, bump_width=0.5000
  (E,G): node1=E, node2=G, wireCount=256, EMIBType=interfaceB, EMIB_length=0.8533, EMIB_max_width=3.0, width=2.0, height=0.8533, bump_width=1.0000
  (F,H): node1=F, node2=H, wireCount=512, EMIBType=interfaceB, EMIB_length=1.7067, EMIB_max_width=3.0, width=2.0, height=1.7067, bump_width=1.0000
  (G,H): node1=G, node2=H, wireCount=256, EMIBType=interfaceB, EMIB_length=0.8533, EMIB_max_width=3.0, width=2.0, height=0.8533, bump_width=1.0000
  (0,2): [A, C, 512, interfaceB, 1.7067, 3.0]
  (0,5): [A, F, 256, interfaceB, 0.8533, 3.0]
  (0,7): [A, H, 512, interfaceB, 1.7067, 3.0]
  (1,4): [B, E, 128, interfaceC, 3.2, 99.0]
  (1,5): [B, F, 128, interfaceC, 3.2, 99.0]
  (2,3): [C, D, 256, interfaceB, 0.8533, 3.0]
  (2,6): [C, G, 128, interfaceC, 3.2, 99.0]
  (2,7): [C, H, 128, interfaceC, 3.2, 99.0]
  (3,6): [D, G, 128, interfaceC, 3.2, 99.0]
  (4,6): [E, G, 256, interfaceB, 0.8533, 3.0]
  (5,7): [F, H, 512, interfaceB, 1.7067, 3.0]
  (6,7): [G, H, 256, interfaceB, 0.8533, 3.0]
Set parameter WLSAccessID
2026-06-21 18:16:19 - INFO - Set parameter WLSAccessID
Set parameter WLSSecret
2026-06-21 18:16:19 - INFO - Set parameter WLSSecret
Set parameter LicenseID to value 2756663
2026-06-21 18:16:19 - INFO - Set parameter LicenseID to value 2756663
Academic license 2756663 - for non-commercial use only - registered to hu___@sjtu.edu.cn
2026-06-21 18:16:19 - INFO - Academic license 2756663 - for non-commercial use only - registered to hu___@sjtu.edu.cn
EMIB_w_var: {(0, 2): <gurobi.Var *Awaiting Model Update*>, (0, 5): <gurobi.Var *Awaiting Model Update*>, (0, 7): <gurobi.Var *Awaiting Model Update*>, (2, 3): <gurobi.Var *Awaiting Model Update*>, (4, 6): <gurobi.Var *Awaiting Model Update*>, (5, 7): <gurobi.Var *Awaiting Model Update*>, (6, 7): <gurobi.Var *Awaiting Model Update*>}
EMIB_h_var: {(0, 2): <gurobi.Var *Awaiting Model Update*>, (0, 5): <gurobi.Var *Awaiting Model Update*>, (0, 7): <gurobi.Var *Awaiting Model Update*>, (2, 3): <gurobi.Var *Awaiting Model Update*>, (4, 6): <gurobi.Var *Awaiting Model Update*>, (5, 7): <gurobi.Var *Awaiting Model Update*>, (6, 7): <gurobi.Var *Awaiting Model Update*>}
EMIB_connected_pairs: {(0, 2): EMIBNode(node1='A', node2='C', wireCount=512, EMIBType='interfaceB', EMIB_length=1.7067, EMIB_bump_width=1.0, EMIB_max_width=3.0, width=2.0, height=1.7067), (0, 5): EMIBNode(node1='A', node2='F', wireCount=256, EMIBType='interfaceB', EMIB_length=0.8533, EMIB_bump_width=1.0, EMIB_max_width=3.0, width=2.0, height=0.8533), (0, 7): EMIBNode(node1='A', node2='H', wireCount=512, EMIBType='interfaceB', EMIB_length=1.7067, EMIB_bump_width=1.0, EMIB_max_width=3.0, width=2.0, height=1.7067), (2, 3): EMIBNode(node1='C', node2='D', wireCount=256, EMIBType='interfaceB', EMIB_length=0.8533, EMIB_bump_width=1.0, EMIB_max_width=3.0, width=2.0, height=0.8533), (4, 6): EMIBNode(node1='E', node2='G', wireCount=256, EMIBType='interfaceB', EMIB_length=0.8533, EMIB_bump_width=1.0, EMIB_max_width=3.0, width=2.0, height=0.8533), (5, 7): EMIBNode(node1='F', node2='H', wireCount=512, EMIBType='interfaceB', EMIB_length=1.7067, EMIB_bump_width=1.0, EMIB_max_width=3.0, width=2.0, height=1.7067), (6, 7): EMIBNode(node1='G', node2='H', wireCount=256, EMIBType='interfaceB', EMIB_length=0.8533, EMIB_bump_width=1.0, EMIB_max_width=3.0, width=2.0, height=0.8533)}
[POWER_AWARE] Mutual Distancing: ENABLED
[POWER_AWARE] Central Avoidance: ENABLED
[POWER_AWARE] Power Aware Optimization: ENABLED
[POWER_AWARE] Selected high-power chiplets: 2 (density threshold: 2.332361516034985)
[POWER_AWARE] High-power chiplet indices: [2, 3]
[POWER_AWARE] Mutual Distancing: Creating constraints for 2 high-power chiplets
[POWER_AWARE] Mutual Distancing: Added distance constraints for all high-power pairs
[POWER_AWARE] Central Avoidance: Creating away-from-center constraints for 2 high-power chiplets
[DEBUG] chiplet 2 in top 30% power density, add away-from-center constraint
[DEBUG] chiplet 3 in top 30% power density, add away-from-center constraint
[POWER_AWARE] Central Avoidance: Added away-from-center constraints for 2 high-power chiplets
[DEBUG] L_avg: 23.402205024313414
[DEBUG] total_area: 547.6632
[POWER_AWARE] Normalization factor calculation:
[POWER_AWARE]   - High-power chiplets: 2
[POWER_AWARE]   - Mutual Distancing enabled: True
[POWER_AWARE]   - Central Avoidance enabled: True
[POWER_AWARE]   - pair_sum (MD): 2.496000e+03
[POWER_AWARE]   - self_sum (CA): 5.008000e+03
[POWER_AWARE]   - total_sum (pair + self): 7.504000e+03
[POWER_AWARE]   - ref_power: 8.780507e+04
[DEBUG] ref_wirelength: 37443.52803890146
[DEBUG] ref_t: 46.80441004862683
[DEBUG] ref_power: 87805.07325122393
[DEBUG] ref_aspect: 104.86

================================================================================
[OBJECTIVE FUNCTION DETAILS]
================================================================================

[Normalization Reference Values]
  ref_wirelength: 3.744353e+04
  ref_t (area proxy): 4.680441e+01
  ref_power: 8.780507e+04
  ref_aspect: 1.048600e+02

[Beta Weights]
  beta_wire: 5.000000e+00
  beta_area: 6.000000e+00
  beta_aspect: 1.000000e-01
  beta_power: 1.300000e+00

[Objective Function Components]
  1. Wirelength term:
     norm_wirelength = wirelength / ref_wirelength
     contribution = beta_wire * norm_wirelength = 5.0 * norm_wirelength
  2. Area term:
     norm_t = t / ref_t
     contribution = beta_area * norm_t = 6.0 * norm_t
  3. Aspect Ratio term:
     norm_aspect = aspect_ratio_penalty / ref_aspect
     contribution = beta_aspect * norm_aspect = 0.1 * norm_aspect
  4. Power Awareness term:
     norm_power = power_aware_penalty / ref_power
     contribution = - beta_power * norm_power = - 1.3 * norm_power

[Objective Function Formula]
  minimize: 5.0 * wirelength/ref_wirelength
          + 6.0 * t/ref_t
          + 0.1 * aspect_ratio_penalty/ref_aspect
          - 1.3 * power_aware_penalty/ref_power
================================================================================


[EMIB] ILP Model construction completed. Analyzing model structure...
================================================================================
ILP MODEL ANALYSIS REPORT - Chiplet Placement ILP (Construction Complete)
Generated: 2026-06-21 18:16:19
================================================================================

[MODEL STRUCTURE]
  Constraints (rows):                      0
  Variables (columns):                     0
  Non-zero elements:                       0
  Objective coefficients:                  0

[VARIABLE TYPES]
  Continuous:                              0
  Integer:                                 0
  Binary:                                  0

[CONSTRAINT TYPES]

[COEFFICIENT STATISTICS]

[SOLVE STATISTICS]
  Status:                    Unknown(1)
  Solve time (s):                       0.00
  Solutions found:                         0
  Nodes explored:            (not available)
  Simplex iterations:        (not available)

[MEMORY USAGE]
  Initial memory:                     96.54 MB
  Peak memory:                         0.00 MB
  Final memory:                        0.00 MB
  Peak increase:                     -96.54 MB
  Final increase:                    -96.54 MB

================================================================================
Set parameter TimeLimit to value 300
2026-06-21 18:16:19 - INFO - Set parameter TimeLimit to value 300
Set parameter MIPGap to value 0
2026-06-21 18:16:19 - INFO - Set parameter MIPGap to value 0
Set parameter MIPFocus to value 3
2026-06-21 18:16:19 - INFO - Set parameter MIPFocus to value 3
Set parameter Heuristics to value 0.5
2026-06-21 18:16:19 - INFO - Set parameter Heuristics to value 0.5
Set parameter LogToConsole to value 1
2026-06-21 18:16:19 - INFO - Set parameter LogToConsole to value 1
Gurobi Optimizer version 13.0.1 build v13.0.1rc0 (linux64 - "Ubuntu 20.04.6 LTS")
2026-06-21 18:16:19 - INFO - Gurobi Optimizer version 13.0.1 build v13.0.1rc0 (linux64 - "Ubuntu 20.04.6 LTS")

2026-06-21 18:16:19 - INFO - 
CPU model: AMD Ryzen 9 9950X3D 16-Core Processor, instruction set [SSE2|AVX|AVX2|AVX512]
2026-06-21 18:16:19 - INFO - CPU model: AMD Ryzen 9 9950X3D 16-Core Processor, instruction set [SSE2|AVX|AVX2|AVX512]
Thread count: 14 physical cores, 28 logical processors, using up to 28 threads
2026-06-21 18:16:19 - INFO - Thread count: 14 physical cores, 28 logical processors, using up to 28 threads

2026-06-21 18:16:19 - INFO - 
Non-default parameters:
2026-06-21 18:16:19 - INFO - Non-default parameters:
TimeLimit  300
2026-06-21 18:16:19 - INFO - TimeLimit  300
MIPGap  0
2026-06-21 18:16:19 - INFO - MIPGap  0
Heuristics  0.5
2026-06-21 18:16:19 - INFO - Heuristics  0.5
MIPFocus  3
2026-06-21 18:16:19 - INFO - MIPFocus  3

2026-06-21 18:16:19 - INFO - 
Academic license 2756663 - for non-commercial use only - registered to hu___@sjtu.edu.cn
2026-06-21 18:16:19 - INFO - Academic license 2756663 - for non-commercial use only - registered to hu___@sjtu.edu.cn
Optimize a model with 943 rows, 442 columns and 3161 nonzeros (Min)
2026-06-21 18:16:19 - INFO - Optimize a model with 943 rows, 442 columns and 3161 nonzeros (Min)
Model fingerprint: 0x5ce5723e
2026-06-21 18:16:19 - INFO - Model fingerprint: 0x5ce5723e
Model has 4 linear objective coefficients
2026-06-21 18:16:19 - INFO - Model has 4 linear objective coefficients
Variable types: 193 continuous, 249 integer (249 binary)
2026-06-21 18:16:19 - INFO - Variable types: 193 continuous, 249 integer (249 binary)
Coefficient statistics:
2026-06-21 18:16:19 - INFO - Coefficient statistics:
  Matrix range     [3e-01, 3e+03]
2026-06-21 18:16:19 - INFO -   Matrix range     [3e-01, 3e+03]
  Objective range  [1e-05, 1e-01]
2026-06-21 18:16:19 - INFO -   Objective range  [1e-05, 1e-01]
  Bounds range     [9e-01, 1e+07]
2026-06-21 18:16:19 - INFO -   Bounds range     [9e-01, 1e+07]
  RHS range        [9e-01, 2e+02]
2026-06-21 18:16:19 - INFO -   RHS range        [9e-01, 2e+02]

2026-06-21 18:16:19 - INFO - 
Presolve removed 90 rows and 74 columns
2026-06-21 18:16:19 - INFO - Presolve removed 90 rows and 74 columns
Presolve time: 0.01s
2026-06-21 18:16:19 - INFO - Presolve time: 0.01s
Presolved: 853 rows, 368 columns, 2950 nonzeros
2026-06-21 18:16:19 - INFO - Presolved: 853 rows, 368 columns, 2950 nonzeros
Variable types: 133 continuous, 235 integer (235 binary)
2026-06-21 18:16:19 - INFO - Variable types: 133 continuous, 235 integer (235 binary)
Root relaxation presolve removed 146 rows and 42 columns
2026-06-21 18:16:19 - INFO - Root relaxation presolve removed 146 rows and 42 columns
Root relaxation presolved: 707 rows, 334 columns, 2596 nonzeros
2026-06-21 18:16:19 - INFO - Root relaxation presolved: 707 rows, 334 columns, 2596 nonzeros

2026-06-21 18:16:19 - INFO - 

2026-06-21 18:16:19 - INFO - 
Root relaxation: objective -1.800043e+01, 184 iterations, 0.00 seconds (0.00 work units)
2026-06-21 18:16:19 - INFO - Root relaxation: objective -1.800043e+01, 184 iterations, 0.00 seconds (0.00 work units)

2026-06-21 18:16:19 - INFO - 
    Nodes    |    Current Node    |     Objective Bounds      |     Work
2026-06-21 18:16:19 - INFO -     Nodes    |    Current Node    |     Objective Bounds      |     Work
 Expl Unexpl |  Obj  Depth IntInf | Incumbent    BestBd   Gap | It/Node Time
2026-06-21 18:16:19 - INFO -  Expl Unexpl |  Obj  Depth IntInf | Incumbent    BestBd   Gap | It/Node Time

2026-06-21 18:16:19 - INFO - 
     0     0  -18.00043    0   97          -  -18.00043      -     -    0s
2026-06-21 18:16:19 - INFO -      0     0  -18.00043    0   97          -  -18.00043      -     -    0s
H    0     0                      21.6914271  -17.97413   183%     -    0s
2026-06-21 18:16:19 - INFO - H    0     0                      21.6914271  -17.97413   183%     -    0s
     0     0  -14.61052    0  104   21.69143  -14.61052   167%     -    0s
2026-06-21 18:16:19 - INFO -      0     0  -14.61052    0  104   21.69143  -14.61052   167%     -    0s
     0     0  -14.61052    0   94   21.69143  -14.61052   167%     -    0s
2026-06-21 18:16:19 - INFO -      0     0  -14.61052    0   94   21.69143  -14.61052   167%     -    0s
     0     0   -7.26294    0   98   21.69143   -7.26294   133%     -    0s
2026-06-21 18:16:19 - INFO -      0     0   -7.26294    0   98   21.69143   -7.26294   133%     -    0s
     0     0   -7.26294    0   98   21.69143   -7.26294   133%     -    0s
2026-06-21 18:16:19 - INFO -      0     0   -7.26294    0   98   21.69143   -7.26294   133%     -    0s
     0     0   -7.26294    0  105   21.69143   -7.26294   133%     -    0s
2026-06-21 18:16:19 - INFO -      0     0   -7.26294    0  105   21.69143   -7.26294   133%     -    0s
     0     0   -7.26294    0  105   21.69143   -7.26294   133%     -    0s
2026-06-21 18:16:19 - INFO -      0     0   -7.26294    0  105   21.69143   -7.26294   133%     -    0s
     0     0   -7.26294    0  102   21.69143   -7.26294   133%     -    0s
2026-06-21 18:16:19 - INFO -      0     0   -7.26294    0  102   21.69143   -7.26294   133%     -    0s
H    0     0                      15.5663494   -7.26294   147%     -    0s
2026-06-21 18:16:19 - INFO - H    0     0                      15.5663494   -7.26294   147%     -    0s
     0     0    0.73592    0  119   15.56635    0.73592  95.3%     -    0s
2026-06-21 18:16:19 - INFO -      0     0    0.73592    0  119   15.56635    0.73592  95.3%     -    0s
     0     0    0.73592    0  120   15.56635    0.73592  95.3%     -    0s
2026-06-21 18:16:19 - INFO -      0     0    0.73592    0  120   15.56635    0.73592  95.3%     -    0s
     0     0    0.73592    0  119   15.56635    0.73592  95.3%     -    0s
2026-06-21 18:16:19 - INFO -      0     0    0.73592    0  119   15.56635    0.73592  95.3%     -    0s
     0     0    0.73592    0  117   15.56635    0.73592  95.3%     -    0s
2026-06-21 18:16:19 - INFO -      0     0    0.73592    0  117   15.56635    0.73592  95.3%     -    0s
     0     0    3.58585    0  109   15.56635    3.58585  77.0%     -    0s
2026-06-21 18:16:19 - INFO -      0     0    3.58585    0  109   15.56635    3.58585  77.0%     -    0s
     0     0    3.58585    0  108   15.56635    3.58585  77.0%     -    0s
2026-06-21 18:16:19 - INFO -      0     0    3.58585    0  108   15.56635    3.58585  77.0%     -    0s
     0     0    3.58585    0  104   15.56635    3.58585  77.0%     -    0s
2026-06-21 18:16:19 - INFO -      0     0    3.58585    0  104   15.56635    3.58585  77.0%     -    0s
     0     0    3.72769    0  104   15.56635    3.72769  76.1%     -    0s
2026-06-21 18:16:19 - INFO -      0     0    3.72769    0  104   15.56635    3.72769  76.1%     -    0s
     0     0    3.72769    0  110   15.56635    3.72769  76.1%     -    0s
2026-06-21 18:16:19 - INFO -      0     0    3.72769    0  110   15.56635    3.72769  76.1%     -    0s
H    0     0                      15.5649985    3.72769  76.1%     -    0s
2026-06-21 18:16:19 - INFO - H    0     0                      15.5649985    3.72769  76.1%     -    0s
     0     0    3.72769    0  120   15.56500    3.72769  76.1%     -    0s
2026-06-21 18:16:19 - INFO -      0     0    3.72769    0  120   15.56500    3.72769  76.1%     -    0s
     0     0    3.72769    0  120   15.56500    3.72769  76.1%     -    0s
2026-06-21 18:16:19 - INFO -      0     0    3.72769    0  120   15.56500    3.72769  76.1%     -    0s
     0     0    3.72769    0  108   15.56500    3.72769  76.1%     -    0s
2026-06-21 18:16:19 - INFO -      0     0    3.72769    0  108   15.56500    3.72769  76.1%     -    0s
H    0     0                      15.5604816    3.73658  76.0%     -    0s
2026-06-21 18:16:19 - INFO - H    0     0                      15.5604816    3.73658  76.0%     -    0s
H    0     0                      15.4312630    3.73658  75.8%     -    0s
2026-06-21 18:16:19 - INFO - H    0     0                      15.4312630    3.73658  75.8%     -    0s
     0     0    3.73658    0  113   15.43126    3.73658  75.8%     -    0s
2026-06-21 18:16:19 - INFO -      0     0    3.73658    0  113   15.43126    3.73658  75.8%     -    0s
     0     0    3.73658    0  116   15.43126    3.73658  75.8%     -    0s
2026-06-21 18:16:19 - INFO -      0     0    3.73658    0  116   15.43126    3.73658  75.8%     -    0s
     0     0    3.73658    0  106   15.43126    3.73658  75.8%     -    0s
2026-06-21 18:16:19 - INFO -      0     0    3.73658    0  106   15.43126    3.73658  75.8%     -    0s
     0     0    3.73658    0  106   15.43126    3.73658  75.8%     -    0s
2026-06-21 18:16:19 - INFO -      0     0    3.73658    0  106   15.43126    3.73658  75.8%     -    0s
     0     0    3.73658    0  106   15.43126    3.73658  75.8%     -    0s
2026-06-21 18:16:19 - INFO -      0     0    3.73658    0  106   15.43126    3.73658  75.8%     -    0s
H    0     0                      15.1747162    3.73658  75.4%     -    0s
2026-06-21 18:16:19 - INFO - H    0     0                      15.1747162    3.73658  75.4%     -    0s
     0     0    3.73658    0  110   15.17472    3.73658  75.4%     -    0s
2026-06-21 18:16:19 - INFO -      0     0    3.73658    0  110   15.17472    3.73658  75.4%     -    0s
     0     0    3.73658    0  118   15.17472    3.73658  75.4%     -    0s
2026-06-21 18:16:19 - INFO -      0     0    3.73658    0  118   15.17472    3.73658  75.4%     -    0s
     0     0    3.73658    0  128   15.17472    3.73658  75.4%     -    0s
2026-06-21 18:16:19 - INFO -      0     0    3.73658    0  128   15.17472    3.73658  75.4%     -    0s
H    0     0                      14.8693128    3.73658  74.9%     -    0s
2026-06-21 18:16:19 - INFO - H    0     0                      14.8693128    3.73658  74.9%     -    0s
H    0     0                      14.6667410    3.73658  74.5%     -    0s
2026-06-21 18:16:19 - INFO - H    0     0                      14.6667410    3.73658  74.5%     -    0s
     0     0    3.73658    0  138   14.66674    3.73658  74.5%     -    0s
2026-06-21 18:16:19 - INFO -      0     0    3.73658    0  138   14.66674    3.73658  74.5%     -    0s
     0     0    3.73658    0  138   14.66674    3.73658  74.5%     -    0s
2026-06-21 18:16:19 - INFO -      0     0    3.73658    0  138   14.66674    3.73658  74.5%     -    0s
     0     0    3.73658    0  129   14.66674    3.73658  74.5%     -    0s
2026-06-21 18:16:20 - INFO -      0     0    3.73658    0  129   14.66674    3.73658  74.5%     -    0s
H    0     0                      14.1755472    3.73658  73.6%     -    0s
2026-06-21 18:16:20 - INFO - H    0     0                      14.1755472    3.73658  73.6%     -    0s
     0     0    3.75987    0  126   14.17555    3.75987  73.5%     -    0s
2026-06-21 18:16:20 - INFO -      0     0    3.75987    0  126   14.17555    3.75987  73.5%     -    0s
     0     0    3.75987    0  131   14.17555    3.75987  73.5%     -    0s
2026-06-21 18:16:20 - INFO -      0     0    3.75987    0  131   14.17555    3.75987  73.5%     -    0s
     0     0    3.75987    0  131   14.17555    3.75987  73.5%     -    0s
2026-06-21 18:16:20 - INFO -      0     0    3.75987    0  131   14.17555    3.75987  73.5%     -    0s
     0     0    3.76093    0  119   14.17555    3.76093  73.5%     -    0s
2026-06-21 18:16:20 - INFO -      0     0    3.76093    0  119   14.17555    3.76093  73.5%     -    0s
     0     0    3.76093    0  117   14.17555    3.76093  73.5%     -    0s
2026-06-21 18:16:20 - INFO -      0     0    3.76093    0  117   14.17555    3.76093  73.5%     -    0s
     0     0    3.76093    0  104   14.17555    3.76093  73.5%     -    1s
2026-06-21 18:16:20 - INFO -      0     0    3.76093    0  104   14.17555    3.76093  73.5%     -    1s
H    0     0                      14.0380067    3.76170  73.2%     -    1s
2026-06-21 18:16:20 - INFO - H    0     0                      14.0380067    3.76170  73.2%     -    1s
     0     0    3.76170    0  123   14.03801    3.76170  73.2%     -    1s
2026-06-21 18:16:20 - INFO -      0     0    3.76170    0  123   14.03801    3.76170  73.2%     -    1s
     0     0    3.76170    0  120   14.03801    3.76170  73.2%     -    1s
2026-06-21 18:16:20 - INFO -      0     0    3.76170    0  120   14.03801    3.76170  73.2%     -    1s
     0     0    3.77893    0  126   14.03801    3.77893  73.1%     -    1s
2026-06-21 18:16:20 - INFO -      0     0    3.77893    0  126   14.03801    3.77893  73.1%     -    1s
     0     0    3.77893    0  126   14.03801    3.77893  73.1%     -    1s
2026-06-21 18:16:20 - INFO -      0     0    3.77893    0  126   14.03801    3.77893  73.1%     -    1s
     0     0    3.77893    0  126   14.03801    3.77893  73.1%     -    1s
2026-06-21 18:16:20 - INFO -      0     0    3.77893    0  126   14.03801    3.77893  73.1%     -    1s
     0     0    3.79205    0  131   14.03801    3.79205  73.0%     -    1s
2026-06-21 18:16:20 - INFO -      0     0    3.79205    0  131   14.03801    3.79205  73.0%     -    1s
     0     0    3.79205    0  127   14.03801    3.79205  73.0%     -    1s
2026-06-21 18:16:20 - INFO -      0     0    3.79205    0  127   14.03801    3.79205  73.0%     -    1s
H    0     0                      14.0236490    3.79671  72.9%     -    1s
2026-06-21 18:16:20 - INFO - H    0     0                      14.0236490    3.79671  72.9%     -    1s
H    0     0                      14.0208972    3.79671  72.9%     -    1s
2026-06-21 18:16:20 - INFO - H    0     0                      14.0208972    3.79671  72.9%     -    1s
H    0     0                      14.0092914    3.79671  72.9%     -    1s
2026-06-21 18:16:20 - INFO - H    0     0                      14.0092914    3.79671  72.9%     -    1s
     0     0    3.79671    0  113   14.00929    3.79671  72.9%     -    1s
2026-06-21 18:16:20 - INFO -      0     0    3.79671    0  113   14.00929    3.79671  72.9%     -    1s
     0     0    3.79671    0  113   14.00929    3.79671  72.9%     -    1s
2026-06-21 18:16:20 - INFO -      0     0    3.79671    0  113   14.00929    3.79671  72.9%     -    1s
H    0     0                      13.9623714    3.84577  72.5%     -    1s
2026-06-21 18:16:20 - INFO - H    0     0                      13.9623714    3.84577  72.5%     -    1s
H    0     0                      13.8687051    3.84577  72.3%     -    1s
2026-06-21 18:16:20 - INFO - H    0     0                      13.8687051    3.84577  72.3%     -    1s
     0     0    3.84577    0  114   13.86871    3.84577  72.3%     -    1s
2026-06-21 18:16:20 - INFO -      0     0    3.84577    0  114   13.86871    3.84577  72.3%     -    1s
H    0     0                      13.7451310    3.86584  71.9%     -    1s
2026-06-21 18:16:20 - INFO - H    0     0                      13.7451310    3.86584  71.9%     -    1s
H    0     0                      13.6901619    3.86584  71.8%     -    1s
2026-06-21 18:16:20 - INFO - H    0     0                      13.6901619    3.86584  71.8%     -    1s
H    0     0                      13.5871972    3.86584  71.5%     -    1s
2026-06-21 18:16:20 - INFO - H    0     0                      13.5871972    3.86584  71.5%     -    1s
     0     0    3.86646    0  125   13.58720    3.86646  71.5%     -    1s
2026-06-21 18:16:20 - INFO -      0     0    3.86646    0  125   13.58720    3.86646  71.5%     -    1s
     0     0    3.86646    0  107   13.58720    3.86646  71.5%     -    1s
2026-06-21 18:16:20 - INFO -      0     0    3.86646    0  107   13.58720    3.86646  71.5%     -    1s
H    0     0                      13.5279342    3.87837  71.3%     -    1s
2026-06-21 18:16:20 - INFO - H    0     0                      13.5279342    3.87837  71.3%     -    1s
     0     0    3.87837    0  106   13.52793    3.87837  71.3%     -    1s
2026-06-21 18:16:20 - INFO -      0     0    3.87837    0  106   13.52793    3.87837  71.3%     -    1s
     0     0    3.87837    0  104   13.52793    3.87837  71.3%     -    1s
2026-06-21 18:16:20 - INFO -      0     0    3.87837    0  104   13.52793    3.87837  71.3%     -    1s
     0     2    3.87837    0  104   13.52793    3.87837  71.3%     -    1s
2026-06-21 18:16:20 - INFO -      0     2    3.87837    0  104   13.52793    3.87837  71.3%     -    1s
H   13    16                      13.5031107    3.87837  71.3%   261    1s
2026-06-21 18:16:20 - INFO - H   13    16                      13.5031107    3.87837  71.3%   261    1s
H   97   113                      13.4672166    3.87837  71.2%   311    2s
2026-06-21 18:16:21 - INFO - H   97   113                      13.4672166    3.87837  71.2%   311    2s
H  112   165                      13.4574585    3.88007  71.2%   314    2s
2026-06-21 18:16:21 - INFO - H  112   165                      13.4574585    3.88007  71.2%   314    2s
H  123   165                      13.3960804    3.89945  70.9%   297    2s
2026-06-21 18:16:21 - INFO - H  123   165                      13.3960804    3.89945  70.9%   297    2s
H  184   228                      11.9469663    3.99168  66.6%   250    2s
2026-06-21 18:16:21 - INFO - H  184   228                      11.9469663    3.99168  66.6%   250    2s
H  255   316                      11.9326087    4.31758  63.8%   226    2s
2026-06-21 18:16:22 - INFO - H  255   316                      11.9326087    4.31758  63.8%   226    2s
H  357   370                      11.2544633    4.73780  57.9%   209    3s
2026-06-21 18:16:22 - INFO - H  357   370                      11.2544633    4.73780  57.9%   209    3s
H  372   392                      11.1196795    4.83698  56.5%   215    3s
2026-06-21 18:16:22 - INFO - H  372   392                      11.1196795    4.83698  56.5%   215    3s
H  392   392                      11.0134788    4.92996  55.2%   218    3s
2026-06-21 18:16:22 - INFO - H  392   392                      11.0134788    4.92996  55.2%   218    3s
H  408   420                      10.9863772    5.02130  54.3%   225    3s
2026-06-21 18:16:22 - INFO - H  408   420                      10.9863772    5.02130  54.3%   225    3s
H  498   504                      10.9492644    5.14716  53.0%   252    4s
2026-06-21 18:16:23 - INFO - H  498   504                      10.9492644    5.14716  53.0%   252    4s
H  500   504                      10.9101884    5.14980  52.8%   253    4s
2026-06-21 18:16:23 - INFO - H  500   504                      10.9101884    5.14980  52.8%   253    4s
H  519   575                      10.6519815    5.16857  51.5%   258    4s
2026-06-21 18:16:23 - INFO - H  519   575                      10.6519815    5.16857  51.5%   258    4s
H  555   575                      10.3505966    5.17516  50.0%   249    4s
2026-06-21 18:16:23 - INFO - H  555   575                      10.3505966    5.17516  50.0%   249    4s
H  565   575                      10.3242769    5.17549  49.9%   247    4s
2026-06-21 18:16:23 - INFO - H  565   575                      10.3242769    5.17549  49.9%   247    4s
H  681   702                      10.0191092    5.19346  48.2%   222    4s
2026-06-21 18:16:23 - INFO - H  681   702                      10.0191092    5.19346  48.2%   222    4s
H  706   728                       9.9359436    5.19998  47.7%   219    4s
2026-06-21 18:16:23 - INFO - H  706   728                       9.9359436    5.19998  47.7%   219    4s
H  809   807                       9.9302942    5.22859  47.3%   212    4s
2026-06-21 18:16:23 - INFO - H  809   807                       9.9302942    5.22859  47.3%   212    4s
H 1736  1728                       9.9203583    5.29741  46.6%   138    4s
2026-06-21 18:16:24 - INFO - H 1736  1728                       9.9203583    5.29741  46.6%   138    4s
H 1768  1728                       9.8918296    5.30277  46.4%   139    4s
2026-06-21 18:16:24 - INFO - H 1768  1728                       9.8918296    5.30277  46.4%   139    4s
  2022  1934    7.81215   11  104    9.89183    5.33593  46.1%   134    6s
2026-06-21 18:16:25 - INFO -   2022  1934    7.81215   11  104    9.89183    5.33593  46.1%   134    6s
H 2028  1841                       9.8917590    5.33593  46.1%   134    6s
2026-06-21 18:16:25 - INFO - H 2028  1841                       9.8917590    5.33593  46.1%   134    6s
H 2032  1751                       9.8917248    5.33593  46.1%   133    6s
2026-06-21 18:16:26 - INFO - H 2032  1751                       9.8917248    5.33593  46.1%   133    6s
H 2034  1664                       9.7255364    5.33593  45.1%   133    7s
2026-06-21 18:16:26 - INFO - H 2034  1664                       9.7255364    5.33593  45.1%   133    7s
H 2038  1584                       9.4681899    5.33593  43.6%   133    7s
2026-06-21 18:16:26 - INFO - H 2038  1584                       9.4681899    5.33593  43.6%   133    7s
H 2055  1516                       9.3499552    5.33593  42.9%   134    9s
2026-06-21 18:16:28 - INFO - H 2055  1516                       9.3499552    5.33593  42.9%   134    9s
  2117  1586    5.33593   27  131    9.34996    5.33593  42.9%   139   10s
2026-06-21 18:16:29 - INFO -   2117  1586    5.33593   27  131    9.34996    5.33593  42.9%   139   10s
H 2331  1608                       9.3499552    5.60005  40.1%   145   10s
2026-06-21 18:16:29 - INFO - H 2331  1608                       9.3499552    5.60005  40.1%   145   10s
H 2845  1705                       9.3499551    6.06826  35.1%   158   12s
2026-06-21 18:16:31 - INFO - H 2845  1705                       9.3499551    6.06826  35.1%   158   12s
H 3016  1694                       9.3499551    6.14249  34.3%   161   13s
2026-06-21 18:16:32 - INFO - H 3016  1694                       9.3499551    6.14249  34.3%   161   13s
H 3280  1718                       9.3499551    6.28738  32.8%   165   13s
2026-06-21 18:16:32 - INFO - H 3280  1718                       9.3499551    6.28738  32.8%   165   13s
H 3336  1631                       9.0456133    6.30374  30.3%   165   13s
2026-06-21 18:16:32 - INFO - H 3336  1631                       9.0456133    6.30374  30.3%   165   13s
H 3364  1593                       9.0062068    6.31592  29.9%   165   13s
2026-06-21 18:16:32 - INFO - H 3364  1593                       9.0062068    6.31592  29.9%   165   13s
H 3505  1514                       8.9182215    6.43483  27.8%   166   13s
2026-06-21 18:16:33 - INFO - H 3505  1514                       8.9182215    6.43483  27.8%   166   13s
  4795  1561     cutoff   32         8.91822    7.56363  15.2%   162   15s
2026-06-21 18:16:34 - INFO -   4795  1561     cutoff   32         8.91822    7.56363  15.2%   162   15s
 11720  5200    8.72091   44   23    8.91822    8.47234  5.00%   102   20s
2026-06-21 18:16:39 - INFO -  11720  5200    8.72091   44   23    8.91822    8.47234  5.00%   102   20s
H12185  5365                       8.9182215    8.47967  4.92%   100   20s
2026-06-21 18:16:39 - INFO - H12185  5365                       8.9182215    8.47967  4.92%   100   20s
H13611  6120                       8.9182214    8.50555  4.63%  94.0   20s
2026-06-21 18:16:40 - INFO - H13611  6120                       8.9182214    8.50555  4.63%  94.0   20s
H14570  6155                       8.9182214    8.53420  4.31%  90.5   21s
2026-06-21 18:16:40 - INFO - H14570  6155                       8.9182214    8.53420  4.31%  90.5   21s
*15299  4482              55       8.7569457    8.55308  2.33%  88.1   21s
2026-06-21 18:16:40 - INFO - *15299  4482              55       8.7569457    8.55308  2.33%  88.1   21s
H15753  4229                       8.7516292    8.56469  2.14%  86.8   21s
2026-06-21 18:16:40 - INFO - H15753  4229                       8.7516292    8.56469  2.14%  86.8   21s
*16883  1954              49       8.6616069    8.61326  0.56%  83.2   21s
2026-06-21 18:16:41 - INFO - *16883  1954              49       8.6616069    8.61326  0.56%  83.2   21s

2026-06-21 18:16:41 - INFO - 
Cutting planes:
2026-06-21 18:16:41 - INFO - Cutting planes:
  Learned: 112
2026-06-21 18:16:41 - INFO -   Learned: 112
  Gomory: 136
2026-06-21 18:16:41 - INFO -   Gomory: 136
  Lift-and-project: 284
2026-06-21 18:16:41 - INFO -   Lift-and-project: 284
  Cover: 47
2026-06-21 18:16:41 - INFO -   Cover: 47
  Implied bound: 9
2026-06-21 18:16:41 - INFO -   Implied bound: 9
  MIR: 304
2026-06-21 18:16:41 - INFO -   MIR: 304
  Mixing: 16
2026-06-21 18:16:41 - INFO -   Mixing: 16
  StrongCG: 4
2026-06-21 18:16:41 - INFO -   StrongCG: 4
  Flow cover: 1470
2026-06-21 18:16:41 - INFO -   Flow cover: 1470
  Inf proof: 113
2026-06-21 18:16:41 - INFO -   Inf proof: 113
  Zero half: 14
2026-06-21 18:16:41 - INFO -   Zero half: 14
  RLT: 26
2026-06-21 18:16:41 - INFO -   RLT: 26
  Relax-and-lift: 78
2026-06-21 18:16:41 - INFO -   Relax-and-lift: 78
  PSD: 1
2026-06-21 18:16:41 - INFO -   PSD: 1

2026-06-21 18:16:41 - INFO - 
Explored 17980 nodes (1425641 simplex iterations) in 22.03 seconds (35.77 work units)
2026-06-21 18:16:41 - INFO - Explored 17980 nodes (1425641 simplex iterations) in 22.03 seconds (35.77 work units)
Thread count was 28 (of 28 available processors)
2026-06-21 18:16:41 - INFO - Thread count was 28 (of 28 available processors)

2026-06-21 18:16:41 - INFO - 
Solution count 10: 8.66161 8.75163 8.75695 ... 9.46819
2026-06-21 18:16:41 - INFO - Solution count 10: 8.66161 8.75163 8.75695 ... 9.46819

2026-06-21 18:16:41 - INFO - 
Optimal solution found (tolerance 0.00e+00)
2026-06-21 18:16:41 - INFO - Optimal solution found (tolerance 0.00e+00)
Best objective 8.661606886041e+00, best bound 8.661606886041e+00, gap 0.0000%
2026-06-21 18:16:41 - INFO - Best objective 8.661606886041e+00, best bound 8.661606886041e+00, gap 0.0000%
[EMIB] Solve done: MIPGap=0.0, status=Optimal, Obj=8.661607, time=22.04s, SolCount=10


================================================================================
ILP MODEL ANALYSIS REPORT - Chiplet Placement ILP (Gap=0.0)
Generated: 2026-06-21 18:16:41
================================================================================

[MODEL STRUCTURE]
  Constraints (rows):                    943
  Variables (columns):                   442
  Non-zero elements:                    3161
  Objective coefficients:                  4

[VARIABLE TYPES]
  Continuous:                            193
  Integer:                                 0
  Binary:                                249

[CONSTRAINT TYPES]
  <= constraints:                              502
  == constraints:                              141
  >= constraints:                              300

[COEFFICIENT STATISTICS]
  Matrix range:              [2.93e-01, 2.70e+03]
  Objective range:           [1.48e-05, 1.28e-01]
  Bounds range:              [-2.04e+02, 1.00e+07]

[SOLVE STATISTICS]
  Status:                    Optimal
  Objective value:                  8.661607
  Best bound:                       8.661607
  MIP gap:                           0.0000%
  Solve time (s):                      22.04
  Solutions found:                        10
  Nodes explored:                    17980.0
  Simplex iterations:              1425641.0

[MEMORY USAGE]
  Initial memory:                     97.24 MB
  Peak memory:                       472.52 MB
  Final memory:                      472.52 MB
  Peak increase:                     375.28 MB
  Final increase:                    375.28 MB

================================================================================

================================================================================
[OBJECTIVE FUNCTION BREAKDOWN - SOLUTION VALUES]
================================================================================

[Actual Variable Values]
  wirelength: 3.520230e+04
  bbox_area_proxy_t: 4.614400e+01
  aspect_ratio_penalty: 2.184000e+01
  power_aware_penalty: 1.334151e+05

[Normalized Values]
  norm_wirelength = 3.520230e+04 / 3.744353e+04 = 9.401439e-01
  norm_t = 4.614400e+01 / 4.680441e+01 = 9.858900e-01
  norm_aspect = 2.184000e+01 / 1.048600e+02 = 2.082777e-01
  norm_power = 1.334151e+05 / 8.780507e+04 = 1.519446e+00

[Weighted Contributions]
  1. Wirelength: 5.000000e+00 * 9.401439e-01 = 4.700719e+00
  2. Area: 6.000000e+00 * 9.858900e-01 = 5.915340e+00
  3. Aspect Ratio: 1.000000e-01 * 2.082777e-01 = 2.082777e-02
  4. Power Awareness: -1.300000e+00 * 1.519446e+00 = -1.975280e+00

[Total Objective Value]
  4.700719e+00 + 5.915340e+00 + 2.082777e-02 - 1.975280e+00
  = 8.661607e+00
================================================================================

[EMIB] Solve succeeded (Optimal)
[EMIB] placement JSON saved: /root/placement/MPDAP/output_gurobi_EMIB_chiplet_5_6_01_13/placement/hp8_m.json
[EMIB] Layout figure saved: /root/placement/MPDAP/output_gurobi_EMIB_chiplet_5_6_01_13/fig/hp8_m_core/solution_1_layout_gurobi.png
2026-06-21 18:16:42 - INFO - 
EMIB returned 1 solution(s) (max 1).
  ✓ EMIB: 1 solution(s)

================================================================================
Batch test done (Gurobi)
  Total time: 23.27 s
================================================================================
File summary:
  Success: 1/1
  Failed: 0/1
Solution count:
  Found: 1/1

Details:
  ✓ hp8_m.json -> hp8_m_core: 1 solution(s)
    Log dir: /root/placement/MPDAP/output_gurobi_EMIB_chiplet_5_6_01_13/log/hp8_m_core
    LP dir: /root/placement/MPDAP/output_gurobi_EMIB_chiplet_5_6_01_13/lp/hp8_m_core
    Fig dir: /root/placement/MPDAP/output_gurobi_EMIB_chiplet_5_6_01_13/fig/hp8_m_core
    Placement: /root/placement/MPDAP/output_gurobi_EMIB_chiplet_5_6_01_13/placement/hp8_m.json
================================================================================

