
================================================================================
Batch test start (Gurobi)
================================================================================
Test input dir: /root/placement/MPDAP/benchmark/test_input
Output base dir: /root/placement/MPDAP/output_gurobi_EMIB_chiplet_5_6_01_14
Found 1 test file(s)
Files to process: hp6_m.json
================================================================================


[1/1] Processing: hp6_m.json
  Core name: hp6_m_core
  Log dir: /root/placement/MPDAP/output_gurobi_EMIB_chiplet_5_6_01_14/log/hp6_m_core
  LP dir: /root/placement/MPDAP/output_gurobi_EMIB_chiplet_5_6_01_14/lp/hp6_m_core
  Fig dir: /root/placement/MPDAP/output_gurobi_EMIB_chiplet_5_6_01_14/fig/hp6_m_core
  Placement file: /root/placement/MPDAP/output_gurobi_EMIB_chiplet_5_6_01_14/placement/hp6_m.json
2026-06-21 17:57:44 - INFO - Calling EMIB solver (Gurobi)...
node 0 w: 4.62, h: 10.36
node 1 w: 7.0, h: 3.78
node 2 w: 2.1, h: 9.8
node 3 w: 2.1, h: 9.8
node 4 w: 2.1, h: 9.8
node 5 w: 5.46, h: 33.04
  (A,C): node1=A, node2=C, wireCount=512, EMIBType=interfaceB, EMIB_length=1.7067, EMIB_max_width=3.0, width=2.0, height=1.7067, bump_width=1.0000
  (A,F): node1=A, node2=F, wireCount=256, EMIBType=interfaceB, EMIB_length=0.8533, EMIB_max_width=3.0, width=2.0, height=0.8533, bump_width=1.0000
  (B,E): node1=B, node2=E, wireCount=128, EMIBType=interfaceC, EMIB_length=3.2, EMIB_max_width=99.0, width=1.0, height=3.2, bump_width=0.5000
  (B,F): node1=B, node2=F, wireCount=128, EMIBType=interfaceC, EMIB_length=3.2, EMIB_max_width=99.0, width=1.0, height=3.2, bump_width=0.5000
  (C,D): node1=C, node2=D, wireCount=256, EMIBType=interfaceB, EMIB_length=0.8533, EMIB_max_width=3.0, width=2.0, height=0.8533, bump_width=1.0000
  (0,2): [A, C, 512, interfaceB, 1.7067, 3.0]
  (0,5): [A, F, 256, interfaceB, 0.8533, 3.0]
  (1,4): [B, E, 128, interfaceC, 3.2, 99.0]
  (1,5): [B, F, 128, interfaceC, 3.2, 99.0]
  (2,3): [C, D, 256, interfaceB, 0.8533, 3.0]
Set parameter WLSAccessID
2026-06-21 17:57:44 - INFO - Set parameter WLSAccessID
Set parameter WLSSecret
2026-06-21 17:57:44 - INFO - Set parameter WLSSecret
Set parameter LicenseID to value 2756663
2026-06-21 17:57:44 - INFO - Set parameter LicenseID to value 2756663
Academic license 2756663 - for non-commercial use only - registered to hu___@sjtu.edu.cn
2026-06-21 17:57:44 - INFO - Academic license 2756663 - for non-commercial use only - registered to hu___@sjtu.edu.cn
EMIB_w_var: {(0, 2): <gurobi.Var *Awaiting Model Update*>, (0, 5): <gurobi.Var *Awaiting Model Update*>, (2, 3): <gurobi.Var *Awaiting Model Update*>}
EMIB_h_var: {(0, 2): <gurobi.Var *Awaiting Model Update*>, (0, 5): <gurobi.Var *Awaiting Model Update*>, (2, 3): <gurobi.Var *Awaiting Model Update*>}
EMIB_connected_pairs: {(0, 2): EMIBNode(node1='A', node2='C', wireCount=512, EMIBType='interfaceB', EMIB_length=1.7067, EMIB_bump_width=1.0, EMIB_max_width=3.0, width=2.0, height=1.7067), (0, 5): EMIBNode(node1='A', node2='F', wireCount=256, EMIBType='interfaceB', EMIB_length=0.8533, EMIB_bump_width=1.0, EMIB_max_width=3.0, width=2.0, height=0.8533), (2, 3): EMIBNode(node1='C', node2='D', wireCount=256, EMIBType='interfaceB', EMIB_length=0.8533, EMIB_bump_width=1.0, EMIB_max_width=3.0, width=2.0, height=0.8533)}
[POWER_AWARE] Mutual Distancing: ENABLED
[POWER_AWARE] Central Avoidance: ENABLED
[POWER_AWARE] Power Aware Optimization: ENABLED
[POWER_AWARE] Selected high-power chiplets: 1 (density threshold: 2.526724975704567)
[POWER_AWARE] High-power chiplet indices: [2]
[POWER_AWARE] Mutual Distancing: NOT ADDED - Insufficient high-power chiplet pairs (found 1, need at least 2)
[POWER_AWARE] Central Avoidance: Creating away-from-center constraints for 1 high-power chiplets
[DEBUG] chiplet 2 in top 30% power density, add away-from-center constraint
[POWER_AWARE] Central Avoidance: Added away-from-center constraints for 1 high-power chiplets
[DEBUG] L_avg: 17.78936761101979
[DEBUG] total_area: 316.4616
[POWER_AWARE] Normalization factor calculation:
[POWER_AWARE]   - High-power chiplets: 1
[POWER_AWARE]   - Mutual Distancing enabled: True
[POWER_AWARE]   - Central Avoidance enabled: True
[POWER_AWARE]   - pair_sum (MD): 0.000000e+00
[POWER_AWARE]   - self_sum (CA): 2.704000e+03
[POWER_AWARE]   - total_sum (pair + self): 2.704000e+03
[POWER_AWARE]   - ref_power: 2.405123e+04
[DEBUG] ref_wirelength: 11385.195271052668
[DEBUG] ref_t: 35.57873522203958
[DEBUG] ref_power: 24051.22501009876
[DEBUG] ref_aspect: 59.640000000000015

================================================================================
[OBJECTIVE FUNCTION DETAILS]
================================================================================

[Normalization Reference Values]
  ref_wirelength: 1.138520e+04
  ref_t (area proxy): 3.557874e+01
  ref_power: 2.405123e+04
  ref_aspect: 5.964000e+01

[Beta Weights]
  beta_wire: 5.000000e+00
  beta_area: 6.000000e+00
  beta_aspect: 1.000000e-01
  beta_power: 1.400000e+00

[Objective Function Components]
  1. Wirelength term:
     norm_wirelength = wirelength / ref_wirelength
     contribution = beta_wire * norm_wirelength = 5.0 * norm_wirelength
  2. Area term:
     norm_t = t / ref_t
     contribution = beta_area * norm_t = 6.0 * norm_t
  3. Aspect Ratio term:
     norm_aspect = aspect_ratio_penalty / ref_aspect
     contribution = beta_aspect * norm_aspect = 0.1 * norm_aspect
  4. Power Awareness term:
     norm_power = power_aware_penalty / ref_power
     contribution = - beta_power * norm_power = - 1.4 * norm_power

[Objective Function Formula]
  minimize: 5.0 * wirelength/ref_wirelength
          + 6.0 * t/ref_t
          + 0.1 * aspect_ratio_penalty/ref_aspect
          - 1.4 * power_aware_penalty/ref_power
================================================================================


[EMIB] ILP Model construction completed. Analyzing model structure...
================================================================================
ILP MODEL ANALYSIS REPORT - Chiplet Placement ILP (Construction Complete)
Generated: 2026-06-21 17:57:44
================================================================================

[MODEL STRUCTURE]
  Constraints (rows):                      0
  Variables (columns):                     0
  Non-zero elements:                       0
  Objective coefficients:                  0

[VARIABLE TYPES]
  Continuous:                              0
  Integer:                                 0
  Binary:                                  0

[CONSTRAINT TYPES]

[COEFFICIENT STATISTICS]

[SOLVE STATISTICS]
  Status:                    Unknown(1)
  Solve time (s):                       0.00
  Solutions found:                         0
  Nodes explored:            (not available)
  Simplex iterations:        (not available)

[MEMORY USAGE]
  Initial memory:                     96.09 MB
  Peak memory:                         0.00 MB
  Final memory:                        0.00 MB
  Peak increase:                     -96.09 MB
  Final increase:                    -96.09 MB

================================================================================
Set parameter TimeLimit to value 300
2026-06-21 17:57:44 - INFO - Set parameter TimeLimit to value 300
Set parameter MIPGap to value 0
2026-06-21 17:57:44 - INFO - Set parameter MIPGap to value 0
Set parameter MIPFocus to value 3
2026-06-21 17:57:44 - INFO - Set parameter MIPFocus to value 3
Set parameter Heuristics to value 0.5
2026-06-21 17:57:44 - INFO - Set parameter Heuristics to value 0.5
Set parameter LogToConsole to value 1
2026-06-21 17:57:44 - INFO - Set parameter LogToConsole to value 1
Gurobi Optimizer version 13.0.1 build v13.0.1rc0 (linux64 - "Ubuntu 20.04.6 LTS")
2026-06-21 17:57:44 - INFO - Gurobi Optimizer version 13.0.1 build v13.0.1rc0 (linux64 - "Ubuntu 20.04.6 LTS")

2026-06-21 17:57:44 - INFO - 
CPU model: AMD Ryzen 9 9950X3D 16-Core Processor, instruction set [SSE2|AVX|AVX2|AVX512]
2026-06-21 17:57:44 - INFO - CPU model: AMD Ryzen 9 9950X3D 16-Core Processor, instruction set [SSE2|AVX|AVX2|AVX512]
Thread count: 14 physical cores, 28 logical processors, using up to 28 threads
2026-06-21 17:57:44 - INFO - Thread count: 14 physical cores, 28 logical processors, using up to 28 threads

2026-06-21 17:57:44 - INFO - 
Non-default parameters:
2026-06-21 17:57:44 - INFO - Non-default parameters:
TimeLimit  300
2026-06-21 17:57:44 - INFO - TimeLimit  300
MIPGap  0
2026-06-21 17:57:44 - INFO - MIPGap  0
Heuristics  0.5
2026-06-21 17:57:44 - INFO - Heuristics  0.5
MIPFocus  3
2026-06-21 17:57:44 - INFO - MIPFocus  3

2026-06-21 17:57:44 - INFO - 
Academic license 2756663 - for non-commercial use only - registered to hu___@sjtu.edu.cn
2026-06-21 17:57:44 - INFO - Academic license 2756663 - for non-commercial use only - registered to hu___@sjtu.edu.cn
Optimize a model with 439 rows, 216 columns and 1453 nonzeros (Min)
2026-06-21 17:57:44 - INFO - Optimize a model with 439 rows, 216 columns and 1453 nonzeros (Min)
Model fingerprint: 0xc6876ff8
2026-06-21 17:57:44 - INFO - Model fingerprint: 0xc6876ff8
Model has 4 linear objective coefficients
2026-06-21 17:57:44 - INFO - Model has 4 linear objective coefficients
Variable types: 103 continuous, 113 integer (113 binary)
2026-06-21 17:57:44 - INFO - Variable types: 103 continuous, 113 integer (113 binary)
Coefficient statistics:
2026-06-21 17:57:44 - INFO - Coefficient statistics:
  Matrix range     [3e-01, 3e+03]
2026-06-21 17:57:44 - INFO -   Matrix range     [3e-01, 3e+03]
  Objective range  [6e-05, 2e-01]
2026-06-21 17:57:44 - INFO -   Objective range  [6e-05, 2e-01]
  Bounds range     [9e-01, 3e+06]
2026-06-21 17:57:44 - INFO -   Bounds range     [9e-01, 3e+06]
  RHS range        [9e-01, 2e+02]
2026-06-21 17:57:44 - INFO -   RHS range        [9e-01, 2e+02]

2026-06-21 17:57:44 - INFO - 
Presolve removed 58 rows and 48 columns
2026-06-21 17:57:44 - INFO - Presolve removed 58 rows and 48 columns
Presolve time: 0.00s
2026-06-21 17:57:44 - INFO - Presolve time: 0.00s
Presolved: 381 rows, 168 columns, 1332 nonzeros
2026-06-21 17:57:44 - INFO - Presolved: 381 rows, 168 columns, 1332 nonzeros
Variable types: 61 continuous, 107 integer (107 binary)
2026-06-21 17:57:44 - INFO - Variable types: 61 continuous, 107 integer (107 binary)
Root relaxation presolve removed 64 rows and 18 columns
2026-06-21 17:57:44 - INFO - Root relaxation presolve removed 64 rows and 18 columns
Root relaxation presolved: 317 rows, 150 columns, 1170 nonzeros
2026-06-21 17:57:44 - INFO - Root relaxation presolved: 317 rows, 150 columns, 1170 nonzeros

2026-06-21 17:57:44 - INFO - 

2026-06-21 17:57:44 - INFO - 
Root relaxation: objective -1.816995e+01, 89 iterations, 0.00 seconds (0.00 work units)
2026-06-21 17:57:44 - INFO - Root relaxation: objective -1.816995e+01, 89 iterations, 0.00 seconds (0.00 work units)

2026-06-21 17:57:44 - INFO - 
    Nodes    |    Current Node    |     Objective Bounds      |     Work
2026-06-21 17:57:44 - INFO -     Nodes    |    Current Node    |     Objective Bounds      |     Work
 Expl Unexpl |  Obj  Depth IntInf | Incumbent    BestBd   Gap | It/Node Time
2026-06-21 17:57:44 - INFO -  Expl Unexpl |  Obj  Depth IntInf | Incumbent    BestBd   Gap | It/Node Time

2026-06-21 17:57:44 - INFO - 
     0     0  -18.16995    0   43          -  -18.16995      -     -    0s
2026-06-21 17:57:44 - INFO -      0     0  -18.16995    0   43          -  -18.16995      -     -    0s
H    0     0                       9.7552584  -12.46115   228%     -    0s
2026-06-21 17:57:44 - INFO - H    0     0                       9.7552584  -12.46115   228%     -    0s
     0     0   -1.24284    0   36    9.75526   -1.24284   113%     -    0s
2026-06-21 17:57:44 - INFO -      0     0   -1.24284    0   36    9.75526   -1.24284   113%     -    0s
     0     0   -1.24284    0   29    9.75526   -1.24284   113%     -    0s
2026-06-21 17:57:44 - INFO -      0     0   -1.24284    0   29    9.75526   -1.24284   113%     -    0s
     0     0   -0.66460    0   40    9.75526   -0.66460   107%     -    0s
2026-06-21 17:57:44 - INFO -      0     0   -0.66460    0   40    9.75526   -0.66460   107%     -    0s
     0     0   -0.60258    0   37    9.75526   -0.60258   106%     -    0s
2026-06-21 17:57:44 - INFO -      0     0   -0.60258    0   37    9.75526   -0.60258   106%     -    0s
     0     0   -0.60258    0   37    9.75526   -0.60258   106%     -    0s
2026-06-21 17:57:44 - INFO -      0     0   -0.60258    0   37    9.75526   -0.60258   106%     -    0s
H    0     0                       9.0665936    0.81302  91.0%     -    0s
2026-06-21 17:57:44 - INFO - H    0     0                       9.0665936    0.81302  91.0%     -    0s
     0     0    0.81302    0   47    9.06659    0.81302  91.0%     -    0s
2026-06-21 17:57:44 - INFO -      0     0    0.81302    0   47    9.06659    0.81302  91.0%     -    0s
     0     0    0.81302    0   44    9.06659    0.81302  91.0%     -    0s
2026-06-21 17:57:44 - INFO -      0     0    0.81302    0   44    9.06659    0.81302  91.0%     -    0s
     0     0    0.81302    0   32    9.06659    0.81302  91.0%     -    0s
2026-06-21 17:57:44 - INFO -      0     0    0.81302    0   32    9.06659    0.81302  91.0%     -    0s
     0     0    4.71150    0   35    9.06659    4.71150  48.0%     -    0s
2026-06-21 17:57:44 - INFO -      0     0    4.71150    0   35    9.06659    4.71150  48.0%     -    0s
     0     0    4.71150    0   52    9.06659    4.71150  48.0%     -    0s
2026-06-21 17:57:44 - INFO -      0     0    4.71150    0   52    9.06659    4.71150  48.0%     -    0s
     0     0    5.13175    0   46    9.06659    5.13175  43.4%     -    0s
2026-06-21 17:57:44 - INFO -      0     0    5.13175    0   46    9.06659    5.13175  43.4%     -    0s
     0     0    5.13175    0   46    9.06659    5.13175  43.4%     -    0s
2026-06-21 17:57:44 - INFO -      0     0    5.13175    0   46    9.06659    5.13175  43.4%     -    0s
     0     0    5.13175    0   32    9.06659    5.13175  43.4%     -    0s
2026-06-21 17:57:44 - INFO -      0     0    5.13175    0   32    9.06659    5.13175  43.4%     -    0s
     0     0    5.37065    0   38    9.06659    5.37065  40.8%     -    0s
2026-06-21 17:57:44 - INFO -      0     0    5.37065    0   38    9.06659    5.37065  40.8%     -    0s
     0     0    5.37065    0   42    9.06659    5.37065  40.8%     -    0s
2026-06-21 17:57:44 - INFO -      0     0    5.37065    0   42    9.06659    5.37065  40.8%     -    0s
H    0     0                       8.8518771    5.37065  39.3%     -    0s
2026-06-21 17:57:44 - INFO - H    0     0                       8.8518771    5.37065  39.3%     -    0s
H    0     0                       8.7940328    5.48287  37.7%     -    0s
2026-06-21 17:57:44 - INFO - H    0     0                       8.7940328    5.48287  37.7%     -    0s
     0     0    5.54473    0   50    8.79403    5.54473  36.9%     -    0s
2026-06-21 17:57:44 - INFO -      0     0    5.54473    0   50    8.79403    5.54473  36.9%     -    0s
     0     0    5.54473    0   48    8.79403    5.54473  36.9%     -    0s
2026-06-21 17:57:44 - INFO -      0     0    5.54473    0   48    8.79403    5.54473  36.9%     -    0s
     0     0    5.54473    0   34    8.79403    5.54473  36.9%     -    0s
2026-06-21 17:57:44 - INFO -      0     0    5.54473    0   34    8.79403    5.54473  36.9%     -    0s
H    0     0                       8.5722904    5.54473  35.3%     -    0s
2026-06-21 17:57:44 - INFO - H    0     0                       8.5722904    5.54473  35.3%     -    0s
H    0     0                       7.5178410    5.54473  26.2%     -    0s
2026-06-21 17:57:44 - INFO - H    0     0                       7.5178410    5.54473  26.2%     -    0s
     0     0    5.67487    0   34    7.51784    5.67487  24.5%     -    0s
2026-06-21 17:57:44 - INFO -      0     0    5.67487    0   34    7.51784    5.67487  24.5%     -    0s
     0     0    5.67487    0   34    7.51784    5.67487  24.5%     -    0s
2026-06-21 17:57:44 - INFO -      0     0    5.67487    0   34    7.51784    5.67487  24.5%     -    0s
     0     0    5.67487    0   34    7.51784    5.67487  24.5%     -    0s
2026-06-21 17:57:44 - INFO -      0     0    5.67487    0   34    7.51784    5.67487  24.5%     -    0s
     0     2    5.67487    0   32    7.51784    5.67487  24.5%     -    0s
2026-06-21 17:57:44 - INFO -      0     2    5.67487    0   32    7.51784    5.67487  24.5%     -    0s
H   81    94                       7.2607174    5.86835  19.2%  69.5    0s
2026-06-21 17:57:45 - INFO - H   81    94                       7.2607174    5.86835  19.2%  69.5    0s

2026-06-21 17:57:45 - INFO - 
Cutting planes:
2026-06-21 17:57:45 - INFO - Cutting planes:
  Learned: 15
2026-06-21 17:57:45 - INFO -   Learned: 15
  Gomory: 80
2026-06-21 17:57:45 - INFO -   Gomory: 80
  Lift-and-project: 33
2026-06-21 17:57:45 - INFO -   Lift-and-project: 33
  Cover: 1
2026-06-21 17:57:45 - INFO -   Cover: 1
  Implied bound: 20
2026-06-21 17:57:45 - INFO -   Implied bound: 20
  Clique: 9
2026-06-21 17:57:45 - INFO -   Clique: 9
  MIR: 210
2026-06-21 17:57:45 - INFO -   MIR: 210
  Mixing: 21
2026-06-21 17:57:45 - INFO -   Mixing: 21
  Flow cover: 815
2026-06-21 17:57:45 - INFO -   Flow cover: 815
  Inf proof: 2
2026-06-21 17:57:45 - INFO -   Inf proof: 2
  RLT: 27
2026-06-21 17:57:45 - INFO -   RLT: 27
  Relax-and-lift: 40
2026-06-21 17:57:45 - INFO -   Relax-and-lift: 40
  PSD: 3
2026-06-21 17:57:45 - INFO -   PSD: 3

2026-06-21 17:57:45 - INFO - 
Explored 1630 nodes (45982 simplex iterations) in 1.19 seconds (1.98 work units)
2026-06-21 17:57:45 - INFO - Explored 1630 nodes (45982 simplex iterations) in 1.19 seconds (1.98 work units)
Thread count was 28 (of 28 available processors)
2026-06-21 17:57:45 - INFO - Thread count was 28 (of 28 available processors)

2026-06-21 17:57:45 - INFO - 
Solution count 7: 7.26072 7.51784 8.57229 ... 9.75526
2026-06-21 17:57:45 - INFO - Solution count 7: 7.26072 7.51784 8.57229 ... 9.75526

2026-06-21 17:57:45 - INFO - 
Optimal solution found (tolerance 0.00e+00)
2026-06-21 17:57:45 - INFO - Optimal solution found (tolerance 0.00e+00)
Best objective 7.260717439851e+00, best bound 7.260717439851e+00, gap 0.0000%
2026-06-21 17:57:45 - INFO - Best objective 7.260717439851e+00, best bound 7.260717439851e+00, gap 0.0000%
[EMIB] Solve done: MIPGap=0.0, status=Optimal, Obj=7.260717, time=1.20s, SolCount=7


================================================================================
ILP MODEL ANALYSIS REPORT - Chiplet Placement ILP (Gap=0.0)
Generated: 2026-06-21 17:57:45
================================================================================

[MODEL STRUCTURE]
  Constraints (rows):                    439
  Variables (columns):                   216
  Non-zero elements:                    1453
  Objective coefficients:                  4

[VARIABLE TYPES]
  Continuous:                            103
  Integer:                                 0
  Binary:                                113

[CONSTRAINT TYPES]
  <= constraints:                              232
  == constraints:                               73
  >= constraints:                              134

[COEFFICIENT STATISTICS]
  Matrix range:              [2.93e-01, 2.70e+03]
  Objective range:           [5.82e-05, 1.69e-01]
  Bounds range:              [-1.56e+02, 3.19e+06]

[SOLVE STATISTICS]
  Status:                    Optimal
  Objective value:                  7.260717
  Best bound:                       7.260717
  MIP gap:                           0.0000%
  Solve time (s):                       1.20
  Solutions found:                         7
  Nodes explored:                     1630.0
  Simplex iterations:                45982.0

[MEMORY USAGE]
  Initial memory:                     96.72 MB
  Peak memory:                       196.55 MB
  Final memory:                      196.55 MB
  Peak increase:                      99.83 MB
  Final increase:                     99.83 MB

================================================================================

================================================================================
[OBJECTIVE FUNCTION BREAKDOWN - SOLUTION VALUES]
================================================================================

[Actual Variable Values]
  wirelength: 7.418880e+03
  bbox_area_proxy_t: 3.785600e+01
  aspect_ratio_penalty: 1.876000e+01
  power_aware_penalty: 4.145232e+04

[Normalized Values]
  norm_wirelength = 7.418880e+03 / 1.138520e+04 = 6.516252e-01
  norm_t = 3.785600e+01 / 3.557874e+01 = 1.064006e+00
  norm_aspect = 1.876000e+01 / 5.964000e+01 = 3.145540e-01
  norm_power = 4.145232e+04 / 2.405123e+04 = 1.723501e+00

[Weighted Contributions]
  1. Wirelength: 5.000000e+00 * 6.516252e-01 = 3.258126e+00
  2. Area: 6.000000e+00 * 1.064006e+00 = 6.384038e+00
  3. Aspect Ratio: 1.000000e-01 * 3.145540e-01 = 3.145540e-02
  4. Power Awareness: -1.400000e+00 * 1.723501e+00 = -2.412902e+00

[Total Objective Value]
  3.258126e+00 + 6.384038e+00 + 3.145540e-02 - 2.412902e+00
  = 7.260717e+00
================================================================================

[EMIB] Solve succeeded (Optimal)
[EMIB] placement JSON saved: /root/placement/MPDAP/output_gurobi_EMIB_chiplet_5_6_01_14/placement/hp6_m.json
[EMIB] Layout figure saved: /root/placement/MPDAP/output_gurobi_EMIB_chiplet_5_6_01_14/fig/hp6_m_core/solution_1_layout_gurobi.png
2026-06-21 17:57:46 - INFO - 
EMIB returned 1 solution(s) (max 1).
  ✓ EMIB: 1 solution(s)

================================================================================
Batch test done (Gurobi)
  Total time: 1.69 s
================================================================================
File summary:
  Success: 1/1
  Failed: 0/1
Solution count:
  Found: 1/1

Details:
  ✓ hp6_m.json -> hp6_m_core: 1 solution(s)
    Log dir: /root/placement/MPDAP/output_gurobi_EMIB_chiplet_5_6_01_14/log/hp6_m_core
    LP dir: /root/placement/MPDAP/output_gurobi_EMIB_chiplet_5_6_01_14/lp/hp6_m_core
    Fig dir: /root/placement/MPDAP/output_gurobi_EMIB_chiplet_5_6_01_14/fig/hp6_m_core
    Placement: /root/placement/MPDAP/output_gurobi_EMIB_chiplet_5_6_01_14/placement/hp6_m.json
================================================================================

