
================================================================================
Batch test start (Gurobi)
================================================================================
Test input dir: /root/placement/MPDAP/benchmark/test_input
Output base dir: /root/placement/MPDAP/output_gurobi_EMIB_chiplet_5_6_01_06
Found 1 test file(s)
Files to process: multigpu.json
================================================================================


[1/1] Processing: multigpu.json
  Core name: multigpu_core
  Log dir: /root/placement/MPDAP/output_gurobi_EMIB_chiplet_5_6_01_06/log/multigpu_core
  LP dir: /root/placement/MPDAP/output_gurobi_EMIB_chiplet_5_6_01_06/lp/multigpu_core
  Fig dir: /root/placement/MPDAP/output_gurobi_EMIB_chiplet_5_6_01_06/fig/multigpu_core
  Placement file: /root/placement/MPDAP/output_gurobi_EMIB_chiplet_5_6_01_06/placement/multigpu.json
2026-06-21 20:23:27 - INFO - Calling EMIB solver (Gurobi)...
node 0 w: 12.0, h: 12.0
node 1 w: 18.2, h: 18.2
node 2 w: 18.2, h: 18.2
node 3 w: 7.75, h: 11.87
node 4 w: 7.75, h: 11.87
node 5 w: 7.75, h: 11.87
  (A,B): node1=A, node2=B, wireCount=128, EMIBType=interfaceC, EMIB_length=3.2, EMIB_max_width=99.0, width=1.0, height=3.2, bump_width=0.5000
  (A,C): node1=A, node2=C, wireCount=128, EMIBType=interfaceC, EMIB_length=3.2, EMIB_max_width=99.0, width=1.0, height=3.2, bump_width=0.5000
  (A,D): node1=A, node2=D, wireCount=1024, EMIBType=interfaceB, EMIB_length=3.4133, EMIB_max_width=3.0, width=2.0, height=3.4133, bump_width=1.0000
  (B,C): node1=B, node2=C, wireCount=128, EMIBType=interfaceC, EMIB_length=3.2, EMIB_max_width=99.0, width=1.0, height=3.2, bump_width=0.5000
  (B,E): node1=B, node2=E, wireCount=1024, EMIBType=interfaceB, EMIB_length=3.4133, EMIB_max_width=3.0, width=2.0, height=3.4133, bump_width=1.0000
  (C,F): node1=C, node2=F, wireCount=1024, EMIBType=interfaceB, EMIB_length=3.4133, EMIB_max_width=3.0, width=2.0, height=3.4133, bump_width=1.0000
  (0,1): [A, B, 128, interfaceC, 3.2, 99.0]
  (0,2): [A, C, 128, interfaceC, 3.2, 99.0]
  (0,3): [A, D, 1024, interfaceB, 3.4133, 3.0]
  (1,2): [B, C, 128, interfaceC, 3.2, 99.0]
  (1,4): [B, E, 1024, interfaceB, 3.4133, 3.0]
  (2,5): [C, F, 1024, interfaceB, 3.4133, 3.0]
Set parameter WLSAccessID
2026-06-21 20:23:27 - INFO - Set parameter WLSAccessID
Set parameter WLSSecret
2026-06-21 20:23:27 - INFO - Set parameter WLSSecret
Set parameter LicenseID to value 2756663
2026-06-21 20:23:27 - INFO - Set parameter LicenseID to value 2756663
Academic license 2756663 - for non-commercial use only - registered to hu___@sjtu.edu.cn
2026-06-21 20:23:27 - INFO - Academic license 2756663 - for non-commercial use only - registered to hu___@sjtu.edu.cn
EMIB_w_var: {(0, 3): <gurobi.Var *Awaiting Model Update*>, (1, 4): <gurobi.Var *Awaiting Model Update*>, (2, 5): <gurobi.Var *Awaiting Model Update*>}
EMIB_h_var: {(0, 3): <gurobi.Var *Awaiting Model Update*>, (1, 4): <gurobi.Var *Awaiting Model Update*>, (2, 5): <gurobi.Var *Awaiting Model Update*>}
EMIB_connected_pairs: {(0, 3): EMIBNode(node1='A', node2='D', wireCount=1024, EMIBType='interfaceB', EMIB_length=3.4133, EMIB_bump_width=1.0, EMIB_max_width=3.0, width=2.0, height=3.4133), (1, 4): EMIBNode(node1='B', node2='E', wireCount=1024, EMIBType='interfaceB', EMIB_length=3.4133, EMIB_bump_width=1.0, EMIB_max_width=3.0, width=2.0, height=3.4133), (2, 5): EMIBNode(node1='C', node2='F', wireCount=1024, EMIBType='interfaceB', EMIB_length=3.4133, EMIB_bump_width=1.0, EMIB_max_width=3.0, width=2.0, height=3.4133)}
[POWER_AWARE] Mutual Distancing: ENABLED
[POWER_AWARE] Central Avoidance: ENABLED
[POWER_AWARE] Power Aware Optimization: ENABLED
[POWER_AWARE] Selected high-power chiplets: 2 (density threshold: 0.8905929235599567)
[POWER_AWARE] High-power chiplet indices: [1, 2]
[POWER_AWARE] Mutual Distancing: Creating constraints for 2 high-power chiplets
[POWER_AWARE] Mutual Distancing: Added distance constraints for all high-power pairs
[POWER_AWARE] Central Avoidance: Creating away-from-center constraints for 2 high-power chiplets
[DEBUG] chiplet 1 in top 30% power density, add away-from-center constraint
[DEBUG] chiplet 2 in top 30% power density, add away-from-center constraint
[POWER_AWARE] Central Avoidance: Added away-from-center constraints for 2 high-power chiplets
[DEBUG] L_avg: 32.90072187657894
[DEBUG] total_area: 1082.4575
[POWER_AWARE] Normalization factor calculation:
[POWER_AWARE]   - High-power chiplets: 2
[POWER_AWARE]   - Mutual Distancing enabled: True
[POWER_AWARE]   - Central Avoidance enabled: True
[POWER_AWARE]   - pair_sum (MD): 8.702500e+04
[POWER_AWARE]   - self_sum (CA): 1.740500e+05
[POWER_AWARE]   - total_sum (pair + self): 2.610750e+05
[POWER_AWARE]   - ref_power: 4.294778e+06
[DEBUG] ref_wirelength: 56852.44740272841
[DEBUG] ref_t: 65.80144375315788
[DEBUG] ref_power: 4294777.981963923
[DEBUG] ref_aspect: 12.36

================================================================================
[OBJECTIVE FUNCTION DETAILS]
================================================================================

[Normalization Reference Values]
  ref_wirelength: 5.685245e+04
  ref_t (area proxy): 6.580144e+01
  ref_power: 4.294778e+06
  ref_aspect: 1.236000e+01

[Beta Weights]
  beta_wire: 5.000000e+00
  beta_area: 6.000000e+00
  beta_aspect: 1.000000e-01
  beta_power: 6.000000e-01

[Objective Function Components]
  1. Wirelength term:
     norm_wirelength = wirelength / ref_wirelength
     contribution = beta_wire * norm_wirelength = 5.0 * norm_wirelength
  2. Area term:
     norm_t = t / ref_t
     contribution = beta_area * norm_t = 6.0 * norm_t
  3. Aspect Ratio term:
     norm_aspect = aspect_ratio_penalty / ref_aspect
     contribution = beta_aspect * norm_aspect = 0.1 * norm_aspect
  4. Power Awareness term:
     norm_power = power_aware_penalty / ref_power
     contribution = - beta_power * norm_power = - 0.6 * norm_power

[Objective Function Formula]
  minimize: 5.0 * wirelength/ref_wirelength
          + 6.0 * t/ref_t
          + 0.1 * aspect_ratio_penalty/ref_aspect
          - 0.6 * power_aware_penalty/ref_power
================================================================================


[EMIB] ILP Model construction completed. Analyzing model structure...
================================================================================
ILP MODEL ANALYSIS REPORT - Chiplet Placement ILP (Construction Complete)
Generated: 2026-06-21 20:23:27
================================================================================

[MODEL STRUCTURE]
  Constraints (rows):                      0
  Variables (columns):                     0
  Non-zero elements:                       0
  Objective coefficients:                  0

[VARIABLE TYPES]
  Continuous:                              0
  Integer:                                 0
  Binary:                                  0

[CONSTRAINT TYPES]

[COEFFICIENT STATISTICS]

[SOLVE STATISTICS]
  Status:                    Unknown(1)
  Solve time (s):                       0.00
  Solutions found:                         0
  Nodes explored:            (not available)
  Simplex iterations:        (not available)

[MEMORY USAGE]
  Initial memory:                     96.07 MB
  Peak memory:                         0.00 MB
  Final memory:                        0.00 MB
  Peak increase:                     -96.07 MB
  Final increase:                    -96.07 MB

================================================================================
Set parameter TimeLimit to value 300
2026-06-21 20:23:27 - INFO - Set parameter TimeLimit to value 300
Set parameter MIPGap to value 0
2026-06-21 20:23:27 - INFO - Set parameter MIPGap to value 0
Set parameter MIPFocus to value 3
2026-06-21 20:23:27 - INFO - Set parameter MIPFocus to value 3
Set parameter Heuristics to value 0.5
2026-06-21 20:23:27 - INFO - Set parameter Heuristics to value 0.5
Set parameter LogToConsole to value 1
2026-06-21 20:23:27 - INFO - Set parameter LogToConsole to value 1
Gurobi Optimizer version 13.0.1 build v13.0.1rc0 (linux64 - "Ubuntu 20.04.6 LTS")
2026-06-21 20:23:27 - INFO - Gurobi Optimizer version 13.0.1 build v13.0.1rc0 (linux64 - "Ubuntu 20.04.6 LTS")

2026-06-21 20:23:27 - INFO - 
CPU model: AMD Ryzen 9 9950X3D 16-Core Processor, instruction set [SSE2|AVX|AVX2|AVX512]
2026-06-21 20:23:27 - INFO - CPU model: AMD Ryzen 9 9950X3D 16-Core Processor, instruction set [SSE2|AVX|AVX2|AVX512]
Thread count: 14 physical cores, 28 logical processors, using up to 28 threads
2026-06-21 20:23:27 - INFO - Thread count: 14 physical cores, 28 logical processors, using up to 28 threads

2026-06-21 20:23:27 - INFO - 
Non-default parameters:
2026-06-21 20:23:27 - INFO - Non-default parameters:
TimeLimit  300
2026-06-21 20:23:27 - INFO - TimeLimit  300
MIPGap  0
2026-06-21 20:23:27 - INFO - MIPGap  0
Heuristics  0.5
2026-06-21 20:23:27 - INFO - Heuristics  0.5
MIPFocus  3
2026-06-21 20:23:27 - INFO - MIPFocus  3

2026-06-21 20:23:27 - INFO - 
Academic license 2756663 - for non-commercial use only - registered to hu___@sjtu.edu.cn
2026-06-21 20:23:27 - INFO - Academic license 2756663 - for non-commercial use only - registered to hu___@sjtu.edu.cn
Optimize a model with 465 rows, 228 columns and 1499 nonzeros (Min)
2026-06-21 20:23:27 - INFO - Optimize a model with 465 rows, 228 columns and 1499 nonzeros (Min)
Model fingerprint: 0xf919b47f
2026-06-21 20:23:27 - INFO - Model fingerprint: 0xf919b47f
Model has 4 linear objective coefficients
2026-06-21 20:23:27 - INFO - Model has 4 linear objective coefficients
Variable types: 117 continuous, 111 integer (111 binary)
2026-06-21 20:23:27 - INFO - Variable types: 117 continuous, 111 integer (111 binary)
Coefficient statistics:
2026-06-21 20:23:27 - INFO - Coefficient statistics:
  Matrix range     [5e-01, 9e+04]
2026-06-21 20:23:27 - INFO -   Matrix range     [5e-01, 9e+04]
  Objective range  [1e-07, 9e-02]
2026-06-21 20:23:27 - INFO -   Objective range  [1e-07, 9e-02]
  Bounds range     [1e+00, 7e+06]
2026-06-21 20:23:27 - INFO -   Bounds range     [1e+00, 7e+06]
  RHS range        [1e+00, 3e+02]
2026-06-21 20:23:27 - INFO -   RHS range        [1e+00, 3e+02]

2026-06-21 20:23:27 - INFO - 
Presolve removed 64 rows and 55 columns
2026-06-21 20:23:27 - INFO - Presolve removed 64 rows and 55 columns
Presolve time: 0.00s
2026-06-21 20:23:27 - INFO - Presolve time: 0.00s
Presolved: 401 rows, 173 columns, 1266 nonzeros
2026-06-21 20:23:27 - INFO - Presolved: 401 rows, 173 columns, 1266 nonzeros
Variable types: 71 continuous, 102 integer (102 binary)
2026-06-21 20:23:27 - INFO - Variable types: 71 continuous, 102 integer (102 binary)
Root relaxation presolve removed 27 rows and 8 columns
2026-06-21 20:23:27 - INFO - Root relaxation presolve removed 27 rows and 8 columns
Root relaxation presolved: 374 rows, 168 columns, 1207 nonzeros
2026-06-21 20:23:27 - INFO - Root relaxation presolved: 374 rows, 168 columns, 1207 nonzeros

2026-06-21 20:23:27 - INFO - 

2026-06-21 20:23:27 - INFO - 
Root relaxation: objective -2.771796e+00, 104 iterations, 0.00 seconds (0.00 work units)
2026-06-21 20:23:27 - INFO - Root relaxation: objective -2.771796e+00, 104 iterations, 0.00 seconds (0.00 work units)

2026-06-21 20:23:27 - INFO - 
    Nodes    |    Current Node    |     Objective Bounds      |     Work
2026-06-21 20:23:27 - INFO -     Nodes    |    Current Node    |     Objective Bounds      |     Work
 Expl Unexpl |  Obj  Depth IntInf | Incumbent    BestBd   Gap | It/Node Time
2026-06-21 20:23:27 - INFO -  Expl Unexpl |  Obj  Depth IntInf | Incumbent    BestBd   Gap | It/Node Time

2026-06-21 20:23:27 - INFO - 
     0     0   -2.77180    0   45          -   -2.77180      -     -    0s
2026-06-21 20:23:27 - INFO -      0     0   -2.77180    0   45          -   -2.77180      -     -    0s
H    0     0                      12.2823881   -2.77180   123%     -    0s
2026-06-21 20:23:27 - INFO - H    0     0                      12.2823881   -2.77180   123%     -    0s
H    0     0                      11.6994893   -2.77180   124%     -    0s
2026-06-21 20:23:27 - INFO - H    0     0                      11.6994893   -2.77180   124%     -    0s
H    0     0                      10.2061136   -0.02521   100%     -    0s
2026-06-21 20:23:27 - INFO - H    0     0                      10.2061136   -0.02521   100%     -    0s
     0     0   -0.02521    0   52   10.20611   -0.02521   100%     -    0s
2026-06-21 20:23:27 - INFO -      0     0   -0.02521    0   52   10.20611   -0.02521   100%     -    0s
     0     0   -0.02521    0   52   10.20611   -0.02521   100%     -    0s
2026-06-21 20:23:27 - INFO -      0     0   -0.02521    0   52   10.20611   -0.02521   100%     -    0s
     0     0   -0.02521    0   52   10.20611   -0.02521   100%     -    0s
2026-06-21 20:23:27 - INFO -      0     0   -0.02521    0   52   10.20611   -0.02521   100%     -    0s
H    0     0                       9.2658213    0.43321  95.3%     -    0s
2026-06-21 20:23:27 - INFO - H    0     0                       9.2658213    0.43321  95.3%     -    0s
     0     0    3.54213    0   54    9.26582    3.54213  61.8%     -    0s
2026-06-21 20:23:27 - INFO -      0     0    3.54213    0   54    9.26582    3.54213  61.8%     -    0s
H    0     0                       9.2308786    3.54213  61.6%     -    0s
2026-06-21 20:23:27 - INFO - H    0     0                       9.2308786    3.54213  61.6%     -    0s
     0     0    3.68927    0   55    9.23088    3.68927  60.0%     -    0s
2026-06-21 20:23:27 - INFO -      0     0    3.68927    0   55    9.23088    3.68927  60.0%     -    0s
     0     0    3.68927    0   54    9.23088    3.68927  60.0%     -    0s
2026-06-21 20:23:27 - INFO -      0     0    3.68927    0   54    9.23088    3.68927  60.0%     -    0s
     0     0    3.68927    0   46    9.23088    3.68927  60.0%     -    0s
2026-06-21 20:23:27 - INFO -      0     0    3.68927    0   46    9.23088    3.68927  60.0%     -    0s
     0     0    5.65004    0   53    9.23088    5.65004  38.8%     -    0s
2026-06-21 20:23:27 - INFO -      0     0    5.65004    0   53    9.23088    5.65004  38.8%     -    0s
     0     0    5.68969    0   60    9.23088    5.68969  38.4%     -    0s
2026-06-21 20:23:27 - INFO -      0     0    5.68969    0   60    9.23088    5.68969  38.4%     -    0s
     0     0    5.68969    0   58    9.23088    5.68969  38.4%     -    0s
2026-06-21 20:23:27 - INFO -      0     0    5.68969    0   58    9.23088    5.68969  38.4%     -    0s
     0     0    5.68969    0   57    9.23088    5.68969  38.4%     -    0s
2026-06-21 20:23:27 - INFO -      0     0    5.68969    0   57    9.23088    5.68969  38.4%     -    0s
H    0     0                       9.0445041    5.68969  37.1%     -    0s
2026-06-21 20:23:27 - INFO - H    0     0                       9.0445041    5.68969  37.1%     -    0s
     0     0    6.11803    0   50    9.04450    6.11803  32.4%     -    0s
2026-06-21 20:23:27 - INFO -      0     0    6.11803    0   50    9.04450    6.11803  32.4%     -    0s
     0     0    6.11803    0   49    9.04450    6.11803  32.4%     -    0s
2026-06-21 20:23:27 - INFO -      0     0    6.11803    0   49    9.04450    6.11803  32.4%     -    0s
     0     0    6.43498    0   60    9.04450    6.43498  28.9%     -    0s
2026-06-21 20:23:27 - INFO -      0     0    6.43498    0   60    9.04450    6.43498  28.9%     -    0s
     0     0    6.48938    0   65    9.04450    6.48938  28.3%     -    0s
2026-06-21 20:23:27 - INFO -      0     0    6.48938    0   65    9.04450    6.48938  28.3%     -    0s
     0     0    6.50008    0   66    9.04450    6.50008  28.1%     -    0s
2026-06-21 20:23:27 - INFO -      0     0    6.50008    0   66    9.04450    6.50008  28.1%     -    0s
     0     0    6.50287    0   66    9.04450    6.50287  28.1%     -    0s
2026-06-21 20:23:27 - INFO -      0     0    6.50287    0   66    9.04450    6.50287  28.1%     -    0s
H    0     0                       9.0436035    6.50287  28.1%     -    0s
2026-06-21 20:23:27 - INFO - H    0     0                       9.0436035    6.50287  28.1%     -    0s
H    0     0                       8.9679551    6.50287  27.5%     -    0s
2026-06-21 20:23:27 - INFO - H    0     0                       8.9679551    6.50287  27.5%     -    0s
     0     0    6.93969    0   66    8.96796    6.93969  22.6%     -    0s
2026-06-21 20:23:27 - INFO -      0     0    6.93969    0   66    8.96796    6.93969  22.6%     -    0s
     0     0    6.93969    0   66    8.96796    6.93969  22.6%     -    0s
2026-06-21 20:23:27 - INFO -      0     0    6.93969    0   66    8.96796    6.93969  22.6%     -    0s
     0     0    6.93969    0   66    8.96796    6.93969  22.6%     -    0s
2026-06-21 20:23:27 - INFO -      0     0    6.93969    0   66    8.96796    6.93969  22.6%     -    0s
H    0     0                       8.6829225    6.97735  19.6%     -    0s
2026-06-21 20:23:27 - INFO - H    0     0                       8.6829225    6.97735  19.6%     -    0s
     0     0    6.97735    0   69    8.68292    6.97735  19.6%     -    0s
2026-06-21 20:23:27 - INFO -      0     0    6.97735    0   69    8.68292    6.97735  19.6%     -    0s
     0     0    6.99861    0   72    8.68292    6.99861  19.4%     -    0s
2026-06-21 20:23:27 - INFO -      0     0    6.99861    0   72    8.68292    6.99861  19.4%     -    0s
     0     0    6.99983    0   73    8.68292    6.99983  19.4%     -    0s
2026-06-21 20:23:27 - INFO -      0     0    6.99983    0   73    8.68292    6.99983  19.4%     -    0s
     0     0    7.10177    0   59    8.68292    7.10177  18.2%     -    0s
2026-06-21 20:23:27 - INFO -      0     0    7.10177    0   59    8.68292    7.10177  18.2%     -    0s
     0     0    7.10177    0   59    8.68292    7.10177  18.2%     -    0s
2026-06-21 20:23:27 - INFO -      0     0    7.10177    0   59    8.68292    7.10177  18.2%     -    0s
     0     0    7.10177    0   55    8.68292    7.10177  18.2%     -    0s
2026-06-21 20:23:27 - INFO -      0     0    7.10177    0   55    8.68292    7.10177  18.2%     -    0s
     0     0    7.11879    0   50    8.68292    7.11879  18.0%     -    0s
2026-06-21 20:23:27 - INFO -      0     0    7.11879    0   50    8.68292    7.11879  18.0%     -    0s
     0     0    7.12017    0   54    8.68292    7.12017  18.0%     -    0s
2026-06-21 20:23:27 - INFO -      0     0    7.12017    0   54    8.68292    7.12017  18.0%     -    0s
     0     0    7.25556    0   54    8.68292    7.25556  16.4%     -    0s
2026-06-21 20:23:27 - INFO -      0     0    7.25556    0   54    8.68292    7.25556  16.4%     -    0s
     0     0    7.25556    0   54    8.68292    7.25556  16.4%     -    0s
2026-06-21 20:23:27 - INFO -      0     0    7.25556    0   54    8.68292    7.25556  16.4%     -    0s
     0     0    7.25556    0   54    8.68292    7.25556  16.4%     -    0s
2026-06-21 20:23:27 - INFO -      0     0    7.25556    0   54    8.68292    7.25556  16.4%     -    0s
     0     0    7.27222    0   61    8.68292    7.27222  16.2%     -    0s
2026-06-21 20:23:27 - INFO -      0     0    7.27222    0   61    8.68292    7.27222  16.2%     -    0s
     0     0    7.27435    0   60    8.68292    7.27435  16.2%     -    0s
2026-06-21 20:23:27 - INFO -      0     0    7.27435    0   60    8.68292    7.27435  16.2%     -    0s
     0     0    7.28215    0   58    8.68292    7.28215  16.1%     -    0s
2026-06-21 20:23:27 - INFO -      0     0    7.28215    0   58    8.68292    7.28215  16.1%     -    0s
     0     0    7.28215    0   58    8.68292    7.28215  16.1%     -    0s
2026-06-21 20:23:27 - INFO -      0     0    7.28215    0   58    8.68292    7.28215  16.1%     -    0s
     0     0    7.28215    0   57    8.68292    7.28215  16.1%     -    0s
2026-06-21 20:23:27 - INFO -      0     0    7.28215    0   57    8.68292    7.28215  16.1%     -    0s
     0     0    7.28963    0   62    8.68292    7.28963  16.0%     -    0s
2026-06-21 20:23:27 - INFO -      0     0    7.28963    0   62    8.68292    7.28963  16.0%     -    0s
     0     0    7.29159    0   65    8.68292    7.29159  16.0%     -    0s
2026-06-21 20:23:27 - INFO -      0     0    7.29159    0   65    8.68292    7.29159  16.0%     -    0s
     0     0    7.29354    0   61    8.68292    7.29354  16.0%     -    0s
2026-06-21 20:23:27 - INFO -      0     0    7.29354    0   61    8.68292    7.29354  16.0%     -    0s
     0     0    7.29354    0   61    8.68292    7.29354  16.0%     -    0s
2026-06-21 20:23:27 - INFO -      0     0    7.29354    0   61    8.68292    7.29354  16.0%     -    0s
     0     0    7.29354    0   61    8.68292    7.29354  16.0%     -    0s
2026-06-21 20:23:28 - INFO -      0     0    7.29354    0   61    8.68292    7.29354  16.0%     -    0s
     0     0    7.30935    0   61    8.68292    7.30935  15.8%     -    0s
2026-06-21 20:23:28 - INFO -      0     0    7.30935    0   61    8.68292    7.30935  15.8%     -    0s
     0     0    7.30935    0   57    8.68292    7.30935  15.8%     -    0s
2026-06-21 20:23:28 - INFO -      0     0    7.30935    0   57    8.68292    7.30935  15.8%     -    0s
     0     2    7.30935    0   57    8.68292    7.30935  15.8%     -    0s
2026-06-21 20:23:28 - INFO -      0     2    7.30935    0   57    8.68292    7.30935  15.8%     -    0s
H  565   535                       8.6416192    7.92946  8.24%  51.1    1s
2026-06-21 20:23:28 - INFO - H  565   535                       8.6416192    7.92946  8.24%  51.1    1s
H  633   549                       8.6364689    7.94031  8.06%  49.2    1s
2026-06-21 20:23:29 - INFO - H  633   549                       8.6364689    7.94031  8.06%  49.2    1s

2026-06-21 20:23:31 - INFO - 
Cutting planes:
2026-06-21 20:23:31 - INFO - Cutting planes:
  Learned: 37
2026-06-21 20:23:31 - INFO -   Learned: 37
  Gomory: 46
2026-06-21 20:23:31 - INFO -   Gomory: 46
  Lift-and-project: 58
2026-06-21 20:23:31 - INFO -   Lift-and-project: 58
  Cover: 4
2026-06-21 20:23:31 - INFO -   Cover: 4
  Implied bound: 5
2026-06-21 20:23:31 - INFO -   Implied bound: 5
  Clique: 3
2026-06-21 20:23:31 - INFO -   Clique: 3
  MIR: 55
2026-06-21 20:23:31 - INFO -   MIR: 55
  Mixing: 5
2026-06-21 20:23:31 - INFO -   Mixing: 5
  Flow cover: 335
2026-06-21 20:23:31 - INFO -   Flow cover: 335
  Inf proof: 2
2026-06-21 20:23:31 - INFO -   Inf proof: 2
  RLT: 13
2026-06-21 20:23:31 - INFO -   RLT: 13
  Relax-and-lift: 11
2026-06-21 20:23:31 - INFO -   Relax-and-lift: 11

2026-06-21 20:23:31 - INFO - 
Explored 7106 nodes (191920 simplex iterations) in 4.41 seconds (6.18 work units)
2026-06-21 20:23:31 - INFO - Explored 7106 nodes (191920 simplex iterations) in 4.41 seconds (6.18 work units)
Thread count was 28 (of 28 available processors)
2026-06-21 20:23:31 - INFO - Thread count was 28 (of 28 available processors)

2026-06-21 20:23:31 - INFO - 
Solution count 10: 8.63647 8.64162 8.68292 ... 11.6995
2026-06-21 20:23:31 - INFO - Solution count 10: 8.63647 8.64162 8.68292 ... 11.6995

2026-06-21 20:23:31 - INFO - 
Optimal solution found (tolerance 0.00e+00)
2026-06-21 20:23:31 - INFO - Optimal solution found (tolerance 0.00e+00)
Best objective 8.636468888770e+00, best bound 8.636468888770e+00, gap 0.0000%
2026-06-21 20:23:31 - INFO - Best objective 8.636468888770e+00, best bound 8.636468888770e+00, gap 0.0000%
[EMIB] Solve done: MIPGap=0.0, status=Optimal, Obj=8.636469, time=4.42s, SolCount=10


================================================================================
ILP MODEL ANALYSIS REPORT - Chiplet Placement ILP (Gap=0.0)
Generated: 2026-06-21 20:23:31
================================================================================

[MODEL STRUCTURE]
  Constraints (rows):                    465
  Variables (columns):                   228
  Non-zero elements:                    1499
  Objective coefficients:                  4

[VARIABLE TYPES]
  Continuous:                            117
  Integer:                                 0
  Binary:                                111

[CONSTRAINT TYPES]
  <= constraints:                              234
  == constraints:                               81
  >= constraints:                              150

[COEFFICIENT STATISTICS]
  Matrix range:              [5.00e-01, 8.70e+04]
  Objective range:           [1.40e-07, 9.12e-02]
  Bounds range:              [-2.82e+02, 6.93e+06]

[SOLVE STATISTICS]
  Status:                    Optimal
  Objective value:                  8.636469
  Best bound:                       8.636469
  MIP gap:                           0.0000%
  Solve time (s):                       4.42
  Solutions found:                        10
  Nodes explored:                     7106.0
  Simplex iterations:               191920.0

[MEMORY USAGE]
  Initial memory:                     96.72 MB
  Peak memory:                       285.19 MB
  Final memory:                      285.19 MB
  Peak increase:                     188.47 MB
  Final increase:                    188.47 MB

================================================================================

================================================================================
[OBJECTIVE FUNCTION BREAKDOWN - SOLUTION VALUES]
================================================================================

[Actual Variable Values]
  wirelength: 4.638336e+04
  bbox_area_proxy_t: 5.937600e+01
  aspect_ratio_penalty: 7.750000e+00
  power_aware_penalty: 6.582571e+06

[Normalized Values]
  norm_wirelength = 4.638336e+04 / 5.685245e+04 = 8.158551e-01
  norm_t = 5.937600e+01 / 6.580144e+01 = 9.023510e-01
  norm_aspect = 7.750000e+00 / 1.236000e+01 = 6.270227e-01
  norm_power = 6.582571e+06 / 4.294778e+06 = 1.532692e+00

[Weighted Contributions]
  1. Wirelength: 5.000000e+00 * 8.158551e-01 = 4.079276e+00
  2. Area: 6.000000e+00 * 9.023510e-01 = 5.414106e+00
  3. Aspect Ratio: 1.000000e-01 * 6.270227e-01 = 6.270227e-02
  4. Power Awareness: -6.000000e-01 * 1.532692e+00 = -9.196151e-01

[Total Objective Value]
  4.079276e+00 + 5.414106e+00 + 6.270227e-02 - 9.196151e-01
  = 8.636469e+00
================================================================================

[EMIB] Solve succeeded (Optimal)
[EMIB] placement JSON saved: /root/placement/MPDAP/output_gurobi_EMIB_chiplet_5_6_01_06/placement/multigpu.json
[EMIB] Layout figure saved: /root/placement/MPDAP/output_gurobi_EMIB_chiplet_5_6_01_06/fig/multigpu_core/solution_1_layout_gurobi.png
2026-06-21 20:23:33 - INFO - 
EMIB returned 1 solution(s) (max 1).
  ✓ EMIB: 1 solution(s)

================================================================================
Batch test done (Gurobi)
  Total time: 5.96 s
================================================================================
File summary:
  Success: 1/1
  Failed: 0/1
Solution count:
  Found: 1/1

Details:
  ✓ multigpu.json -> multigpu_core: 1 solution(s)
    Log dir: /root/placement/MPDAP/output_gurobi_EMIB_chiplet_5_6_01_06/log/multigpu_core
    LP dir: /root/placement/MPDAP/output_gurobi_EMIB_chiplet_5_6_01_06/lp/multigpu_core
    Fig dir: /root/placement/MPDAP/output_gurobi_EMIB_chiplet_5_6_01_06/fig/multigpu_core
    Placement: /root/placement/MPDAP/output_gurobi_EMIB_chiplet_5_6_01_06/placement/multigpu.json
================================================================================

