
================================================================================
Batch test start (Gurobi)
================================================================================
Test input dir: /root/placement/MPDAP/benchmark/test_input
Output base dir: /root/placement/MPDAP/output_gurobi_EMIB_chiplet_5_6_01_06
Found 1 test file(s)
Files to process: sys_micro150.json
================================================================================


[1/1] Processing: sys_micro150.json
  Core name: sys_micro150_core
  Log dir: /root/placement/MPDAP/output_gurobi_EMIB_chiplet_5_6_01_06/log/sys_micro150_core
  LP dir: /root/placement/MPDAP/output_gurobi_EMIB_chiplet_5_6_01_06/lp/sys_micro150_core
  Fig dir: /root/placement/MPDAP/output_gurobi_EMIB_chiplet_5_6_01_06/fig/sys_micro150_core
  Placement file: /root/placement/MPDAP/output_gurobi_EMIB_chiplet_5_6_01_06/placement/sys_micro150.json
2026-06-21 20:28:35 - INFO - Calling EMIB solver (Gurobi)...
node 0 w: 8.25, h: 9.0
node 1 w: 8.25, h: 9.0
node 2 w: 8.25, h: 9.0
node 3 w: 8.25, h: 9.0
node 4 w: 8.75, h: 8.75
node 5 w: 8.75, h: 8.75
node 6 w: 8.75, h: 8.75
node 7 w: 8.75, h: 8.75
  (A,B): node1=A, node2=B, wireCount=256, EMIBType=interfaceB, EMIB_length=0.8533, EMIB_max_width=3.0, width=2.0, height=0.8533, bump_width=1.0000
  (A,D): node1=A, node2=D, wireCount=256, EMIBType=interfaceB, EMIB_length=0.8533, EMIB_max_width=3.0, width=2.0, height=0.8533, bump_width=1.0000
  (A,E): node1=A, node2=E, wireCount=1024, EMIBType=interfaceB, EMIB_length=3.4133, EMIB_max_width=3.0, width=2.0, height=3.4133, bump_width=1.0000
  (B,C): node1=B, node2=C, wireCount=256, EMIBType=interfaceB, EMIB_length=0.8533, EMIB_max_width=3.0, width=2.0, height=0.8533, bump_width=1.0000
  (B,F): node1=B, node2=F, wireCount=1024, EMIBType=interfaceB, EMIB_length=3.4133, EMIB_max_width=3.0, width=2.0, height=3.4133, bump_width=1.0000
  (C,D): node1=C, node2=D, wireCount=256, EMIBType=interfaceB, EMIB_length=0.8533, EMIB_max_width=3.0, width=2.0, height=0.8533, bump_width=1.0000
  (C,G): node1=C, node2=G, wireCount=1024, EMIBType=interfaceB, EMIB_length=3.4133, EMIB_max_width=3.0, width=2.0, height=3.4133, bump_width=1.0000
  (D,H): node1=D, node2=H, wireCount=1024, EMIBType=interfaceB, EMIB_length=3.4133, EMIB_max_width=3.0, width=2.0, height=3.4133, bump_width=1.0000
  (0,1): [A, B, 256, interfaceB, 0.8533, 3.0]
  (0,3): [A, D, 256, interfaceB, 0.8533, 3.0]
  (0,4): [A, E, 1024, interfaceB, 3.4133, 3.0]
  (1,2): [B, C, 256, interfaceB, 0.8533, 3.0]
  (1,5): [B, F, 1024, interfaceB, 3.4133, 3.0]
  (2,3): [C, D, 256, interfaceB, 0.8533, 3.0]
  (2,6): [C, G, 1024, interfaceB, 3.4133, 3.0]
  (3,7): [D, H, 1024, interfaceB, 3.4133, 3.0]
Set parameter WLSAccessID
2026-06-21 20:28:35 - INFO - Set parameter WLSAccessID
Set parameter WLSSecret
2026-06-21 20:28:35 - INFO - Set parameter WLSSecret
Set parameter LicenseID to value 2756663
2026-06-21 20:28:35 - INFO - Set parameter LicenseID to value 2756663
Academic license 2756663 - for non-commercial use only - registered to hu___@sjtu.edu.cn
2026-06-21 20:28:35 - INFO - Academic license 2756663 - for non-commercial use only - registered to hu___@sjtu.edu.cn
EMIB_w_var: {(0, 1): <gurobi.Var *Awaiting Model Update*>, (0, 3): <gurobi.Var *Awaiting Model Update*>, (0, 4): <gurobi.Var *Awaiting Model Update*>, (1, 2): <gurobi.Var *Awaiting Model Update*>, (1, 5): <gurobi.Var *Awaiting Model Update*>, (2, 3): <gurobi.Var *Awaiting Model Update*>, (2, 6): <gurobi.Var *Awaiting Model Update*>, (3, 7): <gurobi.Var *Awaiting Model Update*>}
EMIB_h_var: {(0, 1): <gurobi.Var *Awaiting Model Update*>, (0, 3): <gurobi.Var *Awaiting Model Update*>, (0, 4): <gurobi.Var *Awaiting Model Update*>, (1, 2): <gurobi.Var *Awaiting Model Update*>, (1, 5): <gurobi.Var *Awaiting Model Update*>, (2, 3): <gurobi.Var *Awaiting Model Update*>, (2, 6): <gurobi.Var *Awaiting Model Update*>, (3, 7): <gurobi.Var *Awaiting Model Update*>}
EMIB_connected_pairs: {(0, 1): EMIBNode(node1='A', node2='B', wireCount=256, EMIBType='interfaceB', EMIB_length=0.8533, EMIB_bump_width=1.0, EMIB_max_width=3.0, width=2.0, height=0.8533), (0, 3): EMIBNode(node1='A', node2='D', wireCount=256, EMIBType='interfaceB', EMIB_length=0.8533, EMIB_bump_width=1.0, EMIB_max_width=3.0, width=2.0, height=0.8533), (0, 4): EMIBNode(node1='A', node2='E', wireCount=1024, EMIBType='interfaceB', EMIB_length=3.4133, EMIB_bump_width=1.0, EMIB_max_width=3.0, width=2.0, height=3.4133), (1, 2): EMIBNode(node1='B', node2='C', wireCount=256, EMIBType='interfaceB', EMIB_length=0.8533, EMIB_bump_width=1.0, EMIB_max_width=3.0, width=2.0, height=0.8533), (1, 5): EMIBNode(node1='B', node2='F', wireCount=1024, EMIBType='interfaceB', EMIB_length=3.4133, EMIB_bump_width=1.0, EMIB_max_width=3.0, width=2.0, height=3.4133), (2, 3): EMIBNode(node1='C', node2='D', wireCount=256, EMIBType='interfaceB', EMIB_length=0.8533, EMIB_bump_width=1.0, EMIB_max_width=3.0, width=2.0, height=0.8533), (2, 6): EMIBNode(node1='C', node2='G', wireCount=1024, EMIBType='interfaceB', EMIB_length=3.4133, EMIB_bump_width=1.0, EMIB_max_width=3.0, width=2.0, height=3.4133), (3, 7): EMIBNode(node1='D', node2='H', wireCount=1024, EMIBType='interfaceB', EMIB_length=3.4133, EMIB_bump_width=1.0, EMIB_max_width=3.0, width=2.0, height=3.4133)}
[POWER_AWARE] Mutual Distancing: ENABLED
[POWER_AWARE] Central Avoidance: ENABLED
[POWER_AWARE] Power Aware Optimization: ENABLED
[POWER_AWARE] Selected high-power chiplets: 4 (density threshold: 2.0202020202020203)
[POWER_AWARE] High-power chiplet indices: [0, 1, 2, 3]
[POWER_AWARE] Mutual Distancing: Creating constraints for 4 high-power chiplets
[POWER_AWARE] Mutual Distancing: Added distance constraints for all high-power pairs
[POWER_AWARE] Central Avoidance: Creating away-from-center constraints for 4 high-power chiplets
[DEBUG] chiplet 0 in top 30% power density, add away-from-center constraint
[DEBUG] chiplet 1 in top 30% power density, add away-from-center constraint
[DEBUG] chiplet 2 in top 30% power density, add away-from-center constraint
[DEBUG] chiplet 3 in top 30% power density, add away-from-center constraint
[POWER_AWARE] Central Avoidance: Added away-from-center constraints for 4 high-power chiplets
[DEBUG] L_avg: 24.561148181630273
[DEBUG] total_area: 603.25
[POWER_AWARE] Normalization factor calculation:
[POWER_AWARE]   - High-power chiplets: 4
[POWER_AWARE]   - Mutual Distancing enabled: True
[POWER_AWARE]   - Central Avoidance enabled: True
[POWER_AWARE]   - pair_sum (MD): 1.350000e+05
[POWER_AWARE]   - self_sum (CA): 9.000000e+04
[POWER_AWARE]   - total_sum (pair + self): 2.250000e+05
[POWER_AWARE]   - ref_power: 2.763129e+06
[DEBUG] ref_wirelength: 62876.5393449735
[DEBUG] ref_t: 49.122296363260546
[DEBUG] ref_power: 2763129.170433406
[DEBUG] ref_aspect: 3.0

================================================================================
[OBJECTIVE FUNCTION DETAILS]
================================================================================

[Normalization Reference Values]
  ref_wirelength: 6.287654e+04
  ref_t (area proxy): 4.912230e+01
  ref_power: 2.763129e+06
  ref_aspect: 3.000000e+00

[Beta Weights]
  beta_wire: 5.000000e+00
  beta_area: 6.000000e+00
  beta_aspect: 1.000000e-01
  beta_power: 6.000000e-01

[Objective Function Components]
  1. Wirelength term:
     norm_wirelength = wirelength / ref_wirelength
     contribution = beta_wire * norm_wirelength = 5.0 * norm_wirelength
  2. Area term:
     norm_t = t / ref_t
     contribution = beta_area * norm_t = 6.0 * norm_t
  3. Aspect Ratio term:
     norm_aspect = aspect_ratio_penalty / ref_aspect
     contribution = beta_aspect * norm_aspect = 0.1 * norm_aspect
  4. Power Awareness term:
     norm_power = power_aware_penalty / ref_power
     contribution = - beta_power * norm_power = - 0.6 * norm_power

[Objective Function Formula]
  minimize: 5.0 * wirelength/ref_wirelength
          + 6.0 * t/ref_t
          + 0.1 * aspect_ratio_penalty/ref_aspect
          - 0.6 * power_aware_penalty/ref_power
================================================================================


[EMIB] ILP Model construction completed. Analyzing model structure...
================================================================================
ILP MODEL ANALYSIS REPORT - Chiplet Placement ILP (Construction Complete)
Generated: 2026-06-21 20:28:35
================================================================================

[MODEL STRUCTURE]
  Constraints (rows):                      0
  Variables (columns):                     0
  Non-zero elements:                       0
  Objective coefficients:                  0

[VARIABLE TYPES]
  Continuous:                              0
  Integer:                                 0
  Binary:                                  0

[CONSTRAINT TYPES]

[COEFFICIENT STATISTICS]

[SOLVE STATISTICS]
  Status:                    Unknown(1)
  Solve time (s):                       0.00
  Solutions found:                         0
  Nodes explored:            (not available)
  Simplex iterations:        (not available)

[MEMORY USAGE]
  Initial memory:                     96.20 MB
  Peak memory:                         0.00 MB
  Final memory:                        0.00 MB
  Peak increase:                     -96.20 MB
  Final increase:                    -96.20 MB

================================================================================
Set parameter TimeLimit to value 300
2026-06-21 20:28:35 - INFO - Set parameter TimeLimit to value 300
Set parameter MIPGap to value 0
2026-06-21 20:28:35 - INFO - Set parameter MIPGap to value 0
Set parameter MIPFocus to value 3
2026-06-21 20:28:35 - INFO - Set parameter MIPFocus to value 3
Set parameter Heuristics to value 0.5
2026-06-21 20:28:35 - INFO - Set parameter Heuristics to value 0.5
Set parameter LogToConsole to value 1
2026-06-21 20:28:35 - INFO - Set parameter LogToConsole to value 1
Gurobi Optimizer version 13.0.1 build v13.0.1rc0 (linux64 - "Ubuntu 20.04.6 LTS")
2026-06-21 20:28:35 - INFO - Gurobi Optimizer version 13.0.1 build v13.0.1rc0 (linux64 - "Ubuntu 20.04.6 LTS")

2026-06-21 20:28:35 - INFO - 
CPU model: AMD Ryzen 9 9950X3D 16-Core Processor, instruction set [SSE2|AVX|AVX2|AVX512]
2026-06-21 20:28:35 - INFO - CPU model: AMD Ryzen 9 9950X3D 16-Core Processor, instruction set [SSE2|AVX|AVX2|AVX512]
Thread count: 14 physical cores, 28 logical processors, using up to 28 threads
2026-06-21 20:28:35 - INFO - Thread count: 14 physical cores, 28 logical processors, using up to 28 threads

2026-06-21 20:28:35 - INFO - 
Non-default parameters:
2026-06-21 20:28:35 - INFO - Non-default parameters:
TimeLimit  300
2026-06-21 20:28:35 - INFO - TimeLimit  300
MIPGap  0
2026-06-21 20:28:35 - INFO - MIPGap  0
Heuristics  0.5
2026-06-21 20:28:35 - INFO - Heuristics  0.5
MIPFocus  3
2026-06-21 20:28:35 - INFO - MIPFocus  3

2026-06-21 20:28:35 - INFO - 
Academic license 2756663 - for non-commercial use only - registered to hu___@sjtu.edu.cn
2026-06-21 20:28:35 - INFO - Academic license 2756663 - for non-commercial use only - registered to hu___@sjtu.edu.cn
Optimize a model with 1063 rows, 498 columns and 3539 nonzeros (Min)
2026-06-21 20:28:35 - INFO - Optimize a model with 1063 rows, 498 columns and 3539 nonzeros (Min)
Model fingerprint: 0xe87b9939
2026-06-21 20:28:35 - INFO - Model fingerprint: 0xe87b9939
Model has 4 linear objective coefficients
2026-06-21 20:28:35 - INFO - Model has 4 linear objective coefficients
Variable types: 222 continuous, 276 integer (276 binary)
2026-06-21 20:28:35 - INFO - Variable types: 222 continuous, 276 integer (276 binary)
Coefficient statistics:
2026-06-21 20:28:35 - INFO - Coefficient statistics:
  Matrix range     [5e-01, 2e+04]
2026-06-21 20:28:35 - INFO -   Matrix range     [5e-01, 2e+04]
  Objective range  [2e-07, 1e-01]
2026-06-21 20:28:35 - INFO -   Objective range  [2e-07, 1e-01]
  Bounds range     [9e-01, 7e+06]
2026-06-21 20:28:35 - INFO -   Bounds range     [9e-01, 7e+06]
  RHS range        [9e-01, 2e+02]
2026-06-21 20:28:35 - INFO -   RHS range        [9e-01, 2e+02]

2026-06-21 20:28:35 - INFO - 
Presolve removed 101 rows and 89 columns
2026-06-21 20:28:35 - INFO - Presolve removed 101 rows and 89 columns
Presolve time: 0.01s
2026-06-21 20:28:35 - INFO - Presolve time: 0.01s
Presolved: 962 rows, 409 columns, 3126 nonzeros
2026-06-21 20:28:35 - INFO - Presolved: 962 rows, 409 columns, 3126 nonzeros
Variable types: 153 continuous, 256 integer (256 binary)
2026-06-21 20:28:35 - INFO - Variable types: 153 continuous, 256 integer (256 binary)
Root relaxation presolve removed 218 rows and 78 columns
2026-06-21 20:28:35 - INFO - Root relaxation presolve removed 218 rows and 78 columns
Root relaxation presolved: 744 rows, 343 columns, 2608 nonzeros
2026-06-21 20:28:35 - INFO - Root relaxation presolved: 744 rows, 343 columns, 2608 nonzeros

2026-06-21 20:28:35 - INFO - 

2026-06-21 20:28:35 - INFO - 
Root relaxation: objective -7.734166e+00, 195 iterations, 0.00 seconds (0.00 work units)
2026-06-21 20:28:35 - INFO - Root relaxation: objective -7.734166e+00, 195 iterations, 0.00 seconds (0.00 work units)

2026-06-21 20:28:35 - INFO - 
    Nodes    |    Current Node    |     Objective Bounds      |     Work
2026-06-21 20:28:35 - INFO -     Nodes    |    Current Node    |     Objective Bounds      |     Work
 Expl Unexpl |  Obj  Depth IntInf | Incumbent    BestBd   Gap | It/Node Time
2026-06-21 20:28:35 - INFO -  Expl Unexpl |  Obj  Depth IntInf | Incumbent    BestBd   Gap | It/Node Time

2026-06-21 20:28:35 - INFO - 
     0     0   -7.73417    0  120          -   -7.73417      -     -    0s
2026-06-21 20:28:35 - INFO -      0     0   -7.73417    0  120          -   -7.73417      -     -    0s
H    0     0                      14.4767470   -6.31852   144%     -    0s
2026-06-21 20:28:35 - INFO - H    0     0                      14.4767470   -6.31852   144%     -    0s
     0     0   -5.84704    0  151   14.47675   -5.84704   140%     -    0s
2026-06-21 20:28:35 - INFO -      0     0   -5.84704    0  151   14.47675   -5.84704   140%     -    0s
     0     0   -5.84704    0  151   14.47675   -5.84704   140%     -    0s
2026-06-21 20:28:35 - INFO -      0     0   -5.84704    0  151   14.47675   -5.84704   140%     -    0s
     0     0   -5.84704    0  131   14.47675   -5.84704   140%     -    0s
2026-06-21 20:28:35 - INFO -      0     0   -5.84704    0  131   14.47675   -5.84704   140%     -    0s
     0     0   -1.70156    0  141   14.47675   -1.70156   112%     -    0s
2026-06-21 20:28:35 - INFO -      0     0   -1.70156    0  141   14.47675   -1.70156   112%     -    0s
     0     0    0.38857    0  141   14.47675    0.38857  97.3%     -    0s
2026-06-21 20:28:35 - INFO -      0     0    0.38857    0  141   14.47675    0.38857  97.3%     -    0s
     0     0    0.38857    0  141   14.47675    0.38857  97.3%     -    0s
2026-06-21 20:28:35 - INFO -      0     0    0.38857    0  141   14.47675    0.38857  97.3%     -    0s
     0     0    0.38857    0  127   14.47675    0.38857  97.3%     -    0s
2026-06-21 20:28:35 - INFO -      0     0    0.38857    0  127   14.47675    0.38857  97.3%     -    0s
     0     0    0.53868    0  128   14.47675    0.53868  96.3%     -    0s
2026-06-21 20:28:35 - INFO -      0     0    0.53868    0  128   14.47675    0.53868  96.3%     -    0s
     0     0    2.14709    0  133   14.47675    2.14709  85.2%     -    0s
2026-06-21 20:28:35 - INFO -      0     0    2.14709    0  133   14.47675    2.14709  85.2%     -    0s
     0     0    2.14709    0  124   14.47675    2.14709  85.2%     -    0s
2026-06-21 20:28:35 - INFO -      0     0    2.14709    0  124   14.47675    2.14709  85.2%     -    0s
     0     0    2.16335    0  127   14.47675    2.16335  85.1%     -    0s
2026-06-21 20:28:35 - INFO -      0     0    2.16335    0  127   14.47675    2.16335  85.1%     -    0s
     0     0    2.16335    0  131   14.47675    2.16335  85.1%     -    0s
2026-06-21 20:28:35 - INFO -      0     0    2.16335    0  131   14.47675    2.16335  85.1%     -    0s
     0     0    2.80715    0  142   14.47675    2.80715  80.6%     -    0s
2026-06-21 20:28:35 - INFO -      0     0    2.80715    0  142   14.47675    2.80715  80.6%     -    0s
     0     0    2.80715    0  142   14.47675    2.80715  80.6%     -    0s
2026-06-21 20:28:35 - INFO -      0     0    2.80715    0  142   14.47675    2.80715  80.6%     -    0s
     0     0    2.80715    0  129   14.47675    2.80715  80.6%     -    0s
2026-06-21 20:28:35 - INFO -      0     0    2.80715    0  129   14.47675    2.80715  80.6%     -    0s
H    0     0                      11.4891437    2.85308  75.2%     -    0s
2026-06-21 20:28:35 - INFO - H    0     0                      11.4891437    2.85308  75.2%     -    0s
H    0     0                      11.3154303    2.85308  74.8%     -    0s
2026-06-21 20:28:35 - INFO - H    0     0                      11.3154303    2.85308  74.8%     -    0s
     0     0    2.91452    0  149   11.31543    2.91452  74.2%     -    0s
2026-06-21 20:28:35 - INFO -      0     0    2.91452    0  149   11.31543    2.91452  74.2%     -    0s
     0     0    2.94745    0  162   11.31543    2.94745  74.0%     -    0s
2026-06-21 20:28:35 - INFO -      0     0    2.94745    0  162   11.31543    2.94745  74.0%     -    0s
     0     0    2.97282    0  163   11.31543    2.97282  73.7%     -    0s
2026-06-21 20:28:35 - INFO -      0     0    2.97282    0  163   11.31543    2.97282  73.7%     -    0s
     0     0    2.97488    0  169   11.31543    2.97488  73.7%     -    0s
2026-06-21 20:28:35 - INFO -      0     0    2.97488    0  169   11.31543    2.97488  73.7%     -    0s
     0     0    3.44626    0  162   11.31543    3.44626  69.5%     -    0s
2026-06-21 20:28:35 - INFO -      0     0    3.44626    0  162   11.31543    3.44626  69.5%     -    0s
     0     0    3.44626    0  162   11.31543    3.44626  69.5%     -    0s
2026-06-21 20:28:35 - INFO -      0     0    3.44626    0  162   11.31543    3.44626  69.5%     -    0s
     0     0    3.44626    0  148   11.31543    3.44626  69.5%     -    0s
2026-06-21 20:28:36 - INFO -      0     0    3.44626    0  148   11.31543    3.44626  69.5%     -    0s
     0     0    3.45986    0  154   11.31543    3.45986  69.4%     -    1s
2026-06-21 20:28:36 - INFO -      0     0    3.45986    0  154   11.31543    3.45986  69.4%     -    1s
     0     0    3.46752    0  156   11.31543    3.46752  69.4%     -    1s
2026-06-21 20:28:36 - INFO -      0     0    3.46752    0  156   11.31543    3.46752  69.4%     -    1s
     0     0    3.47479    0  169   11.31543    3.47479  69.3%     -    1s
2026-06-21 20:28:36 - INFO -      0     0    3.47479    0  169   11.31543    3.47479  69.3%     -    1s
     0     0    3.47678    0  164   11.31543    3.47678  69.3%     -    1s
2026-06-21 20:28:36 - INFO -      0     0    3.47678    0  164   11.31543    3.47678  69.3%     -    1s
     0     0    3.57760    0  157   11.31543    3.57760  68.4%     -    1s
2026-06-21 20:28:36 - INFO -      0     0    3.57760    0  157   11.31543    3.57760  68.4%     -    1s
     0     0    3.57760    0  157   11.31543    3.57760  68.4%     -    1s
2026-06-21 20:28:36 - INFO -      0     0    3.57760    0  157   11.31543    3.57760  68.4%     -    1s
     0     0    3.57760    0  146   11.31543    3.57760  68.4%     -    1s
2026-06-21 20:28:36 - INFO -      0     0    3.57760    0  146   11.31543    3.57760  68.4%     -    1s
H    0     0                       9.8603796    3.57968  63.7%     -    1s
2026-06-21 20:28:36 - INFO - H    0     0                       9.8603796    3.57968  63.7%     -    1s
     0     0    3.60531    0  151    9.86038    3.60531  63.4%     -    1s
2026-06-21 20:28:36 - INFO -      0     0    3.60531    0  151    9.86038    3.60531  63.4%     -    1s
     0     0    3.61715    0  162    9.86038    3.61715  63.3%     -    1s
2026-06-21 20:28:36 - INFO -      0     0    3.61715    0  162    9.86038    3.61715  63.3%     -    1s
     0     0    3.62476    0  170    9.86038    3.62476  63.2%     -    1s
2026-06-21 20:28:36 - INFO -      0     0    3.62476    0  170    9.86038    3.62476  63.2%     -    1s
     0     0    3.62507    0  173    9.86038    3.62507  63.2%     -    1s
2026-06-21 20:28:36 - INFO -      0     0    3.62507    0  173    9.86038    3.62507  63.2%     -    1s
     0     0    3.72742    0  164    9.86038    3.72742  62.2%     -    1s
2026-06-21 20:28:36 - INFO -      0     0    3.72742    0  164    9.86038    3.72742  62.2%     -    1s
     0     0    3.72742    0  164    9.86038    3.72742  62.2%     -    1s
2026-06-21 20:28:36 - INFO -      0     0    3.72742    0  164    9.86038    3.72742  62.2%     -    1s
     0     0    3.77015    0  160    9.86038    3.77015  61.8%     -    1s
2026-06-21 20:28:36 - INFO -      0     0    3.77015    0  160    9.86038    3.77015  61.8%     -    1s
     0     0    3.77815    0  161    9.86038    3.77815  61.7%     -    1s
2026-06-21 20:28:36 - INFO -      0     0    3.77815    0  161    9.86038    3.77815  61.7%     -    1s
     0     0    3.78067    0  169    9.86038    3.78067  61.7%     -    1s
2026-06-21 20:28:36 - INFO -      0     0    3.78067    0  169    9.86038    3.78067  61.7%     -    1s
     0     0    3.79257    0  173    9.86038    3.79257  61.5%     -    1s
2026-06-21 20:28:36 - INFO -      0     0    3.79257    0  173    9.86038    3.79257  61.5%     -    1s
     0     0    3.79257    0  151    9.86038    3.79257  61.5%     -    1s
2026-06-21 20:28:36 - INFO -      0     0    3.79257    0  151    9.86038    3.79257  61.5%     -    1s
     0     0    3.80321    0  164    9.86038    3.80321  61.4%     -    1s
2026-06-21 20:28:36 - INFO -      0     0    3.80321    0  164    9.86038    3.80321  61.4%     -    1s
     0     0    3.80321    0  173    9.86038    3.80321  61.4%     -    1s
2026-06-21 20:28:36 - INFO -      0     0    3.80321    0  173    9.86038    3.80321  61.4%     -    1s
     0     0    3.81124    0  176    9.86038    3.81124  61.3%     -    1s
2026-06-21 20:28:36 - INFO -      0     0    3.81124    0  176    9.86038    3.81124  61.3%     -    1s
     0     0    3.81124    0  159    9.86038    3.81124  61.3%     -    1s
2026-06-21 20:28:36 - INFO -      0     0    3.81124    0  159    9.86038    3.81124  61.3%     -    1s
     0     0    3.81578    0  156    9.86038    3.81578  61.3%     -    1s
2026-06-21 20:28:36 - INFO -      0     0    3.81578    0  156    9.86038    3.81578  61.3%     -    1s
     0     0    3.81578    0  156    9.86038    3.81578  61.3%     -    1s
2026-06-21 20:28:36 - INFO -      0     0    3.81578    0  156    9.86038    3.81578  61.3%     -    1s
     0     2    3.81578    0  156    9.86038    3.81578  61.3%     -    2s
2026-06-21 20:28:37 - INFO -      0     2    3.81578    0  156    9.86038    3.81578  61.3%     -    2s
H    7    16                       9.8374145    4.01831  59.2%   146    2s
2026-06-21 20:28:37 - INFO - H    7    16                       9.8374145    4.01831  59.2%   146    2s
H   43    62                       9.7758084    4.14273  57.6%   203    2s
2026-06-21 20:28:37 - INFO - H   43    62                       9.7758084    4.14273  57.6%   203    2s
H   55    62                       9.6967502    4.15798  57.1%   192    2s
2026-06-21 20:28:37 - INFO - H   55    62                       9.6967502    4.15798  57.1%   192    2s
H  155   165                       9.6365527    4.25012  55.9%   138    2s
2026-06-21 20:28:37 - INFO - H  155   165                       9.6365527    4.25012  55.9%   138    2s
H  210   225                       8.6885576    4.26068  51.0%   128    2s
2026-06-21 20:28:37 - INFO - H  210   225                       8.6885576    4.26068  51.0%   128    2s
H  238   253                       8.5749458    4.27115  50.2%   129    2s
2026-06-21 20:28:37 - INFO - H  238   253                       8.5749458    4.27115  50.2%   129    2s
H  239   253                       8.5434051    4.27284  50.0%   129    2s
2026-06-21 20:28:37 - INFO - H  239   253                       8.5434051    4.27284  50.0%   129    2s
H  381   389                       8.5332264    4.36866  48.8%   185    3s
2026-06-21 20:28:38 - INFO - H  381   389                       8.5332264    4.36866  48.8%   185    3s
H  382   389                       8.5332069    4.36941  48.8%   185    3s
2026-06-21 20:28:38 - INFO - H  382   389                       8.5332069    4.36941  48.8%   185    3s
   633   683    4.87333   11  159    8.53321    4.58082  46.3%   185    5s
2026-06-21 20:28:40 - INFO -    633   683    4.87333   11  159    8.53321    4.58082  46.3%   185    5s
  2098  2016    5.62439   15  199    8.53321    5.62439  34.1%   126   10s
2026-06-21 20:28:45 - INFO -   2098  2016    5.62439   15  199    8.53321    5.62439  34.1%   126   10s
  2200  2124    6.29129   27  140    8.53321    6.16306  27.8%   135   15s
2026-06-21 20:28:50 - INFO -   2200  2124    6.29129   27  140    8.53321    6.16306  27.8%   135   15s
H 3189  2616                       8.5332036    6.64529  22.1%   137   17s
2026-06-21 20:28:52 - INFO - H 3189  2616                       8.5332036    6.64529  22.1%   137   17s
  7643  4849    7.11168   32   95    8.53320    7.08954  16.9%   118   20s
2026-06-21 20:28:55 - INFO -   7643  4849    7.11168   32   95    8.53320    7.08954  16.9%   118   20s
 15856  9879    7.56472   34   89    8.53320    7.50826  12.0%   105   25s
2026-06-21 20:29:00 - INFO -  15856  9879    7.56472   34   89    8.53320    7.50826  12.0%   105   25s
H15983  9994                       8.5332029    7.51364  11.9%   105   25s
2026-06-21 20:29:00 - INFO - H15983  9994                       8.5332029    7.51364  11.9%   105   25s
 23857 13618    7.84319   39   53    8.53320    7.68219  10.0%   100   30s
2026-06-21 20:29:05 - INFO -  23857 13618    7.84319   39   53    8.53320    7.68219  10.0%   100   30s
 35424 15137    8.17917   36   51    8.53320    7.91211  7.28%  93.2   35s
2026-06-21 20:29:10 - INFO -  35424 15137    8.17917   36   51    8.53320    7.91211  7.28%  93.2   35s
 51400 14123     cutoff   43         8.53320    8.10221  5.05%  80.9   40s
2026-06-21 20:29:15 - INFO -  51400 14123     cutoff   43         8.53320    8.10221  5.05%  80.9   40s
 68276 14843     cutoff   41         8.53320    8.28007  2.97%  69.0   45s
2026-06-21 20:29:20 - INFO -  68276 14843     cutoff   41         8.53320    8.28007  2.97%  69.0   45s
 90002 13441     cutoff   47         8.53320    8.39577  1.61%  57.4   50s
2026-06-21 20:29:25 - INFO -  90002 13441     cutoff   47         8.53320    8.39577  1.61%  57.4   50s
 106661  7563     cutoff   56         8.53320    8.47852  0.64%  50.6   55s
2026-06-21 20:29:30 - INFO -  106661  7563     cutoff   56         8.53320    8.47852  0.64%  50.6   55s

2026-06-21 20:29:33 - INFO - 
Cutting planes:
2026-06-21 20:29:33 - INFO - Cutting planes:
  Learned: 165
2026-06-21 20:29:33 - INFO -   Learned: 165
  Gomory: 182
2026-06-21 20:29:33 - INFO -   Gomory: 182
  Lift-and-project: 59
2026-06-21 20:29:33 - INFO -   Lift-and-project: 59
  Cover: 637
2026-06-21 20:29:33 - INFO -   Cover: 637
  Implied bound: 39
2026-06-21 20:29:33 - INFO -   Implied bound: 39
  Clique: 9
2026-06-21 20:29:33 - INFO -   Clique: 9
  MIR: 252
2026-06-21 20:29:33 - INFO -   MIR: 252
  Mixing: 5
2026-06-21 20:29:33 - INFO -   Mixing: 5
  StrongCG: 1
2026-06-21 20:29:33 - INFO -   StrongCG: 1
  Flow cover: 1248
2026-06-21 20:29:33 - INFO -   Flow cover: 1248
  Inf proof: 611
2026-06-21 20:29:33 - INFO -   Inf proof: 611
  Zero half: 70
2026-06-21 20:29:33 - INFO -   Zero half: 70
  RLT: 21
2026-06-21 20:29:33 - INFO -   RLT: 21
  Relax-and-lift: 164
2026-06-21 20:29:33 - INFO -   Relax-and-lift: 164

2026-06-21 20:29:33 - INFO - 
Explored 119519 nodes (5530737 simplex iterations) in 58.91 seconds (92.19 work units)
2026-06-21 20:29:33 - INFO - Explored 119519 nodes (5530737 simplex iterations) in 58.91 seconds (92.19 work units)
Thread count was 28 (of 28 available processors)
2026-06-21 20:29:33 - INFO - Thread count was 28 (of 28 available processors)

2026-06-21 20:29:33 - INFO - 
Solution count 10: 8.5332 8.5332 8.53321 ... 11.3154
2026-06-21 20:29:33 - INFO - Solution count 10: 8.5332 8.5332 8.53321 ... 11.3154

2026-06-21 20:29:33 - INFO - 
Optimal solution found (tolerance 0.00e+00)
2026-06-21 20:29:33 - INFO - Optimal solution found (tolerance 0.00e+00)
Best objective 8.533202854239e+00, best bound 8.533202854239e+00, gap 0.0000%
2026-06-21 20:29:33 - INFO - Best objective 8.533202854239e+00, best bound 8.533202854239e+00, gap 0.0000%
[EMIB] Solve done: MIPGap=0.0, status=Optimal, Obj=8.533203, time=58.92s, SolCount=10


================================================================================
ILP MODEL ANALYSIS REPORT - Chiplet Placement ILP (Gap=0.0)
Generated: 2026-06-21 20:29:33
================================================================================

[MODEL STRUCTURE]
  Constraints (rows):                   1063
  Variables (columns):                   498
  Non-zero elements:                    3539
  Objective coefficients:                  4

[VARIABLE TYPES]
  Continuous:                            222
  Integer:                                 0
  Binary:                                276

[CONSTRAINT TYPES]
  <= constraints:                              556
  == constraints:                              164
  >= constraints:                              343

[COEFFICIENT STATISTICS]
  Matrix range:              [5.00e-01, 2.25e+04]
  Objective range:           [2.17e-07, 1.22e-01]
  Bounds range:              [-2.10e+02, 6.88e+06]

[SOLVE STATISTICS]
  Status:                    Optimal
  Objective value:                  8.533203
  Best bound:                       8.533203
  MIP gap:                           0.0000%
  Solve time (s):                      58.92
  Solutions found:                        10
  Nodes explored:                   119519.0
  Simplex iterations:              5530737.0

[MEMORY USAGE]
  Initial memory:                     96.95 MB
  Peak memory:                       607.21 MB
  Final memory:                      607.21 MB
  Peak increase:                     510.25 MB
  Final increase:                    510.25 MB

================================================================================

================================================================================
[OBJECTIVE FUNCTION BREAKDOWN - SOLUTION VALUES]
================================================================================

[Actual Variable Values]
  wirelength: 4.907587e+04
  bbox_area_proxy_t: 4.268424e+01
  aspect_ratio_penalty: 1.447000e-01
  power_aware_penalty: 2.706980e+06

[Normalized Values]
  norm_wirelength = 4.907587e+04 / 6.287654e+04 = 7.805116e-01
  norm_t = 4.268424e+01 / 4.912230e+01 = 8.689382e-01
  norm_aspect = 1.447000e-01 / 3.000000e+00 = 4.823333e-02
  norm_power = 2.706980e+06 / 2.763129e+06 = 9.796791e-01

[Weighted Contributions]
  1. Wirelength: 5.000000e+00 * 7.805116e-01 = 3.902558e+00
  2. Area: 6.000000e+00 * 8.689382e-01 = 5.213629e+00
  3. Aspect Ratio: 1.000000e-01 * 4.823333e-02 = 4.823333e-03
  4. Power Awareness: -6.000000e-01 * 9.796791e-01 = -5.878075e-01

[Total Objective Value]
  3.902558e+00 + 5.213629e+00 + 4.823333e-03 - 5.878075e-01
  = 8.533203e+00
================================================================================

[EMIB] Solve succeeded (Optimal)
[EMIB] placement JSON saved: /root/placement/MPDAP/output_gurobi_EMIB_chiplet_5_6_01_06/placement/sys_micro150.json
[EMIB] Layout figure saved: /root/placement/MPDAP/output_gurobi_EMIB_chiplet_5_6_01_06/fig/sys_micro150_core/solution_1_layout_gurobi.png
2026-06-21 20:29:36 - INFO - 
EMIB returned 1 solution(s) (max 1).
  ✓ EMIB: 1 solution(s)

================================================================================
Batch test done (Gurobi)
  Total time: 61.58 s
================================================================================
File summary:
  Success: 1/1
  Failed: 0/1
Solution count:
  Found: 1/1

Details:
  ✓ sys_micro150.json -> sys_micro150_core: 1 solution(s)
    Log dir: /root/placement/MPDAP/output_gurobi_EMIB_chiplet_5_6_01_06/log/sys_micro150_core
    LP dir: /root/placement/MPDAP/output_gurobi_EMIB_chiplet_5_6_01_06/lp/sys_micro150_core
    Fig dir: /root/placement/MPDAP/output_gurobi_EMIB_chiplet_5_6_01_06/fig/sys_micro150_core
    Placement: /root/placement/MPDAP/output_gurobi_EMIB_chiplet_5_6_01_06/placement/sys_micro150.json
================================================================================

