node 0 w: 7.0, h: 5.0
node 1 w: 5.0, h: 5.0
node 2 w: 6.0, h:2026-06-21 16:18:45 - INFO - Set parameter WLSAccessID
2026-06-21 16:18:45 - INFO - Set parameter WLSSecret
2026-06-21 16:18:45 - INFO - Set parameter LicenseID to value 2756663
2026-06-21 16:18:45 - INFO - Academic license 2756663 - for non-commercial use only - registered to hu___@sjtu.edu.cn
2026-06-21 16:18:45 - INFO - Set parameter TimeLimit to value 300
2026-06-21 16:18:45 - INFO - Set parameter MIPGap to value 0
2026-06-21 16:18:45 - INFO - Set parameter MIPFocus to value 3
2026-06-21 16:18:45 - INFO - Set parameter Heuristics to value 0.5
2026-06-21 16:18:45 - INFO - Set parameter LogToConsole to value 1
2026-06-21 16:18:45 - INFO - Gurobi Optimizer version 13.0.1 build v13.0.1rc0 (linux64 - "Ubuntu 20.04.6 LTS")
2026-06-21 16:18:45 - INFO - 
2026-06-21 16:18:45 - INFO - CPU model: AMD Ryzen 9 9950X3D 16-Core Processor, instruction set [SSE2|AVX|AVX2|AVX512]
2026-06-21 16:18:45 - INFO - Thread count: 14 physical cores, 28 logical processors, using up to 28 threads
2026-06-21 16:18:45 - INFO - 
2026-06-21 16:18:45 - INFO - Non-default parameters:
2026-06-21 16:18:45 - INFO - TimeLimit  300
2026-06-21 16:18:45 - INFO - MIPGap  0
2026-06-21 16:18:45 - INFO - Heuristics  0.5
2026-06-21 16:18:45 - INFO - MIPFocus  3
2026-06-21 16:18:45 - INFO - 
2026-06-21 16:18:45 - INFO - Academic license 2756663 - for non-commercial use only - registered to hu___@sjtu.edu.cn
2026-06-21 16:18:45 - INFO - Optimize a model with 2249 rows, 1033 columns and 7687 nonzeros (Min)
2026-06-21 16:18:45 - INFO - Model fingerprint: 0x80fe7c30
2026-06-21 16:18:45 - INFO - Model has 4 linear objective coefficients
2026-06-21 16:18:45 - INFO - Variable types: 392 continuous, 641 integer (641 binary)
2026-06-21 16:18:45 - INFO - Coefficient statistics:
2026-06-21 16:18:45 - INFO -   Matrix range     [3e-01, 2e+03]
2026-06-21 16:18:45 - INFO -   Objective range  [1e-05, 1e-01]
2026-06-21 16:18:45 - INFO -   Bounds range     [9e-01, 3e+07]
2026-06-21 16:18:45 - INFO -   RHS range        [9e-01, 2e+02]
2026-06-21 16:18:45 - INFO - 
2026-06-21 16:18:45 - INFO - Presolve removed 167 rows and 145 columns
2026-06-21 16:18:45 - INFO - Presolve time: 0.01s
2026-06-21 16:18:45 - INFO - Presolved: 2082 rows, 888 columns, 6802 nonzeros
2026-06-21 16:18:45 - INFO - Variable types: 279 continuous, 609 integer (609 binary)
2026-06-21 16:18:45 - INFO - Root relaxation presolve removed 276 rows and 80 columns
2026-06-21 16:18:45 - INFO - Root relaxation presolved: 1806 rows, 840 columns, 6166 nonzeros
2026-06-21 16:18:45 - INFO - 
2026-06-21 16:18:45 - INFO - 
2026-06-21 16:18:45 - INFO - Root relaxation: objective -3.063744e+01, 455 iterations, 0.01 seconds (0.01 work units)
2026-06-21 16:18:45 - INFO - 
2026-06-21 16:18:45 - INFO -     Nodes    |    Current Node    |     Objective Bounds      |     Work
2026-06-21 16:18:45 - INFO -  Expl Unexpl |  Obj  Depth IntInf | Incumbent    BestBd   Gap | It/Node Time
2026-06-21 16:18:45 - INFO - 
2026-06-21 16:18:45 - INFO -      0     0  -30.63744    0  269          -  -30.63744      -     -    0s
2026-06-21 16:18:45 - INFO -      0     0  -28.17670    0  325          -  -28.17670      -     -    0s
2026-06-21 16:18:45 - INFO -      0     0  -28.17670    0  325          -  -28.17670      -     -    0s
2026-06-21 16:18:46 - INFO -      0     0  -28.17670    0  285          -  -28.17670      -     -    0s
2026-06-21 16:18:46 - INFO -      0     0  -25.18330    0  300          -  -25.18330      -     -    0s
2026-06-21 16:18:46 - INFO -      0     0  -25.18330    0  306          -  -25.18330      -     -    0s
2026-06-21 16:18:46 - INFO -      0     0  -25.18330    0  305          -  -25.18330      -     -    0s
2026-06-21 16:18:46 - INFO -      0     0  -25.18330    0  308          -  -25.18330      -     -    0s
2026-06-21 16:18:46 - INFO -      0     0  -19.40081    0  322          -  -19.40081      -     -    0s
2026-06-21 16:18:46 - INFO -      0     0  -19.40081    0  321          -  -19.40081      -     -    0s
2026-06-21 16:18:46 - INFO -      0     0  -19.40081    0  321          -  -19.40081      -     -    0s
2026-06-21 16:18:46 - INFO -      0     0  -18.80989    0  322          -  -18.80989      -     -    0s
2026-06-21 16:18:46 - INFO -      0     0  -18.80989    0  328          -  -18.80989      -     -    0s
2026-06-21 16:18:46 - INFO -      0     0  -18.80972    0  327          -  -18.80972      -     -    0s
2026-06-21 16:18:46 - INFO -      0     0  -18.80972    0  327          -  -18.80972      -     -    0s
2026-06-21 16:18:46 - INFO -      0     0  -12.56080    0  303          -  -12.56080      -     -    0s
2026-06-21 16:18:46 - INFO -      0     0  -12.56080    0  303          -  -12.56080      -     -    0s
2026-06-21 16:18:46 - INFO -      0     0  -12.56080    0  286          -  -12.56080      -     -    1s
2026-06-21 16:18:46 - INFO -      0     0  -11.83113    0  273          -  -11.83113      -     -    1s
2026-06-21 16:18:46 - INFO -      0     0  -11.83113    0  250          -  -11.83113      -     -    1s
2026-06-21 16:18:46 - INFO -      0     0  -11.83113    0  249          -  -11.83113      -     -    1s
2026-06-21 16:18:46 - INFO -      0     0  -11.83113    0  267          -  -11.83113      -     -    1s
2026-06-21 16:18:47 - INFO -      0     0   -9.80099    0  306          -   -9.80099      -     -    1s
2026-06-21 16:18:47 - INFO -      0     0   -9.80099    0  306          -   -9.80099      -     -    1s
2026-06-21 16:18:47 - INFO -      0     0   -9.80099    0  306          -   -9.80099      -     -    1s
2026-06-21 16:18:47 - INFO -      0     0   -9.48730    0  310          -   -9.48730      -     -    1s
2026-06-21 16:18:47 - INFO -      0     0   -9.45500    0  306          -   -9.45500      -     -    1s
2026-06-21 16:18:47 - INFO -      0     0   -9.44285    0  323          -   -9.44285      -     -    1s
2026-06-21 16:18:47 - INFO -      0     0   -9.43196    0  332          -   -9.43196      -     -    1s
2026-06-21 16:18:47 - INFO -      0     0   -9.42553    0  328          -   -9.42553      -     -    1s
2026-06-21 16:18:47 - INFO -      0     0   -8.74272    0  318          -   -8.74272      -     -    1s
2026-06-21 16:18:47 - INFO -      0     0   -8.74272    0  316          -   -8.74272      -     -    1s
2026-06-21 16:18:47 - INFO -      0     0   -8.74272    0  310          -   -8.74272      -     -    1s
2026-06-21 16:18:48 - INFO -      0     0   -8.70711    0  320          -   -8.70711      -     -    2s
2026-06-21 16:18:48 - INFO -      0     0   -8.69995    0  344          -   -8.69995      -     -    2s
2026-06-21 16:18:48 - INFO -      0     0   -8.14570    0  304          -   -8.14570      -     -    2s
2026-06-21 16:18:48 - INFO -      0     0   -8.14570    0  279          -   -8.14570      -     -    2s
2026-06-21 16:18:48 - INFO -      0     0   -8.09969    0  303          -   -8.09969      -     -    2s
2026-06-21 16:18:48 - INFO -      0     0   -8.09366    0  323          -   -8.09366      -     -    2s
2026-06-21 16:18:48 - INFO -      0     0   -7.69952    0  312          -   -7.69952      -     -    3s
2026-06-21 16:18:48 - INFO -      0     0   -7.69952    0  278          -   -7.69952      -     -    3s
2026-06-21 16:18:49 - INFO -      0     0   -7.66829    0  290          -   -7.66829      -     -    3s
2026-06-21 16:18:49 - INFO -      0     0   -7.65660    0  311          -   -7.65660      -     -    3s
2026-06-21 16:18:49 - INFO -      0     0   -7.64989    0  314          -   -7.64989      -     -    3s
2026-06-21 16:18:49 - INFO -      0     0   -7.32331    0  302          -   -7.32331      -     -    3s
2026-06-21 16:18:49 - INFO -      0     0   -7.32331    0  301          -   -7.32331      -     -    3s
2026-06-21 16:18:49 - INFO -      0     0   -7.30194    0  311          -   -7.30194      -     -    3s
2026-06-21 16:18:49 - INFO -      0     0   -7.29796    0  327          -   -7.29796      -     -    3s
2026-06-21 16:18:49 - INFO -      0     0   -7.15459    0  304          -   -7.15459      -     -    3s
2026-06-21 16:18:49 - INFO -      0     0   -7.15459    0  299          -   -7.15459      -     -    4s
2026-06-21 16:18:49 - INFO -      0     0   -7.13010    0  319          -   -7.13010      -     -    4s
2026-06-21 16:18:49 - INFO -      0     0   -7.12634    0  347          -   -7.12634      -     -    4s
2026-06-21 16:18:50 - INFO -      0     0   -7.05665    0  310          -   -7.05665      -     -    4s
2026-06-21 16:18:50 - INFO -      0     0   -7.05665    0  270          -   -7.05665      -     -    4s
2026-06-21 16:18:50 - INFO -      0     0   -7.04461    0  327          -   -7.04461      -     -    4s
2026-06-21 16:18:50 - INFO -      0     0   -7.03798    0  343          -   -7.03798      -     -    4s
2026-06-21 16:18:50 - INFO -      0     0   -6.99620    0  335          -   -6.99620      -     -    4s
2026-06-21 16:18:50 - INFO -      0     0   -6.99620    0  317          -   -6.99620      -     -    4s
2026-06-21 16:18:50 - INFO -      0     0   -6.99593    0  313          -   -6.99593      -     -    4s
2026-06-21 16:18:50 - INFO -      0     0   -6.99593    0  313          -   -6.99593      -     -    5s
2026-06-21 16:18:52 - INFO - H    0     0                      24.4649600   -6.99550   129%     -    6s
2026-06-21 16:18:52 - INFO -      0     2   -6.99550    0  313   24.46496   -6.99550   129%     -    6s
2026-06-21 16:18:53 - INFO - H   11    16                      23.7449600   -5.35824   123%   631    7s
2026-06-21 16:18:53 - INFO - H   15    30                      11.8898424   -4.75093   140%   677    7s
2026-06-21 16:18:53 - INFO - H   18    30                      11.8492397   -4.74112   140%   750    7s
2026-06-21 16:18:54 - INFO - H   45    66                      11.1830981   -4.45364   140%  1014    8s
2026-06-21 16:18:54 - INFO - H   63    66                      11.1718599   -4.04808   136%  1017    8s
2026-06-21 16:18:55 - INFO - H   81    97                       9.3805890   -3.42994   137%  1097    9s
2026-06-21 16:18:55 - INFO - H   96   115                       8.6122184   -3.23760   138%  1051    9s
2026-06-21 16:18:55 - INFO - H  110   115                       8.5066381   -3.18836   137%  1114    9s
2026-06-21 16:18:55 - INFO - H  128   143                       8.2730157   -3.11400   138%  1195   10s
2026-06-21 16:18:55 - INFO - H  137   143                       8.2729206   -2.76612   133%  1219   10s
2026-06-21 16:18:55 - INFO - H  138   143                       8.2727148   -2.76477   133%  1218   10s
2026-06-21 16:18:55 - INFO - H  141   143                       8.2723779   -2.74986   133%  1214   10s
2026-06-21 16:18:56 - INFO - H  162   171                       8.2720112   -2.68472   132%  1181   10s
2026-06-21 16:18:57 - INFO - H  189   200                       8.2718133   -2.63251   132%  1164   12s
2026-06-21 16:18:58 - INFO - H  245   267                       8.2209834   -2.57778   131%  1084   12s
2026-06-21 16:18:58 - INFO - H  284   295                       8.1195977   -2.33598   129%  1059   13s
2026-06-21 16:18:58 - INFO - H  285   295                       8.1194877   -2.31578   129%  1061   13s
2026-06-21 16:18:59 - INFO - H  299   309                       8.0698934   -2.02835   125%  1052   13s
2026-06-21 16:19:00 - INFO - H  322   337                       7.9850329   -1.99560   125%  1053   14s
2026-06-21 16:19:00 - INFO -    336   351   -0.83805    8  392    7.98503   -1.97902   125%  1051   15s
2026-06-21 16:19:05 - INFO -    490   505   -0.57226    8  410    7.98503   -1.77403   122%  1070   20s
2026-06-21 16:19:11 - INFO - H  630   645                       7.8212668   -0.88042   111%  1034   25s
2026-06-21 16:19:15 - INFO - H 1018  1012                       7.7202290   -0.78365   110%   817   29s
2026-06-21 16:19:15 - INFO - H 1068  1177                       7.7202283   -0.77897   110%   803   29s
2026-06-21 16:19:16 - INFO - H 1202  1283                       7.7201810   -0.76206   110%   769   30s
2026-06-21 16:19:23 - INFO -   2055  2000    1.32467   10  313    7.72018   -0.66914   109%   684   38s
2026-06-21 16:19:25 - INFO -   2065  2007    2.17922   12  285    7.72018   -0.66914   109%   681   40s
2026-06-21 16:19:30 - INFO -   2080  2017    1.38636   12  304    7.72018   -0.66914   109%   676   45s
2026-06-21 16:19:35 - INFO -   2143  2130    1.12692   16  345    7.72018    0.36657  95.3%   691   50s
2026-06-21 16:19:41 - INFO -   2460  2304    2.19597   17  421    7.72018    1.77240  77.0%   794   55s
2026-06-21 16:19:45 - INFO - H 2594  2271                       7.6695443    2.04689  73.3%   835   59s
2026-06-21 16:19:46 - INFO -   2607  2340    2.66577   19  408    7.66954    2.08546  72.8%   841   61s
2026-06-21 16:19:47 - INFO - H 2690  2244                       7.6671945    2.13812  72.1%   843   61s
2026-06-21 16:19:51 - INFO -   2764  2304    2.70114   19  354    7.66719    2.26894  70.4%   864   65s
2026-06-21 16:19:52 - INFO - H 2815  2223                       7.6671728    2.34120  69.5%   883   67s
2026-06-21 16:19:55 - INFO -   2993  2388    2.82869   19  407    7.66717    2.44935  68.1%   910   70s
2026-06-21 16:19:57 - INFO - H 3085  2328                       7.6671728    2.49747  67.4%   927   71s
2026-06-21 16:19:58 - INFO - H 3122  2261                       7.6671725    2.52168  67.1%   940   72s
2026-06-21 16:20:00 - INFO -   3130  2287    3.07080   20  418    7.66717    2.52794  67.0%   943   75s
2026-06-21 16:20:05 - INFO -   3214  2343    2.96390   20  392    7.66717    2.58109  66.3%   971   80s
2026-06-21 16:20:10 - INFO -   3354  2436    2.88633   20  406    7.66717    2.65978  65.3%  1014   85s
2026-06-21 16:20:19 - INFO -   3475  2525    2.95633   19  353    7.66717    2.70641  64.7%  1047   93s
2026-06-21 16:20:22 - INFO -   3560  2602    2.87423   20  427    7.66717    2.73083  64.4%  1057   96s
2026-06-21 16:20:26 - INFO -   3664  2695    3.31712   20  413    7.66717    2.75637  64.0%  1060  100s
2026-06-21 16:20:30 - INFO -   3948  2959    2.86946   21  396    7.66717    2.78429  63.7%  1039  105s
2026-06-21 16:20:30 - INFO - H 4074  2838                       7.4797519    2.79243  62.7%  1023  105s
2026-06-21 16:20:32 - INFO - H 4106  3145                       7.3853369    2.79510  62.2%  1019  106s
2026-06-21 16:20:34 - INFO - H 5110  3390                       7.3853368    2.83425  61.6%   890  109s
2026-06-21 16:20:35 - INFO -   5188  3965    3.38282   20  376    7.38534    2.84031  61.5%   884  110s
2026-06-21 16:20:37 - INFO - H 5837  3926                       7.3853368    2.85429  61.4%   824  111s
2026-06-21 16:20:37 - INFO - H 5847  3909                       7.3853368    2.85485  61.3%   823  111s
2026-06-21 16:20:37 - INFO - H 5851  3909                       7.3853350    2.85773  61.3%   823  111s
2026-06-21 16:20:39 - INFO - H 6900  4682                       7.3737147    2.88956  60.8%   750  113s
2026-06-21 16:20:39 - INFO - H 6925  4682                       7.3201149    2.89242  60.5%   750  113s
2026-06-21 16:20:41 - INFO -   7508  5433    3.58922   22  395    7.32011    2.91078  60.2%   728  115s
2026-06-21 16:20:41 - INFO - H 7520  5433                       7.3201075    2.91078  60.2%   727  115s
2026-06-21 16:20:41 - INFO - H 7621  5433                       7.3200610    2.91843  60.1%   722  115s
2026-06-21 16:20:41 - INFO - H 7765  5433                       7.3200610    2.92346  60.1%   718  115s
2026-06-21 16:20:43 - INFO - H 8652  6521                       7.3200610    2.94196  59.8%   679  118s
2026-06-21 16:20:43 - INFO - H 8712  6521                       7.3200610    2.94668  59.7%   677  118s
2026-06-21 16:20:43 - INFO - H 8811  6521                       7.3200610    2.94853  59.7%   675  118s
2026-06-21 16:20:46 - INFO -   9770  7738    3.42499   20  437    7.32006    2.97175  59.4%   642  120s
2026-06-21 16:20:46 - INFO - H 9962  7738                       7.3200609    2.98071  59.3%   636  120s
2026-06-21 16:20:46 - INFO - H10025  7738                       7.3200609    2.98136  59.3%   635  120s
2026-06-21 16:20:46 - INFO - H10140  7738                       7.3200609    2.98280  59.3%   632  120s
2026-06-21 16:20:51 - INFO -  11363  9577    3.41450   21  360    7.32006    3.01672  58.8%   604  126s
2026-06-21 16:20:51 - INFO - H11917  9577                       7.3200609    3.02498  58.7%   592  126s
2026-06-21 16:20:51 - INFO - H12079  9577                       7.3200609    3.02595  58.7%   589  126s
2026-06-21 16:20:53 - INFO - H12336 10113                       7.3200609    3.03860  58.5%   585  127s
2026-06-21 16:20:56 - INFO -  13602 11559    3.96121   19  353    7.32006    3.06042  58.2%   562  130s
2026-06-21 16:20:56 - INFO - H14130 11559                       7.3200608    3.06848  58.1%   554  130s
2026-06-21 16:21:02 - INFO -  15277 12577    3.51454   20  398    7.32006    3.09339  57.7%   540  136s
2026-06-21 16:21:02 - INFO - H15302 12577                       7.3200608    3.09719  57.7%   542  136s
2026-06-21 16:21:06 - INFO -  15366 12689    3.35932   22  402    7.32006    3.10242  57.6%   544  140s
2026-06-21 16:21:06 - INFO - H15372 12689                       7.3200608    3.10305  57.6%   545  140s
2026-06-21 16:21:11 - INFO -  15555 12957    3.46236   22  437    7.32006    3.11220  57.5%   547  146s
2026-06-21 16:21:13 - INFO - H15790 13081                       7.3200608    3.11911  57.4%   547  147s
2026-06-21 16:21:17 - INFO -  16071 13625    3.23668   23  394    7.32006    3.12932  57.3%   547  151s
2026-06-21 16:21:22 - INFO -  16873 14566    3.21580   23  400    7.32006    3.14407  57.0%   539  156s
2026-06-21 16:21:22 - INFO - H16889 14566                       7.3200608    3.14407  57.0%   538  156s
2026-06-21 16:21:22 - INFO - H17283 14566                       7.3200608    3.15000  57.0%   534  156s
2026-06-21 16:21:24 - INFO - H17899 15373                       7.3200608    3.15759  56.9%   527  158s
2026-06-21 16:21:26 - INFO -  18226 16238    3.51916   22  362    7.32006    3.16116  56.8%   524  160s
2026-06-21 16:21:28 - INFO - H19205 17548                       7.3200608    3.17391  56.6%   513  162s
2026-06-21 16:21:28 - INFO - H19274 17548                       7.3200608    3.17440  56.6%   512  162s
2026-06-21 16:21:28 - INFO - H19388 17548                       7.3200607    3.17539  56.6%   511  162s
2026-06-21 16:21:28 - INFO - H20150 17548                       7.3200607    3.18434  56.5%   502  162s
2026-06-21 16:21:30 - INFO - H20711 18899                       7.3200607    3.19611  56.3%   497  164s
2026-06-21 16:21:32 - INFO - H21903 20021                       7.3200606    3.20669  56.2%   486  166s
2026-06-21 16:21:32 - INFO - H22318 20021                       7.3200606    3.21688  56.1%   483  166s
2026-06-21 16:21:34 - INFO - H23312 20900                       7.3200564    3.23216  55.8%   475  168s
2026-06-21 16:21:36 - INFO -  23964 22560 infeasible   21         7.32006    3.24322  55.7%   471  170s
2026-06-21 16:21:36 - INFO - H24061 22560                       6.6906928    3.24408  51.5%   470  170s
2026-06-21 16:21:38 - INFO - H25724 23987                       6.6190542    3.26047  50.7%   458  172s
2026-06-21 16:21:38 - INFO - H25803 23987                       6.5956218    3.26370  50.5%   458  172s
2026-06-21 16:21:38 - INFO - H25854 23987                       6.5955432    3.26371  50.5%   458  172s
2026-06-21 16:21:38 - INFO - H25942 23987                       6.5931589    3.26418  50.5%   457  172s
2026-06-21 16:21:38 - INFO - H26064 23987                       6.5715965    3.26446  50.3%   457  172s
2026-06-21 16:21:38 - INFO - H26101 23987                       6.5605412    3.26465  50.2%   457  172s
2026-06-21 16:21:42 - INFO -  27206 26760    3.61139   22  421    6.56054    3.28312  50.0%   452  176s
2026-06-21 16:21:42 - INFO - H27215 26760                       6.5357980    3.28312  49.8%   452  176s
2026-06-21 16:21:43 - INFO - H31031 27734                       6.5116226    3.31748  49.1%   435  178s
2026-06-21 16:21:45 - INFO -  31104 28937    3.56572   22  382    6.51162    3.32781  48.9%   435  180s
2026-06-21 16:21:45 - INFO - H31165 28937                       6.5018123    3.32895  48.8%   435  180s
2026-06-21 16:21:45 - INFO - H31202 28937                       6.5014629    3.32913  48.8%   435  180s
2026-06-21 16:21:55 - INFO -  33659 30290    3.52904   23  318    6.50146    3.35638  48.4%   426  190s
2026-06-21 16:22:01 - INFO -  33957 30667    3.80382   26  356    6.50146    3.36282  48.3%   427  195s
2026-06-21 16:22:06 - INFO -  34543 31736    3.59848   24  382    6.50146    3.36891  48.2%   427  201s
2026-06-21 16:22:12 - INFO -  36296 34049    4.32891   26  338    6.50146    3.37943  48.0%   422  206s
2026-06-21 16:22:12 - INFO - H37379 34049                       6.5014628    3.38715  47.9%   419  206s
2026-06-21 16:22:18 - INFO -  39200 37173    3.54516   23  378    6.50146    3.39859  47.7%   412  212s
2026-06-21 16:22:21 - INFO -  40980 39132    4.67996   24  375    6.50146    3.40921  47.6%   408  215s
2026-06-21 16:22:21 - INFO - H42549 39132                       6.4433811    3.42253  46.9%   403  215s
2026-06-21 16:22:26 - INFO - H43050 40863                       6.4433786    3.43036  46.8%   402  220s
2026-06-21 16:22:26 - INFO - H43152 40863                       6.4409524    3.43283  46.7%   402  220s
2026-06-21 16:22:33 - INFO -  46633 44814    3.56608   25  364    6.44095    3.45486  46.4%   394  228s
2026-06-21 16:22:37 - INFO -  49010 46536    3.55163   22  378    6.44095    3.46917  46.1%   388  231s
2026-06-21 16:22:42 - INFO -  50826 46562    3.72753   27  386    6.44095    3.47654  46.0%   385  236s
2026-06-21 16:22:45 - INFO -  50856 46833    3.84468   25  356    6.44095    3.48486  45.9%   386  240s
2026-06-21 16:22:54 - INFO -  51475 48076    3.65007   23  376    6.44095    3.49085  45.8%   386  248s
2026-06-21 16:22:54 - INFO - H51577 48076                       6.4409523    3.49115  45.8%   386  248s
2026-06-21 16:23:00 - INFO -  52458 49910    3.88062   29  284    6.44095    3.49364  45.8%   384  254s
2026-06-21 16:23:07 - INFO -  54400 50240    3.62339   26  320    6.44095    3.50044  45.7%   380  262s
2026-06-21 16:23:07 - INFO - H54481 50240                       6.4409523    3.50504  45.6%   380  262s
2026-06-21 16:23:28 - INFO -  54746 60273    4.09224   27  342    6.44095    3.50769  45.5%   380  282s
2026-06-21 16:23:29 - INFO - H56680 60273                       6.4409523    3.50901  45.5%   377  283s
2026-06-21 16:23:29 - INFO - H57811 60273                       6.4409523    3.50920  45.5%   374  283s
2026-06-21 16:23:29 - INFO - H59319 60273                       6.4409523    3.50998  45.5%   372  283s
2026-06-21 16:23:34 - INFO -  65302 60336    3.68663   24  335    6.44095    3.54918  44.9%   362  289s
2026-06-21 16:23:34 - INFO - H65305 60336                       6.4409523    3.55035  44.9%   362  289s
2026-06-21 16:23:34 - INFO - H65347 60336                       6.4409523    3.55140  44.9%   362  289s
2026-06-21 16:23:39 - INFO -  65367 62305    3.90677   30  327    6.44095    3.55387  44.8%   363  293s
2026-06-21 16:23:44 - INFO - H67466 62330                       6.4409523    3.55736  44.8%   360  299s
2026-06-21 16:23:44 - INFO - H67471 62330                       6.4409522    3.55833  44.8%   360  299s
2026-06-21 16:23:44 - INFO - H67473 62330                       6.4409522    3.55856  44.8%   360  299s
2026-06-21 16:23:45 - INFO -  67497 62519    3.65031   24  397    6.44095    3.56159  44.7%   361  300s
2026-06-21 16:23:45 - INFO - 
2026-06-21 16:23:45 - INFO - Cutting planes:
2026-06-21 16:23:45 - INFO -   Learned: 271
2026-06-21 16:23:45 - INFO -   Gomory: 529
2026-06-21 16:23:45 - INFO -   Lift-and-project: 618
2026-06-21 16:23:45 - INFO -   Cover: 379
2026-06-21 16:23:45 - INFO -   Implied bound: 17
2026-06-21 16:23:45 - INFO -   Clique: 10
2026-06-21 16:23:45 - INFO -   MIR: 1244
2026-06-21 16:23:45 - INFO -   Mixing: 8
2026-06-21 16:23:45 - INFO -   StrongCG: 5
2026-06-21 16:23:45 - INFO -   Flow cover: 4417
2026-06-21 16:23:45 - INFO -   GUB cover: 2
2026-06-21 16:23:45 - INFO -   Inf proof: 120
2026-06-21 16:23:45 - INFO -   Zero half: 41
2026-06-21 16:23:45 - INFO -   RLT: 36
2026-06-21 16:23:45 - INFO -   Relax-and-lift: 137
2026-06-21 16:23:45 - INFO -   BQP: 2
2026-06-21 16:23:45 - INFO - 
2026-06-21 16:23:45 - INFO - Explored 67700 nodes (24441686 simplex iterations) in 300.04 seconds (550.40 work units)
2026-06-21 16:23:45 - INFO - Thread count was 28 (of 28 available processors)
2026-06-21 16:23:45 - INFO - 
2026-06-21 16:23:45 - INFO - Solution count 10: 6.44095 6.44095 6.44095 ... 6.5358
2026-06-21 16:23:45 - INFO - 
2026-06-21 16:23:45 - INFO - Time limit reached
2026-06-21 16:23:45 - INFO - Best objective 6.440952228754e+00, best bound 3.564718058524e+00, gap 44.6554%
2026-06-21 16:23:45 - DEBUG - Loaded backend Agg version v2.2.
2026-06-21 16:23:45 - DEBUG - findfont: Matching sans\-serif:style=normal:variant=normal:weight=normal:stretch=normal:size=10.0.
2026-06-21 16:23:45 - DEBUG - findfont: score(FontEntry(fname='/root/anaconda3/lib/python3.12/site-packages/matplotlib/mpl-data/fonts/ttf/STIXSizTwoSymReg.ttf', name='STIXSizeTwoSym', style='normal', variant='normal', weight=400, stretch='normal', size='scalable')) = 10.05
2026-06-21 16:23:45 - DEBUG - findfont: score(FontEntry(fname='/root/anaconda3/lib/python3.12/site-packages/matplotlib/mpl-data/fonts/ttf/cmex10.ttf', name='cmex10', style='normal', variant='normal', weight=400, stretch='normal', size='scalable')) = 10.05
2026-06-21 16:23:45 - DEBUG - findfont: score(FontEntry(fname='/root/anaconda3/lib/python3.12/site-packages/matplotlib/mpl-data/fonts/ttf/STIXSizThreeSymBol.ttf', name='STIXSizeThreeSym', style='normal', variant='normal', weight=700, stretch='normal', size='scalable')) = 10.335
2026-06-21 16:23:45 - DEBUG - findfont: score(FontEntry(fname='/root/anaconda3/lib/python3.12/site-packages/matplotlib/mpl-data/fonts/ttf/STIXSizOneSymBol.ttf', name='STIXSizeOneSym', style='normal', variant='normal', weight=700, stretch='normal', size='scalable')) = 10.335
2026-06-21 16:23:45 - DEBUG - findfont: score(FontEntry(fname='/root/anaconda3/lib/python3.12/site-packages/matplotlib/mpl-data/fonts/ttf/DejaVuSansMono-Bold.ttf', name='DejaVu Sans Mono', style='normal', variant='normal', weight=700, stretch='normal', size='scalable')) = 10.335
2026-06-21 16:23:45 - DEBUG - findfont: score(FontEntry(fname='/root/anaconda3/lib/python3.12/site-packages/matplotlib/mpl-data/fonts/ttf/cmss10.ttf', name='cmss10', style='normal', variant='normal', weight=400, stretch='normal', size='scalable')) = 10.05
2026-06-21 16:23:45 - DEBUG - findfont: score(FontEntry(fname='/root/anaconda3/lib/python3.12/site-packages/matplotlib/mpl-data/fonts/ttf/DejaVuSerif-Italic.ttf', name='DejaVu Serif', style='italic', variant='normal', weight=400, stretch='normal', size='scalable')) = 11.05
2026-06-21 16:23:45 - DEBUG - findfont: score(FontEntry(fname='/root/anaconda3/lib/python3.12/site-packages/matplotlib/mpl-data/fonts/ttf/cmb10.ttf', name='cmb10', style='normal', variant='normal', weight=400, stretch='normal', size='scalable')) = 10.05
2026-06-21 16:23:45 - DEBUG - findfont: score(FontEntry(fname='/root/anaconda3/lib/python3.12/site-packages/matplotlib/mpl-data/fonts/ttf/STIXSizTwoSymBol.ttf', name='STIXSizeTwoSym', style='normal', variant='normal', weight=700, stretch='normal', size='scalable')) = 10.335
2026-06-21 16:23:45 - DEBUG - findfont: score(FontEntry(fname='/root/anaconda3/lib/python3.12/site-packages/matplotlib/mpl-data/fonts/ttf/DejaVuSans.ttf', name='DejaVu Sans', style='normal', variant='normal', weight=400, stretch='normal', size='scalable')) = 0.05
2026-06-21 16:23:45 - DEBUG - findfont: score(FontEntry(fname='/root/anaconda3/lib/python3.12/site-packages/matplotlib/mpl-data/fonts/ttf/STIXGeneralItalic.ttf', name='STIXGeneral', style='italic', variant='normal', weight=400, stretch='normal', size='scalable')) = 11.05
2026-06-21 16:23:45 - DEBUG - findfont: score(FontEntry(fname='/root/anaconda3/lib/python3.12/site-packages/matplotlib/mpl-data/fonts/ttf/DejaVuSerif-Bold.ttf', name='DejaVu Serif', style='normal', variant='normal', weight=700, stretch='normal', size='scalable')) = 10.335
2026-06-21 16:23:45 - DEBUG - findfont: score(FontEntry(fname='/root/anaconda3/lib/python3.12/site-packages/matplotlib/mpl-data/fonts/ttf/STIXNonUni.ttf', name='STIXNonUnicode', style='normal', variant='normal', weight=400, stretch='normal', size='scalable')) = 10.05
2026-06-21 16:23:45 - DEBUG - findfont: score(FontEntry(fname='/root/anaconda3/lib/python3.12/site-packages/matplotlib/mpl-data/fonts/ttf/DejaVuSansDisplay.ttf', name='DejaVu Sans Display', style='normal', variant='normal', weight=400, stretch='normal', size='scalable')) = 10.05
2026-06-21 16:23:45 - DEBUG - findfont: score(FontEntry(fname='/root/anaconda3/lib/python3.12/site-packages/matplotlib/mpl-data/fonts/ttf/STIXSizThreeSymReg.ttf', name='STIXSizeThreeSym', style='normal', variant='normal', weight=400, stretch='normal', size='scalable')) = 10.05
2026-06-21 16:23:45 - DEBUG - findfont: score(FontEntry(fname='/root/anaconda3/lib/python3.12/site-packages/matplotlib/mpl-data/fonts/ttf/STIXSizFiveSymReg.ttf', name='STIXSizeFiveSym', style='normal', variant='normal', weight=400, stretch='normal', size='scalable')) = 10.05
2026-06-21 16:23:45 - DEBUG - findfont: score(FontEntry(fname='/root/anaconda3/lib/python3.12/site-packages/matplotlib/mpl-data/fonts/ttf/STIXNonUniIta.ttf', name='STIXNonUnicode', style='italic', variant='normal', weight=400, stretch='normal', size='scalable')) = 11.05
2026-06-21 16:23:45 - DEBUG - findfont: score(FontEntry(fname='/root/anaconda3/lib/python3.12/site-packages/matplotlib/mpl-data/fonts/ttf/cmsy10.ttf', name='cmsy10', style='normal', variant='normal', weight=400, stretch='normal', size='scalable')) = 10.05
2026-06-21 16:23:45 - DEBUG - findfont: score(FontEntry(fname='/root/anaconda3/lib/python3.12/site-packages/matplotlib/mpl-data/fonts/ttf/cmr10.ttf', name='cmr10', style='normal', variant='normal', weight=400, stretch='normal', size='scalable')) = 10.05
2026-06-21 16:23:45 - DEBUG - findfont: score(FontEntry(fname='/root/anaconda3/lib/python3.12/site-packages/matplotlib/mpl-data/fonts/ttf/STIXGeneral.ttf', name='STIXGeneral', style='normal', variant='normal', weight=400, stretch='normal', size='scalable')) = 10.05
2026-06-21 16:23:45 - DEBUG - findfont: score(FontEntry(fname='/root/anaconda3/lib/python3.12/site-packages/matplotlib/mpl-data/fonts/ttf/STIXNonUniBol.ttf', name='STIXNonUnicode', style='normal', variant='normal', weight=700, stretch='normal', size='scalable')) = 10.335
2026-06-21 16:23:45 - DEBUG - findfont: score(FontEntry(fname='/root/anaconda3/lib/python3.12/site-packages/matplotlib/mpl-data/fonts/ttf/STIXSizFourSymBol.ttf', name='STIXSizeFourSym', style='normal', variant='normal', weight=700, stretch='normal', size='scalable')) = 10.335
2026-06-21 16:23:45 - DEBUG - findfont: score(FontEntry(fname='/root/anaconda3/lib/python3.12/site-packages/matplotlib/mpl-data/fonts/ttf/STIXSizOneSymReg.ttf', name='STIXSizeOneSym', style='normal', variant='normal', weight=400, stretch='normal', size='scalable')) = 10.05
2026-06-21 16:23:45 - DEBUG - findfont: score(FontEntry(fname='/root/anaconda3/lib/python3.12/site-packages/matplotlib/mpl-data/fonts/ttf/STIXGeneralBolIta.ttf', name='STIXGeneral', style='italic', variant='normal', weight=700, stretch='normal', size='scalable')) = 11.335
2026-06-21 16:23:45 - DEBUG - findfont: score(FontEntry(fname='/root/anaconda3/lib/python3.12/site-packages/matplotlib/mpl-data/fonts/ttf/DejaVuSerifDisplay.ttf', name='DejaVu Serif Display', style='normal', variant='normal', weight=400, stretch='normal', size='scalable')) = 10.05
2026-06-21 16:23:45 - DEBUG - findfont: score(FontEntry(fname='/root/anaconda3/lib/python3.12/site-packages/matplotlib/mpl-data/fonts/ttf/DejaVuSans-Bold.ttf', name='DejaVu Sans', style='normal', variant='normal', weight=700, stretch='normal', size='scalable')) = 0.33499999999999996
2026-06-21 16:23:45 - DEBUG - findfont: score(FontEntry(fname='/root/anaconda3/lib/python3.12/site-packages/matplotlib/mpl-data/fonts/ttf/cmmi10.ttf', name='cmmi10', style='normal', variant='normal', weight=400, stretch='normal', size='scalable')) = 10.05
2026-06-21 16:23:45 - DEBUG - findfont: score(FontEntry(fname='/root/anaconda3/lib/python3.12/site-packages/matplotlib/mpl-data/fonts/ttf/cmtt10.ttf', name='cmtt10', style='normal', variant='normal', weight=400, stretch='normal', size='scalable')) = 10.05
2026-06-21 16:23:45 - DEBUG - findfont: score(FontEntry(fname='/root/anaconda3/lib/python3.12/site-packages/matplotlib/mpl-data/fonts/ttf/DejaVuSerif-BoldItalic.ttf', name='DejaVu Serif', style='italic', variant='normal', weight=700, stretch='normal', size='scalable')) = 11.335
2026-06-21 16:23:45 - DEBUG - findfont: score(FontEntry(fname='/root/anaconda3/lib/python3.12/site-packages/matplotlib/mpl-data/fonts/ttf/DejaVuSansMono.ttf', name='DejaVu Sans Mono', style='normal', variant='normal', weight=400, stretch='normal', size='scalable')) = 10.05
2026-06-21 16:23:45 - DEBUG - findfont: score(FontEntry(fname='/root/anaconda3/lib/python3.12/site-packages/matplotlib/mpl-data/fonts/ttf/DejaVuSansMono-BoldOblique.ttf', name='DejaVu Sans Mono', style[EMIB] Layout figure saved: /root/placement/MPDAP/output_gurobi_EMIB_chiplet_5_6_01_2/fig/syn5_core/solution_1_layout_gurobi.png
  ✓ EMIB: 1 solution(s)
/anaconda3/lib/python3.12/site-packages/matplotlib/mpl-data/fonts/ttf/STIXGeneralBol.ttf', name='STIXGeneral', style='normal', variant='normal', weight=700, stretch='normal', size='scalable')) = 10.335
2026-06-21 16:23:45 - DEBUG - findfont: score(FontEntry(fname='/root/anaconda3/lib/python3.12/site-packages/matplotlib/mpl-data/fonts/ttf/DejaVuSerif.ttf', name='DejaVu Serif', style='normal', variant='normal', weight=400, stretch='normal', size='scalable')) = 10.05
2026-06-21 16:23:45 - DEBUG - findfont: score(FontEntry(fname='/root/anaconda3/lib/python3.12/site-packages/matplotlib/mpl-data/fonts/ttf/DejaVuSans-Oblique.ttf', name='DejaVu Sans', style='oblique', variant='normal', weight=400, stretch='normal', size='scalable')) = 1.05
2026-06-21 16:23:45 - DEBUG - findfont: score(FontEntry(fname='/root/anaconda3/lib/python3.12/site-packages/matplotlib/mpl-data/fonts/ttf/DejaVuSans-BoldOblique.ttf', name='DejaVu Sans', style='oblique', variant='normal', weight=700, stretch='normal', size='scalable')) = 1.335
2026-06-21 16:23:45 - DEBUG - findfont: score(FontEntry(fname='/root/anaconda3/lib/python3.12/site-packages/matplotlib/mpl-data/fonts/ttf/DejaVuSansMono-Oblique.ttf', name='DejaVu Sans Mono', style='oblique', variant='normal', weight=400, stretch='normal', size='scalable')) = 11.05
2026-06-21 16:23:45 - DEBUG - findfont: score(FontEntry(fname='/root/anaconda3/lib/python3.12/site-packages/matplotlib/mpl-data/fonts/ttf/STIXNonUniBolIta.ttf', name='STIXNonUnicode', style='italic', variant='normal', weight=700, stretch='normal', size='scalable')) = 11.335
2026-06-21 16:23:45 - DEBUG - findfont: score(FontEntry(fname='/root/anaconda3/lib/python3.12/site-packages/matplotlib/mpl-data/fonts/ttf/STIXSizFourSymReg.ttf', name='STIXSizeFourSym', style='normal', variant='normal', weight=400, stretch='normal', size='scalable')) = 10.05
2026-06-21 16:23:45 - DEBUG - findfont: score(FontEntry(fname='/usr/share/fonts/truetype/dejavu/DejaVuSans-Bold.ttf', name='DejaVu Sans', style='normal', variant='normal', weight=700, stretch='normal', size='scalable')) = 0.33499999999999996
2026-06-21 16:23:45 - DEBUG - findfont: score(FontEntry(fname='/usr/share/fonts/truetype/dejavu/DejaVuSansMono-Bold.ttf', name='DejaVu Sans Mono', style='normal', variant='normal', weight=700, stretch='normal', size='scalable')) = 10.335
2026-06-21 16:23:45 - DEBUG - findfont: score(FontEntry(fname='/usr/share/fonts/truetype/dejavu/DejaVuSerif.ttf', name='DejaVu Serif', style='normal', variant='normal', weight=400, stretch='normal', size='scalable')) = 10.05
2026-06-21 16:23:45 - DEBUG - findfont: score(FontEntry(fname='/usr/share/fonts/truetype/dejavu/DejaVuSans.ttf', name='DejaVu Sans', style='normal', variant='normal', weight=400, stretch='normal', size='scalable')) = 0.05
2026-06-21 16:23:45 - DEBUG - findfont: score(FontEntry(fname='/usr/share/fonts/truetype/dejavu/DejaVuSansMono.ttf', name='DejaVu Sans Mono', style='normal', variant='normal', weight=400, stretch='normal', size='scalable')) = 10.05
2026-06-21 16:23:45 - DEBUG - findfont: score(FontEntry(fname='/usr/share/fonts/truetype/dejavu/DejaVuSerif-Bold.ttf', name='DejaVu Serif', style='normal', variant='normal', weight=700, stretch='normal', size='scalable')) = 10.335
2026-06-21 16:23:45 - DEBUG - findfont: Matching sans\-serif:style=normal:variant=normal:weight=normal:stretch=normal:size=10.0 to DejaVu Sans ('/root/anaconda3/lib/python3.12/site-packages/matplotlib/mpl-data/fonts/ttf/DejaVuSans.ttf') with score of 0.050000.
2026-06-21 16:23:47 - DEBUG - findfont: Matching sans\-serif:style=normal:variant=normal:weight=normal:stretch=normal:size=12.0.
2026-06-21 16:23:47 - DEBUG - findfont: score(FontEntry(fname='/root/anaconda3/lib/python3.12/site-packages/matplotlib/mpl-data/fonts/ttf/STIXSizTwoSymReg.ttf', name='STIXSizeTwoSym', style='normal', variant='normal', weight=400, stretch='normal', size='scalable')) = 10.05
2026-06-21 16:23:47 - DEBUG - findfont: score(FontEntry(fname='/root/anaconda3/lib/python3.12/site-packages/matplotlib/mpl-data/fonts/ttf/cmex10.ttf', name='cmex10', style='normal', variant='normal', weight=400, stretch='normal', size='scalable')) = 10.05
2026-06-21 16:23:47 - DEBUG - findfont: score(FontEntry(fname='/root/anaconda3/lib/python3.12/site-packages/matplotlib/mpl-data/fonts/ttf/STIXSizThreeSymBol.ttf', name='STIXSizeThreeSym', style='normal', variant='normal', weight=700, stretch='normal', size='scalable')) = 10.335
2026-06-21 16:23:47 - DEBUG - findfont: score(FontEntry(fname='/root/anaconda3/lib/python3.12/site-packages/matplotlib/mpl-data/fonts/ttf/STIXSizOneSymBol.ttf', name='STIXSizeOneSym', style='normal', variant='normal', weight=700, stretch='normal', size='scalable')) = 10.335
2026-06-21 16:23:47 - DEBUG - findfont: score(FontEntry(fname='/root/anaconda3/lib/python3.12/site-packages/matplotlib/mpl-data/fonts/ttf/DejaVuSansMono-Bold.ttf', name='DejaVu Sans Mono', style='normal', variant='normal', weight=700, stretch='normal', size='scalable')) = 10.335
2026-06-21 16:23:47 - DEBUG - findfont: score(FontEntry(fname='/root/anaconda3/lib/python3.12/site-packages/matplotlib/mpl-data/fonts/ttf/cmss10.ttf', name='cmss10', style='normal', variant='normal', weight=400, stretch='normal', size='scalable')) = 10.05
2026-06-21 16:23:47 - DEBUG - findfont: score(FontEntry(fname='/root/anaconda3/lib/python3.12/site-packages/matplotlib/mpl-data/fonts/ttf/DejaVuSerif-Italic.ttf', name='DejaVu Serif', style='italic', variant='normal', weight=400, stretch='normal', size='scalable')) = 11.05
2026-06-21 16:23:47 - DEBUG - findfont: score(FontEntry(fname='/root/anaconda3/lib/python3.12/site-packages/matplotlib/mpl-data/fonts/ttf/cmb10.ttf', name='cmb10', style='normal', variant='normal', weight=400, stretch='normal', size='scalable')) = 10.05
2026-06-21 16:23:47 - DEBUG - findfont: score(FontEntry(fname='/root/anaconda3/lib/python3.12/site-packages/matplotlib/mpl-data/fonts/ttf/STIXSizTwoSymBol.ttf', name='STIXSizeTwoSym', style='normal', variant='normal', weight=700, stretch='normal', size='scalable')) = 10.335
2026-06-21 16:23:47 - DEBUG - findfont: score(FontEntry(fname='/root/anaconda3/lib/python3.12/site-packages/matplotlib/mpl-data/fonts/ttf/DejaVuSans.ttf', name='DejaVu Sans', style='normal', variant='normal', weight=400, stretch='normal', size='scalable')) = 0.05
2026-06-21 16:23:47 - DEBUG - findfont: score(FontEntry(fname='/root/anaconda3/lib/python3.12/site-packages/matplotlib/mpl-data/fonts/ttf/STIXGeneralItalic.ttf', name='STIXGeneral', style='italic', variant='normal', weight=400, stretch='normal', size='scalable')) = 11.05
2026-06-21 16:23:47 - DEBUG - findfont: score(FontEntry(fname='/root/anaconda3/lib/python3.12/site-packages/matplotlib/mpl-data/fonts/ttf/DejaVuSerif-Bold.ttf', name='DejaVu Serif', style='normal', variant='normal', weight=700, stretch='normal', size='scalable')) = 10.335
2026-06-21 16:23:47 - DEBUG - findfont: score(FontEntry(fname='/root/anaconda3/lib/python3.12/site-packages/matplotlib/mpl-data/fonts/ttf/STIXNonUni.ttf', name='STIXNonUnicode', style='normal', variant='normal', weight=400, stretch='normal', size='scalable')) = 10.05
2026-06-21 16:23:47 - DEBUG - findfont: score(FontEntry(fname='/root/anaconda3/lib/python3.12/site-packages/matplotlib/mpl-data/fonts/ttf/DejaVuSansDisplay.ttf', name='DejaVu Sans Display', style='normal', variant='normal', weight=400, stretch='normal', size='scalable')) = 10.05
2026-06-21 16:23:47 - DEBUG - findfont: score(FontEntry(fname='/root/anaconda3/lib/python3.12/site-packages/matplotlib/mpl-data/fonts/ttf/STIXSizThreeSymReg.ttf', name='STIXSizeThreeSym', style='normal', variant='normal', weight=400, stretch='normal', size='scalable')) = 10.05
2026-06-21 16:23:47 - DEBUG - findfont: score(FontEntry(fname='/root/anaconda3/lib/python3.12/site-packages/matplotlib/mpl-data/fonts/ttf/STIXSizFiveSymReg.ttf', name='STIXSizeFiveSym', style='normal', variant='normal', weight=400, stretch='normal', size='scalable')) = 10.05
2026-06-21 16:23:47 - DEBUG - findfont: score(FontEntry(fname='/root/anaconda3/lib/python3.12/site-packages/matplotlib/mpl-data/fonts/ttf/STIXNonUniIta.ttf', name='STIXNonUnicode', style='italic', variant='normal', weight=400, stretch='normal', size='scalable')) = 11.05
2026-06-21 16:23:47 - DEBUG - findfont: score(FontEntry(fname='/root/anaconda3/lib/python3.12/site-packages/matplotlib/mpl-data/fonts/ttf/cmsy10.ttf', name='cmsy10', style='normal', variant='normal', weight=400, stretch='normal', size='scalable')) = 10.05
2026-06-21 16:23:47 - DEBUG - findfont: score(FontEntry(fname='/root/anaconda3/lib/python3.12/site-packages/matplotlib/mpl-data/fonts/ttf/cmr10.ttf', name='cmr10', style='normal', variant='normal', weight=400, stretch='normal', size='scalable')) = 10.05
2026-06-21 16:23:47 - DEBUG - findfont: score(FontEntry(fname='/root/anaconda3/lib/python3.12/site-packages/matplotlib/mpl-data/fonts/ttf/STIXGeneral.ttf', name='STIXGeneral', style='normal', variant='normal', weight=400, stretch='normal', size='scalable')) = 10.05
2026-06-21 16:23:47 - DEBUG - findfont: score(FontEntry(fname='/root/anaconda3/lib/python3.12/site-packages/matplotlib/mpl-data/fonts/ttf/STIXNonUniBol.ttf', name='STIXNonUnicode', style='normal', variant='normal', weight=700, stretch='normal', size='scalable')) = 10.335
2026-06-21 16:23:47 - DEBUG - findfont: score(FontEntry(fname='/root/anaconda3/lib/python3.12/site-packages/matplotlib/mpl-data/fonts/ttf/STIXSizFourSymBol.ttf', name='STIXSizeFourSym', style='normal', variant='normal', weight=700, stretch='normal', size='scalable')) = 10.335
2026-06-21 16:23:47 - DEBUG - findfont: score(FontEntry(fname='/root/anaconda3/lib/python3.12/site-packages/matplotlib/mpl-data/fonts/ttf/STIXSizOneSymReg.ttf', name='STIXSizeOneSym', style='normal', variant='normal', weight=400, stretch='normal', size='scalable')) = 10.05
2026-06-21 16:23:47 - DEBUG - findfont: score(FontEntry(fname='/root/anaconda3/lib/python3.12/site-packages/matplotlib/mpl-data/fonts/ttf/STIXGeneralBolIta.ttf', name='STIXGeneral', style='italic', variant='normal', weight=700, stretch='normal', size='scalable')) = 11.335
2026-06-21 16:23:47 - DEBUG - findfont: score(FontEntry(fname='/root/anaconda3/lib/python3.12/site-packages/matplotlib/mpl-data/fonts/ttf/DejaVuSerifDisplay.ttf', name='DejaVu Serif Display', style='normal', variant='normal', weight=400, stretch='normal', size='scalable')) = 10.05
2026-06-21 16:23:47 - DEBUG - findfont: score(FontEntry(fname='/root/anaconda3/lib/python3.12/site-packages/matplotlib/mpl-data/fonts/ttf/DejaVuSans-Bold.ttf', name='DejaVu Sans', style='normal', variant='normal', weight=700, stretch='normal', size='scalable')) = 0.33499999999999996
2026-06-21 16:23:47 - DEBUG - findfont: score(FontEntry(fname='/root/anaconda3/lib/python3.12/site-packages/matplotlib/mpl-data/fonts/ttf/cmmi10.ttf', name='cmmi10', style='normal', variant='normal', weight=400, stretch='normal', size='scalable')) = 10.05
2026-06-21 16:23:47 - DEBUG - findfont: score(FontEntry(fname='/root/anaconda3/lib/python3.12/site-packages/matplotlib/mpl-data/fonts/ttf/cmtt10.ttf', name='cmtt10', style='normal', variant='normal', weight=400, stretch='normal', size='scalable')) = 10.05
2026-06-21 16:23:47 - DEBUG - findfont: score(FontEntry(fname='/root/anaconda3/lib/python3.12/site-packages/matplotlib/mpl-data/fonts/ttf/DejaVuSerif-BoldItalic.ttf', name='DejaVu Serif', style='italic', variant='normal', weight=700, stretch='normal', size='scalable')) = 11.335
2026-06-21 16:23:47 - DEBUG - findfont: score(FontEntry(fname='/root/anaconda3/lib/python3.12/site-packages/matplotlib/mpl-data/fonts/ttf/DejaVuSansMono.ttf', name='DejaVu Sans Mono', style='normal', variant='normal', weight=400, stretch='normal', size='scalable')) = 10.05
2026-06-21 16:23:47 - DEBUG - findfont: score(FontEntry(fname='/root/anaconda3/lib/python3.12/site-packages/matplotlib/mpl-data/fonts/ttf/DejaVuSansMono-BoldOblique.ttf', name='DejaVu Sans Mono', style='oblique', variant='normal', weight=700, stretch='normal', size='scalable')) = 11.335
2026-06-21 16:23:47 - DEBUG - findfont: score(FontEntry(fname='/root/anaconda3/lib/python3.12/site-packages/matplotlib/mpl-data/fonts/ttf/STIXGeneralBol.ttf', name='STIXGeneral', style='normal', variant='normal', weight=700, stretch='normal', size='scalable')) = 10.335
2026-06-21 16:23:47 - DEBUG - findfont: score(FontEntry(fname='/root/anaconda3/lib/python3.12/site-packages/matplotlib/mpl-data/fonts/ttf/DejaVuSerif.ttf', name='DejaVu Serif', style='normal', variant='normal', weight=400, stretch='normal', size='scalable')) = 10.05
2026-06-21 16:23:47 - DEBUG - findfont: score(FontEntry(fname='/root/anaconda3/lib/python3.12/site-packages/matplotlib/mpl-data/fonts/ttf/DejaVuSans-Oblique.ttf', name='DejaVu Sans', style='oblique', variant='normal', weight=400, stretch='normal', size='scalable')) = 1.05
2026-06-21 16:23:47 - DEBUG - findfont: score(FontEntry(fname='/root/anaconda3/lib/python3.12/site-packages/matplotlib/mpl-data/fonts/ttf/DejaVuSans-BoldOblique.ttf', name='DejaVu Sans', style='oblique', variant='normal', weight=700, stretch='normal', size='scalable')) = 1.335
2026-06-21 16:23:47 - DEBUG - findfont: score(FontEntry(fname='/root/anaconda3/lib/python3.12/site-packages/matplotlib/mpl-data/fonts/ttf/DejaVuSansMono-Oblique.ttf', name='DejaVu Sans Mono', style='oblique', variant='normal', weight=400, stretch='normal', size='scalable')) = 11.05
2026-06-21 16:23:47 - DEBUG - findfont: score(FontEntry(fname='/root/anaconda3/lib/python3.12/site-packages/matplotlib/mpl-data/fonts/ttf/STIXNonUniBolIta.ttf', name='STIXNonUnicode', style='italic', variant='normal', weight=700, stretch='normal', size='scalable')) = 11.335
2026-06-21 16:23:47 - DEBUG - findfont: score(FontEntry(fname='/root/anaconda3/lib/python3.12/site-packages/matplotlib/mpl-data/fonts/ttf/STIXSizFourSymReg.ttf', name='STIXSizeFourSym', style='normal', variant='normal', weight=400, stretch='normal', size='scalable')) = 10.05
2026-06-21 16:23:47 - DEBUG - findfont: score(FontEntry(fname='/usr/share/fonts/truetype/dejavu/DejaVuSans-Bold.ttf', name='DejaVu Sans', style='normal', variant='normal', weight=700, stretch='normal', size='scalable')) = 0.33499999999999996
2026-06-21 16:23:47 - DEBUG - findfont: score(FontEntry(fname='/usr/share/fonts/truetype/dejavu/DejaVuSansMono-Bold.ttf', name='DejaVu Sans Mono', style='normal', variant='normal', weight=700, stretch='normal', size='scalable')) = 10.335
2026-06-21 16:23:47 - DEBUG - findfont: score(FontEntry(fname='/usr/share/fonts/truetype/dejavu/DejaVuSerif.ttf', name='DejaVu Serif', style='normal', variant='normal', weight=400, stretch='normal', size='scalable')) = 10.05
2026-06-21 16:23:47 - DEBUG - findfont: score(FontEntry(fname='/usr/share/fonts/truetype/dejavu/DejaVuSans.ttf', name='DejaVu Sans', style='normal', variant='normal', weight=400, stretch='normal', size='scalable')) = 0.05
2026-06-21 16:23:47 - DEBUG - findfont: score(FontEntry(fname='/usr/share/fonts/truetype/dejavu/DejaVuSansMono.ttf', name='DejaVu Sans Mono', style='normal', variant='normal', weight=400, stretch='normal', size='scalable')) = 10.05
2026-06-21 16:23:47 - DEBUG - findfont: score(FontEntry(fname='/usr/share/fonts/truetype/dejavu/DejaVuSerif-Bold.ttf', name='DejaVu Serif', style='normal', variant='normal', weight=700, stretch='normal', size='scalable')) = 10.335
2026-06-21 16:23:47 - DEBUG - findfont: Matching sans\-serif:style=normal:variant=normal:weight=normal:stretch=normal:size=12.0 to DejaVu Sans ('/root/anaconda3/lib/python3.12/site-packages/matplotlib/mpl-data/fonts/ttf/DejaVuSans.ttf') with score of 0.050000.
2026-06-21 16:23:47 - DEBUG - findfont: Matching sans\-serif:style=normal:variant=normal:weight=bold:stretch=normal:size=9.0.
2026-06-21 16:23:47 - DEBUG - findfont: score(FontEntry(fname='/root/anaconda3/lib/python3.12/site-packages/matplotlib/mpl-data/fonts/ttf/STIXSizTwoSymReg.ttf', name='STIXSizeTwoSym', style='normal', variant='normal', weight=400, stretch='normal', size='scalable')) = 10.335
2026-06-21 16:23:47 - DEBUG - findfont: score(FontEntry(fname='/root/anaconda3/lib/python3.12/site-packages/matplotlib/mpl-data/fonts/ttf/cmex10.ttf', name='cmex10', style='normal', variant='normal', weight=400, stretch='normal', size='scalable')) = 10.335
2026-06-21 16:23:47 - DEBUG - findfont: score(FontEntry(fname='/root/anaconda3/lib/python3.12/site-packages/matplotlib/mpl-data/fonts/ttf/STIXSizThreeSymBol.ttf', name='STIXSizeThreeSym', style='normal', variant='normal', weight=700, stretch='normal', size='scalable')) = 10.05
2026-06-21 16:23:47 - DEBUG - findfont: score(FontEntry(fname='/root/anaconda3/lib/python3.12/site-packages/matplotlib/mpl-data/fonts/ttf/STIXSizOneSymBol.ttf', name='STIXSizeOneSym', style='normal', variant='normal', weight=700, stretch='normal', size='scalable')) = 10.05
2026-06-21 16:23:47 - DEBUG - findfont: score(FontEntry(fname='/root/anaconda3/lib/python3.12/site-packages/matplotlib/mpl-data/fonts/ttf/DejaVuSansMono-Bold.ttf', name='DejaVu Sans Mono', style='normal', variant='normal', weight=700, stretch='normal', size='scalable')) = 10.05
2026-06-21 16:23:47 - DEBUG - findfont: score(FontEntry(fname='/root/anaconda3/lib/python3.12/site-packages/matplotlib/mpl-data/fonts/ttf/cmss10.ttf', name='cmss10', style='normal', variant='normal', weight=400, stretch='normal', size='scalable')) = 10.335
2026-06-21 16:23:47 - DEBUG - findfont: score(FontEntry(fname='/root/anaconda3/lib/python3.12/site-packages/matplotlib/mpl-data/fonts/ttf/DejaVuSerif-Italic.ttf', name='DejaVu Serif', style='italic', variant='normal', weight=400, stretch='normal', size='scalable')) = 11.335
2026-06-21 16:23:47 - DEBUG - findfont: score(FontEntry(fname='/root/anaconda3/lib/python3.12/site-packages/matplotlib/mpl-data/fonts/ttf/cmb10.ttf', name='cmb10', style='normal', variant='normal', weight=400, stretch='normal', size='scalable')) = 10.335
2026-06-21 16:23:47 - DEBUG - findfont: score(FontEntry(fname='/root/anaconda3/lib/python3.12/site-packages/matplotlib/mpl-data/fonts/ttf/STIXSizTwoSymBol.ttf', name='STIXSizeTwoSym', style='normal', variant='normal', weight=700, stretch='normal', size='scalable')) = 10.05
2026-06-21 16:23:47 - DEBUG - findfont: score(FontEntry(fname='/root/anaconda3/lib/python3.12/site-packages/matplotlib/mpl-data/fonts/ttf/DejaVuSans.ttf', name='DejaVu Sans', style='normal', variant='normal', weight=400, stretch='normal', size='scalable')) = 0.33499999999999996
2026-06-21 16:23:47 - DEBUG - findfont: score(FontEntry(fname='/root/anaconda3/lib/python3.12/site-packages/matplotlib/mpl-data/fonts/ttf/STIXGeneralItalic.ttf', name='STIXGeneral', style='italic', variant='normal', weight=400, stretch='normal', size='scalable')) = 11.335
2026-06-21 16:23:47 - DEBUG - findfont: score(FontEntry(fname='/root/anaconda3/lib/python3.12/site-packages/matplotlib/mpl-data/fonts/ttf/DejaVuSerif-Bold.ttf', name='DejaVu Serif', style='normal', variant='normal', weight=700, stretch='normal', size='scalable')) = 10.05
2026-06-21 16:23:47 - DEBUG - findfont: score(FontEntry(fname='/root/anaconda3/lib/python3.12/site-packages/matplotlib/mpl-data/fonts/ttf/STIXNonUni.ttf', name='STIXNonUnicode', style='normal', variant='normal', weight=400, stretch='normal', size='scalable')) = 10.335
2026-06-21 16:23:47 - DEBUG - findfont: score(FontEntry(fname='/root/anaconda3/lib/python3.12/site-packages/matplotlib/mpl-data/fonts/ttf/DejaVuSansDisplay.ttf', name='DejaVu Sans Display', style='normal', variant='normal', weight=400, stretch='normal', size='scalable')) = 10.335
2026-06-21 16:23:47 - DEBUG - findfont: score(FontEntry(fname='/root/anaconda3/lib/python3.12/site-packages/matplotlib/mpl-data/fonts/ttf/STIXSizThreeSymReg.ttf', name='STIXSizeThreeSym', style='normal', variant='normal', weight=400, stretch='normal', size='scalable')) = 10.335
2026-06-21 16:23:47 - DEBUG - findfont: score(FontEntry(fname='/root/anaconda3/lib/python3.12/site-packages/matplotlib/mpl-data/fonts/ttf/STIXSizFiveSymReg.ttf', name='STIXSizeFiveSym', style='normal', variant='normal', weight=400, stretch='normal', size='scalable')) = 10.335
2026-06-21 16:23:47 - DEBUG - findfont: score(FontEntry(fname='/root/anaconda3/lib/python3.12/site-packages/matplotlib/mpl-data/fonts/ttf/STIXNonUniIta.ttf', name='STIXNonUnicode', style='italic', variant='normal', weight=400, stretch='normal', size='scalable')) = 11.335
2026-06-21 16:23:47 - DEBUG - findfont: score(FontEntry(fname='/root/anaconda3/lib/python3.12/site-packages/matplotlib/mpl-data/fonts/ttf/cmsy10.ttf', name='cmsy10', style='normal', variant='normal', weight=400, stretch='normal', size='scalable')) = 10.335
2026-06-21 16:23:47 - DEBUG - findfont: score(FontEntry(fname='/root/anaconda3/lib/python3.12/site-packages/matplotlib/mpl-data/fonts/ttf/cmr10.ttf', name='cmr10', style='normal', variant='normal', weight=400, stretch='normal', size='scalable')) = 10.335
2026-06-21 16:23:47 - DEBUG - findfont: score(FontEntry(fname='/root/anaconda3/lib/python3.12/site-packages/matplotlib/mpl-data/fonts/ttf/STIXGeneral.ttf', name='STIXGeneral', style='normal', variant='normal', weight=400, stretch='normal', size='scalable')) = 10.335
2026-06-21 16:23:47 - DEBUG - findfont: score(FontEntry(fname='/root/anaconda3/lib/python3.12/site-packages/matplotlib/mpl-data/fonts/ttf/STIXNonUniBol.ttf', name='STIXNonUnicode', style='normal', variant='normal', weight=700, stretch='normal', size='scalable')) = 10.05
2026-06-21 16:23:47 - DEBUG - findfont: score(FontEntry(fname='/root/anaconda3/lib/python3.12/site-packages/matplotlib/mpl-data/fonts/ttf/STIXSizFourSymBol.ttf', name='STIXSizeFourSym', style='normal', variant='normal', weight=700, stretch='normal', size='scalable')) = 10.05
2026-06-21 16:23:47 - DEBUG - findfont: score(FontEntry(fname='/root/anaconda3/lib/python3.12/site-packages/matplotlib/mpl-data/fonts/ttf/STIXSizOneSymReg.ttf', name='STIXSizeOneSym', style='normal', variant='normal', weight=400, stretch='normal', size='scalable')) = 10.335
2026-06-21 16:23:47 - DEBUG - findfont: score(FontEntry(fname='/root/anaconda3/lib/python3.12/site-packages/matplotlib/mpl-data/fonts/ttf/STIXGeneralBolIta.ttf', name='STIXGeneral', style='italic', variant='normal', weight=700, stretch='normal', size='scalable')) = 11.05
2026-06-21 16:23:47 - DEBUG - findfont: score(FontEntry(fname='/root/anaconda3/lib/python3.12/site-packages/matplotlib/mpl-data/fonts/ttf/DejaVuSerifDisplay.ttf', name='DejaVu Serif Display', style='normal', variant='normal', weight=400, stretch='normal', size='scalable')) = 10.335
2026-06-21 16:23:47 - DEBUG - findfont: score(FontEntry(fname='/root/anaconda3/lib/python3.12/site-packages/matplotlib/mpl-data/fonts/ttf/DejaVuSans-Bold.ttf', name='DejaVu Sans', style='normal', variant='normal', weight=700, stretch='normal', size='scalable')) = 0.05
2026-06-21 16:23:47 - DEBUG - findfont: score(FontEntry(fname='/root/anaconda3/lib/python3.12/site-packages/matplotlib/mpl-data/fonts/ttf/cmmi10.ttf', name='cmmi10', style='normal', variant='normal', weight=400, stretch='normal', size='scalable')) = 10.335
2026-06-21 16:23:47 - DEBUG - findfont: score(FontEntry(fname='/root/anaconda3/lib/python3.12/site-packages/matplotlib/mpl-data/fonts/ttf/cmtt10.ttf', name='cmtt10', style='normal', variant='normal', weight=400, stretch='normal', size='scalable')) = 10.335
2026-06-21 16:23:47 - DEBUG - findfont: score(FontEntry(fname='/root/anaconda3/lib/python3.12/site-packages/matplotlib/mpl-data/fonts/ttf/DejaVuSerif-BoldItalic.ttf', name='DejaVu Serif', style='italic', variant='normal', weight=700, stretch='normal', size='scalable')) = 11.05
2026-06-21 16:23:47 - DEBUG - findfont: score(FontEntry(fname='/root/anaconda3/lib/python3.12/site-packages/matplotlib/mpl-data/fonts/ttf/DejaVuSansMono.ttf', name='DejaVu Sans Mono', style='normal', variant='normal', weight=400, stretch='normal', size='scalable')) = 10.335
2026-06-21 16:23:47 - DEBUG - findfont: score(FontEntry(fname='/root/anaconda3/lib/python3.12/site-packages/matplotlib/mpl-data/fonts/ttf/DejaVuSansMono-BoldOblique.ttf', name='DejaVu Sans Mono', style='oblique', variant='normal', weight=700, stretch='normal', size='scalable')) = 11.05
2026-06-21 16:23:47 - DEBUG - findfont: score(FontEntry(fname='/root/anaconda3/lib/python3.12/site-packages/matplotlib/mpl-data/fonts/ttf/STIXGeneralBol.ttf', name='STIXGeneral', style='normal', variant='normal', weight=700, stretch='normal', size='scalable')) = 10.05
2026-06-21 16:23:47 - DEBUG - findfont: score(FontEntry(fname='/root/anaconda3/lib/python3.12/site-packages/matplotlib/mpl-data/fonts/ttf/DejaVuSerif.ttf', name='DejaVu Serif', style='normal', variant='normal', weight=400, stretch='normal', size='scalable')) = 10.335
2026-06-21 16:23:47 - DEBUG - findfont: score(FontEntry(fname='/root/anaconda3/lib/python3.12/site-packages/matplotlib/mpl-data/fonts/ttf/DejaVuSans-Oblique.ttf', name='DejaVu Sans', style='oblique', variant='normal', weight=400, stretch='normal', size='scalable')) = 1.335
2026-06-21 16:23:47 - DEBUG - findfont: score(FontEntry(fname='/root/anaconda3/lib/python3.12/site-packages/matplotlib/mpl-data/fonts/ttf/DejaVuSans-BoldOblique.ttf', name='DejaVu Sans', style='oblique', variant='normal', weight=700, stretch='normal', size='scalable')) = 1.05
2026-06-21 16:23:47 - DEBUG - findfont: score(FontEntry(fname='/root/anaconda3/lib/python3.12/site-packages/matplotlib/mpl-data/fonts/ttf/DejaVuSansMono-Oblique.ttf', name='DejaVu Sans Mono', style='oblique', variant='normal', weight=400, stretch='normal', size='scalable')) = 11.335
2026-06-21 16:23:47 - DEBUG - findfont: score(FontEntry(fname='/root/anaconda3/lib/python3.12/site-packages/matplotlib/mpl-data/fonts/ttf/STIXNonUniBolIta.ttf', name='STIXNonUnicode', style='italic', variant='normal', weight=700, stretch='normal', size='scalable')) = 11.05
2026-06-21 16:23:47 - DEBUG - findfont: score(FontEntry(fname='/root/anaconda3/lib/python3.12/site-packages/matplotlib/mpl-data/fonts/ttf/STIXSizFourSymReg.ttf', name='STIXSizeFourSym', style='normal', variant='normal', weight=400, stretch='normal', size='scalable')) = 10.335
2026-06-21 16:23:47 - DEBUG - findfont: score(FontEntry(fname='/usr/share/fonts/truetype/dejavu/DejaVuSans-Bold.ttf', name='DejaVu Sans', style='normal', variant='normal', weight=700, stretch='normal', size='scalable')) = 0.05
2026-06-21 16:23:47 - DEBUG - findfont: score(FontEntry(fname='/usr/share/fonts/truetype/dejavu/DejaVuSansMono-Bold.ttf', name='DejaVu Sans Mono', style='normal', variant='normal', weight=700, stretch='normal', size='scalable')) = 10.05
2026-06-21 16:23:47 - DEBUG - findfont: score(FontEntry(fname='/usr/share/fonts/truetype/dejavu/DejaVuSerif.ttf', name='DejaVu Serif', style='normal', variant='normal', weight=400, stretch='normal', size='scalable')) = 10.335
2026-06-21 16:23:47 - DEBUG - findfont: score(FontEntry(fname='/usr/share/fonts/truetype/dejavu/DejaVuSans.ttf', name='DejaVu Sans', style='normal', variant='normal', weight=400, stretch='normal', size='scalable')) = 0.33499999999999996
2026-06-21 16:23:47 - DEBUG - findfont: score(FontEntry(fname='/usr/share/fonts/truetype/dejavu/DejaVuSansMono.ttf', name='DejaVu Sans Mono', style='normal', variant='normal', weight=400, stretch='normal', size='scalable')) = 10.335
2026-06-21 16:23:47 - DEBUG - findfont: score(FontEntry(fname='/usr/share/fonts/truetype/dejavu/DejaVuSerif-Bold.ttf', name='DejaVu Serif', style='normal', variant='normal', weight=700, stretch='normal', size='scalable')) = 10.05
2026-06-21 16:23:47 - DEBUG - findfont: Matching sans\-serif:style=normal:variant=normal:weight=bold:stretch=normal:size=9.0 to DejaVu Sans ('/root/anaconda3/lib/python3.12/site-packages/matplotlib/mpl-data/fonts/ttf/DejaVuSans-Bold.ttf') with score of 0.050000.
2026-06-21 16:23:48 - INFO - 
EMIB returned 1 solution(s) (max 1).
