node 0 w: 11.0, h: 11.0
node 1 w: 11.0, h: 10.0
node 2 w: 6.02026-07-02 03:51:12 - INFO - Set parameter Username
2026-07-02 03:51:12 - INFO - Set parameter LicenseID to value 2840060
2026-07-02 03:51:12 - INFO - Academic license - for non-commercial use only - expires 2027-07-01
2026-07-02 03:51:12 - INFO - Set parameter TimeLimit to value 300
2026-07-02 03:51:12 - INFO - Set parameter MIPGap to value 0
2026-07-02 03:51:12 - INFO - Set parameter MIPFocus to value 3
2026-07-02 03:51:12 - INFO - Set parameter Heuristics to value 0.5
2026-07-02 03:51:12 - INFO - Set parameter LogToConsole to value 1
2026-07-02 03:51:12 - INFO - Gurobi Optimizer version 13.0.1 build v13.0.1rc0 (linux64 - "Ubuntu 20.04.6 LTS")
2026-07-02 03:51:12 - INFO - 
2026-07-02 03:51:12 - INFO - CPU model: AMD Ryzen 9 9950X3D 16-Core Processor, instruction set [SSE2|AVX|AVX2|AVX512]
2026-07-02 03:51:12 - INFO - Thread count: 14 physical cores, 28 logical processors, using up to 28 threads
2026-07-02 03:51:12 - INFO - 
2026-07-02 03:51:12 - INFO - Non-default parameters:
2026-07-02 03:51:12 - INFO - TimeLimit  300
2026-07-02 03:51:12 - INFO - MIPGap  0
2026-07-02 03:51:12 - INFO - Heuristics  0.5
2026-07-02 03:51:12 - INFO - MIPFocus  3
2026-07-02 03:51:12 - INFO - 
2026-07-02 03:51:12 - INFO - Optimize a model with 2053 rows, 937 columns and 7057 nonzeros (Min)
2026-07-02 03:51:12 - INFO - Model fingerprint: 0xfee5bd7c
2026-07-02 03:51:12 - INFO - Model has 4 linear objective coefficients
2026-07-02 03:51:12 - INFO - Variable types: 352 continuous, 585 integer (585 binary)
2026-07-02 03:51:12 - INFO - Coefficient statistics:
2026-07-02 03:51:12 - INFO -   Matrix range     [3e-01, 4e+03]
2026-07-02 03:51:12 - INFO -   Objective range  [8e-06, 1e-01]
2026-07-02 03:51:12 - INFO -   Bounds range     [9e-01, 2e+07]
2026-07-02 03:51:12 - INFO -   RHS range        [9e-01, 2e+02]
2026-07-02 03:51:12 - INFO - 
2026-07-02 03:51:12 - INFO - Presolve removed 165 rows and 148 columns
2026-07-02 03:51:12 - INFO - Presolve time: 0.01s
2026-07-02 03:51:12 - INFO - Presolved: 1888 rows, 789 columns, 6342 nonzeros
2026-07-02 03:51:12 - INFO - Variable types: 241 continuous, 548 integer (548 binary)
2026-07-02 03:51:12 - INFO - Root relaxation presolve removed 224 rows and 56 columns
2026-07-02 03:51:12 - INFO - Root relaxation presolved: 1664 rows, 777 columns, 5848 nonzeros
2026-07-02 03:51:12 - INFO - 
2026-07-02 03:51:12 - INFO - 
2026-07-02 03:51:12 - INFO - Root relaxation: objective -2.516643e+01, 389 iterations, 0.01 seconds (0.01 work units)
2026-07-02 03:51:12 - INFO - 
2026-07-02 03:51:12 - INFO -     Nodes    |    Current Node    |     Objective Bounds      |     Work
2026-07-02 03:51:12 - INFO -  Expl Unexpl |  Obj  Depth IntInf | Incumbent    BestBd   Gap | It/Node Time
2026-07-02 03:51:12 - INFO - 
2026-07-02 03:51:12 - INFO -      0     0  -25.16643    0  232          -  -25.16643      -     -    0s
2026-07-02 03:51:13 - INFO -      0     0  -19.25513    0  277          -  -19.25513      -     -    0s
2026-07-02 03:51:13 - INFO -      0     0  -19.25513    0  243          -  -19.25513      -     -    0s
2026-07-02 03:51:13 - INFO -      0     0  -13.48751    0  247          -  -13.48751      -     -    0s
2026-07-02 03:51:13 - INFO -      0     0  -13.48751    0  247          -  -13.48751      -     -    0s
2026-07-02 03:51:13 - INFO -      0     0  -13.48751    0  248          -  -13.48751      -     -    0s
2026-07-02 03:51:13 - INFO -      0     0   -8.87652    0  262          -   -8.87652      -     -    0s
2026-07-02 03:51:13 - INFO -      0     0   -8.87652    0  260          -   -8.87652      -     -    0s
2026-07-02 03:51:13 - INFO -      0     0   -8.87652    0  219          -   -8.87652      -     -    0s
2026-07-02 03:51:13 - INFO -      0     0   -3.01391    0  223          -   -3.01391      -     -    0s
2026-07-02 03:51:13 - INFO -      0     0   -3.01391    0  231          -   -3.01391      -     -    0s
2026-07-02 03:51:13 - INFO -      0     0   -3.01391    0  235          -   -3.01391      -     -    0s
2026-07-02 03:51:13 - INFO -      0     0   -1.85433    0  214          -   -1.85433      -     -    1s
2026-07-02 03:51:13 - INFO -      0     0   -1.85433    0  205          -   -1.85433      -     -    1s
2026-07-02 03:51:14 - INFO -      0     0   -1.85433    0  183          -   -1.85433      -     -    1s
2026-07-02 03:51:14 - INFO -      0     0   -0.76356    0  197          -   -0.76356      -     -    1s
2026-07-02 03:51:14 - INFO -      0     0   -0.76356    0  221          -   -0.76356      -     -    1s
2026-07-02 03:51:14 - INFO -      0     0   -0.76356    0  229          -   -0.76356      -     -    1s
2026-07-02 03:51:14 - INFO -      0     0   -0.76356    0  228          -   -0.76356      -     -    1s
2026-07-02 03:51:14 - INFO -      0     0   -0.54548    0  236          -   -0.54548      -     -    1s
2026-07-02 03:51:14 - INFO -      0     0   -0.54548    0  233          -   -0.54548      -     -    1s
2026-07-02 03:51:14 - INFO -      0     0   -0.54548    0  196          -   -0.54548      -     -    1s
2026-07-02 03:51:14 - INFO -      0     0   -0.51803    0  222          -   -0.51803      -     -    1s
2026-07-02 03:51:14 - INFO -      0     0   -0.51803    0  232          -   -0.51803      -     -    1s
2026-07-02 03:51:14 - INFO -      0     0   -0.51803    0  236          -   -0.51803      -     -    1s
2026-07-02 03:51:14 - INFO -      0     0   -0.51803    0  235          -   -0.51803      -     -    1s
2026-07-02 03:51:14 - INFO -      0     0   -0.51803    0  233          -   -0.51803      -     -    1s
2026-07-02 03:51:14 - INFO -      0     0   -0.51803    0  233          -   -0.51803      -     -    1s
2026-07-02 03:51:14 - INFO -      0     0   -0.50154    0  240          -   -0.50154      -     -    2s
2026-07-02 03:51:14 - INFO -      0     0   -0.50154    0  240          -   -0.50154      -     -    2s
2026-07-02 03:51:14 - INFO -      0     0   -0.50154    0  219          -   -0.50154      -     -    2s
2026-07-02 03:51:15 - INFO -      0     0   -0.47894    0  226          -   -0.47894      -     -    2s
2026-07-02 03:51:15 - INFO -      0     0   -0.47894    0  239          -   -0.47894      -     -    2s
2026-07-02 03:51:15 - INFO -      0     0   -0.47813    0  229          -   -0.47813      -     -    2s
2026-07-02 03:51:15 - INFO -      0     0   -0.47813    0  228          -   -0.47813      -     -    2s
2026-07-02 03:51:15 - INFO -      0     0   -0.47813    0  210          -   -0.47813      -     -    2s
2026-07-02 03:51:15 - INFO -      0     0   -0.42994    0  235          -   -0.42994      -     -    2s
2026-07-02 03:51:15 - INFO -      0     0   -0.42994    0  240          -   -0.42994      -     -    2s
2026-07-02 03:51:15 - INFO -      0     0   -0.42769    0  241          -   -0.42769      -     -    2s
2026-07-02 03:51:15 - INFO -      0     0   -0.42337    0  246          -   -0.42337      -     -    3s
2026-07-02 03:51:15 - INFO -      0     0   -0.42337    0  204          -   -0.42337      -     -    3s
2026-07-02 03:51:16 - INFO -      0     0   -0.40710    0  234          -   -0.40710      -     -    3s
2026-07-02 03:51:16 - INFO -      0     0   -0.06296    0  231          -   -0.06296      -     -    3s
2026-07-02 03:51:16 - INFO -      0     0   -0.06296    0  231          -   -0.06296      -     -    3s
2026-07-02 03:51:16 - INFO -      0     0   -0.06296    0  215          -   -0.06296      -     -    3s
2026-07-02 03:51:16 - INFO -      0     0   -0.06273    0  198          -   -0.06273      -     -    3s
2026-07-02 03:51:16 - INFO -      0     0   -0.06273    0  190          -   -0.06273      -     -    3s
2026-07-02 03:51:17 - INFO -      0     2   -0.06273    0  190          -   -0.06273      -     -    5s
2026-07-02 03:51:22 - INFO -   1948  1913    2.27967   15  224          -    2.15300      -  59.2   10s
2026-07-02 03:51:27 - INFO -   4326  3617    4.39220   17  206          -    3.84011      -  87.0   15s
2026-07-02 03:51:32 - INFO -  11372  8683    4.12977   19  183          -    4.01372      -  82.0   20s
2026-07-02 03:51:37 - INFO -  18620 14020    4.71704   21  159          -    4.14699      -  81.1   25s
2026-07-02 03:51:43 - INFO -  31489 21259    4.31413   24  160          -    4.24375      -  79.7   30s
2026-07-02 03:51:47 - INFO -  43769 29163    5.69579   20  196          -    4.30992      -  78.5   35s
2026-07-02 03:51:52 - INFO -  51920 33372    4.68640   21  158          -    4.35320      -  79.2   40s
2026-07-02 03:51:58 - INFO -  62795 37999    4.88560   26  191          -    4.40009      -  79.6   45s
2026-07-02 03:52:03 - INFO -  73592 44522    4.94899   20  170          -    4.44790      -  79.9   50s
2026-07-02 03:52:08 - INFO -  85175 48614    5.41301   27  166          -    4.48943      -  80.0   55s
2026-07-02 03:52:13 - INFO -  96607 52886    5.05311   25  140          -    4.52982      -  80.4   60s
2026-07-02 03:52:17 - INFO -  99750 54730    4.66386   25  193          -    4.54160      -  80.8   65s
2026-07-02 03:52:23 - INFO -  110441 60590    6.48526   23  170          -    4.57569      -  81.3   70s
2026-07-02 03:52:28 - INFO -  122824 65128 infeasible   28               -    4.61226      -  81.8   75s
2026-07-02 03:52:33 - INFO -  138519 70107    5.24441   24  155          -    4.65285      -  82.4   80s
2026-07-02 03:52:37 - INFO -  140263 70808    5.30720   25  168          -    4.66066      -  82.7   85s
2026-07-02 03:52:42 - INFO -  150129 75569    5.20877   23  145          -    4.68064      -  83.0   90s
2026-07-02 03:52:48 - INFO -  161004 79583    4.76191   28  157          -    4.70556      -  83.4   95s
2026-07-02 03:52:53 - INFO -  175274 83695    5.15961   25  118          -    4.73443      -  83.9  100s
2026-07-02 03:52:59 - INFO -  178915 86318    5.32131   25  185          -    4.74317      -  84.0  106s
2026-07-02 03:53:03 - INFO -  191619 90632    5.05662   26  212          -    4.76567      -  84.5  110s
2026-07-02 03:53:08 - INFO -  196643 91722    5.87835   28  151          -    4.77767      -  84.8  115s
2026-07-02 03:53:12 - INFO -  204646 94064    5.13326   25  145          -    4.78701      -  85.1  120s
2026-07-02 03:53:18 - INFO -  214257 98355    5.35050   25  205          -    4.80751      -  85.5  125s
2026-07-02 03:53:23 - INFO -  220505 100834    5.50990   23  181          -    4.82045      -  85.9  130s
2026-07-02 03:53:28 - INFO -  225482 102414    5.50277   22  161          -    4.83028      -  86.2  136s
2026-07-02 03:53:36 - INFO -  229631 108405    5.17217   26  191          -    4.83655      -  86.3  144s
2026-07-02 03:53:38 - INFO -  248124 109201    5.16888   24  236          -    4.85379      -  86.7  145s
2026-07-02 03:53:43 - INFO -  252301 110762    5.18283   27  168          -    4.86897      -  87.1  150s
2026-07-02 03:53:48 - INFO -  266294 115320 infeasible   29               -    4.88712      -  87.8  155s
2026-07-02 03:53:53 - INFO -  272053 116091    5.28390   28  182          -    4.89778      -  88.1  160s
2026-07-02 03:53:58 - INFO -  274390 117724 infeasible   26               -    4.90044      -  88.3  165s
2026-07-02 03:54:04 - INFO -  282914 120290    5.19338   25  190          -    4.91232      -  88.7  171s
2026-07-02 03:54:08 - INFO -  293608 123401    5.33606   29  138          -    4.92690      -  89.2  175s
2026-07-02 03:54:13 - INFO -  301159 125807    5.15303   29  179          -    4.93379      -  89.6  181s
2026-07-02 03:54:18 - INFO -  308825 127065    5.50019   27  131          -    4.94737      -  90.0  185s
2026-07-02 03:54:23 - INFO -  311031 127956    5.76214   31  151          -    4.95014      -  90.1  190s
2026-07-02 03:54:28 - INFO -  319412 131216 infeasible   25               -    4.95701      -  90.5  195s
2026-07-02 03:54:33 - INFO -  327373 133146    5.81445   29  132          -    4.97342      -  90.8  200s
2026-07-02 03:54:37 - INFO -  336216 135844    5.03529   25  216          -    4.98455      -  91.3  205s
2026-07-02 03:54:44 - INFO -  344115 137042    5.37774   26  170          -    4.99459      -  91.6  211s
2026-07-02 03:54:48 - INFO -  345544 138453    5.25513   22  198          -    4.99711      -  91.7  216s
2026-07-02 03:55:02 - INFO -  349388 145078 infeasible   25               -    5.00273      -  91.9  229s
2026-07-02 03:55:03 - INFO -  377388 145741    5.16514   25  212          -    5.02567      -  92.6  231s
2026-07-02 03:55:09 - INFO -  380565 146148    5.48888   24  185          -    5.02898      -  92.8  236s
2026-07-02 03:55:14 - INFO -  387636 147426    5.41562   26  181          -    5.03517      -  93.3  241s
2026-07-02 03:55:19 - INFO -  389368 148878    5.43407   27  176          -    5.03877      -  93.5  246s
2026-07-02 03:55:23 - INFO -  393636 149676    5.13141   30  178          -    5.04330      -  93.7  250s
2026-07-02 03:55:29 - INFO -  404634 151527    5.26189   29  174          -    5.05631      -  94.3  256s
2026-07-02 03:55:42 - INFO -  404832 157103    5.20110   25  176          -    5.05802      -  94.3  269s
2026-07-02 03:55:44 - INFO -  432832 157429    5.43455   28  170          -    5.07780      -  95.4  271s
2026-07-02 03:55:49 - INFO -  435504 157637 infeasible   29               -    5.08075      -  95.7  276s
2026-07-02 03:55:53 - INFO -  435805 158068    5.51128   31  164          -    5.08163      -  95.7  280s
2026-07-02 03:55:58 - INFO -  437678 159595    7.70738   29  166          -    5.08232      -  95.8  285s
2026-07-02 03:56:04 - INFO -  445397 161232 infeasible   31               -    5.08978      -  96.3  291s
2026-07-02 03:56:08 - INFO -  457439 163020    5.34630   27  186          -    5.10603      -  97.0  295s
2026-07-02 03:56:12 - INFO -  462128 163901    5.66262   28  200          -    5.11190      -  97.3  300s
2026-07-02 03:56:12 - INFO - 
2026-07-02 03:56:12 - INFO - Cutting planes:
2026-07-02 03:56:12 - INFO -   Learned: 56
2026-07-02 03:56:12 - INFO -   Gomory: 273
2026-07-02 03:56:12 - INFO -   Lift-and-project: 54
2026-07-02 03:56:12 - INFO -   Cover: 64
2026-07-02 03:56:12 - INFO -   Implied bound: 4
2026-07-02 03:56:12 - INFO -   MIR: 89
2026-07-02 03:56:12 - INFO -   Mixing: 2
2026-07-02 03:56:12 - INFO -   Flow cover: 738
2026-07-02 03:56:12 - INFO -   Inf proof: 107
2026-07-02 03:56:12 - INFO -   RLT: 1
2026-07-02 03:56:12 - INFO -   Relax-and-lift: 5
2026-07-02 03:56:12 - INFO - 
2026-07-02 03:56:12 - INFO - Explored 463579 nodes (45160303 simplex iterations) in 300.02 seconds (546.87 work units)
2026-07-02 03:56:12 - INFO - Thread count was 28 (of 28 available processors)
2026-07-02 03:56:12 - INFO - 
2026-07-02 03:56:12 - INFO - Solution count 0
2026-07-02 03:56:12 - INFO - 
2026-07-02 03:56:12 - INFO - Time limit reached
2026-07-02 03:56:12 - INFO - Best objective -, best bound 5.113417610553e+00, gap -
2026-07-02 03:56:12 - INFO - Set parameter TimeLimit to value 300
2026-07-02 03:56:12 - INFO - Set parameter MIPGap to value 0.3
2026-07-02 03:56:12 - INFO - Set parameter MIPFocus to value 3
2026-07-02 03:56:12 - INFO - Set parameter Heuristics to value 0.5
2026-07-02 03:56:12 - INFO - Set parameter LogToConsole to value 1
2026-07-02 03:56:12 - INFO - Gurobi Optimizer version 13.0.1 build v13.0.1rc0 (linux64 - "Ubuntu 20.04.6 LTS")
2026-07-02 03:56:12 - INFO - 
2026-07-02 03:56:12 - INFO - CPU model: AMD Ryzen 9 9950X3D 16-Core Processor, instruction set [SSE2|AVX|AVX2|AVX512]
2026-07-02 03:56:12 - INFO - Thread count: 14 physical cores, 28 logical processors, using up to 28 threads
2026-07-02 03:56:12 - INFO - 
2026-07-02 03:56:12 - INFO - Non-default parameters:
2026-07-02 03:56:12 - INFO - TimeLimit  300
2026-07-02 03:56:12 - INFO - MIPGap  0.3
2026-07-02 03:56:12 - INFO - Heuristics  0.5
2026-07-02 03:56:12 - INFO - MIPFocus  3
2026-07-02 03:56:12 - INFO - 
2026-07-02 03:56:12 - INFO - Optimize a model with 2053 rows, 937 columns and 7057 nonzeros (Min)
2026-07-02 03:56:12 - INFO - Model fingerprint: 0xfee5bd7c
2026-07-02 03:56:12 - INFO - Model has 4 linear objective coefficients
2026-07-02 03:56:12 - INFO - Variable types: 352 continuous, 585 integer (585 binary)
2026-07-02 03:56:12 - INFO - Coefficient statistics:
2026-07-02 03:56:12 - INFO -   Matrix range     [3e-01, 4e+03]
2026-07-02 03:56:12 - INFO -   Objective range  [8e-06, 1e-01]
2026-07-02 03:56:12 - INFO -   Bounds range     [9e-01, 2e+07]
2026-07-02 03:56:12 - INFO -   RHS range        [9e-01, 2e+02]
2026-07-02 03:56:12 - INFO - 
2026-07-02 03:56:12 - INFO - Presolved: 1888 rows, 789 columns, 6342 nonzeros
2026-07-02 03:56:12 - INFO - 
2026-07-02 03:56:12 - INFO - Continuing optimization...
2026-07-02 03:56:12 - INFO - 
2026-07-02 03:56:13 - INFO -  463579 165149 infeasible   31               -    5.11354      -  97.4  301s
2026-07-02 03:56:17 - INFO -  473815 167966 infeasible   27               -    5.12297      -  97.2  305s
2026-07-02 03:56:23 - INFO -  484167 171304    5.29041   30  174          -    5.13306      -  97.3  310s
2026-07-02 03:56:28 - INFO -  485981 171703    5.38455   24  210          -    5.13632      -  97.4  315s
2026-07-02 03:56:33 - INFO -  488042 172572    5.40963   36  141          -    5.13874      -  97.5  320s
2026-07-02 03:56:38 - INFO -  497442 175351    5.24999   35  180          -    5.14750      -  97.5  325s
2026-07-02 03:56:43 - INFO -  502760 177083    5.47281   25  202          -    5.15187      -  97.6  330s
2026-07-02 03:56:48 - INFO -  510814 179373    5.40247   28  168          -    5.15996      -  97.7  335s
2026-07-02 03:56:52 - INFO -  517827 180744    5.75153   25  224          -    5.16632      -  97.9  340s
2026-07-02 03:56:57 - INFO -  520768 181497    5.55847   24  217          -    5.16995      -  98.0  345s
2026-07-02 03:57:03 - INFO -  523104 182212    5.34117   23  214          -    5.17187      -  98.1  350s
2026-07-02 03:57:08 - INFO -  529620 184266    5.61132   25  166          -    5.17863      -  98.2  355s
2026-07-02 03:57:13 - INFO -  535889 185785    5.35589   27  195          -    5.18449      -  98.4  360s
2026-07-02 03:57:17 - INFO -  542848 187077    5.29598   28  175          -    5.19294      -  98.6  365s
2026-07-02 03:57:24 - INFO -  548042 188270    5.77699   28  166          -    5.19918      -  98.9  371s
2026-07-02 03:57:28 - INFO -  548439 188481 infeasible   29               -    5.20061      -  98.9  375s
2026-07-02 03:57:33 - INFO -  552456 189720 infeasible   28               -    5.20353      -  99.1  380s
2026-07-02 03:57:38 - INFO -  557435 190836    5.55610   21  239          -    5.20945      -  99.2  385s
2026-07-02 03:57:43 - INFO -  564775 192194    6.25357   33  131          -    5.21733      -  99.4  390s
2026-07-02 03:57:47 - INFO -  569801 193266    5.23772   25  221          -    5.22326      -   100  395s
2026-07-02 03:57:53 - INFO -  575403 194284    5.76715   30  155          -    5.22939      -   100  400s
2026-07-02 03:57:58 - INFO -  576031 194456    5.25859   29  192          -    5.23093      -   100  405s
2026-07-02 03:58:03 - INFO -  580532 195739    5.88222   27  197          -    5.23548      -   100  410s
2026-07-02 03:58:08 - INFO -  586846 196807    5.93014   28  220          -    5.24203      -   100  415s
2026-07-02 03:58:12 - INFO -  591133 197910    5.69907   29  198          -    5.24617      -   101  420s
2026-07-02 03:58:18 - INFO -  597019 199018    5.36566   26  177          -    5.25174      -   101  425s
2026-07-02 03:58:23 - INFO -  601359 199535    5.89583   28  162          -    5.25599      -   101  430s
2026-07-02 03:58:29 - INFO -  602081 199812 infeasible   28               -    5.25754      -   101  436s
2026-07-02 03:58:34 - INFO -  607309 201011    5.73006   28  207          -    5.26254      -   101  441s
2026-07-02 03:58:37 - INFO -  611699 201652 infeasible   24               -    5.26752      -   101  445s
2026-07-02 03:58:43 - INFO -  618467 202782    6.23380   29  125          -    5.27390      -   102  450s
2026-07-02 03:58:53 - INFO -  618511 204838    5.57344   31  175          -    5.27423      -   102  460s
2026-07-02 03:58:58 - INFO -  632884 205026    6.17577   29  149          -    5.28230      -   102  465s
2026-07-02 03:59:02 - INFO -  633535 205118 infeasible   29               -    5.28347      -   102  470s
2026-07-02 03:59:08 - INFO -  636496 206005    6.26863   30  189          -    5.28549      -   102  475s
2026-07-02 03:59:13 - INFO -  640627 206506 infeasible   27               -    5.29067      -   102  480s
2026-07-02 03:59:18 - INFO -  647072 207908 infeasible   30               -    5.29692      -   102  485s
2026-07-02 03:59:23 - INFO -  654485 209010    5.68268   28  148          -    5.30403      -   103  490s
2026-07-02 03:59:28 - INFO -  655483 209254    5.55030   28  161          -    5.30544      -   103  495s
2026-07-02 03:59:37 - INFO -  658414 211036    5.96037   35  207          -    5.30913      -   103  504s
2026-07-02 03:59:38 - INFO -  667384 211056 infeasible   31               -    5.31578      -   103  506s
2026-07-02 03:59:43 - INFO -  668498 211461    8.51119   30  200          -    5.31772      -   103  510s
2026-07-02 03:59:48 - INFO -  675137 212438 infeasible   24               -    5.32316      -   103  515s
2026-07-02 03:59:52 - INFO -  675465 212578 infeasible   29               -    5.32534      -   103  520s
2026-07-02 03:59:58 - INFO -  678471 213341    5.96825   26  199          -    5.32762      -   104  525s
2026-07-02 04:00:03 - INFO -  684428 214291 infeasible   34               -    5.33356      -   104  530s
2026-07-02 04:00:08 - INFO -  688352 214881 infeasible   33               -    5.33823      -   104  535s
2026-07-02 04:00:13 - INFO -  694987 215865 infeasible   28               -    5.34429      -   104  540s
2026-07-02 04:00:25 - INFO -  696751 217370    5.83156   31  203          -    5.34648      -   104  552s
2026-07-02 04:00:28 - INFO -  709283 217448    5.67269   29  163          -    5.35361      -   104  555s
2026-07-02 04:00:33 - INFO -  710750 217772    5.90022   27  186          -    5.35472      -   105  560s
2026-07-02 04:00:38 - INFO -  713389 218396    5.91213   28  161          -    5.35672      -   105  565s
2026-07-02 04:00:42 - INFO -  720386 219320    5.74577   28  196          -    5.36490      -   105  570s
2026-07-02 04:00:48 - INFO -  722778 219482    5.46868   31  205          -    5.36769      -   105  576s
2026-07-02 04:00:53 - INFO -  723704 219817    6.01273   33  142          -    5.36879      -   105  580s
2026-07-02 04:00:57 - INFO -  729054 220394    5.50991   26  210          -    5.37415      -   105  585s
2026-07-02 04:01:03 - INFO -  734340 221446    5.38014   31  163          -    5.37904      -   105  590s
2026-07-02 04:01:12 - INFO -  736398 222397    5.41411   26  207          -    5.38175      -   105  600s
2026-07-02 04:01:12 - INFO - 
2026-07-02 04:01:12 - INFO - Cutting planes:
2026-07-02 04:01:12 - INFO -   Learned: 59
2026-07-02 04:01:12 - INFO -   Gomory: 293
2026-07-02 04:01:12 - INFO -   Lift-and-project: 67
2026-07-02 04:01:12 - INFO -   Cover: 77
2026-07-02 04:01:12 - INFO -   Implied bound: 6
2026-07-02 04:01:12 - INFO -   MIR: 116
2026-07-02 04:01:12 - INFO -   Mixing: 4
2026-07-02 04:01:12 - INFO -   Flow cover: 849
2026-07-02 04:01:12 - INFO -   Inf proof: 124
2026-07-02 04:01:12 - INFO -   RLT: 1
2026-07-02 04:01:12 - INFO -   Relax-and-lift: 5
2026-07-02 04:01:12 - INFO - 
2026-07-02 04:01:12 - INFO - Explored 748944 nodes (79147129 simplex iterations) in 600.06 seconds (1310.91 work units)
2026-07-02 04:01:12 - INFO - Most recent optimization runtime was 300.04 seconds (764.04 work units)
2026-07-02 04:01:12 - INFO - Thread count was 28 (of 28 available processors)
2026-07-02 04:01:12 - INFO - 
2026-07-02 04:01:12 - INFO - Solution count 0
2026-07-02 04:01:12 - INFO - 
2026-07-02 04:01:12 - INFO - Time limit reached
2026-07-02 04:01:12 - INFO - Best objective -, best bound 5.388290115647e+00, gap -
2026-07-02 04:01:12 - INFO - Set parameter TimeLimit to value 2999
2026-07-02 04:01:12 - INFO - Set parameter MIPGap to value 0.8
2026-07-02 04:01:12 - INFO - Set parameter MIPFocus to value 3
2026-07-02 04:01:12 - INFO - Set parameter Heuristics to value 0.5
2026-07-02 04:01:12 - INFO - Set parameter LogToConsole to value 1
2026-07-02 04:01:12 - INFO - Gurobi Optimizer version 13.0.1 build v13.0.1rc0 (linux64 - "Ubuntu 20.04.6 LTS")
2026-07-02 04:01:12 - INFO - 
2026-07-02 04:01:12 - INFO - CPU model: AMD Ryzen 9 9950X3D 16-Core Processor, instruction set [SSE2|AVX|AVX2|AVX512]
2026-07-02 04:01:12 - INFO - Thread count: 14 physical cores, 28 logical processors, using up to 28 threads
2026-07-02 04:01:12 - INFO - 
2026-07-02 04:01:12 - INFO - Non-default parameters:
2026-07-02 04:01:12 - INFO - TimeLimit  2999
2026-07-02 04:01:12 - INFO - MIPGap  0.8
2026-07-02 04:01:12 - INFO - Heuristics  0.5
2026-07-02 04:01:12 - INFO - MIPFocus  3
2026-07-02 04:01:12 - INFO - 
2026-07-02 04:01:12 - INFO - Optimize a model with 2053 rows, 937 columns and 7057 nonzeros (Min)
2026-07-02 04:01:12 - INFO - Model fingerprint: 0xfee5bd7c
2026-07-02 04:01:12 - INFO - Model has 4 linear objective coefficients
2026-07-02 04:01:12 - INFO - Variable types: 352 continuous, 585 integer (585 binary)
2026-07-02 04:01:12 - INFO - Coefficient statistics:
2026-07-02 04:01:12 - INFO -   Matrix range     [3e-01, 4e+03]
2026-07-02 04:01:12 - INFO -   Objective range  [8e-06, 1e-01]
2026-07-02 04:01:12 - INFO -   Bounds range     [9e-01, 2e+07]
2026-07-02 04:01:12 - INFO -   RHS range        [9e-01, 2e+02]
2026-07-02 04:01:12 - INFO - 
2026-07-02 04:01:12 - INFO - Presolved: 1888 rows, 789 columns, 6342 nonzeros
2026-07-02 04:01:12 - INFO - 
2026-07-02 04:01:12 - INFO - Continuing optimization...
2026-07-02 04:01:12 - INFO - 
2026-07-02 04:01:14 - INFO -  748944 222406    5.68684   25  160          -    5.38829      -   106  601s
2026-07-02 04:01:33 - INFO -  748963 224076    6.21445   29  170          -    5.38837      -   106  620s
2026-07-02 04:01:48 - INFO -  762980 224642    5.92147   30  166          -    5.39488      -   106  636s
2026-07-02 04:01:53 - INFO -  778786 225101    6.01529   31  171          -    5.40247      -   106  640s
2026-07-02 04:01:58 - INFO -  780278 225277    5.56535   31  164          -    5.40408      -   106  645s
2026-07-02 04:02:04 - INFO -  780695 225329 infeasible   30               -    5.40500      -   106  651s
2026-07-02 04:02:08 - INFO -  781649 225545    6.38332   31  117          -    5.40561      -   106  655s
2026-07-02 04:02:12 - INFO -  785878 226347    6.94117   31  172          -    5.40952      -   106  660s
2026-07-02 04:02:18 - INFO -  792725 227419    7.61782   27  166          -    5.41520      -   107  665s
2026-07-02 04:02:23 - INFO -  796943 228014    5.55643   32  168          -    5.41963      -   107  670s
2026-07-02 04:02:29 - INFO -  803611 228870 infeasible   26               -    5.42556      -   107  676s
2026-07-02 04:02:32 - INFO -  803670 228898 infeasible   31               -    5.42707      -   107  680s
2026-07-02 04:02:38 - INFO -  805127 229188    6.00224   31  164          -    5.42782      -   107  686s
2026-07-02 04:02:42 - INFO -  808172 229879 infeasible   33               -    5.43054      -   107  690s
2026-07-02 04:02:48 - INFO -  815422 230777    5.63986   31  111          -    5.43724      -   107  695s
2026-07-02 04:02:53 - INFO -  819057 231054    5.73977   29  186          -    5.44092      -   107  700s
2026-07-02 04:02:58 - INFO -  824612 232091    6.68929   32  114          -    5.44555      -   108  705s
2026-07-02 04:03:03 - INFO -  831264 232812    6.63250   29  190          -    5.45146      -   108  711s
2026-07-02 04:03:08 - INFO -  832084 232903    6.05085   33  159          -    5.45280      -   108  715s
2026-07-02 04:03:12 - INFO -  833344 233306    5.55871   22  234          -    5.45409      -   108  720s
2026-07-02 04:03:18 - INFO -  837718 234028    5.54512   23  212          -    5.45845      -   108  725s
2026-07-02 04:03:23 - INFO -  845228 234919    5.83099   32  215          -    5.46515      -   108  730s
2026-07-02 04:03:28 - INFO -  850987 235632 infeasible   27               -    5.46970      -   108  736s
2026-07-02 04:03:33 - INFO -  854893 236256    5.58598   27  210          -    5.47412      -   108  741s
2026-07-02 04:03:38 - INFO -  855387 236341    5.52810   25  243          -    5.47558      -   108  746s
2026-07-02 04:03:43 - INFO -  856417 236625 infeasible   30               -    5.47610      -   108  750s
2026-07-02 04:03:47 - INFO -  861199 237388    5.79065   24  210          -    5.48055      -   109  755s
2026-07-02 04:03:53 - INFO -  868299 238082    5.69992   34  151          -    5.48723      -   109  760s
2026-07-02 04:03:58 - INFO -  872234 238758 infeasible   30               -    5.49038      -   109  765s
2026-07-02 04:04:03 - INFO -  877524 239336    5.62788   31  175          -    5.49736      -   109  770s
2026-07-02 04:04:09 - INFO -  883050 240275    6.09330   31  143          -    5.50181      -   109  776s
2026-07-02 04:04:13 - INFO -  885298 240377    5.96537   29  165          -    5.50412      -   109  780s
2026-07-02 04:04:18 - INFO -  885891 240487    6.15700   27  185          -    5.50489      -   109  785s
2026-07-02 04:04:22 - INFO -  887437 240817    5.76772   32  201          -    5.50600      -   109  790s
2026-07-02 04:04:28 - INFO -  894450 241662 infeasible   35               -    5.51160      -   109  795s
2026-07-02 04:04:33 - INFO -  899329 242280    5.64882   27  179          -    5.51599      -   109  800s
2026-07-02 04:04:38 - INFO -  904758 242914 infeasible   33               -    5.52160      -   110  805s
2026-07-02 04:04:42 - INFO -  910282 243473 infeasible   30               -    5.52636      -   110  810s
2026-07-02 04:04:47 - INFO -  911223 243624 infeasible   28               -    5.52807      -   110  815s
2026-07-02 04:04:53 - INFO -  912618 243960    5.96168   22  176          -    5.52949      -   110  820s
2026-07-02 04:04:57 - INFO -  916860 244584    5.88619   29  184          -    5.53273      -   110  825s
2026-07-02 04:05:03 - INFO -  922289 245292    5.98159   28  188          -    5.53890      -   110  830s
2026-07-02 04:05:08 - INFO -  927433 245831    6.68190   26  177          -    5.54330      -   110  835s
2026-07-02 04:05:13 - INFO -  932329 246614    5.97637   25  203          -    5.54732      -   110  840s
2026-07-02 04:05:18 - INFO -  936055 246889    5.87111   29  180          -    5.55181      -   110  845s
2026-07-02 04:05:22 - INFO -  936637 246987 infeasible   31               -    5.55266      -   110  850s
2026-07-02 04:05:29 - INFO -  939202 247450    6.18055   32  152          -    5.55487      -   110  856s
2026-07-02 04:05:33 - INFO -  944650 248104    5.88412   23  205          -    5.55992      -   110  860s
2026-07-02 04:05:38 - INFO -  949469 248687    5.69917   27  165          -    5.56376      -   111  865s
2026-07-02 04:05:42 - INFO -  953824 249261 infeasible   26               -    5.56824      -   111  870s
2026-07-02 04:05:47 - INFO -  960134 249839    5.68610   28  192          -    5.57391      -   111  875s
2026-07-02 04:06:04 - INFO -  962198 250952    6.36254   26  163          -    5.57637      -   111  891s
2026-07-02 04:06:09 - INFO -  976900 251052    5.72228   30  176          -    5.58252      -   111  896s
2026-07-02 04:06:14 - INFO -  978467 251434    6.94077   30  171          -    5.58388      -   111  901s
2026-07-02 04:06:18 - INFO -  984028 252080    5.99512   31  140          -    5.58913      -   111  905s
2026-07-02 04:06:22 - INFO -  987779 252700    5.85934   27  182          -    5.59208      -   111  910s
2026-07-02 04:06:27 - INFO -  994123 253383 infeasible   29               -    5.59723      -   111  915s
2026-07-02 04:06:33 - INFO -  994749 253495    5.81573   25  190          -    5.59905      -   111  920s
2026-07-02 04:06:38 - INFO -  996288 253847    6.05537   34  171          -    5.60028      -   111  925s
2026-07-02 04:06:43 - INFO -  1000497 254395    6.00878   26  165          -    5.60404      -   111  931s
2026-07-02 04:06:48 - INFO -  1007626 255193    5.84869   30  180          -    5.61005      -   111  935s
2026-07-02 04:06:53 - INFO -  1012307 255870    5.70747   31  166          -    5.61345      -   111  941s
2026-07-02 04:06:58 - INFO -  1016813 256265 infeasible   32               -    5.61837      -   111  945s
2026-07-02 04:07:03 - INFO -  1017417 256367    5.70704   28  164          -    5.61930      -   111  950s
2026-07-02 04:07:08 - INFO -  1019833 256909    5.90280   30  168          -    5.62063      -   111  955s
2026-07-02 04:07:20 - INFO -  1023077 257441    5.70056   28  199          -    5.62452      -   111  967s
2026-07-02 04:07:22 - INFO -  1036539 257477 infeasible   38               -    5.63014      -   111  970s
2026-07-02 04:07:28 - INFO -  1040292 258165 infeasible   31               -    5.63227      -   112  976s
2026-07-02 04:07:46 - INFO -  1043535 258806    6.30349   32  163          -    5.63654      -   112  993s
2026-07-02 04:07:47 - INFO -  1057298 258827    5.91837   28  203          -    5.64191      -   112  995s
2026-07-02 04:07:52 - INFO -  1058193 259227    5.98008   31  189          -    5.64286      -   112 1000s
2026-07-02 04:07:58 - INFO -  1065263 260132 infeasible   36               -    5.64807      -   112 1005s
2026-07-02 04:08:03 - INFO -  1070573 260779 infeasible   35               -    5.65220      -   112 1011s
2026-07-02 04:08:08 - INFO -  1074050 261056    5.88429   38  133          -    5.65626      -   112 1016s
2026-07-02 04:08:14 - INFO -  1075251 261294    6.29679   37  105          -    5.65739      -   112 1021s
2026-07-02 04:08:18 - INFO -  1079127 261993 infeasible   31               -    5.66015      -   112 1025s
2026-07-02 04:08:31 - INFO -  1083035 263185    5.76156   27  201          -    5.66439      -   112 1038s
2026-07-02 04:08:33 - INFO -  1096766 263165    5.81297   31  187          -    5.67047      -   112 1040s
2026-07-02 04:08:38 - INFO -  1097434 263234    6.17443   34  172          -    5.67181      -   112 1046s
2026-07-02 04:08:42 - INFO -  1099315 263759 infeasible   29               -    5.67313      -   112 1050s
2026-07-02 04:08:48 - INFO -  1103317 264362 infeasible   25               -    5.67621      -   112 1055s
2026-07-02 04:08:53 - INFO -  1108095 264653    6.08538   29  137          -    5.68109      -   112 1060s
2026-07-02 04:08:58 - INFO -  1113356 265219    5.80407   31  146          -    5.68436      -   112 1066s
2026-07-02 04:09:03 - INFO -  1117049 265790 infeasible   32               -    5.68840      -   112 1070s
2026-07-02 04:09:08 - INFO -  1119303 265810 infeasible   27               -    5.69085      -   112 1076s
2026-07-02 04:09:13 - INFO -  1119889 265945    5.80079   33  204          -    5.69143      -   112 1080s
2026-07-02 04:09:18 - INFO -  1122742 266259    7.10622   25  247          -    5.69309      -   112 1085s
2026-07-02 04:09:23 - INFO -  1127996 266764 infeasible   29               -    5.69884      -   112 1090s
2026-07-02 04:09:28 - INFO -  1133043 267346    5.83042   29  177          -    5.70290      -   112 1095s
2026-07-02 04:09:33 - INFO -  1139011 267958    5.88474   32  129          -    5.70730      -   112 1100s
2026-07-02 04:09:38 - INFO -  1143812 268407    6.08279   28  184          -    5.71108      -   113 1105s
2026-07-02 04:09:43 - INFO -  1148090 268683    7.51446   34  133          -    5.71484      -   113 1110s
2026-07-02 04:09:47 - INFO -  1149075 268812    5.88649   32  121          -    5.71612      -   113 1115s
2026-07-02 04:09:52 - INFO -  1151343 269275 infeasible   25               -    5.71766      -   113 1120s
2026-07-02 04:09:58 - INFO -  1157560 269964    6.73981   22  162          -    5.72256      -   113 1126s
2026-07-02 04:10:04 - INFO -  1162050 270543    5.88675   26  197          -    5.72676      -   113 1131s
2026-07-02 04:10:08 - INFO -  1168917 271156    5.86217   28  201          -    5.73206      -   113 1135s
2026-07-02 04:10:13 - INFO -  1171233 271243    5.95959   36  168          -    5.73507      -   113 1141s
2026-07-02 04:10:19 - INFO -  1171645 271323    5.89965   24  186          -    5.73578      -   113 1146s
2026-07-02 04:10:23 - INFO -  1175014 271737    6.69114   33  130          -    5.73776      -   113 1150s
2026-07-02 04:10:28 - INFO -  1179965 272119    5.86760   34  173          -    5.74308      -   113 1155s
2026-07-02 04:10:33 - INFO -  1186728 272537    5.79528   29  224          -    5.74915      -   113 1160s
2026-07-02 04:10:38 - INFO -  1189245 273061    5.85301   23  207          -    5.75107      -   113 1165s
2026-07-02 04:10:43 - INFO -  1197075 273854    5.77424   29  174          -    5.75812      -   113 1171s
2026-07-02 04:10:48 - INFO -  1200489 274087    6.18800   27  184          -    5.76112      -   113 1175s
2026-07-02 04:11:03 - INFO -  1201253 274377    5.83494   26  169          -    5.76171      -   113 1190s
2026-07-02 04:11:07 - INFO -  1214694 274560    6.61739   29  154          -    5.76766      -   113 1195s
2026-07-02 04:11:13 - INFO -  1219259 275131 infeasible   39               -    5.77109      -   113 1201s
2026-07-02 04:11:21 - INFO -  1221410 275789 infeasible   33               -    5.77359      -   113 1208s
2026-07-02 04:11:22 - INFO -  1230466 275795    6.19578   28  201          -    5.77876      -   113 1210s
2026-07-02 04:11:27 - INFO -  1230841 275925    5.92424   28  184          -    5.77929      -   113 1215s
2026-07-02 04:11:33 - INFO -  1231772 276157 infeasible   29               -    5.77999      -   113 1220s
2026-07-02 04:11:39 - INFO -  1237539 276679    6.19275   33  146          -    5.78438      -   113 1226s
2026-07-02 04:11:43 - INFO -  1242156 277256    6.86417   26  192          -    5.78815      -   113 1230s
2026-07-02 04:11:48 - INFO -  1245635 277599 infeasible   32               -    5.79155      -   113 1236s
2026-07-02 04:11:52 - INFO -  1250315 277947 infeasible   28               -    5.79533      -   113 1240s
2026-07-02 04:11:58 - INFO -  1251084 278092    5.98680   29  170          -    5.79665      -   113 1245s
2026-07-02 04:12:02 - INFO -  1254000 278531 infeasible   32               -    5.79819      -   114 1250s
2026-07-02 04:12:08 - INFO -  1258683 278915 infeasible   34               -    5.80288      -   114 1255s
2026-07-02 04:12:13 - INFO -  1265174 279451    5.95073   27  201          -    5.80804      -   114 1260s
2026-07-02 04:12:17 - INFO -  1269161 279752    6.33763   36  154          -    5.81203      -   114 1265s
2026-07-02 04:12:23 - INFO -  1275115 280271    6.70332   38  107          -    5.81693      -   114 1270s
2026-07-02 04:12:28 - INFO -  1279132 280757    6.15077   33  199          -    5.82035      -   114 1275s
2026-07-02 04:12:33 - INFO -  1282857 280940 infeasible   28               -    5.82405      -   114 1280s
2026-07-02 04:12:38 - INFO -  1283517 281069 infeasible   31               -    5.82489      -   114 1285s
2026-07-02 04:12:44 - INFO -  1285634 281401    5.93678   24  210          -    5.82656      -   114 1291s
2026-07-02 04:12:48 - INFO -  1290935 281858    5.91374   25  233          -    5.83055      -   114 1295s
2026-07-02 04:12:53 - INFO -  1297334 282374 infeasible   31               -    5.83520      -   114 1300s
2026-07-02 04:12:57 - INFO -  1302879 282752    5.90343   30  153          -    5.84078      -   114 1305s
2026-07-02 04:13:03 - INFO -  1307950 283334 infeasible   37               -    5.84469      -   114 1310s
2026-07-02 04:13:08 - INFO -  1310944 283526    6.72318   38  174          -    5.84807      -   114 1315s
2026-07-02 04:13:14 - INFO -  1311862 283547 infeasible   35               -    5.84898      -   114 1321s
2026-07-02 04:13:18 - INFO -  1314429 283939 infeasible   31               -    5.85080      -   114 1326s
2026-07-02 04:13:23 - INFO -  1320453 284604    5.97434   32  183          -    5.85591    1325034 285000  2026-07-02 04:13:28 - INFO -  1325034 285000    6.32868   29  1330393 285308    6.10151   32  168          2026-07-02 04:13:33 - INFO -  13 1336146 286000    6.60568   26  143          -    5.86899      -   114 134202 1339818 285845 infeasible   29               -    5.87191      -   114 1363s
 1352100 285841    6.61506   26  185          -    5.87628      -   114 1365s
 1353268 285961    6.00021   27  191          -    5.87737      -   114 1371s
 1358198 286591    6.39604   31  141          -    5.87943      -   114 1376s
 1363986 286884    6.37406   32  155          -    5.88571      -   114 1380s
 1368663 287266 infeasible   27               -    5.89002      -   114 1385s
 1371563 287366    7.05154   28  189          -    5.89283      -   114 1390s
 1372209 287469 infeasible   36               -    5.89362      -   114 1395s
 1373084 287650    6.04507   32  219          -    5.89454      -   114 1400s
 1380204 288182 infeasible   31               -    5.89935      -   115 1406s
 1385260 288569    6.27700   33  149          -    5.90375      -   115 1411s
 1390483 289007    6.16171   29  184          -    5.90849      -   115 1416s
 1395703 289677    6.54499   32  159          -    5.91218      -   115 1421s
 1400234 289871 infeasible   30               -    5.91591      -   115 1425s
 1400284 289586    7.48844   28  147          -    5.91652      -   115 1439s
 1412005 289587    6.25219   31  189          -    5.92106      -   115 1441s
 1413927 289676    6.03299   30  140          -    5.92203      -   115 1446s
 1415012 289889 infeasible   25               -    5.92312      -   115 1450s
 1422353 290405    6.50152   31  148          -    5.92957      -   115 1455s
 1427869 290741 infeasible   28               -    5.93368      -   115 1460s
 1431114 291139    6.60278   41  132          -    5.93619      -   115 1465s
 1436527 291495 infeasible   28               -    5.94104      -   115 1470s
 1437401 291521 infeasible   31               -    5.94220      -   115 1476s
 1439541 291761    6.14323   32  175          -    5.94395      -   115 1480s
 1445026 292062    6.31991   31  221          -    5.94893      -   115 1485s
 1450470 292326    6.11130   28  177          -    5.95344      -   115 1490s
 1454845 292775    6.24587   23  165          -    5.95707      -   115 1495s
 1459745 292659    6.56008   29  156          -    5.96108      -   115 1514s
 1471949 292689    6.28102   30  159          -    5.96542      -   115 1515s
 1473844 292980    7.41671   30  135          -    5.96649      -   115 1521s
 1477488 293265 infeasible   30               -    5.96822      -   115 1525s
 1484845 293660    6.78168   26  158          -    5.97440      -   115 1530s
 1489023 294106    6.65661   29  138          -    5.97778      -   115 1535s
 1490895 294142    6.14170   27  217          -    5.98024      -   115 1540s
 1491798 294188    6.37770   33  142          -    5.98115      -   115 1545s
 1493420 294257    6.74824   35  136          -    5.98244      -   115 1550s
 1499113 294634 infeasible   32               -    5.98713      -   115 1555s
 1505868 295158 infeasible   36               -    5.99280      -   115 1561s
 1510551 295552 infeasible   33               -    5.99593      -   115 1566s
 1515505 295659    6.72456   25  182          -    6.00101      -   115 1570s
 1520942 296221 infeasible   33               -    6.00426      -   115 1576s
 1523842 296347    6.29653   30  194          -    6.00761      -   115 1581s
 1524215 296390    6.08968   29  203          -    6.00814      -   115 1586s
 1525766 296661 infeasible   32               -    6.00890      -   116 1590s
 1534590 297132 infeasible   32               -    6.01505      -   116 1595s
 1538806 297329 infeasible   35               -    6.01908      -   116 1600s
 1538830 297066    7.56419   33  114          -    6.01946      -   116 1608s
 1549742 297088    6.37256   34  147          -    6.02361      -   116 1610s
 1551088 297162 infeasible   37               -    6.02477      -   116 1615s
 1551511 297244    6.37260   27  179          -    6.02544      -   116 1620s
 1553173 297438 infeasible   31               -    6.02683      -   116 1626s
 1559208 297922 infeasible   26               -    6.03155      -   116 1630s
 1563629 298206 infeasible   24               -    6.03492      -   116 1635s
 1569288 298532 infeasible   28               -    6.03949      -   116 1640s
 1575590 298836 infeasible   33               -    6.04456      -   116 1645s
 1578941 299052 infeasible   34               -    6.04759      -   116 1650s
 1584295 299402    6.21925   27  204          -    6.05201      -   116 1655s
 1584605 299459    6.70205   26  166          -    6.05257      -   116 1660s
 1585596 299504    6.26829   27  197          -    6.05328      -   116 1665s
 1589668 299899 infeasible   34               -    6.05524      -   116 1670s
 1595336 300253 infeasible   36               -    6.06015      -   116 1675s
 1601759 300708    6.61543   33  139          -    6.06463      -   116 1680s
 1606075 300947 infeasible   33               -    6.06917      -   116 1686s
 1611018 301190 infeasible   37               -    6.07273      -   116 1691s
 1617847 301602    6.38203   35  107          -    6.07798      -   116 1696s
 1619277 301105 infeasible   31               -    6.07952      -   116 1711s
 1630565 301070    6.52082   28  200          -    6.08351      -   116 1715s
 1632434 301171    7.46431   35  128          -    6.08517      -   116 1721s
 1636554 301496    6.66726   28  157          -    6.08696      -   116 1725s
 1644955 301998    6.19310   25  221          -    6.09488      -   116 1730s
 1649416 302215 infeasible   32               -    6.09834      -   116 1735s
 1653123 302445 infeasible   33               -    6.10151      -   116 1740s
 1657257 302621    6.46360   25  232          -    6.10470      -   116 1745s
 1657864 302660    6.35354   30  158          -    6.10543      -   116 1751s
 1659812 302872 infeasible   34               -    6.10658      -   116 1755s
 1667039 303186 infeasible   32               -    6.11237      -   116 1760s
 1673060 303315 infeasible   34               -    6.11754      -   116 1766s
 1676900 303576 infeasible   34               -    6.12079      -   116 1770s
 1680411 303693 infeasible   32               -    6.12363      -   116 1776s
 1681271 303105    6.24634   28  159          -    6.12438      -   116 1790s
 1692035 303347    6.58480   31  148          -    6.12898      -   116 1796s
 1697706 303577    6.54924   27  161          -    6.13314      -   116 1800s
 1703847 303844 infeasible   33               -    6.13863      -   116 1806s
 1706582 304056 infeasible   28               -    6.13991      -   116 1811s
 1711777 304208    6.21827   33  182          -    6.14485      -   116 1815s
 1712019 304207    7.07801   30  108          -    6.14570      -   116 1820s
 1714534 304368 infeasible   26               -    6.14664      -   116 1825s
 1719329 304585 infeasible   34               -    6.15162      -   116 1830s
 1724711 304835    6.61819   35  165          -    6.15594      -   116 1835s
 1730231 305147    6.91189   36  172          -    6.16025      -   116 1840s
 1733982 305372    6.20394   26  168          -    6.16354      -   117 1845s
 1740446 305743 infeasible   34               -    6.16839      -   117 1850s
 1743152 305802 infeasible   35               -    6.17064      -   117 1855s
 1745341 305859    6.28305   32  162          -    6.17147      -   117 1860s
 1749500 305899    7.06104   33  147          -    6.17439      -   117 1865s
 1752534 305976    6.76096   32  154          -    6.17837      -   117 1870s
 1760987 306304    6.73612   32  149          -    6.18527      -   117 1876s
 1763829 306314 infeasible   29               -    6.18798      -   117 1881s
 1766074 306372 infeasible   25               -    6.18873      -   117 1885s
 1769067 306586    6.38229   30  193          -    6.19092      -   117 1890s
 1775976 306700 infeasible   40               -    6.19737      -   117 1896s
 1780670 306963    6.34821   29  188          -    6.20084      -   117 1900s
 1783344 307032 infeasible   27               -    6.20328      -   117 1905s
 1784933 307176 infeasible   31               -    6.20385      -   117 1911s
 1787339 307268    6.95053   34  168          -    6.20454      -   117 1915s
 1792464 307283 infeasible   34               -    6.20922      -   117 1920s
 1798321 307354    6.32114   34  123          -    6.21484      -   117 1925s
 1802975 307439 infeasible   30               -    6.21754      -   117 1930s
 1810003 307759 infeasible   27               -    6.22406      -   117 1935s
 1811161 307776    6.40119   28  201          -    6.22569      -   117 1940s
 1811748 307807 infeasible   33               -    6.22620      -   117 1945s
 1814463 307919 infeasible   35               -    6.22768      -   117 1950s
 1821036 308074    6.80503   29  106          -    6.23294      -   117 1957s
 1825358 308169 infeasible   30               -    6.23630      -   117 1961s
 1830595 308319    6.89896   33  184          -    6.23993      -   117 1965s
 1836172 308695 infeasible   35               -    6.24478      -   117 1970s
 1842199 308895    7.37361   34  184          -    6.24857      -   117 1975s
 1844653 308887    6.48501   31  155          -    6.25168      -   117 1980s
 1847904 309004 infeasible   35               -    6.25242      -   117 1985s
 1853201 309119 infeasible   29               -    6.25782      -   117 1990s
 1858280 309195 infeasible   31               -    6.26169      -   117 1996s
 1860486 309213    6.78724   27  189          -    6.26386      -   117 2000s
 1860531 308540 infeasible   38               -    6.26411      -   117 2009s
 1868091 308611    6.64298   30  157          -    6.26780      -   117 2011s
 1869289 308600    6.56348   29  165          -    6.26852      -   117 2015s
 1874502 308726    6.79678   32  187          -    6.27166      -   117 2020s
 1883268 308977    6.71786   29  127          -    6.27811      -   117 2026s
 1887225 309108 infeasible   29               -    6.28093      -   117 2031s
 1890661 309195 infeasible   34               -    6.28436      -   117 2035s
 1890948 309191    6.86897   33  150          -    6.28508      -   117 2040s
 1893489 309182 infeasible   36               -    6.28640      -   117 2046s
 1897563 309233    8.58381   31  131          -    6.29029      -   117 2050s
 1903527 309408    6.31809   35  187          -    6.29338      -   117 2056s
 1907931 309454    6.74643   27  146          -    6.29812      -   117 2060s
 1912900 309588 infeasible   30               -    6.30202      -   117 2065s
 1919184 309719    6.71468   34  155          -    6.30611      -   117 2071s
 1922969 309842 infeasible   38               -    6.30967      -   117 2075s
 1923314 309860 infeasible   26               -    6.31047      -   117 2081s
 1924934 309891    6.69682   31  174          -    6.31139      -   117 2086s
 1930717 309982 infeasible   34               -    6.31411      -   117 2091s
 1935320 310125    6.38254   27  151          -    6.31954      -   117 2095s
 1940907 310182    7.26433   32  144          -    6.32390      -   117 2100s
 1946866 310095 infeasible   30               -    6.32833      -   117 2105s
 1950181 310266 infeasible   29               -    6.33067      -   117 2110s
 1957236 310374    7.06065   33  181          -    6.33583      -   117 2115s
 1957541 309655 infeasible   38               -    6.33706      -   117 2127s
 1964800 309671    6.59276   28  159          -    6.34090      -   117 2131s
 1967759 309819    6.61153   33  135          -    6.34190      -   117 2135s
 1974594 309765    6.49892   32  166          -    6.34823      -   117 2141s
 1980362 309646 infeasible   32               -    6.35313      -   117 2145s
 1985312 309658    6.48372   31  128          -    6.35657      -   117 2150s
 1990194 309757    6.51267   27  226          -    6.36131      -   117 2156s
 1990472 309759    6.84372   32  137          -    6.36191      -   117 2160s
 1991449 309748 infeasible   36               -    6.36251      -   117 2165s
 1996946 309901 infeasible   30               -    6.36708      -   117 2171s
 1999616 309858    6.92832   30  170          -    6.36930      -   117 2175s
 2006702 310037    6.64177   27  147          -    6.37460      -   117 2180s
 2011836 310110 infeasible   32               -    6.37858      -   117 2185s
 2016532 310218    6.95258   34  144          -    6.38301      -   117 2190s
 2020700 310298    6.44680   31  211          -    6.38537      -   117 2195s
 2021238 310254 infeasible   31               -    6.38696      -   117 2200s
 2021790 310268    6.61427   33  181          -    6.38750      -   117 2205s
 2028390 310225 infeasible   29               -    6.39307      -   117 2210s
 2031657 310172    6.77357   31  195          -    6.39565      -   117 2215s
 2038548 310179    6.69622   39  117          -    6.40142      -   117 2220s
 2042992 310325    6.83483   28  163          -    6.40413      -   118 2226s
 2047392 310280 infeasible   29               -    6.40800      -   118 2231s
 2054387 310284 infeasible   42               -    6.41301      -   118 2236s
 2054568 310291    8.15693   33  108          -    6.41390      -   118 2240s
 2055355 310202 infeasible   37               -    6.41452      -   118 2245s
 2058763 310136    6.72845   29  201          -    6.41625      -   118 2251s
 2063317 309438    6.80542   30  136          -    6.42110      -   118 2259s
 2071014 309437    6.98697   30  161          -    6.42471      -   118 2260s
 2075150 309603    6.66160   27  166          -    6.42679      -   118 2265s
 2078588 309705    6.90875   31  179          -    6.42999      -   118 2270s
 2084411 309787 infeasible   32               -    6.43391      -   118 2275s
 2091131 309604 infeasible   31               -    6.43997      -   118 2280s
 2092482 309604    6.72900   27  148          -    6.44085      -   118 2286s
 2093149 309569 infeasible   31               -    6.44173      -   118 2290s
 2098651 309344    6.60989   28  149          -    6.44671      -   118 2296s
 2102478 309248    6.73355   29  167          -    6.44962      -   118 2300s
 2109560 309213 infeasible   34               -    6.45500      -   118 2305s
 2115189 309175 infeasible   38               -    6.46053      -   118 2310s
 2120096 309173    6.52617   33  165          -    6.46482      -   118 2315s
 2121803 309169 infeasible   26               -    6.46581      -   118 2321s
 2123975 309016    6.58946   35  182          -    6.46773      -   118 2325s
 2128999 308956 infeasible   36               -    6.47173      -   118 2330s
 2135280 308858 infeasible   33               -    6.47774      -   118 2335s
 2139547 308697 infeasible   32               -    6.48138      -   118 2340s
 2139815 308707    7.03273   34  200          -    6.48206      -   118 2345s
 2140798 308656    7.00598   35  177          -    6.48278      -   118 2350s
 2144225 308491 infeasible   40               -    6.48498      -   118 2356s
 2150445 308450 infeasible   33               -    6.49125      -   118 2360s
 2156423 308317 infeasible   23               -    6.49624      -   118 2365s
 2160057 308214    7.00001   29  171          -    6.49893      -   118 2370s
 2167345 308060    6.53663   28  140          -    6.50507      -   118 2376s
 2170017 308091    6.71817   36  157          -    6.50809      -   118 2380s
 2175431 307990 infeasible   27               -    6.51280      -   118 2385s
 2175726 307933 infeasible   30               -    6.51343      -   118 2390s
 2178074 307837    6.79797   33  116          -    6.51441      -   118 2395s
 2183749 307813 infeasible   33               -    6.51898      -   118 2401s
 2189325 307751    7.02815   28  170          -    6.52456      -   118 2405s
 2195907 307621    6.54575   42  116          -    6.53018      -   118 2411s
 2198319 307539    7.08131   36  170          -    6.53158      -   118 2415s
 2205942 307323    8.73820   34  146          -    6.53834      -   118 2420s
 2209879 307386    6.65240   35  126          -    6.54117      -   118 2425s
 2209983 307382    6.70918   31  180          -    6.54281      -   118 2430s
 2210979 307301 infeasible   31               -    6.54364      -   118 2436s
 2216256 307199    6.82770   30  143          -    6.54755      -   118 2440s
 2221965 306962    6.57995   32  170          -    6.55308      -   118 2445s
 2225615 306826    6.62389   25  211          -    6.55660      -   118 2450s
 2233583 306543    6.80065   35  171          -    6.56380      -   118 2456s
 2238504 306288    8.31058   31  133          -    6.56812      -   118 2461s
 2242572 306087    6.66499   31  201          -    6.57168      -   118 2466s
 2247508 305996 infeasible   31               -    6.57592      -   118 2470s
 2250424 305938 infeasible   40               -    6.57885      -   118 2475s
 2252135 305860    7.51958   32  176          -    6.57961      -   118 2480s
 2255928 305658 infeasible   33               -    6.58345      -   118 2485s
 2259450 305457 infeasible   28               -    6.58549      -   118 2490s
 2267368 305329 infeasible   28               -    6.59336      -   118 2495s
 2271726 305244    7.04903   30  185          -    6.59627      -   118 2500s
 2275289 305142    7.01574   29  184          -    6.59986      -   118 2505s
 2277042 305081 infeasible   32               -    6.60095      -   118 2511s
 2278069 304830 infeasible   32               -    6.60233      -   118 2515s
 2286228 304557    7.20319   32  177          -    6.61035      -   118 2521s
 2288012 304381    7.08300   26  185          -    6.61117      -   118 2525s
 2296046 303930 infeasible   39               -    6.61899      -   118 2530s
 2302670 303854 infeasible   29               -    6.62438      -   118 2536s
 2304857 303711 infeasible   35               -    6.62575      -   118 2540s
 2305001 303665    6.69468   32  137          -    6.62777      -   118 2545s
 2306007 303606    7.19096   28  169          -    6.62844      -   118 2551s
 2310023 303248    6.83268   29  179          -    6.63001      -   118 2555s
 2317722 303053    7.32900   34  121          -    6.63888      -   118 2560s
 2322962 302772 infeasible   37               -    6.64331      -   118 2565s
 2326831 302634 infeasible   34               -    6.64615      -   118 2571s
 2334608 302343    6.83907   28  201          -    6.65326      -   118 2576s
 2339255 302124 infeasible   36               -    6.65691      -   118 2581s
 2344300 301959    7.97077   33   92          -    6.66157      -   118 2585s
 2346523 301841 infeasible   34               -    6.66270      -   118 2591s
 2350361 301643 infeasible   46               -    6.66517      -   118 2595s
 2355041 301410    6.92099   28  178          -    6.67091      -   118 2601s
 2360687 301172 infeasible   29               -    6.67625      -   118 2605s
 2364325 300928 infeasible   40               -    6.67994      -   118 2610s
 2365560 300776    7.04350   42  148          -    6.68086      -   118 2615s
 2367420 300495 infeasible   35               -    6.68274      -   118 2621s
 2374388 300200 infeasible   32               -    6.68911      -   118 2625s
 2378814 299834 infeasible   29               -    6.69304      -   118 2631s
 2386011 299379    7.61232   30  188          -    6.70037      -   118 2635s
 2388324 299235    7.38455   27  127          -    6.70225      -   118 2640s
 2396212 298857    6.76014   31  216          -    6.70885      -   118 2645s
 2399541 298733 infeasible   27               -    6.71302      -   118 2650s
 2400093 298606 infeasible   32               -    6.71379      -   118 2655s
 2401240 298555    7.51953   32  111          -    6.71491      -   118 2660s
 2406750 298089 infeasible   36               -    6.71927      -   118 2665s
 2411507 297908 infeasible   29               -    6.72450      -   118 2671s
 2416827 297578 infeasible   34               -    6.72942      -   118 2675s
 2421460 297153 infeasible   30               -    6.73335      -   118 2680s
 2428865 296875 infeasible   40               -    6.74068      -   118 2685s
 2433100 296541 infeasible   38               -    6.74406      -   118 2690s
 2433229 296476 infeasible   30               -    6.74540      -   118 2695s
 2434133 296397    8.43791   35  129          -    6.74586      -   118 2700s
 2436286 296023    7.08748   33  157          -    6.74710      -   118 2705s
 2444439 295490    6.84751   34  155          -    6.75582      -   118 2710s
 2448064 295189 infeasible   37               -    6.75770      -   118 2715s
 2457098 294683    7.07821   35  201          -    6.76709      -   118 2721s
 2457628 294015    7.31277   33  139          -    6.76742      -   118 2725s
 2466230 293516 infeasible   27               -    6.77399      -   118 2730s
 2470882 293249 infeasible   36               -    6.77885      -   118 2735s
 2476097 292989 infeasible   40               -    6.78414      -   118 2740s
 2476484 292851 infeasible   38               -    6.78510      -   118 2746s
 2476991 292689 infeasible   28               -    6.78585      -   118 2750s
 2483248 292009 infeasible   37               -    6.79081      -   118 2756s
 2485514 291900    6.80343   33  204          -    6.79411      -   118 2760s
 2492525 291284    7.48800   31  173          -    6.80111      -   118 2765s
 2499495 290834    6.83285   34  195          -    6.80776      -   118 2770s
 2505584 290280 infeasible   31               -    6.81333      -   118 2775s
 2509251 289913    8.34435   38  124          -    6.81623      -   118 2780s
 2517692 289231 infeasible   37               -    6.82557      -   118 2786s
 2518882 289140    8.45892   33  125          -    6.82709      -   118 2791s
 2519478 289056 infeasible   31               -    6.82772      -   118 2795s
 2521302 288826 infeasible   28               -    6.82989      -   118 2801s
 2526450 288037    6.84044   33  148          -    6.83491      -   118 2806s
 2531966 287661 infeasible   32               -    6.84117      -   118 2811s
 2539409 286911 infeasible   29               -    6.84870      -   118 2816s
 2541836 286769 infeasible   33               -    6.85128      -   118 2820s
 2550277 286094    7.01870   31  150          -    6.85936      -   118 2825s
 2555416 285815 infeasible   31               -    6.86402      -   118 2830s
 2558324 285565 infeasible   42               -    6.86696      -   118 2835s
 2558696 285415    7.42870   31  176          -    6.86854      -   118 2841s
 2560229 285252    7.40392   36  124          -    6.86985      -   118 2846s
 2565268 284436    7.69911   28  109          -    6.87564      -   118 2850s
 2570074 283950 infeasible   35               -    6.87992      -   118 2856s
 2577645 283388    7.77587   34  167          -    6.88802      -   118 2860s
 2582079 282987 infeasible   33               -    6.89224      -   118 2865s
 2588989 282420    7.03403   28  149          -    6.89946      -   118 2870s
 2594281 281606 infeasible   40               -    6.90425      -   118 2876s
 2599949 281052 infeasible   38               -    6.91124      -   118 2880s
 2604642 280683    7.67122   30  171          -    6.91622      -   118 2885s
 2604794 280630 infeasible   31               -    6.91724      -   118 2890s
 2605467 280426 infeasible   34               -    6.91815      -   119 2896s
 2607395 280065 infeasible   39               -    6.91957      -   119 2900s
 2615443 279272 infeasible   36               -    6.92894      -   119 2905s
 2620737 278542    7.93150   31  169          -    6.93399      -   119 2910s
 2625008 278083    7.54959   36  159          -    6.93809      -   119 2915s
 2631929 277253    7.30412   26  240          -    6.94705      -   119 2920s
 2637666 276620 infeasible   31               -    6.95208      -   119 2925s
 2643990 275945 infeasible   37               -    6.95965      -   119 2930s
 2646282 275771    7.06268   31  151          -    6.96248      -   119 2935s
 2649460 275426    8.46049   31  156          -    6.96438      -   119 2940s
 2651190 275054 infeasible   33               -    6.96696      -   119 2945s
 2659752 274209    7.24307   36  172          -    6.97769      -   119 2951s
 2663911 273481 infeasible   31               -    6.98042      -   119 2956s
 2671131 272578 infeasible   34               -    6.99005      -   119 2960s
 2674911 272032 infeasible   36               -    6.99349      -   119 2965s
 2680289 271559 infeasible   28               -    7.00126      -   119 2970s
 2680490 271429    7.29457   32  181          -    7.00242      -   119 2975s
 2681154 271297 infeasible   35               -    7.00303      -   119 2980s
 2685164 270703    7.54904   32  187          -    7.00628      -   119 2986s
 2689933 270214    7.26791   33  123          -    7.01242      -   119 2990s
 2696346 269081 infeasible   35               -    7.01913      -   119 2995s
 2700419 268655 infeasible   30               -    7.02421      -   119 3000s
 2709105 267459 infeasible   39               -    7.03538      -   119 3005s
 2713275 266741    9.05705   29  143          -    7.03969      -   119 3010s
 2718501 266261 infeasible   38               -    7.04721      -   119 3015s
 2723831 265320    8.04607   29  154          -    7.05384      -   119 3020s
 2725457 265300    7.11069   35  165          -    7.05651      -   119 3025s
 2726050 265138    7.32011   39   80          -    7.05739      -   119 3030s
 2728211 264512    7.39442   30  142          -    7.05933      -   119 3036s
 2734094 263515    7.19756   32  138          -    7.06728      -   119 3040s
 2739755 262670 infeasible   34               -    7.07321      -   119 3045s
 2745410 261996    7.45238   35  106          -    7.08195      -   119 3050s
 2751405 261080    7.91282   26  198          -    7.08770      -   119 3055s
 2756888 260104    7.24972   35  129          -    7.09465      -   119 3061s
 2763866 259197 infeasible   29               -    7.10505      -   119 3065s
 2767854 258543 infeasible   36               -    7.10807      -   119 3070s
 2773453 257985    9.09899   33  147          -    7.11710      -   119 3075s
 2773638 257935    7.16839   35  182          -    7.11820      -   119 3080s
 2774672 257614 infeasible   36               -    7.11918      -   119 3085s
 2781621 256942 infeasible   39               -    7.12743      -   119 3090s
 2786321 256091 infeasible   37               -    7.13262      -   119 3095s
 2791914 255471    7.32894   35  172          -    7.14008      -   119 3100s
 2797620 254430    7.64617   37  131          -    7.14731      -   119 3105s
 2802043 253892 infeasible   40               -    7.15147      -   119 3110s
 2810573 252711 infeasible   39               -    7.16406      -   119 3115s
 2813340 252381 infeasible   32               -    7.16715      -   119 3120s
 2813537 252242    7.62039   34  150          -    7.16900      -   119 3126s
 2814263 251990    7.40963   39   95          -    7.16977      -   119 3130s
 2818517 250912 infeasible   35               -    7.17320      -   119 3136s
 2824624 250162 infeasible   39               -    7.18377      -   119 3140s
 2829253 249012    7.47295   35  171          -    7.18850      -   119 3145s
 2836493 248250    8.18813   34  133          -    7.20043      -   119 3150s
 2840544 247419    7.31801   32  159          -    7.20626      -   119 3155s
 2847114 246585 infeasible   35               -    7.21491      -   119 3160s
 2851793 245572    7.38629   30  152          -    7.22146      -   119 3165s
 2858260 244479 infeasible   45               -    7.22962      -   119 3170s
 2862945 243646    7.61324   35   99          -    7.23594      -   119 3176s
 2863988 243574    7.31187   33  139          -    7.23943      -   119 3180s
 2864446 243326 infeasible   33               -    7.24051      -   119 3185s
 2865820 242989 infeasible   40               -    7.24215      -   119 3190s
 2872913 241387 infeasible   32               -    7.25217      -   119 3196s
 2878812 240831 infeasible   37               -    7.25936      -   119 3200s
 2883176 239867    7.29911   35  190          -    7.26583      -   119 3205s
 2890029 238778 infeasible   34               -    7.27374      -   119 3210s
 2893665 238206    7.50199   32  156          -    7.27949      -   119 3215s
 2900459 236969 infeasible   39               -    7.29020      -   119 3220s
 2906196 236223 infeasible   35               -    7.29750      -   119 3225s
 2913497 235037 infeasible   36               -    7.30770      -   119 3231s
 2916947 234375 infeasible   30               -    7.31220      -   119 3236s
 2917702 234177    7.41561   30  157          -    7.31537      -   119 3240s
 2918075 234027 infeasible   37               -    7.31635      -   119 3245s
 2920162 233115 infeasible   36               -    7.31845      -   119 3250s
 2929262 232037 infeasible   33               -    7.33275      -   119 3255s
 2933368 231037 infeasible   34               -    7.33536      -   119 3260s
 2942462 229838 infeasible   42               -    7.35123      -   119 3266s
 2945378 228923    7.57008   39   89          -    7.35491      -   119 3270s
 2951889 227652 infeasible   36               -    7.36642      -   119 3275s
 2957081 226935    8.71939   28  148          -    7.37402      -   119 3280s
 2962357 225923 infeasible   36               -    7.38189      -   119 3285s
 2964117 225874 infeasible   33               -    7.38563      -   119 3290s
 2964590 225708 infeasible   37               -    7.38674      -   119 3295s
 2966568 224834 infeasible   34               -    7.38891      -   119 3300s
 2972777 223652 infeasible   37               -    7.40015      -   119 3305s
 2979271 222291 infeasible   36               -    7.41089      -   119 3310s
 2983834 221535 infeasible   37               -    7.41866      -   119 3315s
 2991582 220006 infeasible   27               -    7.43152      -   119 3320s
 2998301 219140 infeasible   32               -    7.44104      -   119 3325s
 3003831 217618 infeasible   33               -    7.44981      -   119 3330s
 3008633 216748    7.71142   30  117          -    7.45938      -   119 3335s
 3014682 215522 infeasible   34               -    7.46865      -   119 3340s
 3021250 214663    7.68843   34  171          -    7.47882      -   119 3345s
 3021481 214572    8.02264   28  172          -    7.48021      -   119 3350s
 3022169 214258 infeasible   38               -    7.48165      -   119 3356s
 3023393 213930    8.04166   34  159          -    7.48350      -   119 3360s
 3027513 212709 infeasible   32               -    7.49184      -   119 3365s
 3034004 211871 infeasible   47               -    7.50238      -   119 3370s
 3039970 210447    7.95607   31  155          -    7.50887      -   119 3375s
 3047068 209528    7.62483   32  171          -    7.52342      -   119 3380s
 3052670 208287 infeasible   35               -    7.53083      -   119 3385s
 3059486 207302 infeasible   36               -    7.54294      -   119 3390s
 3064275 205899 infeasible   42               -    7.55127      -   119 3395s
 3071030 204662 infeasible   39               -    7.56258      -   119 3400s
 3074791 203934 infeasible   31               -    7.57064      -   119 3405s
 3079124 202878    8.07258   36   75          -    7.57609      -   119 3410s
 3082767 201905 infeasible   29               -    7.58197      -   119 3415s
 3090450 200410 infeasible   33               -    7.59958      -   119 3420s
 3094062 199677 infeasible   33               -    7.60400      -   119 3425s
 3094328 199542 infeasible   38               -    7.60792      -   119 3430s
 3094917 199242 infeasible   39               -    7.60872      -   119 3435s
 3096768 198583 infeasible   35               -    7.61115      -   119 3440s
 3103180 196963    8.02579   37  108          -    7.62321      -   119 3445s
 3108477 195767 infeasible   33               -    7.63244      -   119 3450s
 3116550 194440    7.90475   35  134          -    7.64811      -   119 3455s
 3119667 193440 infeasible   32               -    7.65038      -   119 3460s
 3128544 191510 infeasible   32               -    7.66831      -   119 3465s
 3134839 190236 infeasible   38               -    7.68178      -   119 3470s
 3140501 188984 infeasible   37               -    7.69261      -   119 3475s
 3145071 187628 infeasible   39               -    7.70016      -   119 3480s
 3153899 186208 infeasible   43               -    7.71752      -   119 3485s
 3155275 185800    8.23501   31  151          -    7.71954      -   119 3490s
 3158477 185099 infeasible   31               -    7.72402      -   119 3495s
 3164779 183674 infeasible   35               -    7.73972      -   119 3500s
 3168920 182205 infeasible   44               -    7.74564      -   119 3505s
 3175086 180996    7.86632   38  153          -    7.76107      -   119 3510s
 3178805 180097 infeasible   39               -    7.76789      -   119 3515s
 3179518 179866 infeasible   36               -    7.77085      -   119 3521s
 3180173 179536 infeasible   35               -    7.77258      -   119 3526s
 3184022 178104 infeasible   32               -    7.77632      -   119 3530s
 3190812 176440 infeasible   37               -    7.79361      -   119 3535s
 3194955 175150 infeasible   46               -    7.80153      -   119 3540s
 3204562 172842 infeasible   33               -    7.82437      -   119 3545s
 3208666 171942 infeasible   37               -    7.83360      -   119 3550s
 3217194 170130 infeasible   38               -    7.85117      -   119 3556s
 3219968 168983    8.23618   32  161          -    7.85486      -   119 3560s
 3228068 166970    8.62046   33  157          -    7.87571      -   119 3565s
 3231615 166392 infeasible   31               -    7.88325      -   119 3570s
 3232729 166128 infeasible   36               -    7.88549      -   119 3575s
 3233544 165644    7.95397   36  128          -    7.88826      -   119 3580s
 3240353 163994 infeasible   31               -    7.90458      -   119 3585s
 3244073 162563 infeasible   33               -    7.91119      -   119 3590s
 3253335 159834 infeasible   32               -    7.93596      -   119 3595s

Cutting planes:
  Learned: 88
  Gomory: 372
  Lift-and-project: 104
  Cover: 167
  Implied bound: 12
  MIR: 206
  Mixing: 15
  Flow cover: 1484
  Inf proof: 376
  Zero half: 3
  RLT: 7
  Relax-and-lift: 18

Explored 3256403 nodes (386440621 simplex iterations) in 3599.07 seconds (8961.68 work units)
Most recent optimization runtime was 2999.01 seconds (7650.77 work units)
Thread count was 28 (of 28 available processors)

Solution count 0

Time limit reached
Best objective -, best bound 7.941794721296e+00, gap -
[EMIB] No feasible solution: MIPGap=0.8, status=9, time=2999.01s, SolCount=0
[EMIB] Search failed, no feasible solution
  ✓ EMIB: 0 solution(s)
s
2026-07-02 04:41:43 - INFO -  2726050 265138    7.32011   39   80          -    7.05739      -   119 3030s
2026-07-02 04:41:49 - INFO -  2728211 264512    7.39442   30  142          -    7.05933      -   119 3036s
2026-07-02 04:41:53 - INFO -  2734094 263515    7.19756   32  138          -    7.06728      -   119 3040s
2026-07-02 04:41:58 - INFO -  2739755 262670 infeasible   34               -    7.07321      -   119 3045s
2026-07-02 04:42:03 - INFO -  2745410 261996    7.45238   35  106          -    7.08195      -   119 3050s
2026-07-02 04:42:07 - INFO -  2751405 261080    7.91282   26  198          -    7.08770      -   119 3055s
2026-07-02 04:42:13 - INFO -  2756888 260104    7.24972   35  129          -    7.09465      -   119 3061s
2026-07-02 04:42:18 - INFO -  2763866 259197 infeasible   29               -    7.10505      -   119 3065s
2026-07-02 04:42:23 - INFO -  2767854 258543 infeasible   36               -    7.10807      -   119 3070s
2026-07-02 04:42:28 - INFO -  2773453 257985    9.09899   33  147          -    7.11710      -   119 3075s
2026-07-02 04:42:33 - INFO -  2773638 257935    7.16839   35  182          -    7.11820      -   119 3080s
2026-07-02 04:42:38 - INFO -  2774672 257614 infeasible   36               -    7.11918      -   119 3085s
2026-07-02 04:42:43 - INFO -  2781621 256942 infeasible   39               -    7.12743      -   119 3090s
2026-07-02 04:42:48 - INFO -  2786321 256091 infeasible   37               -    7.13262      -   119 3095s
2026-07-02 04:42:53 - INFO -  2791914 255471    7.32894   35  172          -    7.14008      -   119 3100s
2026-07-02 04:42:58 - INFO -  2797620 254430    7.64617   37  131          -    7.14731      -   119 3105s
2026-07-02 04:43:02 - INFO -  2802043 253892 infeasible   40               -    7.15147      -   119 3110s
2026-07-02 04:43:08 - INFO -  2810573 252711 infeasible   39               -    7.16406      -   119 3115s
2026-07-02 04:43:13 - INFO -  2813340 252381 infeasible   32               -    7.16715      -   119 3120s
2026-07-02 04:43:18 - INFO -  2813537 252242    7.62039   34  150          -    7.16900      -   119 3126s
2026-07-02 04:43:23 - INFO -  2814263 251990    7.40963   39   95          -    7.16977      -   119 3130s
2026-07-02 04:43:29 - INFO -  2818517 250912 infeasible   35               -    7.17320      -   119 3136s
2026-07-02 04:43:33 - INFO -  2824624 250162 infeasible   39               -    7.18377      -   119 3140s
2026-07-02 04:43:38 - INFO -  2829253 249012    7.47295   35  171          -    7.18850      -   119 3145s
2026-07-02 04:43:43 - INFO -  2836493 248250    8.18813   34  133          -    7.20043      -   119 3150s
2026-07-02 04:43:48 - INFO -  2840544 247419    7.31801   32  159          -    7.20626      -   119 3155s
2026-07-02 04:43:53 - INFO -  2847114 246585 infeasible   35               -    7.21491      -   119 3160s
2026-07-02 04:43:58 - INFO -  2851793 245572    7.38629   30  152          -    7.22146      -   119 3165s
2026-07-02 04:44:03 - INFO -  2858260 244479 infeasible   45               -    7.22962      -   119 3170s
2026-07-02 04:44:08 - INFO -  2862945 243646    7.61324   35   99          -    7.23594      -   119 3176s
2026-07-02 04:44:12 - INFO -  2863988 243574    7.31187   33  139          -    7.23943      -   119 3180s
2026-07-02 04:44:18 - INFO -  2864446 243326 infeasible   33               -    7.24051      -   119 3185s
2026-07-02 04:44:23 - INFO -  2865820 242989 infeasible   40               -    7.24215      -   119 3190s
2026-07-02 04:44:28 - INFO -  2872913 241387 infeasible   32               -    7.25217      -   119 3196s
2026-07-02 04:44:33 - INFO -  2878812 240831 infeasible   37               -    7.25936      -   119 3200s
2026-07-02 04:44:38 - INFO -  2883176 239867    7.29911   35  190          -    7.26583      -   119 3205s
2026-07-02 04:44:43 - INFO -  2890029 238778 infeasible   34               -    7.27374      -   119 3210s
2026-07-02 04:44:48 - INFO -  2893665 238206    7.50199   32  156          -    7.27949      -   119 3215s
2026-07-02 04:44:53 - INFO -  2900459 236969 infeasible   39               -    7.29020      -   119 3220s
2026-07-02 04:44:57 - INFO -  2906196 236223 infeasible   35               -    7.29750      -   119 3225s
2026-07-02 04:45:03 - INFO -  2913497 235037 infeasible   36               -    7.30770      -   119 3231s
2026-07-02 04:45:08 - INFO -  2916947 234375 infeasible   30               -    7.31220      -   119 3236s
2026-07-02 04:45:13 - INFO -  2917702 234177    7.41561   30  157          -    7.31537      -   119 3240s
2026-07-02 04:45:17 - INFO -  2918075 234027 infeasible   37               -    7.31635      -   119 3245s
2026-07-02 04:45:22 - INFO -  2920162 233115 infeasible   36               -    7.31845      -   119 3250s
2026-07-02 04:45:28 - INFO -  2929262 232037 infeasible   33               -    7.33275      -   119 3255s
2026-07-02 04:45:33 - INFO -  2933368 231037 infeasible   34               -    7.33536      -   119 3260s
2026-07-02 04:45:39 - INFO -  2942462 229838 infeasible   42               -    7.35123      -   119 3266s
2026-07-02 04:45:43 - INFO -  2945378 228923    7.57008   39   89          -    7.35491      -   119 3270s
2026-07-02 04:45:48 - INFO -  2951889 227652 infeasible   36               -    7.36642      -   119 3275s
2026-07-02 04:45:53 - INFO -  2957081 226935    8.71939   28  148          -    7.37402      -   119 3280s
2026-07-02 04:45:58 - INFO -  2962357 225923 infeasible   36               -    7.38189      -   119 3285s
2026-07-02 04:46:03 - INFO -  2964117 225874 infeasible   33               -    7.38563      -   119 3290s
2026-07-02 04:46:08 - INFO -  2964590 225708 infeasible   37               -    7.38674      -   119 3295s
2026-07-02 04:46:13 - INFO -  2966568 224834 infeasible   34               -    7.38891      -   119 3300s
2026-07-02 04:46:18 - INFO -  2972777 223652 infeasible   37               -    7.40015      -   119 3305s
2026-07-02 04:46:23 - INFO -  2979271 222291 infeasible   36               -    7.41089      -   119 3310s
2026-07-02 04:46:28 - INFO -  2983834 221535 infeasible   37               -    7.41866      -   119 3315s
2026-07-02 04:46:33 - INFO -  2991582 220006 infeasible   27               -    7.43152      -   119 3320s
2026-07-02 04:46:38 - INFO -  2998301 219140 infeasible   32               -    7.44104      -   119 3325s
2026-07-02 04:46:43 - INFO -  3003831 217618 infeasible   33               -    7.44981      -   119 3330s
2026-07-02 04:46:47 - INFO -  3008633 216748    7.71142   30  117          -    7.45938      -   119 3335s
2026-07-02 04:46:53 - INFO -  3014682 215522 infeasible   34               -    7.46865      -   119 3340s
2026-07-02 04:46:57 - INFO -  3021250 214663    7.68843   34  171          -    7.47882      -   119 3345s
2026-07-02 04:47:03 - INFO -  3021481 214572    8.02264   28  172          -    7.48021      -   119 3350s
2026-07-02 04:47:09 - INFO -  3022169 214258 infeasible   38               -    7.48165      -   119 3356s
2026-07-02 04:47:13 - INFO -  3023393 213930    8.04166   34  159          -    7.48350      -   119 3360s
2026-07-02 04:47:18 - INFO -  3027513 212709 infeasible   32               -    7.49184      -   119 3365s
2026-07-02 04:47:23 - INFO -  3034004 211871 infeasible   47               -    7.50238      -   119 3370s
2026-07-02 04:47:28 - INFO -  3039970 210447    7.95607   31  155          -    7.50887      -   119 3375s
2026-07-02 04:47:32 - INFO -  3047068 209528    7.62483   32  171          -    7.52342      -   119 3380s
2026-07-02 04:47:38 - INFO -  3052670 208287 infeasible   35               -    7.53083      -   119 3385s
2026-07-02 04:47:43 - INFO -  3059486 207302 infeasible   36               -    7.54294      -   119 3390s
2026-07-02 04:47:48 - INFO -  3064275 205899 infeasible   42               -    7.55127      -   119 3395s
2026-07-02 04:47:52 - INFO -  3071030 204662 infeasible   39               -    7.56258      -   119 3400s
2026-07-02 04:47:58 - INFO -  3074791 203934 infeasible   31               -    7.57064      -   119 3405s
2026-07-02 04:48:03 - INFO -  3079124 202878    8.07258   36   75          -    7.57609      -   119 3410s
2026-07-02 04:48:08 - INFO -  3082767 201905 infeasible   29               -    7.58197      -   119 3415s
2026-07-02 04:48:13 - INFO -  3090450 200410 infeasible   33               -    7.59958      -   119 3420s
2026-07-02 04:48:18 - INFO -  3094062 199677 infeasible   33               -    7.60400      -   119 3425s
2026-07-02 04:48:23 - INFO -  3094328 199542 infeasible   38               -    7.60792      -   119 3430s
2026-07-02 04:48:28 - INFO -  3094917 199242 infeasible   39               -    7.60872      -   119 3435s
2026-07-02 04:48:33 - INFO -  3096768 198583 infeasible   35               -    7.61115      -   119 3440s
2026-07-02 04:48:37 - INFO -  3103180 196963    8.02579   37  108          -    7.62321      -   119 3445s
2026-07-02 04:48:43 - INFO -  3108477 195767 infeasible   33               -    7.63244      -   119 3450s
2026-07-02 04:48:48 - INFO -  3116550 194440    7.90475   35  134          -    7.64811      -   119 3455s
2026-07-02 04:48:52 - INFO -  3119667 193440 infeasible   32               -    7.65038      -   119 3460s
2026-07-02 04:48:58 - INFO -  3128544 191510 infeasible   32               -    7.66831      -   119 3465s
2026-07-02 04:49:02 - INFO -  3134839 190236 infeasible   38               -    7.68178      -   119 3470s
2026-07-02 04:49:08 - INFO -  3140501 188984 infeasible   37               -    7.69261      -   119 3475s
2026-07-02 04:49:12 - INFO -  3145071 187628 infeasible   39               -    7.70016      -   119 3480s
2026-07-02 04:49:18 - INFO -  3153899 186208 infeasible   43               -    7.71752      -   119 3485s
2026-07-02 04:49:23 - INFO -  3155275 185800    8.23501   31  151          -    7.71954      -   119 3490s
2026-07-02 04:49:28 - INFO -  3158477 185099 infeasible   31               -    7.72402      -   119 3495s
2026-07-02 04:49:33 - INFO -  3164779 183674 infeasible   35               -    7.73972      -   119 3500s
2026-07-02 04:49:38 - INFO -  3168920 182205 infeasible   44               -    7.74564      -   119 3505s
2026-07-02 04:49:42 - INFO -  3175086 180996    7.86632   38  153          -    7.76107      -   119 3510s
2026-07-02 04:49:48 - INFO -  3178805 180097 infeasible   39               -    7.76789      -   119 3515s
2026-07-02 04:49:53 - INFO -  3179518 179866 infeasible   36               -    7.77085      -   119 3521s
2026-07-02 04:49:58 - INFO -  3180173 179536 infeasible   35               -    7.77258      -   119 3526s
2026-07-02 04:50:03 - INFO -  3184022 178104 infeasible   32               -    7.77632      -   119 3530s
2026-07-02 04:50:07 - INFO -  3190812 176440 infeasible   37               -    7.79361      -   119 3535s
2026-07-02 04:50:12 - INFO -  3194955 175150 infeasible   46               -    7.80153      -   119 3540s
2026-07-02 04:50:18 - INFO -  3204562 172842 infeasible   33               -    7.82437      -   119 3545s
2026-07-02 04:50:23 - INFO -  3208666 171942 infeasible   37               -    7.83360      -   119 3550s
2026-07-02 04:50:28 - INFO -  3217194 170130 infeasible   38               -    7.85117      -   119 3556s
2026-07-02 04:50:32 - INFO -  3219968 168983    8.23618   32  161          -    7.85486      -   119 3560s
2026-07-02 04:50:38 - INFO -  3228068 166970    8.62046   33  157          -    7.87571      -   119 3565s
2026-07-02 04:50:43 - INFO -  3231615 166392 infeasible   31               -    7.88325      -   119 3570s
2026-07-02 04:50:47 - INFO -  3232729 166128 infeasible   36               -    7.88549      -   119 3575s
2026-07-02 04:50:53 - INFO -  3233544 165644    7.95397   36  128          -    7.88826      -   119 3580s
2026-07-02 04:50:58 - INFO -  3240353 163994 infeasible   31               -    7.90458      -   119 3585s
2026-07-02 04:51:03 - INFO -  3244073 162563 infeasible   33               -    7.91119      -   119 3590s
2026-07-02 04:51:08 - INFO -  3253335 159834 infeasible   32               -    7.93596      -   119 3595s
2026-07-02 04:51:11 - INFO - 
2026-07-02 04:51:11 - INFO - Cutting planes:
2026-07-02 04:51:11 - INFO -   Learned: 88
2026-07-02 04:51:11 - INFO -   Gomory: 372
2026-07-02 04:51:11 - INFO -   Lift-and-project: 104
2026-07-02 04:51:11 - INFO -   Cover: 167
2026-07-02 04:51:11 - INFO -   Implied bound: 12
2026-07-02 04:51:11 - INFO -   MIR: 206
2026-07-02 04:51:11 - INFO -   Mixing: 15
2026-07-02 04:51:11 - INFO -   Flow cover: 1484
2026-07-02 04:51:11 - INFO -   Inf proof: 376
2026-07-02 04:51:11 - INFO -   Zero half: 3
2026-07-02 04:51:11 - INFO -   RLT: 7
2026-07-02 04:51:11 - INFO -   Relax-and-lift: 18
2026-07-02 04:51:11 - INFO - 
2026-07-02 04:51:11 - INFO - Explored 3256403 nodes (386440621 simplex iterations) in 3599.07 seconds (8961.68 work units)
2026-07-02 04:51:11 - INFO - Most recent optimization runtime was 2999.01 seconds (7650.77 work units)
2026-07-02 04:51:11 - INFO - Thread count was 28 (of 28 available processors)
2026-07-02 04:51:11 - INFO - 
2026-07-02 04:51:11 - INFO - Solution count 0
2026-07-02 04:51:11 - INFO - 
2026-07-02 04:51:11 - INFO - Time limit reached
2026-07-02 04:51:11 - INFO - Best objective -, best bound 7.941794721296e+00, gap -
2026-07-02 04:51:12 - INFO - 
EMIB returned 0 solution(s) (max 1).
