
================================================================================
Batch test start (Gurobi)
================================================================================
Test input dir: /root/placement/MPDAP/benchmark/test_input
Output base dir: /root/placement/MPDAP/output_gurobi_EMIB_chiplet_5_6_01_18
Found 1 test file(s)
Files to process: hp6_m.json
================================================================================


[1/1] Processing: hp6_m.json
  Core name: hp6_m_core
  Log dir: /root/placement/MPDAP/output_gurobi_EMIB_chiplet_5_6_01_18/log/hp6_m_core
  LP dir: /root/placement/MPDAP/output_gurobi_EMIB_chiplet_5_6_01_18/lp/hp6_m_core
  Fig dir: /root/placement/MPDAP/output_gurobi_EMIB_chiplet_5_6_01_18/fig/hp6_m_core
  Placement file: /root/placement/MPDAP/output_gurobi_EMIB_chiplet_5_6_01_18/placement/hp6_m.json
2026-06-21 16:44:00 - INFO - Calling EMIB solver (Gurobi)...
node 0 w: 4.62, h: 10.36
node 1 w: 7.0, h: 3.78
node 2 w: 2.1, h: 9.8
node 3 w: 2.1, h: 9.8
node 4 w: 2.1, h: 9.8
node 5 w: 5.46, h: 33.04
  (A,C): node1=A, node2=C, wireCount=512, EMIBType=interfaceB, EMIB_length=1.7067, EMIB_max_width=3.0, width=2.0, height=1.7067, bump_width=1.0000
  (A,F): node1=A, node2=F, wireCount=256, EMIBType=interfaceB, EMIB_length=0.8533, EMIB_max_width=3.0, width=2.0, height=0.8533, bump_width=1.0000
  (B,E): node1=B, node2=E, wireCount=128, EMIBType=interfaceC, EMIB_length=3.2, EMIB_max_width=99.0, width=1.0, height=3.2, bump_width=0.5000
  (B,F): node1=B, node2=F, wireCount=128, EMIBType=interfaceC, EMIB_length=3.2, EMIB_max_width=99.0, width=1.0, height=3.2, bump_width=0.5000
  (C,D): node1=C, node2=D, wireCount=256, EMIBType=interfaceB, EMIB_length=0.8533, EMIB_max_width=3.0, width=2.0, height=0.8533, bump_width=1.0000
  (0,2): [A, C, 512, interfaceB, 1.7067, 3.0]
  (0,5): [A, F, 256, interfaceB, 0.8533, 3.0]
  (1,4): [B, E, 128, interfaceC, 3.2, 99.0]
  (1,5): [B, F, 128, interfaceC, 3.2, 99.0]
  (2,3): [C, D, 256, interfaceB, 0.8533, 3.0]
Set parameter WLSAccessID
2026-06-21 16:44:00 - INFO - Set parameter WLSAccessID
Set parameter WLSSecret
2026-06-21 16:44:00 - INFO - Set parameter WLSSecret
Set parameter LicenseID to value 2756663
2026-06-21 16:44:00 - INFO - Set parameter LicenseID to value 2756663
Academic license 2756663 - for non-commercial use only - registered to hu___@sjtu.edu.cn
2026-06-21 16:44:00 - INFO - Academic license 2756663 - for non-commercial use only - registered to hu___@sjtu.edu.cn
EMIB_w_var: {(0, 2): <gurobi.Var *Awaiting Model Update*>, (0, 5): <gurobi.Var *Awaiting Model Update*>, (2, 3): <gurobi.Var *Awaiting Model Update*>}
EMIB_h_var: {(0, 2): <gurobi.Var *Awaiting Model Update*>, (0, 5): <gurobi.Var *Awaiting Model Update*>, (2, 3): <gurobi.Var *Awaiting Model Update*>}
EMIB_connected_pairs: {(0, 2): EMIBNode(node1='A', node2='C', wireCount=512, EMIBType='interfaceB', EMIB_length=1.7067, EMIB_bump_width=1.0, EMIB_max_width=3.0, width=2.0, height=1.7067), (0, 5): EMIBNode(node1='A', node2='F', wireCount=256, EMIBType='interfaceB', EMIB_length=0.8533, EMIB_bump_width=1.0, EMIB_max_width=3.0, width=2.0, height=0.8533), (2, 3): EMIBNode(node1='C', node2='D', wireCount=256, EMIBType='interfaceB', EMIB_length=0.8533, EMIB_bump_width=1.0, EMIB_max_width=3.0, width=2.0, height=0.8533)}
[POWER_AWARE] Mutual Distancing: ENABLED
[POWER_AWARE] Central Avoidance: ENABLED
[POWER_AWARE] Power Aware Optimization: ENABLED
[POWER_AWARE] Selected high-power chiplets: 1 (density threshold: 2.526724975704567)
[POWER_AWARE] High-power chiplet indices: [2]
[POWER_AWARE] Mutual Distancing: NOT ADDED - Insufficient high-power chiplet pairs (found 1, need at least 2)
[POWER_AWARE] Central Avoidance: Creating away-from-center constraints for 1 high-power chiplets
[DEBUG] chiplet 2 in top 30% power density, add away-from-center constraint
[POWER_AWARE] Central Avoidance: Added away-from-center constraints for 1 high-power chiplets
[DEBUG] L_avg: 17.78936761101979
[DEBUG] total_area: 316.4616
[POWER_AWARE] Normalization factor calculation:
[POWER_AWARE]   - High-power chiplets: 1
[POWER_AWARE]   - Mutual Distancing enabled: True
[POWER_AWARE]   - Central Avoidance enabled: True
[POWER_AWARE]   - pair_sum (MD): 0.000000e+00
[POWER_AWARE]   - self_sum (CA): 2.704000e+03
[POWER_AWARE]   - total_sum (pair + self): 2.704000e+03
[POWER_AWARE]   - ref_power: 2.405123e+04
[DEBUG] ref_wirelength: 11385.195271052668
[DEBUG] ref_t: 35.57873522203958
[DEBUG] ref_power: 24051.22501009876
[DEBUG] ref_aspect: 59.640000000000015

================================================================================
[OBJECTIVE FUNCTION DETAILS]
================================================================================

[Normalization Reference Values]
  ref_wirelength: 1.138520e+04
  ref_t (area proxy): 3.557874e+01
  ref_power: 2.405123e+04
  ref_aspect: 5.964000e+01

[Beta Weights]
  beta_wire: 5.000000e+00
  beta_area: 6.000000e+00
  beta_aspect: 1.000000e-01
  beta_power: 1.800000e+00

[Objective Function Components]
  1. Wirelength term:
     norm_wirelength = wirelength / ref_wirelength
     contribution = beta_wire * norm_wirelength = 5.0 * norm_wirelength
  2. Area term:
     norm_t = t / ref_t
     contribution = beta_area * norm_t = 6.0 * norm_t
  3. Aspect Ratio term:
     norm_aspect = aspect_ratio_penalty / ref_aspect
     contribution = beta_aspect * norm_aspect = 0.1 * norm_aspect
  4. Power Awareness term:
     norm_power = power_aware_penalty / ref_power
     contribution = - beta_power * norm_power = - 1.8 * norm_power

[Objective Function Formula]
  minimize: 5.0 * wirelength/ref_wirelength
          + 6.0 * t/ref_t
          + 0.1 * aspect_ratio_penalty/ref_aspect
          - 1.8 * power_aware_penalty/ref_power
================================================================================


[EMIB] ILP Model construction completed. Analyzing model structure...
================================================================================
ILP MODEL ANALYSIS REPORT - Chiplet Placement ILP (Construction Complete)
Generated: 2026-06-21 16:44:00
================================================================================

[MODEL STRUCTURE]
  Constraints (rows):                      0
  Variables (columns):                     0
  Non-zero elements:                       0
  Objective coefficients:                  0

[VARIABLE TYPES]
  Continuous:                              0
  Integer:                                 0
  Binary:                                  0

[CONSTRAINT TYPES]

[COEFFICIENT STATISTICS]

[SOLVE STATISTICS]
  Status:                    Unknown(1)
  Solve time (s):                       0.00
  Solutions found:                         0
  Nodes explored:            (not available)
  Simplex iterations:        (not available)

[MEMORY USAGE]
  Initial memory:                     96.14 MB
  Peak memory:                         0.00 MB
  Final memory:                        0.00 MB
  Peak increase:                     -96.14 MB
  Final increase:                    -96.14 MB

================================================================================
Set parameter TimeLimit to value 300
2026-06-21 16:44:00 - INFO - Set parameter TimeLimit to value 300
Set parameter MIPGap to value 0
2026-06-21 16:44:00 - INFO - Set parameter MIPGap to value 0
Set parameter MIPFocus to value 3
2026-06-21 16:44:00 - INFO - Set parameter MIPFocus to value 3
Set parameter Heuristics to value 0.5
2026-06-21 16:44:00 - INFO - Set parameter Heuristics to value 0.5
Set parameter LogToConsole to value 1
2026-06-21 16:44:00 - INFO - Set parameter LogToConsole to value 1
Gurobi Optimizer version 13.0.1 build v13.0.1rc0 (linux64 - "Ubuntu 20.04.6 LTS")
2026-06-21 16:44:00 - INFO - Gurobi Optimizer version 13.0.1 build v13.0.1rc0 (linux64 - "Ubuntu 20.04.6 LTS")

2026-06-21 16:44:00 - INFO - 
CPU model: AMD Ryzen 9 9950X3D 16-Core Processor, instruction set [SSE2|AVX|AVX2|AVX512]
2026-06-21 16:44:00 - INFO - CPU model: AMD Ryzen 9 9950X3D 16-Core Processor, instruction set [SSE2|AVX|AVX2|AVX512]
Thread count: 14 physical cores, 28 logical processors, using up to 28 threads
2026-06-21 16:44:00 - INFO - Thread count: 14 physical cores, 28 logical processors, using up to 28 threads

2026-06-21 16:44:00 - INFO - 
Non-default parameters:
2026-06-21 16:44:00 - INFO - Non-default parameters:
TimeLimit  300
2026-06-21 16:44:00 - INFO - TimeLimit  300
MIPGap  0
2026-06-21 16:44:00 - INFO - MIPGap  0
Heuristics  0.5
2026-06-21 16:44:00 - INFO - Heuristics  0.5
MIPFocus  3
2026-06-21 16:44:00 - INFO - MIPFocus  3

2026-06-21 16:44:00 - INFO - 
Academic license 2756663 - for non-commercial use only - registered to hu___@sjtu.edu.cn
2026-06-21 16:44:00 - INFO - Academic license 2756663 - for non-commercial use only - registered to hu___@sjtu.edu.cn
Optimize a model with 439 rows, 216 columns and 1453 nonzeros (Min)
2026-06-21 16:44:00 - INFO - Optimize a model with 439 rows, 216 columns and 1453 nonzeros (Min)
Model fingerprint: 0x37618065
2026-06-21 16:44:00 - INFO - Model fingerprint: 0x37618065
Model has 4 linear objective coefficients
2026-06-21 16:44:00 - INFO - Model has 4 linear objective coefficients
Variable types: 103 continuous, 113 integer (113 binary)
2026-06-21 16:44:00 - INFO - Variable types: 103 continuous, 113 integer (113 binary)
Coefficient statistics:
2026-06-21 16:44:00 - INFO - Coefficient statistics:
  Matrix range     [3e-01, 3e+03]
2026-06-21 16:44:00 - INFO -   Matrix range     [3e-01, 3e+03]
  Objective range  [7e-05, 2e-01]
2026-06-21 16:44:00 - INFO -   Objective range  [7e-05, 2e-01]
  Bounds range     [9e-01, 3e+06]
2026-06-21 16:44:00 - INFO -   Bounds range     [9e-01, 3e+06]
  RHS range        [9e-01, 2e+02]
2026-06-21 16:44:00 - INFO -   RHS range        [9e-01, 2e+02]

2026-06-21 16:44:00 - INFO - 
Presolve removed 58 rows and 48 columns
2026-06-21 16:44:00 - INFO - Presolve removed 58 rows and 48 columns
Presolve time: 0.00s
2026-06-21 16:44:00 - INFO - Presolve time: 0.00s
Presolved: 381 rows, 168 columns, 1332 nonzeros
2026-06-21 16:44:00 - INFO - Presolved: 381 rows, 168 columns, 1332 nonzeros
Variable types: 61 continuous, 107 integer (107 binary)
2026-06-21 16:44:00 - INFO - Variable types: 61 continuous, 107 integer (107 binary)
Root relaxation presolve removed 64 rows and 18 columns
2026-06-21 16:44:00 - INFO - Root relaxation presolve removed 64 rows and 18 columns
Root relaxation presolved: 317 rows, 150 columns, 1170 nonzeros
2026-06-21 16:44:00 - INFO - Root relaxation presolved: 317 rows, 150 columns, 1170 nonzeros

2026-06-21 16:44:00 - INFO - 

2026-06-21 16:44:00 - INFO - 
Root relaxation: objective -2.484540e+01, 89 iterations, 0.00 seconds (0.00 work units)
2026-06-21 16:44:00 - INFO - Root relaxation: objective -2.484540e+01, 89 iterations, 0.00 seconds (0.00 work units)

2026-06-21 16:44:00 - INFO - 
    Nodes    |    Current Node    |     Objective Bounds      |     Work
2026-06-21 16:44:00 - INFO -     Nodes    |    Current Node    |     Objective Bounds      |     Work
 Expl Unexpl |  Obj  Depth IntInf | Incumbent    BestBd   Gap | It/Node Time
2026-06-21 16:44:00 - INFO -  Expl Unexpl |  Obj  Depth IntInf | Incumbent    BestBd   Gap | It/Node Time

2026-06-21 16:44:00 - INFO - 
     0     0  -24.84540    0   43          -  -24.84540      -     -    0s
2026-06-21 16:44:00 - INFO -      0     0  -24.84540    0   43          -  -24.84540      -     -    0s
H    0     0                       9.2326991  -17.50551   290%     -    0s
2026-06-21 16:44:00 - INFO - H    0     0                       9.2326991  -17.50551   290%     -    0s
     0     0   -3.45945    0   37    9.23270   -3.45945   137%     -    0s
2026-06-21 16:44:00 - INFO -      0     0   -3.45945    0   37    9.23270   -3.45945   137%     -    0s
     0     0   -3.45945    0   30    9.23270   -3.45945   137%     -    0s
2026-06-21 16:44:00 - INFO -      0     0   -3.45945    0   30    9.23270   -3.45945   137%     -    0s
     0     0   -3.06472    0   32    9.23270   -3.06472   133%     -    0s
2026-06-21 16:44:00 - INFO -      0     0   -3.06472    0   32    9.23270   -3.06472   133%     -    0s
     0     0   -2.88120    0   33    9.23270   -2.88120   131%     -    0s
2026-06-21 16:44:00 - INFO -      0     0   -2.88120    0   33    9.23270   -2.88120   131%     -    0s
     0     0   -2.88120    0   35    9.23270   -2.88120   131%     -    0s
2026-06-21 16:44:00 - INFO -      0     0   -2.88120    0   35    9.23270   -2.88120   131%     -    0s
H    0     0                       8.1348011   -2.38174   129%     -    0s
2026-06-21 16:44:00 - INFO - H    0     0                       8.1348011   -2.38174   129%     -    0s
     0     0   -1.92791    0   56    8.13480   -1.92791   124%     -    0s
2026-06-21 16:44:00 - INFO -      0     0   -1.92791    0   56    8.13480   -1.92791   124%     -    0s
     0     0   -1.92791    0   42    8.13480   -1.92791   124%     -    0s
2026-06-21 16:44:00 - INFO -      0     0   -1.92791    0   42    8.13480   -1.92791   124%     -    0s
     0     0    4.18363    0   50    8.13480    4.18363  48.6%     -    0s
2026-06-21 16:44:00 - INFO -      0     0    4.18363    0   50    8.13480    4.18363  48.6%     -    0s
     0     0    4.18363    0   47    8.13480    4.18363  48.6%     -    0s
2026-06-21 16:44:00 - INFO -      0     0    4.18363    0   47    8.13480    4.18363  48.6%     -    0s
     0     0    4.18363    0   50    8.13480    4.18363  48.6%     -    0s
2026-06-21 16:44:00 - INFO -      0     0    4.18363    0   50    8.13480    4.18363  48.6%     -    0s
     0     0    4.44373    0   51    8.13480    4.44373  45.4%     -    0s
2026-06-21 16:44:00 - INFO -      0     0    4.44373    0   51    8.13480    4.44373  45.4%     -    0s
     0     0    4.44373    0   51    8.13480    4.44373  45.4%     -    0s
2026-06-21 16:44:00 - INFO -      0     0    4.44373    0   51    8.13480    4.44373  45.4%     -    0s
     0     0    4.44373    0   51    8.13480    4.44373  45.4%     -    0s
2026-06-21 16:44:00 - INFO -      0     0    4.44373    0   51    8.13480    4.44373  45.4%     -    0s
     0     0    4.85014    0   51    8.13480    4.85014  40.4%     -    0s
2026-06-21 16:44:00 - INFO -      0     0    4.85014    0   51    8.13480    4.85014  40.4%     -    0s
     0     0    4.85014    0   43    8.13480    4.85014  40.4%     -    0s
2026-06-21 16:44:00 - INFO -      0     0    4.85014    0   43    8.13480    4.85014  40.4%     -    0s
     0     2    4.85014    0   43    8.13480    4.85014  40.4%     -    0s
2026-06-21 16:44:00 - INFO -      0     2    4.85014    0   43    8.13480    4.85014  40.4%     -    0s
H   28    30                       8.0167531    4.85014  39.5%  89.6    0s
2026-06-21 16:44:01 - INFO - H   28    30                       8.0167531    4.85014  39.5%  89.6    0s
H   46    58                       6.7597784    4.90634  27.4%   100    0s
2026-06-21 16:44:01 - INFO - H   46    58                       6.7597784    4.90634  27.4%   100    0s
H  147   124                       6.6893649    5.53514  17.3%  64.2    0s
2026-06-21 16:44:01 - INFO - H  147   124                       6.6893649    5.53514  17.3%  64.2    0s
*  209   172               8       6.5713169    5.78177  12.0%  56.5    0s
2026-06-21 16:44:01 - INFO - *  209   172               8       6.5713169    5.78177  12.0%  56.5    0s

2026-06-21 16:44:01 - INFO - 
Cutting planes:
2026-06-21 16:44:01 - INFO - Cutting planes:
  Learned: 23
2026-06-21 16:44:01 - INFO -   Learned: 23
  Gomory: 63
2026-06-21 16:44:01 - INFO -   Gomory: 63
  Lift-and-project: 28
2026-06-21 16:44:01 - INFO -   Lift-and-project: 28
  Implied bound: 27
2026-06-21 16:44:01 - INFO -   Implied bound: 27
  Clique: 5
2026-06-21 16:44:01 - INFO -   Clique: 5
  MIR: 208
2026-06-21 16:44:01 - INFO -   MIR: 208
  Mixing: 9
2026-06-21 16:44:01 - INFO -   Mixing: 9
  StrongCG: 3
2026-06-21 16:44:01 - INFO -   StrongCG: 3
  Flow cover: 689
2026-06-21 16:44:01 - INFO -   Flow cover: 689
  RLT: 40
2026-06-21 16:44:01 - INFO -   RLT: 40
  Relax-and-lift: 38
2026-06-21 16:44:01 - INFO -   Relax-and-lift: 38
  PSD: 9
2026-06-21 16:44:01 - INFO -   PSD: 9

2026-06-21 16:44:01 - INFO - 
Explored 834 nodes (26255 simplex iterations) in 0.60 seconds (0.84 work units)
2026-06-21 16:44:01 - INFO - Explored 834 nodes (26255 simplex iterations) in 0.60 seconds (0.84 work units)
Thread count was 28 (of 28 available processors)
2026-06-21 16:44:01 - INFO - Thread count was 28 (of 28 available processors)

2026-06-21 16:44:01 - INFO - 
Solution count 6: 6.57132 6.68936 6.75978 ... 9.2327
2026-06-21 16:44:01 - INFO - Solution count 6: 6.57132 6.68936 6.75978 ... 9.2327

2026-06-21 16:44:01 - INFO - 
Optimal solution found (tolerance 0.00e+00)
2026-06-21 16:44:01 - INFO - Optimal solution found (tolerance 0.00e+00)
Best objective 6.571316879462e+00, best bound 6.571316879462e+00, gap 0.0000%
2026-06-21 16:44:01 - INFO - Best objective 6.571316879462e+00, best bound 6.571316879462e+00, gap 0.0000%
[EMIB] Solve done: MIPGap=0.0, status=Optimal, Obj=6.571317, time=0.60s, SolCount=6


================================================================================
ILP MODEL ANALYSIS REPORT - Chiplet Placement ILP (Gap=0.0)
Generated: 2026-06-21 16:44:01
================================================================================

[MODEL STRUCTURE]
  Constraints (rows):                    439
  Variables (columns):                   216
  Non-zero elements:                    1453
  Objective coefficients:                  4

[VARIABLE TYPES]
  Continuous:                            103
  Integer:                                 0
  Binary:                                113

[CONSTRAINT TYPES]
  <= constraints:                              232
  == constraints:                               73
  >= constraints:                              134

[COEFFICIENT STATISTICS]
  Matrix range:              [2.93e-01, 2.70e+03]
  Objective range:           [7.48e-05, 1.69e-01]
  Bounds range:              [-1.56e+02, 3.19e+06]

[SOLVE STATISTICS]
  Status:                    Optimal
  Objective value:                  6.571317
  Best bound:                       6.571317
  MIP gap:                           0.0000%
  Solve time (s):                       0.60
  Solutions found:                         6
  Nodes explored:                      834.0
  Simplex iterations:                26255.0

[MEMORY USAGE]
  Initial memory:                     96.77 MB
  Peak memory:                       179.33 MB
  Final memory:                      179.33 MB
  Peak increase:                      82.56 MB
  Final increase:                     82.56 MB

================================================================================

================================================================================
[OBJECTIVE FUNCTION BREAKDOWN - SOLUTION VALUES]
================================================================================

[Actual Variable Values]
  wirelength: 7.418880e+03
  bbox_area_proxy_t: 3.785600e+01
  aspect_ratio_penalty: 1.876000e+01
  power_aware_penalty: 4.145232e+04

[Normalized Values]
  norm_wirelength = 7.418880e+03 / 1.138520e+04 = 6.516252e-01
  norm_t = 3.785600e+01 / 3.557874e+01 = 1.064006e+00
  norm_aspect = 1.876000e+01 / 5.964000e+01 = 3.145540e-01
  norm_power = 4.145232e+04 / 2.405123e+04 = 1.723501e+00

[Weighted Contributions]
  1. Wirelength: 5.000000e+00 * 6.516252e-01 = 3.258126e+00
  2. Area: 6.000000e+00 * 1.064006e+00 = 6.384038e+00
  3. Aspect Ratio: 1.000000e-01 * 3.145540e-01 = 3.145540e-02
  4. Power Awareness: -1.800000e+00 * 1.723501e+00 = -3.102303e+00

[Total Objective Value]
  3.258126e+00 + 6.384038e+00 + 3.145540e-02 - 3.102303e+00
  = 6.571317e+00
================================================================================

[EMIB] Solve succeeded (Optimal)
[EMIB] placement JSON saved: /root/placement/MPDAP/output_gurobi_EMIB_chiplet_5_6_01_18/placement/hp6_m.json
[EMIB] Layout figure saved: /root/placement/MPDAP/output_gurobi_EMIB_chiplet_5_6_01_18/fig/hp6_m_core/solution_1_layout_gurobi.png
2026-06-21 16:44:01 - INFO - 
EMIB returned 1 solution(s) (max 1).
  ✓ EMIB: 1 solution(s)

================================================================================
Batch test done (Gurobi)
  Total time: 1.12 s
================================================================================
File summary:
  Success: 1/1
  Failed: 0/1
Solution count:
  Found: 1/1

Details:
  ✓ hp6_m.json -> hp6_m_core: 1 solution(s)
    Log dir: /root/placement/MPDAP/output_gurobi_EMIB_chiplet_5_6_01_18/log/hp6_m_core
    LP dir: /root/placement/MPDAP/output_gurobi_EMIB_chiplet_5_6_01_18/lp/hp6_m_core
    Fig dir: /root/placement/MPDAP/output_gurobi_EMIB_chiplet_5_6_01_18/fig/hp6_m_core
    Placement: /root/placement/MPDAP/output_gurobi_EMIB_chiplet_5_6_01_18/placement/hp6_m.json
================================================================================

