
================================================================================
Batch test start (Gurobi)
================================================================================
Test input dir: /root/placement/MPDAP/benchmark/test_input
Output base dir: /root/placement/MPDAP/output_gurobi_EMIB_chiplet_5_6_01_13
Found 1 test file(s)
Files to process: sys_micro150.json
================================================================================


[1/1] Processing: sys_micro150.json
  Core name: sys_micro150_core
  Log dir: /root/placement/MPDAP/output_gurobi_EMIB_chiplet_5_6_01_13/log/sys_micro150_core
  LP dir: /root/placement/MPDAP/output_gurobi_EMIB_chiplet_5_6_01_13/lp/sys_micro150_core
  Fig dir: /root/placement/MPDAP/output_gurobi_EMIB_chiplet_5_6_01_13/fig/sys_micro150_core
  Placement file: /root/placement/MPDAP/output_gurobi_EMIB_chiplet_5_6_01_13/placement/sys_micro150.json
2026-06-21 18:21:50 - INFO - Calling EMIB solver (Gurobi)...
node 0 w: 8.25, h: 9.0
node 1 w: 8.25, h: 9.0
node 2 w: 8.25, h: 9.0
node 3 w: 8.25, h: 9.0
node 4 w: 8.75, h: 8.75
node 5 w: 8.75, h: 8.75
node 6 w: 8.75, h: 8.75
node 7 w: 8.75, h: 8.75
  (A,B): node1=A, node2=B, wireCount=256, EMIBType=interfaceB, EMIB_length=0.8533, EMIB_max_width=3.0, width=2.0, height=0.8533, bump_width=1.0000
  (A,D): node1=A, node2=D, wireCount=256, EMIBType=interfaceB, EMIB_length=0.8533, EMIB_max_width=3.0, width=2.0, height=0.8533, bump_width=1.0000
  (A,E): node1=A, node2=E, wireCount=1024, EMIBType=interfaceB, EMIB_length=3.4133, EMIB_max_width=3.0, width=2.0, height=3.4133, bump_width=1.0000
  (B,C): node1=B, node2=C, wireCount=256, EMIBType=interfaceB, EMIB_length=0.8533, EMIB_max_width=3.0, width=2.0, height=0.8533, bump_width=1.0000
  (B,F): node1=B, node2=F, wireCount=1024, EMIBType=interfaceB, EMIB_length=3.4133, EMIB_max_width=3.0, width=2.0, height=3.4133, bump_width=1.0000
  (C,D): node1=C, node2=D, wireCount=256, EMIBType=interfaceB, EMIB_length=0.8533, EMIB_max_width=3.0, width=2.0, height=0.8533, bump_width=1.0000
  (C,G): node1=C, node2=G, wireCount=1024, EMIBType=interfaceB, EMIB_length=3.4133, EMIB_max_width=3.0, width=2.0, height=3.4133, bump_width=1.0000
  (D,H): node1=D, node2=H, wireCount=1024, EMIBType=interfaceB, EMIB_length=3.4133, EMIB_max_width=3.0, width=2.0, height=3.4133, bump_width=1.0000
  (0,1): [A, B, 256, interfaceB, 0.8533, 3.0]
  (0,3): [A, D, 256, interfaceB, 0.8533, 3.0]
  (0,4): [A, E, 1024, interfaceB, 3.4133, 3.0]
  (1,2): [B, C, 256, interfaceB, 0.8533, 3.0]
  (1,5): [B, F, 1024, interfaceB, 3.4133, 3.0]
  (2,3): [C, D, 256, interfaceB, 0.8533, 3.0]
  (2,6): [C, G, 1024, interfaceB, 3.4133, 3.0]
  (3,7): [D, H, 1024, interfaceB, 3.4133, 3.0]
Set parameter WLSAccessID
2026-06-21 18:21:50 - INFO - Set parameter WLSAccessID
Set parameter WLSSecret
2026-06-21 18:21:50 - INFO - Set parameter WLSSecret
Set parameter LicenseID to value 2756663
2026-06-21 18:21:50 - INFO - Set parameter LicenseID to value 2756663
Academic license 2756663 - for non-commercial use only - registered to hu___@sjtu.edu.cn
2026-06-21 18:21:50 - INFO - Academic license 2756663 - for non-commercial use only - registered to hu___@sjtu.edu.cn
EMIB_w_var: {(0, 1): <gurobi.Var *Awaiting Model Update*>, (0, 3): <gurobi.Var *Awaiting Model Update*>, (0, 4): <gurobi.Var *Awaiting Model Update*>, (1, 2): <gurobi.Var *Awaiting Model Update*>, (1, 5): <gurobi.Var *Awaiting Model Update*>, (2, 3): <gurobi.Var *Awaiting Model Update*>, (2, 6): <gurobi.Var *Awaiting Model Update*>, (3, 7): <gurobi.Var *Awaiting Model Update*>}
EMIB_h_var: {(0, 1): <gurobi.Var *Awaiting Model Update*>, (0, 3): <gurobi.Var *Awaiting Model Update*>, (0, 4): <gurobi.Var *Awaiting Model Update*>, (1, 2): <gurobi.Var *Awaiting Model Update*>, (1, 5): <gurobi.Var *Awaiting Model Update*>, (2, 3): <gurobi.Var *Awaiting Model Update*>, (2, 6): <gurobi.Var *Awaiting Model Update*>, (3, 7): <gurobi.Var *Awaiting Model Update*>}
EMIB_connected_pairs: {(0, 1): EMIBNode(node1='A', node2='B', wireCount=256, EMIBType='interfaceB', EMIB_length=0.8533, EMIB_bump_width=1.0, EMIB_max_width=3.0, width=2.0, height=0.8533), (0, 3): EMIBNode(node1='A', node2='D', wireCount=256, EMIBType='interfaceB', EMIB_length=0.8533, EMIB_bump_width=1.0, EMIB_max_width=3.0, width=2.0, height=0.8533), (0, 4): EMIBNode(node1='A', node2='E', wireCount=1024, EMIBType='interfaceB', EMIB_length=3.4133, EMIB_bump_width=1.0, EMIB_max_width=3.0, width=2.0, height=3.4133), (1, 2): EMIBNode(node1='B', node2='C', wireCount=256, EMIBType='interfaceB', EMIB_length=0.8533, EMIB_bump_width=1.0, EMIB_max_width=3.0, width=2.0, height=0.8533), (1, 5): EMIBNode(node1='B', node2='F', wireCount=1024, EMIBType='interfaceB', EMIB_length=3.4133, EMIB_bump_width=1.0, EMIB_max_width=3.0, width=2.0, height=3.4133), (2, 3): EMIBNode(node1='C', node2='D', wireCount=256, EMIBType='interfaceB', EMIB_length=0.8533, EMIB_bump_width=1.0, EMIB_max_width=3.0, width=2.0, height=0.8533), (2, 6): EMIBNode(node1='C', node2='G', wireCount=1024, EMIBType='interfaceB', EMIB_length=3.4133, EMIB_bump_width=1.0, EMIB_max_width=3.0, width=2.0, height=3.4133), (3, 7): EMIBNode(node1='D', node2='H', wireCount=1024, EMIBType='interfaceB', EMIB_length=3.4133, EMIB_bump_width=1.0, EMIB_max_width=3.0, width=2.0, height=3.4133)}
[POWER_AWARE] Mutual Distancing: ENABLED
[POWER_AWARE] Central Avoidance: ENABLED
[POWER_AWARE] Power Aware Optimization: ENABLED
[POWER_AWARE] Selected high-power chiplets: 4 (density threshold: 2.0202020202020203)
[POWER_AWARE] High-power chiplet indices: [0, 1, 2, 3]
[POWER_AWARE] Mutual Distancing: Creating constraints for 4 high-power chiplets
[POWER_AWARE] Mutual Distancing: Added distance constraints for all high-power pairs
[POWER_AWARE] Central Avoidance: Creating away-from-center constraints for 4 high-power chiplets
[DEBUG] chiplet 0 in top 30% power density, add away-from-center constraint
[DEBUG] chiplet 1 in top 30% power density, add away-from-center constraint
[DEBUG] chiplet 2 in top 30% power density, add away-from-center constraint
[DEBUG] chiplet 3 in top 30% power density, add away-from-center constraint
[POWER_AWARE] Central Avoidance: Added away-from-center constraints for 4 high-power chiplets
[DEBUG] L_avg: 24.561148181630273
[DEBUG] total_area: 603.25
[POWER_AWARE] Normalization factor calculation:
[POWER_AWARE]   - High-power chiplets: 4
[POWER_AWARE]   - Mutual Distancing enabled: True
[POWER_AWARE]   - Central Avoidance enabled: True
[POWER_AWARE]   - pair_sum (MD): 1.350000e+05
[POWER_AWARE]   - self_sum (CA): 9.000000e+04
[POWER_AWARE]   - total_sum (pair + self): 2.250000e+05
[POWER_AWARE]   - ref_power: 2.763129e+06
[DEBUG] ref_wirelength: 62876.5393449735
[DEBUG] ref_t: 49.122296363260546
[DEBUG] ref_power: 2763129.170433406
[DEBUG] ref_aspect: 3.0

================================================================================
[OBJECTIVE FUNCTION DETAILS]
================================================================================

[Normalization Reference Values]
  ref_wirelength: 6.287654e+04
  ref_t (area proxy): 4.912230e+01
  ref_power: 2.763129e+06
  ref_aspect: 3.000000e+00

[Beta Weights]
  beta_wire: 5.000000e+00
  beta_area: 6.000000e+00
  beta_aspect: 1.000000e-01
  beta_power: 1.300000e+00

[Objective Function Components]
  1. Wirelength term:
     norm_wirelength = wirelength / ref_wirelength
     contribution = beta_wire * norm_wirelength = 5.0 * norm_wirelength
  2. Area term:
     norm_t = t / ref_t
     contribution = beta_area * norm_t = 6.0 * norm_t
  3. Aspect Ratio term:
     norm_aspect = aspect_ratio_penalty / ref_aspect
     contribution = beta_aspect * norm_aspect = 0.1 * norm_aspect
  4. Power Awareness term:
     norm_power = power_aware_penalty / ref_power
     contribution = - beta_power * norm_power = - 1.3 * norm_power

[Objective Function Formula]
  minimize: 5.0 * wirelength/ref_wirelength
          + 6.0 * t/ref_t
          + 0.1 * aspect_ratio_penalty/ref_aspect
          - 1.3 * power_aware_penalty/ref_power
================================================================================


[EMIB] ILP Model construction completed. Analyzing model structure...
================================================================================
ILP MODEL ANALYSIS REPORT - Chiplet Placement ILP (Construction Complete)
Generated: 2026-06-21 18:21:50
================================================================================

[MODEL STRUCTURE]
  Constraints (rows):                      0
  Variables (columns):                     0
  Non-zero elements:                       0
  Objective coefficients:                  0

[VARIABLE TYPES]
  Continuous:                              0
  Integer:                                 0
  Binary:                                  0

[CONSTRAINT TYPES]

[COEFFICIENT STATISTICS]

[SOLVE STATISTICS]
  Status:                    Unknown(1)
  Solve time (s):                       0.00
  Solutions found:                         0
  Nodes explored:            (not available)
  Simplex iterations:        (not available)

[MEMORY USAGE]
  Initial memory:                     96.31 MB
  Peak memory:                         0.00 MB
  Final memory:                        0.00 MB
  Peak increase:                     -96.31 MB
  Final increase:                    -96.31 MB

================================================================================
Set parameter TimeLimit to value 300
2026-06-21 18:21:50 - INFO - Set parameter TimeLimit to value 300
Set parameter MIPGap to value 0
2026-06-21 18:21:50 - INFO - Set parameter MIPGap to value 0
Set parameter MIPFocus to value 3
2026-06-21 18:21:50 - INFO - Set parameter MIPFocus to value 3
Set parameter Heuristics to value 0.5
2026-06-21 18:21:50 - INFO - Set parameter Heuristics to value 0.5
Set parameter LogToConsole to value 1
2026-06-21 18:21:50 - INFO - Set parameter LogToConsole to value 1
Gurobi Optimizer version 13.0.1 build v13.0.1rc0 (linux64 - "Ubuntu 20.04.6 LTS")
2026-06-21 18:21:50 - INFO - Gurobi Optimizer version 13.0.1 build v13.0.1rc0 (linux64 - "Ubuntu 20.04.6 LTS")

2026-06-21 18:21:50 - INFO - 
CPU model: AMD Ryzen 9 9950X3D 16-Core Processor, instruction set [SSE2|AVX|AVX2|AVX512]
2026-06-21 18:21:50 - INFO - CPU model: AMD Ryzen 9 9950X3D 16-Core Processor, instruction set [SSE2|AVX|AVX2|AVX512]
Thread count: 14 physical cores, 28 logical processors, using up to 28 threads
2026-06-21 18:21:50 - INFO - Thread count: 14 physical cores, 28 logical processors, using up to 28 threads

2026-06-21 18:21:50 - INFO - 
Non-default parameters:
2026-06-21 18:21:50 - INFO - Non-default parameters:
TimeLimit  300
2026-06-21 18:21:50 - INFO - TimeLimit  300
MIPGap  0
2026-06-21 18:21:50 - INFO - MIPGap  0
Heuristics  0.5
2026-06-21 18:21:50 - INFO - Heuristics  0.5
MIPFocus  3
2026-06-21 18:21:50 - INFO - MIPFocus  3

2026-06-21 18:21:50 - INFO - 
Academic license 2756663 - for non-commercial use only - registered to hu___@sjtu.edu.cn
2026-06-21 18:21:50 - INFO - Academic license 2756663 - for non-commercial use only - registered to hu___@sjtu.edu.cn
Optimize a model with 1063 rows, 498 columns and 3539 nonzeros (Min)
2026-06-21 18:21:50 - INFO - Optimize a model with 1063 rows, 498 columns and 3539 nonzeros (Min)
Model fingerprint: 0x2cb180c0
2026-06-21 18:21:50 - INFO - Model fingerprint: 0x2cb180c0
Model has 4 linear objective coefficients
2026-06-21 18:21:50 - INFO - Model has 4 linear objective coefficients
Variable types: 222 continuous, 276 integer (276 binary)
2026-06-21 18:21:50 - INFO - Variable types: 222 continuous, 276 integer (276 binary)
Coefficient statistics:
2026-06-21 18:21:50 - INFO - Coefficient statistics:
  Matrix range     [5e-01, 2e+04]
2026-06-21 18:21:50 - INFO -   Matrix range     [5e-01, 2e+04]
  Objective range  [5e-07, 1e-01]
2026-06-21 18:21:50 - INFO -   Objective range  [5e-07, 1e-01]
  Bounds range     [9e-01, 7e+06]
2026-06-21 18:21:50 - INFO -   Bounds range     [9e-01, 7e+06]
  RHS range        [9e-01, 2e+02]
2026-06-21 18:21:50 - INFO -   RHS range        [9e-01, 2e+02]

2026-06-21 18:21:50 - INFO - 
Presolve removed 101 rows and 89 columns
2026-06-21 18:21:50 - INFO - Presolve removed 101 rows and 89 columns
Presolve time: 0.01s
2026-06-21 18:21:50 - INFO - Presolve time: 0.01s
Presolved: 962 rows, 409 columns, 3126 nonzeros
2026-06-21 18:21:50 - INFO - Presolved: 962 rows, 409 columns, 3126 nonzeros
Variable types: 153 continuous, 256 integer (256 binary)
2026-06-21 18:21:50 - INFO - Variable types: 153 continuous, 256 integer (256 binary)
Root relaxation presolve removed 218 rows and 78 columns
2026-06-21 18:21:50 - INFO - Root relaxation presolve removed 218 rows and 78 columns
Root relaxation presolved: 744 rows, 343 columns, 2608 nonzeros
2026-06-21 18:21:50 - INFO - Root relaxation presolved: 744 rows, 343 columns, 2608 nonzeros

2026-06-21 18:21:50 - INFO - 

2026-06-21 18:21:50 - INFO - 
Root relaxation: objective -1.875238e+01, 195 iterations, 0.00 seconds (0.00 work units)
2026-06-21 18:21:50 - INFO - Root relaxation: objective -1.875238e+01, 195 iterations, 0.00 seconds (0.00 work units)

2026-06-21 18:21:50 - INFO - 
    Nodes    |    Current Node    |     Objective Bounds      |     Work
2026-06-21 18:21:50 - INFO -     Nodes    |    Current Node    |     Objective Bounds      |     Work
 Expl Unexpl |  Obj  Depth IntInf | Incumbent    BestBd   Gap | It/Node Time
2026-06-21 18:21:50 - INFO -  Expl Unexpl |  Obj  Depth IntInf | Incumbent    BestBd   Gap | It/Node Time

2026-06-21 18:21:50 - INFO - 
     0     0  -18.75238    0  120          -  -18.75238      -     -    0s
2026-06-21 18:21:50 - INFO -      0     0  -18.75238    0  120          -  -18.75238      -     -    0s
H    0     0                      13.7550112  -15.68514   214%     -    0s
2026-06-21 18:21:50 - INFO - H    0     0                      13.7550112  -15.68514   214%     -    0s
     0     0  -14.66361    0  156   13.75501  -14.66361   207%     -    0s
2026-06-21 18:21:50 - INFO -      0     0  -14.66361    0  156   13.75501  -14.66361   207%     -    0s
     0     0  -14.66361    0  156   13.75501  -14.66361   207%     -    0s
2026-06-21 18:21:50 - INFO -      0     0  -14.66361    0  156   13.75501  -14.66361   207%     -    0s
     0     0  -14.66361    0  130   13.75501  -14.66361   207%     -    0s
2026-06-21 18:21:50 - INFO -      0     0  -14.66361    0  130   13.75501  -14.66361   207%     -    0s
     0     0   -7.23509    0  138   13.75501   -7.23509   153%     -    0s
2026-06-21 18:21:50 - INFO -      0     0   -7.23509    0  138   13.75501   -7.23509   153%     -    0s
     0     0   -4.30530    0  121   13.75501   -4.30530   131%     -    0s
2026-06-21 18:21:50 - INFO -      0     0   -4.30530    0  121   13.75501   -4.30530   131%     -    0s
     0     0   -4.30530    0  120   13.75501   -4.30530   131%     -    0s
2026-06-21 18:21:50 - INFO -      0     0   -4.30530    0  120   13.75501   -4.30530   131%     -    0s
     0     0   -4.30530    0  110   13.75501   -4.30530   131%     -    0s
2026-06-21 18:21:50 - INFO -      0     0   -4.30530    0  110   13.75501   -4.30530   131%     -    0s
H    0     0                      11.0983719   -0.93349   108%     -    0s
2026-06-21 18:21:50 - INFO - H    0     0                      11.0983719   -0.93349   108%     -    0s
     0     0   -0.93349    0  121   11.09837   -0.93349   108%     -    0s
2026-06-21 18:21:50 - INFO -      0     0   -0.93349    0  121   11.09837   -0.93349   108%     -    0s
     0     0   -0.92235    0  119   11.09837   -0.92235   108%     -    0s
2026-06-21 18:21:50 - INFO -      0     0   -0.92235    0  119   11.09837   -0.92235   108%     -    0s
     0     0   -0.91143    0  122   11.09837   -0.91143   108%     -    0s
2026-06-21 18:21:50 - INFO -      0     0   -0.91143    0  122   11.09837   -0.91143   108%     -    0s
     0     0   -0.89438    0  120   11.09837   -0.89438   108%     -    0s
2026-06-21 18:21:50 - INFO -      0     0   -0.89438    0  120   11.09837   -0.89438   108%     -    0s
     0     0   -0.89427    0  122   11.09837   -0.89427   108%     -    0s
2026-06-21 18:21:50 - INFO -      0     0   -0.89427    0  122   11.09837   -0.89427   108%     -    0s
     0     0    0.73093    0  136   11.09837    0.73093  93.4%     -    0s
2026-06-21 18:21:50 - INFO -      0     0    0.73093    0  136   11.09837    0.73093  93.4%     -    0s
     0     0    0.73093    0  124   11.09837    0.73093  93.4%     -    0s
2026-06-21 18:21:51 - INFO -      0     0    0.73093    0  124   11.09837    0.73093  93.4%     -    0s
H    0     0                      10.9196423    0.98839  90.9%     -    0s
2026-06-21 18:21:51 - INFO - H    0     0                      10.9196423    0.98839  90.9%     -    0s
     0     0    0.98839    0  121   10.91964    0.98839  90.9%     -    0s
2026-06-21 18:21:51 - INFO -      0     0    0.98839    0  121   10.91964    0.98839  90.9%     -    0s
     0     0    1.45273    0  140   10.91964    1.45273  86.7%     -    0s
2026-06-21 18:21:51 - INFO -      0     0    1.45273    0  140   10.91964    1.45273  86.7%     -    0s
     0     0    1.45273    0  139   10.91964    1.45273  86.7%     -    0s
2026-06-21 18:21:51 - INFO -      0     0    1.45273    0  139   10.91964    1.45273  86.7%     -    0s
     0     0    1.45273    0  124   10.91964    1.45273  86.7%     -    0s
2026-06-21 18:21:51 - INFO -      0     0    1.45273    0  124   10.91964    1.45273  86.7%     -    0s
H    0     0                      10.7837081    1.45611  86.5%     -    0s
2026-06-21 18:21:51 - INFO - H    0     0                      10.7837081    1.45611  86.5%     -    0s
H    0     0                      10.7222072    1.53088  85.7%     -    0s
2026-06-21 18:21:51 - INFO - H    0     0                      10.7222072    1.53088  85.7%     -    0s
     0     0    1.53088    0  137   10.72221    1.53088  85.7%     -    0s
2026-06-21 18:21:51 - INFO -      0     0    1.53088    0  137   10.72221    1.53088  85.7%     -    0s
     0     0    1.55101    0  149   10.72221    1.55101  85.5%     -    0s
2026-06-21 18:21:51 - INFO -      0     0    1.55101    0  149   10.72221    1.55101  85.5%     -    0s
     0     0    1.56553    0  146   10.72221    1.56553  85.4%     -    0s
2026-06-21 18:21:51 - INFO -      0     0    1.56553    0  146   10.72221    1.56553  85.4%     -    0s
     0     0    1.56872    0  146   10.72221    1.56872  85.4%     -    0s
2026-06-21 18:21:51 - INFO -      0     0    1.56872    0  146   10.72221    1.56872  85.4%     -    0s
H    0     0                      10.5541082    1.56872  85.1%     -    0s
2026-06-21 18:21:51 - INFO - H    0     0                      10.5541082    1.56872  85.1%     -    0s
H    0     0                       9.1234215    1.56872  82.8%     -    0s
2026-06-21 18:21:51 - INFO - H    0     0                       9.1234215    1.56872  82.8%     -    0s
     0     0    1.99989    0  154    9.12342    1.99989  78.1%     -    0s
2026-06-21 18:21:51 - INFO -      0     0    1.99989    0  154    9.12342    1.99989  78.1%     -    0s
     0     0    1.99989    0  150    9.12342    1.99989  78.1%     -    0s
2026-06-21 18:21:51 - INFO -      0     0    1.99989    0  150    9.12342    1.99989  78.1%     -    0s
     0     0    1.99989    0  135    9.12342    1.99989  78.1%     -    0s
2026-06-21 18:21:51 - INFO -      0     0    1.99989    0  135    9.12342    1.99989  78.1%     -    0s
H    0     0                       8.8711762    2.02376  77.2%     -    0s
2026-06-21 18:21:51 - INFO - H    0     0                       8.8711762    2.02376  77.2%     -    0s
H    0     0                       8.7596866    2.02376  76.9%     -    0s
2026-06-21 18:21:51 - INFO - H    0     0                       8.7596866    2.02376  76.9%     -    0s
     0     0    2.02376    0  146    8.75969    2.02376  76.9%     -    0s
2026-06-21 18:21:51 - INFO -      0     0    2.02376    0  146    8.75969    2.02376  76.9%     -    0s
     0     0    2.06525    0  126    8.75969    2.06525  76.4%     -    0s
2026-06-21 18:21:51 - INFO -      0     0    2.06525    0  126    8.75969    2.06525  76.4%     -    0s
     0     0    2.08817    0  147    8.75969    2.08817  76.2%     -    0s
2026-06-21 18:21:51 - INFO -      0     0    2.08817    0  147    8.75969    2.08817  76.2%     -    0s
     0     0    2.09008    0  141    8.75969    2.09008  76.1%     -    0s
2026-06-21 18:21:51 - INFO -      0     0    2.09008    0  141    8.75969    2.09008  76.1%     -    0s
H    0     0                       8.7112748    2.09008  76.0%     -    0s
2026-06-21 18:21:51 - INFO - H    0     0                       8.7112748    2.09008  76.0%     -    0s
     0     0    2.15133    0  148    8.71127    2.15133  75.3%     -    0s
2026-06-21 18:21:51 - INFO -      0     0    2.15133    0  148    8.71127    2.15133  75.3%     -    0s
     0     0    2.15133    0  148    8.71127    2.15133  75.3%     -    0s
2026-06-21 18:21:51 - INFO -      0     0    2.15133    0  148    8.71127    2.15133  75.3%     -    0s
     0     0    2.15133    0  133    8.71127    2.15133  75.3%     -    1s
2026-06-21 18:21:51 - INFO -      0     0    2.15133    0  133    8.71127    2.15133  75.3%     -    1s
H    0     0                       8.6909174    2.15851  75.2%     -    1s
2026-06-21 18:21:51 - INFO - H    0     0                       8.6909174    2.15851  75.2%     -    1s
     0     0    2.16573    0  121    8.69092    2.16573  75.1%     -    1s
2026-06-21 18:21:51 - INFO -      0     0    2.16573    0  121    8.69092    2.16573  75.1%     -    1s
     0     0    2.16814    0  138    8.69092    2.16814  75.1%     -    1s
2026-06-21 18:21:51 - INFO -      0     0    2.16814    0  138    8.69092    2.16814  75.1%     -    1s
     0     0    2.42315    0  136    8.69092    2.42315  72.1%     -    1s
2026-06-21 18:21:51 - INFO -      0     0    2.42315    0  136    8.69092    2.42315  72.1%     -    1s
     0     0    2.42315    0  136    8.69092    2.42315  72.1%     -    1s
2026-06-21 18:21:51 - INFO -      0     0    2.42315    0  136    8.69092    2.42315  72.1%     -    1s
H    0     0                       8.6244181    2.45991  71.5%     -    1s
2026-06-21 18:21:51 - INFO - H    0     0                       8.6244181    2.45991  71.5%     -    1s
     0     0    2.45991    0  134    8.62442    2.45991  71.5%     -    1s
2026-06-21 18:21:51 - INFO -      0     0    2.45991    0  134    8.62442    2.45991  71.5%     -    1s
     0     0    2.46801    0  136    8.62442    2.46801  71.4%     -    1s
2026-06-21 18:21:51 - INFO -      0     0    2.46801    0  136    8.62442    2.46801  71.4%     -    1s
     0     0    2.51557    0  133    8.62442    2.51557  70.8%     -    1s
2026-06-21 18:21:51 - INFO -      0     0    2.51557    0  133    8.62442    2.51557  70.8%     -    1s
     0     0    2.51557    0  133    8.62442    2.51557  70.8%     -    1s
2026-06-21 18:21:51 - INFO -      0     0    2.51557    0  133    8.62442    2.51557  70.8%     -    1s
     0     0    2.51557    0  133    8.62442    2.51557  70.8%     -    1s
2026-06-21 18:21:51 - INFO -      0     0    2.51557    0  133    8.62442    2.51557  70.8%     -    1s
     0     0    2.51897    0  133    8.62442    2.51897  70.8%     -    1s
2026-06-21 18:21:51 - INFO -      0     0    2.51897    0  133    8.62442    2.51897  70.8%     -    1s
     0     0    2.51897    0  130    8.62442    2.51897  70.8%     -    1s
2026-06-21 18:21:51 - INFO -      0     0    2.51897    0  130    8.62442    2.51897  70.8%     -    1s
H    0     0                       8.6040575    2.51897  70.7%     -    1s
2026-06-21 18:21:51 - INFO - H    0     0                       8.6040575    2.51897  70.7%     -    1s
H    0     2                       8.5938788    2.51897  70.7%     -    1s
2026-06-21 18:21:51 - INFO - H    0     2                       8.5938788    2.51897  70.7%     -    1s
     0     2    2.51897    0  130    8.59388    2.51897  70.7%     -    1s
2026-06-21 18:21:51 - INFO -      0     2    2.51897    0  130    8.59388    2.51897  70.7%     -    1s
H   40    56                       8.0002627    3.38973  57.6%   195    1s
2026-06-21 18:21:52 - INFO - H   40    56                       8.0002627    3.38973  57.6%   195    1s
H  139   149                       8.0000038    3.55624  55.5%   169    2s
2026-06-21 18:21:52 - INFO - H  139   149                       8.0000038    3.55624  55.5%   169    2s
H  241   255                       7.9898251    3.67435  54.0%   175    2s
2026-06-21 18:21:53 - INFO - H  241   255                       7.9898251    3.67435  54.0%   175    2s
   796   809    3.94032    9  163    7.98983    3.87958  51.4%   147    5s
2026-06-21 18:21:55 - INFO -    796   809    3.94032    9  163    7.98983    3.87958  51.4%   147    5s
H 2065  1935                       7.9898229    5.00578  37.3%   104   10s
2026-06-21 18:22:00 - INFO - H 2065  1935                       7.9898229    5.00578  37.3%   104   10s
H 2065  1838                       7.9898228    5.00578  37.3%   104   10s
2026-06-21 18:22:00 - INFO - H 2065  1838                       7.9898228    5.00578  37.3%   104   10s
  2987  2527    5.96838   35  108    7.98982    5.85457  26.7%   122   15s
2026-06-21 18:22:05 - INFO -   2987  2527    5.96838   35  108    7.98982    5.85457  26.7%   122   15s
 14750 10744    6.89916   42   78    7.98982    6.38420  20.1%   108   20s
2026-06-21 18:22:10 - INFO -  14750 10744    6.89916   42   78    7.98982    6.38420  20.1%   108   20s
H16425 11760                       7.9520230    6.45452  18.8%   110   20s
2026-06-21 18:22:11 - INFO - H16425 11760                       7.9520230    6.45452  18.8%   110   20s
H16461 12301                       7.9316657    6.45644  18.6%   110   21s
2026-06-21 18:22:11 - INFO - H16461 12301                       7.9316657    6.45644  18.6%   110   21s
H17341 12358                       7.9060169    6.48861  17.9%   110   21s
2026-06-21 18:22:11 - INFO - H17341 12358                       7.9060169    6.48861  17.9%   110   21s
H17463 12623                       7.9058914    6.50156  17.8%   110   21s
2026-06-21 18:22:12 - INFO - H17463 12623                       7.9058914    6.50156  17.8%   110   21s
H17466 12614                       7.8869458    6.50207  17.6%   110   21s
2026-06-21 18:22:12 - INFO - H17466 12614                       7.8869458    6.50207  17.6%   110   21s
H17470 12614                       7.8869426    6.50207  17.6%   110   21s
2026-06-21 18:22:12 - INFO - H17470 12614                       7.8869426    6.50207  17.6%   110   21s
H17485 12602                       7.8576148    6.50394  17.2%   110   21s
2026-06-21 18:22:12 - INFO - H17485 12602                       7.8576148    6.50394  17.2%   110   21s
H17587 12599                       7.8474362    6.50761  17.1%   110   21s
2026-06-21 18:22:12 - INFO - H17587 12599                       7.8474362    6.50761  17.1%   110   21s
H18468 13116                       7.8474361    6.54472  16.6%   110   22s
2026-06-21 18:22:13 - INFO - H18468 13116                       7.8474361    6.54472  16.6%   110   22s
H23589 16577                       7.8474361    6.68271  14.8%   108   24s
2026-06-21 18:22:14 - INFO - H23589 16577                       7.8474361    6.68271  14.8%   108   24s
H24648 17674                       7.8474361    6.70330  14.6%   107   24s
2026-06-21 18:22:14 - INFO - H24648 17674                       7.8474361    6.70330  14.6%   107   24s
H25974 18188                       7.8474361    6.73022  14.2%   106   24s
2026-06-21 18:22:15 - INFO - H25974 18188                       7.8474361    6.73022  14.2%   106   24s
 26215 19494    7.10131   42   79    7.84744    6.73431  14.2%   106   25s
2026-06-21 18:22:15 - INFO -  26215 19494    7.10131   42   79    7.84744    6.73431  14.2%   106   25s
H27987 19591                       7.8474361    6.76556  13.8%   104   25s
2026-06-21 18:22:16 - INFO - H27987 19591                       7.8474361    6.76556  13.8%   104   25s
H28429 21774                       7.8474360    6.77165  13.7%   104   26s
2026-06-21 18:22:17 - INFO - H28429 21774                       7.8474360    6.77165  13.7%   104   26s
H31341 21774                       7.8474360    6.79278  13.4%   103   26s
2026-06-21 18:22:17 - INFO - H31341 21774                       7.8474360    6.79278  13.4%   103   26s
H31468 22163                       7.8474360    6.82330  13.1%   103   27s
2026-06-21 18:22:17 - INFO - H31468 22163                       7.8474360    6.82330  13.1%   103   27s
H31721 22163                       7.8474360    6.82355  13.0%   103   27s
2026-06-21 18:22:17 - INFO - H31721 22163                       7.8474360    6.82355  13.0%   103   27s
H31770 22163                       7.8474359    6.82368  13.0%   103   27s
2026-06-21 18:22:17 - INFO - H31770 22163                       7.8474359    6.82368  13.0%   103   27s
H31976 22163                       7.8474359    6.82381  13.0%   103   27s
2026-06-21 18:22:17 - INFO - H31976 22163                       7.8474359    6.82381  13.0%   103   27s
H34252 23703                       7.8474358    6.85102  12.7%   102   27s
2026-06-21 18:22:18 - INFO - H34252 23703                       7.8474358    6.85102  12.7%   102   27s
H34641 24769                       7.8474357    6.85405  12.7%   102   28s
2026-06-21 18:22:18 - INFO - H34641 24769                       7.8474357    6.85405  12.7%   102   28s
H36541 25149                       7.8474357    6.87298  12.4%   101   28s
2026-06-21 18:22:18 - INFO - H36541 25149                       7.8474357    6.87298  12.4%   101   28s
H38166 26156                       7.8474357    6.88297  12.3%   100   28s
2026-06-21 18:22:19 - INFO - H38166 26156                       7.8474357    6.88297  12.3%   100   28s
 41868 28538    7.06746   44   52    7.84744    6.93121  11.7%  99.2   30s
2026-06-21 18:22:20 - INFO -  41868 28538    7.06746   44   52    7.84744    6.93121  11.7%  99.2   30s
H44459 29976                       7.8474357    6.95787  11.3%  98.6   31s
2026-06-21 18:22:21 - INFO - H44459 29976                       7.8474357    6.95787  11.3%  98.6   31s
H45791 31185                       7.8474357    6.96848  11.2%  98.3   31s
2026-06-21 18:22:22 - INFO - H45791 31185                       7.8474357    6.96848  11.2%  98.3   31s
 56951 33923     cutoff   44         7.84744    7.06883  9.92%  95.7   35s
2026-06-21 18:22:26 - INFO -  56951 33923     cutoff   44         7.84744    7.06883  9.92%  95.7   35s
H58432 33923                       7.8474356    7.07154  9.89%  95.4   35s
2026-06-21 18:22:26 - INFO - H58432 33923                       7.8474356    7.07154  9.89%  95.4   35s
 66852 34551    7.81523   47   83    7.84744    7.15276  8.85%  93.3   40s
2026-06-21 18:22:31 - INFO -  66852 34551    7.81523   47   83    7.84744    7.15276  8.85%  93.3   40s
 76730 33626 infeasible   42         7.84744    7.20276  8.22%  90.1   45s
2026-06-21 18:22:36 - INFO -  76730 33626 infeasible   42         7.84744    7.20276  8.22%  90.1   45s
H78857 33446                       7.8474356    7.25000  7.61%  89.4   46s
2026-06-21 18:22:37 - INFO - H78857 33446                       7.8474356    7.25000  7.61%  89.4   46s
H81971 32436                       7.8474356    7.26305  7.45%  88.3   49s
2026-06-21 18:22:39 - INFO - H81971 32436                       7.8474356    7.26305  7.45%  88.3   49s
 84945 31681 infeasible   52         7.84744    7.26635  7.40%  87.3   50s
2026-06-21 18:22:40 - INFO -  84945 31681 infeasible   52         7.84744    7.26635  7.40%  87.3   50s
 110872 28538 infeasible   44         7.84744    7.44913  5.08%  77.5   55s
2026-06-21 18:22:45 - INFO -  110872 28538 infeasible   44         7.84744    7.44913  5.08%  77.5   55s
H121983 27105                       7.8474355    7.53307  4.01%  73.8   57s
2026-06-21 18:22:47 - INFO - H121983 27105                       7.8474355    7.53307  4.01%  73.8   57s
 134862 25421    7.70362   49   64    7.84744    7.61054  3.02%  69.7   60s
2026-06-21 18:22:50 - INFO -  134862 25421    7.70362   49   64    7.84744    7.61054  3.02%  69.7   60s
 150485 22575     cutoff   43         7.84744    7.68065  2.13%  65.2   65s
2026-06-21 18:22:55 - INFO -  150485 22575     cutoff   43         7.84744    7.68065  2.13%  65.2   65s
 166527 17913    7.78665   44   14    7.84744    7.73352  1.45%  61.0   70s
2026-06-21 18:23:00 - INFO -  166527 17913    7.78665   44   14    7.84744    7.73352  1.45%  61.0   70s
H181020 10177                       7.8474355    7.80151  0.59%  57.4   74s
2026-06-21 18:23:04 - INFO - H181020 10177                       7.8474355    7.80151  0.59%  57.4   74s
H181166 10103                       7.8474304    7.80204  0.58%  57.3   74s
2026-06-21 18:23:05 - INFO - H181166 10103                       7.8474304    7.80204  0.58%  57.3   74s
 181177  8921     cutoff   50         7.84743    7.80211  0.58%  57.3   75s
2026-06-21 18:23:05 - INFO -  181177  8921     cutoff   50         7.84743    7.80211  0.58%  57.3   75s

2026-06-21 18:23:10 - INFO - 
Cutting planes:
2026-06-21 18:23:10 - INFO - Cutting planes:
  Learned: 207
2026-06-21 18:23:10 - INFO -   Learned: 207
  Gomory: 124
2026-06-21 18:23:10 - INFO -   Gomory: 124
  Lift-and-project: 105
2026-06-21 18:23:10 - INFO -   Lift-and-project: 105
  Cover: 775
2026-06-21 18:23:10 - INFO -   Cover: 775
  Implied bound: 30
2026-06-21 18:23:10 - INFO -   Implied bound: 30
  Clique: 8
2026-06-21 18:23:10 - INFO -   Clique: 8
  MIR: 282
2026-06-21 18:23:10 - INFO -   MIR: 282
  Mixing: 7
2026-06-21 18:23:10 - INFO -   Mixing: 7
  Flow cover: 1225
2026-06-21 18:23:10 - INFO -   Flow cover: 1225
  Inf proof: 688
2026-06-21 18:23:10 - INFO -   Inf proof: 688
  Zero half: 121
2026-06-21 18:23:10 - INFO -   Zero half: 121
  RLT: 20
2026-06-21 18:23:10 - INFO -   RLT: 20
  Relax-and-lift: 212
2026-06-21 18:23:10 - INFO -   Relax-and-lift: 212

2026-06-21 18:23:10 - INFO - 
Explored 195550 nodes (10557696 simplex iterations) in 79.90 seconds (131.60 work units)
2026-06-21 18:23:10 - INFO - Explored 195550 nodes (10557696 simplex iterations) in 79.90 seconds (131.60 work units)
Thread count was 28 (of 28 available processors)
2026-06-21 18:23:10 - INFO - Thread count was 28 (of 28 available processors)

2026-06-21 18:23:10 - INFO - 
Solution count 10: 7.84743 7.84744 7.84744 ... 7.93167
2026-06-21 18:23:10 - INFO - Solution count 10: 7.84743 7.84744 7.84744 ... 7.93167

2026-06-21 18:23:10 - INFO - 
Optimal solution found (tolerance 0.00e+00)
2026-06-21 18:23:10 - INFO - Optimal solution found (tolerance 0.00e+00)
Best objective 7.847430398075e+00, best bound 7.847430398075e+00, gap 0.0000%
2026-06-21 18:23:10 - INFO - Best objective 7.847430398075e+00, best bound 7.847430398075e+00, gap 0.0000%
[EMIB] Solve done: MIPGap=0.0, status=Optimal, Obj=7.847430, time=79.91s, SolCount=10


================================================================================
ILP MODEL ANALYSIS REPORT - Chiplet Placement ILP (Gap=0.0)
Generated: 2026-06-21 18:23:10
================================================================================

[MODEL STRUCTURE]
  Constraints (rows):                   1063
  Variables (columns):                   498
  Non-zero elements:                    3539
  Objective coefficients:                  4

[VARIABLE TYPES]
  Continuous:                            222
  Integer:                                 0
  Binary:                                276

[CONSTRAINT TYPES]
  <= constraints:                              556
  == constraints:                              164
  >= constraints:                              343

[COEFFICIENT STATISTICS]
  Matrix range:              [5.00e-01, 2.25e+04]
  Objective range:           [4.70e-07, 1.22e-01]
  Bounds range:              [-2.10e+02, 6.88e+06]

[SOLVE STATISTICS]
  Status:                    Optimal
  Objective value:                  7.847430
  Best bound:                       7.847430
  MIP gap:                           0.0000%
  Solve time (s):                      79.91
  Solutions found:                        10
  Nodes explored:                   195550.0
  Simplex iterations:             10557696.0

[MEMORY USAGE]
  Initial memory:                     97.06 MB
  Peak memory:                       661.11 MB
  Final memory:                      661.11 MB
  Peak increase:                     564.05 MB
  Final increase:                    564.05 MB

================================================================================

================================================================================
[OBJECTIVE FUNCTION BREAKDOWN - SOLUTION VALUES]
================================================================================

[Actual Variable Values]
  wirelength: 4.907587e+04
  bbox_area_proxy_t: 4.268424e+01
  aspect_ratio_penalty: 1.447000e-01
  power_aware_penalty: 2.706974e+06

[Normalized Values]
  norm_wirelength = 4.907587e+04 / 6.287654e+04 = 7.805116e-01
  norm_t = 4.268424e+01 / 4.912230e+01 = 8.689382e-01
  norm_aspect = 1.447000e-01 / 3.000000e+00 = 4.823333e-02
  norm_power = 2.706974e+06 / 2.763129e+06 = 9.796769e-01

[Weighted Contributions]
  1. Wirelength: 5.000000e+00 * 7.805116e-01 = 3.902558e+00
  2. Area: 6.000000e+00 * 8.689382e-01 = 5.213629e+00
  3. Aspect Ratio: 1.000000e-01 * 4.823333e-02 = 4.823333e-03
  4. Power Awareness: -1.300000e+00 * 9.796769e-01 = -1.273580e+00

[Total Objective Value]
  3.902558e+00 + 5.213629e+00 + 4.823333e-03 - 1.273580e+00
  = 7.847430e+00
================================================================================

[EMIB] Solve succeeded (Optimal)
[EMIB] placement JSON saved: /root/placement/MPDAP/output_gurobi_EMIB_chiplet_5_6_01_13/placement/sys_micro150.json
[EMIB] Layout figure saved: /root/placement/MPDAP/output_gurobi_EMIB_chiplet_5_6_01_13/fig/sys_micro150_core/solution_1_layout_gurobi.png
2026-06-21 18:23:13 - INFO - 
EMIB returned 1 solution(s) (max 1).
  ✓ EMIB: 1 solution(s)

================================================================================
Batch test done (Gurobi)
  Total time: 82.66 s
================================================================================
File summary:
  Success: 1/1
  Failed: 0/1
Solution count:
  Found: 1/1

Details:
  ✓ sys_micro150.json -> sys_micro150_core: 1 solution(s)
    Log dir: /root/placement/MPDAP/output_gurobi_EMIB_chiplet_5_6_01_13/log/sys_micro150_core
    LP dir: /root/placement/MPDAP/output_gurobi_EMIB_chiplet_5_6_01_13/lp/sys_micro150_core
    Fig dir: /root/placement/MPDAP/output_gurobi_EMIB_chiplet_5_6_01_13/fig/sys_micro150_core
    Placement: /root/placement/MPDAP/output_gurobi_EMIB_chiplet_5_6_01_13/placement/sys_micro150.json
================================================================================

