
================================================================================
Batch test start (Gurobi)
================================================================================
Test input dir: /root/placement/MPDAP/benchmark/test_input
Output base dir: /root/placement/MPDAP/output_gurobi_EMIB_chiplet_5_6_01_17_md1_ca0
Found 1 test file(s)
Files to process: syn1.json
================================================================================


[1/1] Processing: syn1.json
  Core name: syn1_core
  Log dir: /root/placement/MPDAP/output_gurobi_EMIB_chiplet_5_6_01_17_md1_ca0/log/syn1_core
  LP dir: /root/placement/MPDAP/output_gurobi_EMIB_chiplet_5_6_01_17_md1_ca0/lp/syn1_core
  Fig dir: /root/placement/MPDAP/output_gurobi_EMIB_chiplet_5_6_01_17_md1_ca0/fig/syn1_core
  Placement file: /root/placement/MPDAP/output_gurobi_EMIB_chiplet_5_6_01_17_md1_ca0/placement/syn1.json
  Removing old output dir: /root/placement/MPDAP/output_gurobi_EMIB_chiplet_5_6_01_17_md1_ca0/log/syn1_core
  Removing old output dir: /root/placement/MPDAP/output_gurobi_EMIB_chiplet_5_6_01_17_md1_ca0/lp/syn1_core
  Removing old output dir: /root/placement/MPDAP/output_gurobi_EMIB_chiplet_5_6_01_17_md1_ca0/fig/syn1_core
2026-07-02 12:54:17 - INFO - Calling EMIB solver (Gurobi)...
[EMIB] Config mutual_distancing_enabled=True
[EMIB] Config central_avoidance_enabled=False
node 0 w: 11.0, h: 10.0
node 1 w: 12.0, h: 10.0
node 2 w: 6.0, h: 15.0
node 3 w: 13.0, h: 6.0
node 4 w: 11.0, h: 5.0
node 5 w: 15.0, h: 6.0
node 6 w: 5.0, h: 5.0
node 7 w: 6.0, h: 14.0
node 8 w: 6.0, h: 12.0
node 9 w: 13.0, h: 6.0
  (A,E): node1=A, node2=E, wireCount=128, EMIBType=interfaceC, EMIB_length=3.2, EMIB_max_width=99.0, width=1.0, height=3.2, bump_width=0.5000
  (A,H): node1=A, node2=H, wireCount=256, EMIBType=interfaceB, EMIB_length=0.8533, EMIB_max_width=3.0, width=2.0, height=0.8533, bump_width=1.0000
  (B,E): node1=B, node2=E, wireCount=512, EMIBType=interfaceB, EMIB_length=1.7067, EMIB_max_width=3.0, width=2.0, height=1.7067, bump_width=1.0000
  (B,H): node1=B, node2=H, wireCount=128, EMIBType=interfaceC, EMIB_length=3.2, EMIB_max_width=99.0, width=1.0, height=3.2, bump_width=0.5000
  (B,I): node1=B, node2=I, wireCount=256, EMIBType=interfaceB, EMIB_length=0.8533, EMIB_max_width=3.0, width=2.0, height=0.8533, bump_width=1.0000
  (B,J): node1=B, node2=J, wireCount=512, EMIBType=interfaceB, EMIB_length=1.7067, EMIB_max_width=3.0, width=2.0, height=1.7067, bump_width=1.0000
  (C,D): node1=C, node2=D, wireCount=128, EMIBType=interfaceC, EMIB_length=3.2, EMIB_max_width=99.0, width=1.0, height=3.2, bump_width=0.5000
  (C,E): node1=C, node2=E, wireCount=128, EMIBType=interfaceC, EMIB_length=3.2, EMIB_max_width=99.0, width=1.0, height=3.2, bump_width=0.5000
  (C,G): node1=C, node2=G, wireCount=512, EMIBType=interfaceB, EMIB_length=1.7067, EMIB_max_width=3.0, width=2.0, height=1.7067, bump_width=1.0000
  (E,F): node1=E, node2=F, wireCount=128, EMIBType=interfaceC, EMIB_length=3.2, EMIB_max_width=99.0, width=1.0, height=3.2, bump_width=0.5000
  (E,G): node1=E, node2=G, wireCount=256, EMIBType=interfaceB, EMIB_length=0.8533, EMIB_max_width=3.0, width=2.0, height=0.8533, bump_width=1.0000
  (E,H): node1=E, node2=H, wireCount=128, EMIBType=interfaceC, EMIB_length=3.2, EMIB_max_width=99.0, width=1.0, height=3.2, bump_width=0.5000
  (F,I): node1=F, node2=I, wireCount=128, EMIBType=interfaceC, EMIB_length=3.2, EMIB_max_width=99.0, width=1.0, height=3.2, bump_width=0.5000
  (G,H): node1=G, node2=H, wireCount=128, EMIBType=interfaceC, EMIB_length=3.2, EMIB_max_width=99.0, width=1.0, height=3.2, bump_width=0.5000
  (G,I): node1=G, node2=I, wireCount=128, EMIBType=interfaceC, EMIB_length=3.2, EMIB_max_width=99.0, width=1.0, height=3.2, bump_width=0.5000
  (G,J): node1=G, node2=J, wireCount=128, EMIBType=interfaceC, EMIB_length=3.2, EMIB_max_width=99.0, width=1.0, height=3.2, bump_width=0.5000
  (I,J): node1=I, node2=J, wireCount=256, EMIBType=interfaceB, EMIB_length=0.8533, EMIB_max_width=3.0, width=2.0, height=0.8533, bump_width=1.0000
  (0,4): [A, E, 128, interfaceC, 3.2, 99.0]
  (0,7): [A, H, 256, interfaceB, 0.8533, 3.0]
  (1,4): [B, E, 512, interfaceB, 1.7067, 3.0]
  (1,7): [B, H, 128, interfaceC, 3.2, 99.0]
  (1,8): [B, I, 256, interfaceB, 0.8533, 3.0]
  (1,9): [B, J, 512, interfaceB, 1.7067, 3.0]
  (2,3): [C, D, 128, interfaceC, 3.2, 99.0]
  (2,4): [C, E, 128, interfaceC, 3.2, 99.0]
  (2,6): [C, G, 512, interfaceB, 1.7067, 3.0]
  (4,5): [E, F, 128, interfaceC, 3.2, 99.0]
  (4,6): [E, G, 256, interfaceB, 0.8533, 3.0]
  (4,7): [E, H, 128, interfaceC, 3.2, 99.0]
  (5,8): [F, I, 128, interfaceC, 3.2, 99.0]
  (6,7): [G, H, 128, interfaceC, 3.2, 99.0]
  (6,8): [G, I, 128, interfaceC, 3.2, 99.0]
  (6,9): [G, J, 128, interfaceC, 3.2, 99.0]
  (8,9): [I, J, 256, interfaceB, 0.8533, 3.0]
Set parameter Username
2026-07-02 12:54:17 - INFO - Set parameter Username
Set parameter LicenseID to value 2840060
2026-07-02 12:54:17 - INFO - Set parameter LicenseID to value 2840060
Academic license - for non-commercial use only - expires 2027-07-01
2026-07-02 12:54:17 - INFO - Academic license - for non-commercial use only - expires 2027-07-01
EMIB_w_var: {(0, 7): <gurobi.Var *Awaiting Model Update*>, (1, 4): <gurobi.Var *Awaiting Model Update*>, (1, 8): <gurobi.Var *Awaiting Model Update*>, (1, 9): <gurobi.Var *Awaiting Model Update*>, (2, 6): <gurobi.Var *Awaiting Model Update*>, (4, 6): <gurobi.Var *Awaiting Model Update*>, (8, 9): <gurobi.Var *Awaiting Model Update*>}
EMIB_h_var: {(0, 7): <gurobi.Var *Awaiting Model Update*>, (1, 4): <gurobi.Var *Awaiting Model Update*>, (1, 8): <gurobi.Var *Awaiting Model Update*>, (1, 9): <gurobi.Var *Awaiting Model Update*>, (2, 6): <gurobi.Var *Awaiting Model Update*>, (4, 6): <gurobi.Var *Awaiting Model Update*>, (8, 9): <gurobi.Var *Awaiting Model Update*>}
EMIB_connected_pairs: {(0, 7): EMIBNode(node1='A', node2='H', wireCount=256, EMIBType='interfaceB', EMIB_length=0.8533, EMIB_bump_width=1.0, EMIB_max_width=3.0, width=2.0, height=0.8533), (1, 4): EMIBNode(node1='B', node2='E', wireCount=512, EMIBType='interfaceB', EMIB_length=1.7067, EMIB_bump_width=1.0, EMIB_max_width=3.0, width=2.0, height=1.7067), (1, 8): EMIBNode(node1='B', node2='I', wireCount=256, EMIBType='interfaceB', EMIB_length=0.8533, EMIB_bump_width=1.0, EMIB_max_width=3.0, width=2.0, height=0.8533), (1, 9): EMIBNode(node1='B', node2='J', wireCount=512, EMIBType='interfaceB', EMIB_length=1.7067, EMIB_bump_width=1.0, EMIB_max_width=3.0, width=2.0, height=1.7067), (2, 6): EMIBNode(node1='C', node2='G', wireCount=512, EMIBType='interfaceB', EMIB_length=1.7067, EMIB_bump_width=1.0, EMIB_max_width=3.0, width=2.0, height=1.7067), (4, 6): EMIBNode(node1='E', node2='G', wireCount=256, EMIBType='interfaceB', EMIB_length=0.8533, EMIB_bump_width=1.0, EMIB_max_width=3.0, width=2.0, height=0.8533), (8, 9): EMIBNode(node1='I', node2='J', wireCount=256, EMIBType='interfaceB', EMIB_length=0.8533, EMIB_bump_width=1.0, EMIB_max_width=3.0, width=2.0, height=0.8533)}
[POWER_AWARE] Mutual Distancing: ENABLED
[POWER_AWARE] Central Avoidance: DISABLED
[POWER_AWARE] Power Aware Optimization: ENABLED
[POWER_AWARE] Selected high-power chiplets: 3 (density threshold: 0.8452380952380952)
[POWER_AWARE] High-power chiplet indices: [6, 7, 9]
[POWER_AWARE] Mutual Distancing: Creating constraints for 3 high-power chiplets
[POWER_AWARE] Mutual Distancing: Added distance constraints for all high-power pairs
[DEBUG] L_avg: 28.319604517012593
[DEBUG] total_area: 802.0
[POWER_AWARE] Normalization factor calculation:
[POWER_AWARE]   - High-power chiplets: 3
[POWER_AWARE]   - Mutual Distancing enabled: True
[POWER_AWARE]   - Central Avoidance enabled: False
[POWER_AWARE]   - pair_sum (MD): 1.183100e+04
[POWER_AWARE]   - self_sum (CA): 0.000000e+00
[POWER_AWARE]   - total_sum (pair + self): 1.183100e+04
[POWER_AWARE]   - ref_power: 1.675246e+05
[DEBUG] ref_wirelength: 54373.64067266418
[DEBUG] ref_t: 56.639209034025185
[DEBUG] ref_power: 167524.62052038798
[DEBUG] ref_aspect: 55.0

================================================================================
[OBJECTIVE FUNCTION DETAILS]
================================================================================

[Normalization Reference Values]
  ref_wirelength: 5.437364e+04
  ref_t (area proxy): 5.663921e+01
  ref_power: 1.675246e+05
  ref_aspect: 5.500000e+01

[Beta Weights]
  beta_wire: 5.000000e+00
  beta_area: 6.000000e+00
  beta_aspect: 1.000000e-01
  beta_power: 1.700000e+00

[Objective Function Components]
  1. Wirelength term:
     norm_wirelength = wirelength / ref_wirelength
     contribution = beta_wire * norm_wirelength = 5.0 * norm_wirelength
  2. Area term:
     norm_t = t / ref_t
     contribution = beta_area * norm_t = 6.0 * norm_t
  3. Aspect Ratio term:
     norm_aspect = aspect_ratio_penalty / ref_aspect
     contribution = beta_aspect * norm_aspect = 0.1 * norm_aspect
  4. Power Awareness term:
     norm_power = power_aware_penalty / ref_power
     contribution = - beta_power * norm_power = - 1.7 * norm_power

[Objective Function Formula]
  minimize: 5.0 * wirelength/ref_wirelength
          + 6.0 * t/ref_t
          + 0.1 * aspect_ratio_penalty/ref_aspect
          - 1.7 * power_aware_penalty/ref_power
================================================================================


[EMIB] ILP Model construction completed. Analyzing model structure...
================================================================================
ILP MODEL ANALYSIS REPORT - Chiplet Placement ILP (Construction Complete)
Generated: 2026-07-02 12:54:17
================================================================================

[MODEL STRUCTURE]
  Constraints (rows):                   1168
  Variables (columns):                   546
  Non-zero elements:                    3947
  Objective coefficients:                  4

[VARIABLE TYPES]
  Continuous:                            225
  Integer:                                 0
  Binary:                                321

[CONSTRAINT TYPES]
  <= constraints:                              660
  == constraints:                              159
  >= constraints:                              349

[COEFFICIENT STATISTICS]
  Matrix range:              [2.93e-01, 5.47e+03]
  Objective range:           [1.01e-05, 1.06e-01]
  Bounds range:              [-2.46e+02, 1.71e+07]

[SOLVE STATISTICS]
  Status:                    Unknown(1)
  Solve time (s):                       0.00
  Solutions found:                         0
  Nodes explored:            (not available)
  Simplex iterations:        (not available)

[MEMORY USAGE]
  Initial memory:                     90.40 MB
  Peak memory:                        94.41 MB
  Final memory:                       94.41 MB
  Peak increase:                       4.02 MB
  Final increase:                      4.02 MB
  Gurobi memory:                       0.00 MB
  Gurobi peak memory:                  0.00 MB

================================================================================
[EMIB] Three-phase config: timeout=3600, stage1=(gap=0.0, time=300), stage2=(gap=0.3, time=300), stage3=(gap=0.8, time=remaining)
Set parameter TimeLimit to value 300
2026-07-02 12:54:17 - INFO - Set parameter TimeLimit to value 300
Set parameter MIPGap to value 0
2026-07-02 12:54:17 - INFO - Set parameter MIPGap to value 0
Set parameter MIPFocus to value 3
2026-07-02 12:54:17 - INFO - Set parameter MIPFocus to value 3
Set parameter Heuristics to value 0.5
2026-07-02 12:54:17 - INFO - Set parameter Heuristics to value 0.5
Set parameter LogToConsole to value 1
2026-07-02 12:54:17 - INFO - Set parameter LogToConsole to value 1
[EMIB] Solve stage: stage1, MIPGap=0.0, TimeLimit=300s
Gurobi Optimizer version 13.0.1 build v13.0.1rc0 (linux64 - "Ubuntu 20.04.6 LTS")
2026-07-02 12:54:17 - INFO - Gurobi Optimizer version 13.0.1 build v13.0.1rc0 (linux64 - "Ubuntu 20.04.6 LTS")

2026-07-02 12:54:17 - INFO - 
CPU model: AMD Ryzen 9 9950X3D 16-Core Processor, instruction set [SSE2|AVX|AVX2|AVX512]
2026-07-02 12:54:17 - INFO - CPU model: AMD Ryzen 9 9950X3D 16-Core Processor, instruction set [SSE2|AVX|AVX2|AVX512]
Thread count: 14 physical cores, 28 logical processors, using up to 28 threads
2026-07-02 12:54:17 - INFO - Thread count: 14 physical cores, 28 logical processors, using up to 28 threads

2026-07-02 12:54:17 - INFO - 
Non-default parameters:
2026-07-02 12:54:17 - INFO - Non-default parameters:
TimeLimit  300
2026-07-02 12:54:17 - INFO - TimeLimit  300
MIPGap  0
2026-07-02 12:54:17 - INFO - MIPGap  0
Heuristics  0.5
2026-07-02 12:54:17 - INFO - Heuristics  0.5
MIPFocus  3
2026-07-02 12:54:17 - INFO - MIPFocus  3

2026-07-02 12:54:17 - INFO - 
Optimize a model with 1168 rows, 546 columns and 3947 nonzeros (Min)
2026-07-02 12:54:17 - INFO - Optimize a model with 1168 rows, 546 columns and 3947 nonzeros (Min)
Model fingerprint: 0xba3eef15
2026-07-02 12:54:17 - INFO - Model fingerprint: 0xba3eef15
Model has 4 linear objective coefficients
2026-07-02 12:54:17 - INFO - Model has 4 linear objective coefficients
Variable types: 225 continuous, 321 integer (321 binary)
2026-07-02 12:54:17 - INFO - Variable types: 225 continuous, 321 integer (321 binary)
Coefficient statistics:
2026-07-02 12:54:17 - INFO - Coefficient statistics:
  Matrix range     [3e-01, 5e+03]
2026-07-02 12:54:17 - INFO -   Matrix range     [3e-01, 5e+03]
  Objective range  [1e-05, 1e-01]
2026-07-02 12:54:17 - INFO -   Objective range  [1e-05, 1e-01]
  Bounds range     [9e-01, 2e+07]
2026-07-02 12:54:17 - INFO -   Bounds range     [9e-01, 2e+07]
  RHS range        [9e-01, 2e+02]
2026-07-02 12:54:17 - INFO -   RHS range        [9e-01, 2e+02]

2026-07-02 12:54:17 - INFO - 
Presolve removed 104 rows and 85 columns
2026-07-02 12:54:17 - INFO - Presolve removed 104 rows and 85 columns
Presolve time: 0.01s
2026-07-02 12:54:17 - INFO - Presolve time: 0.01s
Presolved: 1064 rows, 461 columns, 3606 nonzeros
2026-07-02 12:54:17 - INFO - Presolved: 1064 rows, 461 columns, 3606 nonzeros
Variable types: 155 continuous, 306 integer (306 binary)
2026-07-02 12:54:17 - INFO - Variable types: 155 continuous, 306 integer (306 binary)
Root relaxation presolve removed 162 rows and 42 columns
2026-07-02 12:54:17 - INFO - Root relaxation presolve removed 162 rows and 42 columns
Root relaxation presolved: 902 rows, 431 columns, 3224 nonzeros
2026-07-02 12:54:17 - INFO - Root relaxation presolved: 902 rows, 431 columns, 3224 nonzeros

2026-07-02 12:54:17 - INFO - 

2026-07-02 12:54:17 - INFO - 
Root relaxation: objective -2.629376e+01, 244 iterations, 0.00 seconds (0.01 work units)
2026-07-02 12:54:17 - INFO - Root relaxation: objective -2.629376e+01, 244 iterations, 0.00 seconds (0.01 work units)

2026-07-02 12:54:17 - INFO - 
    Nodes    |    Current Node    |     Objective Bounds      |     Work
2026-07-02 12:54:17 - INFO -     Nodes    |    Current Node    |     Objective Bounds      |     Work
 Expl Unexpl |  Obj  Depth IntInf | Incumbent    BestBd   Gap | It/Node Time
2026-07-02 12:54:17 - INFO -  Expl Unexpl |  Obj  Depth IntInf | Incumbent    BestBd   Gap | It/Node Time

2026-07-02 12:54:17 - INFO - 
     0     0  -26.29376    0  131          -  -26.29376      -     -    0s
2026-07-02 12:54:17 - INFO -      0     0  -26.29376    0  131          -  -26.29376      -     -    0s
H    0     0                      22.8074919  -22.34585   198%     -    0s
2026-07-02 12:54:18 - INFO - H    0     0                      22.8074919  -22.34585   198%     -    0s
     0     0  -18.70557    0  140   22.80749  -18.70557   182%     -    0s
2026-07-02 12:54:18 - INFO -      0     0  -18.70557    0  140   22.80749  -18.70557   182%     -    0s
     0     0  -18.70557    0  140   22.80749  -18.70557   182%     -    0s
2026-07-02 12:54:18 - INFO -      0     0  -18.70557    0  140   22.80749  -18.70557   182%     -    0s
     0     0   -8.86747    0  152   22.80749   -8.86747   139%     -    0s
2026-07-02 12:54:18 - INFO -      0     0   -8.86747    0  152   22.80749   -8.86747   139%     -    0s
     0     0   -8.86747    0  158   22.80749   -8.86747   139%     -    0s
2026-07-02 12:54:18 - INFO -      0     0   -8.86747    0  158   22.80749   -8.86747   139%     -    0s
     0     0   -8.86747    0  156   22.80749   -8.86747   139%     -    0s
2026-07-02 12:54:18 - INFO -      0     0   -8.86747    0  156   22.80749   -8.86747   139%     -    0s
     0     0   -8.86747    0  154   22.80749   -8.86747   139%     -    0s
2026-07-02 12:54:18 - INFO -      0     0   -8.86747    0  154   22.80749   -8.86747   139%     -    0s
     0     0   -7.98522    0  158   22.80749   -7.98522   135%     -    0s
2026-07-02 12:54:18 - INFO -      0     0   -7.98522    0  158   22.80749   -7.98522   135%     -    0s
     0     0   -7.98522    0  158   22.80749   -7.98522   135%     -    0s
2026-07-02 12:54:18 - INFO -      0     0   -7.98522    0  158   22.80749   -7.98522   135%     -    0s
     0     0   -7.98522    0  154   22.80749   -7.98522   135%     -    0s
2026-07-02 12:54:18 - INFO -      0     0   -7.98522    0  154   22.80749   -7.98522   135%     -    0s
     0     0   -3.31768    0  150   22.80749   -3.31768   115%     -    0s
2026-07-02 12:54:18 - INFO -      0     0   -3.31768    0  150   22.80749   -3.31768   115%     -    0s
     0     0   -3.31768    0  161   22.80749   -3.31768   115%     -    0s
2026-07-02 12:54:18 - INFO -      0     0   -3.31768    0  161   22.80749   -3.31768   115%     -    0s
     0     0   -3.31768    0  159   22.80749   -3.31768   115%     -    0s
2026-07-02 12:54:18 - INFO -      0     0   -3.31768    0  159   22.80749   -3.31768   115%     -    0s
     0     0   -3.31768    0  163   22.80749   -3.31768   115%     -    0s
2026-07-02 12:54:18 - INFO -      0     0   -3.31768    0  163   22.80749   -3.31768   115%     -    0s
     0     0   -3.31768    0  163   22.80749   -3.31768   115%     -    0s
2026-07-02 12:54:18 - INFO -      0     0   -3.31768    0  163   22.80749   -3.31768   115%     -    0s
     0     0   -0.23519    0  178   22.80749   -0.23519   101%     -    0s
2026-07-02 12:54:18 - INFO -      0     0   -0.23519    0  178   22.80749   -0.23519   101%     -    0s
     0     0   -0.23519    0  177   22.80749   -0.23519   101%     -    0s
2026-07-02 12:54:18 - INFO -      0     0   -0.23519    0  177   22.80749   -0.23519   101%     -    0s
     0     0   -0.23519    0  177   22.80749   -0.23519   101%     -    0s
2026-07-02 12:54:18 - INFO -      0     0   -0.23519    0  177   22.80749   -0.23519   101%     -    0s
     0     0    1.11677    0  177   22.80749    1.11677  95.1%     -    0s
2026-07-02 12:54:18 - INFO -      0     0    1.11677    0  177   22.80749    1.11677  95.1%     -    0s
     0     0    1.11677    0  161   22.80749    1.11677  95.1%     -    0s
2026-07-02 12:54:18 - INFO -      0     0    1.11677    0  161   22.80749    1.11677  95.1%     -    0s
H    0     0                      15.3052410    1.11677  92.7%     -    0s
2026-07-02 12:54:18 - INFO - H    0     0                      15.3052410    1.11677  92.7%     -    0s
H    0     0                       8.6285804    1.11677  87.1%     -    0s
2026-07-02 12:54:18 - INFO - H    0     0                       8.6285804    1.11677  87.1%     -    0s
     0     2    1.11677    0  161    8.62858    1.11677  87.1%     -    0s
2026-07-02 12:54:18 - INFO -      0     2    1.11677    0  161    8.62858    1.11677  87.1%     -    0s
H    4     8                       8.5671000    1.11677  87.0%   145    1s
2026-07-02 12:54:18 - INFO - H    4     8                       8.5671000    1.11677  87.0%   145    1s
H    7    16                       8.4964775    1.11677  86.9%   158    1s
2026-07-02 12:54:18 - INFO - H    7    16                       8.4964775    1.11677  86.9%   158    1s
H   40    44                       8.4493017    1.11677  86.8%   231    1s
2026-07-02 12:54:19 - INFO - H   40    44                       8.4493017    1.11677  86.8%   231    1s
H   73    99                       7.8122539    1.11677  85.7%   252    1s
2026-07-02 12:54:19 - INFO - H   73    99                       7.8122539    1.11677  85.7%   252    1s
H   90    99                       7.3383356    1.11677  84.8%   213    1s
2026-07-02 12:54:19 - INFO - H   90    99                       7.3383356    1.11677  84.8%   213    1s
H  126   176                       7.3030244    1.11677  84.7%   174    1s
2026-07-02 12:54:19 - INFO - H  126   176                       7.3030244    1.11677  84.7%   174    1s
H  266   292                       7.0726400    1.12413  84.1%   113    1s
2026-07-02 12:54:19 - INFO - H  266   292                       7.0726400    1.12413  84.1%   113    1s
H  533   530                       7.0726267    1.34097  81.0%  87.2    1s
2026-07-02 12:54:19 - INFO - H  533   530                       7.0726267    1.34097  81.0%  87.2    1s
H  535   530                       6.9457253    1.34181  80.7%  87.0    1s
2026-07-02 12:54:19 - INFO - H  535   530                       6.9457253    1.34181  80.7%  87.0    1s
H  538   530                       6.8732499    1.34633  80.4%  87.5    1s
2026-07-02 12:54:19 - INFO - H  538   530                       6.8732499    1.34633  80.4%  87.5    1s
H  876   932                       6.8406039    1.45115  78.8%  78.6    2s
2026-07-02 12:54:20 - INFO - H  876   932                       6.8406039    1.45115  78.8%  78.6    2s
H 1447  1376                       6.7916105    1.67351  75.4%  79.9    3s
2026-07-02 12:54:21 - INFO - H 1447  1376                       6.7916105    1.67351  75.4%  79.9    3s
H 1481  1438                       6.5482260    1.69425  74.1%  80.5    3s
2026-07-02 12:54:21 - INFO - H 1481  1438                       6.5482260    1.69425  74.1%  80.5    3s
H 1511  1438                       6.5364555    1.70638  73.9%  80.6    3s
2026-07-02 12:54:21 - INFO - H 1511  1438                       6.5364555    1.70638  73.9%  80.6    3s
H 1516  1438                       6.5246851    1.70648  73.8%  80.7    3s
2026-07-02 12:54:21 - INFO - H 1516  1438                       6.5246851    1.70648  73.8%  80.7    3s
H 1539  1494                       6.4989733    1.71285  73.6%  80.8    4s
2026-07-02 12:54:21 - INFO - H 1539  1494                       6.4989733    1.71285  73.6%  80.8    4s
H 1551  1494                       6.4955514    1.72154  73.5%  80.8    4s
2026-07-02 12:54:21 - INFO - H 1551  1494                       6.4955514    1.72154  73.5%  80.8    4s
H 1681  1636                       6.3921696    1.75776  72.5%  80.9    4s
2026-07-02 12:54:22 - INFO - H 1681  1636                       6.3921696    1.75776  72.5%  80.9    4s
H 1687  1636                       6.3627786    1.77127  72.2%  80.8    4s
2026-07-02 12:54:22 - INFO - H 1687  1636                       6.3627786    1.77127  72.2%  80.8    4s
H 1906  1796                       6.3618986    1.84631  71.0%  80.4    4s
2026-07-02 12:54:22 - INFO - H 1906  1796                       6.3618986    1.84631  71.0%  80.4    4s
H 2096  1955                       6.3573224    1.92230  69.8%  80.0    5s
2026-07-02 12:54:23 - INFO - H 2096  1955                       6.3573224    1.92230  69.8%  80.0    5s
H 2096  1955                       6.3396668    1.92230  69.7%  80.0    5s
2026-07-02 12:54:23 - INFO - H 2096  1955                       6.3396668    1.92230  69.7%  80.0    5s
  2688  2315    3.62369   21  195    6.33967    3.59924  43.2%   150   10s
2026-07-02 12:54:28 - INFO -   2688  2315    3.62369   21  195    6.33967    3.59924  43.2%   150   10s
H 2934  2354                       6.2113674    3.70712  40.3%   167   11s
2026-07-02 12:54:29 - INFO - H 2934  2354                       6.2113674    3.70712  40.3%   167   11s
H 2961  2297                       6.1508122    3.71852  39.5%   169   11s
2026-07-02 12:54:29 - INFO - H 2961  2297                       6.1508122    3.71852  39.5%   169   11s
H 3161  2314                       6.1390418    3.73908  39.1%   170   12s
2026-07-02 12:54:29 - INFO - H 3161  2314                       6.1390418    3.73908  39.1%   170   12s
H 3736  2646                       6.0735304    3.79812  37.5%   171   13s
2026-07-02 12:54:31 - INFO - H 3736  2646                       6.0735304    3.79812  37.5%   171   13s
H 5030  3243                       6.0381518    3.90974  35.2%   167   13s
2026-07-02 12:54:31 - INFO - H 5030  3243                       6.0381518    3.90974  35.2%   167   13s
H 6316  3907                       5.9921439    4.00634  33.1%   169   14s
2026-07-02 12:54:32 - INFO - H 6316  3907                       5.9921439    4.00634  33.1%   169   14s
  6345  3919    4.37075   25  116    5.99214    4.02660  32.8%   170   15s
2026-07-02 12:54:33 - INFO -   6345  3919    4.37075   25  116    5.99214    4.02660  32.8%   170   15s
H 6443  3961                       5.9627179    4.05652  32.0%   173   15s
2026-07-02 12:54:33 - INFO - H 6443  3961                       5.9627179    4.05652  32.0%   173   15s
H 7300  4811                       5.9278569    4.11693  30.5%   173   16s
2026-07-02 12:54:34 - INFO - H 7300  4811                       5.9278569    4.11693  30.5%   173   16s
H 7308  4811                       5.9228028    4.11884  30.5%   173   16s
2026-07-02 12:54:34 - INFO - H 7308  4811                       5.9228028    4.11884  30.5%   173   16s
H 8809  6129                       5.8710002    4.20610  28.4%   170   18s
2026-07-02 12:54:35 - INFO - H 8809  6129                       5.8710002    4.20610  28.4%   170   18s
H 9643  6873                       5.8483217    4.26332  27.1%   170   19s
2026-07-02 12:54:37 - INFO - H 9643  6873                       5.8483217    4.26332  27.1%   170   19s
H 9769  7485                       5.7623024    4.26861  25.9%   170   19s
2026-07-02 12:54:37 - INFO - H 9769  7485                       5.7623024    4.26861  25.9%   170   19s
 10365  7631    4.83207   29  141    5.76230    4.29502  25.5%   170   21s
2026-07-02 12:54:38 - INFO -  10365  7631    4.83207   29  141    5.76230    4.29502  25.5%   170   21s
H10407  7629                       5.7168520    4.29672  24.8%   170   21s
2026-07-02 12:54:38 - INFO - H10407  7629                       5.7168520    4.29672  24.8%   170   21s
 12438  9562    4.52466   30  109    5.71685    4.39858  23.1%   174   25s
2026-07-02 12:54:43 - INFO -  12438  9562    4.52466   30  109    5.71685    4.39858  23.1%   174   25s
 22055 19291 infeasible   28         5.71685    4.60761  19.4%   161   30s
2026-07-02 12:54:48 - INFO -  22055 19291 infeasible   28         5.71685    4.60761  19.4%   161   30s
H25017 20637                       5.7168520    4.66724  18.4%   160   33s
2026-07-02 12:54:51 - INFO - H25017 20637                       5.7168520    4.66724  18.4%   160   33s
H25045 20676                       5.7168519    4.66805  18.3%   160   33s
2026-07-02 12:54:51 - INFO - H25045 20676                       5.7168519    4.66805  18.3%   160   33s
H25086 20705                       5.7168519    4.66960  18.3%   160   34s
2026-07-02 12:54:52 - INFO - H25086 20705                       5.7168519    4.66960  18.3%   160   34s
 25130 20759    4.94661   27  115    5.71685    4.67151  18.3%   161   35s
2026-07-02 12:54:53 - INFO -  25130 20759    4.94661   27  115    5.71685    4.67151  18.3%   161   35s
H26011 22100                       5.7168519    4.67662  18.2%   161   37s
2026-07-02 12:54:55 - INFO - H26011 22100                       5.7168519    4.67662  18.2%   161   37s
H27496 22858                       5.7168518    4.69520  17.9%   161   38s
2026-07-02 12:54:56 - INFO - H27496 22858                       5.7168518    4.69520  17.9%   161   38s
H30593 25362                       5.7168518    4.73814  17.1%   160   39s
2026-07-02 12:54:57 - INFO - H30593 25362                       5.7168518    4.73814  17.1%   160   39s
 30638 25387    5.31476   25  145    5.71685    4.74556  17.0%   160   40s
2026-07-02 12:54:58 - INFO -  30638 25387    5.31476   25  145    5.71685    4.74556  17.0%   160   40s
H30666 25387                       5.7168518    4.75069  16.9%   160   40s
2026-07-02 12:54:58 - INFO - H30666 25387                       5.7168518    4.75069  16.9%   160   40s
H30834 25806                       5.7168518    4.75178  16.9%   160   40s
2026-07-02 12:54:58 - INFO - H30834 25806                       5.7168518    4.75178  16.9%   160   40s
H34932 28963                       5.7168518    4.78106  16.4%   158   43s
2026-07-02 12:55:01 - INFO - H34932 28963                       5.7168518    4.78106  16.4%   158   43s
H36685 30517                       5.7168518    4.80100  16.0%   158   44s
2026-07-02 12:55:02 - INFO - H36685 30517                       5.7168518    4.80100  16.0%   158   44s
H36770 30517                       5.7168518    4.80138  16.0%   158   44s
2026-07-02 12:55:02 - INFO - H36770 30517                       5.7168518    4.80138  16.0%   158   44s
 36925 31740    5.16870   33  107    5.71685    4.80218  16.0%   158   45s
2026-07-02 12:55:03 - INFO -  36925 31740    5.16870   33  107    5.71685    4.80218  16.0%   158   45s
H38370 31740                       5.7168518    4.80606  15.9%   157   45s
2026-07-02 12:55:03 - INFO - H38370 31740                       5.7168518    4.80606  15.9%   157   45s
H38493 32352                       5.7168517    4.80859  15.9%   157   46s
2026-07-02 12:55:04 - INFO - H38493 32352                       5.7168517    4.80859  15.9%   157   46s
H39634 34231                       5.7168517    4.83535  15.4%   156   47s
2026-07-02 12:55:05 - INFO - H39634 34231                       5.7168517    4.83535  15.4%   156   47s
H41670 34263                       5.7168517    4.84147  15.3%   155   48s
2026-07-02 12:55:06 - INFO - H41670 34263                       5.7168517    4.84147  15.3%   155   48s
 44086 37177    5.04448   30   87    5.71685    4.86017  15.0%   154   50s
2026-07-02 12:55:08 - INFO -  44086 37177    5.04448   30   87    5.71685    4.86017  15.0%   154   50s
H44514 37177                       5.7168517    4.86286  14.9%   154   50s
2026-07-02 12:55:08 - INFO - H44514 37177                       5.7168517    4.86286  14.9%   154   50s
H44683 37177                       5.7168517    4.86345  14.9%   154   50s
2026-07-02 12:55:08 - INFO - H44683 37177                       5.7168517    4.86345  14.9%   154   50s
H45602 38897                       5.7168517    4.86616  14.9%   153   52s
2026-07-02 12:55:09 - INFO - H45602 38897                       5.7168517    4.86616  14.9%   153   52s
H46037 38897                       5.7168517    4.86754  14.9%   153   52s
2026-07-02 12:55:09 - INFO - H46037 38897                       5.7168517    4.86754  14.9%   153   52s
H47830 40472                       5.7168517    4.87268  14.8%   153   53s
2026-07-02 12:55:11 - INFO - H47830 40472                       5.7168517    4.87268  14.8%   153   53s
H47931 40472                       5.7168517    4.87324  14.8%   153   53s
2026-07-02 12:55:11 - INFO - H47931 40472                       5.7168517    4.87324  14.8%   153   53s
H49377 40472                       5.7168517    4.88963  14.5%   152   53s
2026-07-02 12:55:11 - INFO - H49377 40472                       5.7168517    4.88963  14.5%   152   53s
 52766 45311    5.21320   30   63    5.71685    4.93931  13.6%   150   55s
2026-07-02 12:55:13 - INFO -  52766 45311    5.21320   30   63    5.71685    4.93931  13.6%   150   55s
H60378 48586                       5.7168517    4.97133  13.0%   145   56s
2026-07-02 12:55:14 - INFO - H60378 48586                       5.7168517    4.97133  13.0%   145   56s
 61908 52181    5.22011   26  116    5.71685    4.99664  12.6%   144   61s
2026-07-02 12:55:19 - INFO -  61908 52181    5.22011   26  116    5.71685    4.99664  12.6%   144   61s
 72351 59957    5.58815   32   73    5.71685    5.02435  12.1%   140   66s
2026-07-02 12:55:24 - INFO -  72351 59957    5.58815   32   73    5.71685    5.02435  12.1%   140   66s
 77289 60576    5.48321   34   49    5.71685    5.06625  11.4%   138   70s
2026-07-02 12:55:28 - INFO -  77289 60576    5.48321   34   49    5.71685    5.06625  11.4%   138   70s
H77598 60605                       5.7168517    5.07215  11.3%   138   71s
2026-07-02 12:55:29 - INFO - H77598 60605                       5.7168517    5.07215  11.3%   138   71s
 78461 62416    5.15059   35   50    5.71685    5.07603  11.2%   138   76s
2026-07-02 12:55:34 - INFO -  78461 62416    5.15059   35   50    5.71685    5.07603  11.2%   138   76s
 83796 65570    5.46441   33   60    5.71685    5.07952  11.1%   136   80s
2026-07-02 12:55:38 - INFO -  83796 65570    5.46441   33   60    5.71685    5.07952  11.1%   136   80s
H86110 68921                       5.7168517    5.08729  11.0%   135   82s
2026-07-02 12:55:40 - INFO - H86110 68921                       5.7168517    5.08729  11.0%   135   82s
H91776 69143                       5.7168517    5.12163  10.4%   134   84s
2026-07-02 12:55:42 - INFO - H91776 69143                       5.7168517    5.12163  10.4%   134   84s
 91829 70336    5.51620   38   87    5.71685    5.12315  10.4%   134   87s
2026-07-02 12:55:45 - INFO -  91829 70336    5.51620   38   87    5.71685    5.12315  10.4%   134   87s
 98830 73573    5.35916   32   52    5.71685    5.13692  10.1%   131   90s
2026-07-02 12:55:48 - INFO -  98830 73573    5.35916   32   52    5.71685    5.13692  10.1%   131   90s
H100981 75903                       5.7168516    5.15123  9.89%   131   92s
2026-07-02 12:55:50 - INFO - H100981 75903                       5.7168516    5.15123  9.89%   131   92s
 105120 77502    5.38338   35   57    5.71685    5.16074  9.73%   129   95s
2026-07-02 12:55:53 - INFO -  105120 77502    5.38338   35   57    5.71685    5.16074  9.73%   129   95s
 118273 83024    5.34039   37   55    5.71685    5.20984  8.87%   126  100s
2026-07-02 12:55:58 - INFO -  118273 83024    5.34039   37   55    5.71685    5.20984  8.87%   126  100s
 123143 87418    5.25656   35   66    5.71685    5.22225  8.65%   125  106s
2026-07-02 12:56:04 - INFO -  123143 87418    5.25656   35   66    5.71685    5.22225  8.65%   125  106s
 134629 90401    5.69225   32   54    5.71685    5.24064  8.33%   122  110s
2026-07-02 12:56:08 - INFO -  134629 90401    5.69225   32   54    5.71685    5.24064  8.33%   122  110s
 141896 95125    5.32991   26  153    5.71685    5.26562  7.89%   121  117s
2026-07-02 12:56:15 - INFO -  141896 95125    5.32991   26  153    5.71685    5.26562  7.89%   121  117s
 153864 98619     cutoff   37         5.71685    5.30331  7.23%   118  120s
2026-07-02 12:56:18 - INFO -  153864 98619     cutoff   37         5.71685    5.30331  7.23%   118  120s
 162429 100900     cutoff   35         5.71685    5.31177  7.09%   116  126s
2026-07-02 12:56:24 - INFO -  162429 100900     cutoff   35         5.71685    5.31177  7.09%   116  126s
 166596 103827    5.62972   37   52    5.71685    5.32031  6.94%   116  130s
2026-07-02 12:56:27 - INFO -  166596 103827    5.62972   37   52    5.71685    5.32031  6.94%   116  130s
 180712 106435    5.48446   30  123    5.71685    5.34484  6.51%   113  135s
2026-07-02 12:56:33 - INFO -  180712 106435    5.48446   30  123    5.71685    5.34484  6.51%   113  135s
 183125 108452    5.45106   43   47    5.71685    5.36419  6.17%   113  141s
2026-07-02 12:56:39 - INFO -  183125 108452    5.45106   43   47    5.71685    5.36419  6.17%   113  141s
 193185 109818    5.58030   36   47    5.71685    5.38014  5.89%   111  146s
2026-07-02 12:56:44 - INFO -  193185 109818    5.58030   36   47    5.71685    5.38014  5.89%   111  146s
 203603 111987    5.43735   35   43    5.71685    5.39993  5.54%   109  150s
2026-07-02 12:56:48 - INFO -  203603 111987    5.43735   35   43    5.71685    5.39993  5.54%   109  150s
 214256 113562     cutoff   39         5.71685    5.41896  5.21%   108  156s
2026-07-02 12:56:53 - INFO -  214256 113562     cutoff   39         5.71685    5.41896  5.21%   108  156s
 223189 114538    5.46285   32  124    5.71685    5.43063  5.01%   106  160s
2026-07-02 12:56:58 - INFO -  223189 114538    5.46285   32  124    5.71685    5.43063  5.01%   106  160s
 230311 115304     cutoff   33         5.71685    5.44071  4.83%   105  165s
2026-07-02 12:57:03 - INFO -  230311 115304     cutoff   33         5.71685    5.44071  4.83%   105  165s
 242432 116048     cutoff   35         5.71685    5.45759  4.53%   104  170s
2026-07-02 12:57:08 - INFO -  242432 116048     cutoff   35         5.71685    5.45759  4.53%   104  170s
 251299 116251    5.50076   41   42    5.71685    5.47538  4.22%   102  175s
2026-07-02 12:57:13 - INFO -  251299 116251    5.50076   41   42    5.71685    5.47538  4.22%   102  175s
 258040 116216     cutoff   37         5.71685    5.48405  4.07%   101  180s
2026-07-02 12:57:18 - INFO -  258040 116216     cutoff   37         5.71685    5.48405  4.07%   101  180s
 271117 115746 infeasible   42         5.71685    5.49197  3.93%  99.2  185s
2026-07-02 12:57:23 - INFO -  271117 115746 infeasible   42         5.71685    5.49197  3.93%  99.2  185s
 274793 115400     cutoff   35         5.71685    5.50539  3.70%  98.7  190s
2026-07-02 12:57:27 - INFO -  274793 115400     cutoff   35         5.71685    5.50539  3.70%  98.7  190s
 293474 114067     cutoff   31         5.71685    5.53211  3.23%  96.1  195s
2026-07-02 12:57:33 - INFO -  293474 114067     cutoff   31         5.71685    5.53211  3.23%  96.1  195s
 301411 113189    5.67384   43   59    5.71685    5.53623  3.16%  95.2  200s
2026-07-02 12:57:38 - INFO -  301411 113189    5.67384   43   59    5.71685    5.53623  3.16%  95.2  200s
 311163 111619     cutoff   33         5.71685    5.54628  2.98%  94.0  205s
2026-07-02 12:57:42 - INFO -  311163 111619     cutoff   33         5.71685    5.54628  2.98%  94.0  205s
 328837 109332     cutoff   36         5.71685    5.56746  2.61%  91.8  210s
2026-07-02 12:57:48 - INFO -  328837 109332     cutoff   36         5.71685    5.56746  2.61%  91.8  210s
 334048 108179    5.62880   41   40    5.71685    5.57248  2.53%  91.1  215s
2026-07-02 12:57:53 - INFO -  334048 108179    5.62880   41   40    5.71685    5.57248  2.53%  91.1  215s
 350477 104691     cutoff   36         5.71685    5.58450  2.32%  89.2  220s
2026-07-02 12:57:58 - INFO -  350477 104691     cutoff   36         5.71685    5.58450  2.32%  89.2  220s
H352061 103574                       5.7168516    5.58895  2.24%  89.0  223s
2026-07-02 12:58:01 - INFO - H352061 103574                       5.7168516    5.58895  2.24%  89.0  223s
 356078 103213     cutoff   38         5.71685    5.59141  2.19%  88.5  225s
2026-07-02 12:58:03 - INFO -  356078 103213     cutoff   38         5.71685    5.59141  2.19%  88.5  225s
 362577 99604     cutoff   37         5.71685    5.59474  2.14%  87.8  230s
2026-07-02 12:58:08 - INFO -  362577 99604     cutoff   37         5.71685    5.59474  2.14%  87.8  230s
 376440 96155    5.67786   37   39    5.71685    5.60811  1.90%  86.3  235s
2026-07-02 12:58:12 - INFO -  376440 96155    5.67786   37   39    5.71685    5.60811  1.90%  86.3  235s
 387552 92391     cutoff   32         5.71685    5.61742  1.74%  85.1  240s
2026-07-02 12:58:18 - INFO -  387552 92391     cutoff   32         5.71685    5.61742  1.74%  85.1  240s
 396651 88229    5.63368   45   36    5.71685    5.62177  1.66%  84.1  245s
2026-07-02 12:58:23 - INFO -  396651 88229    5.63368   45   36    5.71685    5.62177  1.66%  84.1  245s
 416725 79680     cutoff   36         5.71685    5.63949  1.35%  81.8  250s
2026-07-02 12:58:28 - INFO -  416725 79680     cutoff   36         5.71685    5.63949  1.35%  81.8  250s
H424141 75901                       5.7168516    5.64440  1.27%  81.0  254s
2026-07-02 12:58:32 - INFO - H424141 75901                       5.7168516    5.64440  1.27%  81.0  254s
 425278 74500    5.64465   40   45    5.71685    5.64465  1.26%  80.9  255s
2026-07-02 12:58:33 - INFO -  425278 74500    5.64465   40   45    5.71685    5.64465  1.26%  80.9  255s
 434723 69233    5.67236   33   91    5.71685    5.65481  1.09%  79.8  260s
2026-07-02 12:58:38 - INFO -  434723 69233    5.67236   33   91    5.71685    5.65481  1.09%  79.8  260s
 449870 59936     cutoff   35         5.71685    5.66096  0.98%  78.1  265s
2026-07-02 12:58:43 - INFO -  449870 59936     cutoff   35         5.71685    5.66096  0.98%  78.1  265s
 464803 50188     cutoff   33         5.71685    5.67239  0.78%  76.5  270s
2026-07-02 12:58:47 - INFO -  464803 50188     cutoff   33         5.71685    5.67239  0.78%  76.5  270s
H465174 50188                       5.7168515    5.67290  0.77%  76.5  270s
2026-07-02 12:58:47 - INFO - H465174 50188                       5.7168515    5.67290  0.77%  76.5  270s
H475098 41889                       5.7168515    5.67892  0.66%  75.4  274s
2026-07-02 12:58:51 - INFO - H475098 41889                       5.7168515    5.67892  0.66%  75.4  274s
 480150 40826    5.71042   38   39    5.71685    5.68463  0.56%  74.8  275s
2026-07-02 12:58:53 - INFO -  480150 40826    5.71042   38   39    5.71685    5.68463  0.56%  74.8  275s
 488899 32958     cutoff   39         5.71685    5.68834  0.50%  73.8  280s
2026-07-02 12:58:58 - INFO -  488899 32958     cutoff   39         5.71685    5.68834  0.50%  73.8  280s
H513094 14153                       5.7168515    5.70601  0.19%  71.2  284s
2026-07-02 12:59:02 - INFO - H513094 14153                       5.7168515    5.70601  0.19%  71.2  284s
 513876 12832     cutoff   40         5.71685    5.70638  0.18%  71.1  285s
2026-07-02 12:59:03 - INFO -  513876 12832     cutoff   40         5.71685    5.70638  0.18%  71.1  285s
H518360  9765                       5.7168515    5.70902  0.14%  70.7  288s
2026-07-02 12:59:06 - INFO - H518360  9765                       5.7168515    5.70902  0.14%  70.7  288s
 519790  8186     cutoff   35         5.71685    5.71010  0.12%  70.5  290s
2026-07-02 12:59:08 - INFO -  519790  8186     cutoff   35         5.71685    5.71010  0.12%  70.5  290s
 525479  3288    5.71392   49   19    5.71685    5.71392  0.05%  69.9  295s
2026-07-02 12:59:12 - INFO -  525479  3288    5.71392   49   19    5.71685    5.71392  0.05%  69.9  295s

2026-07-02 12:59:14 - INFO - 
Cutting planes:
2026-07-02 12:59:14 - INFO - Cutting planes:
  Learned: 213
2026-07-02 12:59:14 - INFO -   Learned: 213
  Gomory: 292
2026-07-02 12:59:14 - INFO -   Gomory: 292
  Lift-and-project: 226
2026-07-02 12:59:14 - INFO -   Lift-and-project: 226
  Cover: 612
2026-07-02 12:59:14 - INFO -   Cover: 612
  Implied bound: 25
2026-07-02 12:59:14 - INFO -   Implied bound: 25
  MIR: 685
2026-07-02 12:59:14 - INFO -   MIR: 685
  Mixing: 50
2026-07-02 12:59:14 - INFO -   Mixing: 50
  StrongCG: 8
2026-07-02 12:59:14 - INFO -   StrongCG: 8
  Flow cover: 2450
2026-07-02 12:59:14 - INFO -   Flow cover: 2450
  Inf proof: 749
2026-07-02 12:59:14 - INFO -   Inf proof: 749
  Zero half: 69
2026-07-02 12:59:14 - INFO -   Zero half: 69
  Network: 1
2026-07-02 12:59:14 - INFO -   Network: 1
  RLT: 62
2026-07-02 12:59:14 - INFO -   RLT: 62
  Relax-and-lift: 359
2026-07-02 12:59:14 - INFO -   Relax-and-lift: 359
  BQP: 1
2026-07-02 12:59:14 - INFO -   BQP: 1

2026-07-02 12:59:14 - INFO - 
Explored 529714 nodes (36775759 simplex iterations) in 296.30 seconds (498.16 work units)
2026-07-02 12:59:14 - INFO - Explored 529714 nodes (36775759 simplex iterations) in 296.30 seconds (498.16 work units)
Thread count was 28 (of 28 available processors)
2026-07-02 12:59:14 - INFO - Thread count was 28 (of 28 available processors)

2026-07-02 12:59:14 - INFO - 
Solution count 10: 5.71685 5.71685 5.71685 ... 5.96272
2026-07-02 12:59:14 - INFO - Solution count 10: 5.71685 5.71685 5.71685 ... 5.96272

2026-07-02 12:59:14 - INFO - 
Optimal solution found (tolerance 0.00e+00)
2026-07-02 12:59:14 - INFO - Optimal solution found (tolerance 0.00e+00)
Best objective 5.716851988658e+00, best bound 5.716851988658e+00, gap 0.0000%
2026-07-02 12:59:14 - INFO - Best objective 5.716851988658e+00, best bound 5.716851988658e+00, gap 0.0000%

2026-07-02 12:59:14 - INFO - 
User-callback calls 1147179, time in user-callback 1.88 sec
2026-07-02 12:59:14 - INFO - User-callback calls 1147179, time in user-callback 1.88 sec


================================================================================
ILP MODEL ANALYSIS REPORT - Chiplet Placement ILP (After Optimize, Stage=stage1, Gap=0.0)
Generated: 2026-07-02 12:59:14
================================================================================

[MODEL STRUCTURE]
  Constraints (rows):                   1168
  Variables (columns):                   546
  Non-zero elements:                    3947
  Objective coefficients:                  4

[VARIABLE TYPES]
  Continuous:                            225
  Integer:                                 0
  Binary:                                321

[CONSTRAINT TYPES]
  <= constraints:                              660
  == constraints:                              159
  >= constraints:                              349

[COEFFICIENT STATISTICS]
  Matrix range:              [2.93e-01, 5.47e+03]
  Objective range:           [1.01e-05, 1.06e-01]
  Bounds range:              [-2.46e+02, 1.71e+07]

[SOLVE STATISTICS]
  Status:                    Optimal
  Objective value:                  5.716852
  Best bound:                       5.716852
  MIP gap:                           0.0000%
  Solve time (s):                     296.32
  Solutions found:                        10
  Nodes explored:                   529714.0
  Simplex iterations:             36775759.0

[MEMORY USAGE]
  Initial memory:                     94.81 MB
  Peak memory:                      1815.55 MB
  Final memory:                     1361.63 MB
  Peak increase:                    1720.74 MB
  Final increase:                   1266.82 MB
  Gurobi memory:                      22.57 MB
  Gurobi peak memory:               1296.18 MB

================================================================================
[EMIB] Solve done: stage=stage1, MIPGap=0.0, status=Optimal, Obj=5.716852, time=296.32s, SolCount=10

================================================================================
[OBJECTIVE FUNCTION BREAKDOWN - SOLUTION VALUES]
================================================================================

[Actual Variable Values]
  wirelength: 4.537549e+04
  bbox_area_proxy_t: 5.039840e+01
  aspect_ratio_penalty: 3.002000e+00
  power_aware_penalty: 3.744724e+05

[Normalized Values]
  norm_wirelength = 4.537549e+04 / 5.437364e+04 = 8.345126e-01
  norm_t = 5.039840e+01 / 5.663921e+01 = 8.898147e-01
  norm_aspect = 3.002000e+00 / 5.500000e+01 = 5.458182e-02
  norm_power = 3.744724e+05 / 1.675246e+05 = 2.235328e+00

[Weighted Contributions]
  1. Wirelength: 5.000000e+00 * 8.345126e-01 = 4.172563e+00
  2. Area: 6.000000e+00 * 8.898147e-01 = 5.338888e+00
  3. Aspect Ratio: 1.000000e-01 * 5.458182e-02 = 5.458182e-03
  4. Power Awareness: -1.700000e+00 * 2.235328e+00 = -3.800057e+00

[Total Objective Value]
  4.172563e+00 + 5.338888e+00 + 5.458182e-03 - 3.800057e+00
  = 5.716852e+00
================================================================================

[EMIB] Solve succeeded (Optimal)
[EMIB] placement JSON saved: /root/placement/MPDAP/output_gurobi_EMIB_chiplet_5_6_01_17_md1_ca0/placement/syn1.json
[EMIB] Layout figure saved: /root/placement/MPDAP/output_gurobi_EMIB_chiplet_5_6_01_17_md1_ca0/fig/syn1_core/solution_1_layout_gurobi.png
2026-07-02 12:59:15 - INFO - 
EMIB returned 1 solution(s) (max 1).
  ✓ EMIB: 1 solution(s)

================================================================================
Batch test done (Gurobi)
  Total time: 297.66 s
================================================================================
File summary:
  Success: 1/1
  Failed: 0/1
Solution count:
  Found: 1/1

Details:
  ✓ syn1.json -> syn1_core: 1 solution(s)
    Log dir: /root/placement/MPDAP/output_gurobi_EMIB_chiplet_5_6_01_17_md1_ca0/log/syn1_core
    LP dir: /root/placement/MPDAP/output_gurobi_EMIB_chiplet_5_6_01_17_md1_ca0/lp/syn1_core
    Fig dir: /root/placement/MPDAP/output_gurobi_EMIB_chiplet_5_6_01_17_md1_ca0/fig/syn1_core
    Placement: /root/placement/MPDAP/output_gurobi_EMIB_chiplet_5_6_01_17_md1_ca0/placement/syn1.json
================================================================================

