
================================================================================
Batch test start (Gurobi)
================================================================================
Test input dir: /root/placement/MPDAP/benchmark/test_input
Output base dir: /root/placement/MPDAP/output_gurobi_EMIB_chiplet_5_6_01_17_md1_ca0
Found 1 test file(s)
Files to process: syn5.json
================================================================================


[1/1] Processing: syn5.json
  Core name: syn5_core
  Log dir: /root/placement/MPDAP/output_gurobi_EMIB_chiplet_5_6_01_17_md1_ca0/log/syn5_core
  LP dir: /root/placement/MPDAP/output_gurobi_EMIB_chiplet_5_6_01_17_md1_ca0/lp/syn5_core
  Fig dir: /root/placement/MPDAP/output_gurobi_EMIB_chiplet_5_6_01_17_md1_ca0/fig/syn5_core
  Placement file: /root/placement/MPDAP/output_gurobi_EMIB_chiplet_5_6_01_17_md1_ca0/placement/syn5.json
2026-07-02 12:59:16 - INFO - Calling EMIB solver (Gurobi)...
[EMIB] Config mutual_distancing_enabled=True
[EMIB] Config central_avoidance_enabled=False
node 0 w: 7.0, h: 5.0
node 1 w: 5.0, h: 5.0
node 2 w: 6.0, h: 5.0
node 3 w: 7.0, h: 8.0
node 4 w: 5.0, h: 5.0
node 5 w: 5.0, h: 5.0
node 6 w: 9.0, h: 6.0
node 7 w: 8.0, h: 8.0
node 8 w: 6.0, h: 8.0
node 9 w: 8.0, h: 9.0
node 10 w: 6.0, h: 6.0
node 11 w: 8.0, h: 9.0
node 12 w: 9.0, h: 5.0
node 13 w: 7.0, h: 7.0
  (A,D): node1=A, node2=D, wireCount=256, EMIBType=interfaceB, EMIB_length=0.8533, EMIB_max_width=3.0, width=2.0, height=0.8533, bump_width=1.0000
  (A,K): node1=A, node2=K, wireCount=128, EMIBType=interfaceC, EMIB_length=3.2, EMIB_max_width=99.0, width=1.0, height=3.2, bump_width=0.5000
  (A,N): node1=A, node2=N, wireCount=128, EMIBType=interfaceC, EMIB_length=3.2, EMIB_max_width=99.0, width=1.0, height=3.2, bump_width=0.5000
  (B,D): node1=B, node2=D, wireCount=128, EMIBType=interfaceC, EMIB_length=3.2, EMIB_max_width=99.0, width=1.0, height=3.2, bump_width=0.5000
  (B,H): node1=B, node2=H, wireCount=256, EMIBType=interfaceB, EMIB_length=0.8533, EMIB_max_width=3.0, width=2.0, height=0.8533, bump_width=1.0000
  (B,I): node1=B, node2=I, wireCount=128, EMIBType=interfaceC, EMIB_length=3.2, EMIB_max_width=99.0, width=1.0, height=3.2, bump_width=0.5000
  (C,L): node1=C, node2=L, wireCount=256, EMIBType=interfaceB, EMIB_length=0.8533, EMIB_max_width=3.0, width=2.0, height=0.8533, bump_width=1.0000
  (C,M): node1=C, node2=M, wireCount=256, EMIBType=interfaceB, EMIB_length=0.8533, EMIB_max_width=3.0, width=2.0, height=0.8533, bump_width=1.0000
  (D,E): node1=D, node2=E, wireCount=128, EMIBType=interfaceC, EMIB_length=3.2, EMIB_max_width=99.0, width=1.0, height=3.2, bump_width=0.5000
  (D,F): node1=D, node2=F, wireCount=128, EMIBType=interfaceC, EMIB_length=3.2, EMIB_max_width=99.0, width=1.0, height=3.2, bump_width=0.5000
  (D,H): node1=D, node2=H, wireCount=512, EMIBType=interfaceB, EMIB_length=1.7067, EMIB_max_width=3.0, width=2.0, height=1.7067, bump_width=1.0000
  (D,K): node1=D, node2=K, wireCount=512, EMIBType=interfaceB, EMIB_length=1.7067, EMIB_max_width=3.0, width=2.0, height=1.7067, bump_width=1.0000
  (E,F): node1=E, node2=F, wireCount=128, EMIBType=interfaceC, EMIB_length=3.2, EMIB_max_width=99.0, width=1.0, height=3.2, bump_width=0.5000
  (E,G): node1=E, node2=G, wireCount=256, EMIBType=interfaceB, EMIB_length=0.8533, EMIB_max_width=3.0, width=2.0, height=0.8533, bump_width=1.0000
  (E,I): node1=E, node2=I, wireCount=256, EMIBType=interfaceB, EMIB_length=0.8533, EMIB_max_width=3.0, width=2.0, height=0.8533, bump_width=1.0000
  (E,J): node1=E, node2=J, wireCount=128, EMIBType=interfaceC, EMIB_length=3.2, EMIB_max_width=99.0, width=1.0, height=3.2, bump_width=0.5000
  (E,N): node1=E, node2=N, wireCount=128, EMIBType=interfaceC, EMIB_length=3.2, EMIB_max_width=99.0, width=1.0, height=3.2, bump_width=0.5000
  (F,G): node1=F, node2=G, wireCount=128, EMIBType=interfaceC, EMIB_length=3.2, EMIB_max_width=99.0, width=1.0, height=3.2, bump_width=0.5000
  (F,M): node1=F, node2=M, wireCount=128, EMIBType=interfaceC, EMIB_length=3.2, EMIB_max_width=99.0, width=1.0, height=3.2, bump_width=0.5000
  (F,N): node1=F, node2=N, wireCount=256, EMIBType=interfaceB, EMIB_length=0.8533, EMIB_max_width=3.0, width=2.0, height=0.8533, bump_width=1.0000
  (G,K): node1=G, node2=K, wireCount=512, EMIBType=interfaceB, EMIB_length=1.7067, EMIB_max_width=3.0, width=2.0, height=1.7067, bump_width=1.0000
  (H,K): node1=H, node2=K, wireCount=128, EMIBType=interfaceC, EMIB_length=3.2, EMIB_max_width=99.0, width=1.0, height=3.2, bump_width=0.5000
  (H,L): node1=H, node2=L, wireCount=256, EMIBType=interfaceB, EMIB_length=0.8533, EMIB_max_width=3.0, width=2.0, height=0.8533, bump_width=1.0000
  (H,M): node1=H, node2=M, wireCount=128, EMIBType=interfaceC, EMIB_length=3.2, EMIB_max_width=99.0, width=1.0, height=3.2, bump_width=0.5000
  (I,K): node1=I, node2=K, wireCount=128, EMIBType=interfaceC, EMIB_length=3.2, EMIB_max_width=99.0, width=1.0, height=3.2, bump_width=0.5000
  (I,M): node1=I, node2=M, wireCount=512, EMIBType=interfaceB, EMIB_length=1.7067, EMIB_max_width=3.0, width=2.0, height=1.7067, bump_width=1.0000
  (J,N): node1=J, node2=N, wireCount=128, EMIBType=interfaceC, EMIB_length=3.2, EMIB_max_width=99.0, width=1.0, height=3.2, bump_width=0.5000
  (K,M): node1=K, node2=M, wireCount=256, EMIBType=interfaceB, EMIB_length=0.8533, EMIB_max_width=3.0, width=2.0, height=0.8533, bump_width=1.0000
  (L,N): node1=L, node2=N, wireCount=128, EMIBType=interfaceC, EMIB_length=3.2, EMIB_max_width=99.0, width=1.0, height=3.2, bump_width=0.5000
  (0,3): [A, D, 256, interfaceB, 0.8533, 3.0]
  (0,10): [A, K, 128, interfaceC, 3.2, 99.0]
  (0,13): [A, N, 128, interfaceC, 3.2, 99.0]
  (1,3): [B, D, 128, interfaceC, 3.2, 99.0]
  (1,7): [B, H, 256, interfaceB, 0.8533, 3.0]
  (1,8): [B, I, 128, interfaceC, 3.2, 99.0]
  (2,11): [C, L, 256, interfaceB, 0.8533, 3.0]
  (2,12): [C, M, 256, interfaceB, 0.8533, 3.0]
  (3,4): [D, E, 128, interfaceC, 3.2, 99.0]
  (3,5): [D, F, 128, interfaceC, 3.2, 99.0]
  (3,7): [D, H, 512, interfaceB, 1.7067, 3.0]
  (3,10): [D, K, 512, interfaceB, 1.7067, 3.0]
  (4,5): [E, F, 128, interfaceC, 3.2, 99.0]
  (4,6): [E, G, 256, interfaceB, 0.8533, 3.0]
  (4,8): [E, I, 256, interfaceB, 0.8533, 3.0]
  (4,9): [E, J, 128, interfaceC, 3.2, 99.0]
  (4,13): [E, N, 128, interfaceC, 3.2, 99.0]
  (5,6): [F, G, 128, interfaceC, 3.2, 99.0]
  (5,12): [F, M, 128, interfaceC, 3.2, 99.0]
  (5,13): [F, N, 256, interfaceB, 0.8533, 3.0]
  (6,10): [G, K, 512, interfaceB, 1.7067, 3.0]
  (7,10): [H, K, 128, interfaceC, 3.2, 99.0]
  (7,11): [H, L, 256, interfaceB, 0.8533, 3.0]
  (7,12): [H, M, 128, interfaceC, 3.2, 99.0]
  (8,10): [I, K, 128, interfaceC, 3.2, 99.0]
  (8,12): [I, M, 512, interfaceB, 1.7067, 3.0]
  (9,13): [J, N, 128, interfaceC, 3.2, 99.0]
  (10,12): [K, M, 256, interfaceB, 0.8533, 3.0]
  (11,13): [L, N, 128, interfaceC, 3.2, 99.0]
Set parameter Username
2026-07-02 12:59:16 - INFO - Set parameter Username
Set parameter LicenseID to value 2840060
2026-07-02 12:59:16 - INFO - Set parameter LicenseID to value 2840060
Academic license - for non-commercial use only - expires 2027-07-01
2026-07-02 12:59:16 - INFO - Academic license - for non-commercial use only - expires 2027-07-01
EMIB_w_var: {(0, 3): <gurobi.Var *Awaiting Model Update*>, (1, 7): <gurobi.Var *Awaiting Model Update*>, (2, 11): <gurobi.Var *Awaiting Model Update*>, (2, 12): <gurobi.Var *Awaiting Model Update*>, (3, 7): <gurobi.Var *Awaiting Model Update*>, (3, 10): <gurobi.Var *Awaiting Model Update*>, (4, 6): <gurobi.Var *Awaiting Model Update*>, (4, 8): <gurobi.Var *Awaiting Model Update*>, (5, 13): <gurobi.Var *Awaiting Model Update*>, (6, 10): <gurobi.Var *Awaiting Model Update*>, (7, 11): <gurobi.Var *Awaiting Model Update*>, (8, 12): <gurobi.Var *Awaiting Model Update*>, (10, 12): <gurobi.Var *Awaiting Model Update*>}
EMIB_h_var: {(0, 3): <gurobi.Var *Awaiting Model Update*>, (1, 7): <gurobi.Var *Awaiting Model Update*>, (2, 11): <gurobi.Var *Awaiting Model Update*>, (2, 12): <gurobi.Var *Awaiting Model Update*>, (3, 7): <gurobi.Var *Awaiting Model Update*>, (3, 10): <gurobi.Var *Awaiting Model Update*>, (4, 6): <gurobi.Var *Awaiting Model Update*>, (4, 8): <gurobi.Var *Awaiting Model Update*>, (5, 13): <gurobi.Var *Awaiting Model Update*>, (6, 10): <gurobi.Var *Awaiting Model Update*>, (7, 11): <gurobi.Var *Awaiting Model Update*>, (8, 12): <gurobi.Var *Awaiting Model Update*>, (10, 12): <gurobi.Var *Awaiting Model Update*>}
EMIB_connected_pairs: {(0, 3): EMIBNode(node1='A', node2='D', wireCount=256, EMIBType='interfaceB', EMIB_length=0.8533, EMIB_bump_width=1.0, EMIB_max_width=3.0, width=2.0, height=0.8533), (1, 7): EMIBNode(node1='B', node2='H', wireCount=256, EMIBType='interfaceB', EMIB_length=0.8533, EMIB_bump_width=1.0, EMIB_max_width=3.0, width=2.0, height=0.8533), (2, 11): EMIBNode(node1='C', node2='L', wireCount=256, EMIBType='interfaceB', EMIB_length=0.8533, EMIB_bump_width=1.0, EMIB_max_width=3.0, width=2.0, height=0.8533), (2, 12): EMIBNode(node1='C', node2='M', wireCount=256, EMIBType='interfaceB', EMIB_length=0.8533, EMIB_bump_width=1.0, EMIB_max_width=3.0, width=2.0, height=0.8533), (3, 7): EMIBNode(node1='D', node2='H', wireCount=512, EMIBType='interfaceB', EMIB_length=1.7067, EMIB_bump_width=1.0, EMIB_max_width=3.0, width=2.0, height=1.7067), (3, 10): EMIBNode(node1='D', node2='K', wireCount=512, EMIBType='interfaceB', EMIB_length=1.7067, EMIB_bump_width=1.0, EMIB_max_width=3.0, width=2.0, height=1.7067), (4, 6): EMIBNode(node1='E', node2='G', wireCount=256, EMIBType='interfaceB', EMIB_length=0.8533, EMIB_bump_width=1.0, EMIB_max_width=3.0, width=2.0, height=0.8533), (4, 8): EMIBNode(node1='E', node2='I', wireCount=256, EMIBType='interfaceB', EMIB_length=0.8533, EMIB_bump_width=1.0, EMIB_max_width=3.0, width=2.0, height=0.8533), (5, 13): EMIBNode(node1='F', node2='N', wireCount=256, EMIBType='interfaceB', EMIB_length=0.8533, EMIB_bump_width=1.0, EMIB_max_width=3.0, width=2.0, height=0.8533), (6, 10): EMIBNode(node1='G', node2='K', wireCount=512, EMIBType='interfaceB', EMIB_length=1.7067, EMIB_bump_width=1.0, EMIB_max_width=3.0, width=2.0, height=1.7067), (7, 11): EMIBNode(node1='H', node2='L', wireCount=256, EMIBType='interfaceB', EMIB_length=0.8533, EMIB_bump_width=1.0, EMIB_max_width=3.0, width=2.0, height=0.8533), (8, 12): EMIBNode(node1='I', node2='M', wireCount=512, EMIBType='interfaceB', EMIB_length=1.7067, EMIB_bump_width=1.0, EMIB_max_width=3.0, width=2.0, height=1.7067), (10, 12): EMIBNode(node1='K', node2='M', wireCount=256, EMIBType='interfaceB', EMIB_length=0.8533, EMIB_bump_width=1.0, EMIB_max_width=3.0, width=2.0, height=0.8533)}
[POWER_AWARE] Mutual Distancing: ENABLED
[POWER_AWARE] Central Avoidance: DISABLED
[POWER_AWARE] Power Aware Optimization: ENABLED
[POWER_AWARE] Selected high-power chiplets: 4 (density threshold: 1.1333333333333333)
[POWER_AWARE] High-power chiplet indices: [1, 2, 4, 10]
[POWER_AWARE] Mutual Distancing: Creating constraints for 4 high-power chiplets
[POWER_AWARE] Mutual Distancing: Added distance constraints for all high-power pairs
[DEBUG] L_avg: 25.219040425836983
[DEBUG] total_area: 636.0
[POWER_AWARE] Normalization factor calculation:
[POWER_AWARE]   - High-power chiplets: 4
[POWER_AWARE]   - Mutual Distancing enabled: True
[POWER_AWARE]   - Central Avoidance enabled: False
[POWER_AWARE]   - pair_sum (MD): 9.035000e+03
[POWER_AWARE]   - self_sum (CA): 0.000000e+00
[POWER_AWARE]   - total_sum (pair + self): 9.035000e+03
[POWER_AWARE]   - ref_power: 1.139270e+05
[DEBUG] ref_wirelength: 80700.92936267835
[DEBUG] ref_t: 50.438080851673966
[DEBUG] ref_power: 113927.01512371858
[DEBUG] ref_aspect: 15.0

================================================================================
[OBJECTIVE FUNCTION DETAILS]
================================================================================

[Normalization Reference Values]
  ref_wirelength: 8.070093e+04
  ref_t (area proxy): 5.043808e+01
  ref_power: 1.139270e+05
  ref_aspect: 1.500000e+01

[Beta Weights]
  beta_wire: 5.000000e+00
  beta_area: 6.000000e+00
  beta_aspect: 1.000000e-01
  beta_power: 1.700000e+00

[Objective Function Components]
  1. Wirelength term:
     norm_wirelength = wirelength / ref_wirelength
     contribution = beta_wire * norm_wirelength = 5.0 * norm_wirelength
  2. Area term:
     norm_t = t / ref_t
     contribution = beta_area * norm_t = 6.0 * norm_t
  3. Aspect Ratio term:
     norm_aspect = aspect_ratio_penalty / ref_aspect
     contribution = beta_aspect * norm_aspect = 0.1 * norm_aspect
  4. Power Awareness term:
     norm_power = power_aware_penalty / ref_power
     contribution = - beta_power * norm_power = - 1.7 * norm_power

[Objective Function Formula]
  minimize: 5.0 * wirelength/ref_wirelength
          + 6.0 * t/ref_t
          + 0.1 * aspect_ratio_penalty/ref_aspect
          - 1.7 * power_aware_penalty/ref_power
================================================================================


[EMIB] ILP Model construction completed. Analyzing model structure...
================================================================================
ILP MODEL ANALYSIS REPORT - Chiplet Placement ILP (Construction Complete)
Generated: 2026-07-02 12:59:16
================================================================================

[MODEL STRUCTURE]
  Constraints (rows):                   2189
  Variables (columns):                  1005
  Non-zero elements:                    7519
  Objective coefficients:                  4

[VARIABLE TYPES]
  Continuous:                            372
  Integer:                                 0
  Binary:                                633

[CONSTRAINT TYPES]
  <= constraints:                             1286
  == constraints:                              268
  >= constraints:                              635

[COEFFICIENT STATISTICS]
  Matrix range:              [2.93e-01, 1.95e+03]
  Objective range:           [1.49e-05, 1.19e-01]
  Bounds range:              [-2.16e+02, 2.57e+07]

[SOLVE STATISTICS]
  Status:                    Unknown(1)
  Solve time (s):                       0.00
  Solutions found:                         0
  Nodes explored:            (not available)
  Simplex iterations:        (not available)

[MEMORY USAGE]
  Initial memory:                     90.21 MB
  Peak memory:                        94.78 MB
  Final memory:                       94.78 MB
  Peak increase:                       4.57 MB
  Final increase:                      4.57 MB
  Gurobi memory:                       0.00 MB
  Gurobi peak memory:                  0.00 MB

================================================================================
[EMIB] Three-phase config: timeout=3600, stage1=(gap=0.0, time=300), stage2=(gap=0.3, time=300), stage3=(gap=0.8, time=remaining)
Set parameter TimeLimit to value 300
2026-07-02 12:59:16 - INFO - Set parameter TimeLimit to value 300
Set parameter MIPGap to value 0
2026-07-02 12:59:16 - INFO - Set parameter MIPGap to value 0
Set parameter MIPFocus to value 3
2026-07-02 12:59:16 - INFO - Set parameter MIPFocus to value 3
Set parameter Heuristics to value 0.5
2026-07-02 12:59:16 - INFO - Set parameter Heuristics to value 0.5
Set parameter LogToConsole to value 1
2026-07-02 12:59:16 - INFO - Set parameter LogToConsole to value 1
[EMIB] Solve stage: stage1, MIPGap=0.0, TimeLimit=300s
Gurobi Optimizer version 13.0.1 build v13.0.1rc0 (linux64 - "Ubuntu 20.04.6 LTS")
2026-07-02 12:59:16 - INFO - Gurobi Optimizer version 13.0.1 build v13.0.1rc0 (linux64 - "Ubuntu 20.04.6 LTS")

2026-07-02 12:59:16 - INFO - 
CPU model: AMD Ryzen 9 9950X3D 16-Core Processor, instruction set [SSE2|AVX|AVX2|AVX512]
2026-07-02 12:59:16 - INFO - CPU model: AMD Ryzen 9 9950X3D 16-Core Processor, instruction set [SSE2|AVX|AVX2|AVX512]
Thread count: 14 physical cores, 28 logical processors, using up to 28 threads
2026-07-02 12:59:16 - INFO - Thread count: 14 physical cores, 28 logical processors, using up to 28 threads

2026-07-02 12:59:16 - INFO - 
Non-default parameters:
2026-07-02 12:59:16 - INFO - Non-default parameters:
TimeLimit  300
2026-07-02 12:59:16 - INFO - TimeLimit  300
MIPGap  0
2026-07-02 12:59:16 - INFO - MIPGap  0
Heuristics  0.5
2026-07-02 12:59:16 - INFO - Heuristics  0.5
MIPFocus  3
2026-07-02 12:59:16 - INFO - MIPFocus  3

2026-07-02 12:59:16 - INFO - 
Optimize a model with 2189 rows, 1005 columns and 7519 nonzeros (Min)
2026-07-02 12:59:16 - INFO - Optimize a model with 2189 rows, 1005 columns and 7519 nonzeros (Min)
Model fingerprint: 0x15ddb37c
2026-07-02 12:59:16 - INFO - Model fingerprint: 0x15ddb37c
Model has 4 linear objective coefficients
2026-07-02 12:59:16 - INFO - Model has 4 linear objective coefficients
Variable types: 372 continuous, 633 integer (633 binary)
2026-07-02 12:59:16 - INFO - Variable types: 372 continuous, 633 integer (633 binary)
Coefficient statistics:
2026-07-02 12:59:16 - INFO - Coefficient statistics:
  Matrix range     [3e-01, 2e+03]
2026-07-02 12:59:16 - INFO -   Matrix range     [3e-01, 2e+03]
  Objective range  [1e-05, 1e-01]
2026-07-02 12:59:16 - INFO -   Objective range  [1e-05, 1e-01]
  Bounds range     [9e-01, 3e+07]
2026-07-02 12:59:16 - INFO -   Bounds range     [9e-01, 3e+07]
  RHS range        [9e-01, 2e+02]
2026-07-02 12:59:16 - INFO -   RHS range        [9e-01, 2e+02]

2026-07-02 12:59:16 - INFO - 
Presolve removed 165 rows and 143 columns
2026-07-02 12:59:16 - INFO - Presolve removed 165 rows and 143 columns
Presolve time: 0.01s
2026-07-02 12:59:16 - INFO - Presolve time: 0.01s
Presolved: 2024 rows, 862 columns, 6660 nonzeros
2026-07-02 12:59:16 - INFO - Presolved: 2024 rows, 862 columns, 6660 nonzeros
Variable types: 261 continuous, 601 integer (601 binary)
2026-07-02 12:59:16 - INFO - Variable types: 261 continuous, 601 integer (601 binary)
Root relaxation presolve removed 218 rows and 54 columns
2026-07-02 12:59:16 - INFO - Root relaxation presolve removed 218 rows and 54 columns
Root relaxation presolved: 1806 rows, 840 columns, 6166 nonzeros
2026-07-02 12:59:16 - INFO - Root relaxation presolved: 1806 rows, 840 columns, 6166 nonzeros

2026-07-02 12:59:16 - INFO - 

2026-07-02 12:59:16 - INFO - 
Root relaxation: objective -2.593301e+01, 455 iterations, 0.01 seconds (0.01 work units)
2026-07-02 12:59:16 - INFO - Root relaxation: objective -2.593301e+01, 455 iterations, 0.01 seconds (0.01 work units)

2026-07-02 12:59:16 - INFO - 
    Nodes    |    Current Node    |     Objective Bounds      |     Work
2026-07-02 12:59:16 - INFO -     Nodes    |    Current Node    |     Objective Bounds      |     Work
 Expl Unexpl |  Obj  Depth IntInf | Incumbent    BestBd   Gap | It/Node Time
2026-07-02 12:59:16 - INFO -  Expl Unexpl |  Obj  Depth IntInf | Incumbent    BestBd   Gap | It/Node Time

2026-07-02 12:59:16 - INFO - 
     0     0  -25.93301    0  261          -  -25.93301      -     -    0s
2026-07-02 12:59:16 - INFO -      0     0  -25.93301    0  261          -  -25.93301      -     -    0s
     0     0  -23.40935    0  310          -  -23.40935      -     -    0s
2026-07-02 12:59:16 - INFO -      0     0  -23.40935    0  310          -  -23.40935      -     -    0s
     0     0  -23.40935    0  310          -  -23.40935      -     -    0s
2026-07-02 12:59:16 - INFO -      0     0  -23.40935    0  310          -  -23.40935      -     -    0s
     0     0  -23.40935    0  274          -  -23.40935      -     -    0s
2026-07-02 12:59:16 - INFO -      0     0  -23.40935    0  274          -  -23.40935      -     -    0s
     0     0  -19.61001    0  297          -  -19.61001      -     -    0s
2026-07-02 12:59:16 - INFO -      0     0  -19.61001    0  297          -  -19.61001      -     -    0s
     0     0  -19.61001    0  304          -  -19.61001      -     -    0s
2026-07-02 12:59:16 - INFO -      0     0  -19.61001    0  304          -  -19.61001      -     -    0s
     0     0  -19.61001    0  306          -  -19.61001      -     -    0s
2026-07-02 12:59:16 - INFO -      0     0  -19.61001    0  306          -  -19.61001      -     -    0s
     0     0  -19.61001    0  316          -  -19.61001      -     -    0s
2026-07-02 12:59:16 - INFO -      0     0  -19.61001    0  316          -  -19.61001      -     -    0s
     0     0  -19.61001    0  318          -  -19.61001      -     -    0s
2026-07-02 12:59:16 - INFO -      0     0  -19.61001    0  318          -  -19.61001      -     -    0s
     0     0  -19.61001    0  322          -  -19.61001      -     -    0s
2026-07-02 12:59:16 - INFO -      0     0  -19.61001    0  322          -  -19.61001      -     -    0s
     0     0  -19.40995    0  324          -  -19.40995      -     -    0s
2026-07-02 12:59:16 - INFO -      0     0  -19.40995    0  324          -  -19.40995      -     -    0s
     0     0  -19.40995    0  327          -  -19.40995      -     -    0s
2026-07-02 12:59:16 - INFO -      0     0  -19.40995    0  327          -  -19.40995      -     -    0s
     0     0  -18.45005    0  338          -  -18.45005      -     -    0s
2026-07-02 12:59:16 - INFO -      0     0  -18.45005    0  338          -  -18.45005      -     -    0s
     0     0  -18.45005    0  319          -  -18.45005      -     -    0s
2026-07-02 12:59:16 - INFO -      0     0  -18.45005    0  319          -  -18.45005      -     -    0s
     0     0  -14.84215    0  327          -  -14.84215      -     -    0s
2026-07-02 12:59:16 - INFO -      0     0  -14.84215    0  327          -  -14.84215      -     -    0s
     0     0  -14.84215    0  321          -  -14.84215      -     -    0s
2026-07-02 12:59:16 - INFO -      0     0  -14.84215    0  321          -  -14.84215      -     -    0s
     0     0  -14.84215    0  327          -  -14.84215      -     -    0s
2026-07-02 12:59:16 - INFO -      0     0  -14.84215    0  327          -  -14.84215      -     -    0s
     0     0  -14.84215    0  328          -  -14.84215      -     -    0s
2026-07-02 12:59:16 - INFO -      0     0  -14.84215    0  328          -  -14.84215      -     -    0s
     0     0  -12.88637    0  319          -  -12.88637      -     -    0s
2026-07-02 12:59:17 - INFO -      0     0  -12.88637    0  319          -  -12.88637      -     -    0s
     0     0  -12.88637    0  319          -  -12.88637      -     -    0s
2026-07-02 12:59:17 - INFO -      0     0  -12.88637    0  319          -  -12.88637      -     -    0s
     0     0  -12.88637    0  300          -  -12.88637      -     -    1s
2026-07-02 12:59:17 - INFO -      0     0  -12.88637    0  300          -  -12.88637      -     -    1s
     0     0  -10.08344    0  298          -  -10.08344      -     -    1s
2026-07-02 12:59:17 - INFO -      0     0  -10.08344    0  298          -  -10.08344      -     -    1s
     0     0  -10.08077    0  302          -  -10.08077      -     -    1s
2026-07-02 12:59:17 - INFO -      0     0  -10.08077    0  302          -  -10.08077      -     -    1s
     0     0  -10.06935    0  305          -  -10.06935      -     -    1s
2026-07-02 12:59:17 - INFO -      0     0  -10.06935    0  305          -  -10.06935      -     -    1s
     0     0   -9.73337    0  305          -   -9.73337      -     -    1s
2026-07-02 12:59:17 - INFO -      0     0   -9.73337    0  305          -   -9.73337      -     -    1s
     0     0   -9.73337    0  301          -   -9.73337      -     -    1s
2026-07-02 12:59:17 - INFO -      0     0   -9.73337    0  301          -   -9.73337      -     -    1s
     0     0   -9.73337    0  299          -   -9.73337      -     -    1s
2026-07-02 12:59:17 - INFO -      0     0   -9.73337    0  299          -   -9.73337      -     -    1s
     0     0   -9.11046    0  283          -   -9.11046      -     -    1s
2026-07-02 12:59:17 - INFO -      0     0   -9.11046    0  283          -   -9.11046      -     -    1s
     0     0   -8.99860    0  313          -   -8.99860      -     -    1s
2026-07-02 12:59:17 - INFO -      0     0   -8.99860    0  313          -   -8.99860      -     -    1s
     0     0   -8.99797    0  312          -   -8.99797      -     -    1s
2026-07-02 12:59:17 - INFO -      0     0   -8.99797    0  312          -   -8.99797      -     -    1s
     0     0   -8.99710    0  312          -   -8.99710      -     -    1s
2026-07-02 12:59:17 - INFO -      0     0   -8.99710    0  312          -   -8.99710      -     -    1s
     0     0   -8.39279    0  296          -   -8.39279      -     -    1s
2026-07-02 12:59:17 - INFO -      0     0   -8.39279    0  296          -   -8.39279      -     -    1s
     0     0   -8.39279    0  294          -   -8.39279      -     -    1s
2026-07-02 12:59:17 - INFO -      0     0   -8.39279    0  294          -   -8.39279      -     -    1s
     0     0   -8.39279    0  282          -   -8.39279      -     -    1s
2026-07-02 12:59:18 - INFO -      0     0   -8.39279    0  282          -   -8.39279      -     -    1s
     0     0   -7.27179    0  293          -   -7.27179      -     -    2s
2026-07-02 12:59:18 - INFO -      0     0   -7.27179    0  293          -   -7.27179      -     -    2s
     0     0   -7.23830    0  310          -   -7.23830      -     -    2s
2026-07-02 12:59:18 - INFO -      0     0   -7.23830    0  310          -   -7.23830      -     -    2s
     0     0   -7.14572    0  319          -   -7.14572      -     -    2s
2026-07-02 12:59:18 - INFO -      0     0   -7.14572    0  319          -   -7.14572      -     -    2s
     0     0   -7.14572    0  329          -   -7.14572      -     -    2s
2026-07-02 12:59:18 - INFO -      0     0   -7.14572    0  329          -   -7.14572      -     -    2s
     0     0   -6.58811    0  299          -   -6.58811      -     -    2s
2026-07-02 12:59:18 - INFO -      0     0   -6.58811    0  299          -   -6.58811      -     -    2s
     0     0   -6.58811    0  292          -   -6.58811      -     -    2s
2026-07-02 12:59:18 - INFO -      0     0   -6.58811    0  292          -   -6.58811      -     -    2s
     0     0   -6.04196    0  316          -   -6.04196      -     -    2s
2026-07-02 12:59:18 - INFO -      0     0   -6.04196    0  316          -   -6.04196      -     -    2s
     0     0   -6.03945    0  339          -   -6.03945      -     -    2s
2026-07-02 12:59:18 - INFO -      0     0   -6.03945    0  339          -   -6.03945      -     -    2s
     0     0   -5.83317    0  340          -   -5.83317      -     -    2s
2026-07-02 12:59:18 - INFO -      0     0   -5.83317    0  340          -   -5.83317      -     -    2s
     0     0   -5.83317    0  340          -   -5.83317      -     -    2s
2026-07-02 12:59:18 - INFO -      0     0   -5.83317    0  340          -   -5.83317      -     -    2s
     0     0   -5.83317    0  327          -   -5.83317      -     -    2s
2026-07-02 12:59:19 - INFO -      0     0   -5.83317    0  327          -   -5.83317      -     -    2s
     0     0   -5.18115    0  331          -   -5.18115      -     -    3s
2026-07-02 12:59:19 - INFO -      0     0   -5.18115    0  331          -   -5.18115      -     -    3s
     0     0   -4.94373    0  340          -   -4.94373      -     -    3s
2026-07-02 12:59:19 - INFO -      0     0   -4.94373    0  340          -   -4.94373      -     -    3s
     0     0   -4.94373    0  340          -   -4.94373      -     -    3s
2026-07-02 12:59:19 - INFO -      0     0   -4.94373    0  340          -   -4.94373      -     -    3s
     0     0   -4.94373    0  340          -   -4.94373      -     -    3s
2026-07-02 12:59:19 - INFO -      0     0   -4.94373    0  340          -   -4.94373      -     -    3s
     0     0   -4.56392    0  342          -   -4.56392      -     -    3s
2026-07-02 12:59:19 - INFO -      0     0   -4.56392    0  342          -   -4.56392      -     -    3s
     0     0   -4.37570    0  334          -   -4.37570      -     -    3s
2026-07-02 12:59:19 - INFO -      0     0   -4.37570    0  334          -   -4.37570      -     -    3s
     0     0   -4.37570    0  334          -   -4.37570      -     -    3s
2026-07-02 12:59:19 - INFO -      0     0   -4.37570    0  334          -   -4.37570      -     -    3s
     0     0   -4.37570    0  334          -   -4.37570      -     -    3s
2026-07-02 12:59:19 - INFO -      0     0   -4.37570    0  334          -   -4.37570      -     -    3s
     0     0   -4.14298    0  347          -   -4.14298      -     -    3s
2026-07-02 12:59:20 - INFO -      0     0   -4.14298    0  347          -   -4.14298      -     -    3s
     0     0   -4.12243    0  354          -   -4.12243      -     -    3s
2026-07-02 12:59:20 - INFO -      0     0   -4.12243    0  354          -   -4.12243      -     -    3s
     0     0   -3.83147    0  351          -   -3.83147      -     -    4s
2026-07-02 12:59:20 - INFO -      0     0   -3.83147    0  351          -   -3.83147      -     -    4s
     0     0   -3.83147    0  351          -   -3.83147      -     -    4s
2026-07-02 12:59:20 - INFO -      0     0   -3.83147    0  351          -   -3.83147      -     -    4s
     0     0   -3.83147    0  330          -   -3.83147      -     -    4s
2026-07-02 12:59:20 - INFO -      0     0   -3.83147    0  330          -   -3.83147      -     -    4s
     0     0   -3.61178    0  350          -   -3.61178      -     -    4s
2026-07-02 12:59:20 - INFO -      0     0   -3.61178    0  350          -   -3.61178      -     -    4s
     0     0   -3.46598    0  344          -   -3.46598      -     -    4s
2026-07-02 12:59:20 - INFO -      0     0   -3.46598    0  344          -   -3.46598      -     -    4s
     0     0   -3.46598    0  343          -   -3.46598      -     -    4s
2026-07-02 12:59:20 - INFO -      0     0   -3.46598    0  343          -   -3.46598      -     -    4s
     0     0   -3.36784    0  340          -   -3.36784      -     -    4s
2026-07-02 12:59:20 - INFO -      0     0   -3.36784    0  340          -   -3.36784      -     -    4s
     0     0   -3.36784    0  321          -   -3.36784      -     -    4s
2026-07-02 12:59:20 - INFO -      0     0   -3.36784    0  321          -   -3.36784      -     -    4s
     0     2   -3.36784    0  318          -   -3.36784      -     -    6s
2026-07-02 12:59:22 - INFO -      0     2   -3.36784    0  318          -   -3.36784      -     -    6s
  2242  2011    0.65276   11  284          -   -0.28732      -   132   10s
2026-07-02 12:59:26 - INFO -   2242  2011    0.65276   11  284          -   -0.28732      -   132   10s
  2260  2023    2.96641   20  309          -   -0.28732      -   131   15s
2026-07-02 12:59:31 - INFO -   2260  2023    2.96641   20  309          -   -0.28732      -   131   15s
  3382  2842    2.76978   23  269          -    2.23760      -   134   20s
2026-07-02 12:59:36 - INFO -   3382  2842    2.76978   23  269          -    2.23760      -   134   20s
  4567  3668    2.43820   26  266          -    2.35860      -   117   25s
2026-07-02 12:59:41 - INFO -   4567  3668    2.43820   26  266          -    2.35860      -   117   25s
H 4618  3549                       8.6919479    2.35887  72.9%   116   25s
2026-07-02 12:59:41 - INFO - H 4618  3549                       8.6919479    2.35887  72.9%   116   25s
H 4704  3756                       8.2611536    2.36590  71.4%   115   25s
2026-07-02 12:59:41 - INFO - H 4704  3756                       8.2611536    2.36590  71.4%   115   25s
H 4727  3657                       8.1169537    2.36613  70.8%   115   25s
2026-07-02 12:59:41 - INFO - H 4727  3657                       8.1169537    2.36613  70.8%   115   25s
H 4737  3566                       7.5771676    2.36613  68.8%   115   25s
2026-07-02 12:59:41 - INFO - H 4737  3566                       7.5771676    2.36613  68.8%   115   25s
H 5137  3495                       7.5293392    2.37957  68.4%   122   25s
2026-07-02 12:59:42 - INFO - H 5137  3495                       7.5293392    2.37957  68.4%   122   25s
H 5143  3414                       7.4988390    2.38275  68.2%   124   25s
2026-07-02 12:59:42 - INFO - H 5143  3414                       7.4988390    2.38275  68.2%   124   25s
H 5159  3334                       7.4902615    2.38694  68.1%   127   25s
2026-07-02 12:59:42 - INFO - H 5159  3334                       7.4902615    2.38694  68.1%   127   25s
H 5164  3261                       7.1957307    2.38759  66.8%   128   25s
2026-07-02 12:59:42 - INFO - H 5164  3261                       7.1957307    2.38759  66.8%   128   25s
H 5165  3194                       7.1251948    2.38766  66.5%   128   25s
2026-07-02 12:59:42 - INFO - H 5165  3194                       7.1251948    2.38766  66.5%   128   25s
H 5259  3221                       7.1183998    2.39483  66.4%   141   26s
2026-07-02 12:59:42 - INFO - H 5259  3221                       7.1183998    2.39483  66.4%   141   26s
H 5260  3159                       6.9518019    2.39484  65.6%   141   26s
2026-07-02 12:59:42 - INFO - H 5260  3159                       6.9518019    2.39484  65.6%   141   26s
H 5265  3100                       6.8992684    2.39499  65.3%   142   26s
2026-07-02 12:59:42 - INFO - H 5265  3100                       6.8992684    2.39499  65.3%   142   26s
H 5389  3146                       6.8944539    2.41481  65.0%   161   26s
2026-07-02 12:59:42 - INFO - H 5389  3146                       6.8944539    2.41481  65.0%   161   26s
H 5390  3146                       6.8888430    2.41611  64.9%   161   26s
2026-07-02 12:59:42 - INFO - H 5390  3146                       6.8888430    2.41611  64.9%   161   26s
H 5392  3146                       6.7579878    2.41775  64.2%   162   26s
2026-07-02 12:59:42 - INFO - H 5392  3146                       6.7579878    2.41775  64.2%   162   26s
H 5532  3279                       6.7348563    2.43479  63.8%   183   27s
2026-07-02 12:59:43 - INFO - H 5532  3279                       6.7348563    2.43479  63.8%   183   27s
H 5534  3279                       6.7007783    2.43627  63.6%   184   27s
2026-07-02 12:59:43 - INFO - H 5534  3279                       6.7007783    2.43627  63.6%   184   27s
H 5541  3279                       6.6904714    2.44139  63.5%   185   27s
2026-07-02 12:59:43 - INFO - H 5541  3279                       6.6904714    2.44139  63.5%   185   27s
H 5545  3279                       6.6904555    2.44314  63.5%   186   27s
2026-07-02 12:59:43 - INFO - H 5545  3279                       6.6904555    2.44314  63.5%   186   27s
H 5716  3448                       6.6876339    2.46829  63.1%   212   27s
2026-07-02 12:59:43 - INFO - H 5716  3448                       6.6876339    2.46829  63.1%   212   27s
H 5843  3591                       6.6844984    2.49610  62.7%   231   28s
2026-07-02 12:59:44 - INFO - H 5843  3591                       6.6844984    2.49610  62.7%   231   28s
  6177  3959    3.45460   26  343    6.68450    2.60679  61.0%   281   30s
2026-07-02 12:59:46 - INFO -   6177  3959    3.45460   26  343    6.68450    2.60679  61.0%   281   30s
H 6559  4301                       6.6844984    2.74621  58.9%   323   33s
2026-07-02 12:59:49 - INFO - H 6559  4301                       6.6844984    2.74621  58.9%   323   33s
  6809  4642    3.58719   31  316    6.68450    2.80383  58.1%   341   35s
2026-07-02 12:59:51 - INFO -   6809  4642    3.58719   31  316    6.68450    2.80383  58.1%   341   35s
H 7760  5508                       6.6844984    3.06085  54.2%   379   39s
2026-07-02 12:59:55 - INFO - H 7760  5508                       6.6844984    3.06085  54.2%   379   39s
  8087  5699    4.18888   30  297    6.68450    3.11456  53.4%   386   40s
2026-07-02 12:59:56 - INFO -   8087  5699    4.18888   30  297    6.68450    3.11456  53.4%   386   40s
H 8130  5796                       6.6844984    3.14174  53.0%   390   41s
2026-07-02 12:59:57 - INFO - H 8130  5796                       6.6844984    3.14174  53.0%   390   41s
H 8221  5796                       6.6844983    3.15801  52.8%   391   41s
2026-07-02 12:59:57 - INFO - H 8221  5796                       6.6844983    3.15801  52.8%   391   41s
H 8356  5973                       6.6844983    3.16920  52.6%   393   41s
2026-07-02 12:59:58 - INFO - H 8356  5973                       6.6844983    3.16920  52.6%   393   41s
H 8420  5999                       6.6844983    3.17738  52.5%   394   42s
2026-07-02 12:59:58 - INFO - H 8420  5999                       6.6844983    3.17738  52.5%   394   42s
H 8515  6261                       6.6844983    3.20967  52.0%   400   44s
2026-07-02 13:00:00 - INFO - H 8515  6261                       6.6844983    3.20967  52.0%   400   44s
  8722  6455    3.50149   28  358    6.68450    3.22164  51.8%   398   45s
2026-07-02 13:00:01 - INFO -   8722  6455    3.50149   28  358    6.68450    3.22164  51.8%   398   45s
H 8936  6803                       6.6844983    3.23366  51.6%   399   46s
2026-07-02 13:00:02 - INFO - H 8936  6803                       6.6844983    3.23366  51.6%   399   46s
H10630  8293                       6.6844983    3.29631  50.7%   380   48s
2026-07-02 13:00:04 - INFO - H10630  8293                       6.6844983    3.29631  50.7%   380   48s
 12370 10459    3.80008   26  384    6.68450    3.32937  50.2%   363   50s
2026-07-02 13:00:06 - INFO -  12370 10459    3.80008   26  384    6.68450    3.32937  50.2%   363   50s
H12917 10459                       6.6844983    3.33707  50.1%   359   50s
2026-07-02 13:00:06 - INFO - H12917 10459                       6.6844983    3.33707  50.1%   359   50s
H13073 10459                       6.6844983    3.33838  50.1%   357   50s
2026-07-02 13:00:06 - INFO - H13073 10459                       6.6844983    3.33838  50.1%   357   50s
 14598 11757    3.66315   26  377    6.68450    3.36593  49.6%   349   56s
2026-07-02 13:00:12 - INFO -  14598 11757    3.66315   26  377    6.68450    3.36593  49.6%   349   56s
 16559 13490    3.54307   26  419    6.68450    3.39400  49.2%   345   61s
2026-07-02 13:00:17 - INFO -  16559 13490    3.54307   26  419    6.68450    3.39400  49.2%   345   61s
H16596 13534                       6.6536010    3.40214  48.9%   347   62s
2026-07-02 13:00:19 - INFO - H16596 13534                       6.6536010    3.40214  48.9%   347   62s
H17938 15578                       6.6536010    3.41536  48.7%   343   64s
2026-07-02 13:00:21 - INFO - H17938 15578                       6.6536010    3.41536  48.7%   343   64s
H18077 15578                       6.6535406    3.41731  48.6%   342   64s
2026-07-02 13:00:21 - INFO - H18077 15578                       6.6535406    3.41731  48.6%   342   64s
 18882 16781    3.81036   28  358    6.65354    3.42804  48.5%   339   65s
2026-07-02 13:00:22 - INFO -  18882 16781    3.81036   28  358    6.65354    3.42804  48.5%   339   65s
 20249 16854 infeasible   25         6.65354    3.44765  48.2%   336   70s
2026-07-02 13:00:26 - INFO -  20249 16854 infeasible   25         6.65354    3.44765  48.2%   336   70s
 20592 17230    3.66064   25  376    6.65354    3.45960  48.0%   341   75s
2026-07-02 13:00:31 - INFO -  20592 17230    3.66064   25  376    6.65354    3.45960  48.0%   341   75s
H20971 17490                       6.5902522    3.46550  47.4%   342   76s
2026-07-02 13:00:32 - INFO - H20971 17490                       6.5902522    3.46550  47.4%   342   76s
 24115 21651 infeasible   29         6.59025    3.48761  47.1%   329   80s
2026-07-02 13:00:36 - INFO -  24115 21651 infeasible   29         6.59025    3.48761  47.1%   329   80s
H25583 21740                       6.5899643    3.50232  46.9%   325   81s
2026-07-02 13:00:37 - INFO - H25583 21740                       6.5899643    3.50232  46.9%   325   81s
 29919 25613    3.81543   31  362    6.58996    3.53047  46.4%   314   86s
2026-07-02 13:00:42 - INFO -  29919 25613    3.81543   31  362    6.58996    3.53047  46.4%   314   86s
 30011 25711    3.91403   29  340    6.58996    3.53593  46.3%   316   90s
2026-07-02 13:00:47 - INFO -  30011 25711    3.91403   29  340    6.58996    3.53593  46.3%   316   90s
 30252 25925    4.01143   24  330    6.58996    3.54524  46.2%   319   95s
2026-07-02 13:00:52 - INFO -  30252 25925    4.01143   24  330    6.58996    3.54524  46.2%   319   95s
H30254 25925                       6.5352519    3.54526  45.8%   319   95s
2026-07-02 13:00:52 - INFO - H30254 25925                       6.5352519    3.54526  45.8%   319   95s
H31627 27196                       6.5328864    3.55710  45.6%   318   99s
2026-07-02 13:00:55 - INFO - H31627 27196                       6.5328864    3.55710  45.6%   318   99s
 31676 28768    3.78000   32  361    6.53289    3.55794  45.5%   318  100s
2026-07-02 13:00:57 - INFO -  31676 28768    3.78000   32  361    6.53289    3.55794  45.5%   318  100s
 38297 33244    3.80415   29  352    6.53289    3.60372  44.8%   308  107s
2026-07-02 13:01:03 - INFO -  38297 33244    3.80415   29  352    6.53289    3.60372  44.8%   308  107s
H38299 33244                       6.5328547    3.60376  44.8%   308  107s
2026-07-02 13:01:03 - INFO - H38299 33244                       6.5328547    3.60376  44.8%   308  107s
H38337 33271                       6.5014181    3.60661  44.5%   309  109s
2026-07-02 13:01:05 - INFO - H38337 33271                       6.5014181    3.60661  44.5%   309  109s
 38354 34855    3.72565   29  370    6.50142    3.60774  44.5%   309  110s
2026-07-02 13:01:07 - INFO -  38354 34855    3.72565   29  370    6.50142    3.60774  44.5%   309  110s
H40103 34881                       6.5013983    3.61733  44.4%   308  113s
2026-07-02 13:01:09 - INFO - H40103 34881                       6.5013983    3.61733  44.4%   308  113s
 41890 36518    3.67257   27  397    6.50140    3.62405  44.3%   306  116s
2026-07-02 13:01:12 - INFO -  41890 36518    3.67257   27  397    6.50140    3.62405  44.3%   306  116s
H41891 36518                       6.5013032    3.62405  44.3%   306  116s
2026-07-02 13:01:12 - INFO - H41891 36518                       6.5013032    3.62405  44.3%   306  116s
 43735 38164    3.83320   29  372    6.50130    3.63520  44.1%   306  121s
2026-07-02 13:01:17 - INFO -  43735 38164    3.83320   29  372    6.50130    3.63520  44.1%   306  121s
 43796 38217    3.72074   28  349    6.50130    3.63897  44.0%   308  126s
2026-07-02 13:01:22 - INFO -  43796 38217    3.72074   28  349    6.50130    3.63897  44.0%   308  126s
 43958 38460    3.98028   27  356    6.50130    3.64169  44.0%   309  130s
2026-07-02 13:01:26 - INFO -  43958 38460    3.98028   27  356    6.50130    3.64169  44.0%   309  130s
 44546 38897    3.92937   29  336    6.50130    3.64449  43.9%   309  135s
2026-07-02 13:01:31 - INFO -  44546 38897    3.92937   29  336    6.50130    3.64449  43.9%   309  135s
 45083 39371    3.84925   28  299    6.50130    3.64787  43.9%   310  140s
2026-07-02 13:01:36 - INFO -  45083 39371    3.84925   28  299    6.50130    3.64787  43.9%   310  140s
 45378 40340    3.99607   31  346    6.50130    3.65180  43.8%   311  145s
2026-07-02 13:01:41 - INFO -  45378 40340    3.99607   31  346    6.50130    3.65180  43.8%   311  145s
 47902 44004    4.09357   32  259    6.50130    3.65536  43.8%   309  150s
2026-07-02 13:01:46 - INFO -  47902 44004    4.09357   32  259    6.50130    3.65536  43.8%   309  150s
 53084 48684    3.72132   29  330    6.50130    3.67739  43.4%   306  156s
2026-07-02 13:01:52 - INFO -  53084 48684    3.72132   29  330    6.50130    3.67739  43.4%   306  156s
 55689 48806    3.77172   26  377    6.50130    3.68941  43.3%   305  161s
2026-07-02 13:01:57 - INFO -  55689 48806    3.77172   26  377    6.50130    3.68941  43.3%   305  161s
 55833 58241    3.91317   27  351    6.50130    3.69200  43.2%   306  176s
2026-07-02 13:02:12 - INFO -  55833 58241    3.91317   27  351    6.50130    3.69200  43.2%   306  176s
 68446 60621    4.19854   31  324    6.50130    3.72200  42.7%   298  180s
2026-07-02 13:02:16 - INFO -  68446 60621    4.19854   31  324    6.50130    3.72200  42.7%   298  180s
 69315 60765    4.06150   30  273    6.50130    3.73337  42.6%   299  189s
2026-07-02 13:02:26 - INFO -  69315 60765    4.06150   30  273    6.50130    3.73337  42.6%   299  189s
H69419 60765                       6.5013031    3.73394  42.6%   299  189s
2026-07-02 13:02:26 - INFO - H69419 60765                       6.5013031    3.73394  42.6%   299  189s
 69444 60792    3.87754   27  361    6.50130    3.73429  42.6%   299  194s
2026-07-02 13:02:30 - INFO -  69444 60792    3.87754   27  361    6.50130    3.73429  42.6%   299  194s
 69473 60871    4.39381   33  292    6.50130    3.73513  42.5%   299  199s
2026-07-02 13:02:35 - INFO -  69473 60871    4.39381   33  292    6.50130    3.73513  42.5%   299  199s
 69556 60941 infeasible   29         6.50130    3.73593  42.5%   300  204s
2026-07-02 13:02:40 - INFO -  69556 60941 infeasible   29         6.50130    3.73593  42.5%   300  204s
 69644 60972    4.40189   31  308    6.50130    3.73648  42.5%   300  208s
2026-07-02 13:02:45 - INFO -  69644 60972    4.40189   31  308    6.50130    3.73648  42.5%   300  208s
 69677 63535    4.00445   27  351    6.50130    3.73733  42.5%   300  213s
2026-07-02 13:02:49 - INFO -  69677 63535    4.00445   27  351    6.50130    3.73733  42.5%   300  213s
 72579 63667    3.97977   32  314    6.50130    3.73817  42.5%   300  218s
2026-07-02 13:02:54 - INFO -  72579 63667    3.97977   32  314    6.50130    3.73817  42.5%   300  218s
 72735 65863    3.94034   29  347    6.50130    3.74068  42.5%   300  223s
2026-07-02 13:02:59 - INFO -  72735 65863    3.94034   29  347    6.50130    3.74068  42.5%   300  223s
 75225 69581    3.91637   32  346    6.50130    3.74414  42.4%   300  227s
2026-07-02 13:03:04 - INFO -  75225 69581    3.91637   32  346    6.50130    3.74414  42.4%   300  227s
 79472 73173    4.38777   29  285    6.50130    3.75134  42.3%   298  231s
2026-07-02 13:03:08 - INFO -  79472 73173    4.38777   29  285    6.50130    3.75134  42.3%   298  231s
 83659 78465    4.15601   36  291    6.50130    3.77146  42.0%   297  237s
2026-07-02 13:03:13 - INFO -  83659 78465    4.15601   36  291    6.50130    3.77146  42.0%   297  237s
 89871 78488 infeasible   33         6.50130    3.79436  41.6%   297  241s
2026-07-02 13:03:17 - INFO -  89871 78488 infeasible   33         6.50130    3.79436  41.6%   297  241s
 89948 78641    3.91636   29  342    6.50130    3.79774  41.6%   297  248s
2026-07-02 13:03:25 - INFO -  89948 78641    3.91636   29  342    6.50130    3.79774  41.6%   297  248s
 90087 78689    4.19626   30  276    6.50130    3.79837  41.6%   297  253s
2026-07-02 13:03:29 - INFO -  90087 78689    4.19626   30  276    6.50130    3.79837  41.6%   297  253s
 90139 78757 infeasible   29         6.50130    3.79930  41.6%   298  258s
2026-07-02 13:03:34 - INFO -  90139 78757 infeasible   29         6.50130    3.79930  41.6%   298  258s
 90233 79010    3.98023   30  329    6.50130    3.79985  41.6%   298  261s
2026-07-02 13:03:38 - INFO -  90233 79010    3.98023   30  329    6.50130    3.79985  41.6%   298  261s
 90538 80702    4.10826   29  292    6.50130    3.80046  41.5%   298  265s
2026-07-02 13:03:41 - INFO -  90538 80702    4.10826   29  292    6.50130    3.80046  41.5%   298  265s
 92520 80729 infeasible   32         6.50130    3.80166  41.5%   298  270s
2026-07-02 13:03:47 - INFO -  92520 80729 infeasible   32         6.50130    3.80166  41.5%   298  270s
 94443 83897    4.30353   33  294    6.50130    3.80817  41.4%   298  279s
2026-07-02 13:03:55 - INFO -  94443 83897    4.30353   33  294    6.50130    3.80817  41.4%   298  279s
 96207 87585    4.07442   29  316    6.50130    3.81101  41.4%   299  284s
2026-07-02 13:04:00 - INFO -  96207 87585    4.07442   29  316    6.50130    3.81101  41.4%   299  284s
 100495 89771    4.55710   29  212    6.50130    3.81871  41.3%   298  290s
2026-07-02 13:04:06 - INFO -  100495 89771    4.55710   29  212    6.50130    3.81871  41.3%   298  290s
 103031 89809    4.20045   30  279    6.50130    3.83857  41.0%   298  295s
2026-07-02 13:04:11 - INFO -  103031 89809    4.20045   30  279    6.50130    3.83857  41.0%   298  295s
 103077 91136    3.96484   29  361    6.50130    3.84065  40.9%   298  300s
2026-07-02 13:04:16 - INFO -  103077 91136    3.96484   29  361    6.50130    3.84065  40.9%   298  300s

2026-07-02 13:04:16 - INFO - 
Cutting planes:
2026-07-02 13:04:16 - INFO - Cutting planes:
  Learned: 239
2026-07-02 13:04:16 - INFO -   Learned: 239
  Gomory: 466
2026-07-02 13:04:16 - INFO -   Gomory: 466
  Lift-and-project: 291
2026-07-02 13:04:16 - INFO -   Lift-and-project: 291
  Cover: 512
2026-07-02 13:04:16 - INFO -   Cover: 512
  Implied bound: 37
2026-07-02 13:04:16 - INFO -   Implied bound: 37
  Clique: 2
2026-07-02 13:04:16 - INFO -   Clique: 2
  MIR: 949
2026-07-02 13:04:16 - INFO -   MIR: 949
  Mixing: 27
2026-07-02 13:04:16 - INFO -   Mixing: 27
  Flow cover: 3758
2026-07-02 13:04:16 - INFO -   Flow cover: 3758
  Inf proof: 267
2026-07-02 13:04:16 - INFO -   Inf proof: 267
  Zero half: 37
2026-07-02 13:04:16 - INFO -   Zero half: 37
  RLT: 32
2026-07-02 13:04:16 - INFO -   RLT: 32
  Relax-and-lift: 120
2026-07-02 13:04:16 - INFO -   Relax-and-lift: 120
  BQP: 1
2026-07-02 13:04:16 - INFO -   BQP: 1

2026-07-02 13:04:16 - INFO - 
Explored 104617 nodes (31193009 simplex iterations) in 300.04 seconds (563.55 work units)
2026-07-02 13:04:16 - INFO - Explored 104617 nodes (31193009 simplex iterations) in 300.04 seconds (563.55 work units)
Thread count was 28 (of 28 available processors)
2026-07-02 13:04:16 - INFO - Thread count was 28 (of 28 available processors)

2026-07-02 13:04:16 - INFO - 
Solution count 10: 6.5013 6.5013 6.5014 ... 6.65354
2026-07-02 13:04:16 - INFO - Solution count 10: 6.5013 6.5013 6.5014 ... 6.65354

2026-07-02 13:04:16 - INFO - 
Time limit reached
2026-07-02 13:04:16 - INFO - Time limit reached
Best objective 6.501303141004e+00, best bound 3.841459392218e+00, gap 40.9125%
2026-07-02 13:04:16 - INFO - Best objective 6.501303141004e+00, best bound 3.841459392218e+00, gap 40.9125%

2026-07-02 13:04:16 - INFO - 
User-callback calls 298775, time in user-callback 1.60 sec
2026-07-02 13:04:16 - INFO - User-callback calls 298775, time in user-callback 1.60 sec


================================================================================
ILP MODEL ANALYSIS REPORT - Chiplet Placement ILP (After Optimize, Stage=stage1, Gap=0.0)
Generated: 2026-07-02 13:04:16
================================================================================

[MODEL STRUCTURE]
  Constraints (rows):                   2189
  Variables (columns):                  1005
  Non-zero elements:                    7519
  Objective coefficients:                  4

[VARIABLE TYPES]
  Continuous:                            372
  Integer:                                 0
  Binary:                                633

[CONSTRAINT TYPES]
  <= constraints:                             1286
  == constraints:                              268
  >= constraints:                              635

[COEFFICIENT STATISTICS]
  Matrix range:              [2.93e-01, 1.95e+03]
  Objective range:           [1.49e-05, 1.19e-01]
  Bounds range:              [-2.16e+02, 2.57e+07]

[SOLVE STATISTICS]
  Status:                    Time Limit
  Objective value:                  6.501303
  Best bound:                       3.841459
  MIP gap:                          40.9125%
  Solve time (s):                     300.05
  Solutions found:                        10
  Nodes explored:                   104617.0
  Simplex iterations:             31193009.0

[MEMORY USAGE]
  Initial memory:                     95.27 MB
  Peak memory:                      2135.77 MB
  Final memory:                     2061.20 MB
  Peak increase:                    2040.49 MB
  Final increase:                   1965.92 MB
  Gurobi memory:                     312.01 MB
  Gurobi peak memory:               2171.91 MB

================================================================================
[EMIB] Solve done: stage=stage1, MIPGap=0.0, status=Feasible, Obj=6.501303, time=300.05s, SolCount=10

================================================================================
[OBJECTIVE FUNCTION BREAKDOWN - SOLUTION VALUES]
================================================================================

[Actual Variable Values]
  wirelength: 6.739200e+04
  bbox_area_proxy_t: 4.240000e+01
  aspect_ratio_penalty: 5.000000e+00
  power_aware_penalty: 1.843778e+05

[Normalized Values]
  norm_wirelength = 6.739200e+04 / 8.070093e+04 = 8.350833e-01
  norm_t = 4.240000e+01 / 5.043808e+01 = 8.406347e-01
  norm_aspect = 5.000000e+00 / 1.500000e+01 = 3.333333e-01
  norm_power = 1.843778e+05 / 1.139270e+05 = 1.618385e+00

[Weighted Contributions]
  1. Wirelength: 5.000000e+00 * 8.350833e-01 = 4.175417e+00
  2. Area: 6.000000e+00 * 8.406347e-01 = 5.043808e+00
  3. Aspect Ratio: 1.000000e-01 * 3.333333e-01 = 3.333333e-02
  4. Power Awareness: -1.700000e+00 * 1.618385e+00 = -2.751255e+00

[Total Objective Value]
  4.175417e+00 + 5.043808e+00 + 3.333333e-02 - 2.751255e+00
  = 6.501303e+00
================================================================================

[EMIB] Solve succeeded (Feasible)
[EMIB] placement JSON saved: /root/placement/MPDAP/output_gurobi_EMIB_chiplet_5_6_01_17_md1_ca0/placement/syn5.json
[EMIB] Layout figure saved: /root/placement/MPDAP/output_gurobi_EMIB_chiplet_5_6_01_17_md1_ca0/fig/syn5_core/solution_1_layout_gurobi.png
2026-07-02 13:04:18 - INFO - 
EMIB returned 1 solution(s) (max 1).
  ✓ EMIB: 1 solution(s)

================================================================================
Batch test done (Gurobi)
  Total time: 302.64 s
================================================================================
File summary:
  Success: 1/1
  Failed: 0/1
Solution count:
  Found: 1/1

Details:
  ✓ syn5.json -> syn5_core: 1 solution(s)
    Log dir: /root/placement/MPDAP/output_gurobi_EMIB_chiplet_5_6_01_17_md1_ca0/log/syn5_core
    LP dir: /root/placement/MPDAP/output_gurobi_EMIB_chiplet_5_6_01_17_md1_ca0/lp/syn5_core
    Fig dir: /root/placement/MPDAP/output_gurobi_EMIB_chiplet_5_6_01_17_md1_ca0/fig/syn5_core
    Placement: /root/placement/MPDAP/output_gurobi_EMIB_chiplet_5_6_01_17_md1_ca0/placement/syn5.json
================================================================================

