
================================================================================
Batch test start (Gurobi)
================================================================================
Test input dir: /root/placement/EMIB_MP_thermal_placement/benchmark/test_input
Output base dir: /root/placement/EMIB_MP_thermal_placement/output_gurobi_EMIB_chiplet_5_6_01_08
Found 1 test file(s)
Files to process: cpu-dram.json
================================================================================


[1/1] Processing: cpu-dram.json
  Core name: cpu-dram_core
  Log dir: /root/placement/EMIB_MP_thermal_placement/output_gurobi_EMIB_chiplet_5_6_01_08/log/cpu-dram_core
  LP dir: /root/placement/EMIB_MP_thermal_placement/output_gurobi_EMIB_chiplet_5_6_01_08/lp/cpu-dram_core
  Fig dir: /root/placement/EMIB_MP_thermal_placement/output_gurobi_EMIB_chiplet_5_6_01_08/fig/cpu-dram_core
  Placement file: /root/placement/EMIB_MP_thermal_placement/output_gurobi_EMIB_chiplet_5_6_01_08/placement/cpu-dram.json
  Removing old output dir: /root/placement/EMIB_MP_thermal_placement/output_gurobi_EMIB_chiplet_5_6_01_08/log/cpu-dram_core
  Removing old output dir: /root/placement/EMIB_MP_thermal_placement/output_gurobi_EMIB_chiplet_5_6_01_08/lp/cpu-dram_core
  Removing old output dir: /root/placement/EMIB_MP_thermal_placement/output_gurobi_EMIB_chiplet_5_6_01_08/fig/cpu-dram_core
2026-03-11 19:47:47 - INFO - Calling EMIB solver (Gurobi)...
node 0 w: 8.25, h: 9.0
node 1 w: 8.25, h: 9.0
node 2 w: 8.25, h: 9.0
node 3 w: 8.25, h: 9.0
node 4 w: 8.75, h: 8.75
node 5 w: 8.75, h: 8.75
node 6 w: 8.75, h: 8.75
node 7 w: 8.75, h: 8.75
DEBUG
DEBUG
  (A,B): node1=A, node2=B, wireCount=256, EMIBType=interfaceB, EMIB_length=0.8533, EMIB_max_width=3.0, width=2.0, height=0.8533, bump_width=1.0000
  (A,D): node1=A, node2=D, wireCount=256, EMIBType=interfaceB, EMIB_length=0.8533, EMIB_max_width=3.0, width=2.0, height=0.8533, bump_width=1.0000
  (A,E): node1=A, node2=E, wireCount=1024, EMIBType=interfaceB, EMIB_length=3.4133, EMIB_max_width=3.0, width=2.0, height=3.4133, bump_width=1.0000
  (B,C): node1=B, node2=C, wireCount=256, EMIBType=interfaceB, EMIB_length=0.8533, EMIB_max_width=3.0, width=2.0, height=0.8533, bump_width=1.0000
  (B,F): node1=B, node2=F, wireCount=1024, EMIBType=interfaceB, EMIB_length=3.4133, EMIB_max_width=3.0, width=2.0, height=3.4133, bump_width=1.0000
  (C,D): node1=C, node2=D, wireCount=256, EMIBType=interfaceB, EMIB_length=0.8533, EMIB_max_width=3.0, width=2.0, height=0.8533, bump_width=1.0000
  (C,G): node1=C, node2=G, wireCount=1024, EMIBType=interfaceB, EMIB_length=3.4133, EMIB_max_width=3.0, width=2.0, height=3.4133, bump_width=1.0000
  (D,H): node1=D, node2=H, wireCount=1024, EMIBType=interfaceB, EMIB_length=3.4133, EMIB_max_width=3.0, width=2.0, height=3.4133, bump_width=1.0000
DEBUG
DEBUG
DEBUG
  (0,1): [A, B, 256, interfaceB, 0.8533, 3.0]
  (0,3): [A, D, 256, interfaceB, 0.8533, 3.0]
  (0,4): [A, E, 1024, interfaceB, 3.4133, 3.0]
  (1,2): [B, C, 256, interfaceB, 0.8533, 3.0]
  (1,5): [B, F, 1024, interfaceB, 3.4133, 3.0]
  (2,3): [C, D, 256, interfaceB, 0.8533, 3.0]
  (2,6): [C, G, 1024, interfaceB, 3.4133, 3.0]
  (3,7): [D, H, 1024, interfaceB, 3.4133, 3.0]
Set parameter WLSAccessID
2026-03-11 19:47:47 - INFO - Set parameter WLSAccessID
Set parameter WLSSecret
2026-03-11 19:47:47 - INFO - Set parameter WLSSecret
Set parameter LicenseID to value 2756663
2026-03-11 19:47:47 - INFO - Set parameter LicenseID to value 2756663
Academic license 2756663 - for non-commercial use only - registered to hu___@sjtu.edu.cn
2026-03-11 19:47:47 - INFO - Academic license 2756663 - for non-commercial use only - registered to hu___@sjtu.edu.cn
EMIB_w_var: {(0, 1): <gurobi.Var *Awaiting Model Update*>, (0, 3): <gurobi.Var *Awaiting Model Update*>, (0, 4): <gurobi.Var *Awaiting Model Update*>, (1, 2): <gurobi.Var *Awaiting Model Update*>, (1, 5): <gurobi.Var *Awaiting Model Update*>, (2, 3): <gurobi.Var *Awaiting Model Update*>, (2, 6): <gurobi.Var *Awaiting Model Update*>, (3, 7): <gurobi.Var *Awaiting Model Update*>}
EMIB_h_var: {(0, 1): <gurobi.Var *Awaiting Model Update*>, (0, 3): <gurobi.Var *Awaiting Model Update*>, (0, 4): <gurobi.Var *Awaiting Model Update*>, (1, 2): <gurobi.Var *Awaiting Model Update*>, (1, 5): <gurobi.Var *Awaiting Model Update*>, (2, 3): <gurobi.Var *Awaiting Model Update*>, (2, 6): <gurobi.Var *Awaiting Model Update*>, (3, 7): <gurobi.Var *Awaiting Model Update*>}
EMIB_connected_pairs: {(0, 1): EMIBNode(node1='A', node2='B', wireCount=256, EMIBType='interfaceB', EMIB_length=0.8533, EMIB_bump_width=1.0, EMIB_max_width=3.0, width=2.0, height=0.8533), (0, 3): EMIBNode(node1='A', node2='D', wireCount=256, EMIBType='interfaceB', EMIB_length=0.8533, EMIB_bump_width=1.0, EMIB_max_width=3.0, width=2.0, height=0.8533), (0, 4): EMIBNode(node1='A', node2='E', wireCount=1024, EMIBType='interfaceB', EMIB_length=3.4133, EMIB_bump_width=1.0, EMIB_max_width=3.0, width=2.0, height=3.4133), (1, 2): EMIBNode(node1='B', node2='C', wireCount=256, EMIBType='interfaceB', EMIB_length=0.8533, EMIB_bump_width=1.0, EMIB_max_width=3.0, width=2.0, height=0.8533), (1, 5): EMIBNode(node1='B', node2='F', wireCount=1024, EMIBType='interfaceB', EMIB_length=3.4133, EMIB_bump_width=1.0, EMIB_max_width=3.0, width=2.0, height=3.4133), (2, 3): EMIBNode(node1='C', node2='D', wireCount=256, EMIBType='interfaceB', EMIB_length=0.8533, EMIB_bump_width=1.0, EMIB_max_width=3.0, width=2.0, height=0.8533), (2, 6): EMIBNode(node1='C', node2='G', wireCount=1024, EMIBType='interfaceB', EMIB_length=3.4133, EMIB_bump_width=1.0, EMIB_max_width=3.0, width=2.0, height=3.4133), (3, 7): EMIBNode(node1='D', node2='H', wireCount=1024, EMIBType='interfaceB', EMIB_length=3.4133, EMIB_bump_width=1.0, EMIB_max_width=3.0, width=2.0, height=3.4133)}
DEBUG
DEBUG
DEBUG
[DEBUG] L_avg: 24.561148181630273
[DEBUG] total_area: 603.25
[DEBUG] ref_wirelength: 62876.5393449735
[DEBUG] ref_t: 49.122296363260546
[DEBUG] ref_power: 1.0
[DEBUG] ref_aspect: 3.0

[Normalization Info]
  Ref Wirelength: 62876.54
  Ref Area Proxy (t): 49.12
  Ref Power Term: 1.00
  Ref Aspect: 3.00
DEBUG
Set parameter TimeLimit to value 300
2026-03-11 19:47:47 - INFO - Set parameter TimeLimit to value 300
Set parameter MIPGap to value 0
2026-03-11 19:47:47 - INFO - Set parameter MIPGap to value 0
Set parameter MIPFocus to value 3
2026-03-11 19:47:47 - INFO - Set parameter MIPFocus to value 3
Set parameter Heuristics to value 0.5
2026-03-11 19:47:47 - INFO - Set parameter Heuristics to value 0.5
Set parameter LogToConsole to value 1
2026-03-11 19:47:47 - INFO - Set parameter LogToConsole to value 1
Gurobi Optimizer version 13.0.0 build v13.0.0rc1 (linux64 - "Ubuntu 20.04.6 LTS")
2026-03-11 19:47:47 - INFO - Gurobi Optimizer version 13.0.0 build v13.0.0rc1 (linux64 - "Ubuntu 20.04.6 LTS")

2026-03-11 19:47:47 - INFO - 
CPU model: AMD Ryzen 9 9950X3D 16-Core Processor, instruction set [SSE2|AVX|AVX2|AVX512]
2026-03-11 19:47:47 - INFO - CPU model: AMD Ryzen 9 9950X3D 16-Core Processor, instruction set [SSE2|AVX|AVX2|AVX512]
Thread count: 6 physical cores, 12 logical processors, using up to 12 threads
2026-03-11 19:47:47 - INFO - Thread count: 6 physical cores, 12 logical processors, using up to 12 threads

2026-03-11 19:47:47 - INFO - 
Non-default parameters:
2026-03-11 19:47:47 - INFO - Non-default parameters:
TimeLimit  300
2026-03-11 19:47:47 - INFO - TimeLimit  300
MIPGap  0
2026-03-11 19:47:47 - INFO - MIPGap  0
Heuristics  0.5
2026-03-11 19:47:47 - INFO - Heuristics  0.5
MIPFocus  3
2026-03-11 19:47:47 - INFO - MIPFocus  3

2026-03-11 19:47:47 - INFO - 
Academic license 2756663 - for non-commercial use only - registered to hu___@sjtu.edu.cn
2026-03-11 19:47:47 - INFO - Academic license 2756663 - for non-commercial use only - registered to hu___@sjtu.edu.cn
Optimize a model with 912 rows, 427 columns and 3118 nonzeros (Min)
2026-03-11 19:47:47 - INFO - Optimize a model with 912 rows, 427 columns and 3118 nonzeros (Min)
Model fingerprint: 0x23605a38
2026-03-11 19:47:47 - INFO - Model fingerprint: 0x23605a38
Model has 3 linear objective coefficients
2026-03-11 19:47:47 - INFO - Model has 3 linear objective coefficients
Variable types: 171 continuous, 256 integer (256 binary)
2026-03-11 19:47:47 - INFO - Variable types: 171 continuous, 256 integer (256 binary)
Coefficient statistics:
2026-03-11 19:47:47 - INFO - Coefficient statistics:
  Matrix range     [5e-01, 1e+03]
2026-03-11 19:47:47 - INFO -   Matrix range     [5e-01, 1e+03]
  Objective range  [8e-05, 1e-01]
2026-03-11 19:47:47 - INFO -   Objective range  [8e-05, 1e-01]
  Bounds range     [9e-01, 7e+06]
2026-03-11 19:47:47 - INFO -   Bounds range     [9e-01, 7e+06]
  RHS range        [9e-01, 2e+02]
2026-03-11 19:47:47 - INFO -   RHS range        [9e-01, 2e+02]
Presolve removed 100 rows and 88 columns
2026-03-11 19:47:47 - INFO - Presolve removed 100 rows and 88 columns
Presolve time: 0.01s
2026-03-11 19:47:47 - INFO - Presolve time: 0.01s
Presolved: 812 rows, 339 columns, 2780 nonzeros
2026-03-11 19:47:47 - INFO - Presolved: 812 rows, 339 columns, 2780 nonzeros
Variable types: 103 continuous, 236 integer (236 binary)
2026-03-11 19:47:47 - INFO - Variable types: 103 continuous, 236 integer (236 binary)
Root relaxation presolve removed 4 rows and 0 columns
2026-03-11 19:47:47 - INFO - Root relaxation presolve removed 4 rows and 0 columns
Root relaxation presolved: 808 rows, 343 columns, 2776 nonzeros
2026-03-11 19:47:47 - INFO - Root relaxation presolved: 808 rows, 343 columns, 2776 nonzeros

2026-03-11 19:47:47 - INFO - 

2026-03-11 19:47:47 - INFO - 
Root relaxation: objective 1.710018e+00, 185 iterations, 0.00 seconds (0.00 work units)
2026-03-11 19:47:47 - INFO - Root relaxation: objective 1.710018e+00, 185 iterations, 0.00 seconds (0.00 work units)

2026-03-11 19:47:47 - INFO - 
    Nodes    |    Current Node    |     Objective Bounds      |     Work
2026-03-11 19:47:47 - INFO -     Nodes    |    Current Node    |     Objective Bounds      |     Work
 Expl Unexpl |  Obj  Depth IntInf | Incumbent    BestBd   Gap | It/Node Time
2026-03-11 19:47:47 - INFO -  Expl Unexpl |  Obj  Depth IntInf | Incumbent    BestBd   Gap | It/Node Time

2026-03-11 19:47:47 - INFO - 
     0     0    1.71002    0  100          -    1.71002      -     -    0s
2026-03-11 19:47:47 - INFO -      0     0    1.71002    0  100          -    1.71002      -     -    0s
H    0     0                      28.7280734    3.50959  87.8%     -    0s
2026-03-11 19:47:47 - INFO - H    0     0                      28.7280734    3.50959  87.8%     -    0s
     0     0    3.68263    0  138   28.72807    3.68263  87.2%     -    0s
2026-03-11 19:47:47 - INFO -      0     0    3.68263    0  138   28.72807    3.68263  87.2%     -    0s
     0     0    3.68263    0  138   28.72807    3.68263  87.2%     -    0s
2026-03-11 19:47:47 - INFO -      0     0    3.68263    0  138   28.72807    3.68263  87.2%     -    0s
     0     0    3.68263    0  110   28.72807    3.68263  87.2%     -    0s
2026-03-11 19:47:47 - INFO -      0     0    3.68263    0  110   28.72807    3.68263  87.2%     -    0s
     0     0    4.54782    0  110   28.72807    4.54782  84.2%     -    0s
2026-03-11 19:47:47 - INFO -      0     0    4.54782    0  110   28.72807    4.54782  84.2%     -    0s
     0     0    4.56819    0  147   28.72807    4.56819  84.1%     -    0s
2026-03-11 19:47:47 - INFO -      0     0    4.56819    0  147   28.72807    4.56819  84.1%     -    0s
     0     0    4.56819    0  147   28.72807    4.56819  84.1%     -    0s
2026-03-11 19:47:47 - INFO -      0     0    4.56819    0  147   28.72807    4.56819  84.1%     -    0s
     0     0    4.56819    0  125   28.72807    4.56819  84.1%     -    0s
2026-03-11 19:47:47 - INFO -      0     0    4.56819    0  125   28.72807    4.56819  84.1%     -    0s
     0     0    5.07305    0  135   28.72807    5.07305  82.3%     -    0s
2026-03-11 19:47:47 - INFO -      0     0    5.07305    0  135   28.72807    5.07305  82.3%     -    0s
     0     0    5.09748    0  128   28.72807    5.09748  82.3%     -    0s
2026-03-11 19:47:47 - INFO -      0     0    5.09748    0  128   28.72807    5.09748  82.3%     -    0s
     0     0    5.09748    0  127   28.72807    5.09748  82.3%     -    0s
2026-03-11 19:47:47 - INFO -      0     0    5.09748    0  127   28.72807    5.09748  82.3%     -    0s
     0     0    5.09748    0  127   28.72807    5.09748  82.3%     -    0s
2026-03-11 19:47:47 - INFO -      0     0    5.09748    0  127   28.72807    5.09748  82.3%     -    0s
     0     0    5.12191    0  127   28.72807    5.12191  82.2%     -    0s
2026-03-11 19:47:47 - INFO -      0     0    5.12191    0  127   28.72807    5.12191  82.2%     -    0s
     0     0    5.12191    0  109   28.72807    5.12191  82.2%     -    0s
2026-03-11 19:47:47 - INFO -      0     0    5.12191    0  109   28.72807    5.12191  82.2%     -    0s
H    0     0                      28.4364068    5.12191  82.0%     -    0s
2026-03-11 19:47:47 - INFO - H    0     0                      28.4364068    5.12191  82.0%     -    0s
H    0     0                      10.1065928    5.12191  49.3%     -    0s
2026-03-11 19:47:47 - INFO - H    0     0                      10.1065928    5.12191  49.3%     -    0s
     0     2    5.12191    0  109   10.10659    5.12191  49.3%     -    0s
2026-03-11 19:47:47 - INFO -      0     2    5.12191    0  109   10.10659    5.12191  49.3%     -    0s
H    9    14                       9.9028665    5.12191  48.3%  95.3    0s
2026-03-11 19:47:47 - INFO - H    9    14                       9.9028665    5.12191  48.3%  95.3    0s
H   10    14                       9.7662667    5.12191  47.6%   104    0s
2026-03-11 19:47:47 - INFO - H   10    14                       9.7662667    5.12191  47.6%   104    0s
H   14    26                       9.5352758    5.12191  46.3%   125    0s
2026-03-11 19:47:47 - INFO - H   14    26                       9.5352758    5.12191  46.3%   125    0s
H   20    26                       9.4408849    5.12191  45.7%   121    0s
2026-03-11 19:47:47 - INFO - H   20    26                       9.4408849    5.12191  45.7%   121    0s
H   32    50                       9.4408034    5.12191  45.7%   130    0s
2026-03-11 19:47:47 - INFO - H   32    50                       9.4408034    5.12191  45.7%   130    0s
H   51    62                       9.2441859    5.12191  44.6%   119    0s
2026-03-11 19:47:47 - INFO - H   51    62                       9.2441859    5.12191  44.6%   119    0s
H  102   104                       9.1551848    5.15523  43.7%   132    0s
2026-03-11 19:47:48 - INFO - H  102   104                       9.1551848    5.15523  43.7%   132    0s
H 1311  1200                       9.1209630    6.49807  28.8%  87.3    4s
2026-03-11 19:47:51 - INFO - H 1311  1200                       9.1209630    6.49807  28.8%  87.3    4s
  1317  1204    6.99795    9  182    9.12096    6.49807  28.8%  86.9    5s
2026-03-11 19:47:52 - INFO -   1317  1204    6.99795    9  182    9.12096    6.49807  28.8%  86.9    5s
  2541  2042    8.01642   26   91    9.12096    7.25880  20.4%   138   10s
2026-03-11 19:47:57 - INFO -   2541  2042    8.01642   26   91    9.12096    7.25880  20.4%   138   10s
H 3430  2511                       9.1209630    7.37417  19.2%   136   11s
2026-03-11 19:47:58 - INFO - H 3430  2511                       9.1209630    7.37417  19.2%   136   11s
H 3537  2485                       9.1209630    7.38264  19.1%   136   11s
2026-03-11 19:47:58 - INFO - H 3537  2485                       9.1209630    7.38264  19.1%   136   11s
H 3939  2888                       9.1209630    7.41001  18.8%   133   11s
2026-03-11 19:47:58 - INFO - H 3939  2888                       9.1209630    7.41001  18.8%   133   11s
  7959  5330     cutoff   31         9.12096    7.90428  13.3%   133   15s
2026-03-11 19:48:02 - INFO -   7959  5330     cutoff   31         9.12096    7.90428  13.3%   133   15s
H11418  7510                       9.1209630    8.08477  11.4%   127   17s
2026-03-11 19:48:05 - INFO - H11418  7510                       9.1209630    8.08477  11.4%   127   17s
H11984  7985                       9.1209630    8.11354  11.0%   126   18s
2026-03-11 19:48:05 - INFO - H11984  7985                       9.1209630    8.11354  11.0%   126   18s
H12621  8050                       9.1209630    8.15370  10.6%   124   18s
2026-03-11 19:48:05 - INFO - H12621  8050                       9.1209630    8.15370  10.6%   124   18s
H12921  8311                       9.1209630    8.15787  10.6%   125   18s
2026-03-11 19:48:06 - INFO - H12921  8311                       9.1209630    8.15787  10.6%   125   18s
H13449  8508                       9.1209629    8.16133  10.5%   124   19s
2026-03-11 19:48:06 - INFO - H13449  8508                       9.1209629    8.16133  10.5%   124   19s
H13473  8473                       9.0956366    8.16189  10.3%   124   19s
2026-03-11 19:48:06 - INFO - H13473  8473                       9.0956366    8.16189  10.3%   124   19s
H13775  8451                       9.0854580    8.16495  10.1%   124   19s
2026-03-11 19:48:06 - INFO - H13775  8451                       9.0854580    8.16495  10.1%   124   19s
 14777  8892    8.50430   28   79    9.08546    8.25468  9.14%   123   20s
2026-03-11 19:48:07 - INFO -  14777  8892    8.50430   28   79    9.08546    8.25468  9.14%   123   20s
