
================================================================================
Batch test start (Gurobi)
================================================================================
Test input dir: /root/placement/MPDAP/benchmark/test_input
Output base dir: /root/placement/MPDAP/output_gurobi_EMIB_chiplet_5_6_01_08
Found 1 test file(s)
Files to process: syn1.json
================================================================================


[1/1] Processing: syn1.json
  Core name: syn1_core
  Log dir: /root/placement/MPDAP/output_gurobi_EMIB_chiplet_5_6_01_08/log/syn1_core
  LP dir: /root/placement/MPDAP/output_gurobi_EMIB_chiplet_5_6_01_08/lp/syn1_core
  Fig dir: /root/placement/MPDAP/output_gurobi_EMIB_chiplet_5_6_01_08/fig/syn1_core
  Placement file: /root/placement/MPDAP/output_gurobi_EMIB_chiplet_5_6_01_08/placement/syn1.json
2026-06-20 19:06:53 - INFO - Calling EMIB solver (Gurobi)...
node 0 w: 11.0, h: 10.0
node 1 w: 12.0, h: 10.0
node 2 w: 6.0, h: 15.0
node 3 w: 13.0, h: 6.0
node 4 w: 11.0, h: 5.0
node 5 w: 15.0, h: 6.0
node 6 w: 5.0, h: 5.0
node 7 w: 6.0, h: 14.0
node 8 w: 6.0, h: 12.0
node 9 w: 13.0, h: 6.0
DEBUG
DEBUG
  (A,E): node1=A, node2=E, wireCount=128, EMIBType=interfaceC, EMIB_length=3.2, EMIB_max_width=99.0, width=1.0, height=3.2, bump_width=0.5000
  (A,H): node1=A, node2=H, wireCount=256, EMIBType=interfaceB, EMIB_length=0.8533, EMIB_max_width=3.0, width=2.0, height=0.8533, bump_width=1.0000
  (B,E): node1=B, node2=E, wireCount=512, EMIBType=interfaceB, EMIB_length=1.7067, EMIB_max_width=3.0, width=2.0, height=1.7067, bump_width=1.0000
  (B,H): node1=B, node2=H, wireCount=128, EMIBType=interfaceC, EMIB_length=3.2, EMIB_max_width=99.0, width=1.0, height=3.2, bump_width=0.5000
  (B,I): node1=B, node2=I, wireCount=256, EMIBType=interfaceB, EMIB_length=0.8533, EMIB_max_width=3.0, width=2.0, height=0.8533, bump_width=1.0000
  (B,J): node1=B, node2=J, wireCount=512, EMIBType=interfaceB, EMIB_length=1.7067, EMIB_max_width=3.0, width=2.0, height=1.7067, bump_width=1.0000
  (C,D): node1=C, node2=D, wireCount=128, EMIBType=interfaceC, EMIB_length=3.2, EMIB_max_width=99.0, width=1.0, height=3.2, bump_width=0.5000
  (C,E): node1=C, node2=E, wireCount=128, EMIBType=interfaceC, EMIB_length=3.2, EMIB_max_width=99.0, width=1.0, height=3.2, bump_width=0.5000
  (C,G): node1=C, node2=G, wireCount=512, EMIBType=interfaceB, EMIB_length=1.7067, EMIB_max_width=3.0, width=2.0, height=1.7067, bump_width=1.0000
  (E,F): node1=E, node2=F, wireCount=128, EMIBType=interfaceC, EMIB_length=3.2, EMIB_max_width=99.0, width=1.0, height=3.2, bump_width=0.5000
  (E,G): node1=E, node2=G, wireCount=256, EMIBType=interfaceB, EMIB_length=0.8533, EMIB_max_width=3.0, width=2.0, height=0.8533, bump_width=1.0000
  (E,H): node1=E, node2=H, wireCount=128, EMIBType=interfaceC, EMIB_length=3.2, EMIB_max_width=99.0, width=1.0, height=3.2, bump_width=0.5000
  (F,I): node1=F, node2=I, wireCount=128, EMIBType=interfaceC, EMIB_length=3.2, EMIB_max_width=99.0, width=1.0, height=3.2, bump_width=0.5000
  (G,H): node1=G, node2=H, wireCount=128, EMIBType=interfaceC, EMIB_length=3.2, EMIB_max_width=99.0, width=1.0, height=3.2, bump_width=0.5000
  (G,I): node1=G, node2=I, wireCount=128, EMIBType=interfaceC, EMIB_length=3.2, EMIB_max_width=99.0, width=1.0, height=3.2, bump_width=0.5000
  (G,J): node1=G, node2=J, wireCount=128, EMIBType=interfaceC, EMIB_length=3.2, EMIB_max_width=99.0, width=1.0, height=3.2, bump_width=0.5000
  (I,J): node1=I, node2=J, wireCount=256, EMIBType=interfaceB, EMIB_length=0.8533, EMIB_max_width=3.0, width=2.0, height=0.8533, bump_width=1.0000
DEBUG
DEBUG
DEBUG
  (0,4): [A, E, 128, interfaceC, 3.2, 99.0]
  (0,7): [A, H, 256, interfaceB, 0.8533, 3.0]
  (1,4): [B, E, 512, interfaceB, 1.7067, 3.0]
  (1,7): [B, H, 128, interfaceC, 3.2, 99.0]
  (1,8): [B, I, 256, interfaceB, 0.8533, 3.0]
  (1,9): [B, J, 512, interfaceB, 1.7067, 3.0]
  (2,3): [C, D, 128, interfaceC, 3.2, 99.0]
  (2,4): [C, E, 128, interfaceC, 3.2, 99.0]
  (2,6): [C, G, 512, interfaceB, 1.7067, 3.0]
  (4,5): [E, F, 128, interfaceC, 3.2, 99.0]
  (4,6): [E, G, 256, interfaceB, 0.8533, 3.0]
  (4,7): [E, H, 128, interfaceC, 3.2, 99.0]
  (5,8): [F, I, 128, interfaceC, 3.2, 99.0]
  (6,7): [G, H, 128, interfaceC, 3.2, 99.0]
  (6,8): [G, I, 128, interfaceC, 3.2, 99.0]
  (6,9): [G, J, 128, interfaceC, 3.2, 99.0]
  (8,9): [I, J, 256, interfaceB, 0.8533, 3.0]
Set parameter WLSAccessID
2026-06-20 19:06:53 - INFO - Set parameter WLSAccessID
Set parameter WLSSecret
2026-06-20 19:06:53 - INFO - Set parameter WLSSecret
Set parameter LicenseID to value 2756663
2026-06-20 19:06:53 - INFO - Set parameter LicenseID to value 2756663
Academic license 2756663 - for non-commercial use only - registered to hu___@sjtu.edu.cn
2026-06-20 19:06:53 - INFO - Academic license 2756663 - for non-commercial use only - registered to hu___@sjtu.edu.cn
EMIB_w_var: {(0, 7): <gurobi.Var *Awaiting Model Update*>, (1, 4): <gurobi.Var *Awaiting Model Update*>, (1, 8): <gurobi.Var *Awaiting Model Update*>, (1, 9): <gurobi.Var *Awaiting Model Update*>, (2, 6): <gurobi.Var *Awaiting Model Update*>, (4, 6): <gurobi.Var *Awaiting Model Update*>, (8, 9): <gurobi.Var *Awaiting Model Update*>}
EMIB_h_var: {(0, 7): <gurobi.Var *Awaiting Model Update*>, (1, 4): <gurobi.Var *Awaiting Model Update*>, (1, 8): <gurobi.Var *Awaiting Model Update*>, (1, 9): <gurobi.Var *Awaiting Model Update*>, (2, 6): <gurobi.Var *Awaiting Model Update*>, (4, 6): <gurobi.Var *Awaiting Model Update*>, (8, 9): <gurobi.Var *Awaiting Model Update*>}
EMIB_connected_pairs: {(0, 7): EMIBNode(node1='A', node2='H', wireCount=256, EMIBType='interfaceB', EMIB_length=0.8533, EMIB_bump_width=1.0, EMIB_max_width=3.0, width=2.0, height=0.8533), (1, 4): EMIBNode(node1='B', node2='E', wireCount=512, EMIBType='interfaceB', EMIB_length=1.7067, EMIB_bump_width=1.0, EMIB_max_width=3.0, width=2.0, height=1.7067), (1, 8): EMIBNode(node1='B', node2='I', wireCount=256, EMIBType='interfaceB', EMIB_length=0.8533, EMIB_bump_width=1.0, EMIB_max_width=3.0, width=2.0, height=0.8533), (1, 9): EMIBNode(node1='B', node2='J', wireCount=512, EMIBType='interfaceB', EMIB_length=1.7067, EMIB_bump_width=1.0, EMIB_max_width=3.0, width=2.0, height=1.7067), (2, 6): EMIBNode(node1='C', node2='G', wireCount=512, EMIBType='interfaceB', EMIB_length=1.7067, EMIB_bump_width=1.0, EMIB_max_width=3.0, width=2.0, height=1.7067), (4, 6): EMIBNode(node1='E', node2='G', wireCount=256, EMIBType='interfaceB', EMIB_length=0.8533, EMIB_bump_width=1.0, EMIB_max_width=3.0, width=2.0, height=0.8533), (8, 9): EMIBNode(node1='I', node2='J', wireCount=256, EMIBType='interfaceB', EMIB_length=0.8533, EMIB_bump_width=1.0, EMIB_max_width=3.0, width=2.0, height=0.8533)}
DEBUG
DEBUG
DEBUG
DEBUG
[DEBUG] chiplet 6 in top 30% power density, add away-from-center constraint
[DEBUG] chiplet 7 in top 30% power density, add away-from-center constraint
[DEBUG] chiplet 9 in top 30% power density, add away-from-center constraint
[DEBUG] L_avg: 28.319604517012593
[DEBUG] total_area: 802.0
[DEBUG] ref_wirelength: 54373.64067266418
[DEBUG] ref_t: 56.639209034025185
[DEBUG] ref_power: 93077.10017924804
[DEBUG] ref_aspect: 55.0

[Normalization Info]
  Ref Wirelength: 54373.64
  Ref Area Proxy (t): 56.64
  Ref Power Term: 93077.10
  Ref Aspect: 55.00
DEBUG
Set parameter TimeLimit to value 300
2026-06-20 19:06:53 - INFO - Set parameter TimeLimit to value 300
Set parameter MIPGap to value 0
2026-06-20 19:06:53 - INFO - Set parameter MIPGap to value 0
Set parameter MIPFocus to value 3
2026-06-20 19:06:53 - INFO - Set parameter MIPFocus to value 3
Set parameter Heuristics to value 0.5
2026-06-20 19:06:53 - INFO - Set parameter Heuristics to value 0.5
Set parameter LogToConsole to value 1
2026-06-20 19:06:53 - INFO - Set parameter LogToConsole to value 1
Gurobi Optimizer version 13.0.1 build v13.0.1rc0 (linux64 - "Ubuntu 20.04.6 LTS")
2026-06-20 19:06:53 - INFO - Gurobi Optimizer version 13.0.1 build v13.0.1rc0 (linux64 - "Ubuntu 20.04.6 LTS")

2026-06-20 19:06:53 - INFO - 
CPU model: AMD Ryzen 9 9950X3D 16-Core Processor, instruction set [SSE2|AVX|AVX2|AVX512]
2026-06-20 19:06:53 - INFO - CPU model: AMD Ryzen 9 9950X3D 16-Core Processor, instruction set [SSE2|AVX|AVX2|AVX512]
Thread count: 14 physical cores, 28 logical processors, using up to 28 threads
2026-06-20 19:06:53 - INFO - Thread count: 14 physical cores, 28 logical processors, using up to 28 threads

2026-06-20 19:06:53 - INFO - 
Non-default parameters:
2026-06-20 19:06:53 - INFO - Non-default parameters:
TimeLimit  300
2026-06-20 19:06:53 - INFO - TimeLimit  300
MIPGap  0
2026-06-20 19:06:53 - INFO - MIPGap  0
Heuristics  0.5
2026-06-20 19:06:53 - INFO - Heuristics  0.5
MIPFocus  3
2026-06-20 19:06:53 - INFO - MIPFocus  3

2026-06-20 19:06:53 - INFO - 
Academic license 2756663 - for non-commercial use only - registered to hu___@sjtu.edu.cn
2026-06-20 19:06:53 - INFO - Academic license 2756663 - for non-commercial use only - registered to hu___@sjtu.edu.cn
Optimize a model with 1213 rows, 567 columns and 4073 nonzeros (Min)
2026-06-20 19:06:53 - INFO - Optimize a model with 1213 rows, 567 columns and 4073 nonzeros (Min)
Model fingerprint: 0x10afd637
2026-06-20 19:06:53 - INFO - Model fingerprint: 0x10afd637
Model has 4 linear objective coefficients
2026-06-20 19:06:53 - INFO - Model has 4 linear objective coefficients
Variable types: 240 continuous, 327 integer (327 binary)
2026-06-20 19:06:53 - INFO - Variable types: 240 continuous, 327 integer (327 binary)
Coefficient statistics:
2026-06-20 19:06:53 - INFO - Coefficient statistics:
  Matrix range     [3e-01, 6e+03]
2026-06-20 19:06:53 - INFO -   Matrix range     [3e-01, 6e+03]
  Objective range  [9e-06, 1e-01]
2026-06-20 19:06:53 - INFO -   Objective range  [9e-06, 1e-01]
  Bounds range     [9e-01, 2e+07]
2026-06-20 19:06:53 - INFO -   Bounds range     [9e-01, 2e+07]
  RHS range        [9e-01, 2e+02]
2026-06-20 19:06:53 - INFO -   RHS range        [9e-01, 2e+02]

2026-06-20 19:06:53 - INFO - 
Presolve removed 107 rows and 88 columns
2026-06-20 19:06:53 - INFO - Presolve removed 107 rows and 88 columns
Presolve time: 0.01s
2026-06-20 19:06:53 - INFO - Presolve time: 0.01s
Presolved: 1106 rows, 479 columns, 3714 nonzeros
2026-06-20 19:06:53 - INFO - Presolved: 1106 rows, 479 columns, 3714 nonzeros
Variable types: 167 continuous, 312 integer (312 binary)
2026-06-20 19:06:53 - INFO - Variable types: 167 continuous, 312 integer (312 binary)
Root relaxation presolve removed 204 rows and 60 columns
2026-06-20 19:06:53 - INFO - Root relaxation presolve removed 204 rows and 60 columns
Root relaxation presolved: 902 rows, 431 columns, 3224 nonzeros
2026-06-20 19:06:53 - INFO - Root relaxation presolved: 902 rows, 431 columns, 3224 nonzeros

2026-06-20 19:06:53 - INFO - 

2026-06-20 19:06:53 - INFO - 
Root relaxation: objective -4.734240e+01, 244 iterations, 0.00 seconds (0.01 work units)
2026-06-20 19:06:53 - INFO - Root relaxation: objective -4.734240e+01, 244 iterations, 0.00 seconds (0.01 work units)

2026-06-20 19:06:53 - INFO - 
    Nodes    |    Current Node    |     Objective Bounds      |     Work
2026-06-20 19:06:53 - INFO -     Nodes    |    Current Node    |     Objective Bounds      |     Work
 Expl Unexpl |  Obj  Depth IntInf | Incumbent    BestBd   Gap | It/Node Time
2026-06-20 19:06:53 - INFO -  Expl Unexpl |  Obj  Depth IntInf | Incumbent    BestBd   Gap | It/Node Time

2026-06-20 19:06:53 - INFO - 
     0     0  -47.34240    0  137          -  -47.34240      -     -    0s
2026-06-20 19:06:53 - INFO -      0     0  -47.34240    0  137          -  -47.34240      -     -    0s
H    0     0                      12.8138608  -47.34240   469%     -    0s
2026-06-20 19:06:53 - INFO - H    0     0                      12.8138608  -47.34240   469%     -    0s
     0     0  -41.17402    0  146   12.81386  -41.17402   421%     -    0s
2026-06-20 19:06:53 - INFO -      0     0  -41.17402    0  146   12.81386  -41.17402   421%     -    0s
     0     0  -41.17402    0  146   12.81386  -41.17402   421%     -    0s
2026-06-20 19:06:53 - INFO -      0     0  -41.17402    0  146   12.81386  -41.17402   421%     -    0s
     0     0  -28.88174    0  153   12.81386  -28.88174   325%     -    0s
2026-06-20 19:06:53 - INFO -      0     0  -28.88174    0  153   12.81386  -28.88174   325%     -    0s
     0     0  -28.88174    0  168   12.81386  -28.88174   325%     -    0s
2026-06-20 19:06:53 - INFO -      0     0  -28.88174    0  168   12.81386  -28.88174   325%     -    0s
     0     0  -28.88174    0  174   12.81386  -28.88174   325%     -    0s
2026-06-20 19:06:53 - INFO -      0     0  -28.88174    0  174   12.81386  -28.88174   325%     -    0s
     0     0  -23.39259    0  157   12.81386  -23.39259   283%     -    0s
2026-06-20 19:06:53 - INFO -      0     0  -23.39259    0  157   12.81386  -23.39259   283%     -    0s
     0     0  -23.39259    0  152   12.81386  -23.39259   283%     -    0s
2026-06-20 19:06:53 - INFO -      0     0  -23.39259    0  152   12.81386  -23.39259   283%     -    0s
H    0     0                      11.3970744  -15.48174   236%     -    0s
2026-06-20 19:06:53 - INFO - H    0     0                      11.3970744  -15.48174   236%     -    0s
H    0     0                      11.2693266  -15.48174   237%     -    0s
2026-06-20 19:06:53 - INFO - H    0     0                      11.2693266  -15.48174   237%     -    0s
     0     0  -15.48174    0  154   11.26933  -15.48174   237%     -    0s
2026-06-20 19:06:53 - INFO -      0     0  -15.48174    0  154   11.26933  -15.48174   237%     -    0s
     0     0  -15.42632    0  159   11.26933  -15.42632   237%     -    0s
2026-06-20 19:06:53 - INFO -      0     0  -15.42632    0  159   11.26933  -15.42632   237%     -    0s
     0     0  -15.34084    0  159   11.26933  -15.34084   236%     -    0s
2026-06-20 19:06:53 - INFO -      0     0  -15.34084    0  159   11.26933  -15.34084   236%     -    0s
     0     0  -15.34084    0  163   11.26933  -15.34084   236%     -    0s
2026-06-20 19:06:53 - INFO -      0     0  -15.34084    0  163   11.26933  -15.34084   236%     -    0s
     0     0  -15.34084    0  164   11.26933  -15.34084   236%     -    0s
2026-06-20 19:06:53 - INFO -      0     0  -15.34084    0  164   11.26933  -15.34084   236%     -    0s
     0     0  -15.34084    0  166   11.26933  -15.34084   236%     -    0s
2026-06-20 19:06:53 - INFO -      0     0  -15.34084    0  166   11.26933  -15.34084   236%     -    0s
H    0     0                       9.8286048   -8.89136   190%     -    0s
2026-06-20 19:06:53 - INFO - H    0     0                       9.8286048   -8.89136   190%     -    0s
     0     0   -8.57468    0  156    9.82860   -8.57468   187%     -    0s
2026-06-20 19:06:53 - INFO -      0     0   -8.57468    0  156    9.82860   -8.57468   187%     -    0s
     0     0   -8.57468    0  155    9.82860   -8.57468   187%     -    0s
2026-06-20 19:06:53 - INFO -      0     0   -8.57468    0  155    9.82860   -8.57468   187%     -    0s
     0     0   -8.57468    0  151    9.82860   -8.57468   187%     -    0s
2026-06-20 19:06:53 - INFO -      0     0   -8.57468    0  151    9.82860   -8.57468   187%     -    0s
H    0     0                       9.5182411   -4.47366   147%     -    0s
2026-06-20 19:06:53 - INFO - H    0     0                       9.5182411   -4.47366   147%     -    0s
H    0     0                       9.4912468   -4.47366   147%     -    0s
2026-06-20 19:06:53 - INFO - H    0     0                       9.4912468   -4.47366   147%     -    0s
H    0     0                       9.1534816   -4.47366   149%     -    0s
2026-06-20 19:06:53 - INFO - H    0     0                       9.1534816   -4.47366   149%     -    0s
     0     0   -4.47366    0  145    9.15348   -4.47366   149%     -    0s
2026-06-20 19:06:53 - INFO -      0     0   -4.47366    0  145    9.15348   -4.47366   149%     -    0s
     0     0   -3.45147    0  146    9.15348   -3.45147   138%     -    0s
2026-06-20 19:06:53 - INFO -      0     0   -3.45147    0  146    9.15348   -3.45147   138%     -    0s
     0     0   -3.45147    0  143    9.15348   -3.45147   138%     -    0s
2026-06-20 19:06:53 - INFO -      0     0   -3.45147    0  143    9.15348   -3.45147   138%     -    0s
     0     0   -3.45147    0  139    9.15348   -3.45147   138%     -    0s
2026-06-20 19:06:53 - INFO -      0     0   -3.45147    0  139    9.15348   -3.45147   138%     -    0s
     0     0   -3.18087    0  151    9.15348   -3.18087   135%     -    0s
2026-06-20 19:06:53 - INFO -      0     0   -3.18087    0  151    9.15348   -3.18087   135%     -    0s
     0     0   -3.18087    0  154    9.15348   -3.18087   135%     -    0s
2026-06-20 19:06:53 - INFO -      0     0   -3.18087    0  154    9.15348   -3.18087   135%     -    0s
     0     0   -3.18087    0  159    9.15348   -3.18087   135%     -    0s
2026-06-20 19:06:53 - INFO -      0     0   -3.18087    0  159    9.15348   -3.18087   135%     -    0s
H    0     0                       8.9501285   -2.89144   132%     -    0s
2026-06-20 19:06:53 - INFO - H    0     0                       8.9501285   -2.89144   132%     -    0s
     0     0   -2.65802    0  140    8.95013   -2.65802   130%     -    0s
2026-06-20 19:06:53 - INFO -      0     0   -2.65802    0  140    8.95013   -2.65802   130%     -    0s
     0     0   -2.65802    0  128    8.95013   -2.65802   130%     -    0s
2026-06-20 19:06:54 - INFO -      0     0   -2.65802    0  128    8.95013   -2.65802   130%     -    0s
H    0     0                       8.8930166   -2.45706   128%     -    1s
2026-06-20 19:06:54 - INFO - H    0     0                       8.8930166   -2.45706   128%     -    1s
     0     0   -2.45706    0  144    8.89302   -2.45706   128%     -    1s
2026-06-20 19:06:54 - INFO -      0     0   -2.45706    0  144    8.89302   -2.45706   128%     -    1s
     0     0   -2.45706    0  143    8.89302   -2.45706   128%     -    1s
2026-06-20 19:06:54 - INFO -      0     0   -2.45706    0  143    8.89302   -2.45706   128%     -    1s
     0     0   -2.40038    0  138    8.89302   -2.40038   127%     -    1s
2026-06-20 19:06:54 - INFO -      0     0   -2.40038    0  138    8.89302   -2.40038   127%     -    1s
     0     0   -2.40038    0  128    8.89302   -2.40038   127%     -    1s
2026-06-20 19:06:54 - INFO -      0     0   -2.40038    0  128    8.89302   -2.40038   127%     -    1s
H    0     0                       8.7354189   -2.40038   127%     -    1s
2026-06-20 19:06:54 - INFO - H    0     0                       8.7354189   -2.40038   127%     -    1s
     0     0   -1.93502    0  151    8.73542   -1.93502   122%     -    1s
2026-06-20 19:06:54 - INFO -      0     0   -1.93502    0  151    8.73542   -1.93502   122%     -    1s
     0     0   -1.93502    0  158    8.73542   -1.93502   122%     -    1s
2026-06-20 19:06:54 - INFO -      0     0   -1.93502    0  158    8.73542   -1.93502   122%     -    1s
H    0     0                       8.6658020   -1.63527   119%     -    1s
2026-06-20 19:06:54 - INFO - H    0     0                       8.6658020   -1.63527   119%     -    1s
H    0     0                       8.6631383   -1.63527   119%     -    1s
2026-06-20 19:06:54 - INFO - H    0     0                       8.6631383   -1.63527   119%     -    1s
     0     0   -1.61965    0  162    8.66314   -1.61965   119%     -    1s
2026-06-20 19:06:54 - INFO -      0     0   -1.61965    0  162    8.66314   -1.61965   119%     -    1s
     0     0   -1.61965    0  160    8.66314   -1.61965   119%     -    1s
2026-06-20 19:06:54 - INFO -      0     0   -1.61965    0  160    8.66314   -1.61965   119%     -    1s
     0     0   -1.61965    0  155    8.66314   -1.61965   119%     -    1s
2026-06-20 19:06:54 - INFO -      0     0   -1.61965    0  155    8.66314   -1.61965   119%     -    1s
     0     0   -1.53217    0  148    8.66314   -1.53217   118%     -    1s
2026-06-20 19:06:54 - INFO -      0     0   -1.53217    0  148    8.66314   -1.53217   118%     -    1s
H    0     0                       8.5374557   -1.51566   118%     -    1s
2026-06-20 19:06:54 - INFO - H    0     0                       8.5374557   -1.51566   118%     -    1s
     0     0   -1.51069    0  136    8.53746   -1.51069   118%     -    1s
2026-06-20 19:06:54 - INFO -      0     0   -1.51069    0  136    8.53746   -1.51069   118%     -    1s
     0     0   -1.51069    0  136    8.53746   -1.51069   118%     -    1s
2026-06-20 19:06:54 - INFO -      0     0   -1.51069    0  136    8.53746   -1.51069   118%     -    1s
H    0     0                       8.4123205   -1.48987   118%     -    1s
2026-06-20 19:06:54 - INFO - H    0     0                       8.4123205   -1.48987   118%     -    1s
H    0     0                       8.3953532   -1.48987   118%     -    1s
2026-06-20 19:06:54 - INFO - H    0     0                       8.3953532   -1.48987   118%     -    1s
     0     0   -1.48987    0  136    8.39535   -1.48987   118%     -    1s
2026-06-20 19:06:54 - INFO -      0     0   -1.48987    0  136    8.39535   -1.48987   118%     -    1s
     0     0   -1.48987    0  124    8.39535   -1.48987   118%     -    1s
2026-06-20 19:06:54 - INFO -      0     0   -1.48987    0  124    8.39535   -1.48987   118%     -    1s
     0     2   -1.48987    0  117    8.39535   -1.48987   118%     -    1s
2026-06-20 19:06:54 - INFO -      0     2   -1.48987    0  117    8.39535   -1.48987   118%     -    1s
H  159   170                       8.3708507   -1.48987   118%   583    3s
2026-06-20 19:06:56 - INFO - H  159   170                       8.3708507   -1.48987   118%   583    3s
H  169   234                       8.2692062   -1.46281   118%   576    3s
2026-06-20 19:06:56 - INFO - H  169   234                       8.2692062   -1.46281   118%   576    3s
H  174   234                       6.5181477   -1.45701   122%   568    3s
2026-06-20 19:06:56 - INFO - H  174   234                       6.5181477   -1.45701   122%   568    3s
H  237   265                       6.5164567   -1.38726   121%   476    3s
2026-06-20 19:06:56 - INFO - H  237   265                       6.5164567   -1.38726   121%   476    3s
H  268   311                       6.5046863   -1.31312   120%   466    3s
2026-06-20 19:06:56 - INFO - H  268   311                       6.5046863   -1.31312   120%   466    3s
H  275   311                       6.4933642   -1.30356   120%   462    3s
2026-06-20 19:06:56 - INFO - H  275   311                       6.4933642   -1.30356   120%   462    3s
H  301   311                       6.4297056   -1.23396   119%   458    3s
2026-06-20 19:06:56 - INFO - H  301   311                       6.4297056   -1.23396   119%   458    3s
H  312   346                       6.4179352   -1.22102   119%   458    3s
2026-06-20 19:06:56 - INFO - H  312   346                       6.4179352   -1.22102   119%   458    3s
H  319   346                       6.3943944   -1.20430   119%   457    3s
2026-06-20 19:06:56 - INFO - H  319   346                       6.3943944   -1.20430   119%   457    3s
H  332   346                       6.3826239   -1.15144   118%   451    3s
2026-06-20 19:06:56 - INFO - H  332   346                       6.3826239   -1.15144   118%   451    3s
H  358   371                       6.3614044   -0.97443   115%   445    3s
2026-06-20 19:06:57 - INFO - H  358   371                       6.3614044   -0.97443   115%   445    3s
H  407   413                       6.2921831   -0.67138   111%   445    4s
2026-06-20 19:06:57 - INFO - H  407   413                       6.2921831   -0.67138   111%   445    4s
H  412   441                       6.2039050   -0.63155   110%   445    4s
2026-06-20 19:06:57 - INFO - H  412   441                       6.2039050   -0.63155   110%   445    4s
H  429   441                       6.1433211   -0.57389   109%   445    4s
2026-06-20 19:06:57 - INFO - H  429   441                       6.1433211   -0.57389   109%   445    4s
H  441   472                       6.0609282   -0.51854   109%   445    4s
2026-06-20 19:06:57 - INFO - H  441   472                       6.0609282   -0.51854   109%   445    4s
H  446   472                       6.0491578   -0.49072   108%   445    4s
2026-06-20 19:06:57 - INFO - H  446   472                       6.0491578   -0.49072   108%   445    4s
H  461   472                       4.6649679   -0.45036   110%   447    4s
2026-06-20 19:06:57 - INFO - H  461   472                       4.6649679   -0.45036   110%   447    4s
H  475   505                       4.5665772   -0.27570   106%   445    4s
2026-06-20 19:06:57 - INFO - H  475   505                       4.5665772   -0.27570   106%   445    4s
H  477   505                       4.5649194   -0.27108   106%   446    4s
2026-06-20 19:06:57 - INFO - H  477   505                       4.5649194   -0.27108   106%   446    4s
H  507   530                       4.5436999   -0.19604   104%   449    4s
2026-06-20 19:06:57 - INFO - H  507   530                       4.5436999   -0.19604   104%   449    4s
H  509   530                       4.4942969   -0.18681   104%   449    4s
2026-06-20 19:06:57 - INFO - H  509   530                       4.4942969   -0.18681   104%   449    4s
H  534   573                       4.4883785    0.00426   100%   448    4s
2026-06-20 19:06:57 - INFO - H  534   573                       4.4883785    0.00426   100%   448    4s
H  573   588                       4.3736134    0.23301  94.7%   441    4s
2026-06-20 19:06:57 - INFO - H  573   588                       4.3736134    0.23301  94.7%   441    4s
   710   725    2.22480    9  204    4.37361    0.63451  85.5%   444    5s
2026-06-20 19:06:58 - INFO -    710   725    2.22480    9  204    4.37361    0.63451  85.5%   444    5s
H  771   781                       4.3618430    0.81918  81.2%   443    5s
2026-06-20 19:06:58 - INFO - H  771   781                       4.3618430    0.81918  81.2%   443    5s
H  819   838                       4.3568033    0.86767  80.1%   439    5s
2026-06-20 19:06:59 - INFO - H  819   838                       4.3568033    0.86767  80.1%   439    5s
H 1516  1552                       4.2364152    1.77858  58.0%   357    6s
2026-06-20 19:06:59 - INFO - H 1516  1552                       4.2364152    1.77858  58.0%   357    6s
H 1931  1918                       4.2321877    1.88855  55.4%   319    7s
2026-06-20 19:07:01 - INFO - H 1931  1918                       4.2321877    1.88855  55.4%   319    7s
H 1931  1918                       4.2304967    1.88855  55.4%   319    8s
2026-06-20 19:07:01 - INFO - H 1931  1918                       4.2304967    1.88855  55.4%   319    8s
  1943  1926    4.08869   15  108    4.23050    1.88855  55.4%   317   10s
2026-06-20 19:07:03 - INFO -   1943  1926    4.08869   15  108    4.23050    1.88855  55.4%   317   10s
H 1948  1833                       4.2288058    1.88855  55.3%   316   10s
2026-06-20 19:07:03 - INFO - H 1948  1833                       4.2288058    1.88855  55.3%   316   10s
H 2706  2254                       4.2288057    3.01816  28.6%   308   14s
2026-06-20 19:07:07 - INFO - H 2706  2254                       4.2288057    3.01816  28.6%   308   14s
  2912  2401    3.19259   24  147    4.22881    3.05974  27.6%   306   15s
2026-06-20 19:07:08 - INFO -   2912  2401    3.19259   24  147    4.22881    3.05974  27.6%   306   15s
H 2947  2349                       4.1651055    3.06443  26.4%   306   15s
2026-06-20 19:07:08 - INFO - H 2947  2349                       4.1651055    3.06443  26.4%   306   15s
H 3096  2450                       4.1559782    3.08212  25.8%   300   15s
2026-06-20 19:07:08 - INFO - H 3096  2450                       4.1559782    3.08212  25.8%   300   15s
H 3136  2357                       4.1365249    3.08506  25.4%   298   15s
2026-06-20 19:07:08 - INFO - H 3136  2357                       4.1365249    3.08506  25.4%   298   15s
H 5613  3652                       4.1297533    3.22789  21.8%   252   17s
2026-06-20 19:07:10 - INFO - H 5613  3652                       4.1297533    3.22789  21.8%   252   17s
H 5687  3699                       4.1297532    3.24780  21.4%   254   18s
2026-06-20 19:07:11 - INFO - H 5687  3699                       4.1297532    3.24780  21.4%   254   18s
H 6096  3848                       4.1297532    3.27191  20.8%   254   18s
2026-06-20 19:07:11 - INFO - H 6096  3848                       4.1297532    3.27191  20.8%   254   18s
H 6113  3899                       4.1297532    3.27716  20.6%   254   19s
2026-06-20 19:07:12 - INFO - H 6113  3899                       4.1297532    3.27716  20.6%   254   19s
H 6404  4167                       4.1297532    3.29747  20.2%   255   19s
2026-06-20 19:07:12 - INFO - H 6404  4167                       4.1297532    3.29747  20.2%   255   19s
H 6424  4167                       4.1297532    3.29917  20.1%   255   19s
2026-06-20 19:07:12 - INFO - H 6424  4167                       4.1297532    3.29917  20.1%   255   19s
H 6482  4167                       4.1297532    3.30235  20.0%   255   19s
2026-06-20 19:07:12 - INFO - H 6482  4167                       4.1297532    3.30235  20.0%   255   19s
  6497  4311    3.44387   27  186    4.12975    3.30353  20.0%   255   20s
2026-06-20 19:07:13 - INFO -   6497  4311    3.44387   27  186    4.12975    3.30353  20.0%   255   20s
H 7445  5083                       4.1297532    3.33989  19.1%   249   21s
2026-06-20 19:07:14 - INFO - H 7445  5083                       4.1297532    3.33989  19.1%   249   21s
H 7457  5083                       4.1297532    3.34061  19.1%   249   21s
2026-06-20 19:07:14 - INFO - H 7457  5083                       4.1297532    3.34061  19.1%   249   21s
H 8434  5881                       4.1297532    3.37220  18.3%   243   21s
2026-06-20 19:07:14 - INFO - H 8434  5881                       4.1297532    3.37220  18.3%   243   21s
H 9245  6863                       4.1297532    3.38440  18.0%   234   22s
2026-06-20 19:07:15 - INFO - H 9245  6863                       4.1297532    3.38440  18.0%   234   22s
H 9796  7274                       4.1297532    3.39983  17.7%   231   22s
2026-06-20 19:07:15 - INFO - H 9796  7274                       4.1297532    3.39983  17.7%   231   22s
H10034  7274                       4.1297532    3.40370  17.6%   229   22s
2026-06-20 19:07:15 - INFO - H10034  7274                       4.1297532    3.40370  17.6%   229   22s
H10105  7274                       4.1297531    3.40370  17.6%   229   22s
2026-06-20 19:07:15 - INFO - H10105  7274                       4.1297531    3.40370  17.6%   229   22s
H11500  8920                       4.1297531    3.43351  16.9%   221   23s
2026-06-20 19:07:16 - INFO - H11500  8920                       4.1297531    3.43351  16.9%   221   23s
 14223 10779     cutoff   34         4.12975    3.48840  15.5%   205   25s
2026-06-20 19:07:18 - INFO -  14223 10779     cutoff   34         4.12975    3.48840  15.5%   205   25s
H14241 10779                       4.1297531    3.48953  15.5%   205   25s
2026-06-20 19:07:18 - INFO - H14241 10779                       4.1297531    3.48953  15.5%   205   25s
H14280 10875                       4.1209838    3.49052  15.3%   205   25s
2026-06-20 19:07:18 - INFO - H14280 10875                       4.1209838    3.49052  15.3%   205   25s
H17289 13321                       4.1209837    3.51240  14.8%   191   27s
2026-06-20 19:07:20 - INFO - H17289 13321                       4.1209837    3.51240  14.8%   191   27s
H18833 14660                       4.1209837    3.53779  14.2%   186   29s
2026-06-20 19:07:22 - INFO - H18833 14660                       4.1209837    3.53779  14.2%   186   29s
H19088 15005                       4.1209837    3.53935  14.1%   185   29s
2026-06-20 19:07:22 - INFO - H19088 15005                       4.1209837    3.53935  14.1%   185   29s
H19160 15005                       4.1209837    3.53974  14.1%   185   29s
2026-06-20 19:07:22 - INFO - H19160 15005                       4.1209837    3.53974  14.1%   185   29s
 19388 15392    3.53990   35  128    4.12098    3.53990  14.1%   184   30s
2026-06-20 19:07:23 - INFO -  19388 15392    3.53990   35  128    4.12098    3.53990  14.1%   184   30s
H20678 16683                       4.1209837    3.54664  13.9%   181   31s
2026-06-20 19:07:24 - INFO - H20678 16683                       4.1209837    3.54664  13.9%   181   31s
H23210 19058                       4.1209837    3.56006  13.6%   174   32s
2026-06-20 19:07:25 - INFO - H23210 19058                       4.1209837    3.56006  13.6%   174   32s
H23974 19058                       4.1209836    3.56773  13.4%   173   32s
2026-06-20 19:07:25 - INFO - H23974 19058                       4.1209836    3.56773  13.4%   173   32s
H26334 21524                       4.1209836    3.58302  13.1%   168   33s
2026-06-20 19:07:26 - INFO - H26334 21524                       4.1209836    3.58302  13.1%   168   33s
H26375 21524                       4.1209836    3.58353  13.0%   168   33s
2026-06-20 19:07:26 - INFO - H26375 21524                       4.1209836    3.58353  13.0%   168   33s
 29817 23235    4.02690   37   95    4.12098    3.61670  12.2%   164   35s
2026-06-20 19:07:28 - INFO -  29817 23235    4.02690   37   95    4.12098    3.61670  12.2%   164   35s
H30416 23618                       4.1209836    3.61919  12.2%   164   36s
2026-06-20 19:07:29 - INFO - H30416 23618                       4.1209836    3.61919  12.2%   164   36s
H31625 25165                       4.1209836    3.62100  12.1%   163   37s
2026-06-20 19:07:30 - INFO - H31625 25165                       4.1209836    3.62100  12.1%   163   37s
H31895 25165                       4.1209835    3.62177  12.1%   162   37s
2026-06-20 19:07:30 - INFO - H31895 25165                       4.1209835    3.62177  12.1%   162   37s
H35285 27925                       4.1209835    3.63860  11.7%   160   39s
2026-06-20 19:07:32 - INFO - H35285 27925                       4.1209835    3.63860  11.7%   160   39s
H35729 27925                       4.1209835    3.64009  11.7%   160   39s
2026-06-20 19:07:32 - INFO - H35729 27925                       4.1209835    3.64009  11.7%   160   39s
H36862 28567                       4.1036344    3.65013  11.1%   159   39s
2026-06-20 19:07:32 - INFO - H36862 28567                       4.1036344    3.65013  11.1%   159   39s
 37776 28635    3.69934   40   64    4.10363    3.65498  10.9%   158   40s
2026-06-20 19:07:33 - INFO -  37776 28635    3.69934   40   64    4.10363    3.65498  10.9%   158   40s
H38709 29266                       4.0769699    3.66384  10.1%   158   42s
2026-06-20 19:07:35 - INFO - H38709 29266                       4.0769699    3.66384  10.1%   158   42s
H39714 30506                       4.0689789    3.66539  9.92%   157   43s
2026-06-20 19:07:36 - INFO - H39714 30506                       4.0689789    3.66539  9.92%   157   43s
H42533 31750                       4.0689783    3.68534  9.43%   156   43s
2026-06-20 19:07:36 - INFO - H42533 31750                       4.0689783    3.68534  9.43%   156   43s
H45834 33043                       4.0689782    3.69665  9.15%   154   44s
2026-06-20 19:07:37 - INFO - H45834 33043                       4.0689782    3.69665  9.15%   154   44s
 46701 33088    3.77964   34  109    4.06898    3.70813  8.87%   153   45s
2026-06-20 19:07:38 - INFO -  46701 33088    3.77964   34  109    4.06898    3.70813  8.87%   153   45s
H46747 32955                       4.0647507    3.70932  8.74%   153   45s
2026-06-20 19:07:38 - INFO - H46747 32955                       4.0647507    3.70932  8.74%   153   45s
 52903 36683    3.76675   34  138    4.06475    3.73332  8.15%   151   50s
2026-06-20 19:07:43 - INFO -  52903 36683    3.76675   34  138    4.06475    3.73332  8.15%   151   50s
 61739 39939    3.90088   39   75    4.06475    3.76941  7.27%   146   55s
2026-06-20 19:07:48 - INFO -  61739 39939    3.90088   39   75    4.06475    3.76941  7.27%   146   55s
H64221 40567                       4.0647499    3.77274  7.18%   145   58s
2026-06-20 19:07:51 - INFO - H64221 40567                       4.0647499    3.77274  7.18%   145   58s
 65221 41959     cutoff   40         4.06475    3.77915  7.03%   145   61s
2026-06-20 19:07:54 - INFO -  65221 41959     cutoff   40         4.06475    3.77915  7.03%   145   61s
 73132 43841 infeasible   37         4.06475    3.80321  6.43%   141   65s
2026-06-20 19:07:58 - INFO -  73132 43841 infeasible   37         4.06475    3.80321  6.43%   141   65s
 81608 44935    3.94732   33  116    4.06475    3.83240  5.72%   138   70s
2026-06-20 19:08:03 - INFO -  81608 44935    3.94732   33  116    4.06475    3.83240  5.72%   138   70s
 88920 47485    3.97565   38   58    4.06475    3.84393  5.43%   134   75s
2026-06-20 19:08:08 - INFO -  88920 47485    3.97565   38   58    4.06475    3.84393  5.43%   134   75s
 105153 48682 infeasible   43         4.06475    3.88705  4.37%   127   80s
2026-06-20 19:08:13 - INFO -  105153 48682 infeasible   43         4.06475    3.88705  4.37%   127   80s
 116178 49249    3.92222   30  112    4.06475    3.89986  4.06%   121   85s
2026-06-20 19:08:18 - INFO -  116178 49249    3.92222   30  112    4.06475    3.89986  4.06%   121   85s
 128321 49003     cutoff   38         4.06475    3.92383  3.47%   116   90s
2026-06-20 19:08:23 - INFO -  128321 49003     cutoff   38         4.06475    3.92383  3.47%   116   90s
 141095 47724    3.96548   39   33    4.06475    3.94268  3.00%   111   95s
2026-06-20 19:08:28 - INFO -  141095 47724    3.96548   39   33    4.06475    3.94268  3.00%   111   95s
 152677 46383    3.96792   38   74    4.06475    3.96265  2.51%   107  100s
2026-06-20 19:08:33 - INFO -  152677 46383    3.96792   38   74    4.06475    3.96265  2.51%   107  100s
 164788 42723     cutoff   36         4.06475    3.98150  2.05%   102  106s
2026-06-20 19:08:39 - INFO -  164788 42723     cutoff   36         4.06475    3.98150  2.05%   102  106s
 177947 38441     cutoff   43         4.06475    4.00051  1.58%  97.9  110s
2026-06-20 19:08:44 - INFO -  177947 38441     cutoff   43         4.06475    4.00051  1.58%  97.9  110s
 190792 32559    4.01606   44   29    4.06475    4.01134  1.31%  93.7  115s
2026-06-20 19:08:48 - INFO -  190792 32559    4.01606   44   29    4.06475    4.01134  1.31%  93.7  115s
 204583 26277    4.02705   45   35    4.06475    4.02533  0.97%  89.6  120s
2026-06-20 19:08:53 - INFO -  204583 26277    4.02705   45   35    4.06475    4.02533  0.97%  89.6  120s
 218599 17662     cutoff   42         4.06475    4.03958  0.62%  85.5  125s
2026-06-20 19:08:58 - INFO -  218599 17662     cutoff   42         4.06475    4.03958  0.62%  85.5  125s
 231425  8880     cutoff   46         4.06475    4.05271  0.30%  81.8  130s
2026-06-20 19:09:03 - INFO -  231425  8880     cutoff   46         4.06475    4.05271  0.30%  81.8  130s
 238415  3387     cutoff   44         4.06475    4.06047  0.11%  79.8  135s
2026-06-20 19:09:08 - INFO -  238415  3387     cutoff   44         4.06475    4.06047  0.11%  79.8  135s

2026-06-20 19:09:09 - INFO - 
Cutting planes:
2026-06-20 19:09:09 - INFO - Cutting planes:
  Learned: 197
2026-06-20 19:09:09 - INFO -   Learned: 197
  Gomory: 332
2026-06-20 19:09:09 - INFO -   Gomory: 332
  Lift-and-project: 306
2026-06-20 19:09:09 - INFO -   Lift-and-project: 306
  Cover: 332
2026-06-20 19:09:09 - INFO -   Cover: 332
  Implied bound: 6
2026-06-20 19:09:09 - INFO -   Implied bound: 6
  MIR: 488
2026-06-20 19:09:09 - INFO -   MIR: 488
  Mixing: 20
2026-06-20 19:09:09 - INFO -   Mixing: 20
  StrongCG: 2
2026-06-20 19:09:09 - INFO -   StrongCG: 2
  Flow cover: 1699
2026-06-20 19:09:09 - INFO -   Flow cover: 1699
  Inf proof: 415
2026-06-20 19:09:09 - INFO -   Inf proof: 415
  Zero half: 31
2026-06-20 19:09:09 - INFO -   Zero half: 31
  Network: 2
2026-06-20 19:09:09 - INFO -   Network: 2
  RLT: 23
2026-06-20 19:09:09 - INFO -   RLT: 23
  Relax-and-lift: 183
2026-06-20 19:09:09 - INFO -   Relax-and-lift: 183

2026-06-20 19:09:09 - INFO - 
Explored 243285 nodes (19097921 simplex iterations) in 136.25 seconds (237.65 work units)
2026-06-20 19:09:09 - INFO - Explored 243285 nodes (19097921 simplex iterations) in 136.25 seconds (237.65 work units)
Thread count was 28 (of 28 available processors)
2026-06-20 19:09:09 - INFO - Thread count was 28 (of 28 available processors)

2026-06-20 19:09:09 - INFO - 
Solution count 10: 4.06475 4.06475 4.06898 ... 4.12098
2026-06-20 19:09:09 - INFO - Solution count 10: 4.06475 4.06475 4.06898 ... 4.12098

2026-06-20 19:09:09 - INFO - 
Optimal solution found (tolerance 0.00e+00)
2026-06-20 19:09:09 - INFO - Optimal solution found (tolerance 0.00e+00)
Best objective 4.064749858767e+00, best bound 4.064749858767e+00, gap 0.0000%
2026-06-20 19:09:09 - INFO - Best objective 4.064749858767e+00, best bound 4.064749858767e+00, gap 0.0000%
[EMIB] Solve done: MIPGap=0.0, status=Optimal, Obj=4.064750, time=136.26s, SolCount=10


================================================================================
ILP MODEL ANALYSIS REPORT - Chiplet Placement ILP (Gap=0.0)
Generated: 2026-06-20 19:09:09
================================================================================

[MODEL STRUCTURE]
  Constraints (rows):                   1213
  Variables (columns):                   567
  Non-zero elements:                    4073
  Objective coefficients:                  4

[VARIABLE TYPES]
  Continuous:                            240
  Integer:                                 0
  Binary:                                327

[CONSTRAINT TYPES]
  <= constraints:                              678
  == constraints:                              168
  >= constraints:                              367

[COEFFICIENT STATISTICS]
  Matrix range:              [2.93e-01, 5.93e+03]
  Objective range:           [8.60e-06, 1.06e-01]
  Bounds range:              [-2.46e+02, 1.71e+07]

[SOLVE STATISTICS]
  Status:                    Optimal
  Objective value:                  4.064750
  Best bound:                       4.064750
  MIP gap:                           0.0000%
  Solve time (s):                     136.26
  Solutions found:                        10
  Nodes explored:                   243285.0
  Simplex iterations:             19097921.0

[MEMORY USAGE]
  Initial memory:                     97.38 MB
  Peak memory:                       859.02 MB
  Final memory:                      859.02 MB
  Peak increase:                     761.64 MB
  Final increase:                    761.64 MB

================================================================================
power_penalty(power)={val_pwr:.4f}, aspect_penalty(aspect)={val_asp:.4f}
[EMIB] Solve succeeded (Optimal)
[EMIB] placement JSON saved: /root/placement/MPDAP/output_gurobi_EMIB_chiplet_5_6_01_08/placement/syn1.json
[EMIB] Layout figure saved: /root/placement/MPDAP/output_gurobi_EMIB_chiplet_5_6_01_08/fig/syn1_core/solution_1_layout_gurobi.png
2026-06-20 19:09:10 - INFO - 
EMIB returned 1 solution(s) (max 1).
  ✓ EMIB: 1 solution(s)

================================================================================
Batch test done (Gurobi)
  Total time: 137.67 s
================================================================================
File summary:
  Success: 1/1
  Failed: 0/1
Solution count:
  Found: 1/1

Details:
  ✓ syn1.json -> syn1_core: 1 solution(s)
    Log dir: /root/placement/MPDAP/output_gurobi_EMIB_chiplet_5_6_01_08/log/syn1_core
    LP dir: /root/placement/MPDAP/output_gurobi_EMIB_chiplet_5_6_01_08/lp/syn1_core
    Fig dir: /root/placement/MPDAP/output_gurobi_EMIB_chiplet_5_6_01_08/fig/syn1_core
    Placement: /root/placement/MPDAP/output_gurobi_EMIB_chiplet_5_6_01_08/placement/syn1.json
================================================================================

