
================================================================================
Batch test start (Gurobi)
================================================================================
Test input dir: /root/placement/MPDAP/benchmark/test_input
Output base dir: /root/placement/MPDAP/output_gurobi_EMIB_chiplet_5_6_01_08
Found 1 test file(s)
Files to process: xerox8_m.json
================================================================================


[1/1] Processing: xerox8_m.json
  Core name: xerox8_m_core
  Log dir: /root/placement/MPDAP/output_gurobi_EMIB_chiplet_5_6_01_08/log/xerox8_m_core
  LP dir: /root/placement/MPDAP/output_gurobi_EMIB_chiplet_5_6_01_08/lp/xerox8_m_core
  Fig dir: /root/placement/MPDAP/output_gurobi_EMIB_chiplet_5_6_01_08/fig/xerox8_m_core
  Placement file: /root/placement/MPDAP/output_gurobi_EMIB_chiplet_5_6_01_08/placement/xerox8_m.json
2026-06-21 11:59:47 - INFO - Calling EMIB solver (Gurobi)...
node 0 w: 6.16, h: 12.95
node 1 w: 4.9, h: 12.95
node 2 w: 8.4, h: 7.56
node 3 w: 11.62, h: 19.39
node 4 w: 12.18, h: 16.52
node 5 w: 8.82, h: 13.16
node 6 w: 21.14, h: 12.95
node 7 w: 19.39, h: 12.95
  (A,E): node1=A, node2=E, wireCount=512, EMIBType=interfaceB, EMIB_length=1.7067, EMIB_max_width=3.0, width=2.0, height=1.7067, bump_width=1.0000
  (A,F): node1=A, node2=F, wireCount=256, EMIBType=interfaceB, EMIB_length=0.8533, EMIB_max_width=3.0, width=2.0, height=0.8533, bump_width=1.0000
  (A,G): node1=A, node2=G, wireCount=256, EMIBType=interfaceB, EMIB_length=0.8533, EMIB_max_width=3.0, width=2.0, height=0.8533, bump_width=1.0000
  (B,C): node1=B, node2=C, wireCount=256, EMIBType=interfaceB, EMIB_length=0.8533, EMIB_max_width=3.0, width=2.0, height=0.8533, bump_width=1.0000
  (B,H): node1=B, node2=H, wireCount=256, EMIBType=interfaceB, EMIB_length=0.8533, EMIB_max_width=3.0, width=2.0, height=0.8533, bump_width=1.0000
  (C,E): node1=C, node2=E, wireCount=256, EMIBType=interfaceB, EMIB_length=0.8533, EMIB_max_width=3.0, width=2.0, height=0.8533, bump_width=1.0000
  (C,F): node1=C, node2=F, wireCount=512, EMIBType=interfaceB, EMIB_length=1.7067, EMIB_max_width=3.0, width=2.0, height=1.7067, bump_width=1.0000
  (D,E): node1=D, node2=E, wireCount=512, EMIBType=interfaceB, EMIB_length=1.7067, EMIB_max_width=3.0, width=2.0, height=1.7067, bump_width=1.0000
  (D,F): node1=D, node2=F, wireCount=256, EMIBType=interfaceB, EMIB_length=0.8533, EMIB_max_width=3.0, width=2.0, height=0.8533, bump_width=1.0000
  (D,G): node1=D, node2=G, wireCount=128, EMIBType=interfaceC, EMIB_length=3.2, EMIB_max_width=99.0, width=1.0, height=3.2, bump_width=0.5000
  (D,H): node1=D, node2=H, wireCount=256, EMIBType=interfaceB, EMIB_length=0.8533, EMIB_max_width=3.0, width=2.0, height=0.8533, bump_width=1.0000
  (E,F): node1=E, node2=F, wireCount=256, EMIBType=interfaceB, EMIB_length=0.8533, EMIB_max_width=3.0, width=2.0, height=0.8533, bump_width=1.0000
  (E,G): node1=E, node2=G, wireCount=512, EMIBType=interfaceB, EMIB_length=1.7067, EMIB_max_width=3.0, width=2.0, height=1.7067, bump_width=1.0000
  (F,G): node1=F, node2=G, wireCount=128, EMIBType=interfaceC, EMIB_length=3.2, EMIB_max_width=99.0, width=1.0, height=3.2, bump_width=0.5000
  (F,H): node1=F, node2=H, wireCount=128, EMIBType=interfaceC, EMIB_length=3.2, EMIB_max_width=99.0, width=1.0, height=3.2, bump_width=0.5000
  (G,H): node1=G, node2=H, wireCount=512, EMIBType=interfaceB, EMIB_length=1.7067, EMIB_max_width=3.0, width=2.0, height=1.7067, bump_width=1.0000
  (0,4): [A, E, 512, interfaceB, 1.7067, 3.0]
  (0,5): [A, F, 256, interfaceB, 0.8533, 3.0]
  (0,6): [A, G, 256, interfaceB, 0.8533, 3.0]
  (1,2): [B, C, 256, interfaceB, 0.8533, 3.0]
  (1,7): [B, H, 256, interfaceB, 0.8533, 3.0]
  (2,4): [C, E, 256, interfaceB, 0.8533, 3.0]
  (2,5): [C, F, 512, interfaceB, 1.7067, 3.0]
  (3,4): [D, E, 512, interfaceB, 1.7067, 3.0]
  (3,5): [D, F, 256, interfaceB, 0.8533, 3.0]
  (3,6): [D, G, 128, interfaceC, 3.2, 99.0]
  (3,7): [D, H, 256, interfaceB, 0.8533, 3.0]
  (4,5): [E, F, 256, interfaceB, 0.8533, 3.0]
  (4,6): [E, G, 512, interfaceB, 1.7067, 3.0]
  (5,6): [F, G, 128, interfaceC, 3.2, 99.0]
  (5,7): [F, H, 128, interfaceC, 3.2, 99.0]
  (6,7): [G, H, 512, interfaceB, 1.7067, 3.0]
Set parameter WLSAccessID
2026-06-21 11:59:47 - INFO - Set parameter WLSAccessID
Set parameter WLSSecret
2026-06-21 11:59:47 - INFO - Set parameter WLSSecret
Set parameter LicenseID to value 2756663
2026-06-21 11:59:47 - INFO - Set parameter LicenseID to value 2756663
Academic license 2756663 - for non-commercial use only - registered to hu___@sjtu.edu.cn
2026-06-21 11:59:47 - INFO - Academic license 2756663 - for non-commercial use only - registered to hu___@sjtu.edu.cn
EMIB_w_var: {(0, 4): <gurobi.Var *Awaiting Model Update*>, (0, 5): <gurobi.Var *Awaiting Model Update*>, (0, 6): <gurobi.Var *Awaiting Model Update*>, (1, 2): <gurobi.Var *Awaiting Model Update*>, (1, 7): <gurobi.Var *Awaiting Model Update*>, (2, 4): <gurobi.Var *Awaiting Model Update*>, (2, 5): <gurobi.Var *Awaiting Model Update*>, (3, 4): <gurobi.Var *Awaiting Model Update*>, (3, 5): <gurobi.Var *Awaiting Model Update*>, (3, 7): <gurobi.Var *Awaiting Model Update*>, (4, 5): <gurobi.Var *Awaiting Model Update*>, (4, 6): <gurobi.Var *Awaiting Model Update*>, (6, 7): <gurobi.Var *Awaiting Model Update*>}
EMIB_h_var: {(0, 4): <gurobi.Var *Awaiting Model Update*>, (0, 5): <gurobi.Var *Awaiting Model Update*>, (0, 6): <gurobi.Var *Awaiting Model Update*>, (1, 2): <gurobi.Var *Awaiting Model Update*>, (1, 7): <gurobi.Var *Awaiting Model Update*>, (2, 4): <gurobi.Var *Awaiting Model Update*>, (2, 5): <gurobi.Var *Awaiting Model Update*>, (3, 4): <gurobi.Var *Awaiting Model Update*>, (3, 5): <gurobi.Var *Awaiting Model Update*>, (3, 7): <gurobi.Var *Awaiting Model Update*>, (4, 5): <gurobi.Var *Awaiting Model Update*>, (4, 6): <gurobi.Var *Awaiting Model Update*>, (6, 7): <gurobi.Var *Awaiting Model Update*>}
EMIB_connected_pairs: {(0, 4): EMIBNode(node1='A', node2='E', wireCount=512, EMIBType='interfaceB', EMIB_length=1.7067, EMIB_bump_width=1.0, EMIB_max_width=3.0, width=2.0, height=1.7067), (0, 5): EMIBNode(node1='A', node2='F', wireCount=256, EMIBType='interfaceB', EMIB_length=0.8533, EMIB_bump_width=1.0, EMIB_max_width=3.0, width=2.0, height=0.8533), (0, 6): EMIBNode(node1='A', node2='G', wireCount=256, EMIBType='interfaceB', EMIB_length=0.8533, EMIB_bump_width=1.0, EMIB_max_width=3.0, width=2.0, height=0.8533), (1, 2): EMIBNode(node1='B', node2='C', wireCount=256, EMIBType='interfaceB', EMIB_length=0.8533, EMIB_bump_width=1.0, EMIB_max_width=3.0, width=2.0, height=0.8533), (1, 7): EMIBNode(node1='B', node2='H', wireCount=256, EMIBType='interfaceB', EMIB_length=0.8533, EMIB_bump_width=1.0, EMIB_max_width=3.0, width=2.0, height=0.8533), (2, 4): EMIBNode(node1='C', node2='E', wireCount=256, EMIBType='interfaceB', EMIB_length=0.8533, EMIB_bump_width=1.0, EMIB_max_width=3.0, width=2.0, height=0.8533), (2, 5): EMIBNode(node1='C', node2='F', wireCount=512, EMIBType='interfaceB', EMIB_length=1.7067, EMIB_bump_width=1.0, EMIB_max_width=3.0, width=2.0, height=1.7067), (3, 4): EMIBNode(node1='D', node2='E', wireCount=512, EMIBType='interfaceB', EMIB_length=1.7067, EMIB_bump_width=1.0, EMIB_max_width=3.0, width=2.0, height=1.7067), (3, 5): EMIBNode(node1='D', node2='F', wireCount=256, EMIBType='interfaceB', EMIB_length=0.8533, EMIB_bump_width=1.0, EMIB_max_width=3.0, width=2.0, height=0.8533), (3, 7): EMIBNode(node1='D', node2='H', wireCount=256, EMIBType='interfaceB', EMIB_length=0.8533, EMIB_bump_width=1.0, EMIB_max_width=3.0, width=2.0, height=0.8533), (4, 5): EMIBNode(node1='E', node2='F', wireCount=256, EMIBType='interfaceB', EMIB_length=0.8533, EMIB_bump_width=1.0, EMIB_max_width=3.0, width=2.0, height=0.8533), (4, 6): EMIBNode(node1='E', node2='G', wireCount=512, EMIBType='interfaceB', EMIB_length=1.7067, EMIB_bump_width=1.0, EMIB_max_width=3.0, width=2.0, height=1.7067), (6, 7): EMIBNode(node1='G', node2='H', wireCount=512, EMIBType='interfaceB', EMIB_length=1.7067, EMIB_bump_width=1.0, EMIB_max_width=3.0, width=2.0, height=1.7067)}
[POWER_AWARE] Mutual Distancing: ENABLED
[POWER_AWARE] Central Avoidance: DISABLED
[POWER_AWARE] Power Aware Optimization: ENABLED
[POWER_AWARE] Selected high-power chiplets: 2 (density threshold: 0.6017148874291732)
[POWER_AWARE] High-power chiplet indices: [0, 1]
[POWER_AWARE] Mutual Distancing: Creating constraints for 2 high-power chiplets
[POWER_AWARE] Mutual Distancing: Added distance constraints for all high-power pairs
[DEBUG] L_avg: 35.69581348001471
[DEBUG] total_area: 1274.1911
[POWER_AWARE] Normalization factor calculation:
[POWER_AWARE]   - High-power chiplets: 2
[POWER_AWARE]   - Mutual Distancing enabled: True
[POWER_AWARE]   - Central Avoidance enabled: False
[POWER_AWARE]   - pair_sum (MD): 4.416000e+03
[POWER_AWARE]   - self_sum (CA): 0.000000e+00
[POWER_AWARE]   - total_sum (pair + self): 4.416000e+03
[POWER_AWARE]   - ref_power: 3.940818e+04
[DEBUG] ref_wirelength: 89096.75044611673
[DEBUG] ref_t: 71.39162696002943
[DEBUG] ref_power: 39408.17808193625
[DEBUG] ref_aspect: 46.75999999999999

================================================================================
[OBJECTIVE FUNCTION DETAILS]
================================================================================

[Normalization Reference Values]
  ref_wirelength: 8.909675e+04
  ref_t (area proxy): 7.139163e+01
  ref_power: 3.940818e+04
  ref_aspect: 4.676000e+01

[Beta Weights]
  beta_wire: 5.000000e+00
  beta_area: 6.000000e+00
  beta_aspect: 1.000000e-01
  beta_power: 8.000000e-01

[Objective Function Components]
  1. Wirelength term:
     norm_wirelength = wirelength / ref_wirelength
     contribution = beta_wire * norm_wirelength = 5.0 * norm_wirelength
  2. Area term:
     norm_t = t / ref_t
     contribution = beta_area * norm_t = 6.0 * norm_t
  3. Aspect Ratio term:
     norm_aspect = aspect_ratio_penalty / ref_aspect
     contribution = beta_aspect * norm_aspect = 0.1 * norm_aspect
  4. Power Awareness term:
     norm_power = power_aware_penalty / ref_power
     contribution = - beta_power * norm_power = - 0.8 * norm_power

[Objective Function Formula]
  minimize: 5.0 * wirelength/ref_wirelength
          + 6.0 * t/ref_t
          + 0.1 * aspect_ratio_penalty/ref_aspect
          - 0.8 * power_aware_penalty/ref_power
================================================================================
Set parameter TimeLimit to value 300
2026-06-21 11:59:47 - INFO - Set parameter TimeLimit to value 300
Set parameter MIPGap to value 0
2026-06-21 11:59:47 - INFO - Set parameter MIPGap to value 0
Set parameter MIPFocus to value 3
2026-06-21 11:59:47 - INFO - Set parameter MIPFocus to value 3
Set parameter Heuristics to value 0.5
2026-06-21 11:59:47 - INFO - Set parameter Heuristics to value 0.5
Set parameter LogToConsole to value 1
2026-06-21 11:59:47 - INFO - Set parameter LogToConsole to value 1
Gurobi Optimizer version 13.0.1 build v13.0.1rc0 (linux64 - "Ubuntu 20.04.6 LTS")
2026-06-21 11:59:47 - INFO - Gurobi Optimizer version 13.0.1 build v13.0.1rc0 (linux64 - "Ubuntu 20.04.6 LTS")

2026-06-21 11:59:47 - INFO - 
CPU model: AMD Ryzen 9 9950X3D 16-Core Processor, instruction set [SSE2|AVX|AVX2|AVX512]
2026-06-21 11:59:47 - INFO - CPU model: AMD Ryzen 9 9950X3D 16-Core Processor, instruction set [SSE2|AVX|AVX2|AVX512]
Thread count: 14 physical cores, 28 logical processors, using up to 28 threads
2026-06-21 11:59:47 - INFO - Thread count: 14 physical cores, 28 logical processors, using up to 28 threads

2026-06-21 11:59:47 - INFO - 
Non-default parameters:
2026-06-21 11:59:47 - INFO - Non-default parameters:
TimeLimit  300
2026-06-21 11:59:47 - INFO - TimeLimit  300
MIPGap  0
2026-06-21 11:59:47 - INFO - MIPGap  0
Heuristics  0.5
2026-06-21 11:59:47 - INFO - Heuristics  0.5
MIPFocus  3
2026-06-21 11:59:47 - INFO - MIPFocus  3

2026-06-21 11:59:47 - INFO - 
Academic license 2756663 - for non-commercial use only - registered to hu___@sjtu.edu.cn
2026-06-21 11:59:47 - INFO - Academic license 2756663 - for non-commercial use only - registered to hu___@sjtu.edu.cn
Optimize a model with 1440 rows, 658 columns and 4929 nonzeros (Min)
2026-06-21 11:59:47 - INFO - Optimize a model with 1440 rows, 658 columns and 4929 nonzeros (Min)
Model fingerprint: 0x740977ec
2026-06-21 11:59:47 - INFO - Model fingerprint: 0x740977ec
Model has 4 linear objective coefficients
2026-06-21 11:59:47 - INFO - Model has 4 linear objective coefficients
Variable types: 259 continuous, 399 integer (399 binary)
2026-06-21 11:59:47 - INFO - Variable types: 259 continuous, 399 integer (399 binary)
Coefficient statistics:
2026-06-21 11:59:47 - INFO - Coefficient statistics:
  Matrix range     [3e-01, 4e+03]
2026-06-21 11:59:47 - INFO -   Matrix range     [3e-01, 4e+03]
  Objective range  [2e-05, 8e-02]
2026-06-21 11:59:47 - INFO -   Objective range  [2e-05, 8e-02]
  Bounds range     [9e-01, 2e+07]
2026-06-21 11:59:47 - INFO -   Bounds range     [9e-01, 2e+07]
  RHS range        [9e-01, 3e+02]
2026-06-21 11:59:47 - INFO -   RHS range        [9e-01, 3e+02]

2026-06-21 11:59:47 - INFO - 
Presolve removed 120 rows and 104 columns
2026-06-21 11:59:47 - INFO - Presolve removed 120 rows and 104 columns
Presolve time: 0.01s
2026-06-21 11:59:47 - INFO - Presolve time: 0.01s
Presolved: 1320 rows, 554 columns, 4672 nonzeros
2026-06-21 11:59:47 - INFO - Presolved: 1320 rows, 554 columns, 4672 nonzeros
Variable types: 181 continuous, 373 integer (373 binary)
2026-06-21 11:59:47 - INFO - Variable types: 181 continuous, 373 integer (373 binary)
Root relaxation presolve removed 132 rows and 28 columns
2026-06-21 11:59:47 - INFO - Root relaxation presolve removed 132 rows and 28 columns
Root relaxation presolved: 1188 rows, 550 columns, 4380 nonzeros
2026-06-21 11:59:47 - INFO - Root relaxation presolved: 1188 rows, 550 columns, 4380 nonzeros

2026-06-21 11:59:47 - INFO - 

2026-06-21 11:59:47 - INFO - 
Root relaxation: objective -2.414827e+01, 277 iterations, 0.00 seconds (0.01 work units)
2026-06-21 11:59:47 - INFO - Root relaxation: objective -2.414827e+01, 277 iterations, 0.00 seconds (0.01 work units)

2026-06-21 11:59:47 - INFO - 
    Nodes    |    Current Node    |     Objective Bounds      |     Work
2026-06-21 11:59:47 - INFO -     Nodes    |    Current Node    |     Objective Bounds      |     Work
 Expl Unexpl |  Obj  Depth IntInf | Incumbent    BestBd   Gap | It/Node Time
2026-06-21 11:59:47 - INFO -  Expl Unexpl |  Obj  Depth IntInf | Incumbent    BestBd   Gap | It/Node Time

2026-06-21 11:59:47 - INFO - 
     0     0  -24.14827    0  151          -  -24.14827      -     -    0s
2026-06-21 11:59:47 - INFO -      0     0  -24.14827    0  151          -  -24.14827      -     -    0s
     0     0  -11.64625    0  154          -  -11.64625      -     -    0s
2026-06-21 11:59:47 - INFO -      0     0  -11.64625    0  154          -  -11.64625      -     -    0s
     0     0  -11.64625    0  149          -  -11.64625      -     -    0s
2026-06-21 11:59:48 - INFO -      0     0  -11.64625    0  149          -  -11.64625      -     -    0s
     0     0    1.63613    0  149          -    1.63613      -     -    0s
2026-06-21 11:59:48 - INFO -      0     0    1.63613    0  149          -    1.63613      -     -    0s
     0     0    1.68138    0  172          -    1.68138      -     -    0s
2026-06-21 11:59:48 - INFO -      0     0    1.68138    0  172          -    1.68138      -     -    0s
     0     0    1.68138    0  150          -    1.68138      -     -    0s
2026-06-21 11:59:48 - INFO -      0     0    1.68138    0  150          -    1.68138      -     -    0s
     0     0    1.81449    0  143          -    1.81449      -     -    0s
2026-06-21 11:59:48 - INFO -      0     0    1.81449    0  143          -    1.81449      -     -    0s
     0     0    1.81449    0  147          -    1.81449      -     -    0s
2026-06-21 11:59:48 - INFO -      0     0    1.81449    0  147          -    1.81449      -     -    0s
     0     0    2.10138    0  162          -    2.10138      -     -    0s
2026-06-21 11:59:48 - INFO -      0     0    2.10138    0  162          -    2.10138      -     -    0s
     0     0    2.10138    0  158          -    2.10138      -     -    0s
2026-06-21 11:59:48 - INFO -      0     0    2.10138    0  158          -    2.10138      -     -    0s
     0     0    2.10138    0  126          -    2.10138      -     -    0s
2026-06-21 11:59:48 - INFO -      0     0    2.10138    0  126          -    2.10138      -     -    0s
     0     0    2.38361    0  125          -    2.38361      -     -    0s
2026-06-21 11:59:48 - INFO -      0     0    2.38361    0  125          -    2.38361      -     -    0s
     0     0    2.38361    0  136          -    2.38361      -     -    0s
2026-06-21 11:59:48 - INFO -      0     0    2.38361    0  136          -    2.38361      -     -    0s
     0     0    2.38361    0  148          -    2.38361      -     -    0s
2026-06-21 11:59:48 - INFO -      0     0    2.38361    0  148          -    2.38361      -     -    0s
     0     0    2.38361    0  156          -    2.38361      -     -    0s
2026-06-21 11:59:48 - INFO -      0     0    2.38361    0  156          -    2.38361      -     -    0s
     0     0    2.45038    0  155          -    2.45038      -     -    0s
2026-06-21 11:59:48 - INFO -      0     0    2.45038    0  155          -    2.45038      -     -    0s
     0     0    2.45038    0  155          -    2.45038      -     -    0s
2026-06-21 11:59:48 - INFO -      0     0    2.45038    0  155          -    2.45038      -     -    0s
     0     0    2.45038    0  149          -    2.45038      -     -    0s
2026-06-21 11:59:48 - INFO -      0     0    2.45038    0  149          -    2.45038      -     -    0s
     0     0    2.53140    0  148          -    2.53140      -     -    0s
2026-06-21 11:59:48 - INFO -      0     0    2.53140    0  148          -    2.53140      -     -    0s
     0     0    2.53140    0  148          -    2.53140      -     -    0s
2026-06-21 11:59:48 - INFO -      0     0    2.53140    0  148          -    2.53140      -     -    0s
     0     2    2.53140    0  139          -    2.53140      -     -    2s
2026-06-21 11:59:49 - INFO -      0     2    2.53140    0  139          -    2.53140      -     -    2s
  2523  1991    3.37074   17  141          -    3.37074      -  48.2    5s
2026-06-21 11:59:52 - INFO -   2523  1991    3.37074   17  141          -    3.37074      -  48.2    5s
 12660  5757    5.96448   26   73          -    4.75308      -  54.9   10s
2026-06-21 11:59:57 - INFO -  12660  5757    5.96448   26   73          -    4.75308      -  54.9   10s
 18278  6864    6.42141   24   60          -    5.00430      -  53.3   15s
2026-06-21 12:00:02 - INFO -  18278  6864    6.42141   24   60          -    5.00430      -  53.3   15s
 42289  9705    5.99797   22   78          -    5.71264      -  45.9   20s
2026-06-21 12:00:08 - INFO -  42289  9705    5.99797   22   78          -    5.71264      -  45.9   20s
 52620  9249    7.25805   31   25          -    6.11370      -  46.5   25s
2026-06-21 12:00:13 - INFO -  52620  9249    7.25805   31   25          -    6.11370      -  46.5   25s
 75126  5286 infeasible   30               -    6.98062      -  44.3   30s
2026-06-21 12:00:18 - INFO -  75126  5286 infeasible   30               -    6.98062      -  44.3   30s

2026-06-21 12:00:21 - INFO - 
Cutting planes:
2026-06-21 12:00:21 - INFO - Cutting planes:
  Learned: 63
2026-06-21 12:00:21 - INFO -   Learned: 63
  Gomory: 197
2026-06-21 12:00:21 - INFO -   Gomory: 197
  Lift-and-project: 43
2026-06-21 12:00:21 - INFO -   Lift-and-project: 43
  Cover: 12
2026-06-21 12:00:21 - INFO -   Cover: 12
  Implied bound: 7
2026-06-21 12:00:21 - INFO -   Implied bound: 7
  MIR: 88
2026-06-21 12:00:21 - INFO -   MIR: 88
  Mixing: 3
2026-06-21 12:00:21 - INFO -   Mixing: 3
  Flow cover: 493
2026-06-21 12:00:21 - INFO -   Flow cover: 493
  Inf proof: 82
2026-06-21 12:00:21 - INFO -   Inf proof: 82
  RLT: 1
2026-06-21 12:00:21 - INFO -   RLT: 1
  Relax-and-lift: 12
2026-06-21 12:00:21 - INFO -   Relax-and-lift: 12

2026-06-21 12:00:21 - INFO - 
Explored 84126 nodes (3643276 simplex iterations) in 33.66 seconds (53.70 work units)
2026-06-21 12:00:21 - INFO - Explored 84126 nodes (3643276 simplex iterations) in 33.66 seconds (53.70 work units)
Thread count was 28 (of 28 available processors)
2026-06-21 12:00:21 - INFO - Thread count was 28 (of 28 available processors)

2026-06-21 12:00:21 - INFO - 
Solution count 0
2026-06-21 12:00:21 - INFO - Solution count 0

2026-06-21 12:00:21 - INFO - 
Model is infeasible or unbounded
2026-06-21 12:00:21 - INFO - Model is infeasible or unbounded
Best objective -, best bound -, gap -
2026-06-21 12:00:21 - INFO - Best objective -, best bound -, gap -
[EMIB] No feasible solution: MIPGap=0.0, status=4, time=33.67s, SolCount=0
[EMIB] Phase 1 no feasible solution, switching to phase 2 MIPGap=0.3.
Set parameter TimeLimit to value 300
2026-06-21 12:00:21 - INFO - Set parameter TimeLimit to value 300
Set parameter MIPGap to value 0.3
2026-06-21 12:00:21 - INFO - Set parameter MIPGap to value 0.3
Set parameter MIPFocus to value 3
2026-06-21 12:00:21 - INFO - Set parameter MIPFocus to value 3
Set parameter Heuristics to value 0.5
2026-06-21 12:00:21 - INFO - Set parameter Heuristics to value 0.5
Set parameter LogToConsole to value 1
2026-06-21 12:00:21 - INFO - Set parameter LogToConsole to value 1
Gurobi Optimizer version 13.0.1 build v13.0.1rc0 (linux64 - "Ubuntu 20.04.6 LTS")
2026-06-21 12:00:21 - INFO - Gurobi Optimizer version 13.0.1 build v13.0.1rc0 (linux64 - "Ubuntu 20.04.6 LTS")

2026-06-21 12:00:21 - INFO - 
CPU model: AMD Ryzen 9 9950X3D 16-Core Processor, instruction set [SSE2|AVX|AVX2|AVX512]
2026-06-21 12:00:21 - INFO - CPU model: AMD Ryzen 9 9950X3D 16-Core Processor, instruction set [SSE2|AVX|AVX2|AVX512]
Thread count: 14 physical cores, 28 logical processors, using up to 28 threads
2026-06-21 12:00:21 - INFO - Thread count: 14 physical cores, 28 logical processors, using up to 28 threads

2026-06-21 12:00:21 - INFO - 
Non-default parameters:
2026-06-21 12:00:21 - INFO - Non-default parameters:
TimeLimit  300
2026-06-21 12:00:21 - INFO - TimeLimit  300
MIPGap  0.3
2026-06-21 12:00:21 - INFO - MIPGap  0.3
Heuristics  0.5
2026-06-21 12:00:21 - INFO - Heuristics  0.5
MIPFocus  3
2026-06-21 12:00:21 - INFO - MIPFocus  3

2026-06-21 12:00:21 - INFO - 
Academic license 2756663 - for non-commercial use only - registered to hu___@sjtu.edu.cn
2026-06-21 12:00:21 - INFO - Academic license 2756663 - for non-commercial use only - registered to hu___@sjtu.edu.cn
Optimize a model with 1440 rows, 658 columns and 4929 nonzeros (Min)
2026-06-21 12:00:21 - INFO - Optimize a model with 1440 rows, 658 columns and 4929 nonzeros (Min)
Model fingerprint: 0x740977ec
2026-06-21 12:00:21 - INFO - Model fingerprint: 0x740977ec
Model has 4 linear objective coefficients
2026-06-21 12:00:21 - INFO - Model has 4 linear objective coefficients
Variable types: 259 continuous, 399 integer (399 binary)
2026-06-21 12:00:21 - INFO - Variable types: 259 continuous, 399 integer (399 binary)
Coefficient statistics:
2026-06-21 12:00:21 - INFO - Coefficient statistics:
  Matrix range     [3e-01, 4e+03]
2026-06-21 12:00:21 - INFO -   Matrix range     [3e-01, 4e+03]
  Objective range  [2e-05, 8e-02]
2026-06-21 12:00:21 - INFO -   Objective range  [2e-05, 8e-02]
  Bounds range     [9e-01, 2e+07]
2026-06-21 12:00:21 - INFO -   Bounds range     [9e-01, 2e+07]
  RHS range        [9e-01, 3e+02]
2026-06-21 12:00:21 - INFO -   RHS range        [9e-01, 3e+02]

2026-06-21 12:00:21 - INFO - 
Presolved: 1320 rows, 554 columns, 4672 nonzeros
2026-06-21 12:00:21 - INFO - Presolved: 1320 rows, 554 columns, 4672 nonzeros

2026-06-21 12:00:21 - INFO - 
Continuing optimization...
2026-06-21 12:00:21 - INFO - Continuing optimization...

2026-06-21 12:00:21 - INFO - 

2026-06-21 12:00:21 - INFO - 
Cutting planes:
2026-06-21 12:00:21 - INFO - Cutting planes:
  Learned: 63
2026-06-21 12:00:21 - INFO -   Learned: 63
  Gomory: 197
2026-06-21 12:00:21 - INFO -   Gomory: 197
  Lift-and-project: 43
2026-06-21 12:00:21 - INFO -   Lift-and-project: 43
  Cover: 12
2026-06-21 12:00:21 - INFO -   Cover: 12
  Implied bound: 7
2026-06-21 12:00:21 - INFO -   Implied bound: 7
  MIR: 88
2026-06-21 12:00:21 - INFO -   MIR: 88
  Mixing: 3
2026-06-21 12:00:21 - INFO -   Mixing: 3
  Flow cover: 493
2026-06-21 12:00:21 - INFO -   Flow cover: 493
  Inf proof: 82
2026-06-21 12:00:21 - INFO -   Inf proof: 82
  RLT: 1
2026-06-21 12:00:21 - INFO -   RLT: 1
  Relax-and-lift: 12
2026-06-21 12:00:21 - INFO -   Relax-and-lift: 12

2026-06-21 12:00:21 - INFO - 
Explored 84126 nodes (3643276 simplex iterations) in 33.68 seconds (53.70 work units)
2026-06-21 12:00:21 - INFO - Explored 84126 nodes (3643276 simplex iterations) in 33.68 seconds (53.70 work units)
Most recent optimization runtime was 0.00 seconds (0.00 work units)
2026-06-21 12:00:21 - INFO - Most recent optimization runtime was 0.00 seconds (0.00 work units)
Thread count was 28 (of 28 available processors)
2026-06-21 12:00:21 - INFO - Thread count was 28 (of 28 available processors)

2026-06-21 12:00:21 - INFO - 
Solution count 0
2026-06-21 12:00:21 - INFO - Solution count 0

2026-06-21 12:00:21 - INFO - 
Model is infeasible or unbounded
2026-06-21 12:00:21 - INFO - Model is infeasible or unbounded
Best objective -, best bound -, gap -
2026-06-21 12:00:21 - INFO - Best objective -, best bound -, gap -
[EMIB] No feasible solution: MIPGap=0.3, status=4, time=0.01s, SolCount=0
[EMIB] Phase 2 no feasible solution, switching to phase 3 MIPGap=0.8.
Set parameter TimeLimit to value 3600
2026-06-21 12:00:21 - INFO - Set parameter TimeLimit to value 3600
Set parameter MIPGap to value 0.8
2026-06-21 12:00:21 - INFO - Set parameter MIPGap to value 0.8
Set parameter MIPFocus to value 3
2026-06-21 12:00:21 - INFO - Set parameter MIPFocus to value 3
Set parameter Heuristics to value 0.5
2026-06-21 12:00:21 - INFO - Set parameter Heuristics to value 0.5
Set parameter LogToConsole to value 1
2026-06-21 12:00:21 - INFO - Set parameter LogToConsole to value 1
Gurobi Optimizer version 13.0.1 build v13.0.1rc0 (linux64 - "Ubuntu 20.04.6 LTS")
2026-06-21 12:00:21 - INFO - Gurobi Optimizer version 13.0.1 build v13.0.1rc0 (linux64 - "Ubuntu 20.04.6 LTS")

2026-06-21 12:00:21 - INFO - 
CPU model: AMD Ryzen 9 9950X3D 16-Core Processor, instruction set [SSE2|AVX|AVX2|AVX512]
2026-06-21 12:00:21 - INFO - CPU model: AMD Ryzen 9 9950X3D 16-Core Processor, instruction set [SSE2|AVX|AVX2|AVX512]
Thread count: 14 physical cores, 28 logical processors, using up to 28 threads
2026-06-21 12:00:21 - INFO - Thread count: 14 physical cores, 28 logical processors, using up to 28 threads

2026-06-21 12:00:21 - INFO - 
Non-default parameters:
2026-06-21 12:00:21 - INFO - Non-default parameters:
TimeLimit  3600
2026-06-21 12:00:21 - INFO - TimeLimit  3600
MIPGap  0.8
2026-06-21 12:00:21 - INFO - MIPGap  0.8
Heuristics  0.5
2026-06-21 12:00:21 - INFO - Heuristics  0.5
MIPFocus  3
2026-06-21 12:00:21 - INFO - MIPFocus  3

2026-06-21 12:00:21 - INFO - 
Academic license 2756663 - for non-commercial use only - registered to hu___@sjtu.edu.cn
2026-06-21 12:00:21 - INFO - Academic license 2756663 - for non-commercial use only - registered to hu___@sjtu.edu.cn
Optimize a model with 1440 rows, 658 columns and 4929 nonzeros (Min)
2026-06-21 12:00:21 - INFO - Optimize a model with 1440 rows, 658 columns and 4929 nonzeros (Min)
Model fingerprint: 0x740977ec
2026-06-21 12:00:21 - INFO - Model fingerprint: 0x740977ec
Model has 4 linear objective coefficients
2026-06-21 12:00:21 - INFO - Model has 4 linear objective coefficients
Variable types: 259 continuous, 399 integer (399 binary)
2026-06-21 12:00:21 - INFO - Variable types: 259 continuous, 399 integer (399 binary)
Coefficient statistics:
2026-06-21 12:00:21 - INFO - Coefficient statistics:
  Matrix range     [3e-01, 4e+03]
2026-06-21 12:00:21 - INFO -   Matrix range     [3e-01, 4e+03]
  Objective range  [2e-05, 8e-02]
2026-06-21 12:00:21 - INFO -   Objective range  [2e-05, 8e-02]
  Bounds range     [9e-01, 2e+07]
2026-06-21 12:00:21 - INFO -   Bounds range     [9e-01, 2e+07]
  RHS range        [9e-01, 3e+02]
2026-06-21 12:00:21 - INFO -   RHS range        [9e-01, 3e+02]

2026-06-21 12:00:21 - INFO - 
Presolved: 1320 rows, 554 columns, 4672 nonzeros
2026-06-21 12:00:21 - INFO - Presolved: 1320 rows, 554 columns, 4672 nonzeros

2026-06-21 12:00:21 - INFO - 
Continuing optimization...
2026-06-21 12:00:21 - INFO - Continuing optimization...

2026-06-21 12:00:21 - INFO - 

2026-06-21 12:00:21 - INFO - 
Cutting planes:
2026-06-21 12:00:21 - INFO - Cutting planes:
  Learned: 63
2026-06-21 12:00:21 - INFO -   Learned: 63
  Gomory: 197
2026-06-21 12:00:21 - INFO -   Gomory: 197
  Lift-and-project: 43
2026-06-21 12:00:21 - INFO -   Lift-and-project: 43
  Cover: 12
2026-06-21 12:00:21 - INFO -   Cover: 12
  Implied bound: 7
2026-06-21 12:00:21 - INFO -   Implied bound: 7
  MIR: 88
2026-06-21 12:00:21 - INFO -   MIR: 88
  Mixing: 3
2026-06-21 12:00:21 - INFO -   Mixing: 3
  Flow cover: 493
2026-06-21 12:00:21 - INFO -   Flow cover: 493
  Inf proof: 82
2026-06-21 12:00:21 - INFO -   Inf proof: 82
  RLT: 1
2026-06-21 12:00:21 - INFO -   RLT: 1
  Relax-and-lift: 12
2026-06-21 12:00:21 - INFO -   Relax-and-lift: 12

2026-06-21 12:00:21 - INFO - 
Explored 84126 nodes (3643276 simplex iterations) in 33.68 seconds (53.70 work units)
2026-06-21 12:00:21 - INFO - Explored 84126 nodes (3643276 simplex iterations) in 33.68 seconds (53.70 work units)
Most recent optimization runtime was 0.00 seconds (0.00 work units)
2026-06-21 12:00:21 - INFO - Most recent optimization runtime was 0.00 seconds (0.00 work units)
Thread count was 28 (of 28 available processors)
2026-06-21 12:00:21 - INFO - Thread count was 28 (of 28 available processors)

2026-06-21 12:00:21 - INFO - 
Solution count 0
2026-06-21 12:00:21 - INFO - Solution count 0

2026-06-21 12:00:21 - INFO - 
Model is infeasible or unbounded
2026-06-21 12:00:21 - INFO - Model is infeasible or unbounded
Best objective -, best bound -, gap -
2026-06-21 12:00:21 - INFO - Best objective -, best bound -, gap -
[EMIB] No feasible solution: MIPGap=0.8, status=4, time=0.00s, SolCount=0
[EMIB] Search failed, no feasible solution
2026-06-21 12:00:21 - INFO - 
EMIB returned 0 solution(s) (max 1).
  ✓ EMIB: 0 solution(s)

================================================================================
Batch test done (Gurobi)
  Total time: 33.70 s
================================================================================
File summary:
  Success: 1/1
  Failed: 0/1
Solution count:
  Found: 0/1

Details:
  ✓ xerox8_m.json -> xerox8_m_core: 0 solution(s)
    Log dir: /root/placement/MPDAP/output_gurobi_EMIB_chiplet_5_6_01_08/log/xerox8_m_core
    LP dir: /root/placement/MPDAP/output_gurobi_EMIB_chiplet_5_6_01_08/lp/xerox8_m_core
    Fig dir: /root/placement/MPDAP/output_gurobi_EMIB_chiplet_5_6_01_08/fig/xerox8_m_core
    Placement: /root/placement/MPDAP/output_gurobi_EMIB_chiplet_5_6_01_08/placement/xerox8_m.json
================================================================================

