node 0 w: 4.62, h: 10.36
node 1 w: 7.0, h: 3.78
node 2 w: 2.12026-07-01 15:42:58 - INFO - Set parameter Username
2026-07-01 15:42:58 - INFO - Set parameter LicenseID to value 2840060
2026-07-01 15:42:58 - INFO - Academic license - for non-commercial use only - expires 2027-07-01
2026-07-01 15:42:58 - INFO - Set parameter TimeLimit to value 300
2026-07-01 15:42:58 - INFO - Set parameter MIPGap to value 0
2026-07-01 15:42:58 - INFO - Set parameter MIPFocus to value 3
2026-07-01 15:42:58 - INFO - Set parameter Heuristics to value 0.5
2026-07-01 15:42:58 - INFO - Set parameter LogToConsole to value 1
2026-07-01 15:42:58 - INFO - Gurobi Optimizer version 13.0.1 build v13.0.1rc0 (linux64 - "Ubuntu 20.04.6 LTS")
2026-07-01 15:42:58 - INFO - 
2026-07-01 15:42:58 - INFO - CPU model: AMD Ryzen 9 9950X3D 16-Core Processor, instruction set [SSE2|AVX|AVX2|AVX512]
2026-07-01 15:42:58 - INFO - Thread count: 14 physical cores, 28 logical processors, using up to 28 threads
2026-07-01 15:42:58 - INFO - 
2026-07-01 15:42:58 - INFO - Non-default parameters:
2026-07-01 15:42:58 - INFO - TimeLimit  300
2026-07-01 15:42:58 - INFO - MIPGap  0
2026-07-01 15:42:58 - INFO - Heuristics  0.5
2026-07-01 15:42:58 - INFO - MIPFocus  3
2026-07-01 15:42:58 - INFO - 
2026-07-01 15:42:58 - INFO - Optimize a model with 1845 rows, 846 columns and 6315 nonzeros (Min)
2026-07-01 15:42:58 - INFO - Model fingerprint: 0x80dc1d27
2026-07-01 15:42:58 - INFO - Model has 4 linear objective coefficients
2026-07-01 15:42:58 - INFO - Variable types: 326 continuous, 520 integer (520 binary)
2026-07-01 15:42:58 - INFO - Coefficient statistics:
2026-07-01 15:42:58 - INFO -   Matrix range     [3e-01, 4e+03]
2026-07-01 15:42:58 - INFO -   Objective range  [9e-06, 1e-01]
2026-07-01 15:42:58 - INFO -   Bounds range     [9e-01, 2e+07]
2026-07-01 15:42:58 - INFO -   RHS range        [9e-01, 3e+02]
2026-07-01 15:42:58 - INFO - 
2026-07-01 15:42:58 - INFO - Presolve removed 139 rows and 117 columns
2026-07-01 15:42:58 - INFO - Presolve time: 0.01s
2026-07-01 15:42:58 - INFO - Presolved: 1706 rows, 729 columns, 5960 nonzeros
2026-07-01 15:42:58 - INFO - Variable types: 235 continuous, 494 integer (494 binary)
2026-07-01 15:42:58 - INFO - Root relaxation presolve removed 266 rows and 76 columns
2026-07-01 15:42:58 - INFO - Root relaxation presolved: 1440 rows, 675 columns, 5328 nonzeros
2026-07-01 15:42:58 - INFO - 
2026-07-01 15:42:58 - INFO - 
2026-07-01 15:42:58 - INFO - Root relaxation: objective -3.745900e+01, 345 iterations, 0.00 seconds (0.01 work units)
2026-07-01 15:42:58 - INFO - 
2026-07-01 15:42:58 - INFO -     Nodes    |    Current Node    |     Objective Bounds      |     Work
2026-07-01 15:42:58 - INFO -  Expl Unexpl |  Obj  Depth IntInf | Incumbent    BestBd   Gap | It/Node Time
2026-07-01 15:42:58 - INFO - 
2026-07-01 15:42:58 - INFO -      0     0  -37.45900    0  212          -  -37.45900      -     -    0s
2026-07-01 15:42:58 - INFO -      0     0  -35.41117    0  228          -  -35.41117      -     -    0s
2026-07-01 15:42:58 - INFO -      0     0  -35.41117    0  214          -  -35.41117      -     -    0s
2026-07-01 15:42:58 - INFO -      0     0  -31.04003    0  222          -  -31.04003      -     -    0s
2026-07-01 15:42:58 - INFO -      0     0  -31.04003    0  232          -  -31.04003      -     -    0s
2026-07-01 15:42:58 - INFO -      0     0  -31.04003    0  235          -  -31.04003      -     -    0s
2026-07-01 15:42:58 - INFO -      0     0  -31.04003    0  235          -  -31.04003      -     -    0s
2026-07-01 15:42:58 - INFO -      0     0  -27.48899    0  229          -  -27.48899      -     -    0s
2026-07-01 15:42:58 - INFO -      0     0  -27.48899    0  201          -  -27.48899      -     -    0s
2026-07-01 15:42:58 - INFO -      0     0  -19.81604    0  209          -  -19.81604      -     -    0s
2026-07-01 15:42:58 - INFO -      0     0  -19.69615    0  215          -  -19.69615      -     -    0s
2026-07-01 15:42:59 - INFO -      0     0  -19.58743    0  222          -  -19.58743      -     -    0s
2026-07-01 15:42:59 - INFO -      0     0  -19.05278    0  224          -  -19.05278      -     -    0s
2026-07-01 15:42:59 - INFO -      0     0  -15.05835    0  223          -  -15.05835      -     -    0s
2026-07-01 15:42:59 - INFO -      0     0  -15.05835    0  221          -  -15.05835      -     -    0s
2026-07-01 15:42:59 - INFO -      0     0  -15.05835    0  195          -  -15.05835      -     -    1s
2026-07-01 15:42:59 - INFO -      0     0  -11.39194    0  209          -  -11.39194      -     -    1s
2026-07-01 15:42:59 - INFO -      0     0  -11.20332    0  214          -  -11.20332      -     -    1s
2026-07-01 15:42:59 - INFO -      0     0  -11.20332    0  217          -  -11.20332      -     -    1s
2026-07-01 15:42:59 - INFO -      0     0  -10.83013    0  211          -  -10.83013      -     -    1s
2026-07-01 15:42:59 - INFO -      0     0  -10.83013    0  205          -  -10.83013      -     -    1s
2026-07-01 15:42:59 - INFO -      0     0  -10.83013    0  173          -  -10.83013      -     -    1s
2026-07-01 15:42:59 - INFO -      0     0  -10.23896    0  190          -  -10.23896      -     -    1s
2026-07-01 15:42:59 - INFO -      0     0  -10.23506    0  198          -  -10.23506      -     -    1s
2026-07-01 15:42:59 - INFO -      0     0  -10.23499    0  204          -  -10.23499      -     -    1s
2026-07-01 15:42:59 - INFO -      0     0   -9.05728    0  197          -   -9.05728      -     -    1s
2026-07-01 15:43:00 - INFO -      0     0   -9.05728    0  193          -   -9.05728      -     -    1s
2026-07-01 15:43:00 - INFO -      0     0   -8.72343    0  183          -   -8.72343      -     -    1s
2026-07-01 15:43:00 - INFO -      0     0   -8.71230    0  195          -   -8.71230      -     -    1s
2026-07-01 15:43:00 - INFO -      0     0   -8.71230    0  193          -   -8.71230      -     -    1s
2026-07-01 15:43:00 - INFO -      0     0   -7.78038    0  175          -   -7.78038      -     -    2s
2026-07-01 15:43:00 - INFO -      0     0   -7.78038    0  142          -   -7.78038      -     -    2s
2026-07-01 15:43:00 - INFO -      0     0   -7.75523    0  156          -   -7.75523      -     -    2s
2026-07-01 15:43:00 - INFO -      0     0   -7.75257    0  168          -   -7.75257      -     -    2s
2026-07-01 15:43:00 - INFO -      0     0   -7.33200    0  174          -   -7.33200      -     -    2s
2026-07-01 15:43:00 - INFO -      0     0   -7.33200    0  173          -   -7.33200      -     -    2s
2026-07-01 15:43:00 - INFO -      0     0   -7.06676    0  185          -   -7.06676      -     -    2s
2026-07-01 15:43:00 - INFO -      0     0   -7.05911    0  202          -   -7.05911      -     -    2s
2026-07-01 15:43:00 - INFO -      0     0   -6.62659    0  209          -   -6.62659      -     -    2s
2026-07-01 15:43:01 - INFO -      0     0   -6.62659    0  197          -   -6.62659      -     -    2s
2026-07-01 15:43:01 - INFO -      0     0   -6.38775    0  195          -   -6.38775      -     -    2s
2026-07-01 15:43:01 - INFO -      0     0   -6.38775    0  197          -   -6.38775      -     -    2s
2026-07-01 15:43:01 - INFO -      0     0   -6.28172    0  208          -   -6.28172      -     -    3s
2026-07-01 15:43:01 - INFO -      0     0   -6.28172    0  206          -   -6.28172      -     -    3s
2026-07-01 15:43:01 - INFO -      0     0   -6.28172    0  191          -   -6.28172      -     -    3s
2026-07-01 15:43:01 - INFO -      0     0   -5.92327    0  217          -   -5.92327      -     -    3s
2026-07-01 15:43:01 - INFO -      0     0   -5.92327    0  215          -   -5.92327      -     -    3s
2026-07-01 15:43:01 - INFO -      0     0   -5.87251    0  223          -   -5.87251      -     -    3s
2026-07-01 15:43:01 - INFO -      0     0   -5.87251    0  221          -   -5.87251      -     -    3s
2026-07-01 15:43:01 - INFO -      0     0   -5.87251    0  209          -   -5.87251      -     -    3s
2026-07-01 15:43:01 - INFO -      0     0   -5.81174    0  222          -   -5.81174      -     -    3s
2026-07-01 15:43:01 - INFO -      0     0   -5.76749    0  212          -   -5.76749      -     -    3s
2026-07-01 15:43:01 - INFO -      0     0   -5.76749    0  202          -   -5.76749      -     -    3s
2026-07-01 15:43:01 - INFO -      0     0   -5.76734    0  202          -   -5.76734      -     -    3s
2026-07-01 15:43:02 - INFO -      0     0   -5.76734    0  197          -   -5.76734      -     -    3s
2026-07-01 15:43:03 - INFO -      0     2   -5.76734    0  194          -   -5.76734      -     -    5s
2026-07-01 15:43:09 - INFO - H 1982  1877                      16.4919431    0.36915  97.8%  68.3   10s
2026-07-01 15:43:09 - INFO - H 1992  1797                      11.4142045    0.36915  96.8%  72.9   11s
2026-07-01 15:43:09 - INFO - H 2017  1744                      11.4059071    0.36915  96.8%  77.7   11s
2026-07-01 15:43:11 - INFO - H 2123  1711                      11.3984215    1.26833  88.9%   110   12s
2026-07-01 15:43:11 - INFO - H 2205  1703                      11.3575909    1.37065  87.9%   120   12s
2026-07-01 15:43:13 - INFO -   2343  1796    2.05157   21  308   11.35759    1.57282  86.2%   160   15s
2026-07-01 15:43:13 - INFO - H 2381  1733                      11.3408399    1.61823  85.7%   173   15s
2026-07-01 15:43:13 - INFO - H 2390  1657                      11.3133054    1.63136  85.6%   176   15s
2026-07-01 15:43:13 - INFO - H 2398  1586                      11.2089258    1.63320  85.4%   178   15s
2026-07-01 15:43:14 - INFO - H 2400  1568                      11.0190789    1.63320  85.2%   179   15s
2026-07-01 15:43:14 - INFO - H 2417  1499                      10.9592958    1.66720  84.8%   184   15s
2026-07-01 15:43:14 - INFO - H 2452  1498                      10.9278877    1.69426  84.5%   190   16s
2026-07-01 15:43:14 - INFO - H 2471  1435                      10.7133986    1.71264  84.0%   194   16s
2026-07-01 15:43:14 - INFO - H 2482  1378                      10.6459879    1.71830  83.9%   195   16s
2026-07-01 15:43:14 - INFO - H 2515  1316                      10.5647184    1.72846  83.6%   199   16s
2026-07-01 15:43:14 - INFO - H 2530  1295                      10.5646436    1.73535  83.6%   201   16s
2026-07-01 15:43:14 - INFO - H 2550  1242                      10.5332355    1.74858  83.4%   207   16s
2026-07-01 15:43:14 - INFO - H 2560  1236                      10.5332338    1.75234  83.4%   209   16s
2026-07-01 15:43:14 - INFO - H 2566  1193                      10.5248809    1.76454  83.2%   211   16s
2026-07-01 15:43:14 - INFO - H 2576  1149                      10.4788165    1.77509  83.1%   215   16s
2026-07-01 15:43:14 - INFO - H 2589  1108                      10.4023473    1.77945  82.9%   218   16s
2026-07-01 15:43:15 - INFO - H 2633  1125                      10.0898876    1.80102  82.2%   229   16s
2026-07-01 15:43:15 - INFO - H 2634  1091                      10.0681307    1.80136  82.1%   230   16s
2026-07-01 15:43:15 - INFO - H 2701  1091                      10.0491036    1.83009  81.8%   251   17s
2026-07-01 15:43:15 - INFO - H 2719  1055                       9.9260859    1.83976  81.5%   258   17s
2026-07-01 15:43:16 - INFO - H 2758  1073                       9.8629316    1.87708  81.0%   274   17s
2026-07-01 15:43:16 - INFO - H 2759  1044                       9.6819696    1.87757  80.6%   274   17s
2026-07-01 15:43:16 - INFO - H 2760  1018                       9.6611824    1.87793  80.6%   275   17s
2026-07-01 15:43:16 - INFO - H 2775   988                       9.6553496    1.88416  80.5%   279   17s
2026-07-01 15:43:16 - INFO - H 2781   963                       9.6549578    1.88840  80.4%   282   17s
2026-07-01 15:43:18 - INFO - H 2864   998                       9.6204089    1.95736  79.7%   311   19s
2026-07-01 15:43:18 - INFO -   2877  1095    2.31373   22  320    9.62041    1.96438  79.6%   316   20s
2026-07-01 15:43:18 - INFO - H 2888  1070                       9.6112818    1.96553  79.5%   316   20s
2026-07-01 15:43:19 - INFO - H 3015  1065                       9.6112359    2.00908  79.1%   330   20s
2026-07-01 15:43:19 - INFO - H 3021  1044                       9.6112095    2.01301  79.1%   331   20s
2026-07-01 15:43:23 - INFO -   3313  1307    2.30534   23  312    9.61121    2.10901  78.1%   373   25s
2026-07-01 15:43:27 - INFO - H 3490  1478                       9.6010404    2.18457  77.2%   414   28s
2026-07-01 15:43:27 - INFO - H 3600  1798                       9.5932228    2.19918  77.1%   416   29s
2026-07-01 15:43:28 - INFO - H 3864  1845                       9.5852785    2.20836  77.0%   403   29s
2026-07-01 15:43:28 - INFO -   3915  1995    2.48545   22  304    9.58528    2.21986  76.8%   408   30s
2026-07-01 15:43:29 - INFO - H 4200  2125                       9.5852785    2.25041  76.5%   410   31s
2026-07-01 15:43:33 - INFO -   5904  4133    2.81235   22  327    9.58528    2.31892  75.8%   373   35s
2026-07-01 15:43:33 - INFO - H 6002  4133                       9.5852785    2.32034  75.8%   371   35s
2026-07-01 15:43:33 - INFO - H 6443  4227                       9.5852784    2.33531  75.6%   363   35s
2026-07-01 15:43:33 - INFO - H 6464  4227                       9.5852784    2.33596  75.6%   364   35s
2026-07-01 15:43:38 - INFO -   7264  4945    2.37919   24  300    9.58528    2.37434  75.2%   361   40s
2026-07-01 15:43:43 - INFO -   7411  5080    2.82061   23  319    9.58528    2.39799  75.0%   373   45s
2026-07-01 15:43:48 - INFO - H 7573  5218                       9.5852783    2.41731  74.8%   386   49s
2026-07-01 15:43:48 - INFO -   7582  5272    2.74998   23  281    9.58528    2.41832  74.8%   387   50s
2026-07-01 15:43:54 - INFO -   7860  5529    2.43427   23  285    9.58528    2.43390  74.6%   392   56s
2026-07-01 15:43:59 - INFO -   8157  5934    2.89508   23  345    9.58528    2.44521  74.5%   393   60s
2026-07-01 15:44:04 - INFO -   8788  6633    2.62974   25  281    9.58528    2.45846  74.4%   387   66s
2026-07-01 15:44:04 - INFO - H 8929  6633                       9.5852783    2.46027  74.3%   386   66s
2026-07-01 15:44:08 - INFO - H 9738  7399                       9.5852783    2.46791  74.3%   372   69s
2026-07-01 15:44:09 - INFO -  10003  7979    3.27457   29  161    9.58528    2.47145  74.2%   368   70s
2026-07-01 15:44:11 - INFO - H11336  8665                       9.5852783    2.48101  74.1%   350   73s
2026-07-01 15:44:11 - INFO - H11347  8665                       9.5852783    2.48135  74.1%   349   73s
2026-07-01 15:44:11 - INFO - H11395  8665                       9.5852782    2.48322  74.1%   350   73s
2026-07-01 15:44:13 - INFO -  12212 10328    2.66729   29  233    9.58528    2.48878  74.0%   341   75s
2026-07-01 15:44:15 - INFO - H14338 11407                       9.5852781    2.50009  73.9%   320   76s
2026-07-01 15:44:17 - INFO - H15504 13327                       9.5852781    2.51120  73.8%   312   79s
2026-07-01 15:44:17 - INFO - H15575 13327                       9.5852781    2.51235  73.8%   312   79s
2026-07-01 15:44:17 - INFO - H15982 13327                       9.5852781    2.51393  73.8%   309   79s
2026-07-01 15:44:17 - INFO - H16264 13327                       9.5852781    2.51468  73.8%   308   79s
2026-07-01 15:44:18 - INFO -  16793 13783    2.80518   25  297    9.58528    2.51804  73.7%   305   80s
2026-07-01 15:44:21 - INFO - H18369 15576                       9.5852781    2.53304  73.6%   301   83s
2026-07-01 15:44:21 - INFO - H18732 15576                       9.4658943    2.53422  73.2%   300   83s
2026-07-01 15:44:21 - INFO - H19209 15576                       9.2905404    2.53555  72.7%   298   83s
2026-07-01 15:44:22 - INFO - H19298 16452                       9.0630981    2.53719  72.0%   298   84s
2026-07-01 15:44:22 - INFO - H19679 16452                       8.9622151    2.54130  71.6%   297   84s
2026-07-01 15:44:22 - INFO - H19998 16452                       8.9493308    2.54339  71.6%   296   84s
2026-07-01 15:44:22 - INFO - H20225 16452                       8.5200863    2.54758  70.1%   295   84s
2026-07-01 15:44:24 - INFO -  20259 17327    2.81934   25  271    8.52009    2.54774  70.1%   295   85s
2026-07-01 15:44:24 - INFO - H20277 17327                       8.4107746    2.54774  69.7%   295   85s
2026-07-01 15:44:24 - INFO - H20757 17327                       8.3558238    2.55096  69.5%   294   85s
2026-07-01 15:44:24 - INFO - H20942 17327                       8.2550806    2.55180  69.1%   294   85s
2026-07-01 15:44:25 - INFO - H21267 18396                       8.2050262    2.55526  68.9%   293   87s
2026-07-01 15:44:25 - INFO - H22348 18396                       8.2050262    2.55965  68.8%   292   87s
2026-07-01 15:44:28 - INFO -  23832 20861    2.88034   24  320    8.20503    2.57323  68.6%   290   90s
2026-07-01 15:44:28 - INFO - H23884 20861                       8.2050262    2.57323  68.6%   290   90s
2026-07-01 15:44:28 - INFO - H24771 20859                       7.9914219    2.57723  67.7%   290   90s
2026-07-01 15:44:30 - INFO - H25729 21712                       7.9055191    2.58754  67.3%   290   92s
2026-07-01 15:44:34 - INFO -  27235 25429 infeasible   26         7.90552    2.60528  67.0%   290   96s
2026-07-01 15:44:34 - INFO - H27928 25429                       7.9055191    2.60814  67.0%   289   96s
2026-07-01 15:44:36 - INFO - H30398 25951                       7.9055191    2.63234  66.7%   288   98s
2026-07-01 15:44:37 - INFO - H30628 27129                       7.9055191    2.63480  66.7%   288   99s
2026-07-01 15:44:39 - INFO -  31700 28490    2.73803   25  255    7.90552    2.64422  66.6%   289  101s
2026-07-01 15:44:39 - INFO - H32385 28490                       7.9055190    2.64751  66.5%   288  101s
2026-07-01 15:44:42 - INFO - H35385 30957                       7.9055190    2.66916  66.2%   289  104s
2026-07-01 15:44:44 - INFO -  35716 32240    2.80185   25  265    7.90552    2.67813  66.1%   289  105s
2026-07-01 15:44:44 - INFO - H35733 32240                       7.9055190    2.67813  66.1%   289  105s
2026-07-01 15:44:45 - INFO - H37043 33198                       7.9055190    2.68953  66.0%   289  107s
2026-07-01 15:44:45 - INFO - H37224 33198                       7.9055189    2.69160  66.0%   290  107s
2026-07-01 15:44:49 - INFO -  39861 35899    3.90087   31  195    7.90552    2.71540  65.7%   290  110s
2026-07-01 15:44:49 - INFO - H40488 35899                       7.9055189    2.71743  65.6%   290  110s
2026-07-01 15:44:53 - INFO -  41013 36142    3.14380   26  206    7.90552    2.73054  65.5%   291  115s
2026-07-01 15:44:53 - INFO - H41059 36142                       7.9055189    2.73162  65.4%   291  115s
2026-07-01 15:44:53 - INFO - H41190 36142                       7.9055189    2.73223  65.4%   292  115s
2026-07-01 15:44:55 - INFO - H41376 36586                       7.9055189    2.73364  65.4%   292  117s
2026-07-01 15:44:55 - INFO - H41446 36586                       7.9055189    2.73409  65.4%   292  117s
2026-07-01 15:44:59 - INFO -  42731 39420    3.22221   25  248    7.90552    2.73664  65.4%   292  121s
2026-07-01 15:44:59 - INFO - H43526 39420                       7.9055189    2.74000  65.3%   292  121s
2026-07-01 15:44:59 - INFO - H43736 39420                       7.9055188    2.74032  65.3%   292  121s
2026-07-01 15:44:59 - INFO - H44085 39420                       7.9055188    2.74234  65.3%   292  121s
2026-07-01 15:45:02 - INFO - H45534 41006                       7.9055188    2.75179  65.2%   292  123s
2026-07-01 15:45:04 - INFO -  46277 43131    3.56341   23  299    7.90552    2.75800  65.1%   292  126s
2026-07-01 15:45:04 - INFO - H46773 43131                       7.9055188    2.76455  65.0%   293  126s
2026-07-01 15:45:06 - INFO - H48794 45016                       7.9055188    2.77734  64.9%   294  128s
2026-07-01 15:45:09 - INFO -  50460 47094    3.79902   27  232    7.90552    2.79296  64.7%   295  131s
2026-07-01 15:45:09 - INFO - H50609 47094                       7.9055188    2.79338  64.7%   295  131s
2026-07-01 15:45:15 - INFO -  52724 47705    4.31409   27  180    7.90552    2.83060  64.2%   297  136s
2026-07-01 15:45:22 - INFO -  54419 50991    3.25340   25  262    7.90552    2.83673  64.1%   298  144s
2026-07-01 15:45:22 - INFO - H55513 50991                       7.9055188    2.83900  64.1%   299  144s
2026-07-01 15:45:22 - INFO - H55663 50991                       7.9055188    2.83903  64.1%   299  144s
2026-07-01 15:45:26 - INFO -  56720 54554    4.11180   28  196    7.90552    2.84378  64.0%   300  148s
2026-07-01 15:45:30 - INFO -  60414 57222    3.05267   26  202    7.90552    2.89909  63.3%   302  151s
2026-07-01 15:45:33 - INFO -  63180 60232    2.96204   26  275    7.90552    2.92547  63.0%   303  155s
2026-07-01 15:45:33 - INFO - H64585 60232                       7.9055188    2.93321  62.9%   305  155s
2026-07-01 15:45:40 - INFO -  66327 60732 infeasible   33         7.90552    2.97003  62.4%   307  162s
2026-07-01 15:45:44 - INFO -  66826 61991    3.28318   29  198    7.90552    2.97254  62.4%   307  165s
2026-07-01 15:45:52 - INFO -  70975 68088    4.47291   26  169    7.90552    2.98071  62.3%   310  174s
2026-07-01 15:45:56 - INFO -  74497 71233    3.58222   27  235    7.90552    3.06426  61.2%   313  178s
2026-07-01 15:46:00 - INFO - H77783 74495                       7.9055188    3.10135  60.8%   315  181s
2026-07-01 15:46:04 - INFO -  81206 74616    3.53634   28  209    7.90552    3.15349  60.1%   318  186s
2026-07-01 15:46:04 - INFO - H81307 74616                       7.9055188    3.15950  60.0%   318  186s
2026-07-01 15:46:08 - INFO -  81333 75587    3.90577   29  173    7.90552    3.16246  60.0%   318  190s
2026-07-01 15:46:14 - INFO -  82362 78464    4.67503   31  213    7.90552    3.16629  59.9%   319  195s
2026-07-01 15:46:20 - INFO -  85417 79164    3.23140   29  183    7.90552    3.17225  59.9%   321  202s
2026-07-01 15:46:27 - INFO -  86157 79202    3.87488   28  256    7.90552    3.21515  59.3%   322  209s
2026-07-01 15:46:27 - INFO - H86190 79202                       7.9055188    3.23007  59.1%   322  209s
2026-07-01 15:46:35 - INFO -  86197 79231    4.18111   27  231    7.90552    3.23190  59.1%   322  217s
2026-07-01 15:46:35 - INFO - H86218 79231                       7.9055188    3.23749  59.0%   322  217s
2026-07-01 15:46:42 - INFO -  86228 80591    4.64883   34  169    7.90552    3.23892  59.0%   323  224s
2026-07-01 15:46:51 - INFO -  87717 81960    4.34155   28  300    7.90552    3.24498  59.0%   323  232s
2026-07-01 15:47:00 - INFO -  89206 86189    4.50687   32  156    7.90552    3.25623  58.8%   325  241s
2026-07-01 15:47:07 - INFO -  93748 90700    4.38626   31  181    7.90552    3.31788  58.0%   329  248s
2026-07-01 15:47:13 - INFO -  98654 91672    4.38994   33  171    7.90552    3.41068  56.9%   334  255s
2026-07-01 15:47:13 - INFO - H98934 91672                       7.9055188    3.43402  56.6%   334  255s
2026-07-01 15:47:19 - INFO -  99718 95193    4.90020   30  195    7.90552    3.46059  56.2%   335  261s
2026-07-01 15:47:25 - INFO -  103708 96612    4.11220   32  218    7.90552    3.53155  55.3%   338  267s
2026-07-01 15:47:32 - INFO -  105332 100495    4.32928   28  217    7.90552    3.57494  54.8%   340  273s
2026-07-01 15:47:38 - INFO -  109706 105065 infeasible   39         7.90552    3.65901  53.7%   341  280s
2026-07-01 15:47:47 - INFO -  115073 106757    4.40262   31  190    7.90552    3.81793  51.7%   343  288s
2026-07-01 15:47:51 - INFO -  116737 110170 infeasible   34         7.90552    3.82069  51.7%   343  293s
2026-07-01 15:47:56 - INFO -  120573 110803 infeasible   33         7.90552    3.82677  51.6%   343  298s
2026-07-01 15:47:58 - INFO -  121298 111415    5.89622   35  135    7.90552    3.85751  51.2%   343  300s
2026-07-01 15:47:58 - INFO - 
2026-07-01 15:47:58 - INFO - Cutting planes:
2026-07-01 15:47:58 - INFO -   Learned: 387
2026-07-01 15:47:58 - INFO -   Gomory: 425
2026-07-01 15:47:58 - INFO -   Lift-and-project: 339
2026-07-01 15:47:58 - INFO -   Cover: 137
2026-07-01 15:47:58 - INFO -   Implied bound: 6
2026-07-01 15:47:58 - INFO -   Projected implied bound: 1
2026-07-01 15:47:58 - INFO -   MIR: 892
2026-07-01 15:47:58 - INFO -   Mixing: 3
2026-07-01 15:47:58 - INFO -   StrongCG: 11
2026-07-01 15:47:58 - INFO -   Flow cover: 3267
2026-07-01 15:47:58 - INFO -   GUB cover: 2
2026-07-01 15:47:58 - INFO -   Inf proof: 308
2026-07-01 15:47:58 - INFO -   Zero half: 68
2026-07-01 15:47:58 - INFO -   RLT: 46
2026-07-01 15:47:58 - INFO -   Relax-and-lift: 246
2026-07-01 15:47:58 - INFO - 
2026-07-01 15:47:58 - INFO - Explored 121992 nodes (41807423 simplex iterations) in 300.05 seconds (537.85 work units)
2026-07-01 15:47:58 - INFO - Thread count was 28 (of 28 available processors)
2026-07-01 15:47:58 - INFO - 
2026-07-01 15:47:58 - INFO - Solution count 10: 7.90552 7.90552 7.90552 ... 8.20503
2026-07-01 15:47:58 - INFO - 
2026-07-01 15:47:58 - INFO - Time limit reached
2026-07-01 15:47:58 - INFO - Best objective 7.905518755408e+00, best bound 3.868865327287e+00, gap 51.0612%
2026-07-01 15:47:58 - DEBUG - Loaded backend Agg version v2.2.
2026-07-01 15:47:58 - DEBUG - findfont: Matching sans\-serif:style=normal:variant=normal:weight=normal:stretch=normal:size=10.0.
2026-07-01 15:47:58 - DEBUG - findfont: score(FontEntry(fname='/root/anaconda3/lib/python3.12/site-packages/matplotlib/mpl-data/fonts/ttf/STIXSizTwoSymReg.ttf', name='STIXSizeTwoSym', style='normal', variant='normal', weight=400, stretch='normal', size='scalable')) = 10.05
2026-07-01 15:47:58 - DEBUG - findfont: score(FontEntry(fname='/root/anaconda3/lib/python3.12/site-packages/matplotlib/mpl-data/fonts/ttf/cmex10.ttf', name='cmex10', style='normal', variant='normal', weight=400, stretch='normal', size='scalable')) = 10.05
2026-07-01 15:47:58 - DEBUG - findfont: score(FontEntry(fname='/root/anaconda3/lib/python3.12/site-packages/matplotlib/mpl-data/fonts/ttf/STIXSizThreeSymBol.ttf', name='STIXSizeThreeSym', style='normal', variant='normal', weight=700, stretch='normal', size='scalable')) = 10.335
2026-07-01 15:47:58 - DEBUG - findfont: score(FontEntry(fname='/root/anaconda3/lib/python3.12/site-packages/matplotlib/mpl-data/fonts/ttf/STIXSizOneSymBol.ttf', name='STIXSizeOneSym', style='normal', variant='normal', weight=700, stretch='normal', size='scalable')) = 10.335
2026-07-01 15:47:58 - DEBUG - findfont: score(FontEntry(fname='/root/anaconda3/lib/python3.12/site-packages/matplotlib/mpl-data/fonts/ttf/DejaVuSansMono-Bold.ttf', name='DejaVu Sans Mono', style='normal', variant='normal', weight=700, stretch='normal', size='scalable')) = 10.335
2026-07-01 15:47:58 - DEBUG - findfont: score(FontEntry(fname='/root/anaconda3/lib/python3.12/site-packages/matplotlib/mpl-data/fonts/ttf/cmss10.ttf', name='cmss10', style='normal', variant='normal', weight=400, stretch='normal', size='scalable')) = 10.05
2026-07-01 15:47:58 - DEBUG - findfont: score(FontEntry(fname='/root/anaconda3/lib/python3.12/site-packages/matplotlib/mpl-data/fonts/ttf/DejaVuSerif-Italic.ttf', name='DejaVu Serif', style='italic', variant='normal', weight=400, stretch='normal', size='scalable')) = 11.05
2026-07-01 15:47:58 - DEBUG - findfont: score(FontEntry(fname='/root/anaconda3/lib/python3.12/site-packages/matplotlib/mpl-data/fonts/ttf/cmb10.ttf', name='cmb10', style='normal', variant='normal', weight=400, stretch='normal', size='scalable')) = 10.05
2026-07-01 15:47:58 - DEBUG - findfont: score(FontEntry(fname='/root/anaconda3/lib/python3.12/site-packages/matplotlib/mpl-data/fonts/ttf/STIXSizTwoSymBol.ttf', name='STIXSizeTwoSym', style='normal', variant='normal', weight=700, stretch='normal', size='scalable')) = 10.335
2026-07-01 15:47:58 - DEBUG - findfont: score(FontEntry(fname='/root/anaconda3/lib/python3.12/site-packages/matplotlib/mpl-data/fonts/ttf/DejaVuSans.ttf', name='DejaVu Sans', style='normal', variant='normal', weight=400, stretch='normal', size='scalable')) = 0.05
2026-07-01 15:47:58 - DEBUG - findfont: score(FontEntry(fname='/root/anaconda3/lib/python3.12/site-packages/matplotlib/mpl-data/fonts/ttf/STIXGeneralItalic.ttf', name='STIXGeneral', style='italic', variant='normal', weight=400, stretch='normal', size='scalable')) = 11.05
2026-07-01 15:47:58 - DEBUG - findfont: score(FontEntry(fname='/root/anaconda3/lib/python3.12/site-packages/matplotlib/mpl-data/fonts/ttf/DejaVuSerif-Bold.ttf', name='DejaVu Serif', style='normal', variant='normal', weight=700, stretch='normal', size='scalable')) = 10.335
2026-07-01 15:47:58 - DEBUG - findfont: score(FontEntry(fname='/root/anaconda3/lib/python3.12/site-packages/matplotlib/mpl-data/fonts/ttf/STIXNonUni.ttf', name='STIXNonUnicode', style='normal', variant='normal', weight=400, stretch='normal', size='scalable')) = 10.05
2026-07-01 15:47:58 - DEBUG - findfont: score(FontEntry(fname='/root/anaconda3/lib/python3.12/site-packages/matplotlib/mpl-data/fonts/ttf/DejaVuSansDisplay.ttf', name='DejaVu Sans Display', style='normal', variant='normal', weight=400, stretch='normal', size='scalable')) = 10.05
2026-07-01 15:47:58 - DEBUG - findfont: score(FontEntry(fname='/root/anaconda3/lib/python3.12/site-packages/matplotlib/mpl-data/fonts/ttf/STIXSizThreeSymReg.ttf', name='STIXSizeThreeSym', style='normal', variant='normal', weight=400, stretch='normal', size='scalable')) = 10.05
2026-07-01 15:47:58 - DEBUG - findfont: score(FontEntry(fname='/root/anaconda3/lib/python3.12/site-packages/matplotlib/mpl-data/fonts/ttf/STIXSizFiveSymReg.ttf', name='STIXSizeFiveSym', style='normal', variant='normal', weight=400, stretch='normal', size='scalable')) = 10.05
2026-07-01 15:47:58 - DEBUG - findfont: score(FontEntry(fname='/root/anaconda3/lib/python3.12/site-packages/matplotlib/mpl-data/fonts/ttf/STIXNonUniIta.ttf', name='STIXNonUnicode', style='italic', variant='normal', weight=400, stretch='normal', size='scalable')) = 11.05
2026-07-01 15:47:58 - DEBUG - findfont: score(FontEntry(fname='/root/anaconda3/lib/python3.12/site-packages/matplotlib/mpl-data/fonts/ttf/cmsy10.ttf', name='cmsy10', style='normal', variant='normal', weight=400, stretch='normal', size='scalable')) = 10.05
2026-07-01 15:47:58 - DEBUG - findfont: score(FontEntry(fname='/root/anaconda3/lib/python3.12/site-packages/matplotlib/mpl-data/fonts/ttf/cmr10.ttf', name='cmr10', style='normal', variant='normal', weight=400, stretch='normal', size='scalable')) = 10.05
2026-07-01 15:47:58 - DEBUG - findfont: score(FontEntry(fname='/root/anaconda3/lib/python3.12/site-packages/matplotlib/mpl-data/fonts/ttf/STIXGeneral.ttf', name='STIXGeneral', style='normal', variant='normal', weight=400, stretch='normal', size='scalable')) = 10.05
2026-07-01 15:47:58 - DEBUG - findfont: score(FontEntry(fname='/root/anaconda3/lib/python3.12/site-packages/matplotlib/mpl-data/fonts/ttf/STIXNonUniBol.ttf', name='STIXNonUnicode', style='normal', variant='normal', weight=700, stretch='normal', size='scalable')) = 10.335
2026-07-01 15:47:58 - DEBUG - findfont: score(FontEntry(fname='/root/anaconda3/lib/python3.12/site-packages/matplotlib/mpl-data/fonts/ttf/STIXSizFourSymBol.ttf', name='STIXSizeFourSym', style='normal', variant='normal', weight=700, stretch='normal', size='scalable')) = 10.335
2026-07-01 15:47:58 - DEBUG - findfont: score(FontEntry(fname='/root/anaconda3/lib/python3.12/site-packages/matplotlib/mpl-data/fonts/ttf/STIXSizOneSymReg.ttf', name='STIXSizeOneSym', style='normal', variant='normal', weight=400, stretch='normal', size='scalable')) = 10.05
2026-07-01 15:47:58 - DEBUG - findfont: score(FontEntry(fname='/root/anaconda3/lib/python3.12/site-packages/matplotlib/mpl-data/fonts/ttf/STIXGeneralBolIta.ttf', name='STIXGeneral', style='italic', variant='normal', weight=700, stretch='normal', size='scalable')) = 11.335
2026-07-01 15:47:58 - DEBUG - findfont: score(FontEntry(fname='/root/anaconda3/lib/python3.12/site-packages/matplotlib/mpl-data/fonts/ttf/DejaVuSerifDisplay.ttf', name='DejaVu Serif Display', style='normal', variant='normal', weight=400, stretch='normal', size='scalable')) = 10.05
2026-07-01 15:47:58 - DEBUG - findfont: score(FontEntry(fname='/root/an[EMIB] Layout figure saved: /root/placement/MPDAP/output_gurobi_EMIB_chiplet_5_6_01_24/fig/hp11_m_core/solution_1_layout_gurobi.png
  ✓ EMIB: 1 solution(s)
etch='normal', size='scalable')) = 0.33499999999999996
2026-07-01 15:47:58 - DEBUG - findfont: score(FontEntry(fname='/root/anaconda3/lib/python3.12/site-packages/matplotlib/mpl-data/fonts/ttf/cmmi10.ttf', name='cmmi10', style='normal', variant='normal', weight=400, stretch='normal', size='scalable')) = 10.05
2026-07-01 15:47:58 - DEBUG - findfont: score(FontEntry(fname='/root/anaconda3/lib/python3.12/site-packages/matplotlib/mpl-data/fonts/ttf/cmtt10.ttf', name='cmtt10', style='normal', variant='normal', weight=400, stretch='normal', size='scalable')) = 10.05
2026-07-01 15:47:58 - DEBUG - findfont: score(FontEntry(fname='/root/anaconda3/lib/python3.12/site-packages/matplotlib/mpl-data/fonts/ttf/DejaVuSerif-BoldItalic.ttf', name='DejaVu Serif', style='italic', variant='normal', weight=700, stretch='normal', size='scalable')) = 11.335
2026-07-01 15:47:58 - DEBUG - findfont: score(FontEntry(fname='/root/anaconda3/lib/python3.12/site-packages/matplotlib/mpl-data/fonts/ttf/DejaVuSansMono.ttf', name='DejaVu Sans Mono', style='normal', variant='normal', weight=400, stretch='normal', size='scalable')) = 10.05
2026-07-01 15:47:58 - DEBUG - findfont: score(FontEntry(fname='/root/anaconda3/lib/python3.12/site-packages/matplotlib/mpl-data/fonts/ttf/DejaVuSansMono-BoldOblique.ttf', name='DejaVu Sans Mono', style='oblique', variant='normal', weight=700, stretch='normal', size='scalable')) = 11.335
2026-07-01 15:47:58 - DEBUG - findfont: score(FontEntry(fname='/root/anaconda3/lib/python3.12/site-packages/matplotlib/mpl-data/fonts/ttf/STIXGeneralBol.ttf', name='STIXGeneral', style='normal', variant='normal', weight=700, stretch='normal', size='scalable')) = 10.335
2026-07-01 15:47:58 - DEBUG - findfont: score(FontEntry(fname='/root/anaconda3/lib/python3.12/site-packages/matplotlib/mpl-data/fonts/ttf/DejaVuSerif.ttf', name='DejaVu Serif', style='normal', variant='normal', weight=400, stretch='normal', size='scalable')) = 10.05
2026-07-01 15:47:58 - DEBUG - findfont: score(FontEntry(fname='/root/anaconda3/lib/python3.12/site-packages/matplotlib/mpl-data/fonts/ttf/DejaVuSans-Oblique.ttf', name='DejaVu Sans', style='oblique', variant='normal', weight=400, stretch='normal', size='scalable')) = 1.05
2026-07-01 15:47:58 - DEBUG - findfont: score(FontEntry(fname='/root/anaconda3/lib/python3.12/site-packages/matplotlib/mpl-data/fonts/ttf/DejaVuSans-BoldOblique.ttf', name='DejaVu Sans', style='oblique', variant='normal', weight=700, stretch='normal', size='scalable')) = 1.335
2026-07-01 15:47:58 - DEBUG - findfont: score(FontEntry(fname='/root/anaconda3/lib/python3.12/site-packages/matplotlib/mpl-data/fonts/ttf/DejaVuSansMono-Oblique.ttf', name='DejaVu Sans Mono', style='oblique', variant='normal', weight=400, stretch='normal', size='scalable')) = 11.05
2026-07-01 15:47:58 - DEBUG - findfont: score(FontEntry(fname='/root/anaconda3/lib/python3.12/site-packages/matplotlib/mpl-data/fonts/ttf/STIXNonUniBolIta.ttf', name='STIXNonUnicode', style='italic', variant='normal', weight=700, stretch='normal', size='scalable')) = 11.335
2026-07-01 15:47:58 - DEBUG - findfont: score(FontEntry(fname='/root/anaconda3/lib/python3.12/site-packages/matplotlib/mpl-data/fonts/ttf/STIXSizFourSymReg.ttf', name='STIXSizeFourSym', style='normal', variant='normal', weight=400, stretch='normal', size='scalable')) = 10.05
2026-07-01 15:47:58 - DEBUG - findfont: score(FontEntry(fname='/usr/share/fonts/truetype/dejavu/DejaVuSans-Bold.ttf', name='DejaVu Sans', style='normal', variant='normal', weight=700, stretch='normal', size='scalable')) = 0.33499999999999996
2026-07-01 15:47:58 - DEBUG - findfont: score(FontEntry(fname='/usr/share/fonts/truetype/dejavu/DejaVuSansMono-Bold.ttf', name='DejaVu Sans Mono', style='normal', variant='normal', weight=700, stretch='normal', size='scalable')) = 10.335
2026-07-01 15:47:58 - DEBUG - findfont: score(FontEntry(fname='/usr/share/fonts/truetype/dejavu/DejaVuSerif.ttf', name='DejaVu Serif', style='normal', variant='normal', weight=400, stretch='normal', size='scalable')) = 10.05
2026-07-01 15:47:58 - DEBUG - findfont: score(FontEntry(fname='/usr/share/fonts/truetype/dejavu/DejaVuSans.ttf', name='DejaVu Sans', style='normal', variant='normal', weight=400, stretch='normal', size='scalable')) = 0.05
2026-07-01 15:47:58 - DEBUG - findfont: score(FontEntry(fname='/usr/share/fonts/truetype/dejavu/DejaVuSansMono.ttf', name='DejaVu Sans Mono', style='normal', variant='normal', weight=400, stretch='normal', size='scalable')) = 10.05
2026-07-01 15:47:58 - DEBUG - findfont: score(FontEntry(fname='/usr/share/fonts/truetype/dejavu/DejaVuSerif-Bold.ttf', name='DejaVu Serif', style='normal', variant='normal', weight=700, stretch='normal', size='scalable')) = 10.335
2026-07-01 15:47:58 - DEBUG - findfont: Matching sans\-serif:style=normal:variant=normal:weight=normal:stretch=normal:size=10.0 to DejaVu Sans ('/root/anaconda3/lib/python3.12/site-packages/matplotlib/mpl-data/fonts/ttf/DejaVuSans.ttf') with score of 0.050000.
2026-07-01 15:47:59 - DEBUG - findfont: Matching sans\-serif:style=normal:variant=normal:weight=normal:stretch=normal:size=12.0.
2026-07-01 15:47:59 - DEBUG - findfont: score(FontEntry(fname='/root/anaconda3/lib/python3.12/site-packages/matplotlib/mpl-data/fonts/ttf/STIXSizTwoSymReg.ttf', name='STIXSizeTwoSym', style='normal', variant='normal', weight=400, stretch='normal', size='scalable')) = 10.05
2026-07-01 15:47:59 - DEBUG - findfont: score(FontEntry(fname='/root/anaconda3/lib/python3.12/site-packages/matplotlib/mpl-data/fonts/ttf/cmex10.ttf', name='cmex10', style='normal', variant='normal', weight=400, stretch='normal', size='scalable')) = 10.05
2026-07-01 15:47:59 - DEBUG - findfont: score(FontEntry(fname='/root/anaconda3/lib/python3.12/site-packages/matplotlib/mpl-data/fonts/ttf/STIXSizThreeSymBol.ttf', name='STIXSizeThreeSym', style='normal', variant='normal', weight=700, stretch='normal', size='scalable')) = 10.335
2026-07-01 15:47:59 - DEBUG - findfont: score(FontEntry(fname='/root/anaconda3/lib/python3.12/site-packages/matplotlib/mpl-data/fonts/ttf/STIXSizOneSymBol.ttf', name='STIXSizeOneSym', style='normal', variant='normal', weight=700, stretch='normal', size='scalable')) = 10.335
2026-07-01 15:47:59 - DEBUG - findfont: score(FontEntry(fname='/root/anaconda3/lib/python3.12/site-packages/matplotlib/mpl-data/fonts/ttf/DejaVuSansMono-Bold.ttf', name='DejaVu Sans Mono', style='normal', variant='normal', weight=700, stretch='normal', size='scalable')) = 10.335
2026-07-01 15:47:59 - DEBUG - findfont: score(FontEntry(fname='/root/anaconda3/lib/python3.12/site-packages/matplotlib/mpl-data/fonts/ttf/cmss10.ttf', name='cmss10', style='normal', variant='normal', weight=400, stretch='normal', size='scalable')) = 10.05
2026-07-01 15:47:59 - DEBUG - findfont: score(FontEntry(fname='/root/anaconda3/lib/python3.12/site-packages/matplotlib/mpl-data/fonts/ttf/DejaVuSerif-Italic.ttf', name='DejaVu Serif', style='italic', variant='normal', weight=400, stretch='normal', size='scalable')) = 11.05
2026-07-01 15:47:59 - DEBUG - findfont: score(FontEntry(fname='/root/anaconda3/lib/python3.12/site-packages/matplotlib/mpl-data/fonts/ttf/cmb10.ttf', name='cmb10', style='normal', variant='normal', weight=400, stretch='normal', size='scalable')) = 10.05
2026-07-01 15:47:59 - DEBUG - findfont: score(FontEntry(fname='/root/anaconda3/lib/python3.12/site-packages/matplotlib/mpl-data/fonts/ttf/STIXSizTwoSymBol.ttf', name='STIXSizeTwoSym', style='normal', variant='normal', weight=700, stretch='normal', size='scalable')) = 10.335
2026-07-01 15:47:59 - DEBUG - findfont: score(FontEntry(fname='/root/anaconda3/lib/python3.12/site-packages/matplotlib/mpl-data/fonts/ttf/DejaVuSans.ttf', name='DejaVu Sans', style='normal', variant='normal', weight=400, stretch='normal', size='scalable')) = 0.05
2026-07-01 15:47:59 - DEBUG - findfont: score(FontEntry(fname='/root/anaconda3/lib/python3.12/site-packages/matplotlib/mpl-data/fonts/ttf/STIXGeneralItalic.ttf', name='STIXGeneral', style='italic', variant='normal', weight=400, stretch='normal', size='scalable')) = 11.05
2026-07-01 15:47:59 - DEBUG - findfont: score(FontEntry(fname='/root/anaconda3/lib/python3.12/site-packages/matplotlib/mpl-data/fonts/ttf/DejaVuSerif-Bold.ttf', name='DejaVu Serif', style='normal', variant='normal', weight=700, stretch='normal', size='scalable')) = 10.335
2026-07-01 15:47:59 - DEBUG - findfont: score(FontEntry(fname='/root/anaconda3/lib/python3.12/site-packages/matplotlib/mpl-data/fonts/ttf/STIXNonUni.ttf', name='STIXNonUnicode', style='normal', variant='normal', weight=400, stretch='normal', size='scalable')) = 10.05
2026-07-01 15:47:59 - DEBUG - findfont: score(FontEntry(fname='/root/anaconda3/lib/python3.12/site-packages/matplotlib/mpl-data/fonts/ttf/DejaVuSansDisplay.ttf', name='DejaVu Sans Display', style='normal', variant='normal', weight=400, stretch='normal', size='scalable')) = 10.05
2026-07-01 15:47:59 - DEBUG - findfont: score(FontEntry(fname='/root/anaconda3/lib/python3.12/site-packages/matplotlib/mpl-data/fonts/ttf/STIXSizThreeSymReg.ttf', name='STIXSizeThreeSym', style='normal', variant='normal', weight=400, stretch='normal', size='scalable')) = 10.05
2026-07-01 15:47:59 - DEBUG - findfont: score(FontEntry(fname='/root/anaconda3/lib/python3.12/site-packages/matplotlib/mpl-data/fonts/ttf/STIXSizFiveSymReg.ttf', name='STIXSizeFiveSym', style='normal', variant='normal', weight=400, stretch='normal', size='scalable')) = 10.05
2026-07-01 15:47:59 - DEBUG - findfont: score(FontEntry(fname='/root/anaconda3/lib/python3.12/site-packages/matplotlib/mpl-data/fonts/ttf/STIXNonUniIta.ttf', name='STIXNonUnicode', style='italic', variant='normal', weight=400, stretch='normal', size='scalable')) = 11.05
2026-07-01 15:47:59 - DEBUG - findfont: score(FontEntry(fname='/root/anaconda3/lib/python3.12/site-packages/matplotlib/mpl-data/fonts/ttf/cmsy10.ttf', name='cmsy10', style='normal', variant='normal', weight=400, stretch='normal', size='scalable')) = 10.05
2026-07-01 15:47:59 - DEBUG - findfont: score(FontEntry(fname='/root/anaconda3/lib/python3.12/site-packages/matplotlib/mpl-data/fonts/ttf/cmr10.ttf', name='cmr10', style='normal', variant='normal', weight=400, stretch='normal', size='scalable')) = 10.05
2026-07-01 15:47:59 - DEBUG - findfont: score(FontEntry(fname='/root/anaconda3/lib/python3.12/site-packages/matplotlib/mpl-data/fonts/ttf/STIXGeneral.ttf', name='STIXGeneral', style='normal', variant='normal', weight=400, stretch='normal', size='scalable')) = 10.05
2026-07-01 15:47:59 - DEBUG - findfont: score(FontEntry(fname='/root/anaconda3/lib/python3.12/site-packages/matplotlib/mpl-data/fonts/ttf/STIXNonUniBol.ttf', name='STIXNonUnicode', style='normal', variant='normal', weight=700, stretch='normal', size='scalable')) = 10.335
2026-07-01 15:47:59 - DEBUG - findfont: score(FontEntry(fname='/root/anaconda3/lib/python3.12/site-packages/matplotlib/mpl-data/fonts/ttf/STIXSizFourSymBol.ttf', name='STIXSizeFourSym', style='normal', variant='normal', weight=700, stretch='normal', size='scalable')) = 10.335
2026-07-01 15:47:59 - DEBUG - findfont: score(FontEntry(fname='/root/anaconda3/lib/python3.12/site-packages/matplotlib/mpl-data/fonts/ttf/STIXSizOneSymReg.ttf', name='STIXSizeOneSym', style='normal', variant='normal', weight=400, stretch='normal', size='scalable')) = 10.05
2026-07-01 15:47:59 - DEBUG - findfont: score(FontEntry(fname='/root/anaconda3/lib/python3.12/site-packages/matplotlib/mpl-data/fonts/ttf/STIXGeneralBolIta.ttf', name='STIXGeneral', style='italic', variant='normal', weight=700, stretch='normal', size='scalable')) = 11.335
2026-07-01 15:47:59 - DEBUG - findfont: score(FontEntry(fname='/root/anaconda3/lib/python3.12/site-packages/matplotlib/mpl-data/fonts/ttf/DejaVuSerifDisplay.ttf', name='DejaVu Serif Display', style='normal', variant='normal', weight=400, stretch='normal', size='scalable')) = 10.05
2026-07-01 15:47:59 - DEBUG - findfont: score(FontEntry(fname='/root/anaconda3/lib/python3.12/site-packages/matplotlib/mpl-data/fonts/ttf/DejaVuSans-Bold.ttf', name='DejaVu Sans', style='normal', variant='normal', weight=700, stretch='normal', size='scalable')) = 0.33499999999999996
2026-07-01 15:47:59 - DEBUG - findfont: score(FontEntry(fname='/root/anaconda3/lib/python3.12/site-packages/matplotlib/mpl-data/fonts/ttf/cmmi10.ttf', name='cmmi10', style='normal', variant='normal', weight=400, stretch='normal', size='scalable')) = 10.05
2026-07-01 15:47:59 - DEBUG - findfont: score(FontEntry(fname='/root/anaconda3/lib/python3.12/site-packages/matplotlib/mpl-data/fonts/ttf/cmtt10.ttf', name='cmtt10', style='normal', variant='normal', weight=400, stretch='normal', size='scalable')) = 10.05
2026-07-01 15:47:59 - DEBUG - findfont: score(FontEntry(fname='/root/anaconda3/lib/python3.12/site-packages/matplotlib/mpl-data/fonts/ttf/DejaVuSerif-BoldItalic.ttf', name='DejaVu Serif', style='italic', variant='normal', weight=700, stretch='normal', size='scalable')) = 11.335
2026-07-01 15:47:59 - DEBUG - findfont: score(FontEntry(fname='/root/anaconda3/lib/python3.12/site-packages/matplotlib/mpl-data/fonts/ttf/DejaVuSansMono.ttf', name='DejaVu Sans Mono', style='normal', variant='normal', weight=400, stretch='normal', size='scalable')) = 10.05
2026-07-01 15:47:59 - DEBUG - findfont: score(FontEntry(fname='/root/anaconda3/lib/python3.12/site-packages/matplotlib/mpl-data/fonts/ttf/DejaVuSansMono-BoldOblique.ttf', name='DejaVu Sans Mono', style='oblique', variant='normal', weight=700, stretch='normal', size='scalable')) = 11.335
2026-07-01 15:47:59 - DEBUG - findfont: score(FontEntry(fname='/root/anaconda3/lib/python3.12/site-packages/matplotlib/mpl-data/fonts/ttf/STIXGeneralBol.ttf', name='STIXGeneral', style='normal', variant='normal', weight=700, stretch='normal', size='scalable')) = 10.335
2026-07-01 15:47:59 - DEBUG - findfont: score(FontEntry(fname='/root/anaconda3/lib/python3.12/site-packages/matplotlib/mpl-data/fonts/ttf/DejaVuSerif.ttf', name='DejaVu Serif', style='normal', variant='normal', weight=400, stretch='normal', size='scalable')) = 10.05
2026-07-01 15:47:59 - DEBUG - findfont: score(FontEntry(fname='/root/anaconda3/lib/python3.12/site-packages/matplotlib/mpl-data/fonts/ttf/DejaVuSans-Oblique.ttf', name='DejaVu Sans', style='oblique', variant='normal', weight=400, stretch='normal', size='scalable')) = 1.05
2026-07-01 15:47:59 - DEBUG - findfont: score(FontEntry(fname='/root/anaconda3/lib/python3.12/site-packages/matplotlib/mpl-data/fonts/ttf/DejaVuSans-BoldOblique.ttf', name='DejaVu Sans', style='oblique', variant='normal', weight=700, stretch='normal', size='scalable')) = 1.335
2026-07-01 15:47:59 - DEBUG - findfont: score(FontEntry(fname='/root/anaconda3/lib/python3.12/site-packages/matplotlib/mpl-data/fonts/ttf/DejaVuSansMono-Oblique.ttf', name='DejaVu Sans Mono', style='oblique', variant='normal', weight=400, stretch='normal', size='scalable')) = 11.05
2026-07-01 15:47:59 - DEBUG - findfont: score(FontEntry(fname='/root/anaconda3/lib/python3.12/site-packages/matplotlib/mpl-data/fonts/ttf/STIXNonUniBolIta.ttf', name='STIXNonUnicode', style='italic', variant='normal', weight=700, stretch='normal', size='scalable')) = 11.335
2026-07-01 15:47:59 - DEBUG - findfont: score(FontEntry(fname='/root/anaconda3/lib/python3.12/site-packages/matplotlib/mpl-data/fonts/ttf/STIXSizFourSymReg.ttf', name='STIXSizeFourSym', style='normal', variant='normal', weight=400, stretch='normal', size='scalable')) = 10.05
2026-07-01 15:47:59 - DEBUG - findfont: score(FontEntry(fname='/usr/share/fonts/truetype/dejavu/DejaVuSans-Bold.ttf', name='DejaVu Sans', style='normal', variant='normal', weight=700, stretch='normal', size='scalable')) = 0.33499999999999996
2026-07-01 15:47:59 - DEBUG - findfont: score(FontEntry(fname='/usr/share/fonts/truetype/dejavu/DejaVuSansMono-Bold.ttf', name='DejaVu Sans Mono', style='normal', variant='normal', weight=700, stretch='normal', size='scalable')) = 10.335
2026-07-01 15:47:59 - DEBUG - findfont: score(FontEntry(fname='/usr/share/fonts/truetype/dejavu/DejaVuSerif.ttf', name='DejaVu Serif', style='normal', variant='normal', weight=400, stretch='normal', size='scalable')) = 10.05
2026-07-01 15:47:59 - DEBUG - findfont: score(FontEntry(fname='/usr/share/fonts/truetype/dejavu/DejaVuSans.ttf', name='DejaVu Sans', style='normal', variant='normal', weight=400, stretch='normal', size='scalable')) = 0.05
2026-07-01 15:47:59 - DEBUG - findfont: score(FontEntry(fname='/usr/share/fonts/truetype/dejavu/DejaVuSansMono.ttf', name='DejaVu Sans Mono', style='normal', variant='normal', weight=400, stretch='normal', size='scalable')) = 10.05
2026-07-01 15:47:59 - DEBUG - findfont: score(FontEntry(fname='/usr/share/fonts/truetype/dejavu/DejaVuSerif-Bold.ttf', name='DejaVu Serif', style='normal', variant='normal', weight=700, stretch='normal', size='scalable')) = 10.335
2026-07-01 15:47:59 - DEBUG - findfont: Matching sans\-serif:style=normal:variant=normal:weight=normal:stretch=normal:size=12.0 to DejaVu Sans ('/root/anaconda3/lib/python3.12/site-packages/matplotlib/mpl-data/fonts/ttf/DejaVuSans.ttf') with score of 0.050000.
2026-07-01 15:48:00 - DEBUG - findfont: Matching sans\-serif:style=normal:variant=normal:weight=bold:stretch=normal:size=9.0.
2026-07-01 15:48:00 - DEBUG - findfont: score(FontEntry(fname='/root/anaconda3/lib/python3.12/site-packages/matplotlib/mpl-data/fonts/ttf/STIXSizTwoSymReg.ttf', name='STIXSizeTwoSym', style='normal', variant='normal', weight=400, stretch='normal', size='scalable')) = 10.335
2026-07-01 15:48:00 - DEBUG - findfont: score(FontEntry(fname='/root/anaconda3/lib/python3.12/site-packages/matplotlib/mpl-data/fonts/ttf/cmex10.ttf', name='cmex10', style='normal', variant='normal', weight=400, stretch='normal', size='scalable')) = 10.335
2026-07-01 15:48:00 - DEBUG - findfont: score(FontEntry(fname='/root/anaconda3/lib/python3.12/site-packages/matplotlib/mpl-data/fonts/ttf/STIXSizThreeSymBol.ttf', name='STIXSizeThreeSym', style='normal', variant='normal', weight=700, stretch='normal', size='scalable')) = 10.05
2026-07-01 15:48:00 - DEBUG - findfont: score(FontEntry(fname='/root/anaconda3/lib/python3.12/site-packages/matplotlib/mpl-data/fonts/ttf/STIXSizOneSymBol.ttf', name='STIXSizeOneSym', style='normal', variant='normal', weight=700, stretch='normal', size='scalable')) = 10.05
2026-07-01 15:48:00 - DEBUG - findfont: score(FontEntry(fname='/root/anaconda3/lib/python3.12/site-packages/matplotlib/mpl-data/fonts/ttf/DejaVuSansMono-Bold.ttf', name='DejaVu Sans Mono', style='normal', variant='normal', weight=700, stretch='normal', size='scalable')) = 10.05
2026-07-01 15:48:00 - DEBUG - findfont: score(FontEntry(fname='/root/anaconda3/lib/python3.12/site-packages/matplotlib/mpl-data/fonts/ttf/cmss10.ttf', name='cmss10', style='normal', variant='normal', weight=400, stretch='normal', size='scalable')) = 10.335
2026-07-01 15:48:00 - DEBUG - findfont: score(FontEntry(fname='/root/anaconda3/lib/python3.12/site-packages/matplotlib/mpl-data/fonts/ttf/DejaVuSerif-Italic.ttf', name='DejaVu Serif', style='italic', variant='normal', weight=400, stretch='normal', size='scalable')) = 11.335
2026-07-01 15:48:00 - DEBUG - findfont: score(FontEntry(fname='/root/anaconda3/lib/python3.12/site-packages/matplotlib/mpl-data/fonts/ttf/cmb10.ttf', name='cmb10', style='normal', variant='normal', weight=400, stretch='normal', size='scalable')) = 10.335
2026-07-01 15:48:00 - DEBUG - findfont: score(FontEntry(fname='/root/anaconda3/lib/python3.12/site-packages/matplotlib/mpl-data/fonts/ttf/STIXSizTwoSymBol.ttf', name='STIXSizeTwoSym', style='normal', variant='normal', weight=700, stretch='normal', size='scalable')) = 10.05
2026-07-01 15:48:00 - DEBUG - findfont: score(FontEntry(fname='/root/anaconda3/lib/python3.12/site-packages/matplotlib/mpl-data/fonts/ttf/DejaVuSans.ttf', name='DejaVu Sans', style='normal', variant='normal', weight=400, stretch='normal', size='scalable')) = 0.33499999999999996
2026-07-01 15:48:00 - DEBUG - findfont: score(FontEntry(fname='/root/anaconda3/lib/python3.12/site-packages/matplotlib/mpl-data/fonts/ttf/STIXGeneralItalic.ttf', name='STIXGeneral', style='italic', variant='normal', weight=400, stretch='normal', size='scalable')) = 11.335
2026-07-01 15:48:00 - DEBUG - findfont: score(FontEntry(fname='/root/anaconda3/lib/python3.12/site-packages/matplotlib/mpl-data/fonts/ttf/DejaVuSerif-Bold.ttf', name='DejaVu Serif', style='normal', variant='normal', weight=700, stretch='normal', size='scalable')) = 10.05
2026-07-01 15:48:00 - DEBUG - findfont: score(FontEntry(fname='/root/anaconda3/lib/python3.12/site-packages/matplotlib/mpl-data/fonts/ttf/STIXNonUni.ttf', name='STIXNonUnicode', style='normal', variant='normal', weight=400, stretch='normal', size='scalable')) = 10.335
2026-07-01 15:48:00 - DEBUG - findfont: score(FontEntry(fname='/root/anaconda3/lib/python3.12/site-packages/matplotlib/mpl-data/fonts/ttf/DejaVuSansDisplay.ttf', name='DejaVu Sans Display', style='normal', variant='normal', weight=400, stretch='normal', size='scalable')) = 10.335
2026-07-01 15:48:00 - DEBUG - findfont: score(FontEntry(fname='/root/anaconda3/lib/python3.12/site-packages/matplotlib/mpl-data/fonts/ttf/STIXSizThreeSymReg.ttf', name='STIXSizeThreeSym', style='normal', variant='normal', weight=400, stretch='normal', size='scalable')) = 10.335
2026-07-01 15:48:00 - DEBUG - findfont: score(FontEntry(fname='/root/anaconda3/lib/python3.12/site-packages/matplotlib/mpl-data/fonts/ttf/STIXSizFiveSymReg.ttf', name='STIXSizeFiveSym', style='normal', variant='normal', weight=400, stretch='normal', size='scalable')) = 10.335
2026-07-01 15:48:00 - DEBUG - findfont: score(FontEntry(fname='/root/anaconda3/lib/python3.12/site-packages/matplotlib/mpl-data/fonts/ttf/STIXNonUniIta.ttf', name='STIXNonUnicode', style='italic', variant='normal', weight=400, stretch='normal', size='scalable')) = 11.335
2026-07-01 15:48:00 - DEBUG - findfont: score(FontEntry(fname='/root/anaconda3/lib/python3.12/site-packages/matplotlib/mpl-data/fonts/ttf/cmsy10.ttf', name='cmsy10', style='normal', variant='normal', weight=400, stretch='normal', size='scalable')) = 10.335
2026-07-01 15:48:00 - DEBUG - findfont: score(FontEntry(fname='/root/anaconda3/lib/python3.12/site-packages/matplotlib/mpl-data/fonts/ttf/cmr10.ttf', name='cmr10', style='normal', variant='normal', weight=400, stretch='normal', size='scalable')) = 10.335
2026-07-01 15:48:00 - DEBUG - findfont: score(FontEntry(fname='/root/anaconda3/lib/python3.12/site-packages/matplotlib/mpl-data/fonts/ttf/STIXGeneral.ttf', name='STIXGeneral', style='normal', variant='normal', weight=400, stretch='normal', size='scalable')) = 10.335
2026-07-01 15:48:00 - DEBUG - findfont: score(FontEntry(fname='/root/anaconda3/lib/python3.12/site-packages/matplotlib/mpl-data/fonts/ttf/STIXNonUniBol.ttf', name='STIXNonUnicode', style='normal', variant='normal', weight=700, stretch='normal', size='scalable')) = 10.05
2026-07-01 15:48:00 - DEBUG - findfont: score(FontEntry(fname='/root/anaconda3/lib/python3.12/site-packages/matplotlib/mpl-data/fonts/ttf/STIXSizFourSymBol.ttf', name='STIXSizeFourSym', style='normal', variant='normal', weight=700, stretch='normal', size='scalable')) = 10.05
2026-07-01 15:48:00 - DEBUG - findfont: score(FontEntry(fname='/root/anaconda3/lib/python3.12/site-packages/matplotlib/mpl-data/fonts/ttf/STIXSizOneSymReg.ttf', name='STIXSizeOneSym', style='normal', variant='normal', weight=400, stretch='normal', size='scalable')) = 10.335
2026-07-01 15:48:00 - DEBUG - findfont: score(FontEntry(fname='/root/anaconda3/lib/python3.12/site-packages/matplotlib/mpl-data/fonts/ttf/STIXGeneralBolIta.ttf', name='STIXGeneral', style='italic', variant='normal', weight=700, stretch='normal', size='scalable')) = 11.05
2026-07-01 15:48:00 - DEBUG - findfont: score(FontEntry(fname='/root/anaconda3/lib/python3.12/site-packages/matplotlib/mpl-data/fonts/ttf/DejaVuSerifDisplay.ttf', name='DejaVu Serif Display', style='normal', variant='normal', weight=400, stretch='normal', size='scalable')) = 10.335
2026-07-01 15:48:00 - DEBUG - findfont: score(FontEntry(fname='/root/anaconda3/lib/python3.12/site-packages/matplotlib/mpl-data/fonts/ttf/DejaVuSans-Bold.ttf', name='DejaVu Sans', style='normal', variant='normal', weight=700, stretch='normal', size='scalable')) = 0.05
2026-07-01 15:48:00 - DEBUG - findfont: score(FontEntry(fname='/root/anaconda3/lib/python3.12/site-packages/matplotlib/mpl-data/fonts/ttf/cmmi10.ttf', name='cmmi10', style='normal', variant='normal', weight=400, stretch='normal', size='scalable')) = 10.335
2026-07-01 15:48:00 - DEBUG - findfont: score(FontEntry(fname='/root/anaconda3/lib/python3.12/site-packages/matplotlib/mpl-data/fonts/ttf/cmtt10.ttf', name='cmtt10', style='normal', variant='normal', weight=400, stretch='normal', size='scalable')) = 10.335
2026-07-01 15:48:00 - DEBUG - findfont: score(FontEntry(fname='/root/anaconda3/lib/python3.12/site-packages/matplotlib/mpl-data/fonts/ttf/DejaVuSerif-BoldItalic.ttf', name='DejaVu Serif', style='italic', variant='normal', weight=700, stretch='normal', size='scalable')) = 11.05
2026-07-01 15:48:00 - DEBUG - findfont: score(FontEntry(fname='/root/anaconda3/lib/python3.12/site-packages/matplotlib/mpl-data/fonts/ttf/DejaVuSansMono.ttf', name='DejaVu Sans Mono', style='normal', variant='normal', weight=400, stretch='normal', size='scalable')) = 10.335
2026-07-01 15:48:00 - DEBUG - findfont: score(FontEntry(fname='/root/anaconda3/lib/python3.12/site-packages/matplotlib/mpl-data/fonts/ttf/DejaVuSansMono-BoldOblique.ttf', name='DejaVu Sans Mono', style='oblique', variant='normal', weight=700, stretch='normal', size='scalable')) = 11.05
2026-07-01 15:48:00 - DEBUG - findfont: score(FontEntry(fname='/root/anaconda3/lib/python3.12/site-packages/matplotlib/mpl-data/fonts/ttf/STIXGeneralBol.ttf', name='STIXGeneral', style='normal', variant='normal', weight=700, stretch='normal', size='scalable')) = 10.05
2026-07-01 15:48:00 - DEBUG - findfont: score(FontEntry(fname='/root/anaconda3/lib/python3.12/site-packages/matplotlib/mpl-data/fonts/ttf/DejaVuSerif.ttf', name='DejaVu Serif', style='normal', variant='normal', weight=400, stretch='normal', size='scalable')) = 10.335
2026-07-01 15:48:00 - DEBUG - findfont: score(FontEntry(fname='/root/anaconda3/lib/python3.12/site-packages/matplotlib/mpl-data/fonts/ttf/DejaVuSans-Oblique.ttf', name='DejaVu Sans', style='oblique', variant='normal', weight=400, stretch='normal', size='scalable')) = 1.335
2026-07-01 15:48:00 - DEBUG - findfont: score(FontEntry(fname='/root/anaconda3/lib/python3.12/site-packages/matplotlib/mpl-data/fonts/ttf/DejaVuSans-BoldOblique.ttf', name='DejaVu Sans', style='oblique', variant='normal', weight=700, stretch='normal', size='scalable')) = 1.05
2026-07-01 15:48:00 - DEBUG - findfont: score(FontEntry(fname='/root/anaconda3/lib/python3.12/site-packages/matplotlib/mpl-data/fonts/ttf/DejaVuSansMono-Oblique.ttf', name='DejaVu Sans Mono', style='oblique', variant='normal', weight=400, stretch='normal', size='scalable')) = 11.335
2026-07-01 15:48:00 - DEBUG - findfont: score(FontEntry(fname='/root/anaconda3/lib/python3.12/site-packages/matplotlib/mpl-data/fonts/ttf/STIXNonUniBolIta.ttf', name='STIXNonUnicode', style='italic', variant='normal', weight=700, stretch='normal', size='scalable')) = 11.05
2026-07-01 15:48:00 - DEBUG - findfont: score(FontEntry(fname='/root/anaconda3/lib/python3.12/site-packages/matplotlib/mpl-data/fonts/ttf/STIXSizFourSymReg.ttf', name='STIXSizeFourSym', style='normal', variant='normal', weight=400, stretch='normal', size='scalable')) = 10.335
2026-07-01 15:48:00 - DEBUG - findfont: score(FontEntry(fname='/usr/share/fonts/truetype/dejavu/DejaVuSans-Bold.ttf', name='DejaVu Sans', style='normal', variant='normal', weight=700, stretch='normal', size='scalable')) = 0.05
2026-07-01 15:48:00 - DEBUG - findfont: score(FontEntry(fname='/usr/share/fonts/truetype/dejavu/DejaVuSansMono-Bold.ttf', name='DejaVu Sans Mono', style='normal', variant='normal', weight=700, stretch='normal', size='scalable')) = 10.05
2026-07-01 15:48:00 - DEBUG - findfont: score(FontEntry(fname='/usr/share/fonts/truetype/dejavu/DejaVuSerif.ttf', name='DejaVu Serif', style='normal', variant='normal', weight=400, stretch='normal', size='scalable')) = 10.335
2026-07-01 15:48:00 - DEBUG - findfont: score(FontEntry(fname='/usr/share/fonts/truetype/dejavu/DejaVuSans.ttf', name='DejaVu Sans', style='normal', variant='normal', weight=400, stretch='normal', size='scalable')) = 0.33499999999999996
2026-07-01 15:48:00 - DEBUG - findfont: score(FontEntry(fname='/usr/share/fonts/truetype/dejavu/DejaVuSansMono.ttf', name='DejaVu Sans Mono', style='normal', variant='normal', weight=400, stretch='normal', size='scalable')) = 10.335
2026-07-01 15:48:00 - DEBUG - findfont: score(FontEntry(fname='/usr/share/fonts/truetype/dejavu/DejaVuSerif-Bold.ttf', name='DejaVu Serif', style='normal', variant='normal', weight=700, stretch='normal', size='scalable')) = 10.05
2026-07-01 15:48:00 - DEBUG - findfont: Matching sans\-serif:style=normal:variant=normal:weight=bold:stretch=normal:size=9.0 to DejaVu Sans ('/root/anaconda3/lib/python3.12/site-packages/matplotlib/mpl-data/fonts/ttf/DejaVuSans-Bold.ttf') with score of 0.050000.
2026-07-01 15:48:01 - INFO - 
EMIB returned 1 solution(s) (max 1).
