node 0 w: 8.25, h: 9.0
node 1 w: 8.25, h: 9.0
node 2 w: 8.25,2026-06-21 19:16:12 - INFO - Set parameter WLSAccessID
2026-06-21 19:16:12 - INFO - Set parameter WLSSecret
2026-06-21 19:16:12 - INFO - Set parameter LicenseID to value 2756663
2026-06-21 19:16:12 - INFO - Academic license 2756663 - for non-commercial use only - registered to hu___@sjtu.edu.cn
2026-06-21 19:16:12 - INFO - Set parameter TimeLimit to value 300
2026-06-21 19:16:12 - INFO - Set parameter MIPGap to value 0
2026-06-21 19:16:12 - INFO - Set parameter MIPFocus to value 3
2026-06-21 19:16:12 - INFO - Set parameter Heuristics to value 0.5
2026-06-21 19:16:12 - INFO - Set parameter LogToConsole to value 1
2026-06-21 19:16:12 - INFO - Gurobi Optimizer version 13.0.1 build v13.0.1rc0 (linux64 - "Ubuntu 20.04.6 LTS")
2026-06-21 19:16:12 - INFO - 
2026-06-21 19:16:12 - INFO - CPU model: AMD Ryzen 9 9950X3D 16-Core Processor, instruction set [SSE2|AVX|AVX2|AVX512]
2026-06-21 19:16:12 - INFO - Thread count: 14 physical cores, 28 logical processors, using up to 28 threads
2026-06-21 19:16:12 - INFO - 
2026-06-21 19:16:12 - INFO - Non-default parameters:
2026-06-21 19:16:12 - INFO - TimeLimit  300
2026-06-21 19:16:12 - INFO - MIPGap  0
2026-06-21 19:16:12 - INFO - Heuristics  0.5
2026-06-21 19:16:12 - INFO - MIPFocus  3
2026-06-21 19:16:12 - INFO - 
2026-06-21 19:16:12 - INFO - Academic license 2756663 - for non-commercial use only - registered to hu___@sjtu.edu.cn
2026-06-21 19:16:12 - INFO - Optimize a model with 1063 rows, 498 columns and 3539 nonzeros (Min)
2026-06-21 19:16:12 - INFO - Model fingerprint: 0xdb5a3861
2026-06-21 19:16:12 - INFO - Model has 4 linear objective coefficients
2026-06-21 19:16:12 - INFO - Variable types: 222 continuous, 276 integer (276 binary)
2026-06-21 19:16:12 - INFO - Coefficient statistics:
2026-06-21 19:16:12 - INFO -   Matrix range     [5e-01, 2e+04]
2026-06-21 19:16:12 - INFO -   Objective range  [4e-07, 1e-01]
2026-06-21 19:16:12 - INFO -   Bounds range     [9e-01, 7e+06]
2026-06-21 19:16:12 - INFO -   RHS range        [9e-01, 2e+02]
2026-06-21 19:16:12 - INFO - 
2026-06-21 19:16:12 - INFO - Presolve removed 101 rows and 89 columns
2026-06-21 19:16:12 - INFO - Presolve time: 0.01s
2026-06-21 19:16:12 - INFO - Presolved: 962 rows, 409 columns, 3126 nonzeros
2026-06-21 19:16:12 - INFO - Variable types: 153 continuous, 256 integer (256 binary)
2026-06-21 19:16:12 - INFO - Root relaxation presolve removed 218 rows and 78 columns
2026-06-21 19:16:12 - INFO - Root relaxation presolved: 744 rows, 343 columns, 2608 nonzeros
2026-06-21 19:16:12 - INFO - 
2026-06-21 19:16:12 - INFO - 
2026-06-21 19:16:12 - INFO - Root relaxation: objective -1.403029e+01, 195 iterations, 0.00 seconds (0.00 work units)
2026-06-21 19:16:12 - INFO - 
2026-06-21 19:16:12 - INFO -     Nodes    |    Current Node    |     Objective Bounds      |     Work
2026-06-21 19:16:12 - INFO -  Expl Unexpl |  Obj  Depth IntInf | Incumbent    BestBd   Gap | It/Node Time
2026-06-21 19:16:12 - INFO - 
2026-06-21 19:16:12 - INFO -      0     0  -14.03029    0  120          -  -14.03029      -     -    0s
2026-06-21 19:16:12 - INFO - H    0     0                      14.0643266  -11.67087   183%     -    0s
2026-06-21 19:16:12 - INFO -      0     0  -10.88508    0  156   14.06433  -10.88508   177%     -    0s
2026-06-21 19:16:12 - INFO -      0     0  -10.88508    0  156   14.06433  -10.88508   177%     -    0s
2026-06-21 19:16:12 - INFO -      0     0  -10.88508    0  124   14.06433  -10.88508   177%     -    0s
2026-06-21 19:16:12 - INFO -      0     0   -7.33279    0  133   14.06433   -7.33279   152%     -    0s
2026-06-21 19:16:12 - INFO -      0     0   -4.77659    0   97   14.06433   -4.77659   134%     -    0s
2026-06-21 19:16:12 - INFO -      0     0   -4.77659    0   91   14.06433   -4.77659   134%     -    0s
2026-06-21 19:16:12 - INFO -      0     0   -4.77659    0   76   14.06433   -4.77659   134%     -    0s
2026-06-21 19:16:12 - INFO -      0     0   -2.94126    0   89   14.06433   -2.94126   121%     -    0s
2026-06-21 19:16:12 - INFO -      0     0    1.15488    0  127   14.06433    1.15488  91.8%     -    0s
2026-06-21 19:16:12 - INFO -      0     0    1.15488    0  127   14.06433    1.15488  91.8%     -    0s
2026-06-21 19:16:12 - INFO -      0     0    1.15488    0  112   14.06433    1.15488  91.8%     -    0s
2026-06-21 19:16:12 - INFO -      0     0    1.17263    0  120   14.06433    1.17263  91.7%     -    0s
2026-06-21 19:16:12 - INFO -      0     0    1.55461    0  143   14.06433    1.55461  88.9%     -    0s
2026-06-21 19:16:12 - INFO -      0     0    1.55461    0  143   14.06433    1.55461  88.9%     -    0s
2026-06-21 19:16:12 - INFO -      0     0    1.55461    0  124   14.06433    1.55461  88.9%     -    0s
2026-06-21 19:16:12 - INFO - H    0     0                      11.0767232    1.60335  85.5%     -    0s
2026-06-21 19:16:12 - INFO - H    0     0                      10.6625162    1.60335  85.0%     -    0s
2026-06-21 19:16:12 - INFO -      0     0    1.71656    0  131   10.66252    1.71656  83.9%     -    0s
2026-06-21 19:16:12 - INFO -      0     0    1.73776    0  145   10.66252    1.73776  83.7%     -    0s
2026-06-21 19:16:12 - INFO -      0     0    1.73858    0  145   10.66252    1.73858  83.7%     -    0s
2026-06-21 19:16:12 - INFO -      0     0    2.42259    0  143   10.66252    2.42259  77.3%     -    0s
2026-06-21 19:16:12 - INFO -      0     0    2.42259    0  143   10.66252    2.42259  77.3%     -    0s
2026-06-21 19:16:12 - INFO -      0     0    2.42259    0  137   10.66252    2.42259  77.3%     -    0s
2026-06-21 19:16:12 - INFO -      0     0    2.50277    0  138   10.66252    2.50277  76.5%     -    0s
2026-06-21 19:16:12 - INFO -      0     0    2.50620    0  140   10.66252    2.50620  76.5%     -    0s
2026-06-21 19:16:13 - INFO -      0     0    2.54892    0  149   10.66252    2.54892  76.1%     -    1s
2026-06-21 19:16:13 - INFO -      0     0    2.54892    0  149   10.66252    2.54892  76.1%     -    1s
2026-06-21 19:16:13 - INFO - H    0     0                      10.5756595    2.55900  75.8%     -    1s
2026-06-21 19:16:13 - INFO -      0     0    2.56124    0  161   10.57566    2.56124  75.8%     -    1s
2026-06-21 19:16:13 - INFO -      0     0    2.56462    0  167   10.57566    2.56462  75.7%     -    1s
2026-06-21 19:16:14 - INFO -      0     0    2.62415    0  164   10.57566    2.62415  75.2%     -    1s
2026-06-21 19:16:14 - INFO -      0     0    2.62415    0  164   10.57566    2.62415  75.2%     -    1s
2026-06-21 19:16:15 - INFO -      0     0    2.62415    0  154   10.57566    2.62415  75.2%     -    3s
2026-06-21 19:16:15 - INFO -      0     0    2.66347    0  152   10.57566    2.66347  74.8%     -    3s
2026-06-21 19:16:15 - INFO -      0     0    2.66347    0  152   10.57566    2.66347  74.8%     -    3s
2026-06-21 19:16:15 - INFO -      0     2    2.66738    0  152   10.57566    2.66738  74.8%     -    3s
2026-06-21 19:16:15 - INFO - H   43    83                      10.5215489    3.18474  69.7%   130    3s
2026-06-21 19:16:15 - INFO - H   49    83                      10.4795077    3.19006  69.6%   120    3s
2026-06-21 19:16:15 - INFO - H   53    83                      10.4482156    3.19094  69.5%   115    3s
2026-06-21 19:16:15 - INFO - H   73    83                      10.4252505    3.19921  69.3%   110    3s
2026-06-21 19:16:16 - INFO - H  186   201                      10.3154286    3.30643  67.9%   106    3s
2026-06-21 19:16:16 - INFO - H  188   201                       9.4112785    3.30998  64.8%   107    3s
2026-06-21 19:16:16 - INFO - H  226   245                       9.3014567    3.33791  64.1%   117    4s
2026-06-21 19:16:16 - INFO - H  236   245                       9.1705984    3.34077  63.6%   118    4s
2026-06-21 19:16:16 - INFO - H  245   268                       9.1553304    3.35523  63.4%   121    4s
2026-06-21 19:16:16 - INFO - H  291   305                       9.1552978    3.39283  62.9%   126    4s
2026-06-21 19:16:16 - INFO - H  293   305                       9.0640155    3.39533  62.5%   127    4s
2026-06-21 19:16:17 - INFO -    430   444    3.85804   10  158    9.06402    3.55844  60.7%   153    5s
2026-06-21 19:16:17 - INFO - H  461   472                       9.0639829    3.58734  60.4%   156    5s
2026-06-21 19:16:17 - INFO - H  504   558                       9.0586919    3.60731  60.2%   156    5s
2026-06-21 19:16:17 - INFO - H  565   592                       9.0425964    3.62213  59.9%   150    5s
2026-06-21 19:16:17 - INFO - H  570   592                       9.0324178    3.62441  59.9%   150    5s
2026-06-21 19:16:17 - INFO - H  594   592                       9.0323852    3.63445  59.8%   147    5s
2026-06-21 19:16:17 - INFO - H  599   697                       8.1973710    3.63502  55.7%   147    5s
2026-06-21 19:16:17 - INFO - H  779   863                       8.1413883    3.67689  54.8%   134    5s
2026-06-21 19:16:17 - INFO - H  876   898                       8.1413379    3.68877  54.7%   126    5s
2026-06-21 19:16:21 - INFO - H 2079  1904                       8.1413379    4.88410  40.0%  93.9    9s
2026-06-21 19:16:21 - INFO - H 2079  1808                       8.1413379    4.88410  40.0%  93.9    9s
2026-06-21 19:16:21 - INFO - H 2081  1718                       8.1413379    5.32160  34.6%  93.8    9s
2026-06-21 19:16:21 - INFO - H 2081  1632                       8.1413379    5.32160  34.6%  93.8    9s
2026-06-21 19:16:22 - INFO -   2087  1636    5.52844   15  203    8.14134    5.52844  32.1%  93.5   10s
2026-06-21 19:16:22 - INFO - H 2088  1555                       8.1413379    5.54325  31.9%  93.5   10s
2026-06-21 19:16:22 - INFO - H 2088  1476                       8.1413379    5.54325  31.9%  93.5   10s
2026-06-21 19:16:22 - INFO - H 2090  1403                       8.1413378    5.57647  31.5%  93.4   10s
2026-06-21 19:16:23 - INFO - H 2093  1334                       8.1413378    5.58504  31.4%  93.2   11s
2026-06-21 19:16:24 - INFO - H 2101  1273                       8.1413378    5.61295  31.1%  97.5   11s
2026-06-21 19:16:24 - INFO - H 2101  1210                       8.1413378    5.61295  31.1%  97.5   11s
2026-06-21 19:16:24 - INFO - H 2110  1155                       8.1413378    5.75527  29.3%  97.1   12s
2026-06-21 19:16:25 - INFO - H 2359  1278                       8.1413378    5.98223  26.5%   105   13s
2026-06-21 19:16:26 - INFO - H 2972  1621                       8.1413378    6.18229  24.1%   114   14s
2026-06-21 19:16:26 - INFO - H 3436  1842                       8.1413378    6.28954  22.7%   118   14s
2026-06-21 19:16:27 - INFO - H 3623  2014                       8.1413377    6.30318  22.6%   117   14s
2026-06-21 19:16:27 - INFO - H 3675  1948                       8.1413377    6.31121  22.5%   117   14s
2026-06-21 19:16:27 - INFO - H 3714  1890                       8.1413377    6.31291  22.5%   116   14s
2026-06-21 19:16:27 - INFO -   3784  2015    6.40114   33  128    8.14134    6.32039  22.4%   116   15s
2026-06-21 19:16:27 - INFO - H 3951  1916                       8.1413377    6.33787  22.2%   116   15s
2026-06-21 19:16:27 - INFO - H 4047  2062                       8.1413377    6.34888  22.0%   115   15s
2026-06-21 19:16:27 - INFO - H 4145  1992                       8.1413377    6.35571  21.9%   115   15s
2026-06-21 19:16:27 - INFO - H 4731  2484                       8.1413377    6.43759  20.9%   114   15s
2026-06-21 19:16:27 - INFO - H 4773  2484                       8.1413377    6.44023  20.9%   114   15s
2026-06-21 19:16:27 - INFO - H 5293  2982                       8.1413377    6.49072  20.3%   114   15s
2026-06-21 19:16:27 - INFO - H 5390  2982                       8.1413377    6.49633  20.2%   114   15s
2026-06-21 19:16:28 - INFO - H 6183  3685                       8.1413377    6.59316  19.0%   115   16s
2026-06-21 19:16:28 - INFO - H 6393  3685                       8.1413377    6.59831  19.0%   115   16s
2026-06-21 19:16:29 - INFO - H 8779  5377                       8.1413377    6.86344  15.7%   113   17s
2026-06-21 19:16:30 - INFO - H11418  7427                       8.1413377    6.98068  14.3%   107   18s
2026-06-21 19:16:31 - INFO - H15667 10040                       8.1413376    7.12135  12.5%  98.5   19s
2026-06-21 19:16:32 - INFO -  17354 10847    7.15308   40   73    8.14134    7.15007  12.2%  95.7   20s
2026-06-21 19:16:34 - INFO - H23419 13713                       8.1413376    7.26232  10.8%  90.4   22s
2026-06-21 19:16:34 - INFO - H24684 14372                       8.1413376    7.28190  10.6%  89.6   22s
2026-06-21 19:16:35 - INFO - H25274 14526                       8.1413376    7.29913  10.3%  89.3   23s
2026-06-21 19:16:37 - INFO - H31252 16606                       8.1413376    7.42578  8.79%  85.1   24s
2026-06-21 19:16:37 - INFO -  32482 16643    7.49923   35   58    8.14134    7.43691  8.65%  84.3   25s
2026-06-21 19:16:42 - INFO -  50832 21780 infeasible   43         8.14134    7.65066  6.03%  71.8   30s
2026-06-21 19:16:42 - INFO - H51203 21820                       8.1413341    7.65483  5.98%  71.6   30s
2026-06-21 19:16:42 - INFO - H51249 21820                       8.1413319    7.65512  5.97%  71.6   30s
2026-06-21 19:16:42 - INFO - H51463 21820                       8.1413319    7.65644  5.96%  71.5   30s
2026-06-21 19:16:47 - INFO -  57163 24195    7.71286   46   36    8.14133    7.69667  5.46%  68.6   35s
2026-06-21 19:16:52 - INFO -  86703 23490    7.89040   37   44    8.14133    7.85306  3.54%  57.7   40s
2026-06-21 19:16:57 - INFO -  110468 25140     cutoff   46         8.14133    7.96336  2.19%  50.9   45s
2026-06-21 19:17:02 - INFO -  135941 22425    8.03295   53   16    8.14133    8.03295  1.33%  45.3   50s
2026-06-21 19:17:07 - INFO -  165601  9136     cutoff   53         8.14133    8.10984  0.39%  40.1   55s
2026-06-21 19:17:12 - INFO -  173976  3241     cutoff   50         8.14133    8.13274  0.11%  38.8   60s
2026-06-21 19:17:14 - INFO - 
2026-06-21 19:17:14 - INFO - Cutting planes:
2026-06-21 19:17:14 - INFO -   Learned: 179
2026-06-21 19:17:14 - INFO -   Gomory: 131
2026-06-21 19:17:14 - INFO -   Lift-and-project: 57
2026-06-21 19:17:14 - INFO -   Cover: 656
2026-06-21 19:17:14 - INFO -   Implied bound: 29
2026-06-21 19:17:14 - INFO -   Projected implied bound: 1
2026-06-21 19:17:14 - INFO -   Clique: 4
2026-06-21 19:17:14 - INFO -   MIR: 246
2026-06-21 19:17:14 - INFO -   Mixing: 14
2026-06-21 19:17:14 - INFO -   Flow cover: 1167
2026-06-21 19:17:14 - INFO -   Inf proof: 671
2026-06-21 19:17:14 - INFO -   Zero half: 80
2026-06-21 19:17:14 - INFO -   RLT: 17
2026-06-21 19:17:14 - INFO -   Relax-and-lift: 199
2026-06-21 19:17:14 - INFO - 
2026-06-21 19:17:14 - INFO - Explored 179354 nodes (6812862 simplex iterations) in 62.45 seconds (101.35 work units)
2026-06-21 19:17:14 - INFO - Thread count was 28 (of 28 available processors)
2026-06-21 19:17:14 - INFO - 
2026-06-21 19:17:14 - INFO - Solution count 10: 8.14133 8.14133 8.14133 ... 8.19737
2026-06-21 19:17:14 - INFO - 
2026-06-21 19:17:14 - INFO - Optimal solution found (tolerance 0.00e+00)
2026-06-21 19:17:14 - INFO - Best objective 8.141331892736e+00, best bound 8.141331892736e+00, gap 0.0000%
2026-06-21 19:17:14 - DEBUG - Loaded backend Agg version v2.2.
2026-06-21 19:17:14 - DEBUG - findfont: Matching sans\-serif:style=normal:variant=normal:weight=normal:stretch=normal:size=10.0.
2026-06-21 19:17:14 - DEBUG - findfont: score(FontEntry(fname='/root/anaconda3/lib/python3.12/site-packages/matplotlib/mpl-data/fonts/ttf/STIXSizTwoSymReg.ttf', name='STIXSizeTwoSym', style='normal', variant='normal', weight=400, stretch='normal', size='scalable')) = 10.05
2026-06-21 19:17:14 - DEBUG - findfont: score(FontEntry(fname='/root/anaconda3/lib/python3.12/site-packages/matplotlib/mpl-data/fonts/ttf/cmex10.ttf', name='cmex10', style='normal', variant='normal', weight=400, stretch='normal', size='scalable')) = 10.05
2026-06-21 19:17:14 - DEBUG - findfont: score(FontEntry(fname='/root/anaconda3/lib/python3.12/site-packages/matplotlib/mpl-data/fonts/ttf/STIXSizThreeSymBol.ttf', name='STIXSizeThreeSym', style='normal', variant='normal', weight=700, stretch='normal', size='scalable')) = 10.335
2026-06-21 19:17:14 - DEBUG - findfont: score(FontEntry(fname='/root/anaconda3/lib/python3.12/site-packages/matplotlib/mpl-data/fonts/ttf/STIXSizOneSymBol.ttf', name='STIXSizeOneSym', style='normal', variant='normal', weight=700, stretch='normal', size='scalable')) = 10.335
2026-06-21 19:17:14 - DEBUG - findfont: score(FontEntry(fname='/root/anaconda3/lib/python3.12/site-packages/matplotlib/mpl-data/fonts/ttf/DejaVuSansMono-Bold.ttf', name='DejaVu Sans Mono', style='normal', variant='normal', weight=700, stretch='normal', size='scalable')) = 10.335
2026-06-21 19:17:14 - DEBUG - findfont: score(FontEntry(fname='/root/anaconda3/lib/python3.12/site-packages/matplotlib/mpl-data/fonts/ttf/cmss10.ttf', name='cmss10', style='normal', variant='normal', weight=400, stretch='normal', size='scalable')) = 10.05
2026-06-21 19:17:14 - DEBUG - findfont: score(FontEntry(fname='/root/anaconda3/lib/python3.12/site-packages/matplotlib/mpl-data/fonts/ttf/DejaVuSerif-Italic.ttf', name='DejaVu Serif', style='italic', variant='normal', weight=400, stretch='normal', size='scalable')) = 11.05
2026-06-21 19:17:14 - DEBUG - findfont: score(FontEntry(fname='/root/anaconda3/lib/python3.12/site-packages/matplotlib/mpl-data/fonts/ttf/cmb10.ttf', name='cmb10', style='normal', variant='normal', weight=400, stretch='normal', size='scalable')) = 10.05
2026-06-21 19:17:14 - DEBUG - findfont: score(FontEntry(fname='/root/anaconda3/lib/python3.12/site-packages/matplotlib/mpl-data/fonts/ttf/STIXSizTwoSymBol.ttf', name='STIXSizeTwoSym', style='normal', variant='normal', weight=700, stretch='normal', size='scalable')) = 10.335
2026-06-21 19:17:14 - DEBUG - findfont: score(FontEntry(fname='/root/anaconda3/lib/python3.12/site-packages/matplotlib/mpl-data/fonts/ttf/DejaVuSans.ttf', name='DejaVu Sans', style='normal', variant='normal', weight=400, stretch='normal', size='scalable')) = 0.05
2026-06-21 19:17:14 - DEBUG - findfont: score(FontEntry(fname='/root/anaconda3/lib/python3.12/site-packages/matplotlib/mpl-data/fonts/ttf/STIXGeneralItalic.ttf', name='STIXGeneral', style='italic', variant='normal', weight=400, stretch='normal', size='scalable')) = 11.05
2026-06-21 19:17:14 - DEBUG - findfont: score(FontEntry(fname='/root/anaconda3/lib/python3.12/site-packages/matplotlib/mpl-data/fonts/ttf/DejaVuSerif-Bold.ttf', name='DejaVu Serif', style='normal', variant='normal', weight=700, stretch='normal', size='scalable')) = 10.335
2026-06-21 19:17:14 - DEBUG - findfont: score(FontEntry(fname='/root/anaconda3/lib/python3.12/site-packages/matplotlib/mpl-data/fonts/ttf/STIXNonUni.ttf', name='STIXNonUnicode', style='normal', variant='normal', weight=400, stretch='normal', size='scalable')) = 10.05
2026-06-21 19:17:14 - DEBUG - findfont: score(FontEntry(fname='/root/anaconda3/lib/python3.12/site-packages/matplotlib/mpl-data/fonts/ttf/DejaVuSansDisplay.ttf', name='DejaVu Sans Display', style='normal', variant='normal', weight=400, stretch='normal', size='scalable')) = 10.05
2026-06-21 19:17:14 - DEBUG - findfont: score(FontEntry(fname='/root/anaconda3/lib/python3.12/site-packages/matplotlib/mpl-data/fonts/ttf/STIXSizThreeSymReg.ttf', name='STIXSizeThreeSym', style='normal', variant='normal', weight=400, stretch='normal', size='scalable')) = 10.05
2026-06-21 19:17:14 - DEBUG - findfont: score(FontEntry(fname='/root/anaconda3/lib/python3.12/site-packages/matplotlib/mpl-data/fonts/ttf/STIXSizFiveSymReg.ttf', name='STIXSizeFiveSym', style='normal', variant='normal', weight=400, stretch='normal', size='scalable')) = 10.05
2026-06-21 19:17:14 - DEBUG - findfont: score(FontEntry(fname='/root/anaconda3/lib/python3.12/site-packages/matplotlib/mpl-data/fonts/ttf/STIXNonUniIta.ttf', name='STIXNonUnicode', style='italic', variant='normal', weight=400, stretch='normal', size='scalable')) = 11.05
2026-06-21 19:17:14 - DEBUG - findfont: score(FontEntry(fname='/root/anaconda3/lib/python3.12/site-packages/matplotlib/mpl-data/fonts/ttf/cmsy10.ttf', name='cmsy10', style='normal', variant='normal', weight=400, stretch='normal', size='scalable')) = 10.05
2026-06-21 19:17:14 - DEBUG - findfont: score(FontEntry(fname='/root/anaconda3/lib/python3.12/site-packages/matplotlib/mpl-data/fonts/ttf/cmr10.ttf', name='cmr10', style='normal', variant='normal', weight=400, stretch='normal', size='scalable')) = 10.05
2026-06-21 19:17:14 - DEBUG - findfont: score(FontEntry(fname='/root/anaconda3/lib/python3.12/site-packages/matplotlib/mpl-data/fonts/ttf/STIXGeneral.ttf', name='STIXGeneral', style='normal', variant='normal', weight=400, stretch='normal', size='scalable')) = 10.05
2026-06-21 19:17:14 - DEBUG - findfont: score(FontEntry(fname='/root/anaconda3/lib/python3.12/site-packages/matplotlib/mpl-data/fonts/ttf/STIXNonUniBol.ttf', name='STIXNonUnicode', style='normal', variant='normal', weight=700, stretch='normal', size='scalable')) = 10.335
2026-06-21 19:17:14 - DEB[EMIB] Layout figure saved: /root/placement/MPDAP/output_gurobi_EMIB_chiplet_5_6_01_1/fig/sys_micro150_core/solution_1_layout_gurobi.png
  ✓ EMIB: 1 solution(s)
yle='normal', variant='normal', weight=700, stretch='normal', size='scalable')) = 10.335
2026-06-21 19:17:14 - DEBUG - findfont: score(FontEntry(fname='/root/anaconda3/lib/python3.12/site-packages/matplotlib/mpl-data/fonts/ttf/STIXSizOneSymReg.ttf', name='STIXSizeOneSym', style='normal', variant='normal', weight=400, stretch='normal', size='scalable')) = 10.05
2026-06-21 19:17:14 - DEBUG - findfont: score(FontEntry(fname='/root/anaconda3/lib/python3.12/site-packages/matplotlib/mpl-data/fonts/ttf/STIXGeneralBolIta.ttf', name='STIXGeneral', style='italic', variant='normal', weight=700, stretch='normal', size='scalable')) = 11.335
2026-06-21 19:17:14 - DEBUG - findfont: score(FontEntry(fname='/root/anaconda3/lib/python3.12/site-packages/matplotlib/mpl-data/fonts/ttf/DejaVuSerifDisplay.ttf', name='DejaVu Serif Display', style='normal', variant='normal', weight=400, stretch='normal', size='scalable')) = 10.05
2026-06-21 19:17:14 - DEBUG - findfont: score(FontEntry(fname='/root/anaconda3/lib/python3.12/site-packages/matplotlib/mpl-data/fonts/ttf/DejaVuSans-Bold.ttf', name='DejaVu Sans', style='normal', variant='normal', weight=700, stretch='normal', size='scalable')) = 0.33499999999999996
2026-06-21 19:17:14 - DEBUG - findfont: score(FontEntry(fname='/root/anaconda3/lib/python3.12/site-packages/matplotlib/mpl-data/fonts/ttf/cmmi10.ttf', name='cmmi10', style='normal', variant='normal', weight=400, stretch='normal', size='scalable')) = 10.05
2026-06-21 19:17:14 - DEBUG - findfont: score(FontEntry(fname='/root/anaconda3/lib/python3.12/site-packages/matplotlib/mpl-data/fonts/ttf/cmtt10.ttf', name='cmtt10', style='normal', variant='normal', weight=400, stretch='normal', size='scalable')) = 10.05
2026-06-21 19:17:14 - DEBUG - findfont: score(FontEntry(fname='/root/anaconda3/lib/python3.12/site-packages/matplotlib/mpl-data/fonts/ttf/DejaVuSerif-BoldItalic.ttf', name='DejaVu Serif', style='italic', variant='normal', weight=700, stretch='normal', size='scalable')) = 11.335
2026-06-21 19:17:14 - DEBUG - findfont: score(FontEntry(fname='/root/anaconda3/lib/python3.12/site-packages/matplotlib/mpl-data/fonts/ttf/DejaVuSansMono.ttf', name='DejaVu Sans Mono', style='normal', variant='normal', weight=400, stretch='normal', size='scalable')) = 10.05
2026-06-21 19:17:14 - DEBUG - findfont: score(FontEntry(fname='/root/anaconda3/lib/python3.12/site-packages/matplotlib/mpl-data/fonts/ttf/DejaVuSansMono-BoldOblique.ttf', name='DejaVu Sans Mono', style='oblique', variant='normal', weight=700, stretch='normal', size='scalable')) = 11.335
2026-06-21 19:17:14 - DEBUG - findfont: score(FontEntry(fname='/root/anaconda3/lib/python3.12/site-packages/matplotlib/mpl-data/fonts/ttf/STIXGeneralBol.ttf', name='STIXGeneral', style='normal', variant='normal', weight=700, stretch='normal', size='scalable')) = 10.335
2026-06-21 19:17:14 - DEBUG - findfont: score(FontEntry(fname='/root/anaconda3/lib/python3.12/site-packages/matplotlib/mpl-data/fonts/ttf/DejaVuSerif.ttf', name='DejaVu Serif', style='normal', variant='normal', weight=400, stretch='normal', size='scalable')) = 10.05
2026-06-21 19:17:14 - DEBUG - findfont: score(FontEntry(fname='/root/anaconda3/lib/python3.12/site-packages/matplotlib/mpl-data/fonts/ttf/DejaVuSans-Oblique.ttf', name='DejaVu Sans', style='oblique', variant='normal', weight=400, stretch='normal', size='scalable')) = 1.05
2026-06-21 19:17:14 - DEBUG - findfont: score(FontEntry(fname='/root/anaconda3/lib/python3.12/site-packages/matplotlib/mpl-data/fonts/ttf/DejaVuSans-BoldOblique.ttf', name='DejaVu Sans', style='oblique', variant='normal', weight=700, stretch='normal', size='scalable')) = 1.335
2026-06-21 19:17:14 - DEBUG - findfont: score(FontEntry(fname='/root/anaconda3/lib/python3.12/site-packages/matplotlib/mpl-data/fonts/ttf/DejaVuSansMono-Oblique.ttf', name='DejaVu Sans Mono', style='oblique', variant='normal', weight=400, stretch='normal', size='scalable')) = 11.05
2026-06-21 19:17:14 - DEBUG - findfont: score(FontEntry(fname='/root/anaconda3/lib/python3.12/site-packages/matplotlib/mpl-data/fonts/ttf/STIXNonUniBolIta.ttf', name='STIXNonUnicode', style='italic', variant='normal', weight=700, stretch='normal', size='scalable')) = 11.335
2026-06-21 19:17:14 - DEBUG - findfont: score(FontEntry(fname='/root/anaconda3/lib/python3.12/site-packages/matplotlib/mpl-data/fonts/ttf/STIXSizFourSymReg.ttf', name='STIXSizeFourSym', style='normal', variant='normal', weight=400, stretch='normal', size='scalable')) = 10.05
2026-06-21 19:17:14 - DEBUG - findfont: score(FontEntry(fname='/usr/share/fonts/truetype/dejavu/DejaVuSans-Bold.ttf', name='DejaVu Sans', style='normal', variant='normal', weight=700, stretch='normal', size='scalable')) = 0.33499999999999996
2026-06-21 19:17:14 - DEBUG - findfont: score(FontEntry(fname='/usr/share/fonts/truetype/dejavu/DejaVuSansMono-Bold.ttf', name='DejaVu Sans Mono', style='normal', variant='normal', weight=700, stretch='normal', size='scalable')) = 10.335
2026-06-21 19:17:14 - DEBUG - findfont: score(FontEntry(fname='/usr/share/fonts/truetype/dejavu/DejaVuSerif.ttf', name='DejaVu Serif', style='normal', variant='normal', weight=400, stretch='normal', size='scalable')) = 10.05
2026-06-21 19:17:14 - DEBUG - findfont: score(FontEntry(fname='/usr/share/fonts/truetype/dejavu/DejaVuSans.ttf', name='DejaVu Sans', style='normal', variant='normal', weight=400, stretch='normal', size='scalable')) = 0.05
2026-06-21 19:17:14 - DEBUG - findfont: score(FontEntry(fname='/usr/share/fonts/truetype/dejavu/DejaVuSansMono.ttf', name='DejaVu Sans Mono', style='normal', variant='normal', weight=400, stretch='normal', size='scalable')) = 10.05
2026-06-21 19:17:14 - DEBUG - findfont: score(FontEntry(fname='/usr/share/fonts/truetype/dejavu/DejaVuSerif-Bold.ttf', name='DejaVu Serif', style='normal', variant='normal', weight=700, stretch='normal', size='scalable')) = 10.335
2026-06-21 19:17:14 - DEBUG - findfont: Matching sans\-serif:style=normal:variant=normal:weight=normal:stretch=normal:size=10.0 to DejaVu Sans ('/root/anaconda3/lib/python3.12/site-packages/matplotlib/mpl-data/fonts/ttf/DejaVuSans.ttf') with score of 0.050000.
2026-06-21 19:17:16 - DEBUG - findfont: Matching sans\-serif:style=normal:variant=normal:weight=normal:stretch=normal:size=12.0.
2026-06-21 19:17:16 - DEBUG - findfont: score(FontEntry(fname='/root/anaconda3/lib/python3.12/site-packages/matplotlib/mpl-data/fonts/ttf/STIXSizTwoSymReg.ttf', name='STIXSizeTwoSym', style='normal', variant='normal', weight=400, stretch='normal', size='scalable')) = 10.05
2026-06-21 19:17:16 - DEBUG - findfont: score(FontEntry(fname='/root/anaconda3/lib/python3.12/site-packages/matplotlib/mpl-data/fonts/ttf/cmex10.ttf', name='cmex10', style='normal', variant='normal', weight=400, stretch='normal', size='scalable')) = 10.05
2026-06-21 19:17:16 - DEBUG - findfont: score(FontEntry(fname='/root/anaconda3/lib/python3.12/site-packages/matplotlib/mpl-data/fonts/ttf/STIXSizThreeSymBol.ttf', name='STIXSizeThreeSym', style='normal', variant='normal', weight=700, stretch='normal', size='scalable')) = 10.335
2026-06-21 19:17:16 - DEBUG - findfont: score(FontEntry(fname='/root/anaconda3/lib/python3.12/site-packages/matplotlib/mpl-data/fonts/ttf/STIXSizOneSymBol.ttf', name='STIXSizeOneSym', style='normal', variant='normal', weight=700, stretch='normal', size='scalable')) = 10.335
2026-06-21 19:17:16 - DEBUG - findfont: score(FontEntry(fname='/root/anaconda3/lib/python3.12/site-packages/matplotlib/mpl-data/fonts/ttf/DejaVuSansMono-Bold.ttf', name='DejaVu Sans Mono', style='normal', variant='normal', weight=700, stretch='normal', size='scalable')) = 10.335
2026-06-21 19:17:16 - DEBUG - findfont: score(FontEntry(fname='/root/anaconda3/lib/python3.12/site-packages/matplotlib/mpl-data/fonts/ttf/cmss10.ttf', name='cmss10', style='normal', variant='normal', weight=400, stretch='normal', size='scalable')) = 10.05
2026-06-21 19:17:16 - DEBUG - findfont: score(FontEntry(fname='/root/anaconda3/lib/python3.12/site-packages/matplotlib/mpl-data/fonts/ttf/DejaVuSerif-Italic.ttf', name='DejaVu Serif', style='italic', variant='normal', weight=400, stretch='normal', size='scalable')) = 11.05
2026-06-21 19:17:16 - DEBUG - findfont: score(FontEntry(fname='/root/anaconda3/lib/python3.12/site-packages/matplotlib/mpl-data/fonts/ttf/cmb10.ttf', name='cmb10', style='normal', variant='normal', weight=400, stretch='normal', size='scalable')) = 10.05
2026-06-21 19:17:16 - DEBUG - findfont: score(FontEntry(fname='/root/anaconda3/lib/python3.12/site-packages/matplotlib/mpl-data/fonts/ttf/STIXSizTwoSymBol.ttf', name='STIXSizeTwoSym', style='normal', variant='normal', weight=700, stretch='normal', size='scalable')) = 10.335
2026-06-21 19:17:16 - DEBUG - findfont: score(FontEntry(fname='/root/anaconda3/lib/python3.12/site-packages/matplotlib/mpl-data/fonts/ttf/DejaVuSans.ttf', name='DejaVu Sans', style='normal', variant='normal', weight=400, stretch='normal', size='scalable')) = 0.05
2026-06-21 19:17:16 - DEBUG - findfont: score(FontEntry(fname='/root/anaconda3/lib/python3.12/site-packages/matplotlib/mpl-data/fonts/ttf/STIXGeneralItalic.ttf', name='STIXGeneral', style='italic', variant='normal', weight=400, stretch='normal', size='scalable')) = 11.05
2026-06-21 19:17:16 - DEBUG - findfont: score(FontEntry(fname='/root/anaconda3/lib/python3.12/site-packages/matplotlib/mpl-data/fonts/ttf/DejaVuSerif-Bold.ttf', name='DejaVu Serif', style='normal', variant='normal', weight=700, stretch='normal', size='scalable')) = 10.335
2026-06-21 19:17:16 - DEBUG - findfont: score(FontEntry(fname='/root/anaconda3/lib/python3.12/site-packages/matplotlib/mpl-data/fonts/ttf/STIXNonUni.ttf', name='STIXNonUnicode', style='normal', variant='normal', weight=400, stretch='normal', size='scalable')) = 10.05
2026-06-21 19:17:16 - DEBUG - findfont: score(FontEntry(fname='/root/anaconda3/lib/python3.12/site-packages/matplotlib/mpl-data/fonts/ttf/DejaVuSansDisplay.ttf', name='DejaVu Sans Display', style='normal', variant='normal', weight=400, stretch='normal', size='scalable')) = 10.05
2026-06-21 19:17:16 - DEBUG - findfont: score(FontEntry(fname='/root/anaconda3/lib/python3.12/site-packages/matplotlib/mpl-data/fonts/ttf/STIXSizThreeSymReg.ttf', name='STIXSizeThreeSym', style='normal', variant='normal', weight=400, stretch='normal', size='scalable')) = 10.05
2026-06-21 19:17:16 - DEBUG - findfont: score(FontEntry(fname='/root/anaconda3/lib/python3.12/site-packages/matplotlib/mpl-data/fonts/ttf/STIXSizFiveSymReg.ttf', name='STIXSizeFiveSym', style='normal', variant='normal', weight=400, stretch='normal', size='scalable')) = 10.05
2026-06-21 19:17:16 - DEBUG - findfont: score(FontEntry(fname='/root/anaconda3/lib/python3.12/site-packages/matplotlib/mpl-data/fonts/ttf/STIXNonUniIta.ttf', name='STIXNonUnicode', style='italic', variant='normal', weight=400, stretch='normal', size='scalable')) = 11.05
2026-06-21 19:17:16 - DEBUG - findfont: score(FontEntry(fname='/root/anaconda3/lib/python3.12/site-packages/matplotlib/mpl-data/fonts/ttf/cmsy10.ttf', name='cmsy10', style='normal', variant='normal', weight=400, stretch='normal', size='scalable')) = 10.05
2026-06-21 19:17:16 - DEBUG - findfont: score(FontEntry(fname='/root/anaconda3/lib/python3.12/site-packages/matplotlib/mpl-data/fonts/ttf/cmr10.ttf', name='cmr10', style='normal', variant='normal', weight=400, stretch='normal', size='scalable')) = 10.05
2026-06-21 19:17:16 - DEBUG - findfont: score(FontEntry(fname='/root/anaconda3/lib/python3.12/site-packages/matplotlib/mpl-data/fonts/ttf/STIXGeneral.ttf', name='STIXGeneral', style='normal', variant='normal', weight=400, stretch='normal', size='scalable')) = 10.05
2026-06-21 19:17:16 - DEBUG - findfont: score(FontEntry(fname='/root/anaconda3/lib/python3.12/site-packages/matplotlib/mpl-data/fonts/ttf/STIXNonUniBol.ttf', name='STIXNonUnicode', style='normal', variant='normal', weight=700, stretch='normal', size='scalable')) = 10.335
2026-06-21 19:17:16 - DEBUG - findfont: score(FontEntry(fname='/root/anaconda3/lib/python3.12/site-packages/matplotlib/mpl-data/fonts/ttf/STIXSizFourSymBol.ttf', name='STIXSizeFourSym', style='normal', variant='normal', weight=700, stretch='normal', size='scalable')) = 10.335
2026-06-21 19:17:16 - DEBUG - findfont: score(FontEntry(fname='/root/anaconda3/lib/python3.12/site-packages/matplotlib/mpl-data/fonts/ttf/STIXSizOneSymReg.ttf', name='STIXSizeOneSym', style='normal', variant='normal', weight=400, stretch='normal', size='scalable')) = 10.05
2026-06-21 19:17:16 - DEBUG - findfont: score(FontEntry(fname='/root/anaconda3/lib/python3.12/site-packages/matplotlib/mpl-data/fonts/ttf/STIXGeneralBolIta.ttf', name='STIXGeneral', style='italic', variant='normal', weight=700, stretch='normal', size='scalable')) = 11.335
2026-06-21 19:17:16 - DEBUG - findfont: score(FontEntry(fname='/root/anaconda3/lib/python3.12/site-packages/matplotlib/mpl-data/fonts/ttf/DejaVuSerifDisplay.ttf', name='DejaVu Serif Display', style='normal', variant='normal', weight=400, stretch='normal', size='scalable')) = 10.05
2026-06-21 19:17:16 - DEBUG - findfont: score(FontEntry(fname='/root/anaconda3/lib/python3.12/site-packages/matplotlib/mpl-data/fonts/ttf/DejaVuSans-Bold.ttf', name='DejaVu Sans', style='normal', variant='normal', weight=700, stretch='normal', size='scalable')) = 0.33499999999999996
2026-06-21 19:17:16 - DEBUG - findfont: score(FontEntry(fname='/root/anaconda3/lib/python3.12/site-packages/matplotlib/mpl-data/fonts/ttf/cmmi10.ttf', name='cmmi10', style='normal', variant='normal', weight=400, stretch='normal', size='scalable')) = 10.05
2026-06-21 19:17:16 - DEBUG - findfont: score(FontEntry(fname='/root/anaconda3/lib/python3.12/site-packages/matplotlib/mpl-data/fonts/ttf/cmtt10.ttf', name='cmtt10', style='normal', variant='normal', weight=400, stretch='normal', size='scalable')) = 10.05
2026-06-21 19:17:16 - DEBUG - findfont: score(FontEntry(fname='/root/anaconda3/lib/python3.12/site-packages/matplotlib/mpl-data/fonts/ttf/DejaVuSerif-BoldItalic.ttf', name='DejaVu Serif', style='italic', variant='normal', weight=700, stretch='normal', size='scalable')) = 11.335
2026-06-21 19:17:16 - DEBUG - findfont: score(FontEntry(fname='/root/anaconda3/lib/python3.12/site-packages/matplotlib/mpl-data/fonts/ttf/DejaVuSansMono.ttf', name='DejaVu Sans Mono', style='normal', variant='normal', weight=400, stretch='normal', size='scalable')) = 10.05
2026-06-21 19:17:16 - DEBUG - findfont: score(FontEntry(fname='/root/anaconda3/lib/python3.12/site-packages/matplotlib/mpl-data/fonts/ttf/DejaVuSansMono-BoldOblique.ttf', name='DejaVu Sans Mono', style='oblique', variant='normal', weight=700, stretch='normal', size='scalable')) = 11.335
2026-06-21 19:17:16 - DEBUG - findfont: score(FontEntry(fname='/root/anaconda3/lib/python3.12/site-packages/matplotlib/mpl-data/fonts/ttf/STIXGeneralBol.ttf', name='STIXGeneral', style='normal', variant='normal', weight=700, stretch='normal', size='scalable')) = 10.335
2026-06-21 19:17:16 - DEBUG - findfont: score(FontEntry(fname='/root/anaconda3/lib/python3.12/site-packages/matplotlib/mpl-data/fonts/ttf/DejaVuSerif.ttf', name='DejaVu Serif', style='normal', variant='normal', weight=400, stretch='normal', size='scalable')) = 10.05
2026-06-21 19:17:16 - DEBUG - findfont: score(FontEntry(fname='/root/anaconda3/lib/python3.12/site-packages/matplotlib/mpl-data/fonts/ttf/DejaVuSans-Oblique.ttf', name='DejaVu Sans', style='oblique', variant='normal', weight=400, stretch='normal', size='scalable')) = 1.05
2026-06-21 19:17:16 - DEBUG - findfont: score(FontEntry(fname='/root/anaconda3/lib/python3.12/site-packages/matplotlib/mpl-data/fonts/ttf/DejaVuSans-BoldOblique.ttf', name='DejaVu Sans', style='oblique', variant='normal', weight=700, stretch='normal', size='scalable')) = 1.335
2026-06-21 19:17:16 - DEBUG - findfont: score(FontEntry(fname='/root/anaconda3/lib/python3.12/site-packages/matplotlib/mpl-data/fonts/ttf/DejaVuSansMono-Oblique.ttf', name='DejaVu Sans Mono', style='oblique', variant='normal', weight=400, stretch='normal', size='scalable')) = 11.05
2026-06-21 19:17:16 - DEBUG - findfont: score(FontEntry(fname='/root/anaconda3/lib/python3.12/site-packages/matplotlib/mpl-data/fonts/ttf/STIXNonUniBolIta.ttf', name='STIXNonUnicode', style='italic', variant='normal', weight=700, stretch='normal', size='scalable')) = 11.335
2026-06-21 19:17:16 - DEBUG - findfont: score(FontEntry(fname='/root/anaconda3/lib/python3.12/site-packages/matplotlib/mpl-data/fonts/ttf/STIXSizFourSymReg.ttf', name='STIXSizeFourSym', style='normal', variant='normal', weight=400, stretch='normal', size='scalable')) = 10.05
2026-06-21 19:17:16 - DEBUG - findfont: score(FontEntry(fname='/usr/share/fonts/truetype/dejavu/DejaVuSans-Bold.ttf', name='DejaVu Sans', style='normal', variant='normal', weight=700, stretch='normal', size='scalable')) = 0.33499999999999996
2026-06-21 19:17:16 - DEBUG - findfont: score(FontEntry(fname='/usr/share/fonts/truetype/dejavu/DejaVuSansMono-Bold.ttf', name='DejaVu Sans Mono', style='normal', variant='normal', weight=700, stretch='normal', size='scalable')) = 10.335
2026-06-21 19:17:16 - DEBUG - findfont: score(FontEntry(fname='/usr/share/fonts/truetype/dejavu/DejaVuSerif.ttf', name='DejaVu Serif', style='normal', variant='normal', weight=400, stretch='normal', size='scalable')) = 10.05
2026-06-21 19:17:16 - DEBUG - findfont: score(FontEntry(fname='/usr/share/fonts/truetype/dejavu/DejaVuSans.ttf', name='DejaVu Sans', style='normal', variant='normal', weight=400, stretch='normal', size='scalable')) = 0.05
2026-06-21 19:17:16 - DEBUG - findfont: score(FontEntry(fname='/usr/share/fonts/truetype/dejavu/DejaVuSansMono.ttf', name='DejaVu Sans Mono', style='normal', variant='normal', weight=400, stretch='normal', size='scalable')) = 10.05
2026-06-21 19:17:16 - DEBUG - findfont: score(FontEntry(fname='/usr/share/fonts/truetype/dejavu/DejaVuSerif-Bold.ttf', name='DejaVu Serif', style='normal', variant='normal', weight=700, stretch='normal', size='scalable')) = 10.335
2026-06-21 19:17:16 - DEBUG - findfont: Matching sans\-serif:style=normal:variant=normal:weight=normal:stretch=normal:size=12.0 to DejaVu Sans ('/root/anaconda3/lib/python3.12/site-packages/matplotlib/mpl-data/fonts/ttf/DejaVuSans.ttf') with score of 0.050000.
2026-06-21 19:17:16 - DEBUG - findfont: Matching sans\-serif:style=normal:variant=normal:weight=bold:stretch=normal:size=9.0.
2026-06-21 19:17:16 - DEBUG - findfont: score(FontEntry(fname='/root/anaconda3/lib/python3.12/site-packages/matplotlib/mpl-data/fonts/ttf/STIXSizTwoSymReg.ttf', name='STIXSizeTwoSym', style='normal', variant='normal', weight=400, stretch='normal', size='scalable')) = 10.335
2026-06-21 19:17:16 - DEBUG - findfont: score(FontEntry(fname='/root/anaconda3/lib/python3.12/site-packages/matplotlib/mpl-data/fonts/ttf/cmex10.ttf', name='cmex10', style='normal', variant='normal', weight=400, stretch='normal', size='scalable')) = 10.335
2026-06-21 19:17:16 - DEBUG - findfont: score(FontEntry(fname='/root/anaconda3/lib/python3.12/site-packages/matplotlib/mpl-data/fonts/ttf/STIXSizThreeSymBol.ttf', name='STIXSizeThreeSym', style='normal', variant='normal', weight=700, stretch='normal', size='scalable')) = 10.05
2026-06-21 19:17:16 - DEBUG - findfont: score(FontEntry(fname='/root/anaconda3/lib/python3.12/site-packages/matplotlib/mpl-data/fonts/ttf/STIXSizOneSymBol.ttf', name='STIXSizeOneSym', style='normal', variant='normal', weight=700, stretch='normal', size='scalable')) = 10.05
2026-06-21 19:17:16 - DEBUG - findfont: score(FontEntry(fname='/root/anaconda3/lib/python3.12/site-packages/matplotlib/mpl-data/fonts/ttf/DejaVuSansMono-Bold.ttf', name='DejaVu Sans Mono', style='normal', variant='normal', weight=700, stretch='normal', size='scalable')) = 10.05
2026-06-21 19:17:16 - DEBUG - findfont: score(FontEntry(fname='/root/anaconda3/lib/python3.12/site-packages/matplotlib/mpl-data/fonts/ttf/cmss10.ttf', name='cmss10', style='normal', variant='normal', weight=400, stretch='normal', size='scalable')) = 10.335
2026-06-21 19:17:16 - DEBUG - findfont: score(FontEntry(fname='/root/anaconda3/lib/python3.12/site-packages/matplotlib/mpl-data/fonts/ttf/DejaVuSerif-Italic.ttf', name='DejaVu Serif', style='italic', variant='normal', weight=400, stretch='normal', size='scalable')) = 11.335
2026-06-21 19:17:16 - DEBUG - findfont: score(FontEntry(fname='/root/anaconda3/lib/python3.12/site-packages/matplotlib/mpl-data/fonts/ttf/cmb10.ttf', name='cmb10', style='normal', variant='normal', weight=400, stretch='normal', size='scalable')) = 10.335
2026-06-21 19:17:16 - DEBUG - findfont: score(FontEntry(fname='/root/anaconda3/lib/python3.12/site-packages/matplotlib/mpl-data/fonts/ttf/STIXSizTwoSymBol.ttf', name='STIXSizeTwoSym', style='normal', variant='normal', weight=700, stretch='normal', size='scalable')) = 10.05
2026-06-21 19:17:16 - DEBUG - findfont: score(FontEntry(fname='/root/anaconda3/lib/python3.12/site-packages/matplotlib/mpl-data/fonts/ttf/DejaVuSans.ttf', name='DejaVu Sans', style='normal', variant='normal', weight=400, stretch='normal', size='scalable')) = 0.33499999999999996
2026-06-21 19:17:16 - DEBUG - findfont: score(FontEntry(fname='/root/anaconda3/lib/python3.12/site-packages/matplotlib/mpl-data/fonts/ttf/STIXGeneralItalic.ttf', name='STIXGeneral', style='italic', variant='normal', weight=400, stretch='normal', size='scalable')) = 11.335
2026-06-21 19:17:16 - DEBUG - findfont: score(FontEntry(fname='/root/anaconda3/lib/python3.12/site-packages/matplotlib/mpl-data/fonts/ttf/DejaVuSerif-Bold.ttf', name='DejaVu Serif', style='normal', variant='normal', weight=700, stretch='normal', size='scalable')) = 10.05
2026-06-21 19:17:16 - DEBUG - findfont: score(FontEntry(fname='/root/anaconda3/lib/python3.12/site-packages/matplotlib/mpl-data/fonts/ttf/STIXNonUni.ttf', name='STIXNonUnicode', style='normal', variant='normal', weight=400, stretch='normal', size='scalable')) = 10.335
2026-06-21 19:17:16 - DEBUG - findfont: score(FontEntry(fname='/root/anaconda3/lib/python3.12/site-packages/matplotlib/mpl-data/fonts/ttf/DejaVuSansDisplay.ttf', name='DejaVu Sans Display', style='normal', variant='normal', weight=400, stretch='normal', size='scalable')) = 10.335
2026-06-21 19:17:16 - DEBUG - findfont: score(FontEntry(fname='/root/anaconda3/lib/python3.12/site-packages/matplotlib/mpl-data/fonts/ttf/STIXSizThreeSymReg.ttf', name='STIXSizeThreeSym', style='normal', variant='normal', weight=400, stretch='normal', size='scalable')) = 10.335
2026-06-21 19:17:16 - DEBUG - findfont: score(FontEntry(fname='/root/anaconda3/lib/python3.12/site-packages/matplotlib/mpl-data/fonts/ttf/STIXSizFiveSymReg.ttf', name='STIXSizeFiveSym', style='normal', variant='normal', weight=400, stretch='normal', size='scalable')) = 10.335
2026-06-21 19:17:16 - DEBUG - findfont: score(FontEntry(fname='/root/anaconda3/lib/python3.12/site-packages/matplotlib/mpl-data/fonts/ttf/STIXNonUniIta.ttf', name='STIXNonUnicode', style='italic', variant='normal', weight=400, stretch='normal', size='scalable')) = 11.335
2026-06-21 19:17:16 - DEBUG - findfont: score(FontEntry(fname='/root/anaconda3/lib/python3.12/site-packages/matplotlib/mpl-data/fonts/ttf/cmsy10.ttf', name='cmsy10', style='normal', variant='normal', weight=400, stretch='normal', size='scalable')) = 10.335
2026-06-21 19:17:16 - DEBUG - findfont: score(FontEntry(fname='/root/anaconda3/lib/python3.12/site-packages/matplotlib/mpl-data/fonts/ttf/cmr10.ttf', name='cmr10', style='normal', variant='normal', weight=400, stretch='normal', size='scalable')) = 10.335
2026-06-21 19:17:16 - DEBUG - findfont: score(FontEntry(fname='/root/anaconda3/lib/python3.12/site-packages/matplotlib/mpl-data/fonts/ttf/STIXGeneral.ttf', name='STIXGeneral', style='normal', variant='normal', weight=400, stretch='normal', size='scalable')) = 10.335
2026-06-21 19:17:16 - DEBUG - findfont: score(FontEntry(fname='/root/anaconda3/lib/python3.12/site-packages/matplotlib/mpl-data/fonts/ttf/STIXNonUniBol.ttf', name='STIXNonUnicode', style='normal', variant='normal', weight=700, stretch='normal', size='scalable')) = 10.05
2026-06-21 19:17:16 - DEBUG - findfont: score(FontEntry(fname='/root/anaconda3/lib/python3.12/site-packages/matplotlib/mpl-data/fonts/ttf/STIXSizFourSymBol.ttf', name='STIXSizeFourSym', style='normal', variant='normal', weight=700, stretch='normal', size='scalable')) = 10.05
2026-06-21 19:17:16 - DEBUG - findfont: score(FontEntry(fname='/root/anaconda3/lib/python3.12/site-packages/matplotlib/mpl-data/fonts/ttf/STIXSizOneSymReg.ttf', name='STIXSizeOneSym', style='normal', variant='normal', weight=400, stretch='normal', size='scalable')) = 10.335
2026-06-21 19:17:16 - DEBUG - findfont: score(FontEntry(fname='/root/anaconda3/lib/python3.12/site-packages/matplotlib/mpl-data/fonts/ttf/STIXGeneralBolIta.ttf', name='STIXGeneral', style='italic', variant='normal', weight=700, stretch='normal', size='scalable')) = 11.05
2026-06-21 19:17:16 - DEBUG - findfont: score(FontEntry(fname='/root/anaconda3/lib/python3.12/site-packages/matplotlib/mpl-data/fonts/ttf/DejaVuSerifDisplay.ttf', name='DejaVu Serif Display', style='normal', variant='normal', weight=400, stretch='normal', size='scalable')) = 10.335
2026-06-21 19:17:16 - DEBUG - findfont: score(FontEntry(fname='/root/anaconda3/lib/python3.12/site-packages/matplotlib/mpl-data/fonts/ttf/DejaVuSans-Bold.ttf', name='DejaVu Sans', style='normal', variant='normal', weight=700, stretch='normal', size='scalable')) = 0.05
2026-06-21 19:17:16 - DEBUG - findfont: score(FontEntry(fname='/root/anaconda3/lib/python3.12/site-packages/matplotlib/mpl-data/fonts/ttf/cmmi10.ttf', name='cmmi10', style='normal', variant='normal', weight=400, stretch='normal', size='scalable')) = 10.335
2026-06-21 19:17:16 - DEBUG - findfont: score(FontEntry(fname='/root/anaconda3/lib/python3.12/site-packages/matplotlib/mpl-data/fonts/ttf/cmtt10.ttf', name='cmtt10', style='normal', variant='normal', weight=400, stretch='normal', size='scalable')) = 10.335
2026-06-21 19:17:16 - DEBUG - findfont: score(FontEntry(fname='/root/anaconda3/lib/python3.12/site-packages/matplotlib/mpl-data/fonts/ttf/DejaVuSerif-BoldItalic.ttf', name='DejaVu Serif', style='italic', variant='normal', weight=700, stretch='normal', size='scalable')) = 11.05
2026-06-21 19:17:16 - DEBUG - findfont: score(FontEntry(fname='/root/anaconda3/lib/python3.12/site-packages/matplotlib/mpl-data/fonts/ttf/DejaVuSansMono.ttf', name='DejaVu Sans Mono', style='normal', variant='normal', weight=400, stretch='normal', size='scalable')) = 10.335
2026-06-21 19:17:16 - DEBUG - findfont: score(FontEntry(fname='/root/anaconda3/lib/python3.12/site-packages/matplotlib/mpl-data/fonts/ttf/DejaVuSansMono-BoldOblique.ttf', name='DejaVu Sans Mono', style='oblique', variant='normal', weight=700, stretch='normal', size='scalable')) = 11.05
2026-06-21 19:17:16 - DEBUG - findfont: score(FontEntry(fname='/root/anaconda3/lib/python3.12/site-packages/matplotlib/mpl-data/fonts/ttf/STIXGeneralBol.ttf', name='STIXGeneral', style='normal', variant='normal', weight=700, stretch='normal', size='scalable')) = 10.05
2026-06-21 19:17:16 - DEBUG - findfont: score(FontEntry(fname='/root/anaconda3/lib/python3.12/site-packages/matplotlib/mpl-data/fonts/ttf/DejaVuSerif.ttf', name='DejaVu Serif', style='normal', variant='normal', weight=400, stretch='normal', size='scalable')) = 10.335
2026-06-21 19:17:16 - DEBUG - findfont: score(FontEntry(fname='/root/anaconda3/lib/python3.12/site-packages/matplotlib/mpl-data/fonts/ttf/DejaVuSans-Oblique.ttf', name='DejaVu Sans', style='oblique', variant='normal', weight=400, stretch='normal', size='scalable')) = 1.335
2026-06-21 19:17:16 - DEBUG - findfont: score(FontEntry(fname='/root/anaconda3/lib/python3.12/site-packages/matplotlib/mpl-data/fonts/ttf/DejaVuSans-BoldOblique.ttf', name='DejaVu Sans', style='oblique', variant='normal', weight=700, stretch='normal', size='scalable')) = 1.05
2026-06-21 19:17:16 - DEBUG - findfont: score(FontEntry(fname='/root/anaconda3/lib/python3.12/site-packages/matplotlib/mpl-data/fonts/ttf/DejaVuSansMono-Oblique.ttf', name='DejaVu Sans Mono', style='oblique', variant='normal', weight=400, stretch='normal', size='scalable')) = 11.335
2026-06-21 19:17:16 - DEBUG - findfont: score(FontEntry(fname='/root/anaconda3/lib/python3.12/site-packages/matplotlib/mpl-data/fonts/ttf/STIXNonUniBolIta.ttf', name='STIXNonUnicode', style='italic', variant='normal', weight=700, stretch='normal', size='scalable')) = 11.05
2026-06-21 19:17:16 - DEBUG - findfont: score(FontEntry(fname='/root/anaconda3/lib/python3.12/site-packages/matplotlib/mpl-data/fonts/ttf/STIXSizFourSymReg.ttf', name='STIXSizeFourSym', style='normal', variant='normal', weight=400, stretch='normal', size='scalable')) = 10.335
2026-06-21 19:17:16 - DEBUG - findfont: score(FontEntry(fname='/usr/share/fonts/truetype/dejavu/DejaVuSans-Bold.ttf', name='DejaVu Sans', style='normal', variant='normal', weight=700, stretch='normal', size='scalable')) = 0.05
2026-06-21 19:17:16 - DEBUG - findfont: score(FontEntry(fname='/usr/share/fonts/truetype/dejavu/DejaVuSansMono-Bold.ttf', name='DejaVu Sans Mono', style='normal', variant='normal', weight=700, stretch='normal', size='scalable')) = 10.05
2026-06-21 19:17:16 - DEBUG - findfont: score(FontEntry(fname='/usr/share/fonts/truetype/dejavu/DejaVuSerif.ttf', name='DejaVu Serif', style='normal', variant='normal', weight=400, stretch='normal', size='scalable')) = 10.335
2026-06-21 19:17:16 - DEBUG - findfont: score(FontEntry(fname='/usr/share/fonts/truetype/dejavu/DejaVuSans.ttf', name='DejaVu Sans', style='normal', variant='normal', weight=400, stretch='normal', size='scalable')) = 0.33499999999999996
2026-06-21 19:17:16 - DEBUG - findfont: score(FontEntry(fname='/usr/share/fonts/truetype/dejavu/DejaVuSansMono.ttf', name='DejaVu Sans Mono', style='normal', variant='normal', weight=400, stretch='normal', size='scalable')) = 10.335
2026-06-21 19:17:16 - DEBUG - findfont: score(FontEntry(fname='/usr/share/fonts/truetype/dejavu/DejaVuSerif-Bold.ttf', name='DejaVu Serif', style='normal', variant='normal', weight=700, stretch='normal', size='scalable')) = 10.05
2026-06-21 19:17:16 - DEBUG - findfont: Matching sans\-serif:style=normal:variant=normal:weight=bold:stretch=normal:size=9.0 to DejaVu Sans ('/root/anaconda3/lib/python3.12/site-packages/matplotlib/mpl-data/fonts/ttf/DejaVuSans-Bold.ttf') with score of 0.050000.
2026-06-21 19:17:19 - INFO - 
EMIB returned 1 solution(s) (max 1).
