
================================================================================
Batch test start (Gurobi)
================================================================================
Test input dir: /root/placement/MPDAP/benchmark/test_input
Output base dir: /root/placement/MPDAP/output_gurobi_EMIB_chiplet_5_6_01_08
Found 1 test file(s)
Files to process: cpu-dram.json
================================================================================


[1/1] Processing: cpu-dram.json
  Core name: cpu-dram_core
  Log dir: /root/placement/MPDAP/output_gurobi_EMIB_chiplet_5_6_01_08/log/cpu-dram_core
  LP dir: /root/placement/MPDAP/output_gurobi_EMIB_chiplet_5_6_01_08/lp/cpu-dram_core
  Fig dir: /root/placement/MPDAP/output_gurobi_EMIB_chiplet_5_6_01_08/fig/cpu-dram_core
  Placement file: /root/placement/MPDAP/output_gurobi_EMIB_chiplet_5_6_01_08/placement/cpu-dram.json
  Removing old output dir: /root/placement/MPDAP/output_gurobi_EMIB_chiplet_5_6_01_08/log/cpu-dram_core
  Removing old output dir: /root/placement/MPDAP/output_gurobi_EMIB_chiplet_5_6_01_08/lp/cpu-dram_core
  Removing old output dir: /root/placement/MPDAP/output_gurobi_EMIB_chiplet_5_6_01_08/fig/cpu-dram_core
2026-06-13 10:27:18 - INFO - Calling EMIB solver (Gurobi)...
node 0 w: 8.25, h: 9.0
node 1 w: 8.25, h: 9.0
node 2 w: 8.25, h: 9.0
node 3 w: 8.25, h: 9.0
node 4 w: 8.75, h: 8.75
node 5 w: 8.75, h: 8.75
node 6 w: 8.75, h: 8.75
node 7 w: 8.75, h: 8.75
DEBUG
DEBUG
  (A,B): node1=A, node2=B, wireCount=256, EMIBType=interfaceB, EMIB_length=0.8533, EMIB_max_width=3.0, width=2.0, height=0.8533, bump_width=1.0000
  (A,D): node1=A, node2=D, wireCount=256, EMIBType=interfaceB, EMIB_length=0.8533, EMIB_max_width=3.0, width=2.0, height=0.8533, bump_width=1.0000
  (A,E): node1=A, node2=E, wireCount=1024, EMIBType=interfaceB, EMIB_length=3.4133, EMIB_max_width=3.0, width=2.0, height=3.4133, bump_width=1.0000
  (B,C): node1=B, node2=C, wireCount=256, EMIBType=interfaceB, EMIB_length=0.8533, EMIB_max_width=3.0, width=2.0, height=0.8533, bump_width=1.0000
  (B,F): node1=B, node2=F, wireCount=1024, EMIBType=interfaceB, EMIB_length=3.4133, EMIB_max_width=3.0, width=2.0, height=3.4133, bump_width=1.0000
  (C,D): node1=C, node2=D, wireCount=256, EMIBType=interfaceB, EMIB_length=0.8533, EMIB_max_width=3.0, width=2.0, height=0.8533, bump_width=1.0000
  (C,G): node1=C, node2=G, wireCount=1024, EMIBType=interfaceB, EMIB_length=3.4133, EMIB_max_width=3.0, width=2.0, height=3.4133, bump_width=1.0000
  (D,H): node1=D, node2=H, wireCount=1024, EMIBType=interfaceB, EMIB_length=3.4133, EMIB_max_width=3.0, width=2.0, height=3.4133, bump_width=1.0000
DEBUG
DEBUG
DEBUG
  (0,1): [A, B, 256, interfaceB, 0.8533, 3.0]
  (0,3): [A, D, 256, interfaceB, 0.8533, 3.0]
  (0,4): [A, E, 1024, interfaceB, 3.4133, 3.0]
  (1,2): [B, C, 256, interfaceB, 0.8533, 3.0]
  (1,5): [B, F, 1024, interfaceB, 3.4133, 3.0]
  (2,3): [C, D, 256, interfaceB, 0.8533, 3.0]
  (2,6): [C, G, 1024, interfaceB, 3.4133, 3.0]
  (3,7): [D, H, 1024, interfaceB, 3.4133, 3.0]
Set parameter WLSAccessID
2026-06-13 10:27:18 - INFO - Set parameter WLSAccessID
Set parameter WLSSecret
2026-06-13 10:27:18 - INFO - Set parameter WLSSecret
Set parameter LicenseID to value 2756663
2026-06-13 10:27:18 - INFO - Set parameter LicenseID to value 2756663
Academic license 2756663 - for non-commercial use only - registered to hu___@sjtu.edu.cn
2026-06-13 10:27:18 - INFO - Academic license 2756663 - for non-commercial use only - registered to hu___@sjtu.edu.cn
EMIB_w_var: {(0, 1): <gurobi.Var *Awaiting Model Update*>, (0, 3): <gurobi.Var *Awaiting Model Update*>, (0, 4): <gurobi.Var *Awaiting Model Update*>, (1, 2): <gurobi.Var *Awaiting Model Update*>, (1, 5): <gurobi.Var *Awaiting Model Update*>, (2, 3): <gurobi.Var *Awaiting Model Update*>, (2, 6): <gurobi.Var *Awaiting Model Update*>, (3, 7): <gurobi.Var *Awaiting Model Update*>}
EMIB_h_var: {(0, 1): <gurobi.Var *Awaiting Model Update*>, (0, 3): <gurobi.Var *Awaiting Model Update*>, (0, 4): <gurobi.Var *Awaiting Model Update*>, (1, 2): <gurobi.Var *Awaiting Model Update*>, (1, 5): <gurobi.Var *Awaiting Model Update*>, (2, 3): <gurobi.Var *Awaiting Model Update*>, (2, 6): <gurobi.Var *Awaiting Model Update*>, (3, 7): <gurobi.Var *Awaiting Model Update*>}
EMIB_connected_pairs: {(0, 1): EMIBNode(node1='A', node2='B', wireCount=256, EMIBType='interfaceB', EMIB_length=0.8533, EMIB_bump_width=1.0, EMIB_max_width=3.0, width=2.0, height=0.8533), (0, 3): EMIBNode(node1='A', node2='D', wireCount=256, EMIBType='interfaceB', EMIB_length=0.8533, EMIB_bump_width=1.0, EMIB_max_width=3.0, width=2.0, height=0.8533), (0, 4): EMIBNode(node1='A', node2='E', wireCount=1024, EMIBType='interfaceB', EMIB_length=3.4133, EMIB_bump_width=1.0, EMIB_max_width=3.0, width=2.0, height=3.4133), (1, 2): EMIBNode(node1='B', node2='C', wireCount=256, EMIBType='interfaceB', EMIB_length=0.8533, EMIB_bump_width=1.0, EMIB_max_width=3.0, width=2.0, height=0.8533), (1, 5): EMIBNode(node1='B', node2='F', wireCount=1024, EMIBType='interfaceB', EMIB_length=3.4133, EMIB_bump_width=1.0, EMIB_max_width=3.0, width=2.0, height=3.4133), (2, 3): EMIBNode(node1='C', node2='D', wireCount=256, EMIBType='interfaceB', EMIB_length=0.8533, EMIB_bump_width=1.0, EMIB_max_width=3.0, width=2.0, height=0.8533), (2, 6): EMIBNode(node1='C', node2='G', wireCount=1024, EMIBType='interfaceB', EMIB_length=3.4133, EMIB_bump_width=1.0, EMIB_max_width=3.0, width=2.0, height=3.4133), (3, 7): EMIBNode(node1='D', node2='H', wireCount=1024, EMIBType='interfaceB', EMIB_length=3.4133, EMIB_bump_width=1.0, EMIB_max_width=3.0, width=2.0, height=3.4133)}
DEBUG
DEBUG
DEBUG
DEBUG
[DEBUG] L_avg: 24.561148181630273
[DEBUG] total_area: 603.25
[DEBUG] ref_wirelength: 62876.5393449735
[DEBUG] ref_t: 49.122296363260546
[DEBUG] ref_power: 690782.2926083514
[DEBUG] ref_aspect: 3.0

[Normalization Info]
  Ref Wirelength: 62876.54
  Ref Area Proxy (t): 49.12
  Ref Power Term: 690782.29
  Ref Aspect: 3.00
DEBUG
Set parameter TimeLimit to value 300
2026-06-13 10:27:18 - INFO - Set parameter TimeLimit to value 300
Set parameter MIPGap to value 0
2026-06-13 10:27:18 - INFO - Set parameter MIPGap to value 0
Set parameter MIPFocus to value 3
2026-06-13 10:27:18 - INFO - Set parameter MIPFocus to value 3
Set parameter Heuristics to value 0.5
2026-06-13 10:27:18 - INFO - Set parameter Heuristics to value 0.5
Set parameter LogToConsole to value 1
2026-06-13 10:27:18 - INFO - Set parameter LogToConsole to value 1
Gurobi Optimizer version 13.0.1 build v13.0.1rc0 (linux64 - "Ubuntu 20.04.6 LTS")
2026-06-13 10:27:18 - INFO - Gurobi Optimizer version 13.0.1 build v13.0.1rc0 (linux64 - "Ubuntu 20.04.6 LTS")

2026-06-13 10:27:18 - INFO - 
CPU model: AMD Ryzen 9 9950X3D 16-Core Processor, instruction set [SSE2|AVX|AVX2|AVX512]
2026-06-13 10:27:18 - INFO - CPU model: AMD Ryzen 9 9950X3D 16-Core Processor, instruction set [SSE2|AVX|AVX2|AVX512]
Thread count: 14 physical cores, 28 logical processors, using up to 28 threads
2026-06-13 10:27:18 - INFO - Thread count: 14 physical cores, 28 logical processors, using up to 28 threads

2026-06-13 10:27:18 - INFO - 
Non-default parameters:
2026-06-13 10:27:18 - INFO - Non-default parameters:
TimeLimit  300
2026-06-13 10:27:18 - INFO - TimeLimit  300
MIPGap  0
2026-06-13 10:27:18 - INFO - MIPGap  0
Heuristics  0.5
2026-06-13 10:27:18 - INFO - Heuristics  0.5
MIPFocus  3
2026-06-13 10:27:18 - INFO - MIPFocus  3

2026-06-13 10:27:18 - INFO - 
Academic license 2756663 - for non-commercial use only - registered to hu___@sjtu.edu.cn
2026-06-13 10:27:18 - INFO - Academic license 2756663 - for non-commercial use only - registered to hu___@sjtu.edu.cn
Optimize a model with 1003 rows, 470 columns and 3371 nonzeros (Min)
2026-06-13 10:27:18 - INFO - Optimize a model with 1003 rows, 470 columns and 3371 nonzeros (Min)
Model fingerprint: 0xa6bb2ec7
2026-06-13 10:27:18 - INFO - Model fingerprint: 0xa6bb2ec7
Model has 4 linear objective coefficients
2026-06-13 10:27:18 - INFO - Model has 4 linear objective coefficients
Variable types: 202 continuous, 268 integer (268 binary)
2026-06-13 10:27:18 - INFO - Variable types: 202 continuous, 268 integer (268 binary)
Coefficient statistics:
2026-06-13 10:27:18 - INFO - Coefficient statistics:
  Matrix range     [5e-01, 2e+04]
2026-06-13 10:27:18 - INFO -   Matrix range     [5e-01, 2e+04]
  Objective range  [1e-06, 1e-01]
2026-06-13 10:27:18 - INFO -   Objective range  [1e-06, 1e-01]
  Bounds range     [9e-01, 7e+06]
2026-06-13 10:27:18 - INFO -   Bounds range     [9e-01, 7e+06]
  RHS range        [9e-01, 2e+02]
2026-06-13 10:27:18 - INFO -   RHS range        [9e-01, 2e+02]

2026-06-13 10:27:18 - INFO - 
Presolve removed 99 rows and 87 columns
2026-06-13 10:27:18 - INFO - Presolve removed 99 rows and 87 columns
Presolve time: 0.01s
2026-06-13 10:27:18 - INFO - Presolve time: 0.01s
Presolved: 904 rows, 383 columns, 2984 nonzeros
2026-06-13 10:27:18 - INFO - Presolved: 904 rows, 383 columns, 2984 nonzeros
Variable types: 135 continuous, 248 integer (248 binary)
2026-06-13 10:27:18 - INFO - Variable types: 135 continuous, 248 integer (248 binary)
Root relaxation presolve removed 160 rows and 52 columns
2026-06-13 10:27:18 - INFO - Root relaxation presolve removed 160 rows and 52 columns
Root relaxation presolved: 744 rows, 343 columns, 2608 nonzeros
2026-06-13 10:27:18 - INFO - Root relaxation presolved: 744 rows, 343 columns, 2608 nonzeros

2026-06-13 10:27:18 - INFO - 

2026-06-13 10:27:18 - INFO - 
Root relaxation: objective -2.854264e+01, 195 iterations, 0.00 seconds (0.00 work units)
2026-06-13 10:27:18 - INFO - Root relaxation: objective -2.854264e+01, 195 iterations, 0.00 seconds (0.00 work units)

2026-06-13 10:27:18 - INFO - 
    Nodes    |    Current Node    |     Objective Bounds      |     Work
2026-06-13 10:27:18 - INFO -     Nodes    |    Current Node    |     Objective Bounds      |     Work
 Expl Unexpl |  Obj  Depth IntInf | Incumbent    BestBd   Gap | It/Node Time
2026-06-13 10:27:18 - INFO -  Expl Unexpl |  Obj  Depth IntInf | Incumbent    BestBd   Gap | It/Node Time

2026-06-13 10:27:18 - INFO - 
     0     0  -28.54264    0  112          -  -28.54264      -     -    0s
2026-06-13 10:27:18 - INFO -      0     0  -28.54264    0  112          -  -28.54264      -     -    0s
H    0     0                      26.3372365  -24.60349   193%     -    0s
2026-06-13 10:27:18 - INFO - H    0     0                      26.3372365  -24.60349   193%     -    0s
     0     0  -18.91742    0  152   26.33724  -18.91742   172%     -    0s
2026-06-13 10:27:18 - INFO -      0     0  -18.91742    0  152   26.33724  -18.91742   172%     -    0s
     0     0  -18.91742    0  150   26.33724  -18.91742   172%     -    0s
2026-06-13 10:27:18 - INFO -      0     0  -18.91742    0  150   26.33724  -18.91742   172%     -    0s
     0     0  -18.91742    0  119   26.33724  -18.91742   172%     -    0s
2026-06-13 10:27:18 - INFO -      0     0  -18.91742    0  119   26.33724  -18.91742   172%     -    0s
     0     0  -15.41104    0  130   26.33724  -15.41104   159%     -    0s
2026-06-13 10:27:18 - INFO -      0     0  -15.41104    0  130   26.33724  -15.41104   159%     -    0s
     0     0  -15.41104    0  128   26.33724  -15.41104   159%     -    0s
2026-06-13 10:27:18 - INFO -      0     0  -15.41104    0  128   26.33724  -15.41104   159%     -    0s
     0     0  -15.41104    0  129   26.33724  -15.41104   159%     -    0s
2026-06-13 10:27:18 - INFO -      0     0  -15.41104    0  129   26.33724  -15.41104   159%     -    0s
     0     0  -11.37946    0  111   26.33724  -11.37946   143%     -    0s
2026-06-13 10:27:18 - INFO -      0     0  -11.37946    0  111   26.33724  -11.37946   143%     -    0s
     0     0  -11.37946    0  111   26.33724  -11.37946   143%     -    0s
2026-06-13 10:27:18 - INFO -      0     0  -11.37946    0  111   26.33724  -11.37946   143%     -    0s
     0     0  -11.37946    0   94   26.33724  -11.37946   143%     -    0s
2026-06-13 10:27:18 - INFO -      0     0  -11.37946    0   94   26.33724  -11.37946   143%     -    0s
     0     0   -8.45635    0  104   26.33724   -8.45635   132%     -    0s
2026-06-13 10:27:18 - INFO -      0     0   -8.45635    0  104   26.33724   -8.45635   132%     -    0s
     0     0   -8.45635    0  105   26.33724   -8.45635   132%     -    0s
2026-06-13 10:27:18 - INFO -      0     0   -8.45635    0  105   26.33724   -8.45635   132%     -    0s
     0     0   -8.45635    0  109   26.33724   -8.45635   132%     -    0s
2026-06-13 10:27:18 - INFO -      0     0   -8.45635    0  109   26.33724   -8.45635   132%     -    0s
     0     0   -5.29721    0   77   26.33724   -5.29721   120%     -    0s
2026-06-13 10:27:18 - INFO -      0     0   -5.29721    0   77   26.33724   -5.29721   120%     -    0s
     0     0   -5.29721    0   70   26.33724   -5.29721   120%     -    0s
2026-06-13 10:27:18 - INFO -      0     0   -5.29721    0   70   26.33724   -5.29721   120%     -    0s
     0     0   -5.29721    0   63   26.33724   -5.29721   120%     -    0s
2026-06-13 10:27:18 - INFO -      0     0   -5.29721    0   63   26.33724   -5.29721   120%     -    0s
     0     0   -3.94934    0   73   26.33724   -3.94934   115%     -    0s
2026-06-13 10:27:18 - INFO -      0     0   -3.94934    0   73   26.33724   -3.94934   115%     -    0s
     0     0   -3.94934    0   75   26.33724   -3.94934   115%     -    0s
2026-06-13 10:27:18 - INFO -      0     0   -3.94934    0   75   26.33724   -3.94934   115%     -    0s
     0     0   -3.37302    0   90   26.33724   -3.37302   113%     -    0s
2026-06-13 10:27:18 - INFO -      0     0   -3.37302    0   90   26.33724   -3.37302   113%     -    0s
     0     0   -3.37302    0   90   26.33724   -3.37302   113%     -    0s
2026-06-13 10:27:18 - INFO -      0     0   -3.37302    0   90   26.33724   -3.37302   113%     -    0s
     0     0   -3.37302    0   90   26.33724   -3.37302   113%     -    0s
2026-06-13 10:27:18 - INFO -      0     0   -3.37302    0   90   26.33724   -3.37302   113%     -    0s
H    0     0                      17.8905993   -3.37302   119%     -    0s
2026-06-13 10:27:18 - INFO - H    0     0                      17.8905993   -3.37302   119%     -    0s
H    0     0                      17.7806960   -3.37302   119%     -    0s
2026-06-13 10:27:18 - INFO - H    0     0                      17.7806960   -3.37302   119%     -    0s
H    0     0                       8.1465128   -3.16276   139%     -    0s
2026-06-13 10:27:18 - INFO - H    0     0                       8.1465128   -3.16276   139%     -    0s
     0     0   -3.16276    0  102    8.14651   -3.16276   139%     -    0s
2026-06-13 10:27:18 - INFO -      0     0   -3.16276    0  102    8.14651   -3.16276   139%     -    0s
H    0     0                       8.1363341   -3.14683   139%     -    0s
2026-06-13 10:27:18 - INFO - H    0     0                       8.1363341   -3.14683   139%     -    0s
     0     0   -3.14683    0   96    8.13633   -3.14683   139%     -    0s
2026-06-13 10:27:18 - INFO -      0     0   -3.14683    0   96    8.13633   -3.14683   139%     -    0s
     0     0   -3.14683    0   95    8.13633   -3.14683   139%     -    0s
2026-06-13 10:27:18 - INFO -      0     0   -3.14683    0   95    8.13633   -3.14683   139%     -    0s
     0     0   -3.14683    0   99    8.13633   -3.14683   139%     -    0s
2026-06-13 10:27:18 - INFO -      0     0   -3.14683    0   99    8.13633   -3.14683   139%     -    0s
     0     0   -3.14683    0   99    8.13633   -3.14683   139%     -    0s
2026-06-13 10:27:18 - INFO -      0     0   -3.14683    0   99    8.13633   -3.14683   139%     -    0s
     0     0   -2.83079    0  104    8.13633   -2.83079   135%     -    0s
2026-06-13 10:27:18 - INFO -      0     0   -2.83079    0  104    8.13633   -2.83079   135%     -    0s
     0     0   -2.83079    0  104    8.13633   -2.83079   135%     -    0s
2026-06-13 10:27:18 - INFO -      0     0   -2.83079    0  104    8.13633   -2.83079   135%     -    0s
     0     0   -2.83079    0  104    8.13633   -2.83079   135%     -    0s
2026-06-13 10:27:18 - INFO -      0     0   -2.83079    0  104    8.13633   -2.83079   135%     -    0s
H    0     0                       7.6451288   -1.73826   123%     -    0s
2026-06-13 10:27:18 - INFO - H    0     0                       7.6451288   -1.73826   123%     -    0s
H    0     0                       7.5275788   -1.73826   123%     -    0s
2026-06-13 10:27:18 - INFO - H    0     0                       7.5275788   -1.73826   123%     -    0s
H    0     0                       7.5045323   -1.73826   123%     -    0s
2026-06-13 10:27:18 - INFO - H    0     0                       7.5045323   -1.73826   123%     -    0s
     0     0   -1.73826    0  103    7.50453   -1.73826   123%     -    0s
2026-06-13 10:27:18 - INFO -      0     0   -1.73826    0  103    7.50453   -1.73826   123%     -    0s
     0     0   -1.73806    0  102    7.50453   -1.73806   123%     -    0s
2026-06-13 10:27:18 - INFO -      0     0   -1.73806    0  102    7.50453   -1.73806   123%     -    0s
     0     0   -1.73624    0  109    7.50453   -1.73624   123%     -    0s
2026-06-13 10:27:18 - INFO -      0     0   -1.73624    0  109    7.50453   -1.73624   123%     -    0s
H    0     0                       7.4074969   -1.21258   116%     -    0s
2026-06-13 10:27:19 - INFO - H    0     0                       7.4074969   -1.21258   116%     -    0s
H    0     0                       7.3973182   -1.21258   116%     -    0s
2026-06-13 10:27:19 - INFO - H    0     0                       7.3973182   -1.21258   116%     -    0s
H    0     0                       7.3743531   -1.21258   116%     -    0s
2026-06-13 10:27:19 - INFO - H    0     0                       7.3743531   -1.21258   116%     -    0s
H    0     0                       7.2874964   -1.21258   117%     -    0s
2026-06-13 10:27:19 - INFO - H    0     0                       7.2874964   -1.21258   117%     -    0s
     0     0   -1.20954    0  113    7.28750   -1.20954   117%     -    0s
2026-06-13 10:27:19 - INFO -      0     0   -1.20954    0  113    7.28750   -1.20954   117%     -    0s
     0     0   -1.20954    0  104    7.28750   -1.20954   117%     -    0s
2026-06-13 10:27:19 - INFO -      0     0   -1.20954    0  104    7.28750   -1.20954   117%     -    0s
     0     0   -1.20954    0   88    7.28750   -1.20954   117%     -    0s
2026-06-13 10:27:19 - INFO -      0     0   -1.20954    0   88    7.28750   -1.20954   117%     -    0s
     0     0   -0.93374    0  121    7.28750   -0.93374   113%     -    0s
2026-06-13 10:27:19 - INFO -      0     0   -0.93374    0  121    7.28750   -0.93374   113%     -    0s
     0     0   -0.91185    0  121    7.28750   -0.91185   113%     -    0s
2026-06-13 10:27:19 - INFO -      0     0   -0.91185    0  121    7.28750   -0.91185   113%     -    0s
     0     0   -0.69281    0  116    7.28750   -0.69281   110%     -    0s
2026-06-13 10:27:19 - INFO -      0     0   -0.69281    0  116    7.28750   -0.69281   110%     -    0s
     0     0   -0.69281    0  109    7.28750   -0.69281   110%     -    1s
2026-06-13 10:27:19 - INFO -      0     0   -0.69281    0  109    7.28750   -0.69281   110%     -    1s
     0     0   -0.27541    0  119    7.28750   -0.27541   104%     -    1s
2026-06-13 10:27:19 - INFO -      0     0   -0.27541    0  119    7.28750   -0.27541   104%     -    1s
     0     0   -0.24282    0  122    7.28750   -0.24282   103%     -    1s
2026-06-13 10:27:19 - INFO -      0     0   -0.24282    0  122    7.28750   -0.24282   103%     -    1s
     0     0   -0.24282    0  128    7.28750   -0.24282   103%     -    1s
2026-06-13 10:27:19 - INFO -      0     0   -0.24282    0  128    7.28750   -0.24282   103%     -    1s
     0     0    0.01645    0  124    7.28750    0.01645   100%     -    1s
2026-06-13 10:27:19 - INFO -      0     0    0.01645    0  124    7.28750    0.01645   100%     -    1s
     0     0    0.01645    0  114    7.28750    0.01645   100%     -    1s
2026-06-13 10:27:19 - INFO -      0     0    0.01645    0  114    7.28750    0.01645   100%     -    1s
     0     0    0.13023    0  119    7.28750    0.13023  98.2%     -    1s
2026-06-13 10:27:19 - INFO -      0     0    0.13023    0  119    7.28750    0.13023  98.2%     -    1s
     0     0    0.24130    0  124    7.28750    0.24130  96.7%     -    1s
2026-06-13 10:27:19 - INFO -      0     0    0.24130    0  124    7.28750    0.24130  96.7%     -    1s
     0     0    0.24130    0  124    7.28750    0.24130  96.7%     -    1s
2026-06-13 10:27:19 - INFO -      0     0    0.24130    0  124    7.28750    0.24130  96.7%     -    1s
     0     0    0.39808    0  124    7.28750    0.39808  94.5%     -    1s
2026-06-13 10:27:19 - INFO -      0     0    0.39808    0  124    7.28750    0.39808  94.5%     -    1s
     0     0    0.39808    0  105    7.28750    0.39808  94.5%     -    1s
2026-06-13 10:27:19 - INFO -      0     0    0.39808    0  105    7.28750    0.39808  94.5%     -    1s
     0     2    0.39808    0  104    7.28750    0.39808  94.5%     -    1s
2026-06-13 10:27:19 - INFO -      0     2    0.39808    0  104    7.28750    0.39808  94.5%     -    1s
H  396   373                       7.2874964    2.21968  69.5%   212    2s
2026-06-13 10:27:21 - INFO - H  396   373                       7.2874964    2.21968  69.5%   212    2s
H  416   398                       7.2874964    2.26660  68.9%   213    2s
2026-06-13 10:27:21 - INFO - H  416   398                       7.2874964    2.26660  68.9%   213    2s
H  419   398                       7.2874963    2.26887  68.9%   214    2s
2026-06-13 10:27:21 - INFO - H  419   398                       7.2874963    2.26887  68.9%   214    2s
H  425   398                       7.2874962    2.27980  68.7%   214    2s
2026-06-13 10:27:21 - INFO - H  425   398                       7.2874962    2.27980  68.7%   214    2s
H  459   444                       7.2874962    2.30253  68.4%   209    3s
2026-06-13 10:27:21 - INFO - H  459   444                       7.2874962    2.30253  68.4%   209    3s
H  481   455                       7.2874962    2.31610  68.2%   204    3s
2026-06-13 10:27:21 - INFO - H  481   455                       7.2874962    2.31610  68.2%   204    3s
H  875   772                       7.0391565    2.52623  64.1%   163    3s
2026-06-13 10:27:21 - INFO - H  875   772                       7.0391565    2.52623  64.1%   163    3s
H  898   794                       7.0313191    2.53008  64.0%   161    3s
2026-06-13 10:27:21 - INFO - H  898   794                       7.0313191    2.53008  64.0%   161    3s
H  911   794                       6.9130174    2.54353  63.2%   161    3s
2026-06-13 10:27:21 - INFO - H  911   794                       6.9130174    2.54353  63.2%   161    3s
H 1542  1260                       6.8371011    2.64989  61.2%   126    4s
2026-06-13 10:27:22 - INFO - H 1542  1260                       6.8371011    2.64989  61.2%   126    4s
H 1549  1335                       6.6950048    2.65171  60.4%   126    4s
2026-06-13 10:27:22 - INFO - H 1549  1335                       6.6950048    2.65171  60.4%   126    4s
H 1882  1565                       6.6948698    2.68594  59.9%   117    4s
2026-06-13 10:27:22 - INFO - H 1882  1565                       6.6948698    2.68594  59.9%   117    4s
  2270  1822    3.10820    9  105    6.69487    2.70898  59.5%   108    5s
2026-06-13 10:27:23 - INFO -   2270  1822    3.10820    9  105    6.69487    2.70898  59.5%   108    5s
  3288  2166    5.28333   24   94    6.69487    5.01195  25.1%   140   10s
2026-06-13 10:27:28 - INFO -   3288  2166    5.28333   24   94    6.69487    5.01195  25.1%   140   10s
H 6546  1963                       6.6948697    5.80046  13.4%   130   13s
2026-06-13 10:27:31 - INFO - H 6546  1963                       6.6948697    5.80046  13.4%   130   13s
  8408  2931    6.39887   33   71    6.69487    6.04562  9.70%   119   15s
2026-06-13 10:27:33 - INFO -   8408  2931    6.39887   33   71    6.69487    6.04562  9.70%   119   15s
*12916  4143              36       6.6948696    6.33832  5.33%  97.4   16s
2026-06-13 10:27:34 - INFO - *12916  4143              36       6.6948696    6.33832  5.33%  97.4   16s
 23552  1759     cutoff   33         6.69487    6.65629  0.58%  65.9   20s
2026-06-13 10:27:38 - INFO -  23552  1759     cutoff   33         6.69487    6.65629  0.58%  65.9   20s
 26539     2 infeasible   34         6.69487    6.69487  0.00%  60.1   25s
2026-06-13 10:27:43 - INFO -  26539     2 infeasible   34         6.69487    6.69487  0.00%  60.1   25s

2026-06-13 10:27:43 - INFO - 
Cutting planes:
2026-06-13 10:27:43 - INFO - Cutting planes:
  Learned: 108
2026-06-13 10:27:43 - INFO -   Learned: 108
  Gomory: 207
2026-06-13 10:27:43 - INFO -   Gomory: 207
  Lift-and-project: 253
2026-06-13 10:27:43 - INFO -   Lift-and-project: 253
  Cover: 144
2026-06-13 10:27:43 - INFO -   Cover: 144
  Implied bound: 12
2026-06-13 10:27:43 - INFO -   Implied bound: 12
  Clique: 2
2026-06-13 10:27:43 - INFO -   Clique: 2
  MIR: 230
2026-06-13 10:27:43 - INFO -   MIR: 230
  Mixing: 1
2026-06-13 10:27:43 - INFO -   Mixing: 1
  StrongCG: 2
2026-06-13 10:27:43 - INFO -   StrongCG: 2
  Flow cover: 1147
2026-06-13 10:27:43 - INFO -   Flow cover: 1147
  Inf proof: 206
2026-06-13 10:27:43 - INFO -   Inf proof: 206
  Zero half: 29
2026-06-13 10:27:43 - INFO -   Zero half: 29
  Network: 1
2026-06-13 10:27:43 - INFO -   Network: 1
  RLT: 11
2026-06-13 10:27:43 - INFO -   RLT: 11
  Relax-and-lift: 114
2026-06-13 10:27:43 - INFO -   Relax-and-lift: 114

2026-06-13 10:27:43 - INFO - 
Explored 26543 nodes (1599786 simplex iterations) in 25.01 seconds (35.57 work units)
2026-06-13 10:27:43 - INFO - Explored 26543 nodes (1599786 simplex iterations) in 25.01 seconds (35.57 work units)
Thread count was 28 (of 28 available processors)
2026-06-13 10:27:43 - INFO - Thread count was 28 (of 28 available processors)

2026-06-13 10:27:43 - INFO - 
Solution count 10: 6.69487 6.69487 6.69487 ... 7.2875
2026-06-13 10:27:43 - INFO - Solution count 10: 6.69487 6.69487 6.69487 ... 7.2875

2026-06-13 10:27:43 - INFO - 
Optimal solution found (tolerance 0.00e+00)
2026-06-13 10:27:43 - INFO - Optimal solution found (tolerance 0.00e+00)
Warning: max constraint violation (2.1250e-06) exceeds tolerance
2026-06-13 10:27:43 - INFO - Warning: max constraint violation (2.1250e-06) exceeds tolerance
Warning: max bound violation (2.1250e-06) exceeds tolerance
2026-06-13 10:27:43 - INFO - Warning: max bound violation (2.1250e-06) exceeds tolerance
Best objective 6.694869577514e+00, best bound 6.694869577514e+00, gap 0.0000%
2026-06-13 10:27:43 - INFO - Best objective 6.694869577514e+00, best bound 6.694869577514e+00, gap 0.0000%
[EMIB] Solve done: MIPGap=0.0, status=Optimal, Obj=6.694870, time=25.01s, SolCount=10
power_penalty(power)={val_pwr:.4f}, aspect_penalty(aspect)={val_asp:.4f}
[EMIB] Solve succeeded (Optimal)
[EMIB] placement JSON saved: /root/placement/MPDAP/output_gurobi_EMIB_chiplet_5_6_01_08/placement/cpu-dram.json
[EMIB] Layout figure saved: /root/placement/MPDAP/output_gurobi_EMIB_chiplet_5_6_01_08/fig/cpu-dram_core/solution_1_layout_gurobi.png
2026-06-13 10:27:45 - INFO - 
EMIB returned 1 solution(s) (max 1).
  ✓ EMIB: 1 solution(s)

================================================================================
Batch test done (Gurobi)
  Total time: 27.77 s
================================================================================
File summary:
  Success: 1/1
  Failed: 0/1
Solution count:
  Found: 1/1

Details:
  ✓ cpu-dram.json -> cpu-dram_core: 1 solution(s)
    Log dir: /root/placement/MPDAP/output_gurobi_EMIB_chiplet_5_6_01_08/log/cpu-dram_core
    LP dir: /root/placement/MPDAP/output_gurobi_EMIB_chiplet_5_6_01_08/lp/cpu-dram_core
    Fig dir: /root/placement/MPDAP/output_gurobi_EMIB_chiplet_5_6_01_08/fig/cpu-dram_core
    Placement: /root/placement/MPDAP/output_gurobi_EMIB_chiplet_5_6_01_08/placement/cpu-dram.json
================================================================================

