
================================================================================
Batch test start (Gurobi)
================================================================================
Test input dir: /root/placement/MPDAP/benchmark/test_input
Output base dir: /root/placement/MPDAP/output_gurobi_EMIB_chiplet_5_6_01_08
Found 1 test file(s)
Files to process: hp6_m.json
================================================================================


[1/1] Processing: hp6_m.json
  Core name: hp6_m_core
  Log dir: /root/placement/MPDAP/output_gurobi_EMIB_chiplet_5_6_01_08/log/hp6_m_core
  LP dir: /root/placement/MPDAP/output_gurobi_EMIB_chiplet_5_6_01_08/lp/hp6_m_core
  Fig dir: /root/placement/MPDAP/output_gurobi_EMIB_chiplet_5_6_01_08/fig/hp6_m_core
  Placement file: /root/placement/MPDAP/output_gurobi_EMIB_chiplet_5_6_01_08/placement/hp6_m.json
  Removing old output dir: /root/placement/MPDAP/output_gurobi_EMIB_chiplet_5_6_01_08/log/hp6_m_core
  Removing old output dir: /root/placement/MPDAP/output_gurobi_EMIB_chiplet_5_6_01_08/lp/hp6_m_core
  Removing old output dir: /root/placement/MPDAP/output_gurobi_EMIB_chiplet_5_6_01_08/fig/hp6_m_core
2026-06-13 10:27:46 - INFO - Calling EMIB solver (Gurobi)...
node 0 w: 4.62, h: 10.36
node 1 w: 7.0, h: 3.78
node 2 w: 2.1, h: 9.8
node 3 w: 2.1, h: 9.8
node 4 w: 2.1, h: 9.8
node 5 w: 5.46, h: 33.04
DEBUG
DEBUG
  (A,C): node1=A, node2=C, wireCount=512, EMIBType=interfaceB, EMIB_length=1.7067, EMIB_max_width=3.0, width=2.0, height=1.7067, bump_width=1.0000
  (A,F): node1=A, node2=F, wireCount=256, EMIBType=interfaceB, EMIB_length=0.8533, EMIB_max_width=3.0, width=2.0, height=0.8533, bump_width=1.0000
  (B,E): node1=B, node2=E, wireCount=128, EMIBType=interfaceC, EMIB_length=3.2, EMIB_max_width=99.0, width=1.0, height=3.2, bump_width=0.5000
  (B,F): node1=B, node2=F, wireCount=128, EMIBType=interfaceC, EMIB_length=3.2, EMIB_max_width=99.0, width=1.0, height=3.2, bump_width=0.5000
  (C,D): node1=C, node2=D, wireCount=256, EMIBType=interfaceB, EMIB_length=0.8533, EMIB_max_width=3.0, width=2.0, height=0.8533, bump_width=1.0000
DEBUG
DEBUG
DEBUG
  (0,2): [A, C, 512, interfaceB, 1.7067, 3.0]
  (0,5): [A, F, 256, interfaceB, 0.8533, 3.0]
  (1,4): [B, E, 128, interfaceC, 3.2, 99.0]
  (1,5): [B, F, 128, interfaceC, 3.2, 99.0]
  (2,3): [C, D, 256, interfaceB, 0.8533, 3.0]
Set parameter WLSAccessID
2026-06-13 10:27:46 - INFO - Set parameter WLSAccessID
Set parameter WLSSecret
2026-06-13 10:27:46 - INFO - Set parameter WLSSecret
Set parameter LicenseID to value 2756663
2026-06-13 10:27:46 - INFO - Set parameter LicenseID to value 2756663
Academic license 2756663 - for non-commercial use only - registered to hu___@sjtu.edu.cn
2026-06-13 10:27:46 - INFO - Academic license 2756663 - for non-commercial use only - registered to hu___@sjtu.edu.cn
EMIB_w_var: {(0, 2): <gurobi.Var *Awaiting Model Update*>, (0, 5): <gurobi.Var *Awaiting Model Update*>, (2, 3): <gurobi.Var *Awaiting Model Update*>}
EMIB_h_var: {(0, 2): <gurobi.Var *Awaiting Model Update*>, (0, 5): <gurobi.Var *Awaiting Model Update*>, (2, 3): <gurobi.Var *Awaiting Model Update*>}
EMIB_connected_pairs: {(0, 2): EMIBNode(node1='A', node2='C', wireCount=512, EMIBType='interfaceB', EMIB_length=1.7067, EMIB_bump_width=1.0, EMIB_max_width=3.0, width=2.0, height=1.7067), (0, 5): EMIBNode(node1='A', node2='F', wireCount=256, EMIBType='interfaceB', EMIB_length=0.8533, EMIB_bump_width=1.0, EMIB_max_width=3.0, width=2.0, height=0.8533), (2, 3): EMIBNode(node1='C', node2='D', wireCount=256, EMIBType='interfaceB', EMIB_length=0.8533, EMIB_bump_width=1.0, EMIB_max_width=3.0, width=2.0, height=0.8533)}
DEBUG
DEBUG
DEBUG
DEBUG
[DEBUG] L_avg: 17.78936761101979
[DEBUG] total_area: 316.4616
[DEBUG] ref_wirelength: 11385.195271052668
[DEBUG] ref_t: 35.57873522203958
[DEBUG] ref_power: 32068.30001346501
[DEBUG] ref_aspect: 59.640000000000015

[Normalization Info]
  Ref Wirelength: 11385.20
  Ref Area Proxy (t): 35.58
  Ref Power Term: 32068.30
  Ref Aspect: 59.64
DEBUG
Set parameter TimeLimit to value 300
2026-06-13 10:27:46 - INFO - Set parameter TimeLimit to value 300
Set parameter MIPGap to value 0
2026-06-13 10:27:46 - INFO - Set parameter MIPGap to value 0
Set parameter MIPFocus to value 3
2026-06-13 10:27:46 - INFO - Set parameter MIPFocus to value 3
Set parameter Heuristics to value 0.5
2026-06-13 10:27:46 - INFO - Set parameter Heuristics to value 0.5
Set parameter LogToConsole to value 1
2026-06-13 10:27:46 - INFO - Set parameter LogToConsole to value 1
Gurobi Optimizer version 13.0.1 build v13.0.1rc0 (linux64 - "Ubuntu 20.04.6 LTS")
2026-06-13 10:27:46 - INFO - Gurobi Optimizer version 13.0.1 build v13.0.1rc0 (linux64 - "Ubuntu 20.04.6 LTS")

2026-06-13 10:27:46 - INFO - 
CPU model: AMD Ryzen 9 9950X3D 16-Core Processor, instruction set [SSE2|AVX|AVX2|AVX512]
2026-06-13 10:27:46 - INFO - CPU model: AMD Ryzen 9 9950X3D 16-Core Processor, instruction set [SSE2|AVX|AVX2|AVX512]
Thread count: 14 physical cores, 28 logical processors, using up to 28 threads
2026-06-13 10:27:46 - INFO - Thread count: 14 physical cores, 28 logical processors, using up to 28 threads

2026-06-13 10:27:46 - INFO - 
Non-default parameters:
2026-06-13 10:27:46 - INFO - Non-default parameters:
TimeLimit  300
2026-06-13 10:27:46 - INFO - TimeLimit  300
MIPGap  0
2026-06-13 10:27:46 - INFO - MIPGap  0
Heuristics  0.5
2026-06-13 10:27:46 - INFO - Heuristics  0.5
MIPFocus  3
2026-06-13 10:27:46 - INFO - MIPFocus  3

2026-06-13 10:27:46 - INFO - 
Academic license 2756663 - for non-commercial use only - registered to hu___@sjtu.edu.cn
2026-06-13 10:27:46 - INFO - Academic license 2756663 - for non-commercial use only - registered to hu___@sjtu.edu.cn
Optimize a model with 424 rows, 209 columns and 1411 nonzeros (Min)
2026-06-13 10:27:46 - INFO - Optimize a model with 424 rows, 209 columns and 1411 nonzeros (Min)
Model fingerprint: 0x9f2a1dc6
2026-06-13 10:27:46 - INFO - Model fingerprint: 0x9f2a1dc6
Model has 4 linear objective coefficients
2026-06-13 10:27:46 - INFO - Model has 4 linear objective coefficients
Variable types: 98 continuous, 111 integer (111 binary)
2026-06-13 10:27:46 - INFO - Variable types: 98 continuous, 111 integer (111 binary)
Coefficient statistics:
2026-06-13 10:27:46 - INFO - Coefficient statistics:
  Matrix range     [3e-01, 5e+02]
2026-06-13 10:27:46 - INFO -   Matrix range     [3e-01, 5e+02]
  Objective range  [2e-05, 2e-01]
2026-06-13 10:27:46 - INFO -   Objective range  [2e-05, 2e-01]
  Bounds range     [9e-01, 3e+06]
2026-06-13 10:27:46 - INFO -   Bounds range     [9e-01, 3e+06]
  RHS range        [9e-01, 2e+02]
2026-06-13 10:27:46 - INFO -   RHS range        [9e-01, 2e+02]

2026-06-13 10:27:46 - INFO - 
Presolve removed 59 rows and 47 columns
2026-06-13 10:27:46 - INFO - Presolve removed 59 rows and 47 columns
Presolve time: 0.00s
2026-06-13 10:27:46 - INFO - Presolve time: 0.00s
Presolved: 365 rows, 162 columns, 1290 nonzeros
2026-06-13 10:27:46 - INFO - Presolved: 365 rows, 162 columns, 1290 nonzeros
Variable types: 57 continuous, 105 integer (105 binary)
2026-06-13 10:27:46 - INFO - Variable types: 57 continuous, 105 integer (105 binary)
Root relaxation presolve removed 48 rows and 12 columns
2026-06-13 10:27:46 - INFO - Root relaxation presolve removed 48 rows and 12 columns
Root relaxation presolved: 317 rows, 150 columns, 1170 nonzeros
2026-06-13 10:27:46 - INFO - Root relaxation presolved: 317 rows, 150 columns, 1170 nonzeros

2026-06-13 10:27:46 - INFO - 

2026-06-13 10:27:46 - INFO - 
Root relaxation: objective 5.194114e+00, 89 iterations, 0.00 seconds (0.00 work units)
2026-06-13 10:27:46 - INFO - Root relaxation: objective 5.194114e+00, 89 iterations, 0.00 seconds (0.00 work units)

2026-06-13 10:27:46 - INFO - 
    Nodes    |    Current Node    |     Objective Bounds      |     Work
2026-06-13 10:27:46 - INFO -     Nodes    |    Current Node    |     Objective Bounds      |     Work
 Expl Unexpl |  Obj  Depth IntInf | Incumbent    BestBd   Gap | It/Node Time
2026-06-13 10:27:46 - INFO -  Expl Unexpl |  Obj  Depth IntInf | Incumbent    BestBd   Gap | It/Node Time

2026-06-13 10:27:46 - INFO - 
     0     0    5.19411    0   41          -    5.19411      -     -    0s
2026-06-13 10:27:46 - INFO -      0     0    5.19411    0   41          -    5.19411      -     -    0s
H    0     0                      16.0007356    5.19411  67.5%     -    0s
2026-06-13 10:27:46 - INFO - H    0     0                      16.0007356    5.19411  67.5%     -    0s
H    0     0                      14.5161559    5.24036  63.9%     -    0s
2026-06-13 10:27:46 - INFO - H    0     0                      14.5161559    5.24036  63.9%     -    0s
     0     0    5.24036    0   42   14.51616    5.24036  63.9%     -    0s
2026-06-13 10:27:46 - INFO -      0     0    5.24036    0   42   14.51616    5.24036  63.9%     -    0s
     0     0    5.24036    0   42   14.51616    5.24036  63.9%     -    0s
2026-06-13 10:27:46 - INFO -      0     0    5.24036    0   42   14.51616    5.24036  63.9%     -    0s
H    0     0                       9.3001723    5.24036  43.7%     -    0s
2026-06-13 10:27:46 - INFO - H    0     0                       9.3001723    5.24036  43.7%     -    0s
     0     0    6.42254    0   42    9.30017    6.42254  30.9%     -    0s
2026-06-13 10:27:46 - INFO -      0     0    6.42254    0   42    9.30017    6.42254  30.9%     -    0s
     0     0    6.48754    0   52    9.30017    6.48754  30.2%     -    0s
2026-06-13 10:27:46 - INFO -      0     0    6.48754    0   52    9.30017    6.48754  30.2%     -    0s
     0     0    6.48754    0   52    9.30017    6.48754  30.2%     -    0s
2026-06-13 10:27:46 - INFO -      0     0    6.48754    0   52    9.30017    6.48754  30.2%     -    0s
     0     0    6.48754    0   43    9.30017    6.48754  30.2%     -    0s
2026-06-13 10:27:46 - INFO -      0     0    6.48754    0   43    9.30017    6.48754  30.2%     -    0s
     0     0    7.43655    0   45    9.30017    7.43655  20.0%     -    0s
2026-06-13 10:27:46 - INFO -      0     0    7.43655    0   45    9.30017    7.43655  20.0%     -    0s
     0     0    7.43775    0   61    9.30017    7.43775  20.0%     -    0s
2026-06-13 10:27:46 - INFO -      0     0    7.43775    0   61    9.30017    7.43775  20.0%     -    0s
     0     0    7.43775    0   61    9.30017    7.43775  20.0%     -    0s
2026-06-13 10:27:46 - INFO -      0     0    7.43775    0   61    9.30017    7.43775  20.0%     -    0s
     0     0    7.43775    0   61    9.30017    7.43775  20.0%     -    0s
2026-06-13 10:27:46 - INFO -      0     0    7.43775    0   61    9.30017    7.43775  20.0%     -    0s
     0     0    7.67384    0   61    9.30017    7.67384  17.5%     -    0s
2026-06-13 10:27:46 - INFO -      0     0    7.67384    0   61    9.30017    7.67384  17.5%     -    0s
     0     0    7.67384    0   61    9.30017    7.67384  17.5%     -    0s
2026-06-13 10:27:46 - INFO -      0     0    7.67384    0   61    9.30017    7.67384  17.5%     -    0s
     0     0    7.67384    0   57    9.30017    7.67384  17.5%     -    0s
2026-06-13 10:27:47 - INFO -      0     0    7.67384    0   57    9.30017    7.67384  17.5%     -    0s
     0     2    7.67384    0   57    9.30017    7.67384  17.5%     -    0s
2026-06-13 10:27:47 - INFO -      0     2    7.67384    0   57    9.30017    7.67384  17.5%     -    0s
H   14    16                       9.1821242    7.67384  16.4%  67.5    0s
2026-06-13 10:27:47 - INFO - H   14    16                       9.1821242    7.67384  16.4%  67.5    0s
H   87    84                       9.1821241    7.67384  16.4%  56.6    0s
2026-06-13 10:27:47 - INFO - H   87    84                       9.1821241    7.67384  16.4%  56.6    0s
H  480   331                       9.1821241    8.28655  9.75%  42.6    0s
2026-06-13 10:27:47 - INFO - H  480   331                       9.1821241    8.28655  9.75%  42.6    0s
H  494   331                       9.1821241    8.30778  9.52%  42.8    0s
2026-06-13 10:27:47 - INFO - H  494   331                       9.1821241    8.30778  9.52%  42.8    0s
H  634   419                       9.1620779    8.39225  8.40%  40.2    0s
2026-06-13 10:27:47 - INFO - H  634   419                       9.1620779    8.39225  8.40%  40.2    0s
H  728   409                       9.0755093    8.43495  7.06%  38.0    0s
2026-06-13 10:27:47 - INFO - H  728   409                       9.0755093    8.43495  7.06%  38.0    0s
H  757   404                       9.0282901    8.47451  6.13%  37.1    0s
2026-06-13 10:27:47 - INFO - H  757   404                       9.0282901    8.47451  6.13%  37.1    0s
H  779   404                       8.9968106    8.49314  5.60%  37.0    0s
2026-06-13 10:27:47 - INFO - H  779   404                       8.9968106    8.49314  5.60%  37.0    0s
*  843   379              21       8.9653312    8.55520  4.57%  36.0    0s
2026-06-13 10:27:47 - INFO - *  843   379              21       8.9653312    8.55520  4.57%  36.0    0s

2026-06-13 10:27:47 - INFO - 
Cutting planes:
2026-06-13 10:27:47 - INFO - Cutting planes:
  Learned: 13
2026-06-13 10:27:47 - INFO -   Learned: 13
  Gomory: 86
2026-06-13 10:27:47 - INFO -   Gomory: 86
  Lift-and-project: 56
2026-06-13 10:27:47 - INFO -   Lift-and-project: 56
  Implied bound: 25
2026-06-13 10:27:47 - INFO -   Implied bound: 25
  Clique: 3
2026-06-13 10:27:47 - INFO -   Clique: 3
  MIR: 309
2026-06-13 10:27:47 - INFO -   MIR: 309
  Mixing: 21
2026-06-13 10:27:47 - INFO -   Mixing: 21
  StrongCG: 2
2026-06-13 10:27:47 - INFO -   StrongCG: 2
  Flow cover: 914
2026-06-13 10:27:47 - INFO -   Flow cover: 914
  Inf proof: 1
2026-06-13 10:27:47 - INFO -   Inf proof: 1
  RLT: 46
2026-06-13 10:27:47 - INFO -   RLT: 46
  Relax-and-lift: 49
2026-06-13 10:27:47 - INFO -   Relax-and-lift: 49
  BQP: 3
2026-06-13 10:27:47 - INFO -   BQP: 3
  PSD: 6
2026-06-13 10:27:47 - INFO -   PSD: 6

2026-06-13 10:27:47 - INFO - 
Explored 2006 nodes (46374 simplex iterations) in 0.99 seconds (1.71 work units)
2026-06-13 10:27:47 - INFO - Explored 2006 nodes (46374 simplex iterations) in 0.99 seconds (1.71 work units)
Thread count was 28 (of 28 available processors)
2026-06-13 10:27:47 - INFO - Thread count was 28 (of 28 available processors)

2026-06-13 10:27:47 - INFO - 
Solution count 10: 8.96533 8.99681 9.02829 ... 14.5162
2026-06-13 10:27:47 - INFO - Solution count 10: 8.96533 8.99681 9.02829 ... 14.5162

2026-06-13 10:27:47 - INFO - 
Optimal solution found (tolerance 0.00e+00)
2026-06-13 10:27:47 - INFO - Optimal solution found (tolerance 0.00e+00)
Best objective 8.965331154237e+00, best bound 8.965331154237e+00, gap 0.0000%
2026-06-13 10:27:47 - INFO - Best objective 8.965331154237e+00, best bound 8.965331154237e+00, gap 0.0000%
[EMIB] Solve done: MIPGap=0.0, status=Optimal, Obj=8.965331, time=0.99s, SolCount=10
power_penalty(power)={val_pwr:.4f}, aspect_penalty(aspect)={val_asp:.4f}
[EMIB] Solve succeeded (Optimal)
[EMIB] placement JSON saved: /root/placement/MPDAP/output_gurobi_EMIB_chiplet_5_6_01_08/placement/hp6_m.json
[EMIB] Layout figure saved: /root/placement/MPDAP/output_gurobi_EMIB_chiplet_5_6_01_08/fig/hp6_m_core/solution_1_layout_gurobi.png
2026-06-13 10:27:48 - INFO - 
EMIB returned 1 solution(s) (max 1).
  ✓ EMIB: 1 solution(s)

================================================================================
Batch test done (Gurobi)
  Total time: 1.51 s
================================================================================
File summary:
  Success: 1/1
  Failed: 0/1
Solution count:
  Found: 1/1

Details:
  ✓ hp6_m.json -> hp6_m_core: 1 solution(s)
    Log dir: /root/placement/MPDAP/output_gurobi_EMIB_chiplet_5_6_01_08/log/hp6_m_core
    LP dir: /root/placement/MPDAP/output_gurobi_EMIB_chiplet_5_6_01_08/lp/hp6_m_core
    Fig dir: /root/placement/MPDAP/output_gurobi_EMIB_chiplet_5_6_01_08/fig/hp6_m_core
    Placement: /root/placement/MPDAP/output_gurobi_EMIB_chiplet_5_6_01_08/placement/hp6_m.json
================================================================================

