node 0 w: 8.25, h: 9.0
node 1 w: 8.25, h: 9.0
node 2 w: 8.25,2026-06-21 16:23:56 - INFO - Set parameter WLSAccessID
2026-06-21 16:23:56 - INFO - Set parameter WLSSecret
2026-06-21 16:23:56 - INFO - Set parameter LicenseID to value 2756663
2026-06-21 16:23:56 - INFO - Academic license 2756663 - for non-commercial use only - registered to hu___@sjtu.edu.cn
2026-06-21 16:23:56 - INFO - Set parameter TimeLimit to value 300
2026-06-21 16:23:56 - INFO - Set parameter MIPGap to value 0
2026-06-21 16:23:56 - INFO - Set parameter MIPFocus to value 3
2026-06-21 16:23:56 - INFO - Set parameter Heuristics to value 0.5
2026-06-21 16:23:56 - INFO - Set parameter LogToConsole to value 1
2026-06-21 16:23:56 - INFO - Gurobi Optimizer version 13.0.1 build v13.0.1rc0 (linux64 - "Ubuntu 20.04.6 LTS")
2026-06-21 16:23:56 - INFO - 
2026-06-21 16:23:56 - INFO - CPU model: AMD Ryzen 9 9950X3D 16-Core Processor, instruction set [SSE2|AVX|AVX2|AVX512]
2026-06-21 16:23:56 - INFO - Thread count: 14 physical cores, 28 logical processors, using up to 28 threads
2026-06-21 16:23:56 - INFO - 
2026-06-21 16:23:56 - INFO - Non-default parameters:
2026-06-21 16:23:56 - INFO - TimeLimit  300
2026-06-21 16:23:56 - INFO - MIPGap  0
2026-06-21 16:23:56 - INFO - Heuristics  0.5
2026-06-21 16:23:56 - INFO - MIPFocus  3
2026-06-21 16:23:56 - INFO - 
2026-06-21 16:23:56 - INFO - Academic license 2756663 - for non-commercial use only - registered to hu___@sjtu.edu.cn
2026-06-21 16:23:56 - INFO - Optimize a model with 1063 rows, 498 columns and 3539 nonzeros (Min)
2026-06-21 16:23:56 - INFO - Model fingerprint: 0x3d03109e
2026-06-21 16:23:56 - INFO - Model has 4 linear objective coefficients
2026-06-21 16:23:56 - INFO - Variable types: 222 continuous, 276 integer (276 binary)
2026-06-21 16:23:56 - INFO - Coefficient statistics:
2026-06-21 16:23:56 - INFO -   Matrix range     [5e-01, 2e+04]
2026-06-21 16:23:56 - INFO -   Objective range  [7e-07, 1e-01]
2026-06-21 16:23:56 - INFO -   Bounds range     [9e-01, 7e+06]
2026-06-21 16:23:56 - INFO -   RHS range        [9e-01, 2e+02]
2026-06-21 16:23:56 - INFO - 
2026-06-21 16:23:56 - INFO - Presolve removed 101 rows and 89 columns
2026-06-21 16:23:56 - INFO - Presolve time: 0.01s
2026-06-21 16:23:56 - INFO - Presolved: 962 rows, 409 columns, 3126 nonzeros
2026-06-21 16:23:56 - INFO - Variable types: 153 continuous, 256 integer (256 binary)
2026-06-21 16:23:56 - INFO - Root relaxation presolve removed 218 rows and 78 columns
2026-06-21 16:23:56 - INFO - Root relaxation presolved: 744 rows, 343 columns, 2608 nonzeros
2026-06-21 16:23:56 - INFO - 
2026-06-21 16:23:56 - INFO - 
2026-06-21 16:23:56 - INFO - Root relaxation: objective -2.819656e+01, 195 iterations, 0.00 seconds (0.00 work units)
2026-06-21 16:23:56 - INFO - 
2026-06-21 16:23:56 - INFO -     Nodes    |    Current Node    |     Objective Bounds      |     Work
2026-06-21 16:23:56 - INFO -  Expl Unexpl |  Obj  Depth IntInf | Incumbent    BestBd   Gap | It/Node Time
2026-06-21 16:23:56 - INFO - 
2026-06-21 16:23:56 - INFO -      0     0  -28.19656    0  120          -  -28.19656      -     -    0s
2026-06-21 16:23:56 - INFO - H    0     0                      13.1363805  -23.71367   281%     -    0s
2026-06-21 16:23:56 - INFO -      0     0  -22.22066    0  156   13.13638  -22.22066   269%     -    0s
2026-06-21 16:23:56 - INFO -      0     0  -22.22066    0  156   13.13638  -22.22066   269%     -    0s
2026-06-21 16:23:56 - INFO -      0     0  -22.22066    0  131   13.13638  -22.22066   269%     -    0s
2026-06-21 16:23:56 - INFO -      0     0  -10.65009    0  142   13.13638  -10.65009   181%     -    0s
2026-06-21 16:23:56 - INFO -      0     0   -7.49887    0  108   13.13638   -7.49887   157%     -    0s
2026-06-21 16:23:56 - INFO -      0     0   -7.49887    0  101   13.13638   -7.49887   157%     -    0s
2026-06-21 16:23:56 - INFO -      0     0   -7.49887    0   78   13.13638   -7.49887   157%     -    0s
2026-06-21 16:23:56 - INFO -      0     0   -5.59422    0   93   13.13638   -5.59422   143%     -    0s
2026-06-21 16:23:56 - INFO -      0     0   -5.59422    0   96   13.13638   -5.59422   143%     -    0s
2026-06-21 16:23:56 - INFO -      0     0   -3.03898    0  103   13.13638   -3.03898   123%     -    0s
2026-06-21 16:23:56 - INFO -      0     0   -3.03898    0  103   13.13638   -3.03898   123%     -    0s
2026-06-21 16:23:56 - INFO -      0     0   -3.03898    0   95   13.13638   -3.03898   123%     -    0s
2026-06-21 16:23:56 - INFO -      0     0   -2.68260    0   97   13.13638   -2.68260   120%     -    0s
2026-06-21 16:23:56 - INFO -      0     0   -2.64692    0  101   13.13638   -2.64692   120%     -    0s
2026-06-21 16:23:56 - INFO -      0     0   -2.64656    0  101   13.13638   -2.64656   120%     -    0s
2026-06-21 16:23:57 - INFO -      0     0   -1.93767    0  110   13.13638   -1.93767   115%     -    0s
2026-06-21 16:23:57 - INFO -      0     0   -1.93767    0  110   13.13638   -1.93767   115%     -    0s
2026-06-21 16:23:57 - INFO -      0     0   -1.93767    0  106   13.13638   -1.93767   115%     -    0s
2026-06-21 16:23:57 - INFO - H    0     0                      11.8796613   -1.87919   116%     -    0s
2026-06-21 16:23:57 - INFO - H    0     0                      11.7697581   -1.87919   116%     -    0s
2026-06-21 16:23:57 - INFO - H    0     0                       9.9875871   -1.87919   119%     -    0s
2026-06-21 16:23:57 - INFO -      0     0   -1.87919    0  107    9.98759   -1.87919   119%     -    0s
2026-06-21 16:23:57 - INFO -      0     0   -1.87919    0  110    9.98759   -1.87919   119%     -    0s
2026-06-21 16:23:57 - INFO -      0     0   -1.53300    0  106    9.98759   -1.53300   115%     -    0s
2026-06-21 16:23:57 - INFO -      0     0   -1.53300    0  105    9.98759   -1.53300   115%     -    0s
2026-06-21 16:23:57 - INFO -      0     0   -1.53300    0   94    9.98759   -1.53300   115%     -    0s
2026-06-21 16:23:57 - INFO -      0     0   -1.50255    0  102    9.98759   -1.50255   115%     -    0s
2026-06-21 16:23:57 - INFO -      0     0   -1.49923    0   99    9.98759   -1.49923   115%     -    0s
2026-06-21 16:23:57 - INFO -      0     0   -1.32177    0   98    9.98759   -1.32177   113%     -    0s
2026-06-21 16:23:57 - INFO -      0     0   -1.32177    0   98    9.98759   -1.32177   113%     -    1s
2026-06-21 16:23:57 - INFO - H    0     0                       9.2503225   -1.28406   114%     -    1s
2026-06-21 16:23:57 - INFO - H    0     0                       9.0049844   -1.28406   114%     -    1s
2026-06-21 16:23:57 - INFO -      0     0   -1.27874    0  110    9.00498   -1.27874   114%     -    1s
2026-06-21 16:23:57 - INFO -      0     0   -1.27293    0  125    9.00498   -1.27293   114%     -    1s
2026-06-21 16:23:57 - INFO -      0     0   -1.25002    0  107    9.00498   -1.25002   114%     -    1s
2026-06-21 16:23:57 - INFO -      0     0   -1.25002    0  105    9.00498   -1.25002   114%     -    1s
2026-06-21 16:23:57 - INFO -      0     0   -1.25002    0  105    9.00498   -1.25002   114%     -    1s
2026-06-21 16:23:57 - INFO -      0     0   -1.22908    0  103    9.00498   -1.22908   114%     -    1s
2026-06-21 16:23:57 - INFO -      0     0   -1.22908    0   89    9.00498   -1.22908   114%     -    1s
2026-06-21 16:23:57 - INFO -      0     2   -1.22506    0   88    9.00498   -1.22506   114%     -    1s
2026-06-21 16:23:57 - INFO - H   13    16                       8.8028731    0.20369  97.7%   109    1s
2026-06-21 16:23:58 - INFO - H   43    76                       8.5959235    1.37763  84.0%   184    1s
2026-06-21 16:23:58 - INFO - H   46    76                       8.5178854    1.39890  83.6%   182    1s
2026-06-21 16:23:58 - INFO - H   52    76                       8.4938802    1.40912  83.4%   176    1s
2026-06-21 16:23:58 - INFO - H  113   127                       8.4605154    1.83590  78.3%   165    1s
2026-06-21 16:23:58 - INFO - H  119   127                       8.4219284    1.86582  77.8%   164    1s
2026-06-21 16:23:58 - INFO - H  121   127                       8.4218730    1.86999  77.8%   164    1s
2026-06-21 16:24:00 - INFO - H  290   296                       8.4037093    2.32528  72.3%   232    4s
2026-06-21 16:24:01 - INFO - H  297   328                       8.1786955    2.34830  71.3%   234    4s
2026-06-21 16:24:01 - INFO - H  301   328                       8.1687365    2.34885  71.2%   233    4s
2026-06-21 16:24:01 - INFO - H  308   328                       8.1381582    2.34919  71.1%   232    4s
2026-06-21 16:24:01 - INFO - H  312   328                       8.0956350    2.34986  71.0%   230    4s
2026-06-21 16:24:01 - INFO - H  314   328                       8.0836465    2.34986  70.9%   230    4s
2026-06-21 16:24:01 - INFO - H  334   360                       8.0330365    2.35951  70.6%   229    4s
2026-06-21 16:24:01 - INFO - H  353   360                       8.0028685    2.38072  70.3%   226    4s
2026-06-21 16:24:01 - INFO - H  441   440                       8.0028262    2.41302  69.8%   201    4s
2026-06-21 16:24:01 - INFO -    536   584    2.65058    8  137    8.00283    2.46084  69.3%   190    5s
2026-06-21 16:24:01 - INFO - H  561   584                       7.9818482    2.46532  69.1%   186    5s
2026-06-21 16:24:01 - INFO - H  636   654                       7.9738665    2.47397  69.0%   175    5s
2026-06-21 16:24:01 - INFO - H  801   790                       7.9738441    2.50375  68.6%   162    5s
2026-06-21 16:24:02 - INFO - H  946   928                       7.7037921    2.61003  66.1%   183    6s
2026-06-21 16:24:03 - INFO - H  964   987                       7.4841484    2.61889  65.0%   186    6s
2026-06-21 16:24:06 - INFO -   2041  1982    3.87198   17  166    7.48415    3.64268  51.3%   150   10s
2026-06-21 16:24:09 - INFO - H 2664  2306                       7.4841484    4.34554  41.9%   174   12s
2026-06-21 16:24:10 - INFO - H 2974  2434                       7.4841461    4.48189  40.1%   177   14s
2026-06-21 16:24:10 - INFO - H 3540  2671                       7.4203733    4.54743  38.7%   168   14s
2026-06-21 16:24:11 - INFO - H 3592  2877                       7.2309801    4.55081  37.1%   167   14s
2026-06-21 16:24:11 - INFO - H 3914  2847                       7.2208014    4.57279  36.7%   162   14s
2026-06-21 16:24:11 - INFO - H 3930  2767                       7.2206012    4.57435  36.6%   162   14s
2026-06-21 16:24:11 - INFO -   4180  2952    4.77963   22  148    7.22060    4.61113  36.1%   159   15s
2026-06-21 16:24:13 - INFO - H11042  8120                       7.2206012    5.15401  28.6%   131   17s
2026-06-21 16:24:14 - INFO - H11506  8492                       7.2206012    5.17441  28.3%   133   18s
2026-06-21 16:24:15 - INFO - H12475  9325                       7.2206012    5.20144  28.0%   134   19s
2026-06-21 16:24:15 - INFO - H12660  9325                       7.2206012    5.20736  27.9%   134   19s
2026-06-21 16:24:16 - INFO - H13569  9921                       7.2206012    5.25103  27.3%   136   19s
2026-06-21 16:24:16 - INFO - H14061 10191                       7.2206012    5.27326  27.0%   137   20s
2026-06-21 16:24:16 - INFO - H15152 10836                       7.2206012    5.31605  26.4%   139   20s
2026-06-21 16:24:16 - INFO - H15440 10836                       7.2206012    5.32795  26.2%   139   20s
2026-06-21 16:24:17 - INFO - H15827 11188                       7.2206012    5.35221  25.9%   139   20s
2026-06-21 16:24:17 - INFO - H16046 11188                       7.2206012    5.35760  25.8%   139   20s
2026-06-21 16:24:17 - INFO - H16618 11278                       7.2206012    5.40209  25.2%   140   21s
2026-06-21 16:24:18 - INFO - H16672 11296                       7.2206011    5.40522  25.1%   140   21s
2026-06-21 16:24:18 - INFO - H16769 11458                       7.2206011    5.40971  25.1%   141   22s
2026-06-21 16:24:18 - INFO - H17530 11682                       7.2206011    5.42186  24.9%   142   22s
2026-06-21 16:24:18 - INFO - H17795 11682                       7.2206011    5.42363  24.9%   142   22s
2026-06-21 16:24:19 - INFO - H17848 11982                       7.2206011    5.42431  24.9%   142   22s
2026-06-21 16:24:19 - INFO - H17880 11982                       7.2206011    5.42797  24.8%   142   22s
2026-06-21 16:24:19 - INFO - H17983 11982                       7.2206011    5.43357  24.7%   142   22s
2026-06-21 16:24:19 - INFO - H18431 11982                       7.2206011    5.44112  24.6%   142   22s
2026-06-21 16:24:19 - INFO - H19862 12275                       7.2206010    5.48384  24.1%   143   23s
2026-06-21 16:24:19 - INFO - H20617 12401                       7.2206009    5.55795  23.0%   144   23s
2026-06-21 16:24:20 - INFO - H21000 12447                       7.2206009    5.61669  22.2%   144   24s
2026-06-21 16:24:21 - INFO - H21659 12537                       7.2206008    5.63615  21.9%   144   24s
2026-06-21 16:24:21 - INFO - H21863 12537                       7.2206008    5.63827  21.9%   144   24s
2026-06-21 16:24:21 - INFO -  22060 12673 infeasible   23         7.22060    5.64156  21.9%   144   25s
2026-06-21 16:24:21 - INFO - H22384 12673                       7.2206008    5.64980  21.8%   144   25s
2026-06-21 16:24:22 - INFO - H24495 12869                       7.2206008    5.74061  20.5%   144   25s
2026-06-21 16:24:22 - INFO - H25205 12863                       7.2206008    5.82807  19.3%   144   26s
2026-06-21 16:24:23 - INFO - H26096 12916                       7.2206008    5.86081  18.8%   143   27s
2026-06-21 16:24:26 - INFO -  32874 13448     cutoff   24         7.22060    6.10324  15.5%   135   30s
2026-06-21 16:24:28 - INFO - H39643 15366                       7.2206007    6.27791  13.1%   128   32s
2026-06-21 16:24:29 - INFO - H40171 15402                       7.2206007    6.28604  12.9%   127   32s
2026-06-21 16:24:32 - INFO -  40448 15418     cutoff   24         7.22060    6.31005  12.6%   127   36s
2026-06-21 16:24:34 - INFO - H41801 15883                       7.2206007    6.32295  12.4%   126   38s
2026-06-21 16:24:35 - INFO - H41923 15944                       7.2206007    6.32699  12.4%   125   38s
2026-06-21 16:24:36 - INFO -  43516 16700    6.41599   32   76    7.22060    6.33732  12.2%   124   40s
2026-06-21 16:24:36 - INFO - H43531 16700                       7.2206006    6.33962  12.2%   124   40s
2026-06-21 16:24:37 - INFO - H46284 17627                       7.2205992    6.36657  11.8%   121   41s
2026-06-21 16:24:41 - INFO -  53729 20242    6.64701   27   79    7.22060    6.47027  10.4%   116   45s
2026-06-21 16:24:46 - INFO -  64348 23479    6.88955   32   59    7.22060    6.63846  8.06%   110   50s
2026-06-21 16:24:46 - INFO - H64815 23479                       7.2205939    6.63989  8.04%   110   50s
2026-06-21 16:24:51 - INFO -  79416 25485     cutoff   32         7.22059    6.78735  6.00%   102   55s
2026-06-21 16:24:52 - INFO - H79767 25452                       7.2205931    6.80797  5.71%   102   56s
2026-06-21 16:24:57 - INFO -  84737 26125 infeasible   32         7.22059    6.86751  4.89%  99.1   61s
2026-06-21 16:25:01 - INFO -  101674 24557    6.96195   30   80    7.22059    6.95489  3.68%  90.8   65s
2026-06-21 16:25:07 - INFO -  109858 23590     cutoff   31         7.22059    7.01129  2.90%  87.3   70s
2026-06-21 16:25:11 - INFO -  125193 20733    7.08388   35   50    7.22059    7.08388  1.89%  80.9   75s
2026-06-21 16:25:16 - INFO -  137393 16624    7.13183   34   26    7.22059    7.11549  1.46%  76.3   80s
2026-06-21 16:25:21 - INFO -  155561  9432    7.19557   34   36    7.22059    7.18658  0.47%  70.1   85s
2026-06-21 16:25:26 - INFO -  170499   240     cutoff   37         7.22059    7.21990  0.01%  65.6   90s
2026-06-21 16:25:26 - INFO - 
2026-06-21 16:25:26 - INFO - Cutting planes:
2026-06-21 16:25:26 - INFO -   Learned: 137
2026-06-21 16:25:26 - INFO -   Gomory: 254
2026-06-21 16:25:26 - INFO -   Lift-and-project: 345
2026-06-21 16:25:26 - INFO -   Cover: 553
2026-06-21 16:25:26 - INFO -   Implied bound: 23
2026-06-21 16:25:26 - INFO -   MIR: 400
2026-06-21 16:25:26 - INFO -   Mixing: 2
2026-06-21 16:25:26 - INFO -   StrongCG: 2
2026-06-21 16:25:26 - INFO -   Flow cover: 1652
2026-06-21 16:25:26 - INFO -   Inf proof: 528
2026-06-21 16:25:26 - INFO -   Zero half: 155
2026-06-21 16:25:26 - INFO -   Network: 1
2026-06-21 16:25:26 - INFO -   RLT: 31
2026-06-21 16:25:26 - INFO -   Relax-and-lift: 179
2026-06-21 16:25:26 - INFO -   PSD: 1
2026-06-21 16:25:26 - INFO - 
2026-06-21 16:25:26 - INFO - Explored 170894 nodes (11189511 simplex iterations) in 90.08 seconds (142.02 work units)
2026-06-21 16:25:26 - INFO - Thread count was 28 (of 28 available processors)
2026-06-21 16:25:26 - INFO - 
2026-06-21 16:25:26 - INFO - Solution count 10: 7.22059 7.22059 7.2206 ... 7.42037
2026-06-21 16:25:26 - INFO - 
2026-06-21 16:25:26 - INFO - Optimal solution found (tolerance 0.00e+00)
2026-06-21 16:25:26 - INFO - Best objective 7.220593134928e+00, best bound 7.220593134928e+00, gap 0.0000%
2026-06-21 16:25:26 - DEBUG - Loaded backend Agg version v2.2.
2026-06-21 16:25:26 - DEBUG - findfont: Matching sans\-serif:style=normal:variant=normal:weight=normal:stretch=normal:size=10.0.
2026-06-21 16:25:26 - DEBUG - findfont: score(FontEntry(fname='/root/anaconda3/lib/python3.12/site-packages/matplotlib/mpl-data/fonts/ttf/STIXSizTwoSymReg.ttf', name='STIXSizeTwoSym', style='normal', variant='normal', weight=400, stretch='normal', size='scalable')) = 10.05
2026-06-21 16:25:26 - DEBUG - findfont: score(FontEntry(fname='/root/anaconda3/lib/python3.12/site-packages/matplotlib/mpl-data/fonts/ttf/cmex10.ttf', name='cmex10', style='normal', variant='normal', weight=400, stretch='normal', size='scalable')) = 10.05
2026-06-21 16:25:26 - DEBUG - findfont: score(FontEntry(fname='/root/anaconda3/lib/python3.12/site-packages/matplotlib/mpl-data/fonts/ttf/STIXSizThreeSymBol.ttf', name='STIXSizeThreeSym', style='normal', variant='normal', weight=700, stretch='normal', size='scalable')) = 10.335
2026-06-21 16:25:26 - DEBUG - findfont: score(FontEntry(fname='/root/anaconda3/lib/python3.12/site-packages/matplotlib/mpl-data/fonts/ttf/STIXSizOneSymBol.ttf', name='STIXSizeOneSym', style='normal', variant='normal', weight=700, stretch='normal', size='scalable')) = 10.335
2026-06-21 16:25:26 - DEBUG - findfont: score(FontEntry(fname='/root/anaconda3/lib/python3.12/site-packages/matplotlib/mpl-data/fonts/ttf/DejaVuSansMono-Bold.ttf', name='DejaVu Sans Mono', style='normal', variant='normal', weight=700, stretch='normal', size='scalable')) = 10.335
2026-06-21 16:25:26 - DEBUG - findfont: score(FontEntry(fname='/root/anaconda3/lib/python3.12/site-packages/matplotlib/mpl-data/fonts/ttf/cmss10.ttf', name='cmss10', style='normal', variant='normal', weight=400, stretch='normal', size='scalable')) = 10.05
2026-06-21 16:25:26 - DEBUG - findfont: score(FontEntry(fname='/root/anaconda3/lib/python3.12/site-packages/matplotlib/mpl-data/fonts/ttf/DejaVuSerif-Italic.ttf', name='DejaVu Serif', style='italic', variant='normal', weight=400, stretch='normal', size='scalable')) = 11.05
2026-06-21 16:25:26 - DEBUG - findfont: score(FontEntry(fname='/root/anaconda3/lib/python3.12/site-packages/matplotlib/mpl-data/fonts/ttf/cmb10.ttf', name='cmb10', style='normal', variant='normal', weight=400, stretch='normal', size='scalable')) = 10.05
2026-06-21 16:25:26 - DEBUG - findfont: score(FontEntry(fname='/root/anaconda3/lib/python3.12/site-packages/matplotlib/mpl-data/fonts/ttf/STIXSizTwoSymBol.ttf', name='STIXSizeTwoSym', style='normal', variant='normal', weight=700, stretch='normal', size='scalable')) = 10.335
2026-06-21 16:25:26 - DEBUG - findfont: score(FontEntry(fname='/root/anaconda3/lib/python3.12/site-packages/matplotlib/mpl-data/fonts/ttf/DejaVuSans.ttf', name='DejaVu Sans', style='normal', variant='normal', weight=400, stretch='normal', size='scalable')) = 0.05
2026-06-21 16:25:26 - DEBUG - findfont: score(FontEntry(fname='/root/anaconda3/lib/python3.12/site-packages/matplotlib/mpl-data/fonts/ttf/STIXGeneralItalic.ttf', name='STIXGeneral', style='italic', variant='normal', weight=400, stretch='normal', size='scalable')) = 11.05
2026-06-21 16:25:26 - DEBUG - findfont: score(FontEntry(fname='/root/anaconda3/lib/python3.12/site-packages/matplotlib/mpl-data/fonts/ttf/DejaVuSerif-Bold.ttf', name='DejaVu Serif', style='normal', variant='normal', weight=700, stretch='normal', size='scalable')) = 10.335
2026-06-21 16:25:26 - DEBUG - findfont: score(FontEntry(fname='/root/anaconda3/lib/python3.12/site-packages/matplotlib/mpl-data/fonts/ttf/STIXNonUni.ttf', name='STIXNonUnicode', style='normal', variant='normal', weight=400, stretch='normal', size='scalable')) = 10.05
2026-06-21 16:25:26 - DEBUG - findfont: score(FontEntry(fname='/root/anaconda3/lib/python3.12/site-packages/matplotlib/mpl-data/fonts/ttf/DejaVuSansDisplay.ttf', name='DejaVu Sans Display', style='normal', variant='normal', weight=400, stretch='normal', size='scalable')) = 10.05
2026-06-21 16:25:26 - DEBUG - findfont: score(FontEntry(fname='/root/anaconda3/lib/python3.12/site-packages/matplotlib/mpl-data/fonts/ttf/STIXSizThreeSymReg.ttf', name='STIXSizeThreeSym', style='normal', variant='normal', weight=400, stretch='normal', size='scalable')) = 10.05
2026-06-21 16:25:26 - DEBUG - findfont: score(FontEntry(fname='/root/anaconda3/lib/python3.12/site-packages/matplotlib/mpl-data/fonts/ttf/STIXSizFiveSymReg.ttf', name='STIXSizeFiveSym', style='normal', variant='normal', weight=400, stretch='normal', size='scalable')) = 10.05
2026-06-21 16:25:26 - DEBUG - findfont: score(FontEntry(fname='/root/anaconda3/lib/python3.12/site-packages/matplotlib/mpl-data/fonts/ttf/STIXNonUniIta.ttf', name='STIXNonUnicode', style='italic', variant='normal', weight=400, stretch='normal', size='scalable')) = 11.05
2026-06-21 16:25:26 - DEBUG - findfont: score(FontEntry(fname='/root/anaconda3/lib/python3.12/site-packages/matplotlib/mpl-data/fonts/ttf/cmsy10.ttf', name='cmsy10', style='normal', variant='normal', weight=400, stretch='normal', size='scalable')) = 10.05
2026-06-21 16:25:26 - DEBUG - findfont: score(FontEntry(fname='/root/anaconda3/lib/python3.12/site-packages/matplotlib/mpl-data/fonts/ttf/cmr10.ttf', name='cmr10', style='normal', variant='normal', weight=400, stretch='normal', size='scalable')) = 10.05
2026-06-21 16:25:26 - DEBUG - findfont[EMIB] Layout figure saved: /root/placement/MPDAP/output_gurobi_EMIB_chiplet_5_6_01_19/fig/cpu-dram_core/solution_1_layout_gurobi.png
  ✓ EMIB: 1 solution(s)
t='normal', weight=400, stretch='normal', size='scalable')) = 10.05
2026-06-21 16:25:26 - DEBUG - findfont: score(FontEntry(fname='/root/anaconda3/lib/python3.12/site-packages/matplotlib/mpl-data/fonts/ttf/STIXNonUniBol.ttf', name='STIXNonUnicode', style='normal', variant='normal', weight=700, stretch='normal', size='scalable')) = 10.335
2026-06-21 16:25:26 - DEBUG - findfont: score(FontEntry(fname='/root/anaconda3/lib/python3.12/site-packages/matplotlib/mpl-data/fonts/ttf/STIXSizFourSymBol.ttf', name='STIXSizeFourSym', style='normal', variant='normal', weight=700, stretch='normal', size='scalable')) = 10.335
2026-06-21 16:25:26 - DEBUG - findfont: score(FontEntry(fname='/root/anaconda3/lib/python3.12/site-packages/matplotlib/mpl-data/fonts/ttf/STIXSizOneSymReg.ttf', name='STIXSizeOneSym', style='normal', variant='normal', weight=400, stretch='normal', size='scalable')) = 10.05
2026-06-21 16:25:26 - DEBUG - findfont: score(FontEntry(fname='/root/anaconda3/lib/python3.12/site-packages/matplotlib/mpl-data/fonts/ttf/STIXGeneralBolIta.ttf', name='STIXGeneral', style='italic', variant='normal', weight=700, stretch='normal', size='scalable')) = 11.335
2026-06-21 16:25:26 - DEBUG - findfont: score(FontEntry(fname='/root/anaconda3/lib/python3.12/site-packages/matplotlib/mpl-data/fonts/ttf/DejaVuSerifDisplay.ttf', name='DejaVu Serif Display', style='normal', variant='normal', weight=400, stretch='normal', size='scalable')) = 10.05
2026-06-21 16:25:26 - DEBUG - findfont: score(FontEntry(fname='/root/anaconda3/lib/python3.12/site-packages/matplotlib/mpl-data/fonts/ttf/DejaVuSans-Bold.ttf', name='DejaVu Sans', style='normal', variant='normal', weight=700, stretch='normal', size='scalable')) = 0.33499999999999996
2026-06-21 16:25:26 - DEBUG - findfont: score(FontEntry(fname='/root/anaconda3/lib/python3.12/site-packages/matplotlib/mpl-data/fonts/ttf/cmmi10.ttf', name='cmmi10', style='normal', variant='normal', weight=400, stretch='normal', size='scalable')) = 10.05
2026-06-21 16:25:26 - DEBUG - findfont: score(FontEntry(fname='/root/anaconda3/lib/python3.12/site-packages/matplotlib/mpl-data/fonts/ttf/cmtt10.ttf', name='cmtt10', style='normal', variant='normal', weight=400, stretch='normal', size='scalable')) = 10.05
2026-06-21 16:25:26 - DEBUG - findfont: score(FontEntry(fname='/root/anaconda3/lib/python3.12/site-packages/matplotlib/mpl-data/fonts/ttf/DejaVuSerif-BoldItalic.ttf', name='DejaVu Serif', style='italic', variant='normal', weight=700, stretch='normal', size='scalable')) = 11.335
2026-06-21 16:25:26 - DEBUG - findfont: score(FontEntry(fname='/root/anaconda3/lib/python3.12/site-packages/matplotlib/mpl-data/fonts/ttf/DejaVuSansMono.ttf', name='DejaVu Sans Mono', style='normal', variant='normal', weight=400, stretch='normal', size='scalable')) = 10.05
2026-06-21 16:25:26 - DEBUG - findfont: score(FontEntry(fname='/root/anaconda3/lib/python3.12/site-packages/matplotlib/mpl-data/fonts/ttf/DejaVuSansMono-BoldOblique.ttf', name='DejaVu Sans Mono', style='oblique', variant='normal', weight=700, stretch='normal', size='scalable')) = 11.335
2026-06-21 16:25:26 - DEBUG - findfont: score(FontEntry(fname='/root/anaconda3/lib/python3.12/site-packages/matplotlib/mpl-data/fonts/ttf/STIXGeneralBol.ttf', name='STIXGeneral', style='normal', variant='normal', weight=700, stretch='normal', size='scalable')) = 10.335
2026-06-21 16:25:26 - DEBUG - findfont: score(FontEntry(fname='/root/anaconda3/lib/python3.12/site-packages/matplotlib/mpl-data/fonts/ttf/DejaVuSerif.ttf', name='DejaVu Serif', style='normal', variant='normal', weight=400, stretch='normal', size='scalable')) = 10.05
2026-06-21 16:25:26 - DEBUG - findfont: score(FontEntry(fname='/root/anaconda3/lib/python3.12/site-packages/matplotlib/mpl-data/fonts/ttf/DejaVuSans-Oblique.ttf', name='DejaVu Sans', style='oblique', variant='normal', weight=400, stretch='normal', size='scalable')) = 1.05
2026-06-21 16:25:26 - DEBUG - findfont: score(FontEntry(fname='/root/anaconda3/lib/python3.12/site-packages/matplotlib/mpl-data/fonts/ttf/DejaVuSans-BoldOblique.ttf', name='DejaVu Sans', style='oblique', variant='normal', weight=700, stretch='normal', size='scalable')) = 1.335
2026-06-21 16:25:26 - DEBUG - findfont: score(FontEntry(fname='/root/anaconda3/lib/python3.12/site-packages/matplotlib/mpl-data/fonts/ttf/DejaVuSansMono-Oblique.ttf', name='DejaVu Sans Mono', style='oblique', variant='normal', weight=400, stretch='normal', size='scalable')) = 11.05
2026-06-21 16:25:26 - DEBUG - findfont: score(FontEntry(fname='/root/anaconda3/lib/python3.12/site-packages/matplotlib/mpl-data/fonts/ttf/STIXNonUniBolIta.ttf', name='STIXNonUnicode', style='italic', variant='normal', weight=700, stretch='normal', size='scalable')) = 11.335
2026-06-21 16:25:26 - DEBUG - findfont: score(FontEntry(fname='/root/anaconda3/lib/python3.12/site-packages/matplotlib/mpl-data/fonts/ttf/STIXSizFourSymReg.ttf', name='STIXSizeFourSym', style='normal', variant='normal', weight=400, stretch='normal', size='scalable')) = 10.05
2026-06-21 16:25:26 - DEBUG - findfont: score(FontEntry(fname='/usr/share/fonts/truetype/dejavu/DejaVuSans-Bold.ttf', name='DejaVu Sans', style='normal', variant='normal', weight=700, stretch='normal', size='scalable')) = 0.33499999999999996
2026-06-21 16:25:26 - DEBUG - findfont: score(FontEntry(fname='/usr/share/fonts/truetype/dejavu/DejaVuSansMono-Bold.ttf', name='DejaVu Sans Mono', style='normal', variant='normal', weight=700, stretch='normal', size='scalable')) = 10.335
2026-06-21 16:25:26 - DEBUG - findfont: score(FontEntry(fname='/usr/share/fonts/truetype/dejavu/DejaVuSerif.ttf', name='DejaVu Serif', style='normal', variant='normal', weight=400, stretch='normal', size='scalable')) = 10.05
2026-06-21 16:25:26 - DEBUG - findfont: score(FontEntry(fname='/usr/share/fonts/truetype/dejavu/DejaVuSans.ttf', name='DejaVu Sans', style='normal', variant='normal', weight=400, stretch='normal', size='scalable')) = 0.05
2026-06-21 16:25:26 - DEBUG - findfont: score(FontEntry(fname='/usr/share/fonts/truetype/dejavu/DejaVuSansMono.ttf', name='DejaVu Sans Mono', style='normal', variant='normal', weight=400, stretch='normal', size='scalable')) = 10.05
2026-06-21 16:25:26 - DEBUG - findfont: score(FontEntry(fname='/usr/share/fonts/truetype/dejavu/DejaVuSerif-Bold.ttf', name='DejaVu Serif', style='normal', variant='normal', weight=700, stretch='normal', size='scalable')) = 10.335
2026-06-21 16:25:26 - DEBUG - findfont: Matching sans\-serif:style=normal:variant=normal:weight=normal:stretch=normal:size=10.0 to DejaVu Sans ('/root/anaconda3/lib/python3.12/site-packages/matplotlib/mpl-data/fonts/ttf/DejaVuSans.ttf') with score of 0.050000.
2026-06-21 16:25:28 - DEBUG - findfont: Matching sans\-serif:style=normal:variant=normal:weight=normal:stretch=normal:size=12.0.
2026-06-21 16:25:28 - DEBUG - findfont: score(FontEntry(fname='/root/anaconda3/lib/python3.12/site-packages/matplotlib/mpl-data/fonts/ttf/STIXSizTwoSymReg.ttf', name='STIXSizeTwoSym', style='normal', variant='normal', weight=400, stretch='normal', size='scalable')) = 10.05
2026-06-21 16:25:28 - DEBUG - findfont: score(FontEntry(fname='/root/anaconda3/lib/python3.12/site-packages/matplotlib/mpl-data/fonts/ttf/cmex10.ttf', name='cmex10', style='normal', variant='normal', weight=400, stretch='normal', size='scalable')) = 10.05
2026-06-21 16:25:28 - DEBUG - findfont: score(FontEntry(fname='/root/anaconda3/lib/python3.12/site-packages/matplotlib/mpl-data/fonts/ttf/STIXSizThreeSymBol.ttf', name='STIXSizeThreeSym', style='normal', variant='normal', weight=700, stretch='normal', size='scalable')) = 10.335
2026-06-21 16:25:28 - DEBUG - findfont: score(FontEntry(fname='/root/anaconda3/lib/python3.12/site-packages/matplotlib/mpl-data/fonts/ttf/STIXSizOneSymBol.ttf', name='STIXSizeOneSym', style='normal', variant='normal', weight=700, stretch='normal', size='scalable')) = 10.335
2026-06-21 16:25:28 - DEBUG - findfont: score(FontEntry(fname='/root/anaconda3/lib/python3.12/site-packages/matplotlib/mpl-data/fonts/ttf/DejaVuSansMono-Bold.ttf', name='DejaVu Sans Mono', style='normal', variant='normal', weight=700, stretch='normal', size='scalable')) = 10.335
2026-06-21 16:25:28 - DEBUG - findfont: score(FontEntry(fname='/root/anaconda3/lib/python3.12/site-packages/matplotlib/mpl-data/fonts/ttf/cmss10.ttf', name='cmss10', style='normal', variant='normal', weight=400, stretch='normal', size='scalable')) = 10.05
2026-06-21 16:25:28 - DEBUG - findfont: score(FontEntry(fname='/root/anaconda3/lib/python3.12/site-packages/matplotlib/mpl-data/fonts/ttf/DejaVuSerif-Italic.ttf', name='DejaVu Serif', style='italic', variant='normal', weight=400, stretch='normal', size='scalable')) = 11.05
2026-06-21 16:25:28 - DEBUG - findfont: score(FontEntry(fname='/root/anaconda3/lib/python3.12/site-packages/matplotlib/mpl-data/fonts/ttf/cmb10.ttf', name='cmb10', style='normal', variant='normal', weight=400, stretch='normal', size='scalable')) = 10.05
2026-06-21 16:25:28 - DEBUG - findfont: score(FontEntry(fname='/root/anaconda3/lib/python3.12/site-packages/matplotlib/mpl-data/fonts/ttf/STIXSizTwoSymBol.ttf', name='STIXSizeTwoSym', style='normal', variant='normal', weight=700, stretch='normal', size='scalable')) = 10.335
2026-06-21 16:25:28 - DEBUG - findfont: score(FontEntry(fname='/root/anaconda3/lib/python3.12/site-packages/matplotlib/mpl-data/fonts/ttf/DejaVuSans.ttf', name='DejaVu Sans', style='normal', variant='normal', weight=400, stretch='normal', size='scalable')) = 0.05
2026-06-21 16:25:28 - DEBUG - findfont: score(FontEntry(fname='/root/anaconda3/lib/python3.12/site-packages/matplotlib/mpl-data/fonts/ttf/STIXGeneralItalic.ttf', name='STIXGeneral', style='italic', variant='normal', weight=400, stretch='normal', size='scalable')) = 11.05
2026-06-21 16:25:28 - DEBUG - findfont: score(FontEntry(fname='/root/anaconda3/lib/python3.12/site-packages/matplotlib/mpl-data/fonts/ttf/DejaVuSerif-Bold.ttf', name='DejaVu Serif', style='normal', variant='normal', weight=700, stretch='normal', size='scalable')) = 10.335
2026-06-21 16:25:28 - DEBUG - findfont: score(FontEntry(fname='/root/anaconda3/lib/python3.12/site-packages/matplotlib/mpl-data/fonts/ttf/STIXNonUni.ttf', name='STIXNonUnicode', style='normal', variant='normal', weight=400, stretch='normal', size='scalable')) = 10.05
2026-06-21 16:25:28 - DEBUG - findfont: score(FontEntry(fname='/root/anaconda3/lib/python3.12/site-packages/matplotlib/mpl-data/fonts/ttf/DejaVuSansDisplay.ttf', name='DejaVu Sans Display', style='normal', variant='normal', weight=400, stretch='normal', size='scalable')) = 10.05
2026-06-21 16:25:28 - DEBUG - findfont: score(FontEntry(fname='/root/anaconda3/lib/python3.12/site-packages/matplotlib/mpl-data/fonts/ttf/STIXSizThreeSymReg.ttf', name='STIXSizeThreeSym', style='normal', variant='normal', weight=400, stretch='normal', size='scalable')) = 10.05
2026-06-21 16:25:28 - DEBUG - findfont: score(FontEntry(fname='/root/anaconda3/lib/python3.12/site-packages/matplotlib/mpl-data/fonts/ttf/STIXSizFiveSymReg.ttf', name='STIXSizeFiveSym', style='normal', variant='normal', weight=400, stretch='normal', size='scalable')) = 10.05
2026-06-21 16:25:28 - DEBUG - findfont: score(FontEntry(fname='/root/anaconda3/lib/python3.12/site-packages/matplotlib/mpl-data/fonts/ttf/STIXNonUniIta.ttf', name='STIXNonUnicode', style='italic', variant='normal', weight=400, stretch='normal', size='scalable')) = 11.05
2026-06-21 16:25:28 - DEBUG - findfont: score(FontEntry(fname='/root/anaconda3/lib/python3.12/site-packages/matplotlib/mpl-data/fonts/ttf/cmsy10.ttf', name='cmsy10', style='normal', variant='normal', weight=400, stretch='normal', size='scalable')) = 10.05
2026-06-21 16:25:28 - DEBUG - findfont: score(FontEntry(fname='/root/anaconda3/lib/python3.12/site-packages/matplotlib/mpl-data/fonts/ttf/cmr10.ttf', name='cmr10', style='normal', variant='normal', weight=400, stretch='normal', size='scalable')) = 10.05
2026-06-21 16:25:28 - DEBUG - findfont: score(FontEntry(fname='/root/anaconda3/lib/python3.12/site-packages/matplotlib/mpl-data/fonts/ttf/STIXGeneral.ttf', name='STIXGeneral', style='normal', variant='normal', weight=400, stretch='normal', size='scalable')) = 10.05
2026-06-21 16:25:28 - DEBUG - findfont: score(FontEntry(fname='/root/anaconda3/lib/python3.12/site-packages/matplotlib/mpl-data/fonts/ttf/STIXNonUniBol.ttf', name='STIXNonUnicode', style='normal', variant='normal', weight=700, stretch='normal', size='scalable')) = 10.335
2026-06-21 16:25:28 - DEBUG - findfont: score(FontEntry(fname='/root/anaconda3/lib/python3.12/site-packages/matplotlib/mpl-data/fonts/ttf/STIXSizFourSymBol.ttf', name='STIXSizeFourSym', style='normal', variant='normal', weight=700, stretch='normal', size='scalable')) = 10.335
2026-06-21 16:25:28 - DEBUG - findfont: score(FontEntry(fname='/root/anaconda3/lib/python3.12/site-packages/matplotlib/mpl-data/fonts/ttf/STIXSizOneSymReg.ttf', name='STIXSizeOneSym', style='normal', variant='normal', weight=400, stretch='normal', size='scalable')) = 10.05
2026-06-21 16:25:28 - DEBUG - findfont: score(FontEntry(fname='/root/anaconda3/lib/python3.12/site-packages/matplotlib/mpl-data/fonts/ttf/STIXGeneralBolIta.ttf', name='STIXGeneral', style='italic', variant='normal', weight=700, stretch='normal', size='scalable')) = 11.335
2026-06-21 16:25:28 - DEBUG - findfont: score(FontEntry(fname='/root/anaconda3/lib/python3.12/site-packages/matplotlib/mpl-data/fonts/ttf/DejaVuSerifDisplay.ttf', name='DejaVu Serif Display', style='normal', variant='normal', weight=400, stretch='normal', size='scalable')) = 10.05
2026-06-21 16:25:28 - DEBUG - findfont: score(FontEntry(fname='/root/anaconda3/lib/python3.12/site-packages/matplotlib/mpl-data/fonts/ttf/DejaVuSans-Bold.ttf', name='DejaVu Sans', style='normal', variant='normal', weight=700, stretch='normal', size='scalable')) = 0.33499999999999996
2026-06-21 16:25:28 - DEBUG - findfont: score(FontEntry(fname='/root/anaconda3/lib/python3.12/site-packages/matplotlib/mpl-data/fonts/ttf/cmmi10.ttf', name='cmmi10', style='normal', variant='normal', weight=400, stretch='normal', size='scalable')) = 10.05
2026-06-21 16:25:28 - DEBUG - findfont: score(FontEntry(fname='/root/anaconda3/lib/python3.12/site-packages/matplotlib/mpl-data/fonts/ttf/cmtt10.ttf', name='cmtt10', style='normal', variant='normal', weight=400, stretch='normal', size='scalable')) = 10.05
2026-06-21 16:25:28 - DEBUG - findfont: score(FontEntry(fname='/root/anaconda3/lib/python3.12/site-packages/matplotlib/mpl-data/fonts/ttf/DejaVuSerif-BoldItalic.ttf', name='DejaVu Serif', style='italic', variant='normal', weight=700, stretch='normal', size='scalable')) = 11.335
2026-06-21 16:25:28 - DEBUG - findfont: score(FontEntry(fname='/root/anaconda3/lib/python3.12/site-packages/matplotlib/mpl-data/fonts/ttf/DejaVuSansMono.ttf', name='DejaVu Sans Mono', style='normal', variant='normal', weight=400, stretch='normal', size='scalable')) = 10.05
2026-06-21 16:25:28 - DEBUG - findfont: score(FontEntry(fname='/root/anaconda3/lib/python3.12/site-packages/matplotlib/mpl-data/fonts/ttf/DejaVuSansMono-BoldOblique.ttf', name='DejaVu Sans Mono', style='oblique', variant='normal', weight=700, stretch='normal', size='scalable')) = 11.335
2026-06-21 16:25:28 - DEBUG - findfont: score(FontEntry(fname='/root/anaconda3/lib/python3.12/site-packages/matplotlib/mpl-data/fonts/ttf/STIXGeneralBol.ttf', name='STIXGeneral', style='normal', variant='normal', weight=700, stretch='normal', size='scalable')) = 10.335
2026-06-21 16:25:28 - DEBUG - findfont: score(FontEntry(fname='/root/anaconda3/lib/python3.12/site-packages/matplotlib/mpl-data/fonts/ttf/DejaVuSerif.ttf', name='DejaVu Serif', style='normal', variant='normal', weight=400, stretch='normal', size='scalable')) = 10.05
2026-06-21 16:25:28 - DEBUG - findfont: score(FontEntry(fname='/root/anaconda3/lib/python3.12/site-packages/matplotlib/mpl-data/fonts/ttf/DejaVuSans-Oblique.ttf', name='DejaVu Sans', style='oblique', variant='normal', weight=400, stretch='normal', size='scalable')) = 1.05
2026-06-21 16:25:28 - DEBUG - findfont: score(FontEntry(fname='/root/anaconda3/lib/python3.12/site-packages/matplotlib/mpl-data/fonts/ttf/DejaVuSans-BoldOblique.ttf', name='DejaVu Sans', style='oblique', variant='normal', weight=700, stretch='normal', size='scalable')) = 1.335
2026-06-21 16:25:28 - DEBUG - findfont: score(FontEntry(fname='/root/anaconda3/lib/python3.12/site-packages/matplotlib/mpl-data/fonts/ttf/DejaVuSansMono-Oblique.ttf', name='DejaVu Sans Mono', style='oblique', variant='normal', weight=400, stretch='normal', size='scalable')) = 11.05
2026-06-21 16:25:28 - DEBUG - findfont: score(FontEntry(fname='/root/anaconda3/lib/python3.12/site-packages/matplotlib/mpl-data/fonts/ttf/STIXNonUniBolIta.ttf', name='STIXNonUnicode', style='italic', variant='normal', weight=700, stretch='normal', size='scalable')) = 11.335
2026-06-21 16:25:28 - DEBUG - findfont: score(FontEntry(fname='/root/anaconda3/lib/python3.12/site-packages/matplotlib/mpl-data/fonts/ttf/STIXSizFourSymReg.ttf', name='STIXSizeFourSym', style='normal', variant='normal', weight=400, stretch='normal', size='scalable')) = 10.05
2026-06-21 16:25:28 - DEBUG - findfont: score(FontEntry(fname='/usr/share/fonts/truetype/dejavu/DejaVuSans-Bold.ttf', name='DejaVu Sans', style='normal', variant='normal', weight=700, stretch='normal', size='scalable')) = 0.33499999999999996
2026-06-21 16:25:28 - DEBUG - findfont: score(FontEntry(fname='/usr/share/fonts/truetype/dejavu/DejaVuSansMono-Bold.ttf', name='DejaVu Sans Mono', style='normal', variant='normal', weight=700, stretch='normal', size='scalable')) = 10.335
2026-06-21 16:25:28 - DEBUG - findfont: score(FontEntry(fname='/usr/share/fonts/truetype/dejavu/DejaVuSerif.ttf', name='DejaVu Serif', style='normal', variant='normal', weight=400, stretch='normal', size='scalable')) = 10.05
2026-06-21 16:25:28 - DEBUG - findfont: score(FontEntry(fname='/usr/share/fonts/truetype/dejavu/DejaVuSans.ttf', name='DejaVu Sans', style='normal', variant='normal', weight=400, stretch='normal', size='scalable')) = 0.05
2026-06-21 16:25:28 - DEBUG - findfont: score(FontEntry(fname='/usr/share/fonts/truetype/dejavu/DejaVuSansMono.ttf', name='DejaVu Sans Mono', style='normal', variant='normal', weight=400, stretch='normal', size='scalable')) = 10.05
2026-06-21 16:25:28 - DEBUG - findfont: score(FontEntry(fname='/usr/share/fonts/truetype/dejavu/DejaVuSerif-Bold.ttf', name='DejaVu Serif', style='normal', variant='normal', weight=700, stretch='normal', size='scalable')) = 10.335
2026-06-21 16:25:28 - DEBUG - findfont: Matching sans\-serif:style=normal:variant=normal:weight=normal:stretch=normal:size=12.0 to DejaVu Sans ('/root/anaconda3/lib/python3.12/site-packages/matplotlib/mpl-data/fonts/ttf/DejaVuSans.ttf') with score of 0.050000.
2026-06-21 16:25:28 - DEBUG - findfont: Matching sans\-serif:style=normal:variant=normal:weight=bold:stretch=normal:size=9.0.
2026-06-21 16:25:28 - DEBUG - findfont: score(FontEntry(fname='/root/anaconda3/lib/python3.12/site-packages/matplotlib/mpl-data/fonts/ttf/STIXSizTwoSymReg.ttf', name='STIXSizeTwoSym', style='normal', variant='normal', weight=400, stretch='normal', size='scalable')) = 10.335
2026-06-21 16:25:28 - DEBUG - findfont: score(FontEntry(fname='/root/anaconda3/lib/python3.12/site-packages/matplotlib/mpl-data/fonts/ttf/cmex10.ttf', name='cmex10', style='normal', variant='normal', weight=400, stretch='normal', size='scalable')) = 10.335
2026-06-21 16:25:28 - DEBUG - findfont: score(FontEntry(fname='/root/anaconda3/lib/python3.12/site-packages/matplotlib/mpl-data/fonts/ttf/STIXSizThreeSymBol.ttf', name='STIXSizeThreeSym', style='normal', variant='normal', weight=700, stretch='normal', size='scalable')) = 10.05
2026-06-21 16:25:28 - DEBUG - findfont: score(FontEntry(fname='/root/anaconda3/lib/python3.12/site-packages/matplotlib/mpl-data/fonts/ttf/STIXSizOneSymBol.ttf', name='STIXSizeOneSym', style='normal', variant='normal', weight=700, stretch='normal', size='scalable')) = 10.05
2026-06-21 16:25:28 - DEBUG - findfont: score(FontEntry(fname='/root/anaconda3/lib/python3.12/site-packages/matplotlib/mpl-data/fonts/ttf/DejaVuSansMono-Bold.ttf', name='DejaVu Sans Mono', style='normal', variant='normal', weight=700, stretch='normal', size='scalable')) = 10.05
2026-06-21 16:25:28 - DEBUG - findfont: score(FontEntry(fname='/root/anaconda3/lib/python3.12/site-packages/matplotlib/mpl-data/fonts/ttf/cmss10.ttf', name='cmss10', style='normal', variant='normal', weight=400, stretch='normal', size='scalable')) = 10.335
2026-06-21 16:25:28 - DEBUG - findfont: score(FontEntry(fname='/root/anaconda3/lib/python3.12/site-packages/matplotlib/mpl-data/fonts/ttf/DejaVuSerif-Italic.ttf', name='DejaVu Serif', style='italic', variant='normal', weight=400, stretch='normal', size='scalable')) = 11.335
2026-06-21 16:25:28 - DEBUG - findfont: score(FontEntry(fname='/root/anaconda3/lib/python3.12/site-packages/matplotlib/mpl-data/fonts/ttf/cmb10.ttf', name='cmb10', style='normal', variant='normal', weight=400, stretch='normal', size='scalable')) = 10.335
2026-06-21 16:25:28 - DEBUG - findfont: score(FontEntry(fname='/root/anaconda3/lib/python3.12/site-packages/matplotlib/mpl-data/fonts/ttf/STIXSizTwoSymBol.ttf', name='STIXSizeTwoSym', style='normal', variant='normal', weight=700, stretch='normal', size='scalable')) = 10.05
2026-06-21 16:25:28 - DEBUG - findfont: score(FontEntry(fname='/root/anaconda3/lib/python3.12/site-packages/matplotlib/mpl-data/fonts/ttf/DejaVuSans.ttf', name='DejaVu Sans', style='normal', variant='normal', weight=400, stretch='normal', size='scalable')) = 0.33499999999999996
2026-06-21 16:25:28 - DEBUG - findfont: score(FontEntry(fname='/root/anaconda3/lib/python3.12/site-packages/matplotlib/mpl-data/fonts/ttf/STIXGeneralItalic.ttf', name='STIXGeneral', style='italic', variant='normal', weight=400, stretch='normal', size='scalable')) = 11.335
2026-06-21 16:25:28 - DEBUG - findfont: score(FontEntry(fname='/root/anaconda3/lib/python3.12/site-packages/matplotlib/mpl-data/fonts/ttf/DejaVuSerif-Bold.ttf', name='DejaVu Serif', style='normal', variant='normal', weight=700, stretch='normal', size='scalable')) = 10.05
2026-06-21 16:25:28 - DEBUG - findfont: score(FontEntry(fname='/root/anaconda3/lib/python3.12/site-packages/matplotlib/mpl-data/fonts/ttf/STIXNonUni.ttf', name='STIXNonUnicode', style='normal', variant='normal', weight=400, stretch='normal', size='scalable')) = 10.335
2026-06-21 16:25:28 - DEBUG - findfont: score(FontEntry(fname='/root/anaconda3/lib/python3.12/site-packages/matplotlib/mpl-data/fonts/ttf/DejaVuSansDisplay.ttf', name='DejaVu Sans Display', style='normal', variant='normal', weight=400, stretch='normal', size='scalable')) = 10.335
2026-06-21 16:25:28 - DEBUG - findfont: score(FontEntry(fname='/root/anaconda3/lib/python3.12/site-packages/matplotlib/mpl-data/fonts/ttf/STIXSizThreeSymReg.ttf', name='STIXSizeThreeSym', style='normal', variant='normal', weight=400, stretch='normal', size='scalable')) = 10.335
2026-06-21 16:25:28 - DEBUG - findfont: score(FontEntry(fname='/root/anaconda3/lib/python3.12/site-packages/matplotlib/mpl-data/fonts/ttf/STIXSizFiveSymReg.ttf', name='STIXSizeFiveSym', style='normal', variant='normal', weight=400, stretch='normal', size='scalable')) = 10.335
2026-06-21 16:25:28 - DEBUG - findfont: score(FontEntry(fname='/root/anaconda3/lib/python3.12/site-packages/matplotlib/mpl-data/fonts/ttf/STIXNonUniIta.ttf', name='STIXNonUnicode', style='italic', variant='normal', weight=400, stretch='normal', size='scalable')) = 11.335
2026-06-21 16:25:28 - DEBUG - findfont: score(FontEntry(fname='/root/anaconda3/lib/python3.12/site-packages/matplotlib/mpl-data/fonts/ttf/cmsy10.ttf', name='cmsy10', style='normal', variant='normal', weight=400, stretch='normal', size='scalable')) = 10.335
2026-06-21 16:25:28 - DEBUG - findfont: score(FontEntry(fname='/root/anaconda3/lib/python3.12/site-packages/matplotlib/mpl-data/fonts/ttf/cmr10.ttf', name='cmr10', style='normal', variant='normal', weight=400, stretch='normal', size='scalable')) = 10.335
2026-06-21 16:25:28 - DEBUG - findfont: score(FontEntry(fname='/root/anaconda3/lib/python3.12/site-packages/matplotlib/mpl-data/fonts/ttf/STIXGeneral.ttf', name='STIXGeneral', style='normal', variant='normal', weight=400, stretch='normal', size='scalable')) = 10.335
2026-06-21 16:25:28 - DEBUG - findfont: score(FontEntry(fname='/root/anaconda3/lib/python3.12/site-packages/matplotlib/mpl-data/fonts/ttf/STIXNonUniBol.ttf', name='STIXNonUnicode', style='normal', variant='normal', weight=700, stretch='normal', size='scalable')) = 10.05
2026-06-21 16:25:28 - DEBUG - findfont: score(FontEntry(fname='/root/anaconda3/lib/python3.12/site-packages/matplotlib/mpl-data/fonts/ttf/STIXSizFourSymBol.ttf', name='STIXSizeFourSym', style='normal', variant='normal', weight=700, stretch='normal', size='scalable')) = 10.05
2026-06-21 16:25:28 - DEBUG - findfont: score(FontEntry(fname='/root/anaconda3/lib/python3.12/site-packages/matplotlib/mpl-data/fonts/ttf/STIXSizOneSymReg.ttf', name='STIXSizeOneSym', style='normal', variant='normal', weight=400, stretch='normal', size='scalable')) = 10.335
2026-06-21 16:25:28 - DEBUG - findfont: score(FontEntry(fname='/root/anaconda3/lib/python3.12/site-packages/matplotlib/mpl-data/fonts/ttf/STIXGeneralBolIta.ttf', name='STIXGeneral', style='italic', variant='normal', weight=700, stretch='normal', size='scalable')) = 11.05
2026-06-21 16:25:28 - DEBUG - findfont: score(FontEntry(fname='/root/anaconda3/lib/python3.12/site-packages/matplotlib/mpl-data/fonts/ttf/DejaVuSerifDisplay.ttf', name='DejaVu Serif Display', style='normal', variant='normal', weight=400, stretch='normal', size='scalable')) = 10.335
2026-06-21 16:25:28 - DEBUG - findfont: score(FontEntry(fname='/root/anaconda3/lib/python3.12/site-packages/matplotlib/mpl-data/fonts/ttf/DejaVuSans-Bold.ttf', name='DejaVu Sans', style='normal', variant='normal', weight=700, stretch='normal', size='scalable')) = 0.05
2026-06-21 16:25:28 - DEBUG - findfont: score(FontEntry(fname='/root/anaconda3/lib/python3.12/site-packages/matplotlib/mpl-data/fonts/ttf/cmmi10.ttf', name='cmmi10', style='normal', variant='normal', weight=400, stretch='normal', size='scalable')) = 10.335
2026-06-21 16:25:28 - DEBUG - findfont: score(FontEntry(fname='/root/anaconda3/lib/python3.12/site-packages/matplotlib/mpl-data/fonts/ttf/cmtt10.ttf', name='cmtt10', style='normal', variant='normal', weight=400, stretch='normal', size='scalable')) = 10.335
2026-06-21 16:25:28 - DEBUG - findfont: score(FontEntry(fname='/root/anaconda3/lib/python3.12/site-packages/matplotlib/mpl-data/fonts/ttf/DejaVuSerif-BoldItalic.ttf', name='DejaVu Serif', style='italic', variant='normal', weight=700, stretch='normal', size='scalable')) = 11.05
2026-06-21 16:25:28 - DEBUG - findfont: score(FontEntry(fname='/root/anaconda3/lib/python3.12/site-packages/matplotlib/mpl-data/fonts/ttf/DejaVuSansMono.ttf', name='DejaVu Sans Mono', style='normal', variant='normal', weight=400, stretch='normal', size='scalable')) = 10.335
2026-06-21 16:25:28 - DEBUG - findfont: score(FontEntry(fname='/root/anaconda3/lib/python3.12/site-packages/matplotlib/mpl-data/fonts/ttf/DejaVuSansMono-BoldOblique.ttf', name='DejaVu Sans Mono', style='oblique', variant='normal', weight=700, stretch='normal', size='scalable')) = 11.05
2026-06-21 16:25:28 - DEBUG - findfont: score(FontEntry(fname='/root/anaconda3/lib/python3.12/site-packages/matplotlib/mpl-data/fonts/ttf/STIXGeneralBol.ttf', name='STIXGeneral', style='normal', variant='normal', weight=700, stretch='normal', size='scalable')) = 10.05
2026-06-21 16:25:28 - DEBUG - findfont: score(FontEntry(fname='/root/anaconda3/lib/python3.12/site-packages/matplotlib/mpl-data/fonts/ttf/DejaVuSerif.ttf', name='DejaVu Serif', style='normal', variant='normal', weight=400, stretch='normal', size='scalable')) = 10.335
2026-06-21 16:25:28 - DEBUG - findfont: score(FontEntry(fname='/root/anaconda3/lib/python3.12/site-packages/matplotlib/mpl-data/fonts/ttf/DejaVuSans-Oblique.ttf', name='DejaVu Sans', style='oblique', variant='normal', weight=400, stretch='normal', size='scalable')) = 1.335
2026-06-21 16:25:28 - DEBUG - findfont: score(FontEntry(fname='/root/anaconda3/lib/python3.12/site-packages/matplotlib/mpl-data/fonts/ttf/DejaVuSans-BoldOblique.ttf', name='DejaVu Sans', style='oblique', variant='normal', weight=700, stretch='normal', size='scalable')) = 1.05
2026-06-21 16:25:28 - DEBUG - findfont: score(FontEntry(fname='/root/anaconda3/lib/python3.12/site-packages/matplotlib/mpl-data/fonts/ttf/DejaVuSansMono-Oblique.ttf', name='DejaVu Sans Mono', style='oblique', variant='normal', weight=400, stretch='normal', size='scalable')) = 11.335
2026-06-21 16:25:28 - DEBUG - findfont: score(FontEntry(fname='/root/anaconda3/lib/python3.12/site-packages/matplotlib/mpl-data/fonts/ttf/STIXNonUniBolIta.ttf', name='STIXNonUnicode', style='italic', variant='normal', weight=700, stretch='normal', size='scalable')) = 11.05
2026-06-21 16:25:28 - DEBUG - findfont: score(FontEntry(fname='/root/anaconda3/lib/python3.12/site-packages/matplotlib/mpl-data/fonts/ttf/STIXSizFourSymReg.ttf', name='STIXSizeFourSym', style='normal', variant='normal', weight=400, stretch='normal', size='scalable')) = 10.335
2026-06-21 16:25:28 - DEBUG - findfont: score(FontEntry(fname='/usr/share/fonts/truetype/dejavu/DejaVuSans-Bold.ttf', name='DejaVu Sans', style='normal', variant='normal', weight=700, stretch='normal', size='scalable')) = 0.05
2026-06-21 16:25:28 - DEBUG - findfont: score(FontEntry(fname='/usr/share/fonts/truetype/dejavu/DejaVuSansMono-Bold.ttf', name='DejaVu Sans Mono', style='normal', variant='normal', weight=700, stretch='normal', size='scalable')) = 10.05
2026-06-21 16:25:28 - DEBUG - findfont: score(FontEntry(fname='/usr/share/fonts/truetype/dejavu/DejaVuSerif.ttf', name='DejaVu Serif', style='normal', variant='normal', weight=400, stretch='normal', size='scalable')) = 10.335
2026-06-21 16:25:28 - DEBUG - findfont: score(FontEntry(fname='/usr/share/fonts/truetype/dejavu/DejaVuSans.ttf', name='DejaVu Sans', style='normal', variant='normal', weight=400, stretch='normal', size='scalable')) = 0.33499999999999996
2026-06-21 16:25:28 - DEBUG - findfont: score(FontEntry(fname='/usr/share/fonts/truetype/dejavu/DejaVuSansMono.ttf', name='DejaVu Sans Mono', style='normal', variant='normal', weight=400, stretch='normal', size='scalable')) = 10.335
2026-06-21 16:25:28 - DEBUG - findfont: score(FontEntry(fname='/usr/share/fonts/truetype/dejavu/DejaVuSerif-Bold.ttf', name='DejaVu Serif', style='normal', variant='normal', weight=700, stretch='normal', size='scalable')) = 10.05
2026-06-21 16:25:28 - DEBUG - findfont: Matching sans\-serif:style=normal:variant=normal:weight=bold:stretch=normal:size=9.0 to DejaVu Sans ('/root/anaconda3/lib/python3.12/site-packages/matplotlib/mpl-data/fonts/ttf/DejaVuSans-Bold.ttf') with score of 0.050000.
2026-06-21 16:25:29 - INFO - 
EMIB returned 1 solution(s) (max 1).
