
================================================================================
Batch test start (Gurobi)
================================================================================
Test input dir: /root/placement/MPDAP/benchmark/test_input
Output base dir: /root/placement/MPDAP/output_gurobi_EMIB_chiplet_5_6_01_09
Found 1 test file(s)
Files to process: hp6_m.json
================================================================================


[1/1] Processing: hp6_m.json
  Core name: hp6_m_core
  Log dir: /root/placement/MPDAP/output_gurobi_EMIB_chiplet_5_6_01_09/log/hp6_m_core
  LP dir: /root/placement/MPDAP/output_gurobi_EMIB_chiplet_5_6_01_09/lp/hp6_m_core
  Fig dir: /root/placement/MPDAP/output_gurobi_EMIB_chiplet_5_6_01_09/fig/hp6_m_core
  Placement file: /root/placement/MPDAP/output_gurobi_EMIB_chiplet_5_6_01_09/placement/hp6_m.json
2026-06-21 19:28:55 - INFO - Calling EMIB solver (Gurobi)...
node 0 w: 4.62, h: 10.36
node 1 w: 7.0, h: 3.78
node 2 w: 2.1, h: 9.8
node 3 w: 2.1, h: 9.8
node 4 w: 2.1, h: 9.8
node 5 w: 5.46, h: 33.04
  (A,C): node1=A, node2=C, wireCount=512, EMIBType=interfaceB, EMIB_length=1.7067, EMIB_max_width=3.0, width=2.0, height=1.7067, bump_width=1.0000
  (A,F): node1=A, node2=F, wireCount=256, EMIBType=interfaceB, EMIB_length=0.8533, EMIB_max_width=3.0, width=2.0, height=0.8533, bump_width=1.0000
  (B,E): node1=B, node2=E, wireCount=128, EMIBType=interfaceC, EMIB_length=3.2, EMIB_max_width=99.0, width=1.0, height=3.2, bump_width=0.5000
  (B,F): node1=B, node2=F, wireCount=128, EMIBType=interfaceC, EMIB_length=3.2, EMIB_max_width=99.0, width=1.0, height=3.2, bump_width=0.5000
  (C,D): node1=C, node2=D, wireCount=256, EMIBType=interfaceB, EMIB_length=0.8533, EMIB_max_width=3.0, width=2.0, height=0.8533, bump_width=1.0000
  (0,2): [A, C, 512, interfaceB, 1.7067, 3.0]
  (0,5): [A, F, 256, interfaceB, 0.8533, 3.0]
  (1,4): [B, E, 128, interfaceC, 3.2, 99.0]
  (1,5): [B, F, 128, interfaceC, 3.2, 99.0]
  (2,3): [C, D, 256, interfaceB, 0.8533, 3.0]
Set parameter WLSAccessID
2026-06-21 19:28:55 - INFO - Set parameter WLSAccessID
Set parameter WLSSecret
2026-06-21 19:28:55 - INFO - Set parameter WLSSecret
Set parameter LicenseID to value 2756663
2026-06-21 19:28:55 - INFO - Set parameter LicenseID to value 2756663
Academic license 2756663 - for non-commercial use only - registered to hu___@sjtu.edu.cn
2026-06-21 19:28:55 - INFO - Academic license 2756663 - for non-commercial use only - registered to hu___@sjtu.edu.cn
EMIB_w_var: {(0, 2): <gurobi.Var *Awaiting Model Update*>, (0, 5): <gurobi.Var *Awaiting Model Update*>, (2, 3): <gurobi.Var *Awaiting Model Update*>}
EMIB_h_var: {(0, 2): <gurobi.Var *Awaiting Model Update*>, (0, 5): <gurobi.Var *Awaiting Model Update*>, (2, 3): <gurobi.Var *Awaiting Model Update*>}
EMIB_connected_pairs: {(0, 2): EMIBNode(node1='A', node2='C', wireCount=512, EMIBType='interfaceB', EMIB_length=1.7067, EMIB_bump_width=1.0, EMIB_max_width=3.0, width=2.0, height=1.7067), (0, 5): EMIBNode(node1='A', node2='F', wireCount=256, EMIBType='interfaceB', EMIB_length=0.8533, EMIB_bump_width=1.0, EMIB_max_width=3.0, width=2.0, height=0.8533), (2, 3): EMIBNode(node1='C', node2='D', wireCount=256, EMIBType='interfaceB', EMIB_length=0.8533, EMIB_bump_width=1.0, EMIB_max_width=3.0, width=2.0, height=0.8533)}
[POWER_AWARE] Mutual Distancing: ENABLED
[POWER_AWARE] Central Avoidance: ENABLED
[POWER_AWARE] Power Aware Optimization: ENABLED
[POWER_AWARE] Selected high-power chiplets: 1 (density threshold: 2.526724975704567)
[POWER_AWARE] High-power chiplet indices: [2]
[POWER_AWARE] Mutual Distancing: NOT ADDED - Insufficient high-power chiplet pairs (found 1, need at least 2)
[POWER_AWARE] Central Avoidance: Creating away-from-center constraints for 1 high-power chiplets
[DEBUG] chiplet 2 in top 30% power density, add away-from-center constraint
[POWER_AWARE] Central Avoidance: Added away-from-center constraints for 1 high-power chiplets
[DEBUG] L_avg: 17.78936761101979
[DEBUG] total_area: 316.4616
[POWER_AWARE] Normalization factor calculation:
[POWER_AWARE]   - High-power chiplets: 1
[POWER_AWARE]   - Mutual Distancing enabled: True
[POWER_AWARE]   - Central Avoidance enabled: True
[POWER_AWARE]   - pair_sum (MD): 0.000000e+00
[POWER_AWARE]   - self_sum (CA): 2.704000e+03
[POWER_AWARE]   - total_sum (pair + self): 2.704000e+03
[POWER_AWARE]   - ref_power: 2.405123e+04
[DEBUG] ref_wirelength: 11385.195271052668
[DEBUG] ref_t: 35.57873522203958
[DEBUG] ref_power: 24051.22501009876
[DEBUG] ref_aspect: 59.640000000000015

================================================================================
[OBJECTIVE FUNCTION DETAILS]
================================================================================

[Normalization Reference Values]
  ref_wirelength: 1.138520e+04
  ref_t (area proxy): 3.557874e+01
  ref_power: 2.405123e+04
  ref_aspect: 5.964000e+01

[Beta Weights]
  beta_wire: 5.000000e+00
  beta_area: 6.000000e+00
  beta_aspect: 1.000000e-01
  beta_power: 9.000000e-01

[Objective Function Components]
  1. Wirelength term:
     norm_wirelength = wirelength / ref_wirelength
     contribution = beta_wire * norm_wirelength = 5.0 * norm_wirelength
  2. Area term:
     norm_t = t / ref_t
     contribution = beta_area * norm_t = 6.0 * norm_t
  3. Aspect Ratio term:
     norm_aspect = aspect_ratio_penalty / ref_aspect
     contribution = beta_aspect * norm_aspect = 0.1 * norm_aspect
  4. Power Awareness term:
     norm_power = power_aware_penalty / ref_power
     contribution = - beta_power * norm_power = - 0.9 * norm_power

[Objective Function Formula]
  minimize: 5.0 * wirelength/ref_wirelength
          + 6.0 * t/ref_t
          + 0.1 * aspect_ratio_penalty/ref_aspect
          - 0.9 * power_aware_penalty/ref_power
================================================================================


[EMIB] ILP Model construction completed. Analyzing model structure...
================================================================================
ILP MODEL ANALYSIS REPORT - Chiplet Placement ILP (Construction Complete)
Generated: 2026-06-21 19:28:55
================================================================================

[MODEL STRUCTURE]
  Constraints (rows):                      0
  Variables (columns):                     0
  Non-zero elements:                       0
  Objective coefficients:                  0

[VARIABLE TYPES]
  Continuous:                              0
  Integer:                                 0
  Binary:                                  0

[CONSTRAINT TYPES]

[COEFFICIENT STATISTICS]

[SOLVE STATISTICS]
  Status:                    Unknown(1)
  Solve time (s):                       0.00
  Solutions found:                         0
  Nodes explored:            (not available)
  Simplex iterations:        (not available)

[MEMORY USAGE]
  Initial memory:                     96.02 MB
  Peak memory:                         0.00 MB
  Final memory:                        0.00 MB
  Peak increase:                     -96.02 MB
  Final increase:                    -96.02 MB

================================================================================
Set parameter TimeLimit to value 300
2026-06-21 19:28:55 - INFO - Set parameter TimeLimit to value 300
Set parameter MIPGap to value 0
2026-06-21 19:28:55 - INFO - Set parameter MIPGap to value 0
Set parameter MIPFocus to value 3
2026-06-21 19:28:55 - INFO - Set parameter MIPFocus to value 3
Set parameter Heuristics to value 0.5
2026-06-21 19:28:55 - INFO - Set parameter Heuristics to value 0.5
Set parameter LogToConsole to value 1
2026-06-21 19:28:55 - INFO - Set parameter LogToConsole to value 1
Gurobi Optimizer version 13.0.1 build v13.0.1rc0 (linux64 - "Ubuntu 20.04.6 LTS")
2026-06-21 19:28:55 - INFO - Gurobi Optimizer version 13.0.1 build v13.0.1rc0 (linux64 - "Ubuntu 20.04.6 LTS")

2026-06-21 19:28:55 - INFO - 
CPU model: AMD Ryzen 9 9950X3D 16-Core Processor, instruction set [SSE2|AVX|AVX2|AVX512]
2026-06-21 19:28:55 - INFO - CPU model: AMD Ryzen 9 9950X3D 16-Core Processor, instruction set [SSE2|AVX|AVX2|AVX512]
Thread count: 14 physical cores, 28 logical processors, using up to 28 threads
2026-06-21 19:28:55 - INFO - Thread count: 14 physical cores, 28 logical processors, using up to 28 threads

2026-06-21 19:28:55 - INFO - 
Non-default parameters:
2026-06-21 19:28:55 - INFO - Non-default parameters:
TimeLimit  300
2026-06-21 19:28:55 - INFO - TimeLimit  300
MIPGap  0
2026-06-21 19:28:55 - INFO - MIPGap  0
Heuristics  0.5
2026-06-21 19:28:55 - INFO - Heuristics  0.5
MIPFocus  3
2026-06-21 19:28:55 - INFO - MIPFocus  3

2026-06-21 19:28:55 - INFO - 
Academic license 2756663 - for non-commercial use only - registered to hu___@sjtu.edu.cn
2026-06-21 19:28:55 - INFO - Academic license 2756663 - for non-commercial use only - registered to hu___@sjtu.edu.cn
Optimize a model with 439 rows, 216 columns and 1453 nonzeros (Min)
2026-06-21 19:28:55 - INFO - Optimize a model with 439 rows, 216 columns and 1453 nonzeros (Min)
Model fingerprint: 0xfda371f2
2026-06-21 19:28:55 - INFO - Model fingerprint: 0xfda371f2
Model has 4 linear objective coefficients
2026-06-21 19:28:55 - INFO - Model has 4 linear objective coefficients
Variable types: 103 continuous, 113 integer (113 binary)
2026-06-21 19:28:55 - INFO - Variable types: 103 continuous, 113 integer (113 binary)
Coefficient statistics:
2026-06-21 19:28:55 - INFO - Coefficient statistics:
  Matrix range     [3e-01, 3e+03]
2026-06-21 19:28:55 - INFO -   Matrix range     [3e-01, 3e+03]
  Objective range  [4e-05, 2e-01]
2026-06-21 19:28:55 - INFO -   Objective range  [4e-05, 2e-01]
  Bounds range     [9e-01, 3e+06]
2026-06-21 19:28:55 - INFO -   Bounds range     [9e-01, 3e+06]
  RHS range        [9e-01, 2e+02]
2026-06-21 19:28:55 - INFO -   RHS range        [9e-01, 2e+02]

2026-06-21 19:28:55 - INFO - 
Presolve removed 58 rows and 48 columns
2026-06-21 19:28:55 - INFO - Presolve removed 58 rows and 48 columns
Presolve time: 0.00s
2026-06-21 19:28:55 - INFO - Presolve time: 0.00s
Presolved: 381 rows, 168 columns, 1332 nonzeros
2026-06-21 19:28:55 - INFO - Presolved: 381 rows, 168 columns, 1332 nonzeros
Variable types: 61 continuous, 107 integer (107 binary)
2026-06-21 19:28:55 - INFO - Variable types: 61 continuous, 107 integer (107 binary)
Root relaxation presolve removed 64 rows and 18 columns
2026-06-21 19:28:55 - INFO - Root relaxation presolve removed 64 rows and 18 columns
Root relaxation presolved: 317 rows, 150 columns, 1170 nonzeros
2026-06-21 19:28:55 - INFO - Root relaxation presolved: 317 rows, 150 columns, 1170 nonzeros

2026-06-21 19:28:55 - INFO - 

2026-06-21 19:28:55 - INFO - 
Root relaxation: objective -9.825644e+00, 89 iterations, 0.00 seconds (0.00 work units)
2026-06-21 19:28:55 - INFO - Root relaxation: objective -9.825644e+00, 89 iterations, 0.00 seconds (0.00 work units)

2026-06-21 19:28:55 - INFO - 
    Nodes    |    Current Node    |     Objective Bounds      |     Work
2026-06-21 19:28:55 - INFO -     Nodes    |    Current Node    |     Objective Bounds      |     Work
 Expl Unexpl |  Obj  Depth IntInf | Incumbent    BestBd   Gap | It/Node Time
2026-06-21 19:28:55 - INFO -  Expl Unexpl |  Obj  Depth IntInf | Incumbent    BestBd   Gap | It/Node Time

2026-06-21 19:28:55 - INFO - 
     0     0   -9.82564    0   43          -   -9.82564      -     -    0s
2026-06-21 19:28:55 - INFO -      0     0   -9.82564    0   43          -   -9.82564      -     -    0s
H    0     0                      10.3911438   -6.15570   159%     -    0s
2026-06-21 19:28:55 - INFO - H    0     0                      10.3911438   -6.15570   159%     -    0s
     0     0    1.40042    0   44   10.39114    1.40042  86.5%     -    0s
2026-06-21 19:28:55 - INFO -      0     0    1.40042    0   44   10.39114    1.40042  86.5%     -    0s
     0     0    1.40042    0   44   10.39114    1.40042  86.5%     -    0s
2026-06-21 19:28:55 - INFO -      0     0    1.40042    0   44   10.39114    1.40042  86.5%     -    0s
     0     0    1.40042    0   43   10.39114    1.40042  86.5%     -    0s
2026-06-21 19:28:55 - INFO -      0     0    1.40042    0   43   10.39114    1.40042  86.5%     -    0s
     0     0    2.90557    0   43   10.39114    2.90557  72.0%     -    0s
2026-06-21 19:28:55 - INFO -      0     0    2.90557    0   43   10.39114    2.90557  72.0%     -    0s
     0     0    2.92654    0   45   10.39114    2.92654  71.8%     -    0s
2026-06-21 19:28:55 - INFO -      0     0    2.92654    0   45   10.39114    2.92654  71.8%     -    0s
     0     0    5.24036    0   44   10.39114    5.24036  49.6%     -    0s
2026-06-21 19:28:55 - INFO -      0     0    5.24036    0   44   10.39114    5.24036  49.6%     -    0s
     0     0    5.24036    0   44   10.39114    5.24036  49.6%     -    0s
2026-06-21 19:28:55 - INFO -      0     0    5.24036    0   44   10.39114    5.24036  49.6%     -    0s
     0     0    5.24036    0   34   10.39114    5.24036  49.6%     -    0s
2026-06-21 19:28:55 - INFO -      0     0    5.24036    0   34   10.39114    5.24036  49.6%     -    0s
     0     0    5.50884    0   33   10.39114    5.50884  47.0%     -    0s
2026-06-21 19:28:55 - INFO -      0     0    5.50884    0   33   10.39114    5.50884  47.0%     -    0s
     0     0    5.50884    0   40   10.39114    5.50884  47.0%     -    0s
2026-06-21 19:28:55 - INFO -      0     0    5.50884    0   40   10.39114    5.50884  47.0%     -    0s
     0     0    5.50884    0   41   10.39114    5.50884  47.0%     -    0s
2026-06-21 19:28:55 - INFO -      0     0    5.50884    0   41   10.39114    5.50884  47.0%     -    0s
H    0     0                       9.6910155    5.50884  43.2%     -    0s
2026-06-21 19:28:55 - INFO - H    0     0                       9.6910155    5.50884  43.2%     -    0s
     0     0    5.82126    0   48    9.69102    5.82126  39.9%     -    0s
2026-06-21 19:28:55 - INFO -      0     0    5.82126    0   48    9.69102    5.82126  39.9%     -    0s
     0     0    5.82126    0   48    9.69102    5.82126  39.9%     -    0s
2026-06-21 19:28:55 - INFO -      0     0    5.82126    0   48    9.69102    5.82126  39.9%     -    0s
     0     0    5.82126    0   48    9.69102    5.82126  39.9%     -    0s
2026-06-21 19:28:55 - INFO -      0     0    5.82126    0   48    9.69102    5.82126  39.9%     -    0s
H    0     0                       9.5471093    5.85062  38.7%     -    0s
2026-06-21 19:28:55 - INFO - H    0     0                       9.5471093    5.85062  38.7%     -    0s
     0     0    5.86712    0   62    9.54711    5.86712  38.5%     -    0s
2026-06-21 19:28:55 - INFO -      0     0    5.86712    0   62    9.54711    5.86712  38.5%     -    0s
     0     0    5.94218    0   66    9.54711    5.94218  37.8%     -    0s
2026-06-21 19:28:55 - INFO -      0     0    5.94218    0   66    9.54711    5.94218  37.8%     -    0s
     0     0    5.99203    0   50    9.54711    5.99203  37.2%     -    0s
2026-06-21 19:28:55 - INFO -      0     0    5.99203    0   50    9.54711    5.99203  37.2%     -    0s
H    0     0                       9.3487099    5.99383  35.9%     -    0s
2026-06-21 19:28:55 - INFO - H    0     0                       9.3487099    5.99383  35.9%     -    0s
H    0     0                       8.9158671    5.99383  32.8%     -    0s
2026-06-21 19:28:55 - INFO - H    0     0                       8.9158671    5.99383  32.8%     -    0s
     0     0    5.99383    0   58    8.91587    5.99383  32.8%     -    0s
2026-06-21 19:28:55 - INFO -      0     0    5.99383    0   58    8.91587    5.99383  32.8%     -    0s
     0     0    6.28020    0   52    8.91587    6.28020  29.6%     -    0s
2026-06-21 19:28:55 - INFO -      0     0    6.28020    0   52    8.91587    6.28020  29.6%     -    0s
     0     0    6.28020    0   52    8.91587    6.28020  29.6%     -    0s
2026-06-21 19:28:55 - INFO -      0     0    6.28020    0   52    8.91587    6.28020  29.6%     -    0s
     0     0    6.28020    0   46    8.91587    6.28020  29.6%     -    0s
2026-06-21 19:28:55 - INFO -      0     0    6.28020    0   46    8.91587    6.28020  29.6%     -    0s
     0     0    6.28168    0   48    8.91587    6.28168  29.5%     -    0s
2026-06-21 19:28:55 - INFO -      0     0    6.28168    0   48    8.91587    6.28168  29.5%     -    0s
     0     0    6.35634    0   50    8.91587    6.35634  28.7%     -    0s
2026-06-21 19:28:55 - INFO -      0     0    6.35634    0   50    8.91587    6.35634  28.7%     -    0s
     0     0    6.35634    0   50    8.91587    6.35634  28.7%     -    0s
2026-06-21 19:28:55 - INFO -      0     0    6.35634    0   50    8.91587    6.35634  28.7%     -    0s
     0     0    6.35634    0   38    8.91587    6.35634  28.7%     -    0s
2026-06-21 19:28:56 - INFO -      0     0    6.35634    0   38    8.91587    6.35634  28.7%     -    0s
H    0     0                       8.5094445    6.39558  24.8%     -    0s
2026-06-21 19:28:56 - INFO - H    0     0                       8.5094445    6.39558  24.8%     -    0s
     0     0    6.39558    0   58    8.50944    6.39558  24.8%     -    0s
2026-06-21 19:28:56 - INFO -      0     0    6.39558    0   58    8.50944    6.39558  24.8%     -    0s
     0     0    6.39558    0   51    8.50944    6.39558  24.8%     -    0s
2026-06-21 19:28:56 - INFO -      0     0    6.39558    0   51    8.50944    6.39558  24.8%     -    0s
     0     0    6.39811    0   41    8.50944    6.39811  24.8%     -    0s
2026-06-21 19:28:56 - INFO -      0     0    6.39811    0   41    8.50944    6.39811  24.8%     -    0s
     0     0    6.40128    0   59    8.50944    6.40128  24.8%     -    0s
2026-06-21 19:28:56 - INFO -      0     0    6.40128    0   59    8.50944    6.40128  24.8%     -    0s
     0     0    6.46032    0   58    8.50944    6.46032  24.1%     -    0s
2026-06-21 19:28:56 - INFO -      0     0    6.46032    0   58    8.50944    6.46032  24.1%     -    0s
     0     0    6.46032    0   58    8.50944    6.46032  24.1%     -    0s
2026-06-21 19:28:56 - INFO -      0     0    6.46032    0   58    8.50944    6.46032  24.1%     -    0s
     0     0    6.46032    0   47    8.50944    6.46032  24.1%     -    0s
2026-06-21 19:28:56 - INFO -      0     0    6.46032    0   47    8.50944    6.46032  24.1%     -    0s
     0     0    6.46517    0   56    8.50944    6.46517  24.0%     -    0s
2026-06-21 19:28:56 - INFO -      0     0    6.46517    0   56    8.50944    6.46517  24.0%     -    0s
H    0     0                       8.3913965    6.48754  22.7%     -    0s
2026-06-21 19:28:56 - INFO - H    0     0                       8.3913965    6.48754  22.7%     -    0s
     0     0    6.51998    0   61    8.39140    6.51998  22.3%     -    0s
2026-06-21 19:28:56 - INFO -      0     0    6.51998    0   61    8.39140    6.51998  22.3%     -    0s
     0     0    6.51998    0   61    8.39140    6.51998  22.3%     -    0s
2026-06-21 19:28:56 - INFO -      0     0    6.51998    0   61    8.39140    6.51998  22.3%     -    0s
     0     0    6.51998    0   45    8.39140    6.51998  22.3%     -    0s
2026-06-21 19:28:56 - INFO -      0     0    6.51998    0   45    8.39140    6.51998  22.3%     -    0s
     0     0    6.57128    0   55    8.39140    6.57128  21.7%     -    0s
2026-06-21 19:28:56 - INFO -      0     0    6.57128    0   55    8.39140    6.57128  21.7%     -    0s
     0     0    6.58906    0   48    8.39140    6.58906  21.5%     -    0s
2026-06-21 19:28:56 - INFO -      0     0    6.58906    0   48    8.39140    6.58906  21.5%     -    0s
     0     0    6.58906    0   48    8.39140    6.58906  21.5%     -    0s
2026-06-21 19:28:56 - INFO -      0     0    6.58906    0   48    8.39140    6.58906  21.5%     -    0s
     0     0    6.58906    0   48    8.39140    6.58906  21.5%     -    0s
2026-06-21 19:28:56 - INFO -      0     0    6.58906    0   48    8.39140    6.58906  21.5%     -    0s
     0     0    6.60512    0   48    8.39140    6.60512  21.3%     -    0s
2026-06-21 19:28:56 - INFO -      0     0    6.60512    0   48    8.39140    6.60512  21.3%     -    0s
     0     0    6.60512    0   45    8.39140    6.60512  21.3%     -    0s
2026-06-21 19:28:56 - INFO -      0     0    6.60512    0   45    8.39140    6.60512  21.3%     -    0s
     0     2    6.60512    0   41    8.39140    6.60512  21.3%     -    0s
2026-06-21 19:28:56 - INFO -      0     2    6.60512    0   41    8.39140    6.60512  21.3%     -    0s
H  585   242                       8.1523736    8.04998  1.26%  57.5    1s
2026-06-21 19:28:57 - INFO - H  585   242                       8.1523736    8.04998  1.26%  57.5    1s
H  603    94                       8.1397819    8.06179  0.96%  56.6    1s
2026-06-21 19:28:57 - INFO - H  603    94                       8.1397819    8.06179  0.96%  56.6    1s
H  639    67                       8.1083024    8.08277  0.31%  54.9    1s
2026-06-21 19:28:57 - INFO - H  639    67                       8.1083024    8.08277  0.31%  54.9    1s

2026-06-21 19:28:57 - INFO - 
Cutting planes:
2026-06-21 19:28:57 - INFO - Cutting planes:
  Learned: 16
2026-06-21 19:28:57 - INFO -   Learned: 16
  Gomory: 83
2026-06-21 19:28:57 - INFO -   Gomory: 83
  Lift-and-project: 64
2026-06-21 19:28:57 - INFO -   Lift-and-project: 64
  Implied bound: 30
2026-06-21 19:28:57 - INFO -   Implied bound: 30
  Clique: 5
2026-06-21 19:28:57 - INFO -   Clique: 5
  MIR: 344
2026-06-21 19:28:57 - INFO -   MIR: 344
  Mixing: 31
2026-06-21 19:28:57 - INFO -   Mixing: 31
  StrongCG: 1
2026-06-21 19:28:57 - INFO -   StrongCG: 1
  Flow cover: 872
2026-06-21 19:28:57 - INFO -   Flow cover: 872
  Inf proof: 1
2026-06-21 19:28:57 - INFO -   Inf proof: 1
  RLT: 38
2026-06-21 19:28:57 - INFO -   RLT: 38
  Relax-and-lift: 69
2026-06-21 19:28:57 - INFO -   Relax-and-lift: 69
  PSD: 15
2026-06-21 19:28:57 - INFO -   PSD: 15

2026-06-21 19:28:57 - INFO - 
Explored 744 nodes (39421 simplex iterations) in 1.38 seconds (2.36 work units)
2026-06-21 19:28:57 - INFO - Explored 744 nodes (39421 simplex iterations) in 1.38 seconds (2.36 work units)
Thread count was 28 (of 28 available processors)
2026-06-21 19:28:57 - INFO - Thread count was 28 (of 28 available processors)

2026-06-21 19:28:57 - INFO - 
Solution count 10: 8.1083 8.13978 8.15237 ... 10.3911
2026-06-21 19:28:57 - INFO - Solution count 10: 8.1083 8.13978 8.15237 ... 10.3911

2026-06-21 19:28:57 - INFO - 
Optimal solution found (tolerance 0.00e+00)
2026-06-21 19:28:57 - INFO - Optimal solution found (tolerance 0.00e+00)
Best objective 8.108302375397e+00, best bound 8.108302375397e+00, gap 0.0000%
2026-06-21 19:28:57 - INFO - Best objective 8.108302375397e+00, best bound 8.108302375397e+00, gap 0.0000%
[EMIB] Solve done: MIPGap=0.0, status=Optimal, Obj=8.108302, time=1.38s, SolCount=10


================================================================================
ILP MODEL ANALYSIS REPORT - Chiplet Placement ILP (Gap=0.0)
Generated: 2026-06-21 19:28:57
================================================================================

[MODEL STRUCTURE]
  Constraints (rows):                    439
  Variables (columns):                   216
  Non-zero elements:                    1453
  Objective coefficients:                  4

[VARIABLE TYPES]
  Continuous:                            103
  Integer:                                 0
  Binary:                                113

[CONSTRAINT TYPES]
  <= constraints:                              232
  == constraints:                               73
  >= constraints:                              134

[COEFFICIENT STATISTICS]
  Matrix range:              [2.93e-01, 2.70e+03]
  Objective range:           [3.74e-05, 1.69e-01]
  Bounds range:              [-1.56e+02, 3.19e+06]

[SOLVE STATISTICS]
  Status:                    Optimal
  Objective value:                  8.108302
  Best bound:                       8.108302
  MIP gap:                           0.0000%
  Solve time (s):                       1.38
  Solutions found:                        10
  Nodes explored:                      744.0
  Simplex iterations:                39421.0

[MEMORY USAGE]
  Initial memory:                     96.66 MB
  Peak memory:                       197.76 MB
  Final memory:                      197.76 MB
  Peak increase:                     101.11 MB
  Final increase:                    101.11 MB

================================================================================

================================================================================
[OBJECTIVE FUNCTION BREAKDOWN - SOLUTION VALUES]
================================================================================

[Actual Variable Values]
  wirelength: 7.096320e+03
  bbox_area_proxy_t: 3.785600e+01
  aspect_ratio_penalty: 1.876000e+01
  power_aware_penalty: 3.804528e+04

[Normalized Values]
  norm_wirelength = 7.096320e+03 / 1.138520e+04 = 6.232937e-01
  norm_t = 3.785600e+01 / 3.557874e+01 = 1.064006e+00
  norm_aspect = 1.876000e+01 / 5.964000e+01 = 3.145540e-01
  norm_power = 3.804528e+04 / 2.405123e+04 = 1.581844e+00

[Weighted Contributions]
  1. Wirelength: 5.000000e+00 * 6.232937e-01 = 3.116468e+00
  2. Area: 6.000000e+00 * 1.064006e+00 = 6.384038e+00
  3. Aspect Ratio: 1.000000e-01 * 3.145540e-01 = 3.145540e-02
  4. Power Awareness: -9.000000e-01 * 1.581844e+00 = -1.423659e+00

[Total Objective Value]
  3.116468e+00 + 6.384038e+00 + 3.145540e-02 - 1.423659e+00
  = 8.108302e+00
================================================================================

[EMIB] Solve succeeded (Optimal)
[EMIB] placement JSON saved: /root/placement/MPDAP/output_gurobi_EMIB_chiplet_5_6_01_09/placement/hp6_m.json
[EMIB] Layout figure saved: /root/placement/MPDAP/output_gurobi_EMIB_chiplet_5_6_01_09/fig/hp6_m_core/solution_1_layout_gurobi.png
2026-06-21 19:28:57 - INFO - 
EMIB returned 1 solution(s) (max 1).
  ✓ EMIB: 1 solution(s)

================================================================================
Batch test done (Gurobi)
  Total time: 1.87 s
================================================================================
File summary:
  Success: 1/1
  Failed: 0/1
Solution count:
  Found: 1/1

Details:
  ✓ hp6_m.json -> hp6_m_core: 1 solution(s)
    Log dir: /root/placement/MPDAP/output_gurobi_EMIB_chiplet_5_6_01_09/log/hp6_m_core
    LP dir: /root/placement/MPDAP/output_gurobi_EMIB_chiplet_5_6_01_09/lp/hp6_m_core
    Fig dir: /root/placement/MPDAP/output_gurobi_EMIB_chiplet_5_6_01_09/fig/hp6_m_core
    Placement: /root/placement/MPDAP/output_gurobi_EMIB_chiplet_5_6_01_09/placement/hp6_m.json
================================================================================

