
================================================================================
Batch test start (Gurobi)
================================================================================
Test input dir: /root/placement/MPDAP/benchmark/test_input
Output base dir: /root/placement/MPDAP/output_gurobi_EMIB_chiplet_5_6_01_19
Found 1 test file(s)
Files to process: hp11_m.json
================================================================================


[1/1] Processing: hp11_m.json
  Core name: hp11_m_core
  Log dir: /root/placement/MPDAP/output_gurobi_EMIB_chiplet_5_6_01_19/log/hp11_m_core
  LP dir: /root/placement/MPDAP/output_gurobi_EMIB_chiplet_5_6_01_19/lp/hp11_m_core
  Fig dir: /root/placement/MPDAP/output_gurobi_EMIB_chiplet_5_6_01_19/fig/hp11_m_core
  Placement file: /root/placement/MPDAP/output_gurobi_EMIB_chiplet_5_6_01_19/placement/hp11_m.json
2026-06-21 16:25:57 - INFO - Calling EMIB solver (Gurobi)...
node 0 w: 4.62, h: 10.36
node 1 w: 7.0, h: 3.78
node 2 w: 2.1, h: 9.8
node 3 w: 2.1, h: 9.8
node 4 w: 2.1, h: 9.8
node 5 w: 5.46, h: 33.04
node 6 w: 33.04, h: 5.46
node 7 w: 2.52, h: 20.16
node 8 w: 4.62, h: 30.8
node 9 w: 2.52, h: 20.16
node 10 w: 4.62, h: 30.8
  (A,C): node1=A, node2=C, wireCount=512, EMIBType=interfaceB, EMIB_length=1.7067, EMIB_max_width=3.0, width=2.0, height=1.7067, bump_width=1.0000
  (A,F): node1=A, node2=F, wireCount=256, EMIBType=interfaceB, EMIB_length=0.8533, EMIB_max_width=3.0, width=2.0, height=0.8533, bump_width=1.0000
  (A,H): node1=A, node2=H, wireCount=512, EMIBType=interfaceB, EMIB_length=1.7067, EMIB_max_width=3.0, width=2.0, height=1.7067, bump_width=1.0000
  (A,I): node1=A, node2=I, wireCount=128, EMIBType=interfaceC, EMIB_length=3.2, EMIB_max_width=99.0, width=1.0, height=3.2, bump_width=0.5000
  (B,E): node1=B, node2=E, wireCount=128, EMIBType=interfaceC, EMIB_length=3.2, EMIB_max_width=99.0, width=1.0, height=3.2, bump_width=0.5000
  (B,F): node1=B, node2=F, wireCount=128, EMIBType=interfaceC, EMIB_length=3.2, EMIB_max_width=99.0, width=1.0, height=3.2, bump_width=0.5000
  (B,K): node1=B, node2=K, wireCount=512, EMIBType=interfaceB, EMIB_length=1.7067, EMIB_max_width=3.0, width=2.0, height=1.7067, bump_width=1.0000
  (C,D): node1=C, node2=D, wireCount=256, EMIBType=interfaceB, EMIB_length=0.8533, EMIB_max_width=3.0, width=2.0, height=0.8533, bump_width=1.0000
  (C,G): node1=C, node2=G, wireCount=128, EMIBType=interfaceC, EMIB_length=3.2, EMIB_max_width=99.0, width=1.0, height=3.2, bump_width=0.5000
  (C,H): node1=C, node2=H, wireCount=128, EMIBType=interfaceC, EMIB_length=3.2, EMIB_max_width=99.0, width=1.0, height=3.2, bump_width=0.5000
  (C,K): node1=C, node2=K, wireCount=256, EMIBType=interfaceB, EMIB_length=0.8533, EMIB_max_width=3.0, width=2.0, height=0.8533, bump_width=1.0000
  (D,G): node1=D, node2=G, wireCount=128, EMIBType=interfaceC, EMIB_length=3.2, EMIB_max_width=99.0, width=1.0, height=3.2, bump_width=0.5000
  (D,K): node1=D, node2=K, wireCount=128, EMIBType=interfaceC, EMIB_length=3.2, EMIB_max_width=99.0, width=1.0, height=3.2, bump_width=0.5000
  (E,G): node1=E, node2=G, wireCount=256, EMIBType=interfaceB, EMIB_length=0.8533, EMIB_max_width=3.0, width=2.0, height=0.8533, bump_width=1.0000
  (E,I): node1=E, node2=I, wireCount=512, EMIBType=interfaceB, EMIB_length=1.7067, EMIB_max_width=3.0, width=2.0, height=1.7067, bump_width=1.0000
  (E,K): node1=E, node2=K, wireCount=256, EMIBType=interfaceB, EMIB_length=0.8533, EMIB_max_width=3.0, width=2.0, height=0.8533, bump_width=1.0000
  (F,H): node1=F, node2=H, wireCount=512, EMIBType=interfaceB, EMIB_length=1.7067, EMIB_max_width=3.0, width=2.0, height=1.7067, bump_width=1.0000
  (G,H): node1=G, node2=H, wireCount=256, EMIBType=interfaceB, EMIB_length=0.8533, EMIB_max_width=3.0, width=2.0, height=0.8533, bump_width=1.0000
  (G,I): node1=G, node2=I, wireCount=128, EMIBType=interfaceC, EMIB_length=3.2, EMIB_max_width=99.0, width=1.0, height=3.2, bump_width=0.5000
  (G,J): node1=G, node2=J, wireCount=128, EMIBType=interfaceC, EMIB_length=3.2, EMIB_max_width=99.0, width=1.0, height=3.2, bump_width=0.5000
  (G,K): node1=G, node2=K, wireCount=256, EMIBType=interfaceB, EMIB_length=0.8533, EMIB_max_width=3.0, width=2.0, height=0.8533, bump_width=1.0000
  (H,K): node1=H, node2=K, wireCount=256, EMIBType=interfaceB, EMIB_length=0.8533, EMIB_max_width=3.0, width=2.0, height=0.8533, bump_width=1.0000
  (0,2): [A, C, 512, interfaceB, 1.7067, 3.0]
  (0,5): [A, F, 256, interfaceB, 0.8533, 3.0]
  (0,7): [A, H, 512, interfaceB, 1.7067, 3.0]
  (0,8): [A, I, 128, interfaceC, 3.2, 99.0]
  (1,4): [B, E, 128, interfaceC, 3.2, 99.0]
  (1,5): [B, F, 128, interfaceC, 3.2, 99.0]
  (1,10): [B, K, 512, interfaceB, 1.7067, 3.0]
  (2,3): [C, D, 256, interfaceB, 0.8533, 3.0]
  (2,6): [C, G, 128, interfaceC, 3.2, 99.0]
  (2,7): [C, H, 128, interfaceC, 3.2, 99.0]
  (2,10): [C, K, 256, interfaceB, 0.8533, 3.0]
  (3,6): [D, G, 128, interfaceC, 3.2, 99.0]
  (3,10): [D, K, 128, interfaceC, 3.2, 99.0]
  (4,6): [E, G, 256, interfaceB, 0.8533, 3.0]
  (4,8): [E, I, 512, interfaceB, 1.7067, 3.0]
  (4,10): [E, K, 256, interfaceB, 0.8533, 3.0]
  (5,7): [F, H, 512, interfaceB, 1.7067, 3.0]
  (6,7): [G, H, 256, interfaceB, 0.8533, 3.0]
  (6,8): [G, I, 128, interfaceC, 3.2, 99.0]
  (6,9): [G, J, 128, interfaceC, 3.2, 99.0]
  (6,10): [G, K, 256, interfaceB, 0.8533, 3.0]
  (7,10): [H, K, 256, interfaceB, 0.8533, 3.0]
Set parameter WLSAccessID
2026-06-21 16:25:57 - INFO - Set parameter WLSAccessID
Set parameter WLSSecret
2026-06-21 16:25:57 - INFO - Set parameter WLSSecret
Set parameter LicenseID to value 2756663
2026-06-21 16:25:57 - INFO - Set parameter LicenseID to value 2756663
Academic license 2756663 - for non-commercial use only - registered to hu___@sjtu.edu.cn
2026-06-21 16:25:57 - INFO - Academic license 2756663 - for non-commercial use only - registered to hu___@sjtu.edu.cn
EMIB_w_var: {(0, 2): <gurobi.Var *Awaiting Model Update*>, (0, 5): <gurobi.Var *Awaiting Model Update*>, (0, 7): <gurobi.Var *Awaiting Model Update*>, (1, 10): <gurobi.Var *Awaiting Model Update*>, (2, 3): <gurobi.Var *Awaiting Model Update*>, (2, 10): <gurobi.Var *Awaiting Model Update*>, (4, 6): <gurobi.Var *Awaiting Model Update*>, (4, 8): <gurobi.Var *Awaiting Model Update*>, (4, 10): <gurobi.Var *Awaiting Model Update*>, (5, 7): <gurobi.Var *Awaiting Model Update*>, (6, 7): <gurobi.Var *Awaiting Model Update*>, (6, 10): <gurobi.Var *Awaiting Model Update*>, (7, 10): <gurobi.Var *Awaiting Model Update*>}
EMIB_h_var: {(0, 2): <gurobi.Var *Awaiting Model Update*>, (0, 5): <gurobi.Var *Awaiting Model Update*>, (0, 7): <gurobi.Var *Awaiting Model Update*>, (1, 10): <gurobi.Var *Awaiting Model Update*>, (2, 3): <gurobi.Var *Awaiting Model Update*>, (2, 10): <gurobi.Var *Awaiting Model Update*>, (4, 6): <gurobi.Var *Awaiting Model Update*>, (4, 8): <gurobi.Var *Awaiting Model Update*>, (4, 10): <gurobi.Var *Awaiting Model Update*>, (5, 7): <gurobi.Var *Awaiting Model Update*>, (6, 7): <gurobi.Var *Awaiting Model Update*>, (6, 10): <gurobi.Var *Awaiting Model Update*>, (7, 10): <gurobi.Var *Awaiting Model Update*>}
EMIB_connected_pairs: {(0, 2): EMIBNode(node1='A', node2='C', wireCount=512, EMIBType='interfaceB', EMIB_length=1.7067, EMIB_bump_width=1.0, EMIB_max_width=3.0, width=2.0, height=1.7067), (0, 5): EMIBNode(node1='A', node2='F', wireCount=256, EMIBType='interfaceB', EMIB_length=0.8533, EMIB_bump_width=1.0, EMIB_max_width=3.0, width=2.0, height=0.8533), (0, 7): EMIBNode(node1='A', node2='H', wireCount=512, EMIBType='interfaceB', EMIB_length=1.7067, EMIB_bump_width=1.0, EMIB_max_width=3.0, width=2.0, height=1.7067), (1, 10): EMIBNode(node1='B', node2='K', wireCount=512, EMIBType='interfaceB', EMIB_length=1.7067, EMIB_bump_width=1.0, EMIB_max_width=3.0, width=2.0, height=1.7067), (2, 3): EMIBNode(node1='C', node2='D', wireCount=256, EMIBType='interfaceB', EMIB_length=0.8533, EMIB_bump_width=1.0, EMIB_max_width=3.0, width=2.0, height=0.8533), (2, 10): EMIBNode(node1='C', node2='K', wireCount=256, EMIBType='interfaceB', EMIB_length=0.8533, EMIB_bump_width=1.0, EMIB_max_width=3.0, width=2.0, height=0.8533), (4, 6): EMIBNode(node1='E', node2='G', wireCount=256, EMIBType='interfaceB', EMIB_length=0.8533, EMIB_bump_width=1.0, EMIB_max_width=3.0, width=2.0, height=0.8533), (4, 8): EMIBNode(node1='E', node2='I', wireCount=512, EMIBType='interfaceB', EMIB_length=1.7067, EMIB_bump_width=1.0, EMIB_max_width=3.0, width=2.0, height=1.7067), (4, 10): EMIBNode(node1='E', node2='K', wireCount=256, EMIBType='interfaceB', EMIB_length=0.8533, EMIB_bump_width=1.0, EMIB_max_width=3.0, width=2.0, height=0.8533), (5, 7): EMIBNode(node1='F', node2='H', wireCount=512, EMIBType='interfaceB', EMIB_length=1.7067, EMIB_bump_width=1.0, EMIB_max_width=3.0, width=2.0, height=1.7067), (6, 7): EMIBNode(node1='G', node2='H', wireCount=256, EMIBType='interfaceB', EMIB_length=0.8533, EMIB_bump_width=1.0, EMIB_max_width=3.0, width=2.0, height=0.8533), (6, 10): EMIBNode(node1='G', node2='K', wireCount=256, EMIBType='interfaceB', EMIB_length=0.8533, EMIB_bump_width=1.0, EMIB_max_width=3.0, width=2.0, height=0.8533), (7, 10): EMIBNode(node1='H', node2='K', wireCount=256, EMIBType='interfaceB', EMIB_length=0.8533, EMIB_bump_width=1.0, EMIB_max_width=3.0, width=2.0, height=0.8533)}
[POWER_AWARE] Mutual Distancing: ENABLED
[POWER_AWARE] Central Avoidance: ENABLED
[POWER_AWARE] Power Aware Optimization: ENABLED
[POWER_AWARE] Selected high-power chiplets: 3 (density threshold: 2.305366591080877)
[POWER_AWARE] High-power chiplet indices: [1, 2, 3]
[POWER_AWARE] Mutual Distancing: Creating constraints for 3 high-power chiplets
[POWER_AWARE] Mutual Distancing: Added distance constraints for all high-power pairs
[POWER_AWARE] Central Avoidance: Creating away-from-center constraints for 3 high-power chiplets
[DEBUG] chiplet 1 in top 30% power density, add away-from-center constraint
[DEBUG] chiplet 2 in top 30% power density, add away-from-center constraint
[DEBUG] chiplet 3 in top 30% power density, add away-from-center constraint
[POWER_AWARE] Central Avoidance: Added away-from-center constraints for 3 high-power chiplets
[DEBUG] L_avg: 29.716298558198663
[DEBUG] total_area: 883.0584
[POWER_AWARE] Normalization factor calculation:
[POWER_AWARE]   - High-power chiplets: 3
[POWER_AWARE]   - Mutual Distancing enabled: True
[POWER_AWARE]   - Central Avoidance enabled: True
[POWER_AWARE]   - pair_sum (MD): 8.596000e+03
[POWER_AWARE]   - self_sum (CA): 8.729000e+03
[POWER_AWARE]   - total_sum (pair + self): 1.732500e+04
[POWER_AWARE]   - ref_power: 2.574174e+05
[DEBUG] ref_wirelength: 85582.93984761214
[DEBUG] ref_t: 59.432597116397325
[DEBUG] ref_power: 257417.43626039592
[DEBUG] ref_aspect: 174.86

================================================================================
[OBJECTIVE FUNCTION DETAILS]
================================================================================

[Normalization Reference Values]
  ref_wirelength: 8.558294e+04
  ref_t (area proxy): 5.943260e+01
  ref_power: 2.574174e+05
  ref_aspect: 1.748600e+02

[Beta Weights]
  beta_wire: 5.000000e+00
  beta_area: 6.000000e+00
  beta_aspect: 1.000000e-01
  beta_power: 1.900000e+00

[Objective Function Components]
  1. Wirelength term:
     norm_wirelength = wirelength / ref_wirelength
     contribution = beta_wire * norm_wirelength = 5.0 * norm_wirelength
  2. Area term:
     norm_t = t / ref_t
     contribution = beta_area * norm_t = 6.0 * norm_t
  3. Aspect Ratio term:
     norm_aspect = aspect_ratio_penalty / ref_aspect
     contribution = beta_aspect * norm_aspect = 0.1 * norm_aspect
  4. Power Awareness term:
     norm_power = power_aware_penalty / ref_power
     contribution = - beta_power * norm_power = - 1.9 * norm_power

[Objective Function Formula]
  minimize: 5.0 * wirelength/ref_wirelength
          + 6.0 * t/ref_t
          + 0.1 * aspect_ratio_penalty/ref_aspect
          - 1.9 * power_aware_penalty/ref_power
================================================================================


[EMIB] ILP Model construction completed. Analyzing model structure...
================================================================================
ILP MODEL ANALYSIS REPORT - Chiplet Placement ILP (Construction Complete)
Generated: 2026-06-21 16:25:57
================================================================================

[MODEL STRUCTURE]
  Constraints (rows):                      0
  Variables (columns):                     0
  Non-zero elements:                       0
  Objective coefficients:                  0

[VARIABLE TYPES]
  Continuous:                              0
  Integer:                                 0
  Binary:                                  0

[CONSTRAINT TYPES]

[COEFFICIENT STATISTICS]

[SOLVE STATISTICS]
  Status:                    Unknown(1)
  Solve time (s):                       0.00
  Solutions found:                         0
  Nodes explored:            (not available)
  Simplex iterations:        (not available)

[MEMORY USAGE]
  Initial memory:                     96.90 MB
  Peak memory:                         0.00 MB
  Final memory:                        0.00 MB
  Peak increase:                     -96.90 MB
  Final increase:                    -96.90 MB

================================================================================
Set parameter TimeLimit to value 300
2026-06-21 16:25:57 - INFO - Set parameter TimeLimit to value 300
Set parameter MIPGap to value 0
2026-06-21 16:25:57 - INFO - Set parameter MIPGap to value 0
Set parameter MIPFocus to value 3
2026-06-21 16:25:57 - INFO - Set parameter MIPFocus to value 3
Set parameter Heuristics to value 0.5
2026-06-21 16:25:57 - INFO - Set parameter Heuristics to value 0.5
Set parameter LogToConsole to value 1
2026-06-21 16:25:57 - INFO - Set parameter LogToConsole to value 1
Gurobi Optimizer version 13.0.1 build v13.0.1rc0 (linux64 - "Ubuntu 20.04.6 LTS")
2026-06-21 16:25:57 - INFO - Gurobi Optimizer version 13.0.1 build v13.0.1rc0 (linux64 - "Ubuntu 20.04.6 LTS")

2026-06-21 16:25:57 - INFO - 
CPU model: AMD Ryzen 9 9950X3D 16-Core Processor, instruction set [SSE2|AVX|AVX2|AVX512]
2026-06-21 16:25:57 - INFO - CPU model: AMD Ryzen 9 9950X3D 16-Core Processor, instruction set [SSE2|AVX|AVX2|AVX512]
Thread count: 14 physical cores, 28 logical processors, using up to 28 threads
2026-06-21 16:25:57 - INFO - Thread count: 14 physical cores, 28 logical processors, using up to 28 threads

2026-06-21 16:25:57 - INFO - 
Non-default parameters:
2026-06-21 16:25:57 - INFO - Non-default parameters:
TimeLimit  300
2026-06-21 16:25:57 - INFO - TimeLimit  300
MIPGap  0
2026-06-21 16:25:57 - INFO - MIPGap  0
Heuristics  0.5
2026-06-21 16:25:57 - INFO - Heuristics  0.5
MIPFocus  3
2026-06-21 16:25:57 - INFO - MIPFocus  3

2026-06-21 16:25:57 - INFO - 
Academic license 2756663 - for non-commercial use only - registered to hu___@sjtu.edu.cn
2026-06-21 16:25:57 - INFO - Academic license 2756663 - for non-commercial use only - registered to hu___@sjtu.edu.cn
Optimize a model with 1845 rows, 846 columns and 6315 nonzeros (Min)
2026-06-21 16:25:57 - INFO - Optimize a model with 1845 rows, 846 columns and 6315 nonzeros (Min)
Model fingerprint: 0x5177088e
2026-06-21 16:25:57 - INFO - Model fingerprint: 0x5177088e
Model has 4 linear objective coefficients
2026-06-21 16:25:57 - INFO - Model has 4 linear objective coefficients
Variable types: 326 continuous, 520 integer (520 binary)
2026-06-21 16:25:57 - INFO - Variable types: 326 continuous, 520 integer (520 binary)
Coefficient statistics:
2026-06-21 16:25:57 - INFO - Coefficient statistics:
  Matrix range     [3e-01, 4e+03]
2026-06-21 16:25:57 - INFO -   Matrix range     [3e-01, 4e+03]
  Objective range  [7e-06, 1e-01]
2026-06-21 16:25:57 - INFO -   Objective range  [7e-06, 1e-01]
  Bounds range     [9e-01, 2e+07]
2026-06-21 16:25:57 - INFO -   Bounds range     [9e-01, 2e+07]
  RHS range        [9e-01, 3e+02]
2026-06-21 16:25:57 - INFO -   RHS range        [9e-01, 3e+02]

2026-06-21 16:25:57 - INFO - 
Presolve removed 139 rows and 117 columns
2026-06-21 16:25:57 - INFO - Presolve removed 139 rows and 117 columns
Presolve time: 0.01s
2026-06-21 16:25:57 - INFO - Presolve time: 0.01s
Presolved: 1706 rows, 729 columns, 5960 nonzeros
2026-06-21 16:25:57 - INFO - Presolved: 1706 rows, 729 columns, 5960 nonzeros
Variable types: 235 continuous, 494 integer (494 binary)
2026-06-21 16:25:57 - INFO - Variable types: 235 continuous, 494 integer (494 binary)
Root relaxation presolve removed 266 rows and 76 columns
2026-06-21 16:25:57 - INFO - Root relaxation presolve removed 266 rows and 76 columns
Root relaxation presolved: 1440 rows, 675 columns, 5328 nonzeros
2026-06-21 16:25:57 - INFO - Root relaxation presolved: 1440 rows, 675 columns, 5328 nonzeros

2026-06-21 16:25:57 - INFO - 

2026-06-21 16:25:57 - INFO - 
Root relaxation: objective -2.900725e+01, 345 iterations, 0.00 seconds (0.01 work units)
2026-06-21 16:25:57 - INFO - Root relaxation: objective -2.900725e+01, 345 iterations, 0.00 seconds (0.01 work units)

2026-06-21 16:25:57 - INFO - 
    Nodes    |    Current Node    |     Objective Bounds      |     Work
2026-06-21 16:25:57 - INFO -     Nodes    |    Current Node    |     Objective Bounds      |     Work
 Expl Unexpl |  Obj  Depth IntInf | Incumbent    BestBd   Gap | It/Node Time
2026-06-21 16:25:57 - INFO -  Expl Unexpl |  Obj  Depth IntInf | Incumbent    BestBd   Gap | It/Node Time

2026-06-21 16:25:57 - INFO - 
     0     0  -29.00725    0  212          -  -29.00725      -     -    0s
2026-06-21 16:25:57 - INFO -      0     0  -29.00725    0  212          -  -29.00725      -     -    0s
     0     0  -26.95942    0  228          -  -26.95942      -     -    0s
2026-06-21 16:25:57 - INFO -      0     0  -26.95942    0  228          -  -26.95942      -     -    0s
     0     0  -26.95942    0  214          -  -26.95942      -     -    0s
2026-06-21 16:25:57 - INFO -      0     0  -26.95942    0  214          -  -26.95942      -     -    0s
     0     0  -22.89928    0  222          -  -22.89928      -     -    0s
2026-06-21 16:25:57 - INFO -      0     0  -22.89928    0  222          -  -22.89928      -     -    0s
     0     0  -22.89928    0  232          -  -22.89928      -     -    0s
2026-06-21 16:25:57 - INFO -      0     0  -22.89928    0  232          -  -22.89928      -     -    0s
     0     0  -22.89928    0  235          -  -22.89928      -     -    0s
2026-06-21 16:25:57 - INFO -      0     0  -22.89928    0  235          -  -22.89928      -     -    0s
     0     0  -22.89928    0  235          -  -22.89928      -     -    0s
2026-06-21 16:25:57 - INFO -      0     0  -22.89928    0  235          -  -22.89928      -     -    0s
     0     0  -20.59201    0  237          -  -20.59201      -     -    0s
2026-06-21 16:25:57 - INFO -      0     0  -20.59201    0  237          -  -20.59201      -     -    0s
     0     0  -20.59201    0  207          -  -20.59201      -     -    0s
2026-06-21 16:25:58 - INFO -      0     0  -20.59201    0  207          -  -20.59201      -     -    0s
     0     0  -11.43103    0  208          -  -11.43103      -     -    0s
2026-06-21 16:25:58 - INFO -      0     0  -11.43103    0  208          -  -11.43103      -     -    0s
     0     0  -11.31095    0  209          -  -11.31095      -     -    0s
2026-06-21 16:25:58 - INFO -      0     0  -11.31095    0  209          -  -11.31095      -     -    0s
     0     0  -11.31095    0  210          -  -11.31095      -     -    0s
2026-06-21 16:25:58 - INFO -      0     0  -11.31095    0  210          -  -11.31095      -     -    0s
     0     0  -11.31095    0  214          -  -11.31095      -     -    0s
2026-06-21 16:25:58 - INFO -      0     0  -11.31095    0  214          -  -11.31095      -     -    0s
     0     0  -11.31095    0  213          -  -11.31095      -     -    0s
2026-06-21 16:25:58 - INFO -      0     0  -11.31095    0  213          -  -11.31095      -     -    0s
     0     0  -11.31095    0  216          -  -11.31095      -     -    0s
2026-06-21 16:25:58 - INFO -      0     0  -11.31095    0  216          -  -11.31095      -     -    0s
     0     0  -11.17760    0  213          -  -11.17760      -     -    0s
2026-06-21 16:25:58 - INFO -      0     0  -11.17760    0  213          -  -11.17760      -     -    0s
     0     0  -10.48694    0  229          -  -10.48694      -     -    0s
2026-06-21 16:25:58 - INFO -      0     0  -10.48694    0  229          -  -10.48694      -     -    0s
     0     0  -10.48694    0  228          -  -10.48694      -     -    0s
2026-06-21 16:25:58 - INFO -      0     0  -10.48694    0  228          -  -10.48694      -     -    0s
     0     0  -10.48694    0  219          -  -10.48694      -     -    1s
2026-06-21 16:25:58 - INFO -      0     0  -10.48694    0  219          -  -10.48694      -     -    1s
     0     0  -10.48694    0  232          -  -10.48694      -     -    1s
2026-06-21 16:25:58 - INFO -      0     0  -10.48694    0  232          -  -10.48694      -     -    1s
     0     0  -10.48694    0  239          -  -10.48694      -     -    1s
2026-06-21 16:25:58 - INFO -      0     0  -10.48694    0  239          -  -10.48694      -     -    1s
     0     0  -10.48694    0  237          -  -10.48694      -     -    1s
2026-06-21 16:25:58 - INFO -      0     0  -10.48694    0  237          -  -10.48694      -     -    1s
     0     0  -10.48694    0  236          -  -10.48694      -     -    1s
2026-06-21 16:25:58 - INFO -      0     0  -10.48694    0  236          -  -10.48694      -     -    1s
     0     0  -10.48694    0  239          -  -10.48694      -     -    1s
2026-06-21 16:25:58 - INFO -      0     0  -10.48694    0  239          -  -10.48694      -     -    1s
     0     0  -10.45143    0  224          -  -10.45143      -     -    1s
2026-06-21 16:25:58 - INFO -      0     0  -10.45143    0  224          -  -10.45143      -     -    1s
     0     0  -10.45143    0  214          -  -10.45143      -     -    1s
2026-06-21 16:25:58 - INFO -      0     0  -10.45143    0  214          -  -10.45143      -     -    1s
     0     0  -10.45143    0  202          -  -10.45143      -     -    1s
2026-06-21 16:25:58 - INFO -      0     0  -10.45143    0  202          -  -10.45143      -     -    1s
     0     0   -9.17531    0  216          -   -9.17531      -     -    1s
2026-06-21 16:25:58 - INFO -      0     0   -9.17531    0  216          -   -9.17531      -     -    1s
     0     0   -9.17531    0  216          -   -9.17531      -     -    1s
2026-06-21 16:25:58 - INFO -      0     0   -9.17531    0  216          -   -9.17531      -     -    1s
     0     0   -9.16552    0  225          -   -9.16552      -     -    1s
2026-06-21 16:25:58 - INFO -      0     0   -9.16552    0  225          -   -9.16552      -     -    1s
     0     0   -9.16552    0  234          -   -9.16552      -     -    1s
2026-06-21 16:25:58 - INFO -      0     0   -9.16552    0  234          -   -9.16552      -     -    1s
     0     0   -9.15738    0  232          -   -9.15738      -     -    1s
2026-06-21 16:25:58 - INFO -      0     0   -9.15738    0  232          -   -9.15738      -     -    1s
     0     0   -8.77169    0  236          -   -8.77169      -     -    1s
2026-06-21 16:25:59 - INFO -      0     0   -8.77169    0  236          -   -8.77169      -     -    1s
     0     0   -8.77169    0  235          -   -8.77169      -     -    1s
2026-06-21 16:25:59 - INFO -      0     0   -8.77169    0  235          -   -8.77169      -     -    1s
     0     0   -8.77169    0  217          -   -8.77169      -     -    1s
2026-06-21 16:25:59 - INFO -      0     0   -8.77169    0  217          -   -8.77169      -     -    1s
     0     0   -7.53204    0  220          -   -7.53204      -     -    1s
2026-06-21 16:25:59 - INFO -      0     0   -7.53204    0  220          -   -7.53204      -     -    1s
     0     0   -7.46938    0  218          -   -7.46938      -     -    1s
2026-06-21 16:25:59 - INFO -      0     0   -7.46938    0  218          -   -7.46938      -     -    1s
     0     0   -7.35401    0  212          -   -7.35401      -     -    1s
2026-06-21 16:25:59 - INFO -      0     0   -7.35401    0  212          -   -7.35401      -     -    1s
     0     0   -6.72793    0  215          -   -6.72793      -     -    1s
2026-06-21 16:25:59 - INFO -      0     0   -6.72793    0  215          -   -6.72793      -     -    1s
     0     0   -6.72793    0  215          -   -6.72793      -     -    1s
2026-06-21 16:25:59 - INFO -      0     0   -6.72793    0  215          -   -6.72793      -     -    1s
     0     0   -6.72793    0  210          -   -6.72793      -     -    2s
2026-06-21 16:25:59 - INFO -      0     0   -6.72793    0  210          -   -6.72793      -     -    2s
     0     0   -5.16762    0  225          -   -5.16762      -     -    2s
2026-06-21 16:25:59 - INFO -      0     0   -5.16762    0  225          -   -5.16762      -     -    2s
     0     0   -5.15015    0  235          -   -5.15015      -     -    2s
2026-06-21 16:25:59 - INFO -      0     0   -5.15015    0  235          -   -5.15015      -     -    2s
     0     0   -5.05354    0  211          -   -5.05354      -     -    2s
2026-06-21 16:25:59 - INFO -      0     0   -5.05354    0  211          -   -5.05354      -     -    2s
     0     0   -5.05354    0  205          -   -5.05354      -     -    2s
2026-06-21 16:25:59 - INFO -      0     0   -5.05354    0  205          -   -5.05354      -     -    2s
     0     0   -5.05354    0  191          -   -5.05354      -     -    2s
2026-06-21 16:26:00 - INFO -      0     0   -5.05354    0  191          -   -5.05354      -     -    2s
     0     0   -4.78335    0  210          -   -4.78335      -     -    2s
2026-06-21 16:26:00 - INFO -      0     0   -4.78335    0  210          -   -4.78335      -     -    2s
     0     0   -4.76720    0  212          -   -4.76720      -     -    2s
2026-06-21 16:26:00 - INFO -      0     0   -4.76720    0  212          -   -4.76720      -     -    2s
     0     0   -4.75163    0  220          -   -4.75163      -     -    2s
2026-06-21 16:26:00 - INFO -      0     0   -4.75163    0  220          -   -4.75163      -     -    2s
     0     0   -4.66965    0  214          -   -4.66965      -     -    2s
2026-06-21 16:26:00 - INFO -      0     0   -4.66965    0  214          -   -4.66965      -     -    2s
     0     0   -4.66965    0  206          -   -4.66965      -     -    2s
2026-06-21 16:26:00 - INFO -      0     0   -4.66965    0  206          -   -4.66965      -     -    2s
     0     0   -4.66965    0  188          -   -4.66965      -     -    2s
2026-06-21 16:26:00 - INFO -      0     0   -4.66965    0  188          -   -4.66965      -     -    2s
     0     0   -4.29711    0  205          -   -4.29711      -     -    2s
2026-06-21 16:26:00 - INFO -      0     0   -4.29711    0  205          -   -4.29711      -     -    2s
     0     0   -4.29029    0  215          -   -4.29029      -     -    2s
2026-06-21 16:26:00 - INFO -      0     0   -4.29029    0  215          -   -4.29029      -     -    2s
     0     0   -4.27007    0  218          -   -4.27007      -     -    2s
2026-06-21 16:26:00 - INFO -      0     0   -4.27007    0  218          -   -4.27007      -     -    2s
     0     0   -4.23204    0  215          -   -4.23204      -     -    3s
2026-06-21 16:26:00 - INFO -      0     0   -4.23204    0  215          -   -4.23204      -     -    3s
     0     0   -4.23204    0  196          -   -4.23204      -     -    3s
2026-06-21 16:26:00 - INFO -      0     0   -4.23204    0  196          -   -4.23204      -     -    3s
     0     0   -4.23204    0  218          -   -4.23204      -     -    3s
2026-06-21 16:26:00 - INFO -      0     0   -4.23204    0  218          -   -4.23204      -     -    3s
     0     0   -4.23204    0  219          -   -4.23204      -     -    3s
2026-06-21 16:26:00 - INFO -      0     0   -4.23204    0  219          -   -4.23204      -     -    3s
     0     0   -4.23181    0  227          -   -4.23181      -     -    3s
2026-06-21 16:26:00 - INFO -      0     0   -4.23181    0  227          -   -4.23181      -     -    3s
     0     0   -4.23181    0  216          -   -4.23181      -     -    3s
2026-06-21 16:26:01 - INFO -      0     0   -4.23181    0  216          -   -4.23181      -     -    3s
     0     0   -4.22633    0  219          -   -4.22633      -     -    3s
2026-06-21 16:26:01 - INFO -      0     0   -4.22633    0  219          -   -4.22633      -     -    3s
     0     0   -4.20935    0  233          -   -4.20935      -     -    3s
2026-06-21 16:26:01 - INFO -      0     0   -4.20935    0  233          -   -4.20935      -     -    3s
     0     0   -4.20935    0  232          -   -4.20935      -     -    3s
2026-06-21 16:26:01 - INFO -      0     0   -4.20935    0  232          -   -4.20935      -     -    3s
     0     0   -4.20935    0  231          -   -4.20935      -     -    3s
2026-06-21 16:26:01 - INFO -      0     0   -4.20935    0  231          -   -4.20935      -     -    3s
     0     0   -4.00293    0  230          -   -4.00293      -     -    3s
2026-06-21 16:26:01 - INFO -      0     0   -4.00293    0  230          -   -4.00293      -     -    3s
     0     0   -4.00293    0  212          -   -4.00293      -     -    3s
2026-06-21 16:26:01 - INFO -      0     0   -4.00293    0  212          -   -4.00293      -     -    3s
H    0     0                      21.8681915   -4.00293   118%     -    5s
2026-06-21 16:26:02 - INFO - H    0     0                      21.8681915   -4.00293   118%     -    5s
     0     2   -4.00293    0  210   21.86819   -4.00293   118%     -    5s
2026-06-21 16:26:02 - INFO -      0     2   -4.00293    0  210   21.86819   -4.00293   118%     -    5s
H   47    58                      21.7944182   -1.32831   106%   685    6s
2026-06-21 16:26:03 - INFO - H   47    58                      21.7944182   -1.32831   106%   685    6s
H   94   100                      21.4828855   -0.10874   101%   741    6s
2026-06-21 16:26:04 - INFO - H   94   100                      21.4828855   -0.10874   101%   741    6s
H  127   142                      20.8375232    0.39849  98.1%   754    7s
2026-06-21 16:26:04 - INFO - H  127   142                      20.8375232    0.39849  98.1%   754    7s
H  128   142                      14.4222784    0.40480  97.2%   752    7s
2026-06-21 16:26:04 - INFO - H  128   142                      14.4222784    0.40480  97.2%   752    7s
H  142   156                      13.7305679    0.42926  96.9%   751    7s
2026-06-21 16:26:04 - INFO - H  142   156                      13.7305679    0.42926  96.9%   751    7s
H  155   208                      13.6202612    0.46142  96.6%   746    7s
2026-06-21 16:26:05 - INFO - H  155   208                      13.6202612    0.46142  96.6%   746    7s
H  159   208                      11.4546791    0.46186  96.0%   738    7s
2026-06-21 16:26:05 - INFO - H  159   208                      11.4546791    0.46186  96.0%   738    7s
H  161   208                      11.2447922    0.46240  95.9%   738    7s
2026-06-21 16:26:05 - INFO - H  161   208                      11.2447922    0.46240  95.9%   738    7s
H  170   208                      11.2320402    0.46276  95.9%   716    7s
2026-06-21 16:26:05 - INFO - H  170   208                      11.2320402    0.46276  95.9%   716    7s
H  226   236                      11.1456222    0.54481  95.1%   693    8s
2026-06-21 16:26:05 - INFO - H  226   236                      11.1456222    0.54481  95.1%   693    8s
H  227   236                       9.8810637    0.54948  94.4%   694    8s
2026-06-21 16:26:05 - INFO - H  227   236                       9.8810637    0.54948  94.4%   694    8s
H  239   250                       9.8684755    0.57179  94.2%   719    8s
2026-06-21 16:26:05 - INFO - H  239   250                       9.8684755    0.57179  94.2%   719    8s
H  254   265                       9.8291914    0.62306  93.7%   753    8s
2026-06-21 16:26:06 - INFO - H  254   265                       9.8291914    0.62306  93.7%   753    8s
H  257   265                       9.5508790    0.62888  93.4%   753    8s
2026-06-21 16:26:06 - INFO - H  257   265                       9.5508790    0.62888  93.4%   753    8s
   278   293    1.44869    7  295    9.55088    0.68861  92.8%   788   10s
2026-06-21 16:26:08 - INFO -    278   293    1.44869    7  295    9.55088    0.68861  92.8%   788   10s
H  280   293                       9.5115949    0.69954  92.6%   785   10s
2026-06-21 16:26:08 - INFO - H  280   293                       9.5115949    0.69954  92.6%   785   10s
H  292   314                       9.3874213    0.75814  91.9%   806   11s
2026-06-21 16:26:08 - INFO - H  292   314                       9.3874213    0.75814  91.9%   806   11s
H  299   314                       8.3664917    0.76986  90.8%   801   11s
2026-06-21 16:26:08 - INFO - H  299   314                       8.3664917    0.76986  90.8%   801   11s
H  301   314                       8.3161281    0.77215  90.7%   799   11s
2026-06-21 16:26:08 - INFO - H  301   314                       8.3161281    0.77215  90.7%   799   11s
H  335   339                       8.2493087    0.91997  88.8%   819   11s
2026-06-21 16:26:09 - INFO - H  335   339                       8.2493087    0.91997  88.8%   819   11s
H  356   352                       8.2492339    0.97382  88.2%   814   11s
2026-06-21 16:26:09 - INFO - H  356   352                       8.2492339    0.97382  88.2%   814   11s
H  374   369                       8.1978118    1.01204  87.7%   824   11s
2026-06-21 16:26:09 - INFO - H  374   369                       8.1978118    1.01204  87.7%   824   11s
H  388   397                       8.1727601    1.06160  87.0%   826   12s
2026-06-21 16:26:09 - INFO - H  388   397                       8.1727601    1.06160  87.0%   826   12s
   515   508    2.16429   10  273    8.17276    1.30739  84.0%   868   15s
2026-06-21 16:26:12 - INFO -    515   508    2.16429   10  273    8.17276    1.30739  84.0%   868   15s
H  524   508                       8.1709993    1.31598  83.9%   869   15s
2026-06-21 16:26:12 - INFO - H  524   508                       8.1709993    1.31598  83.9%   869   15s
H  616   607                       8.1709894    1.34489  83.5%   802   15s
2026-06-21 16:26:13 - INFO - H  616   607                       8.1709894    1.34489  83.5%   802   15s
H  644   629                       8.1643385    1.39048  83.0%   804   16s
2026-06-21 16:26:13 - INFO - H  644   629                       8.1643385    1.39048  83.0%   804   16s
H  668   721                       8.1521251    1.42093  82.6%   815   16s
2026-06-21 16:26:14 - INFO - H  668   721                       8.1521251    1.42093  82.6%   815   16s
H  730   721                       8.1492509    1.44927  82.2%   778   16s
2026-06-21 16:26:14 - INFO - H  730   721                       8.1492509    1.44927  82.2%   778   16s
  1446  1396    2.12201    9  258    8.14925    1.72604  78.8%   619   20s
2026-06-21 16:26:17 - INFO -   1446  1396    2.12201    9  258    8.14925    1.72604  78.8%   619   20s
  1623  1558    2.40889    9  277    8.14925    1.91056  76.6%   666   25s
2026-06-21 16:26:23 - INFO -   1623  1558    2.40889    9  277    8.14925    1.91056  76.6%   666   25s
  1815  1744    2.61177   10  286    8.14925    2.09344  74.3%   695   30s
2026-06-21 16:26:27 - INFO -   1815  1744    2.61177   10  286    8.14925    2.09344  74.3%   695   30s
  2024  1917    2.46753   11  212    8.14925    2.12794  73.9%   675   39s
2026-06-21 16:26:36 - INFO -   2024  1917    2.46753   11  212    8.14925    2.12794  73.9%   675   39s
  2031  1922    2.24742   10  229    8.14925    2.12794  73.9%   673   40s
2026-06-21 16:26:37 - INFO -   2031  1922    2.24742   10  229    8.14925    2.12794  73.9%   673   40s
  2043  1930    2.52152   11  243    8.14925    2.12794  73.9%   669   45s
2026-06-21 16:26:42 - INFO -   2043  1930    2.52152   11  243    8.14925    2.12794  73.9%   669   45s
  2341  2145    2.84398   19  282    8.14925    2.77109  66.0%   685   50s
2026-06-21 16:26:47 - INFO -   2341  2145    2.84398   19  282    8.14925    2.77109  66.0%   685   50s
H 2752  2263                       8.1492509    2.99598  63.2%   725   54s
2026-06-21 16:26:52 - INFO - H 2752  2263                       8.1492509    2.99598  63.2%   725   54s
  2756  2289    3.34116   19  335    8.14925    2.99767  63.2%   727   55s
2026-06-21 16:26:52 - INFO -   2756  2289    3.34116   19  335    8.14925    2.99767  63.2%   727   55s
H 2814  2199                       8.1492507    3.02657  62.9%   737   55s
2026-06-21 16:26:53 - INFO - H 2814  2199                       8.1492507    3.02657  62.9%   737   55s
  3052  2351    3.27714   21  322    8.14925    3.09983  62.0%   753   60s
2026-06-21 16:26:57 - INFO -   3052  2351    3.27714   21  322    8.14925    3.09983  62.0%   753   60s
  3472  2696    3.30292   21  301    8.14925    3.15859  61.2%   737   65s
2026-06-21 16:27:02 - INFO -   3472  2696    3.30292   21  301    8.14925    3.15859  61.2%   737   65s
  4156  3156    3.22523   20  320    8.14925    3.19358  60.8%   676   70s
2026-06-21 16:27:07 - INFO -   4156  3156    3.22523   20  320    8.14925    3.19358  60.8%   676   70s
  4734  3597    3.43877   21  329    8.14925    3.21704  60.5%   628   75s
2026-06-21 16:27:13 - INFO -   4734  3597    3.43877   21  329    8.14925    3.21704  60.5%   628   75s
  8110  6278    3.35402   21  314    8.14925    3.26096  60.0%   450   80s
2026-06-21 16:27:17 - INFO -   8110  6278    3.35402   21  314    8.14925    3.26096  60.0%   450   80s
 13574 10544    3.39370   20  301    8.14925    3.31713  59.3%   354   86s
2026-06-21 16:27:23 - INFO -  13574 10544    3.39370   20  301    8.14925    3.31713  59.3%   354   86s
 13940 10920    3.44849   24  302    8.14925    3.33600  59.1%   360   90s
2026-06-21 16:27:27 - INFO -  13940 10920    3.44849   24  302    8.14925    3.33600  59.1%   360   90s
 14548 11484    3.68705   22  282    8.14925    3.35326  58.9%   364   95s
2026-06-21 16:27:33 - INFO -  14548 11484    3.68705   22  282    8.14925    3.35326  58.9%   364   95s
 15148 12071    3.45414   24  269    8.14925    3.36794  58.7%   367  100s
2026-06-21 16:27:38 - INFO -  15148 12071    3.45414   24  269    8.14925    3.36794  58.7%   367  100s
 15627 12435    3.61085   22  316    8.14925    3.37409  58.6%   368  105s
2026-06-21 16:27:42 - INFO -  15627 12435    3.61085   22  316    8.14925    3.37409  58.6%   368  105s
 15744 12538    3.88278   23  294    8.14925    3.38055  58.5%   372  110s
2026-06-21 16:27:47 - INFO -  15744 12538    3.88278   23  294    8.14925    3.38055  58.5%   372  110s
 16819 14005    3.54544   18  326    8.14925    3.39018  58.4%   367  115s
2026-06-21 16:27:53 - INFO -  16819 14005    3.54544   18  326    8.14925    3.39018  58.4%   367  115s
 18885 16252    3.80823   21  326    8.14925    3.39976  58.3%   356  120s
2026-06-21 16:27:57 - INFO -  18885 16252    3.80823   21  326    8.14925    3.39976  58.3%   356  120s
 21997 19897    3.47091   25  318    8.14925    3.41486  58.1%   343  126s
2026-06-21 16:28:03 - INFO -  21997 19897    3.47091   25  318    8.14925    3.41486  58.1%   343  126s
 27534 26726    3.92911   20  297    8.14925    3.44815  57.7%   326  131s
2026-06-21 16:28:09 - INFO -  27534 26726    3.92911   20  297    8.14925    3.44815  57.7%   326  131s
 30954 26808    3.51743   24  294    8.14925    3.46984  57.4%   322  135s
2026-06-21 16:28:13 - INFO -  30954 26808    3.51743   24  294    8.14925    3.46984  57.4%   322  135s
 31013 26860    3.89975   27  220    8.14925    3.47286  57.4%   324  140s
2026-06-21 16:28:17 - INFO -  31013 26860    3.89975   27  220    8.14925    3.47286  57.4%   324  140s
 31133 26983    3.90024   25  247    8.14925    3.47982  57.3%   327  146s
2026-06-21 16:28:23 - INFO -  31133 26983    3.90024   25  247    8.14925    3.47982  57.3%   327  146s
 31245 27274    5.78172   22  209    8.14925    3.48450  57.2%   330  151s
2026-06-21 16:28:28 - INFO -  31245 27274    5.78172   22  209    8.14925    3.48450  57.2%   330  151s
 33918 30865    3.63158   26  297    8.14925    3.49402  57.1%   328  156s
2026-06-21 16:28:34 - INFO -  33918 30865    3.63158   26  297    8.14925    3.49402  57.1%   328  156s
 35553 31289    4.53678   26  233    8.14925    3.51032  56.9%   327  161s
2026-06-21 16:28:38 - INFO -  35553 31289    4.53678   26  233    8.14925    3.51032  56.9%   327  161s
 38852 36431    3.53424   23  281    8.14925    3.52001  56.8%   325  166s
2026-06-21 16:28:44 - INFO -  38852 36431    3.53424   23  281    8.14925    3.52001  56.8%   325  166s
 40965 36876    3.97994   27  269    8.14925    3.53569  56.6%   323  171s
2026-06-21 16:28:48 - INFO -  40965 36876    3.97994   27  269    8.14925    3.53569  56.6%   323  171s
 44147 39600    4.23489   28  278    8.14925    3.55436  56.4%   321  176s
2026-06-21 16:28:53 - INFO -  44147 39600    4.23489   28  278    8.14925    3.55436  56.4%   321  176s
 44354 40333    3.77994   25  250    8.14925    3.56022  56.3%   322  180s
2026-06-21 16:28:58 - INFO -  44354 40333    3.77994   25  250    8.14925    3.56022  56.3%   322  180s
 46199 43216    3.63758   24  291    8.14925    3.56354  56.3%   322  185s
2026-06-21 16:29:03 - INFO -  46199 43216    3.63758   24  291    8.14925    3.56354  56.3%   322  185s
 50488 45870    4.08391   25  263    8.14925    3.57750  56.1%   321  191s
2026-06-21 16:29:08 - INFO -  50488 45870    4.08391   25  263    8.14925    3.57750  56.1%   321  191s
 52857 51152    3.73321   24  306    8.14925    3.59749  55.9%   321  196s
2026-06-21 16:29:14 - INFO -  52857 51152    3.73321   24  306    8.14925    3.59749  55.9%   321  196s
 56176 56482    4.55242   24  165    8.14925    3.61607  55.6%   320  203s
2026-06-21 16:29:21 - INFO -  56176 56482    4.55242   24  165    8.14925    3.61607  55.6%   320  203s
 61700 56564    3.72232   23  302    8.14925    3.64758  55.2%   319  206s
2026-06-21 16:29:24 - INFO -  61700 56564    3.72232   23  302    8.14925    3.64758  55.2%   319  206s
 61854 57244    4.85869   26  229    8.14925    3.65344  55.2%   320  211s
2026-06-21 16:29:29 - INFO -  61854 57244    4.85869   26  229    8.14925    3.65344  55.2%   320  211s
 63598 58661    3.81172   24  294    8.14925    3.65753  55.1%   321  218s
2026-06-21 16:29:36 - INFO -  63598 58661    3.81172   24  294    8.14925    3.65753  55.1%   321  218s
 63983 58686    4.52582   27  165    8.14925    3.66187  55.1%   321  222s
2026-06-21 16:29:40 - INFO -  63983 58686    4.52582   27  165    8.14925    3.66187  55.1%   321  222s
 64014 58713    6.89708   30  168    8.14925    3.66681  55.0%   322  227s
2026-06-21 16:29:44 - INFO -  64014 58713    6.89708   30  168    8.14925    3.66681  55.0%   322  227s
 64043 60442    4.50238   22  243    8.14925    3.66939  55.0%   322  231s
2026-06-21 16:29:48 - INFO -  64043 60442    4.50238   22  243    8.14925    3.66939  55.0%   322  231s
 65818 60631    4.49424   21  274    8.14925    3.67110  55.0%   322  237s
2026-06-21 16:29:55 - INFO -  65818 60631    4.49424   21  274    8.14925    3.67110  55.0%   322  237s
 66015 61801    3.84371   25  259    8.14925    3.67414  54.9%   322  241s
2026-06-21 16:29:58 - INFO -  66015 61801    3.84371   25  259    8.14925    3.67414  54.9%   322  241s
 67223 65211    5.76276   26  245    8.14925    3.67753  54.9%   323  245s
2026-06-21 16:30:03 - INFO -  67223 65211    5.76276   26  245    8.14925    3.67753  54.9%   323  245s
 70794 69729    4.45712   24  269    8.14925    3.68268  54.8%   324  250s
2026-06-21 16:30:07 - INFO -  70794 69729    4.45712   24  269    8.14925    3.68268  54.8%   324  250s
 75786 72196    4.01911   24  261    8.14925    3.73631  54.2%   325  258s
2026-06-21 16:30:16 - INFO -  75786 72196    4.01911   24  261    8.14925    3.73631  54.2%   325  258s
 78071 75532    6.00014   25  198    8.14925    3.73910  54.1%   327  262s
2026-06-21 16:30:20 - INFO -  78071 75532    6.00014   25  198    8.14925    3.73910  54.1%   327  262s
 81529 76361    4.24278   27  239    8.14925    3.74353  54.1%   327  269s
2026-06-21 16:30:27 - INFO -  81529 76361    4.24278   27  239    8.14925    3.74353  54.1%   327  269s
 82389 76462 infeasible   24         8.14925    3.77715  53.7%   328  274s
2026-06-21 16:30:32 - INFO -  82389 76462 infeasible   24         8.14925    3.77715  53.7%   328  274s
 82506 76611    4.68070   25  256    8.14925    3.78078  53.6%   328  279s
2026-06-21 16:30:37 - INFO -  82506 76611    4.68070   25  256    8.14925    3.78078  53.6%   328  279s
 82661 78308 infeasible   26         8.14925    3.78247  53.6%   329  284s
2026-06-21 16:30:41 - INFO -  82661 78308 infeasible   26         8.14925    3.78247  53.6%   329  284s
 84433 83701    4.38025   23  235    8.14925    3.78430  53.6%   329  290s
2026-06-21 16:30:47 - INFO -  84433 83701    4.38025   23  235    8.14925    3.78430  53.6%   329  290s
 90360 85810    4.54710   25  262    8.14925    3.82282  53.1%   331  299s
2026-06-21 16:30:57 - INFO -  90360 85810    4.54710   25  262    8.14925    3.82282  53.1%   331  299s
 92283 85825  postponed   26         8.14925    3.83220  53.0%   332  300s
2026-06-21 16:30:57 - INFO -  92283 85825  postponed   26         8.14925    3.83220  53.0%   332  300s

2026-06-21 16:30:57 - INFO - 
Cutting planes:
2026-06-21 16:30:57 - INFO - Cutting planes:
  Learned: 225
2026-06-21 16:30:57 - INFO -   Learned: 225
  Gomory: 476
2026-06-21 16:30:57 - INFO -   Gomory: 476
  Lift-and-project: 511
2026-06-21 16:30:57 - INFO -   Lift-and-project: 511
  Cover: 99
2026-06-21 16:30:57 - INFO -   Cover: 99
  Implied bound: 30
2026-06-21 16:30:57 - INFO -   Implied bound: 30
  MIR: 1180
2026-06-21 16:30:57 - INFO -   MIR: 1180
  Mixing: 17
2026-06-21 16:30:57 - INFO -   Mixing: 17
  StrongCG: 3
2026-06-21 16:30:57 - INFO -   StrongCG: 3
  Flow cover: 3064
2026-06-21 16:30:57 - INFO -   Flow cover: 3064
  GUB cover: 2
2026-06-21 16:30:57 - INFO -   GUB cover: 2
  Inf proof: 167
2026-06-21 16:30:57 - INFO -   Inf proof: 167
  Zero half: 69
2026-06-21 16:30:57 - INFO -   Zero half: 69
  RLT: 31
2026-06-21 16:30:57 - INFO -   RLT: 31
  Relax-and-lift: 173
2026-06-21 16:30:57 - INFO -   Relax-and-lift: 173
  PSD: 4
2026-06-21 16:30:57 - INFO -   PSD: 4

2026-06-21 16:30:57 - INFO - 
Explored 92298 nodes (30660298 simplex iterations) in 300.01 seconds (578.87 work units)
2026-06-21 16:30:57 - INFO - Explored 92298 nodes (30660298 simplex iterations) in 300.01 seconds (578.87 work units)
Thread count was 28 (of 28 available processors)
2026-06-21 16:30:57 - INFO - Thread count was 28 (of 28 available processors)

2026-06-21 16:30:57 - INFO - 
Solution count 10: 8.14925 8.14925 8.14925 ... 8.24931
2026-06-21 16:30:57 - INFO - Solution count 10: 8.14925 8.14925 8.14925 ... 8.24931

2026-06-21 16:30:57 - INFO - 
Time limit reached
2026-06-21 16:30:57 - INFO - Time limit reached
Warning: max constraint violation (5.4002e-06) exceeds tolerance
2026-06-21 16:30:57 - INFO - Warning: max constraint violation (5.4002e-06) exceeds tolerance
Best objective 8.149250698435e+00, best bound 3.832200646930e+00, gap 52.9748%
2026-06-21 16:30:57 - INFO - Best objective 8.149250698435e+00, best bound 3.832200646930e+00, gap 52.9748%
[EMIB] Solve done: MIPGap=0.0, status=Feasible, Obj=8.149251, time=300.02s, SolCount=10


================================================================================
ILP MODEL ANALYSIS REPORT - Chiplet Placement ILP (Gap=0.0)
Generated: 2026-06-21 16:30:57
================================================================================

[MODEL STRUCTURE]
  Constraints (rows):                   1845
  Variables (columns):                   846
  Non-zero elements:                    6315
  Objective coefficients:                  4

[VARIABLE TYPES]
  Continuous:                            326
  Integer:                                 0
  Binary:                                520

[CONSTRAINT TYPES]
  <= constraints:                             1040
  == constraints:                              242
  >= constraints:                              563

[COEFFICIENT STATISTICS]
  Matrix range:              [2.93e-01, 3.72e+03]
  Objective range:           [7.38e-06, 1.01e-01]
  Bounds range:              [-2.58e+02, 2.32e+07]

[SOLVE STATISTICS]
  Status:                    Time Limit
  Objective value:                  8.149251
  Best bound:                       3.832201
  MIP gap:                          52.9748%
  Solve time (s):                     300.02
  Solutions found:                        10
  Nodes explored:                    92298.0
  Simplex iterations:             30660298.0

[MEMORY USAGE]
  Initial memory:                     97.70 MB
  Peak memory:                      1589.65 MB
  Final memory:                     1589.65 MB
  Peak increase:                    1491.95 MB
  Final increase:                   1491.95 MB

================================================================================

================================================================================
[OBJECTIVE FUNCTION BREAKDOWN - SOLUTION VALUES]
================================================================================

[Actual Variable Values]
  wirelength: 1.001359e+05
  bbox_area_proxy_t: 6.076000e+01
  aspect_ratio_penalty: 6.790000e+00
  power_aware_penalty: 5.201007e+05

[Normalized Values]
  norm_wirelength = 1.001359e+05 / 8.558294e+04 = 1.170045e+00
  norm_t = 6.076000e+01 / 5.943260e+01 = 1.022335e+00
  norm_aspect = 6.790000e+00 / 1.748600e+02 = 3.883106e-02
  norm_power = 5.201007e+05 / 2.574174e+05 = 2.020457e+00

[Weighted Contributions]
  1. Wirelength: 5.000000e+00 * 1.170045e+00 = 5.850227e+00
  2. Area: 6.000000e+00 * 1.022335e+00 = 6.134008e+00
  3. Aspect Ratio: 1.000000e-01 * 3.883106e-02 = 3.883106e-03
  4. Power Awareness: -1.900000e+00 * 2.020457e+00 = -3.838867e+00

[Total Objective Value]
  5.850227e+00 + 6.134008e+00 + 3.883106e-03 - 3.838867e+00
  = 8.149251e+00
================================================================================

[EMIB] Solve succeeded (Feasible)
[EMIB] placement JSON saved: /root/placement/MPDAP/output_gurobi_EMIB_chiplet_5_6_01_19/placement/hp11_m.json
[EMIB] Layout figure saved: /root/placement/MPDAP/output_gurobi_EMIB_chiplet_5_6_01_19/fig/hp11_m_core/solution_1_layout_gurobi.png
2026-06-21 16:31:00 - INFO - 
EMIB returned 1 solution(s) (max 1).
  ✓ EMIB: 1 solution(s)

================================================================================
Batch test done (Gurobi)
  Total time: 302.67 s
================================================================================
File summary:
  Success: 1/1
  Failed: 0/1
Solution count:
  Found: 1/1

Details:
  ✓ hp11_m.json -> hp11_m_core: 1 solution(s)
    Log dir: /root/placement/MPDAP/output_gurobi_EMIB_chiplet_5_6_01_19/log/hp11_m_core
    LP dir: /root/placement/MPDAP/output_gurobi_EMIB_chiplet_5_6_01_19/lp/hp11_m_core
    Fig dir: /root/placement/MPDAP/output_gurobi_EMIB_chiplet_5_6_01_19/fig/hp11_m_core
    Placement: /root/placement/MPDAP/output_gurobi_EMIB_chiplet_5_6_01_19/placement/hp11_m.json
================================================================================

